<?xml version="1.0" encoding="UTF-8"?>
<testsuite xmlns:xsi="http://www.w3.org/2001/XMLSchema-instance" xsi:noNamespaceSchemaLocation="https://maven.apache.org/surefire/maven-surefire-plugin/xsd/surefire-test-report-3.0.xsd" version="3.0" name="templateTests.TestAllTemplates" time="46.943" tests="2" errors="0" skipped="0" failures="1">
  <properties>
    <property name="java.specification.version" value="13"/>
    <property name="sun.jnu.encoding" value="UTF-8"/>
    <property name="java.class.path" value="/home/runner/work/nl-inspire-eu-test/nl-inspire-eu-test/target/test-classes:/home/runner/work/nl-inspire-eu-test/nl-inspire-eu-test/target/classes:/home/runner/.m2/repository/com/intuit/karate/karate-apache/0.9.5/karate-apache-0.9.5.jar:/home/runner/.m2/repository/com/intuit/karate/karate-core/0.9.5/karate-core-0.9.5.jar:/home/runner/.m2/repository/com/jayway/jsonpath/json-path/2.4.0/json-path-2.4.0.jar:/home/runner/.m2/repository/net/minidev/json-smart/2.3/json-smart-2.3.jar:/home/runner/.m2/repository/net/minidev/accessors-smart/1.2/accessors-smart-1.2.jar:/home/runner/.m2/repository/info/cukes/cucumber-java/1.2.5/cucumber-java-1.2.5.jar:/home/runner/.m2/repository/info/cukes/cucumber-core/1.2.5/cucumber-core-1.2.5.jar:/home/runner/.m2/repository/org/yaml/snakeyaml/1.24/snakeyaml-1.24.jar:/home/runner/.m2/repository/de/siegmar/fastcsv/1.0.3/fastcsv-1.0.3.jar:/home/runner/.m2/repository/info/picocli/picocli/4.0.3/picocli-4.0.3.jar:/home/runner/.m2/repository/org/apache/httpcomponents/httpclient/4.5.11/httpclient-4.5.11.jar:/home/runner/.m2/repository/org/apache/httpcomponents/httpcore/4.4.13/httpcore-4.4.13.jar:/home/runner/.m2/repository/commons-codec/commons-codec/1.11/commons-codec-1.11.jar:/home/runner/.m2/repository/org/apache/httpcomponents/httpmime/4.5.11/httpmime-4.5.11.jar:/home/runner/.m2/repository/org/slf4j/jcl-over-slf4j/1.7.25/jcl-over-slf4j-1.7.25.jar:/home/runner/.m2/repository/org/slf4j/slf4j-api/1.7.25/slf4j-api-1.7.25.jar:/home/runner/.m2/repository/ch/qos/logback/logback-classic/1.2.3/logback-classic-1.2.3.jar:/home/runner/.m2/repository/ch/qos/logback/logback-core/1.2.3/logback-core-1.2.3.jar:/home/runner/.m2/repository/com/intuit/karate/karate-junit5/0.9.5/karate-junit5-0.9.5.jar:/home/runner/.m2/repository/org/junit/jupiter/junit-jupiter-api/5.6.2/junit-jupiter-api-5.6.2.jar:/home/runner/.m2/repository/org/apiguardian/apiguardian-api/1.1.0/apiguardian-api-1.1.0.jar:/home/runner/.m2/repository/org/opentest4j/opentest4j/1.2.0/opentest4j-1.2.0.jar:/home/runner/.m2/repository/org/junit/platform/junit-platform-commons/1.6.2/junit-platform-commons-1.6.2.jar:/home/runner/.m2/repository/org/junit/jupiter/junit-jupiter-engine/5.6.2/junit-jupiter-engine-5.6.2.jar:/home/runner/.m2/repository/org/junit/platform/junit-platform-engine/1.6.2/junit-platform-engine-1.6.2.jar:/home/runner/.m2/repository/net/masterthought/cucumber-reporting/3.13.0/cucumber-reporting-3.13.0.jar:/home/runner/.m2/repository/org/apache/logging/log4j/log4j-api/2.8.2/log4j-api-2.8.2.jar:/home/runner/.m2/repository/org/apache/logging/log4j/log4j-core/2.8.2/log4j-core-2.8.2.jar:/home/runner/.m2/repository/com/fasterxml/jackson/core/jackson-databind/2.8.6/jackson-databind-2.8.6.jar:/home/runner/.m2/repository/com/fasterxml/jackson/core/jackson-annotations/2.8.0/jackson-annotations-2.8.0.jar:/home/runner/.m2/repository/com/fasterxml/jackson/core/jackson-core/2.8.6/jackson-core-2.8.6.jar:/home/runner/.m2/repository/org/apache/velocity/velocity/1.7/velocity-1.7.jar:/home/runner/.m2/repository/commons-collections/commons-collections/3.2.1/commons-collections-3.2.1.jar:/home/runner/.m2/repository/commons-lang/commons-lang/2.4/commons-lang-2.4.jar:/home/runner/.m2/repository/velocity-tools/velocity-tools/1.4/velocity-tools-1.4.jar:/home/runner/.m2/repository/joda-time/joda-time/2.9.9/joda-time-2.9.9.jar:/home/runner/.m2/repository/org/apache/commons/commons-lang3/3.6/commons-lang3-3.6.jar:/home/runner/.m2/repository/commons-io/commons-io/2.5/commons-io-2.5.jar:/home/runner/.m2/repository/net/lingala/zip4j/zip4j/1.3.2/zip4j-1.3.2.jar:/home/runner/.m2/repository/org/codehaus/plexus/plexus-utils/3.0.24/plexus-utils-3.0.24.jar:/home/runner/.m2/repository/org/jsoup/jsoup/1.10.3/jsoup-1.10.3.jar:/home/runner/.m2/repository/com/googlecode/owasp-java-html-sanitizer/owasp-java-html-sanitizer/20170515.1/owasp-java-html-sanitizer-20170515.1.jar:/home/runner/.m2/repository/com/google/guava/guava/20.0/guava-20.0.jar:/home/runner/.m2/repository/commons-configuration/commons-configuration/1.6/commons-configuration-1.6.jar:/home/runner/.m2/repository/commons-logging/commons-logging/1.1.1/commons-logging-1.1.1.jar:/home/runner/.m2/repository/commons-digester/commons-digester/1.8/commons-digester-1.8.jar:/home/runner/.m2/repository/commons-beanutils/commons-beanutils-core/1.8.0/commons-beanutils-core-1.8.0.jar:/home/runner/.m2/repository/org/apache/maven/plugins/maven-surefire-plugin/3.0.0-M4/maven-surefire-plugin-3.0.0-M4.jar:/home/runner/.m2/repository/org/apache/maven/surefire/maven-surefire-common/3.0.0-M4/maven-surefire-common-3.0.0-M4.jar:/home/runner/.m2/repository/org/apache/maven/surefire/surefire-api/3.0.0-M4/surefire-api-3.0.0-M4.jar:/home/runner/.m2/repository/org/apache/maven/surefire/surefire-logger-api/3.0.0-M4/surefire-logger-api-3.0.0-M4.jar:/home/runner/.m2/repository/org/apache/maven/surefire/surefire-extensions-api/3.0.0-M4/surefire-extensions-api-3.0.0-M4.jar:/home/runner/.m2/repository/org/apache/maven/surefire/surefire-booter/3.0.0-M4/surefire-booter-3.0.0-M4.jar:/home/runner/.m2/repository/org/apache/maven/maven-toolchain/3.0-alpha-2/maven-toolchain-3.0-alpha-2.jar:/home/runner/.m2/repository/org/apache/maven/shared/maven-artifact-transfer/0.11.0/maven-artifact-transfer-0.11.0.jar:/home/runner/.m2/repository/org/apache/maven/shared/maven-common-artifact-filters/3.0.1/maven-common-artifact-filters-3.0.1.jar:/home/runner/.m2/repository/org/apache/maven/maven-model/3.0/maven-model-3.0.jar:/home/runner/.m2/repository/org/apache/maven/maven-plugin-api/3.0/maven-plugin-api-3.0.jar:/home/runner/.m2/repository/org/sonatype/sisu/sisu-inject-plexus/1.4.2/sisu-inject-plexus-1.4.2.jar:/home/runner/.m2/repository/org/codehaus/plexus/plexus-classworlds/2.2.3/plexus-classworlds-2.2.3.jar:/home/runner/.m2/repository/org/sonatype/sisu/sisu-inject-bean/1.4.2/sisu-inject-bean-1.4.2.jar:/home/runner/.m2/repository/org/sonatype/sisu/sisu-guice/2.1.7/sisu-guice-2.1.7-noaop.jar:/home/runner/.m2/repository/org/apache/maven/shared/maven-shared-utils/3.1.0/maven-shared-utils-3.1.0.jar:/home/runner/.m2/repository/org/codehaus/plexus/plexus-java/1.0.3/plexus-java-1.0.3.jar:/home/runner/.m2/repository/org/ow2/asm/asm/7.0/asm-7.0.jar:/home/runner/.m2/repository/com/thoughtworks/qdox/qdox/2.0-M9/qdox-2.0-M9.jar:/home/runner/.m2/repository/org/junit/jupiter/junit-jupiter/5.6.2/junit-jupiter-5.6.2.jar:/home/runner/.m2/repository/org/junit/jupiter/junit-jupiter-params/5.6.2/junit-jupiter-params-5.6.2.jar:/home/runner/.m2/repository/jlsinspiremetadata/metadata/1.2/metadata-1.2.jar:/home/runner/.m2/repository/com/opencsv/opencsv/5.2/opencsv-5.2.jar:/home/runner/.m2/repository/org/apache/commons/commons-text/1.8/commons-text-1.8.jar:/home/runner/.m2/repository/commons-beanutils/commons-beanutils/1.9.4/commons-beanutils-1.9.4.jar:/home/runner/.m2/repository/org/apache/commons/commons-collections4/4.4/commons-collections4-4.4.jar:/home/runner/.m2/repository/net/sf/flexjson/flexjson/3.3/flexjson-3.3.jar:"/>
    <property name="java.vm.vendor" value="Azul Systems, Inc."/>
    <property name="sun.arch.data.model" value="64"/>
    <property name="java.vendor.url" value="http://www.azulsystems.com/"/>
    <property name="user.timezone" value="Etc/UTC"/>
    <property name="os.name" value="Linux"/>
    <property name="java.vm.specification.version" value="13"/>
    <property name="sun.java.launcher" value="SUN_STANDARD"/>
    <property name="sun.boot.library.path" value="/opt/hostedtoolcache/jdk/13.0.5/x64/lib"/>
    <property name="sun.java.command" value="/home/runner/work/nl-inspire-eu-test/nl-inspire-eu-test/target/surefire/surefirebooter4952749216268713317.jar /home/runner/work/nl-inspire-eu-test/nl-inspire-eu-test/target/surefire 2020-10-26T15-21-19_881-jvmRun1 surefire18345132352855643996tmp surefire_02437629803710298873tmp"/>
    <property name="jdk.debug" value="release"/>
    <property name="surefire.test.class.path" value="/home/runner/work/nl-inspire-eu-test/nl-inspire-eu-test/target/test-classes:/home/runner/work/nl-inspire-eu-test/nl-inspire-eu-test/target/classes:/home/runner/.m2/repository/com/intuit/karate/karate-apache/0.9.5/karate-apache-0.9.5.jar:/home/runner/.m2/repository/com/intuit/karate/karate-core/0.9.5/karate-core-0.9.5.jar:/home/runner/.m2/repository/com/jayway/jsonpath/json-path/2.4.0/json-path-2.4.0.jar:/home/runner/.m2/repository/net/minidev/json-smart/2.3/json-smart-2.3.jar:/home/runner/.m2/repository/net/minidev/accessors-smart/1.2/accessors-smart-1.2.jar:/home/runner/.m2/repository/info/cukes/cucumber-java/1.2.5/cucumber-java-1.2.5.jar:/home/runner/.m2/repository/info/cukes/cucumber-core/1.2.5/cucumber-core-1.2.5.jar:/home/runner/.m2/repository/org/yaml/snakeyaml/1.24/snakeyaml-1.24.jar:/home/runner/.m2/repository/de/siegmar/fastcsv/1.0.3/fastcsv-1.0.3.jar:/home/runner/.m2/repository/info/picocli/picocli/4.0.3/picocli-4.0.3.jar:/home/runner/.m2/repository/org/apache/httpcomponents/httpclient/4.5.11/httpclient-4.5.11.jar:/home/runner/.m2/repository/org/apache/httpcomponents/httpcore/4.4.13/httpcore-4.4.13.jar:/home/runner/.m2/repository/commons-codec/commons-codec/1.11/commons-codec-1.11.jar:/home/runner/.m2/repository/org/apache/httpcomponents/httpmime/4.5.11/httpmime-4.5.11.jar:/home/runner/.m2/repository/org/slf4j/jcl-over-slf4j/1.7.25/jcl-over-slf4j-1.7.25.jar:/home/runner/.m2/repository/org/slf4j/slf4j-api/1.7.25/slf4j-api-1.7.25.jar:/home/runner/.m2/repository/ch/qos/logback/logback-classic/1.2.3/logback-classic-1.2.3.jar:/home/runner/.m2/repository/ch/qos/logback/logback-core/1.2.3/logback-core-1.2.3.jar:/home/runner/.m2/repository/com/intuit/karate/karate-junit5/0.9.5/karate-junit5-0.9.5.jar:/home/runner/.m2/repository/org/junit/jupiter/junit-jupiter-api/5.6.2/junit-jupiter-api-5.6.2.jar:/home/runner/.m2/repository/org/apiguardian/apiguardian-api/1.1.0/apiguardian-api-1.1.0.jar:/home/runner/.m2/repository/org/opentest4j/opentest4j/1.2.0/opentest4j-1.2.0.jar:/home/runner/.m2/repository/org/junit/platform/junit-platform-commons/1.6.2/junit-platform-commons-1.6.2.jar:/home/runner/.m2/repository/org/junit/jupiter/junit-jupiter-engine/5.6.2/junit-jupiter-engine-5.6.2.jar:/home/runner/.m2/repository/org/junit/platform/junit-platform-engine/1.6.2/junit-platform-engine-1.6.2.jar:/home/runner/.m2/repository/net/masterthought/cucumber-reporting/3.13.0/cucumber-reporting-3.13.0.jar:/home/runner/.m2/repository/org/apache/logging/log4j/log4j-api/2.8.2/log4j-api-2.8.2.jar:/home/runner/.m2/repository/org/apache/logging/log4j/log4j-core/2.8.2/log4j-core-2.8.2.jar:/home/runner/.m2/repository/com/fasterxml/jackson/core/jackson-databind/2.8.6/jackson-databind-2.8.6.jar:/home/runner/.m2/repository/com/fasterxml/jackson/core/jackson-annotations/2.8.0/jackson-annotations-2.8.0.jar:/home/runner/.m2/repository/com/fasterxml/jackson/core/jackson-core/2.8.6/jackson-core-2.8.6.jar:/home/runner/.m2/repository/org/apache/velocity/velocity/1.7/velocity-1.7.jar:/home/runner/.m2/repository/commons-collections/commons-collections/3.2.1/commons-collections-3.2.1.jar:/home/runner/.m2/repository/commons-lang/commons-lang/2.4/commons-lang-2.4.jar:/home/runner/.m2/repository/velocity-tools/velocity-tools/1.4/velocity-tools-1.4.jar:/home/runner/.m2/repository/joda-time/joda-time/2.9.9/joda-time-2.9.9.jar:/home/runner/.m2/repository/org/apache/commons/commons-lang3/3.6/commons-lang3-3.6.jar:/home/runner/.m2/repository/commons-io/commons-io/2.5/commons-io-2.5.jar:/home/runner/.m2/repository/net/lingala/zip4j/zip4j/1.3.2/zip4j-1.3.2.jar:/home/runner/.m2/repository/org/codehaus/plexus/plexus-utils/3.0.24/plexus-utils-3.0.24.jar:/home/runner/.m2/repository/org/jsoup/jsoup/1.10.3/jsoup-1.10.3.jar:/home/runner/.m2/repository/com/googlecode/owasp-java-html-sanitizer/owasp-java-html-sanitizer/20170515.1/owasp-java-html-sanitizer-20170515.1.jar:/home/runner/.m2/repository/com/google/guava/guava/20.0/guava-20.0.jar:/home/runner/.m2/repository/commons-configuration/commons-configuration/1.6/commons-configuration-1.6.jar:/home/runner/.m2/repository/commons-logging/commons-logging/1.1.1/commons-logging-1.1.1.jar:/home/runner/.m2/repository/commons-digester/commons-digester/1.8/commons-digester-1.8.jar:/home/runner/.m2/repository/commons-beanutils/commons-beanutils-core/1.8.0/commons-beanutils-core-1.8.0.jar:/home/runner/.m2/repository/org/apache/maven/plugins/maven-surefire-plugin/3.0.0-M4/maven-surefire-plugin-3.0.0-M4.jar:/home/runner/.m2/repository/org/apache/maven/surefire/maven-surefire-common/3.0.0-M4/maven-surefire-common-3.0.0-M4.jar:/home/runner/.m2/repository/org/apache/maven/surefire/surefire-api/3.0.0-M4/surefire-api-3.0.0-M4.jar:/home/runner/.m2/repository/org/apache/maven/surefire/surefire-logger-api/3.0.0-M4/surefire-logger-api-3.0.0-M4.jar:/home/runner/.m2/repository/org/apache/maven/surefire/surefire-extensions-api/3.0.0-M4/surefire-extensions-api-3.0.0-M4.jar:/home/runner/.m2/repository/org/apache/maven/surefire/surefire-booter/3.0.0-M4/surefire-booter-3.0.0-M4.jar:/home/runner/.m2/repository/org/apache/maven/maven-toolchain/3.0-alpha-2/maven-toolchain-3.0-alpha-2.jar:/home/runner/.m2/repository/org/apache/maven/shared/maven-artifact-transfer/0.11.0/maven-artifact-transfer-0.11.0.jar:/home/runner/.m2/repository/org/apache/maven/shared/maven-common-artifact-filters/3.0.1/maven-common-artifact-filters-3.0.1.jar:/home/runner/.m2/repository/org/apache/maven/maven-model/3.0/maven-model-3.0.jar:/home/runner/.m2/repository/org/apache/maven/maven-plugin-api/3.0/maven-plugin-api-3.0.jar:/home/runner/.m2/repository/org/sonatype/sisu/sisu-inject-plexus/1.4.2/sisu-inject-plexus-1.4.2.jar:/home/runner/.m2/repository/org/codehaus/plexus/plexus-classworlds/2.2.3/plexus-classworlds-2.2.3.jar:/home/runner/.m2/repository/org/sonatype/sisu/sisu-inject-bean/1.4.2/sisu-inject-bean-1.4.2.jar:/home/runner/.m2/repository/org/sonatype/sisu/sisu-guice/2.1.7/sisu-guice-2.1.7-noaop.jar:/home/runner/.m2/repository/org/apache/maven/shared/maven-shared-utils/3.1.0/maven-shared-utils-3.1.0.jar:/home/runner/.m2/repository/org/codehaus/plexus/plexus-java/1.0.3/plexus-java-1.0.3.jar:/home/runner/.m2/repository/org/ow2/asm/asm/7.0/asm-7.0.jar:/home/runner/.m2/repository/com/thoughtworks/qdox/qdox/2.0-M9/qdox-2.0-M9.jar:/home/runner/.m2/repository/org/junit/jupiter/junit-jupiter/5.6.2/junit-jupiter-5.6.2.jar:/home/runner/.m2/repository/org/junit/jupiter/junit-jupiter-params/5.6.2/junit-jupiter-params-5.6.2.jar:/home/runner/.m2/repository/jlsinspiremetadata/metadata/1.2/metadata-1.2.jar:/home/runner/.m2/repository/com/opencsv/opencsv/5.2/opencsv-5.2.jar:/home/runner/.m2/repository/org/apache/commons/commons-text/1.8/commons-text-1.8.jar:/home/runner/.m2/repository/commons-beanutils/commons-beanutils/1.9.4/commons-beanutils-1.9.4.jar:/home/runner/.m2/repository/org/apache/commons/commons-collections4/4.4/commons-collections4-4.4.jar:/home/runner/.m2/repository/net/sf/flexjson/flexjson/3.3/flexjson-3.3.jar:"/>
    <property name="sun.cpu.endian" value="little"/>
    <property name="user.home" value="/home/runner"/>
    <property name="user.language" value="en"/>
    <property name="java.specification.vendor" value="Oracle Corporation"/>
    <property name="java.version.date" value="2020-10-20"/>
    <property name="java.home" value="/opt/hostedtoolcache/jdk/13.0.5/x64"/>
    <property name="file.separator" value="/"/>
    <property name="basedir" value="/home/runner/work/nl-inspire-eu-test/nl-inspire-eu-test"/>
    <property name="java.vm.compressedOopsMode" value="32-bit"/>
    <property name="line.separator" value="&#10;"/>
    <property name="java.vm.specification.vendor" value="Oracle Corporation"/>
    <property name="jdk.vendor.version" value="Zulu13.35+17-CA"/>
    <property name="java.specification.name" value="Java Platform API Specification"/>
    <property name="surefire.real.class.path" value="/home/runner/work/nl-inspire-eu-test/nl-inspire-eu-test/target/surefire/surefirebooter4952749216268713317.jar"/>
    <property name="sun.management.compiler" value="HotSpot 64-Bit Tiered Compilers"/>
    <property name="java.runtime.version" value="13.0.5+3-MTS"/>
    <property name="user.name" value="runner"/>
    <property name="path.separator" value=":"/>
    <property name="os.version" value="5.4.0-1031-azure"/>
    <property name="java.runtime.name" value="OpenJDK Runtime Environment"/>
    <property name="file.encoding" value="UTF-8"/>
    <property name="java.vm.name" value="OpenJDK 64-Bit Server VM"/>
    <property name="java.vendor.version" value="Zulu13.35+17-CA"/>
    <property name="localRepository" value="/home/runner/.m2/repository"/>
    <property name="java.vendor.url.bug" value="http://www.azulsystems.com/support/"/>
    <property name="java.io.tmpdir" value="/tmp"/>
    <property name="java.version" value="13.0.5"/>
    <property name="user.dir" value="/home/runner/work/nl-inspire-eu-test/nl-inspire-eu-test"/>
    <property name="os.arch" value="amd64"/>
    <property name="java.vm.specification.name" value="Java Virtual Machine Specification"/>
    <property name="java.library.path" value="/usr/java/packages/lib:/usr/lib64:/lib64:/lib:/usr/lib"/>
    <property name="java.vm.info" value="mixed mode, sharing"/>
    <property name="java.vendor" value="Azul Systems, Inc."/>
    <property name="java.vm.version" value="13.0.5+3-MTS"/>
    <property name="sun.io.unicode.encoding" value="UnicodeLittle"/>
    <property name="java.class.version" value="57.0"/>
  </properties>
  <testcase name="testTemplateParallel" classname="templateTests.TestAllTemplates" time="3.475"/>
  <testcase name="Createtests" classname="templateTests.TestAllTemplates" time="40.258">
    <failure type="org.opentest4j.AssertionFailedError"><![CDATA[org.opentest4j.AssertionFailedError: 
failed features:
tmp.junit17863174098671850733.Rijksinstituut-voor-Volksgezondheid-en-Milieu.Zones-en-agglomeraties--Richtlijn-Luchtkwaliteit--2013.download.Zones-en-agglomeraties--Richtlijn-Luchtkwaliteit--2013--WFS-.checkdownloadurl: checkdownloadurl.feature:16 - path: $['Content-Length'][0], actual: null, expected: '#notnull', reason: actual json-path does not exist
tmp.junit17863174098671850733.Rijksinstituut-voor-Volksgezondheid-en-Milieu.Zones-en-agglomeraties--Richtlijn-Luchtkwaliteit--2013.view.Zones-en-agglomeraties--Richtlijn-Luchtkwaliteit--2013--WMS-.checkViewUrl: checkViewUrl.feature:16 - path: $['Content-Length'][0], actual: null, expected: '#notnull', reason: actual json-path does not exist
tmp.junit17863174098671850733.Rijksinstituut-voor-Volksgezondheid-en-Milieu.Afgevoerde-hoeveelheid-afval-in-2015-vanuit-de-industrie.download.Afgevoerde-hoeveelheid-afval-in-2015-vanuit-de-industrie--WFS-.checkdownloadurl: checkdownloadurl.feature:16 - path: $['Content-Length'][0], actual: null, expected: '#notnull', reason: actual json-path does not exist
tmp.junit17863174098671850733.Rijksinstituut-voor-Volksgezondheid-en-Milieu.Afgevoerde-hoeveelheid-afval-in-2015-vanuit-de-industrie.view.Afgevoerde-hoeveelheid-afval-in-2015-vanuit-de-industrie--WMS-.checkViewUrl: checkViewUrl.feature:16 - path: $['Content-Length'][0], actual: null, expected: '#notnull', reason: actual json-path does not exist
tmp.junit17863174098671850733.Rijksinstituut-voor-Volksgezondheid-en-Milieu.Kwaliteit-van-drinkwater-in-Nederland--2012-.download.Kwaliteit-van-drinkwater-in-Nederland--2012---WFS-.checkdownloadurl: checkdownloadurl.feature:16 - path: $['Content-Length'][0], actual: null, expected: '#notnull', reason: actual json-path does not exist
tmp.junit17863174098671850733.Rijksinstituut-voor-Volksgezondheid-en-Milieu.Kwaliteit-van-drinkwater-in-Nederland--2012-.view.Kwaliteit-van-drinkwater-in-Nederland--2012---WMS-.checkViewUrl: checkViewUrl.feature:16 - path: $['Content-Length'][0], actual: null, expected: '#notnull', reason: actual json-path does not exist
tmp.junit17863174098671850733.Rijksinstituut-voor-Volksgezondheid-en-Milieu.Natuurlijke-alfa-activiteitsconcentratie-in-lucht-Nationaal-Meetnet-Radioactiviteit-2011.download.Natuurlijke-alfa-activiteitsconcentratie-in-lucht-Nationaal-Meetnet-Radioactiviteit-2011--WFS-.checkdownloadurl: checkdownloadurl.feature:16 - path: $['Content-Length'][0], actual: null, expected: '#notnull', reason: actual json-path does not exist
tmp.junit17863174098671850733.Rijksinstituut-voor-Volksgezondheid-en-Milieu.Natuurlijke-alfa-activiteitsconcentratie-in-lucht-Nationaal-Meetnet-Radioactiviteit-2011.view.Natuurlijke-alfa-activiteitsconcentratie-in-lucht-Nationaal-Meetnet-Radioactiviteit-2011--WMS-.checkViewUrl: checkViewUrl.feature:16 - path: $['Content-Length'][0], actual: null, expected: '#notnull', reason: actual json-path does not exist
tmp.junit17863174098671850733.Rijksinstituut-voor-Volksgezondheid-en-Milieu.LCP-emissies--Richtlijn-Industri-le-emissies--2016.download.LCP-emissies--Richtlijn-Industri-le-emissies--2016--WFS-.checkdownloadurl: checkdownloadurl.feature:16 - path: $['Content-Length'][0], actual: null, expected: '#notnull', reason: actual json-path does not exist
tmp.junit17863174098671850733.Rijksinstituut-voor-Volksgezondheid-en-Milieu.LCP-emissies--Richtlijn-Industri-le-emissies--2016.view.LCP-emissies--Richtlijn-Industri-le-emissies--2016--WMS-.checkViewUrl: checkViewUrl.feature:16 - path: $['Content-Length'][0], actual: null, expected: '#notnull', reason: actual json-path does not exist
tmp.junit17863174098671850733.Rijksinstituut-voor-Volksgezondheid-en-Milieu.Monitoring-stations--Nitraatrichtlijn--ondiepe-filters.download.Monitoring-stations--Nitraatrichtlijn--ondiepe-filters--WFS-.checkdownloadurl: checkdownloadurl.feature:16 - path: $['Content-Length'][0], actual: null, expected: '#notnull', reason: actual json-path does not exist
tmp.junit17863174098671850733.Rijksinstituut-voor-Volksgezondheid-en-Milieu.Monitoring-stations--Nitraatrichtlijn--ondiepe-filters.view.Monitoring-stations--Nitraatrichtlijn--ondiepe-filters--WMS-.checkViewUrl: checkViewUrl.feature:16 - path: $['Content-Length'][0], actual: null, expected: '#notnull', reason: actual json-path does not exist
tmp.junit17863174098671850733.Rijksinstituut-voor-Volksgezondheid-en-Milieu.Gemeten-Stikstofmonoxide-concentraties-in-buitenlucht-.download.Meetwaarden-van-Luchtkwaliteitsstations-in-Nederland-.checkdownloadurl: checkdownloadurl.feature:15 - status code was: 400, expected: 200, response time: 275, url: https://inspire.rivm.nl/sos/eaq/service?service=AQD&version=1.0.0&request=GetCapabilities, response: 
tmp.junit17863174098671850733.Rijksinstituut-voor-Volksgezondheid-en-Milieu.Emissies-naar-het-riool-in-2011-vanuit-de-industrie.download.Emissies-naar-het-riool-in-2011-vanuit-de-industrie--WFS-.checkdownloadurl: checkdownloadurl.feature:16 - path: $['Content-Length'][0], actual: null, expected: '#notnull', reason: actual json-path does not exist
tmp.junit17863174098671850733.Rijksinstituut-voor-Volksgezondheid-en-Milieu.Emissies-naar-het-riool-in-2011-vanuit-de-industrie.view.Emissies-naar-het-riool-in-2011-vanuit-de-industrie--WMS-.checkViewUrl: checkViewUrl.feature:16 - path: $['Content-Length'][0], actual: null, expected: '#notnull', reason: actual json-path does not exist
tmp.junit17863174098671850733.Rijksinstituut-voor-Volksgezondheid-en-Milieu.Gemeten-Ozon-concentraties-in-buitenlucht-.download.Meetwaarden-van-Luchtkwaliteitsstations-in-Nederland-.checkdownloadurl: checkdownloadurl.feature:15 - status code was: 400, expected: 200, response time: 276, url: https://inspire.rivm.nl/sos/eaq/service?service=AQD&version=1.0.0&request=GetCapabilities, response: 
tmp.junit17863174098671850733.Rijksinstituut-voor-Volksgezondheid-en-Milieu.Gemeten-Stikstofdioxide-concentraties-in-buitenlucht-.download.Meetwaarden-van-Luchtkwaliteitsstations-in-Nederland-.checkdownloadurl: checkdownloadurl.feature:15 - status code was: 400, expected: 200, response time: 287, url: https://inspire.rivm.nl/sos/eaq/service?service=AQD&version=1.0.0&request=GetCapabilities, response: 
tmp.junit17863174098671850733.Rijksinstituut-voor-Volksgezondheid-en-Milieu.Afgevoerde-hoeveelheid-afval-in-2011-vanuit-de-industrie.download.Afgevoerde-hoeveelheid-afval-in-2011-vanuit-de-industrie--WFS-.checkdownloadurl: checkdownloadurl.feature:16 - path: $['Content-Length'][0], actual: null, expected: '#notnull', reason: actual json-path does not exist
tmp.junit17863174098671850733.Rijksinstituut-voor-Volksgezondheid-en-Milieu.Afgevoerde-hoeveelheid-afval-in-2011-vanuit-de-industrie.view.Afgevoerde-hoeveelheid-afval-in-2011-vanuit-de-industrie--WMS-.checkViewUrl: checkViewUrl.feature:16 - path: $['Content-Length'][0], actual: null, expected: '#notnull', reason: actual json-path does not exist
tmp.junit17863174098671850733.Rijksinstituut-voor-Volksgezondheid-en-Milieu.Emissies-naar-lucht-en-water-in-2015-vanuit-de-industrie.download.Emissies-naar-lucht-en-water-in-2015-vanuit-de-industrie--WFS-.checkdownloadurl: checkdownloadurl.feature:16 - path: $['Content-Length'][0], actual: null, expected: '#notnull', reason: actual json-path does not exist
tmp.junit17863174098671850733.Rijksinstituut-voor-Volksgezondheid-en-Milieu.Emissies-naar-lucht-en-water-in-2015-vanuit-de-industrie.view.Emissies-naar-lucht-en-water-in-2015-vanuit-de-industrie--WMS-.checkViewUrl: checkViewUrl.feature:16 - path: $['Content-Length'][0], actual: null, expected: '#notnull', reason: actual json-path does not exist
tmp.junit17863174098671850733.Rijksinstituut-voor-Volksgezondheid-en-Milieu.Gemeten-Zwaveldioxide-concentraties-in-buitenlucht-.download.Meetwaarden-van-Luchtkwaliteitsstations-in-Nederland-.checkdownloadurl: checkdownloadurl.feature:15 - status code was: 400, expected: 200, response time: 278, url: https://inspire.rivm.nl/sos/eaq/service?service=AQD&version=1.0.0&request=GetCapabilities, response: 
tmp.junit17863174098671850733.Rijksinstituut-voor-Volksgezondheid-en-Milieu.Emissies-naar-lucht-en-water-in-2011-vanuit-de-industrie.download.Emissies-naar-lucht-en-water-in-2011-vanuit-de-industrie--WFS-.checkdownloadurl: checkdownloadurl.feature:16 - path: $['Content-Length'][0], actual: null, expected: '#notnull', reason: actual json-path does not exist
tmp.junit17863174098671850733.Rijksinstituut-voor-Volksgezondheid-en-Milieu.Emissies-naar-lucht-en-water-in-2011-vanuit-de-industrie.view.Emissies-naar-lucht-en-water-in-2011-vanuit-de-industrie--WMS-.checkViewUrl: checkViewUrl.feature:16 - path: $['Content-Length'][0], actual: null, expected: '#notnull', reason: actual json-path does not exist
tmp.junit17863174098671850733.Rijksinstituut-voor-Volksgezondheid-en-Milieu.Emissies-naar-het-riool-in-2015-vanuit-de-industrie.download.Emissies-naar-het-riool-in-2015-vanuit-de-industrie--WFS-.checkdownloadurl: checkdownloadurl.feature:16 - path: $['Content-Length'][0], actual: null, expected: '#notnull', reason: actual json-path does not exist
tmp.junit17863174098671850733.Rijksinstituut-voor-Volksgezondheid-en-Milieu.Emissies-naar-het-riool-in-2015-vanuit-de-industrie.view.Emissies-naar-het-riool-in-2015-vanuit-de-industrie--WMS-.checkViewUrl: checkViewUrl.feature:16 - path: $['Content-Length'][0], actual: null, expected: '#notnull', reason: actual json-path does not exist
tmp.junit17863174098671850733.Rijksinstituut-voor-Volksgezondheid-en-Milieu.Gemeten-Koolstofmonoxide-concentraties-in-buitenlucht-.download.Meetwaarden-van-Luchtkwaliteitsstations-in-Nederland-.checkdownloadurl: checkdownloadurl.feature:15 - status code was: 400, expected: 200, response time: 271, url: https://inspire.rivm.nl/sos/eaq/service?service=AQD&version=1.0.0&request=GetCapabilities, response: 
tmp.junit17863174098671850733.Rijksinstituut-voor-Volksgezondheid-en-Milieu.Monitoring-stations--Nitraatrichtlijn--diepe-filters.download.Monitoring-stations--Nitraatrichtlijn--diepe-filters--WFS-.checkdownloadurl: checkdownloadurl.feature:16 - path: $['Content-Length'][0], actual: null, expected: '#notnull', reason: actual json-path does not exist
tmp.junit17863174098671850733.Rijksinstituut-voor-Volksgezondheid-en-Milieu.Monitoring-stations--Nitraatrichtlijn--diepe-filters.view.Monitoring-stations--Nitraatrichtlijn--diepe-filters--WMS-.checkViewUrl: checkViewUrl.feature:16 - path: $['Content-Length'][0], actual: null, expected: '#notnull', reason: actual json-path does not exist
tmp.junit17863174098671850733.Rijksinstituut-voor-Volksgezondheid-en-Milieu.Gemeten-Ammoniak-concentraties-in-buitenlucht-.download.Meetwaarden-van-Luchtkwaliteitsstations-in-Nederland-.checkdownloadurl: checkdownloadurl.feature:15 - status code was: 400, expected: 200, response time: 273, url: https://inspire.rivm.nl/sos/eaq/service?service=AQD&version=1.0.0&request=GetCapabilities, response: 
tmp.junit17863174098671850733.Rijksinstituut-voor-Volksgezondheid-en-Milieu.Ziekenhuizen-in-Nederland--september-2013-.download.Ziekenhuizen-in-Nederland--september-2013---WFS-.checkdownloadurl: checkdownloadurl.feature:16 - path: $['Content-Length'][0], actual: null, expected: '#notnull', reason: actual json-path does not exist
tmp.junit17863174098671850733.Rijksinstituut-voor-Volksgezondheid-en-Milieu.Ziekenhuizen-in-Nederland--september-2013-.view.Ziekenhuizen-in-Nederland--september-2013---WMS-.checkViewUrl: checkViewUrl.feature:16 - path: $['Content-Length'][0], actual: null, expected: '#notnull', reason: actual json-path does not exist
tmp.junit17863174098671850733.Rijksinstituut-voor-Volksgezondheid-en-Milieu.Omgevingsdosisequivalenttempo-Nationaal-Meetnet-Radioactiviteit-2011.download.Omgevingsdosisequivalenttempo-Nationaal-Meetnet-Radioactiviteit-2011--WFS-.checkdownloadurl: checkdownloadurl.feature:16 - path: $['Content-Length'][0], actual: null, expected: '#notnull', reason: actual json-path does not exist
tmp.junit17863174098671850733.Rijksinstituut-voor-Volksgezondheid-en-Milieu.Omgevingsdosisequivalenttempo-Nationaal-Meetnet-Radioactiviteit-2011.view.Omgevingsdosisequivalenttempo-Nationaal-Meetnet-Radioactiviteit-2011--WMS-.checkViewUrl: checkViewUrl.feature:16 - path: $['Content-Length'][0], actual: null, expected: '#notnull', reason: actual json-path does not exist
tmp.junit17863174098671850733.Rijksinstituut-voor-Volksgezondheid-en-Milieu.Gemeten-Fijn-stof-concentraties-in-buitenlucht-.download.Meetwaarden-van-Luchtkwaliteitsstations-in-Nederland-.checkdownloadurl: checkdownloadurl.feature:15 - status code was: 400, expected: 200, response time: 274, url: https://inspire.rivm.nl/sos/eaq/service?service=AQD&version=1.0.0&request=GetCapabilities, response: 
tmp.junit17863174098671850733.Rijksinstituut-voor-Volksgezondheid-en-Milieu.Gemeten-fijnere-fractie-van-Fijn-stof-concentraties-in-buitenlucht-.download.Meetwaarden-van-Luchtkwaliteitsstations-in-Nederland-.checkdownloadurl: checkdownloadurl.feature:15 - status code was: 400, expected: 200, response time: 276, url: https://inspire.rivm.nl/sos/eaq/service?service=AQD&version=1.0.0&request=GetCapabilities, response: 
tmp.junit17863174098671850733.Rijksinstituut-voor-Volksgezondheid-en-Milieu.Jaarcijfers-Landelijk-Meetnet-Luchtkwaliteit-2012.download.Jaarcijfers-Landelijk-Meetnet-Luchtkwaliteit-2012--WFS-.checkdownloadurl: checkdownloadurl.feature:16 - path: $['Content-Length'][0], actual: null, expected: '#notnull', reason: actual json-path does not exist
tmp.junit17863174098671850733.Rijksinstituut-voor-Volksgezondheid-en-Milieu.Jaarcijfers-Landelijk-Meetnet-Luchtkwaliteit-2012.view.Jaarcijfers-Landelijk-Meetnet-Luchtkwaliteit-2012--WMS-.checkViewUrl: checkViewUrl.feature:16 - path: $['Content-Length'][0], actual: null, expected: '#notnull', reason: actual json-path does not exist
tmp.junit17863174098671850733.Ministerie-van-Defensie--Koninklijke-Marine--Dienst-der-Hydrografie.Maritieme-grenzen---Noordzee.download.Maritieme-grenzen---Noordzee---ATOM.checkdownloadurl: checkdownloadurl.feature:17 - path: $['Content-Type'][0], actual: 'application/gml+xml', expected: 'text/xml', reason: not equal
tmp.junit17863174098671850733.Ministerie-van-Defensie--Koninklijke-Marine--Dienst-der-Hydrografie.Maritieme-grenzen---Noordzee.download.Maritieme-grenzen---Noordzee---Downloadservice.checkdownloadurl: checkdownloadurl.feature:16 - path: $['Content-Length'][0], actual: null, expected: '#notnull', reason: actual json-path does not exist
tmp.junit17863174098671850733.Ministerie-van-Defensie--Koninklijke-Marine--Dienst-der-Hydrografie.Maritieme-grenzen---Noordzee.view.Maritieme-grenzen---Noordzee---Viewservice.checkViewUrl: checkViewUrl.feature:16 - path: $['Content-Length'][0], actual: null, expected: '#notnull', reason: actual json-path does not exist
tmp.junit17863174098671850733.Ministerie-van-Defensie--Koninklijke-Marine--Dienst-der-Hydrografie.Territoriale-Zee-volgens-UNCLOS---Noordzee.download.Territoriale-Zee-volgens-UNCLOS---Noordzee---ATOM.checkdownloadurl: checkdownloadurl.feature:17 - path: $['Content-Type'][0], actual: 'application/atom+xml', expected: 'text/xml', reason: not equal
tmp.junit17863174098671850733.Ministerie-van-Defensie--Koninklijke-Marine--Dienst-der-Hydrografie.Aansluitende-zone-volgens-UNCLOS---Noordzee.download.Aansluitende-Zone-volgens-UNCLOS---Noordzee---ATOM.checkdownloadurl: checkdownloadurl.feature:17 - path: $['Content-Type'][0], actual: 'application/atom+xml', expected: 'text/xml', reason: not equal
tmp.junit17863174098671850733.Ministerie-van-Defensie--Koninklijke-Marine--Dienst-der-Hydrografie.Aansluitende-zone-volgens-UNCLOS---Noordzee.view.Aansluitende-Zone-volgens-UNCLOS---Noordzee---Viewservice.checkViewUrl: checkViewUrl.feature:16 - path: $['Content-Length'][0], actual: null, expected: '#notnull', reason: actual json-path does not exist
tmp.junit17863174098671850733.Ministerie-van-Defensie--Koninklijke-Marine--Dienst-der-Hydrografie.Geografische-Namen--Nat----Nederland.view.Geografische-Namen--Nat----Nederland---Viewservice.checkViewUrl: checkViewUrl.feature:16 - path: $['Content-Length'][0], actual: null, expected: '#notnull', reason: actual json-path does not exist
tmp.junit17863174098671850733.Ministerie-van-Defensie--Koninklijke-Marine--Dienst-der-Hydrografie.Amplitude-van-het-getij-op-de-Noordzee.view.Amplitude-van-het-getij-op-de-Noordzee-Viewservice.checkViewUrl: checkViewUrl.feature:15 - status code was: 503, expected: 200, response time: 315, url: https://inspire.caris.nl/server/services/ows/view/map/amplitude-getij_IVS?request=GetCapabilities&service=WMS&version=1.3.0, response: 
tmp.junit17863174098671850733.Ministerie-van-Defensie--Koninklijke-Marine--Dienst-der-Hydrografie.Amplitude-van-het-getij-op-de-Noordzee.view.Amplitude-van-het-getij-op-de-Noordzee-Downloadservice.checkViewUrl: checkViewUrl.feature:15 - status code was: 503, expected: 200, response time: 309, url: https://inspire.caris.nl/server/services/ows/download/feature/amplitude-getij_IDS?request=GetCapabilities&service=WFS&version=2.0.0, response: 
tmp.junit17863174098671850733.Ministerie-van-Defensie--Koninklijke-Marine--Dienst-der-Hydrografie.Maritieme-grenzen---basislijn-Noordzee.download.Maritieme-grenzen---Basislijn-Noordzee---ATOM.checkdownloadurl: checkdownloadurl.feature:17 - path: $['Content-Type'][0], actual: 'application/atom+xml', expected: 'text/xml', reason: not equal
tmp.junit17863174098671850733.Ministerie-van-Defensie--Koninklijke-Marine--Dienst-der-Hydrografie.Maritieme-grenzen---basislijn-Noordzee.view.Maritieme-grenzen---basislijn-Noordzee---Viewservice.checkViewUrl: checkViewUrl.feature:16 - path: $['Content-Length'][0], actual: null, expected: '#notnull', reason: actual json-path does not exist
tmp.junit17863174098671850733.Ministerie-van-Defensie--Koninklijke-Marine--Dienst-der-Hydrografie.Blokindeling-van-het-Nederlands-Continentaal-Plat-volgens-de-Mijnbouwwet-en-Grensgebied-volgens-de-Aanvullende-Overeenkomst-bij-het-Eems-Dollardverdrag.download.Blokindeling-van-het-Nederlands-Continentaal-Plat-Downloadservice-volgens-de-Mijnbouwwet-en-Grensgebied-volgens-de-Aanvullende-Overeenkomst-bij-het-Eems-Dollardverdrag.checkdownloadurl: checkdownloadurl.feature:16 - path: $['Content-Length'][0], actual: null, expected: '#notnull', reason: actual json-path does not exist
tmp.junit17863174098671850733.Ministerie-van-Defensie--Koninklijke-Marine--Dienst-der-Hydrografie.Blokindeling-van-het-Nederlands-Continentaal-Plat-volgens-de-Mijnbouwwet-en-Grensgebied-volgens-de-Aanvullende-Overeenkomst-bij-het-Eems-Dollardverdrag.view.Blokindeling-van-het-Nederlands-Continentaal-Plat-Viewservice-volgens-de-Mijnbouwwet-en-Grensgebied-volgens-de-Aanvullende-Overeenkomst-bij-het-Eems-Dollardverdrag.checkViewUrl: checkViewUrl.feature:16 - path: $['Content-Length'][0], actual: null, expected: '#notnull', reason: actual json-path does not exist
tmp.junit17863174098671850733.Ministerie-van-Defensie--Koninklijke-Marine--Dienst-der-Hydrografie.Nederlands-deel-PSSA-Waddenzee.download.Nederlands-deel-PSSA-Waddenzee-Downloadservice.checkdownloadurl: checkdownloadurl.feature:16 - path: $['Content-Length'][0], actual: null, expected: '#notnull', reason: actual json-path does not exist
tmp.junit17863174098671850733.Ministerie-van-Defensie--Koninklijke-Marine--Dienst-der-Hydrografie.Nederlands-deel-PSSA-Waddenzee.view.Nederlands-deel-PSSA-Waddenzee-Viewservice.checkViewUrl: checkViewUrl.feature:16 - path: $['Content-Length'][0], actual: null, expected: '#notnull', reason: actual json-path does not exist
tmp.junit17863174098671850733.Ministerie-van-Defensie--Koninklijke-Marine--Dienst-der-Hydrografie.Eemsmonding-volgens-het-Eems-Dollardverdrag.download.Eemsmonding-volgens-het-Eems-Dollardverdrag-Downloadservice.checkdownloadurl: checkdownloadurl.feature:16 - path: $['Content-Length'][0], actual: null, expected: '#notnull', reason: actual json-path does not exist
tmp.junit17863174098671850733.Ministerie-van-Defensie--Koninklijke-Marine--Dienst-der-Hydrografie.Eemsmonding-volgens-het-Eems-Dollardverdrag.view.Eemsmonding-volgens-het-Eems-Dollardverdrag-Viewservice.checkViewUrl: checkViewUrl.feature:16 - path: $['Content-Length'][0], actual: null, expected: '#notnull', reason: actual json-path does not exist
tmp.junit17863174098671850733.Ministerie-van-Defensie--Koninklijke-Marine--Dienst-der-Hydrografie.Bathymetrie-Nederlands-deel-van-de-Noordzee-dieper-dan-10-m-LAT.download.Bathymetrie-Nederlands-deel-van-de-Noordzee-dieper-dan-10-m-LAT--Downloadservice.checkdownloadurl: checkdownloadurl.feature:16 - path: $['Content-Length'][0], actual: null, expected: '#notnull', reason: actual json-path does not exist
tmp.junit17863174098671850733.Ministerie-van-Defensie--Koninklijke-Marine--Dienst-der-Hydrografie.Zones-volgens-EU-Gemeenschappelijk-Visserijbeleid-tot-3M-en-6M.download.Zones-volgens-EU-Gemeenschappelijk-Visserijbeleid-tot-3M-en-6M---Downloadservice.checkdownloadurl: checkdownloadurl.feature:16 - path: $['Content-Length'][0], actual: null, expected: '#notnull', reason: actual json-path does not exist
tmp.junit17863174098671850733.Ministerie-van-Defensie--Koninklijke-Marine--Dienst-der-Hydrografie.Zones-volgens-EU-Gemeenschappelijk-Visserijbeleid-tot-3M-en-6M.view.Zones-volgens-EU-Gemeenschappelijk-Visserijbeleid-tot-3M-en-6M---Viewservice.checkViewUrl: checkViewUrl.feature:16 - path: $['Content-Length'][0], actual: null, expected: '#notnull', reason: actual json-path does not exist
tmp.junit17863174098671850733.Ministerie-van-Defensie--Koninklijke-Marine--Dienst-der-Hydrografie.EEZ-volgens-UNCLOS---Noordzee.download.EEZ-volgens-UNCLOS---Noordzee---ATOM.checkdownloadurl: checkdownloadurl.feature:17 - path: $['Content-Type'][0], actual: 'application/atom+xml', expected: 'text/xml', reason: not equal
tmp.junit17863174098671850733.Ministerie-van-Defensie--Koninklijke-Marine--Dienst-der-Hydrografie.EEZ-volgens-UNCLOS---Noordzee.view.EEZ-volgens-UNCLOS---Noordzee---Viewservice.checkViewUrl: checkViewUrl.feature:16 - path: $['Content-Length'][0], actual: null, expected: '#notnull', reason: actual json-path does not exist
tmp.junit17863174098671850733.Beheer-PDOK.Richtlijn-Stedelijk-Afvalwater---rioolwaterzuiveringsinstallaties-Nederland-EU2015.download.Richtlijn-Stedelijk-Afvalwater-EU2015-WFS.checkdownloadurl: checkdownloadurl.feature:17 - path: $['Content-Type'][0], actual: 'text/html; charset=UTF-8', expected: 'text/xml', reason: not equal
tmp.junit17863174098671850733.Beheer-PDOK.Richtlijn-Stedelijk-Afvalwater---rioolwaterzuiveringsinstallaties-Nederland-EU2015.download.Richtlijn-Stedelijk-Afvalwater-EU2015-ATOM.checkdownloadurl: checkdownloadurl.feature:17 - path: $['Content-Type'][0], actual: 'application/xml', expected: 'text/xml', reason: not equal
tmp.junit17863174098671850733.Beheer-PDOK.Richtlijn-Stedelijk-Afvalwater---lozingspunten-Nederland-EU2015.download.Richtlijn-Stedelijk-Afvalwater-EU2015-WFS.checkdownloadurl: checkdownloadurl.feature:17 - path: $['Content-Type'][0], actual: 'text/html; charset=UTF-8', expected: 'text/xml', reason: not equal
tmp.junit17863174098671850733.Beheer-PDOK.Richtlijn-Stedelijk-Afvalwater---lozingspunten-Nederland-EU2015.download.Richtlijn-Stedelijk-Afvalwater-EU2015-ATOM.checkdownloadurl: checkdownloadurl.feature:17 - path: $['Content-Type'][0], actual: 'application/xml', expected: 'text/xml', reason: not equal
tmp.junit17863174098671850733.Beheer-PDOK.Windsnelheden-op-100m-hoogte--m.s-.download.Windsnelheden-100m-hoogte-WFS.checkdownloadurl: checkdownloadurl.feature:16 - path: $['Content-Length'][0], actual: null, expected: '#notnull', reason: actual json-path does not exist
tmp.junit17863174098671850733.Beheer-PDOK.Windsnelheden-op-100m-hoogte--m.s-.view.Windsnelheden-100m-hoogte-WMS.checkViewUrl: checkViewUrl.feature:16 - path: $['Content-Length'][0], actual: null, expected: '#notnull', reason: actual json-path does not exist
tmp.junit17863174098671850733.Beheer-PDOK.Zeegebieden--INSPIRE-geharmoniseerd-.download.Zeegebieden--INSPIRE-geharmoniseerd--WFS.checkdownloadurl: checkdownloadurl.feature:16 - path: $['Content-Length'][0], actual: null, expected: '#notnull', reason: actual json-path does not exist
tmp.junit17863174098671850733.Beheer-PDOK.Zeegebieden--INSPIRE-geharmoniseerd-.view.Zeegebieden--INSPIRE-geharmoniseerd--WMS.checkViewUrl: checkViewUrl.feature:16 - path: $['Content-Length'][0], actual: null, expected: '#notnull', reason: actual json-path does not exist
tmp.junit17863174098671850733.Beheer-PDOK.BAG.download.BAG-WFS.checkdownloadurl: checkdownloadurl.feature:17 - path: $['Content-Type'][0], actual: 'text/html; charset=UTF-8', expected: 'text/xml', reason: not equal
tmp.junit17863174098671850733.Beheer-PDOK.Vervoersnetwerken---Luchttransport--INSPIRE-geharmoniseerd-.download.Vervoersnetwerken---Luchttransport--INSPIRE-geharmoniseerd--WFS.checkdownloadurl: checkdownloadurl.feature:16 - path: $['Content-Length'][0], actual: null, expected: '#notnull', reason: actual json-path does not exist
tmp.junit17863174098671850733.Beheer-PDOK.Vervoersnetwerken---Luchttransport--INSPIRE-geharmoniseerd-.view.Vervoersnetwerken---Luchttransport--INSPIRE-geharmoniseerd--WMS.checkViewUrl: checkViewUrl.feature:16 - path: $['Content-Length'][0], actual: null, expected: '#notnull', reason: actual json-path does not exist
tmp.junit17863174098671850733.Beheer-PDOK.Vervoersnetwerken---Wegen--INSPIRE-geharmoniseerd-.download.Vervoersnetwerken---Wegen--INSPIRE-geharmoniseerd----Kadaster-WFS.checkdownloadurl: checkdownloadurl.feature:16 - path: $['Content-Length'][0], actual: null, expected: '#notnull', reason: actual json-path does not exist
tmp.junit17863174098671850733.Beheer-PDOK.Vervoersnetwerken---Wegen--INSPIRE-geharmoniseerd-.view.Vervoersnetwerken---Wegen--INSPIRE-geharmoniseerd----Kadaster-WMS.checkViewUrl: checkViewUrl.feature:16 - path: $['Content-Length'][0], actual: null, expected: '#notnull', reason: actual json-path does not exist
tmp.junit17863174098671850733.Beheer-PDOK.Provinciale-monumenten.download.Beschermde-gebieden---Provincies--INSPIRE-geharmoniseerd--ATOM-V1.checkdownloadurl: checkdownloadurl.feature:17 - path: $['Content-Type'][0], actual: 'application/xml', expected: 'text/xml', reason: not equal
tmp.junit17863174098671850733.Beheer-PDOK.Land-Use-2015.download.Statistics-Netherlands-Land-Use-2015-WFS--BBG-2015-INSPIRE-geharmoniseerd-.checkdownloadurl: checkdownloadurl.feature:16 - path: $['Content-Length'][0], actual: null, expected: '#notnull', reason: actual json-path does not exist
tmp.junit17863174098671850733.Beheer-PDOK.Land-Use-2015.view.Statistics-Netherlands-Land-Use-2015-WMS--BBG-2015-INSPIRE-geharmoniseerd-.checkViewUrl: checkViewUrl.feature:16 - path: $['Content-Length'][0], actual: null, expected: '#notnull', reason: actual json-path does not exist
tmp.junit17863174098671850733.Beheer-PDOK.Geluidbelasting-rijkswegen-in-Nederland-2016--24-uurs-gemiddelde-.download.Geluidskaarten-Rijkswegen-WFS.checkdownloadurl: checkdownloadurl.feature:17 - path: $['Content-Type'][0], actual: 'text/html; charset=UTF-8', expected: 'text/xml', reason: not equal
tmp.junit17863174098671850733.Beheer-PDOK.Geluidbelasting-rijkswegen-in-Nederland-2016--24-uurs-gemiddelde-.view.Geluidskaarten-Rijkswegen-WMS.checkViewUrl: checkViewUrl.feature:16 - path: $['Content-Length'][0], actual: null, expected: '#notnull', reason: actual json-path does not exist
tmp.junit17863174098671850733.Beheer-PDOK.Nationale-Parken--INSPIRE-Geharmoniseerd-.download.Beschermde-Gebieden-Nationale-Parken--INSPIRE-geharmoniseerd--WFS.checkdownloadurl: checkdownloadurl.feature:16 - path: $['Content-Length'][0], actual: null, expected: '#notnull', reason: actual json-path does not exist
tmp.junit17863174098671850733.Beheer-PDOK.Nationale-Parken--INSPIRE-Geharmoniseerd-.view.Beschermde-Gebieden-Nationale-Parken--INSPIRE-geharmoniseerd--WMS.checkViewUrl: checkViewUrl.feature:16 - path: $['Content-Length'][0], actual: null, expected: '#notnull', reason: actual json-path does not exist
tmp.junit17863174098671850733.Beheer-PDOK.Geluidkaart-hoofdspoornet-2016--Lnight-.download.Geluidblootstelling-van-het-hoofdspoorwegennet-Lnight-WFS.checkdownloadurl: checkdownloadurl.feature:17 - path: $['Content-Type'][0], actual: 'text/html; charset=UTF-8', expected: 'text/xml', reason: not equal
tmp.junit17863174098671850733.Beheer-PDOK.Nationaal-Hydrologisch-Instrumentarium--NHI----netwerkschematisatie.download.Nationaal-Hydrologisch-Instrumentarium--NHI--netwerkschematisaties-WFS.checkdownloadurl: checkdownloadurl.feature:16 - path: $['Content-Length'][0], actual: null, expected: '#notnull', reason: actual json-path does not exist
tmp.junit17863174098671850733.Beheer-PDOK.Nationaal-Hydrologisch-Instrumentarium--NHI----netwerkschematisatie.view.Nationaal-Hydrologisch-Instrumentarium--NHI--netwerkschematisaties-WMS.checkViewUrl: checkViewUrl.feature:16 - path: $['Content-Length'][0], actual: null, expected: '#notnull', reason: actual json-path does not exist
tmp.junit17863174098671850733.Beheer-PDOK.Statistical-Units-Vector.download.CBS-Gebiedsindelingen--INSPIRE-geharmoniseerd--WFS.checkdownloadurl: checkdownloadurl.feature:16 - path: $['Content-Length'][0], actual: null, expected: '#notnull', reason: actual json-path does not exist
tmp.junit17863174098671850733.Beheer-PDOK.Statistical-Units-Vector.view.CBS-Gebiedsindelingen--INSPIRE-geharmoniseerd--WMS.checkViewUrl: checkViewUrl.feature:16 - path: $['Content-Length'][0], actual: null, expected: '#notnull', reason: actual json-path does not exist
tmp.junit17863174098671850733.Beheer-PDOK.Habitatrichtlijn-verspreidingsgebied-van-soorten.download.Habitatrichtlijn-verspreidingsgebied-van-soorten-WFS.checkdownloadurl: checkdownloadurl.feature:17 - path: $['Content-Type'][0], actual: 'text/html; charset=UTF-8', expected: 'text/xml', reason: not equal
tmp.junit17863174098671850733.Beheer-PDOK.Wijk--en-Buurtkaart-2019-versie-2.download.CBS-Wijken-en-Buurten-2019-versie-1-WFS.checkdownloadurl: checkdownloadurl.feature:16 - path: $['Content-Length'][0], actual: null, expected: '#notnull', reason: actual json-path does not exist
tmp.junit17863174098671850733.Beheer-PDOK.Wijk--en-Buurtkaart-2019-versie-2.view.CBS-Wijken-en-Buurten-2019-versie-1-WMS.checkViewUrl: checkViewUrl.feature:16 - path: $['Content-Length'][0], actual: null, expected: '#notnull', reason: actual json-path does not exist
tmp.junit17863174098671850733.Beheer-PDOK.Ligging-industrie-en-CO2-emissies.download.Potentiekaart-restwarmte-WFS.checkdownloadurl: checkdownloadurl.feature:16 - path: $['Content-Length'][0], actual: null, expected: '#notnull', reason: actual json-path does not exist
tmp.junit17863174098671850733.Beheer-PDOK.Ligging-industrie-en-CO2-emissies.view.Potentiekaart-restwarmte-WMS.checkViewUrl: checkViewUrl.feature:16 - path: $['Content-Length'][0], actual: null, expected: '#notnull', reason: actual json-path does not exist
tmp.junit17863174098671850733.Beheer-PDOK.Luchtfoto-2018-25cm-CIR-open-data.view.Luchtfoto-Beeldmateriaal-.-PDOK-25-cm-Infrarood-WMS.checkViewUrl: checkViewUrl.feature:16 - path: $['Content-Length'][0], actual: null, expected: '#notnull', reason: actual json-path does not exist
tmp.junit17863174098671850733.Beheer-PDOK.Kaderrichtlijn-Water---Stroomgebieddistricten-Nederland-2019-vlakken.download.Kaderrichtlijn-Water-actueel-ATOM.checkdownloadurl: checkdownloadurl.feature:17 - path: $['Content-Type'][0], actual: 'application/xml', expected: 'text/xml', reason: not equal
tmp.junit17863174098671850733.Beheer-PDOK.Luchtfoto-2016-25cm-CIR-open-data.view.Luchtfoto-Beeldmateriaal-.-PDOK-25-cm-Infrarood-WMS.checkViewUrl: checkViewUrl.feature:16 - path: $['Content-Length'][0], actual: null, expected: '#notnull', reason: actual json-path does not exist
tmp.junit17863174098671850733.Beheer-PDOK.Publiekrechtelijke-beperkingen.view.Publiekrechtelijke-Beperking-WMS.checkViewUrl: checkViewUrl.feature:16 - path: $['Content-Length'][0], actual: null, expected: '#notnull', reason: actual json-path does not exist
tmp.junit17863174098671850733.Beheer-PDOK.Vervoersnetwerken.view.TOP10NL-WMS.checkViewUrl: checkViewUrl.feature:16 - path: $['Content-Length'][0], actual: null, expected: '#notnull', reason: actual json-path does not exist
tmp.junit17863174098671850733.Beheer-PDOK.Overheidsdiensten.view.Overheidsdiensten-WMS.checkViewUrl: checkViewUrl.feature:16 - path: $['Content-Length'][0], actual: null, expected: '#notnull', reason: actual json-path does not exist
tmp.junit17863174098671850733.Beheer-PDOK.Hydrografie---Physical-Waters--INSPIRE-geharmoniseerd-.download.Hydrografie---Physical-Waters--INSPIRE-geharmoniseerd--WFS.checkdownloadurl: checkdownloadurl.feature:16 - path: $['Content-Length'][0], actual: null, expected: '#notnull', reason: actual json-path does not exist
tmp.junit17863174098671850733.Beheer-PDOK.Hydrografie---Physical-Waters--INSPIRE-geharmoniseerd-.view.Hydrografie---Physical-Waters--INSPIRE-geharmoniseerd--WMS.checkViewUrl: checkViewUrl.feature:16 - path: $['Content-Length'][0], actual: null, expected: '#notnull', reason: actual json-path does not exist
tmp.junit17863174098671850733.Beheer-PDOK.Habitatrichtlijn-verspreidingsgebied-van-habitattypen.download.Habitatrichtlijn-verspreidingsgebied-van-habitattypen-WFS.checkdownloadurl: checkdownloadurl.feature:17 - path: $['Content-Type'][0], actual: 'text/html; charset=UTF-8', expected: 'text/xml', reason: not equal
tmp.junit17863174098671850733.Beheer-PDOK.Geluidbelasting-rijkswegen-in-Nederland-2011--24-uurs-gemiddelde-.download.Geluidskaarten-Rijkswegen-WFS.checkdownloadurl: checkdownloadurl.feature:17 - path: $['Content-Type'][0], actual: 'text/html; charset=UTF-8', expected: 'text/xml', reason: not equal
tmp.junit17863174098671850733.Beheer-PDOK.Geluidbelasting-rijkswegen-in-Nederland-2011--24-uurs-gemiddelde-.view.Geluidskaarten-Rijkswegen-WMS.checkViewUrl: checkViewUrl.feature:16 - path: $['Content-Length'][0], actual: null, expected: '#notnull', reason: actual json-path does not exist
tmp.junit17863174098671850733.Beheer-PDOK.Geluidkaart-Schiphol-2016--Lnight-.download.Geluidskaarten-Schiphol-2016-lnight-WFS.checkdownloadurl: checkdownloadurl.feature:17 - path: $['Content-Type'][0], actual: 'text/html; charset=UTF-8', expected: 'text/xml', reason: not equal
tmp.junit17863174098671850733.Beheer-PDOK.Wijk--en-Buurtkaart-2018-versie-3.download.CBS-Wijken-en-Buurten-2018-versie-1-WFS.checkdownloadurl: checkdownloadurl.feature:16 - path: $['Content-Length'][0], actual: null, expected: '#notnull', reason: actual json-path does not exist
tmp.junit17863174098671850733.Beheer-PDOK.Wijk--en-Buurtkaart-2018-versie-3.view.CBS-Wijken-en-Buurten-2018-versie-1-WMS.checkViewUrl: checkViewUrl.feature:16 - path: $['Content-Length'][0], actual: null, expected: '#notnull', reason: actual json-path does not exist
tmp.junit17863174098671850733.Beheer-PDOK.Vervoersnetwerken---Kabelbanen--INSPIRE-geharmoniseerd-.download.Vervoersnetwerken---Kabelbanen--INSPIRE-geharmoniseerd--WFS.checkdownloadurl: checkdownloadurl.feature:16 - path: $['Content-Length'][0], actual: null, expected: '#notnull', reason: actual json-path does not exist
tmp.junit17863174098671850733.Beheer-PDOK.Vervoersnetwerken---Kabelbanen--INSPIRE-geharmoniseerd-.view.Vervoersnetwerken---Kabelbanen--INSPIRE-geharmoniseerd--WMS.checkViewUrl: checkViewUrl.feature:16 - path: $['Content-Length'][0], actual: null, expected: '#notnull', reason: actual json-path does not exist
tmp.junit17863174098671850733.Beheer-PDOK.Geluidkaart-hoofdspoornet-2016--Lden-.download.Geluidblootstelling-van-het-hoofdspoorwegennet-Lden-WFS.checkdownloadurl: checkdownloadurl.feature:17 - path: $['Content-Type'][0], actual: 'text/html; charset=UTF-8', expected: 'text/xml', reason: not equal
tmp.junit17863174098671850733.Beheer-PDOK.Potentieel-koude-en-warmte-uit-open-en-gesloten-WKO-systemen--GJ.ha-jaar-.download.Potentieel-koude-en-warmte-uit-open-en-gesloten-WKO-systemen--GJ.ha-jaar--WFS.checkdownloadurl: checkdownloadurl.feature:16 - path: $['Content-Length'][0], actual: null, expected: '#notnull', reason: actual json-path does not exist
tmp.junit17863174098671850733.Beheer-PDOK.Potentieel-koude-en-warmte-uit-open-en-gesloten-WKO-systemen--GJ.ha-jaar-.view.Potentieel-koude-en-warmte-uit-open-en-gesloten-WKO-systemen--GJ.ha-jaar--WMS.checkViewUrl: checkViewUrl.feature:16 - path: $['Content-Length'][0], actual: null, expected: '#notnull', reason: actual json-path does not exist
tmp.junit17863174098671850733.Beheer-PDOK.Kaderrichtlijn-Water---Deelstroomgebieden-Nederland-2019-vlakken.download.Kaderrichtlijn-Water-actueel-ATOM.checkdownloadurl: checkdownloadurl.feature:17 - path: $['Content-Type'][0], actual: 'application/xml', expected: 'text/xml', reason: not equal
tmp.junit17863174098671850733.Beheer-PDOK.Administratieve-Eenheden.download.Bestuurlijke-Grenzen-WFS.checkdownloadurl: checkdownloadurl.feature:16 - path: $['Content-Length'][0], actual: null, expected: '#notnull', reason: actual json-path does not exist
tmp.junit17863174098671850733.Beheer-PDOK.Administratieve-Eenheden.view.Bestuurlijke-grenzen-WMS.checkViewUrl: checkViewUrl.feature:16 - path: $['Content-Length'][0], actual: null, expected: '#notnull', reason: actual json-path does not exist
tmp.junit17863174098671850733.Beheer-PDOK.Gebouwen--INSPIRE-geharmoniseerd-.download.Gebouwen--INSPIRE-geharmoniseerd--WFS.checkdownloadurl: checkdownloadurl.feature:16 - path: $['Content-Length'][0], actual: null, expected: '#notnull', reason: actual json-path does not exist
tmp.junit17863174098671850733.Beheer-PDOK.Gebouwen--INSPIRE-geharmoniseerd-.view.Gebouwen--INSPIRE-geharmoniseerd--WMS.checkViewUrl: checkViewUrl.feature:16 - path: $['Content-Length'][0], actual: null, expected: '#notnull', reason: actual json-path does not exist
tmp.junit17863174098671850733.Beheer-PDOK.Kadastrale-kaart-v4.download.Kadastrale-Kaart-v4-WFS.checkdownloadurl: checkdownloadurl.feature:17 - path: $['Content-Type'][0], actual: 'text/xml; charset=UTF-8', expected: 'text/xml', reason: not equal
tmp.junit17863174098671850733.Beheer-PDOK.Natuurnetwerk-Nederland.download.Beschermde-gebieden---Provincies--INSPIRE-geharmoniseerd--ATOM-V1.checkdownloadurl: checkdownloadurl.feature:17 - path: $['Content-Type'][0], actual: 'application/xml', expected: 'text/xml', reason: not equal
tmp.junit17863174098671850733.Beheer-PDOK.Kadastrale-Percelen--INSPIRE-geharmoniseerd-.download.Kadastrale-Percelen--INSPIRE-geharmoniseerd--WFS.checkdownloadurl: checkdownloadurl.feature:16 - path: $['Content-Length'][0], actual: null, expected: '#notnull', reason: actual json-path does not exist
tmp.junit17863174098671850733.Beheer-PDOK.Kadastrale-Percelen--INSPIRE-geharmoniseerd-.view.Kadastrale-Percelen--INSPIRE-geharmoniseerd--WMS.checkViewUrl: checkViewUrl.feature:15 - status code was: 404, expected: 200, response time: 424, url: https://geodata.nationaalgeoregister.nl/inspire/cp/wms?request=GetCapabilities, response: 
tmp.junit17863174098671850733.Beheer-PDOK.CBS-Provincies-2012.download.CBS-Provincies-WFS.checkdownloadurl: checkdownloadurl.feature:16 - path: $['Content-Length'][0], actual: null, expected: '#notnull', reason: actual json-path does not exist
tmp.junit17863174098671850733.Beheer-PDOK.CBS-Provincies-2012.view.CBS-Provincies-WMS.checkViewUrl: checkViewUrl.feature:16 - path: $['Content-Length'][0], actual: null, expected: '#notnull', reason: actual json-path does not exist
tmp.junit17863174098671850733.Beheer-PDOK.Aardkundige-waarden.download.Beschermde-gebieden---Provincies--INSPIRE-geharmoniseerd--ATOM-V1.checkdownloadurl: checkdownloadurl.feature:17 - path: $['Content-Type'][0], actual: 'application/xml', expected: 'text/xml', reason: not equal
tmp.junit17863174098671850733.Beheer-PDOK.RDinfo.download.RD-info-WFS.checkdownloadurl: checkdownloadurl.feature:17 - path: $['Content-Type'][0], actual: 'text/html; charset=UTF-8', expected: 'text/xml', reason: not equal
tmp.junit17863174098671850733.Beheer-PDOK.Bestand-Bodemgebruik-2015.download.CBS-Bestand-Bodemgebruik-2015-WFS.checkdownloadurl: checkdownloadurl.feature:17 - path: $['Content-Type'][0], actual: 'text/html; charset=UTF-8', expected: 'text/xml', reason: not equal
tmp.junit17863174098671850733.Beheer-PDOK.Bestand-Bodemgebruik-2015.download.CBS-Bestand-Bodemgebruik-2015-ATOM.checkdownloadurl: checkdownloadurl.feature:19 - assert evaluated to false: filesize > 2000
tmp.junit17863174098671850733.Beheer-PDOK.Nationaal-Beschermde-Gebieden--CDDA---INSPIRE-geharmoniseerd-.download.Beschermde-gebieden---CDDA--INSPIRE-geharmoniseerd--WFS.checkdownloadurl: checkdownloadurl.feature:16 - path: $['Content-Length'][0], actual: null, expected: '#notnull', reason: actual json-path does not exist
tmp.junit17863174098671850733.Beheer-PDOK.Nationaal-Beschermde-Gebieden--CDDA---INSPIRE-geharmoniseerd-.view.Beschermde-gebieden---CDDA--INSPIRE-geharmoniseerd--WMS.checkViewUrl: checkViewUrl.feature:16 - path: $['Content-Length'][0], actual: null, expected: '#notnull', reason: actual json-path does not exist
tmp.junit17863174098671850733.Beheer-PDOK.Vervoersnetwerken---Waterwegen--INSPIRE-geharmoniseerd-.download.Vervoersnetwerken---Waterwegen--INSPIRE-geharmoniseerd--WFS.checkdownloadurl: checkdownloadurl.feature:16 - path: $['Content-Length'][0], actual: null, expected: '#notnull', reason: actual json-path does not exist
tmp.junit17863174098671850733.Beheer-PDOK.Vervoersnetwerken---Waterwegen--INSPIRE-geharmoniseerd-.view.Vervoersnetwerken---Waterwegen--INSPIRE-geharmoniseerd--WMS.checkViewUrl: checkViewUrl.feature:16 - path: $['Content-Length'][0], actual: null, expected: '#notnull', reason: actual json-path does not exist
tmp.junit17863174098671850733.Beheer-PDOK.Kaderrichtlijn-Water---Register-Beschermd-Gebied---Schelpdierwater-2008.download.Schelpdierwater-WFS.checkdownloadurl: checkdownloadurl.feature:17 - path: $['Content-Type'][0], actual: 'text/html; charset=UTF-8', expected: 'text/xml', reason: not equal
tmp.junit17863174098671850733.Beheer-PDOK.Hydrografie.view.TOP10NL-WMS.checkViewUrl: checkViewUrl.feature:16 - path: $['Content-Length'][0], actual: null, expected: '#notnull', reason: actual json-path does not exist
tmp.junit17863174098671850733.Beheer-PDOK.Adressen.download.Adressen-V2-WFS.checkdownloadurl: checkdownloadurl.feature:17 - path: $['Content-Type'][0], actual: 'text/html; charset=UTF-8', expected: 'text/xml', reason: not equal
tmp.junit17863174098671850733.Beheer-PDOK.Luchtfoto-2017-25cm-CIR-open-data.view.Luchtfoto-Beeldmateriaal-.-PDOK-25-cm-Infrarood-WMS.checkViewUrl: checkViewUrl.feature:16 - path: $['Content-Length'][0], actual: null, expected: '#notnull', reason: actual json-path does not exist
tmp.junit17863174098671850733.Beheer-PDOK.Actueel-Hoogtebestand-Nederland-2--AHN2-.download.Actueel-Hoogtebestand-Nederland-2--AHN2--WCS.checkdownloadurl: checkdownloadurl.feature:17 - path: $['Content-Type'][0], actual: 'text/html; charset=UTF-8', expected: 'text/xml', reason: not equal
tmp.junit17863174098671850733.Beheer-PDOK.Actueel-Hoogtebestand-Nederland-2--AHN2-.view.Actueel-Hoogtebestand-Nederland-2--AHN2--WMS.checkViewUrl: checkViewUrl.feature:16 - path: $['Content-Length'][0], actual: null, expected: '#notnull', reason: actual json-path does not exist
tmp.junit17863174098671850733.Beheer-PDOK.Statistical-Units-Grid.download.Statistical-Units-Grid--INSPIRE-geharmoniseerd--WFS.checkdownloadurl: checkdownloadurl.feature:16 - path: $['Content-Length'][0], actual: null, expected: '#notnull', reason: actual json-path does not exist
tmp.junit17863174098671850733.Beheer-PDOK.Statistical-Units-Grid.view.Statistical-Units-Grid--INSPIRE-geharmoniseerd--WMS.checkViewUrl: checkViewUrl.feature:16 - path: $['Content-Length'][0], actual: null, expected: '#notnull', reason: actual json-path does not exist
tmp.junit17863174098671850733.Beheer-PDOK.Vervoersnetwerken---Spoorwegen--INSPIRE-geharmoniseerd-.download.Vervoersnetwerken---spoorwegen--INSPIRE-geharmoniseerd--WFS.checkdownloadurl: checkdownloadurl.feature:16 - path: $['Content-Length'][0], actual: null, expected: '#notnull', reason: actual json-path does not exist
tmp.junit17863174098671850733.Beheer-PDOK.Vervoersnetwerken---Spoorwegen--INSPIRE-geharmoniseerd-.view.Vervoersnetwerken---spoorwegen--INSPIRE-geharmoniseerd--WMS.checkViewUrl: checkViewUrl.feature:16 - path: $['Content-Length'][0], actual: null, expected: '#notnull', reason: actual json-path does not exist
tmp.junit17863174098671850733.Beheer-PDOK.Richtlijn-Stedelijk-Afvalwater---agglomeraties-Nederland-EU2015.download.Richtlijn-Stedelijk-Afvalwater-EU2015-WFS.checkdownloadurl: checkdownloadurl.feature:17 - path: $['Content-Type'][0], actual: 'text/html; charset=UTF-8', expected: 'text/xml', reason: not equal
tmp.junit17863174098671850733.Beheer-PDOK.Richtlijn-Stedelijk-Afvalwater---agglomeraties-Nederland-EU2015.download.Richtlijn-Stedelijk-Afvalwater-EU2015-ATOM.checkdownloadurl: checkdownloadurl.feature:17 - path: $['Content-Type'][0], actual: 'application/xml', expected: 'text/xml', reason: not equal
tmp.junit17863174098671850733.Beheer-PDOK.TOP10NL.view.TOP10NL-WMS.checkViewUrl: checkViewUrl.feature:16 - path: $['Content-Length'][0], actual: null, expected: '#notnull', reason: actual json-path does not exist
tmp.junit17863174098671850733.Beheer-PDOK.Geluidbelasting-rijkswegen-in-Nederland-2006--nacht-gemiddelde-.download.Geluidskaarten-Rijkswegen-WFS.checkdownloadurl: checkdownloadurl.feature:17 - path: $['Content-Type'][0], actual: 'text/html; charset=UTF-8', expected: 'text/xml', reason: not equal
tmp.junit17863174098671850733.Beheer-PDOK.Geluidbelasting-rijkswegen-in-Nederland-2006--nacht-gemiddelde-.view.Geluidskaarten-Rijkswegen-WMS.checkViewUrl: checkViewUrl.feature:16 - path: $['Content-Length'][0], actual: null, expected: '#notnull', reason: actual json-path does not exist
tmp.junit17863174098671850733.Beheer-PDOK.Mossel--en-oesterhabitats--AS-IS-.download.Mossel--en-oesterhabitats-WFS.checkdownloadurl: checkdownloadurl.feature:16 - path: $['Content-Length'][0], actual: null, expected: '#notnull', reason: actual json-path does not exist
tmp.junit17863174098671850733.Beheer-PDOK.Mossel--en-oesterhabitats--AS-IS-.view.Mossel--en-oesterhabitats-WMS.checkViewUrl: checkViewUrl.feature:16 - path: $['Content-Length'][0], actual: null, expected: '#notnull', reason: actual json-path does not exist
tmp.junit17863174098671850733.Beheer-PDOK.Geluidkaart-Schiphol-2016--Lden-.download.Geluidskaarten-Schiphol-2016-lden-WFS.checkdownloadurl: checkdownloadurl.feature:17 - path: $['Content-Type'][0], actual: 'text/html; charset=UTF-8', expected: 'text/xml', reason: not equal
tmp.junit17863174098671850733.Beheer-PDOK.Geluidbelasting-rijkswegen-in-Nederland-2011--nacht-gemiddelde-.download.Geluidskaarten-Rijkswegen-WFS.checkdownloadurl: checkdownloadurl.feature:17 - path: $['Content-Type'][0], actual: 'text/html; charset=UTF-8', expected: 'text/xml', reason: not equal
tmp.junit17863174098671850733.Beheer-PDOK.Geluidbelasting-rijkswegen-in-Nederland-2011--nacht-gemiddelde-.view.Geluidskaarten-Rijkswegen-WMS.checkViewUrl: checkViewUrl.feature:16 - path: $['Content-Length'][0], actual: null, expected: '#notnull', reason: actual json-path does not exist
tmp.junit17863174098671850733.Beheer-PDOK.Geluidbelasting-rijkswegen-in-Nederland-2006--24-uurs-gemiddelde-.download.Geluidskaarten-Rijkswegen-WFS.checkdownloadurl: checkdownloadurl.feature:17 - path: $['Content-Type'][0], actual: 'text/html; charset=UTF-8', expected: 'text/xml', reason: not equal
tmp.junit17863174098671850733.Beheer-PDOK.Geluidbelasting-rijkswegen-in-Nederland-2006--24-uurs-gemiddelde-.view.Geluidskaarten-Rijkswegen-WMS.checkViewUrl: checkViewUrl.feature:16 - path: $['Content-Length'][0], actual: null, expected: '#notnull', reason: actual json-path does not exist
tmp.junit17863174098671850733.Beheer-PDOK.Vaarwegmarkeringen-Nederland.download.Noordzee-Vaarwegmarkeringen-WFS.checkdownloadurl: checkdownloadurl.feature:17 - path: $['Content-Type'][0], actual: 'text/html; charset=UTF-8', expected: 'text/xml', reason: not equal
tmp.junit17863174098671850733.Beheer-PDOK.Natura-2000--INSPIRE-geharmoniseerd-.download.Natura2000--INSPIRE-geharmoniseerd--WFS.checkdownloadurl: checkdownloadurl.feature:16 - path: $['Content-Length'][0], actual: null, expected: '#notnull', reason: actual json-path does not exist
tmp.junit17863174098671850733.Beheer-PDOK.Natura-2000--INSPIRE-geharmoniseerd-.view.Natura2000--INSPIRE-geharmoniseerd--WMS.checkViewUrl: checkViewUrl.feature:16 - path: $['Content-Length'][0], actual: null, expected: '#notnull', reason: actual json-path does not exist
tmp.junit17863174098671850733.Beheer-PDOK.NB-wetgebieden-buiten-Natura-2000.download.Beschermde-gebieden---Provincies--INSPIRE-geharmoniseerd--ATOM-V1.checkdownloadurl: checkdownloadurl.feature:17 - path: $['Content-Type'][0], actual: 'application/xml', expected: 'text/xml', reason: not equal
tmp.junit17863174098671850733.Beheer-PDOK.Administratieve-Eenheden--INSPIRE-geharmoniseerd-.download.Administratieve-Eenheden--INSPIRE-geharmoniseerd--WFS.checkdownloadurl: checkdownloadurl.feature:16 - path: $['Content-Length'][0], actual: null, expected: '#notnull', reason: actual json-path does not exist
tmp.junit17863174098671850733.Beheer-PDOK.Administratieve-Eenheden--INSPIRE-geharmoniseerd-.view.Administratieve-Eenheden--INSPIRE-geharmoniseerd--WMS.checkViewUrl: checkViewUrl.feature:16 - path: $['Content-Length'][0], actual: null, expected: '#notnull', reason: actual json-path does not exist
tmp.junit17863174098671850733.Beheer-PDOK.Vogelrichtlijn-verspreiding-van-soorten.download.Vogelrichtlijn-verspreiding-van-soorten-WFS.checkdownloadurl: checkdownloadurl.feature:17 - path: $['Content-Type'][0], actual: 'text/html; charset=UTF-8', expected: 'text/xml', reason: not equal
tmp.junit17863174098671850733.Beheer-PDOK.Schelpdierpercelen.download.Schelpdierenpercelen-WFS.checkdownloadurl: checkdownloadurl.feature:16 - path: $['Content-Length'][0], actual: null, expected: '#notnull', reason: actual json-path does not exist
tmp.junit17863174098671850733.Beheer-PDOK.Schelpdierpercelen.view.Schelpdierenpercelen-WMS.checkViewUrl: checkViewUrl.feature:16 - path: $['Content-Length'][0], actual: null, expected: '#notnull', reason: actual json-path does not exist
tmp.junit17863174098671850733.Beheer-PDOK.Adressen--INSPIRE-geharmoniseerd-.download.Adressen--INSPIRE-geharmoniseerd--WFS.checkdownloadurl: checkdownloadurl.feature:16 - path: $['Content-Length'][0], actual: null, expected: '#notnull', reason: actual json-path does not exist
tmp.junit17863174098671850733.Beheer-PDOK.Adressen--INSPIRE-geharmoniseerd-.view.Adressen--INSPIRE-geharmoniseerd--WMS.checkViewUrl: checkViewUrl.feature:16 - path: $['Content-Length'][0], actual: null, expected: '#notnull', reason: actual json-path does not exist
tmp.junit17863174098671850733.Beheer-PDOK.Nationale-Landschappen.download.Beschermde-gebieden---Provincies--INSPIRE-geharmoniseerd--ATOM-V1.checkdownloadurl: checkdownloadurl.feature:17 - path: $['Content-Type'][0], actual: 'application/xml', expected: 'text/xml', reason: not equal
tmp.junit17863174098671850733.Beheer-PDOK.Geluidbelasting-rijkswegen-in-Nederland-2016--nacht-gemiddelde-.download.Geluidskaarten-Rijkswegen-WFS.checkdownloadurl: checkdownloadurl.feature:17 - path: $['Content-Type'][0], actual: 'text/html; charset=UTF-8', expected: 'text/xml', reason: not equal
tmp.junit17863174098671850733.Beheer-PDOK.Geluidbelasting-rijkswegen-in-Nederland-2016--nacht-gemiddelde-.view.Geluidskaarten-Rijkswegen-WMS.checkViewUrl: checkViewUrl.feature:16 - path: $['Content-Length'][0], actual: null, expected: '#notnull', reason: actual json-path does not exist
tmp.junit17863174098671850733.Beheer-PDOK.Actueel-Hoogtebestand-Nederland-1--AHN1-.download.Actueel-Hoogtebestand-Nederland-1--AHN1--WCS.checkdownloadurl: checkdownloadurl.feature:17 - path: $['Content-Type'][0], actual: 'text/html; charset=UTF-8', expected: 'text/xml', reason: not equal
tmp.junit17863174098671850733.Beheer-PDOK.Actueel-Hoogtebestand-Nederland-1--AHN1-.view.Actueel-Hoogtebestand-Nederland-1--AHN1--WMS.checkViewUrl: checkViewUrl.feature:16 - path: $['Content-Length'][0], actual: null, expected: '#notnull', reason: actual json-path does not exist
tmp.junit17863174098671850733.Beheer-PDOK.Wijk--en-Buurtkaart-2017-versie-3.download.CBS-Wijken-en-Buurten-2017-WFS.checkdownloadurl: checkdownloadurl.feature:16 - path: $['Content-Length'][0], actual: null, expected: '#notnull', reason: actual json-path does not exist
tmp.junit17863174098671850733.Beheer-PDOK.Wijk--en-Buurtkaart-2017-versie-3.view.CBS-Wijken-en-Buurten-2017-WMS.checkViewUrl: checkViewUrl.feature:16 - path: $['Content-Length'][0], actual: null, expected: '#notnull', reason: actual json-path does not exist
tmp.junit17863174098671850733.Beheer-PDOK.Ruimtelijke-plannen-Wro--Ruimtelijkeplannen-nl.view.Ruimtelijke-plannen-WMS.checkViewUrl: checkViewUrl.feature:16 - path: $['Content-Length'][0], actual: null, expected: '#notnull', reason: actual json-path does not exist
tmp.junit17863174098671850733.Beheer-PDOK.Vervoersnetwerken---Wegen--INSPIRE-geharmoniseerd----RWS.download.Vervoersnetwerken-Wegen-RWS--INSPIRE-geharmoniseerd--WFS.checkdownloadurl: checkdownloadurl.feature:16 - path: $['Content-Length'][0], actual: null, expected: '#notnull', reason: actual json-path does not exist
tmp.junit17863174098671850733.Beheer-PDOK.Vervoersnetwerken---Wegen--INSPIRE-geharmoniseerd----RWS.download.Inspire-nl-vervoersnetwerken---gemeenschappelijk-elementen-WFS.checkdownloadurl: checkdownloadurl.feature:15 - status code was: 400, expected: 200, response time: 421, url: https://geodata.nationaalgeoregister.nl/nl/rws/tn-cte/wfs?, response: 
tmp.junit17863174098671850733.Beheer-PDOK.Vervoersnetwerken---Wegen--INSPIRE-geharmoniseerd----RWS.view.Vervoersnetwerken-Wegen-RWS--INSPIRE-geharmoniseerd--WMS.checkViewUrl: checkViewUrl.feature:16 - path: $['Content-Length'][0], actual: null, expected: '#notnull', reason: actual json-path does not exist
tmp.junit17863174098671850733.Beheer-PDOK.Geografische-Namen--INSPIRE-geharmoniseerd-.download.Geografische-Namen--INSPIRE-geharmoniseerd--WFS.checkdownloadurl: checkdownloadurl.feature:16 - path: $['Content-Length'][0], actual: null, expected: '#notnull', reason: actual json-path does not exist
tmp.junit17863174098671850733.Beheer-PDOK.Geografische-Namen--INSPIRE-geharmoniseerd-.view.Geografische-Namen--INSPIRE-geharmoniseerd--WMS.checkViewUrl: checkViewUrl.feature:16 - path: $['Content-Length'][0], actual: null, expected: '#notnull', reason: actual json-path does not exist
tmp.junit17863174098671850733.Beheer-PDOK.INSPIRE-geharmoniseerde-Beschermde-Gebieden---Cultuur-Historie.download.Beschermde-Gebieden---Cultuurhistorie--INSPIRE-geharmoniseerd--WFS.checkdownloadurl: checkdownloadurl.feature:17 - path: $['Content-Type'][0], actual: 'text/xml; charset=UTF-8', expected: 'text/xml', reason: not equal
tmp.junit17863174098671850733.Beheer-PDOK.Beschermde-gebieden---Provincies--INSPIRE-geharmoniseerd-.download.Beschermde-gebieden---Provincies--INSPIRE-geharmoniseerd--ATOM-V1.checkdownloadurl: checkdownloadurl.feature:17 - path: $['Content-Type'][0], actual: 'application/xml', expected: 'text/xml', reason: not equal
tmp.junit17863174098671850733.Beheer-PDOK.Luchtfoto-2019-25cm-CIR-open-data.view.Luchtfoto-Beeldmateriaal-.-PDOK-25-cm-Infrarood-WMS.checkViewUrl: checkViewUrl.feature:16 - path: $['Content-Length'][0], actual: null, expected: '#notnull', reason: actual json-path does not exist
tmp.junit17863174098671850733.Beheer-PDOK.Habitatrichtlijn-verspreiding-van-soorten.download.Habitatrichtlijn-verspreiding-van-soorten-WFS.checkdownloadurl: checkdownloadurl.feature:17 - path: $['Content-Type'][0], actual: 'text/html; charset=UTF-8', expected: 'text/xml', reason: not equal
tmp.junit17863174098671850733.Beheer-PDOK.Habitatrichtlijn-verspreiding-van-habitattypen.download.Habitatrichtlijn-verspreiding-van-typen-WFS.checkdownloadurl: checkdownloadurl.feature:17 - path: $['Content-Type'][0], actual: 'text/html; charset=UTF-8', expected: 'text/xml', reason: not equal
tmp.junit17863174098671850733.Beheer-PDOK.Wetlands--RAMSAR---INSPIRE-Geharmoniseerd-.download.Beschermde-Gebieden-Wetlands--INSPIRE-geharmoniseerd--WFS.checkdownloadurl: checkdownloadurl.feature:16 - path: $['Content-Length'][0], actual: null, expected: '#notnull', reason: actual json-path does not exist
tmp.junit17863174098671850733.Beheer-PDOK.Wetlands--RAMSAR---INSPIRE-Geharmoniseerd-.view.Beschermde-Gebieden-Wetlands--INSPIRE-geharmoniseerd--WMS.checkViewUrl: checkViewUrl.feature:16 - path: $['Content-Length'][0], actual: null, expected: '#notnull', reason: actual json-path does not exist
tmp.junit17863174098671850733.Beheer-PDOK.Stiltegebieden.download.Beschermde-gebieden---Provincies--INSPIRE-geharmoniseerd--ATOM-V1.checkdownloadurl: checkdownloadurl.feature:17 - path: $['Content-Type'][0], actual: 'application/xml', expected: 'text/xml', reason: not equal
tmp.junit17863174098671850733.Beheer-PDOK.Zeegebieden.view.TOP10NL-WMS.checkViewUrl: checkViewUrl.feature:16 - path: $['Content-Length'][0], actual: null, expected: '#notnull', reason: actual json-path does not exist
tmp.junit17863174098671850733.Beheer-PDOK.Wijk--en-Buurtkaart-2016-versie-3.download.CBS-Wijken-en-Buurten-2016-WFS.checkdownloadurl: checkdownloadurl.feature:16 - path: $['Content-Length'][0], actual: null, expected: '#notnull', reason: actual json-path does not exist
tmp.junit17863174098671850733.Beheer-PDOK.Wijk--en-Buurtkaart-2016-versie-3.view.CBS-Wijken-en-Buurten-2016-WMS.checkViewUrl: checkViewUrl.feature:16 - path: $['Content-Length'][0], actual: null, expected: '#notnull', reason: actual json-path does not exist
tmp.junit17863174098671850733.Beheer-PDOK.Wet-Ammoniak-en-Veehouderij-gebieden.download.Beschermde-gebieden---Provincies--INSPIRE-geharmoniseerd--ATOM-V1.checkdownloadurl: checkdownloadurl.feature:17 - path: $['Content-Type'][0], actual: 'application/xml', expected: 'text/xml', reason: not equal
tmp.junit17863174098671850733.Beheer-PDOK.Vervoersnetwerken---Gemeenschappelijke-elementen--INSPIRE-geharmoniseerd-.download.Vervoersnetwerken---Gemeenschappelijke-elementen--INSPIRE-geharmoniseerd--WFS.checkdownloadurl: checkdownloadurl.feature:16 - path: $['Content-Length'][0], actual: null, expected: '#notnull', reason: actual json-path does not exist
tmp.junit17863174098671850733.Beheer-PDOK.Vervoersnetwerken---Gemeenschappelijke-elementen--INSPIRE-geharmoniseerd-.view.Vervoersnetwerken---Gemeenschappelijke-elementen--INSPIRE-geharmoniseerd--WMS.checkViewUrl: checkViewUrl.feature:16 - path: $['Content-Length'][0], actual: null, expected: '#notnull', reason: actual json-path does not exist
tmp.junit17863174098671850733.Beheer-PDOK.NWB---Wegen.view.NWB---Wegen--Nationaal-Wegen-Bestand--WMS.checkViewUrl: checkViewUrl.feature:16 - path: $['Content-Length'][0], actual: null, expected: '#notnull', reason: actual json-path does not exist
tmp.junit17863174098671850733.Beheer-PDOK.Mosselzaadinvanginstallaties.download.Mosselzaadinvanginstallaties-WFS.checkdownloadurl: checkdownloadurl.feature:16 - path: $['Content-Length'][0], actual: null, expected: '#notnull', reason: actual json-path does not exist
tmp.junit17863174098671850733.Beheer-PDOK.Mosselzaadinvanginstallaties.view.Mosselzaadinvanginstallaties-WMS.checkViewUrl: checkViewUrl.feature:16 - path: $['Content-Length'][0], actual: null, expected: '#notnull', reason: actual json-path does not exist
tmp.junit17863174098671850733.Beheer-PDOK.Bodemgebruik.view.TOP10NL-WMS.checkViewUrl: checkViewUrl.feature:16 - path: $['Content-Length'][0], actual: null, expected: '#notnull', reason: actual json-path does not exist
tmp.junit17863174098671850733.Beheer-PDOK.CBS-Vierkantstatistieken-500m.download.CBS-Vierkantstatistieken-500m-WFS.checkdownloadurl: checkdownloadurl.feature:16 - path: $['Content-Length'][0], actual: null, expected: '#notnull', reason: actual json-path does not exist
tmp.junit17863174098671850733.Beheer-PDOK.CBS-Vierkantstatistieken-500m.view.CBS-Vierkantstatistieken-500m-WMS.checkViewUrl: checkViewUrl.feature:16 - path: $['Content-Length'][0], actual: null, expected: '#notnull', reason: actual json-path does not exist
tmp.junit17863174098671850733.Beheer-PDOK.Vogelrichtlijn-verspreidingsgebied-van-soorten.download.Vogelrichtlijn-verspreidingsgebied-van-soorten-WFS.checkdownloadurl: checkdownloadurl.feature:17 - path: $['Content-Type'][0], actual: 'text/html; charset=UTF-8', expected: 'text/xml', reason: not equal
tmp.junit17863174098671850733.Beheer-PDOK.Geografische-Namen.view.TOP10NL-WMS.checkViewUrl: checkViewUrl.feature:16 - path: $['Content-Length'][0], actual: null, expected: '#notnull', reason: actual json-path does not exist
tmp.junit17863174098671850733.no-organisationName-found-in-dataset-record--TNO-Geologische-Dienst-Nederland.Vergunningen-Mijnbouwwet-onder-INSPIRE.download.Vergunningen-Mijnbouwwet-onder-INSPIRE--downloadservice.checkdownloadurl: checkdownloadurl.feature:17 - path: $['Content-Type'][0], actual: 'application/xml;charset=utf-8', expected: 'text/xml', reason: not equal
tmp.junit17863174098671850733.Koninklijk-Nederlands-Meteorologisch-Instituut--KNMI-.Aardbevingen-Nederland--KNMI-.download.Download-Service-voor-KNMI-INSPIRE-Annex-III-datasets.checkdownloadurl: checkdownloadurl.feature:16 - path: $['Content-Length'][0], actual: null, expected: '#notnull', reason: actual json-path does not exist
tmp.junit17863174098671850733.Koninklijk-Nederlands-Meteorologisch-Instituut--KNMI-.Aardbevingen-Nederland--KNMI-.view.View-service-voor-aardbevingen-in-Nederland.checkViewUrl: checkViewUrl.feature:16 - path: $['Content-Length'][0], actual: null, expected: '#notnull', reason: actual json-path does not exist
tmp.junit17863174098671850733.Koninklijk-Nederlands-Meteorologisch-Instituut--KNMI-.Gecontroleerde-klimatologische-daggegevens-KNMI-Nederland.download.Download-Service-voor-KNMI-INSPIRE-Annex-III-datasets.checkdownloadurl: checkdownloadurl.feature:16 - path: $['Content-Length'][0], actual: null, expected: '#notnull', reason: actual json-path does not exist
tmp.junit17863174098671850733.Koninklijk-Nederlands-Meteorologisch-Instituut--KNMI-.Gecontroleerde-klimatologische-daggegevens-KNMI-Nederland.view.View-service-voor-gecontroleerde-klimatologische-daggegevens-KNMI-Nederland.checkViewUrl: checkViewUrl.feature:16 - path: $['Content-Length'][0], actual: null, expected: '#notnull', reason: actual json-path does not exist
tmp.junit17863174098671850733.Koninklijk-Nederlands-Meteorologisch-Instituut--KNMI-.Actuele-synoptische-weerwaarnemingen-KNMI-Nederland-per-10-minuten--24-uur-.download.Download-Service-voor-KNMI-INSPIRE-Annex-III-datasets.checkdownloadurl: checkdownloadurl.feature:16 - path: $['Content-Length'][0], actual: null, expected: '#notnull', reason: actual json-path does not exist
tmp.junit17863174098671850733.Koninklijk-Nederlands-Meteorologisch-Instituut--KNMI-.Actuele-synoptische-weerwaarnemingen-KNMI-Nederland-per-10-minuten--24-uur-.view.View-service-voor-actuele-synoptische-weerwaarnemingen-KNMI-Nederland-per-10-minuten.checkViewUrl: checkViewUrl.feature:16 - path: $['Content-Length'][0], actual: null, expected: '#notnull', reason: actual json-path does not exist
tmp.junit17863174098671850733.Koninklijk-Nederlands-Meteorologisch-Instituut--KNMI-.Netwerk-van-KNMI-waarneemstations.download.Download-Service-voor-KNMI-INSPIRE-Annex-III-datasets.checkdownloadurl: checkdownloadurl.feature:16 - path: $['Content-Length'][0], actual: null, expected: '#notnull', reason: actual json-path does not exist
tmp.junit17863174098671850733.Koninklijk-Nederlands-Meteorologisch-Instituut--KNMI-.Netwerk-van-KNMI-waarneemstations.view.View-service-voor-het-netwerk-van-waarneemstations-KNMI-Nederland.checkViewUrl: checkViewUrl.feature:16 - path: $['Content-Length'][0], actual: null, expected: '#notnull', reason: actual json-path does not exist
tmp.junit17863174098671850733.Rijkswaterstaat.Menselijke-gezondheid-en-veiligheid---geluidbelasting-rijkswegen-2011--INSPIRE-geharmoniseerd-.download.Menselijke-gezondheid-en-veiligheid---geluidbelasting-rijkswegen-2011--INSPIRE-geharmoniseerd--ATOM.checkdownloadurl: checkdownloadurl.feature:16 - path: $['Content-Length'][0], actual: null, expected: '#notnull', reason: actual json-path does not exist
tmp.junit17863174098671850733.Rijkswaterstaat.Menselijke-gezondheid-en-veiligheid---geluidbelasting-rijkswegen-2011--INSPIRE-geharmoniseerd-.view.Menselijke-gezondheid-en-veiligheid---geluidbelasting-rijkswegen-2011--INSPIRE-geharmoniseerd--WMS.checkViewUrl: checkViewUrl.feature:16 - path: $['Content-Length'][0], actual: null, expected: '#notnull', reason: actual json-path does not exist
tmp.junit17863174098671850733.Rijkswaterstaat.Menselijke-gezondheid-en-veiligheid---geluidbelasting-rijkswegen-2011--INSPIRE-geharmoniseerd-.other.Menselijke-gezondheid-en-veiligheid---geluidbelasting-rijkswegen-2011--INSPIRE-geharmoniseerd--WFS.checkOtherUrl: checkOtherUrl.feature:16 - path: $['Content-Length'][0], actual: null, expected: '#notnull', reason: actual json-path does not exist
tmp.junit17863174098671850733.Rijkswaterstaat.Bathymetrie-Nederland---binnenwateren.download.Bathymetrie-Nederland---binnenwateren-WCS.checkdownloadurl: checkdownloadurl.feature:16 - path: $['Content-Length'][0], actual: null, expected: '#notnull', reason: actual json-path does not exist
tmp.junit17863174098671850733.Rijkswaterstaat.Bathymetrie-Nederland---binnenwateren.view.Bathymetrie-Nederland---binnenwateren-WMS.checkViewUrl: checkViewUrl.feature:16 - path: $['Content-Length'][0], actual: null, expected: '#notnull', reason: actual json-path does not exist
tmp.junit17863174098671850733.Rijkswaterstaat.Waterstanden-en-afvoeren-actueel---Rijkswaterstaat.view.Waterstanden-en-afvoeren-actueel---Rijkswaterstaat---WMS.checkViewUrl: checkViewUrl.feature:16 - path: $['Content-Length'][0], actual: null, expected: '#notnull', reason: actual json-path does not exist
tmp.junit17863174098671850733.Rijkswaterstaat.Waterstanden-en-afvoeren-actueel---Rijkswaterstaat.other.Waterstanden-en-afvoeren-actueel---Rijkswaterstaat---WFS.checkOtherUrl: checkOtherUrl.feature:16 - path: $['Content-Length'][0], actual: null, expected: '#notnull', reason: actual json-path does not exist
tmp.junit17863174098671850733.Rijkswaterstaat.Landelijk-zoet-en-zoutwatermeetnet---Rijkswaterstaat.view.Landelijk-zoet-en-zoutwatermeetnet---Rijkswaterstaat-WMS.checkViewUrl: checkViewUrl.feature:16 - path: $['Content-Length'][0], actual: null, expected: '#notnull', reason: actual json-path does not exist
tmp.junit17863174098671850733.Rijkswaterstaat.Landelijk-zoet-en-zoutwatermeetnet---Rijkswaterstaat.other.Landelijk-zoet-en-zoutwatermeetnet---Rijkswaterstaat-WFS.checkOtherUrl: checkOtherUrl.feature:16 - path: $['Content-Length'][0], actual: null, expected: '#notnull', reason: actual json-path does not exist
tmp.junit17863174098671850733.Rijkswaterstaat.Menselijke-gezondheid-en-veiligheid----geluidbelasting-rijkswegen-2006--INSPIRE-geharmoniseerd-.download.Menselijke-gezondheid-en-veiligheid---geluidbelasting-rijkswegen-2006--INSPIRE-geharmoniseerd--ATOM.checkdownloadurl: checkdownloadurl.feature:16 - path: $['Content-Length'][0], actual: null, expected: '#notnull', reason: actual json-path does not exist
tmp.junit17863174098671850733.Rijkswaterstaat.Menselijke-gezondheid-en-veiligheid----geluidbelasting-rijkswegen-2006--INSPIRE-geharmoniseerd-.view.Menselijke-gezondheid-en-veiligheid---geluidbelasting-rijkswegen-2006--INSPIRE-geharmoniseerd--WMS.checkViewUrl: checkViewUrl.feature:16 - path: $['Content-Length'][0], actual: null, expected: '#notnull', reason: actual json-path does not exist
tmp.junit17863174098671850733.Rijkswaterstaat.Menselijke-gezondheid-en-veiligheid----geluidbelasting-rijkswegen-2006--INSPIRE-geharmoniseerd-.other.Menselijke-gezondheid-en-veiligheid---geluidbelasting-rijkswegen-2006--INSPIRE-geharmoniseerd--WFS.checkOtherUrl: checkOtherUrl.feature:16 - path: $['Content-Length'][0], actual: null, expected: '#notnull', reason: actual json-path does not exist
tmp.junit17863174098671850733.Rijkswaterstaat.Kaderrichtlijn-Mariene-Strategie---Bevroren-monitoringsdata.view.Kaderrichtlijn-Mariene-Strategie---Bevroren-monitoringsdata-WMS.checkViewUrl: checkViewUrl.feature:15 - status code was: 501, expected: 200, response time: 987, url: https://marineprojects.openearth.nl/geoserver/ihm_krm/wms?service=WMS&version=1.3.0&request=GetCapabilities, response: 
tmp.junit17863174098671850733.Rijkswaterstaat.Kaderrichtlijn-Mariene-Strategie---Bevroren-monitoringsdata.other.Kaderrichtlijn-Mariene-Strategie---Bevroren-monitoringsdata-WFS.checkOtherUrl: checkOtherUrl.feature:15 - status code was: 501, expected: 200, response time: 782, url: https://marineprojects.openearth.nl/geoserver/ihm_krm/wfs?service=WFS&version=2.0.0&request=GetCapabilities, response: 
tmp.junit17863174098671850733.Rijkswaterstaat.Bathymetrie-Nederland---kust.download.Bathymetrie-Nederland---kust-WCS.checkdownloadurl: checkdownloadurl.feature:16 - path: $['Content-Length'][0], actual: null, expected: '#notnull', reason: actual json-path does not exist
tmp.junit17863174098671850733.Rijkswaterstaat.Bathymetrie-Nederland---kust.view.Bathymetrie-Nederland---kust-WMS.checkViewUrl: checkViewUrl.feature:16 - path: $['Content-Length'][0], actual: null, expected: '#notnull', reason: actual json-path does not exist
tmp.junit17863174098671850733.Rijkswaterstaat.Menselijke-gezondheid-en-veiligheid---geluidbelasting-rijkswegen-2016--INSPIRE-geharmoniseerd-.download.Menselijke-gezondheid-en-veiligheid---geluidbelasting-rijkswegen-2016--INSPIRE-geharmoniseerd--ATOM.checkdownloadurl: checkdownloadurl.feature:16 - path: $['Content-Length'][0], actual: null, expected: '#notnull', reason: actual json-path does not exist
tmp.junit17863174098671850733.Rijkswaterstaat.Menselijke-gezondheid-en-veiligheid---geluidbelasting-rijkswegen-2016--INSPIRE-geharmoniseerd-.view.Menselijke-gezondheid-en-veiligheid---geluidbelasting-rijkswegen-2016--INSPIRE-geharmoniseerd--WMS.checkViewUrl: checkViewUrl.feature:16 - path: $['Content-Length'][0], actual: null, expected: '#notnull', reason: actual json-path does not exist
tmp.junit17863174098671850733.Rijkswaterstaat.Menselijke-gezondheid-en-veiligheid---geluidbelasting-rijkswegen-2016--INSPIRE-geharmoniseerd-.other.Menselijke-gezondheid-en-veiligheid---geluidbelasting-rijkswegen-2016--INSPIRE-geharmoniseerd--WFS.checkOtherUrl: checkOtherUrl.feature:16 - path: $['Content-Length'][0], actual: null, expected: '#notnull', reason: actual json-path does not exist
tmp.junit17863174098671850733.TNO-Geologische-Dienst-Nederland.Kaart-van-de-bodemopbouw-in-Nederland-1-50-000-onder-INSPIRE.download.Kaart-van-de-bodemopbouw-in-Nederland-1-50-000-onder-INSPIRE---downloadservice.checkdownloadurl: checkdownloadurl.feature:17 - path: $['Content-Type'][0], actual: 'application/xml;charset=utf-8', expected: 'text/xml', reason: not equal
tmp.junit17863174098671850733.TNO-Geologische-Dienst-Nederland.Geologisch-booronderzoek-onder-INSPIRE.download.Geologisch-booronderzoek-onder-INSPIRE--downloadservice.checkdownloadurl: checkdownloadurl.feature:17 - path: $['Content-Type'][0], actual: 'application/xml;charset=utf-8', expected: 'text/xml', reason: not equal
tmp.junit17863174098671850733.TNO-Geologische-Dienst-Nederland.zoutvelden-en-zoutproductieputten-onder-INSPIRE.download.zoutvelden-en-zoutproductieputten-onder-INSPIRE--downloadservice.checkdownloadurl: checkdownloadurl.feature:17 - path: $['Content-Type'][0], actual: 'application/xml;charset=utf-8', expected: 'text/xml', reason: not equal
tmp.junit17863174098671850733.TNO-Geologische-Dienst-Nederland.Bodemkundig-boormonsterprofiel-onder-INSPIRE.download.Bodemkundig-boormonsterprofiel-onder-INSPIRE--downloadservice.checkdownloadurl: checkdownloadurl.feature:17 - path: $['Content-Type'][0], actual: 'application/xml;charset=utf-8', expected: 'text/xml', reason: not equal
tmp.junit17863174098671850733.TNO-Geologische-Dienst-Nederland.Totale-potentie-aardwarmte-uit-aquifers--INSPIRE.download.Totale-potentie-aardwarmte-uit-aquifers--INSPIRE-downloadservice.checkdownloadurl: checkdownloadurl.feature:17 - path: $['Content-Type'][0], actual: 'application/atom+xml', expected: 'text/xml', reason: not equal
tmp.junit17863174098671850733.TNO-Geologische-Dienst-Nederland.Totale-potentie-aardwarmte-uit-aquifers--INSPIRE.view.Totale-potentie-aardwarmte-uit-aquifers--INSPIRE--viewservice.checkViewUrl: checkViewUrl.feature:15 - status code was: 400, expected: 200, response time: 306, url: https://www.broinspireservices.nl/arcgis/services/inspire/inspire_awp/MapServer/WMSServer?request=GetCapabilities&service=WMS, response: 
tmp.junit17863174098671850733.TNO-Geologische-Dienst-Nederland.Grondwateronderzoek-onder-INSPIRE.download.Grondwateronderzoek-onder-INSPIRE--downloadservice.checkdownloadurl: checkdownloadurl.feature:17 - path: $['Content-Type'][0], actual: 'application/xml;charset=utf-8', expected: 'text/xml', reason: not equal
tmp.junit17863174098671850733.TNO-Geologische-Dienst-Nederland.Grondwatersamenstellinggegevens-KRW-meetronde-2012-onder-INSPIRE.download.Grondwatersamenstellinggegevens-KRW-meetronde-2012-onder-INSPIRE--downloadservice.checkdownloadurl: checkdownloadurl.feature:17 - path: $['Content-Type'][0], actual: 'application/xml;charset=utf-8', expected: 'text/xml', reason: not equal
tmp.junit17863174098671850733.TNO-Geologische-Dienst-Nederland.Oppervlaktegeologie--Geologische-kaart-onder-INSPIRE.download.Oppervlaktegeologie--Geologische-kaart-onder-INSPIRE--downloadservice.checkdownloadurl: checkdownloadurl.feature:17 - path: $['Content-Type'][0], actual: 'application/xml;charset=utf-8', expected: 'text/xml', reason: not equal
tmp.junit17863174098671850733.TNO-Geologische-Dienst-Nederland.Olie--en-gasvelden-onder-INSPIRE.download.Olie--en-gasvelden-onder-INSPIRE--downloadservice.checkdownloadurl: checkdownloadurl.feature:17 - path: $['Content-Type'][0], actual: 'application/xml;charset=utf-8', expected: 'text/xml', reason: not equal
tmp.junit17863174098671850733.Beheer-PDOK--Rijkswaterstaat--Rijkswaterstaat--Rijkswaterstaat--Beheer-PDOK.Vervoersnetwerken---Waterwegen--INSPIRE-geharmoniseerd----WT.download.Vervoersnetwerken-Waterwegen-RWS--INSPIRE-geharmoniseerd--WFS.checkdownloadurl: checkdownloadurl.feature:16 - path: $['Content-Length'][0], actual: null, expected: '#notnull', reason: actual json-path does not exist
tmp.junit17863174098671850733.Beheer-PDOK--Rijkswaterstaat--Rijkswaterstaat--Rijkswaterstaat--Beheer-PDOK.Vervoersnetwerken---Waterwegen--INSPIRE-geharmoniseerd----WT.download.Vervoersnetwerken---Waterwegen--INSPIRE-geharmoniseerd----WT-ATOM.checkdownloadurl: checkdownloadurl.feature:16 - path: $['Content-Length'][0], actual: null, expected: '#notnull', reason: actual json-path does not exist
tmp.junit17863174098671850733.Beheer-PDOK--Rijkswaterstaat--Rijkswaterstaat--Rijkswaterstaat--Beheer-PDOK.Vervoersnetwerken---Waterwegen--INSPIRE-geharmoniseerd----WT.view.Vervoersnetwerken-Waterwegen-RWS--INSPIRE-geharmoniseerd--WMS.checkViewUrl: checkViewUrl.feature:16 - path: $['Content-Length'][0], actual: null, expected: '#notnull', reason: actual json-path does not exist
tmp.junit17863174098671850733.Beheer-PDOK--Rijkswaterstaat--Rijkswaterstaat--Rijkswaterstaat--Beheer-PDOK.Vervoersnetwerken---Waterwegen--INSPIRE-geharmoniseerd----WT.view.Vervoersnetwerken---Waterwegen--INSPIRE-geharmoniseerd----WT-WMS.checkViewUrl: checkViewUrl.feature:16 - path: $['Content-Length'][0], actual: null, expected: '#notnull', reason: actual json-path does not exist
tmp.junit17863174098671850733.Beheer-PDOK--Rijkswaterstaat--Rijkswaterstaat--Rijkswaterstaat--Beheer-PDOK.Vervoersnetwerken---Waterwegen--INSPIRE-geharmoniseerd----WT.other.Vervoersnetwerken---Waterwegen--INSPIRE-geharmoniseerd----WT-WFS.checkOtherUrl: checkOtherUrl.feature:16 - path: $['Content-Length'][0], actual: null, expected: '#notnull', reason: actual json-path does not exist
tmp.junit17863174098671850733.Informatiehuis-Water.Kaderrichtlijn-Water---Monitoringlocaties-Nederland-EU2015.download.Meetlocaties-Waterkwaliteit--KRW-waterlichamen-en-stroomgebied-districten---Atom-feed.checkdownloadurl: checkdownloadurl.feature:17 - path: $['Content-Type'][0], actual: 'text/xml; charset=utf-8', expected: 'text/xml', reason: not equal
tmp.junit17863174098671850733.Informatiehuis-Water.Kaderrichtlijn-Water---Stroomgebieddistricten-Nederland-EU2015.download.Meetlocaties-Waterkwaliteit--KRW-waterlichamen-en-stroomgebied-districten---Atom-feed.checkdownloadurl: checkdownloadurl.feature:17 - path: $['Content-Type'][0], actual: 'text/xml; charset=utf-8', expected: 'text/xml', reason: not equal
tmp.junit17863174098671850733.Interprovinciaal-Overleg.Landelijk-grondwaterregister---Faciliteiten-voor-productie-en-industrie.download.INSPIRE-Download-service-voor-Faciliteiten-voor-productie-en-industrie.checkdownloadurl: checkdownloadurl.feature:15 - status code was: 400, expected: 200, response time: 309, url: http://services.inspire-provincies.nl/ProductionAndIndustrialFacilities/services/download_PF?request=GetCapabilities, response: 
tmp.junit17863174098671850733.Interprovinciaal-Overleg.Landelijk-grondwaterregister---Faciliteiten-voor-productie-en-industrie.view.INSPIRE-View-service-voor-Faciliteiten-voor-productie-en-industrie.checkViewUrl: checkViewUrl.feature:16 - path: $['Content-Length'][0], actual: null, expected: '#notnull', reason: actual json-path does not exist
tmp.junit17863174098671850733.Interprovinciaal-Overleg.Zwemwaterlocaties-en-zwemwaterkwaliteit---monsterpunten.download.INSPIRE-Download-service-voor-Milieubewakingsvoorzieningen.checkdownloadurl: checkdownloadurl.feature:15 - status code was: 400, expected: 200, response time: 189, url: http://services.inspire-provincies.nl/EnvironmentalMonitoringFacilities/services/download_EF?request=GetCapabilities, response: 
tmp.junit17863174098671850733.Interprovinciaal-Overleg.Zwemwaterlocaties-en-zwemwaterkwaliteit---monsterpunten.view.INSPIRE-View-service-voor-Milieubewakingsvoorzieningen.checkViewUrl: checkViewUrl.feature:16 - path: $['Content-Length'][0], actual: null, expected: '#notnull', reason: actual json-path does not exist
tmp.junit17863174098671850733.Interprovinciaal-Overleg.Natuurbranden.download.INSPIRE-Download-service-voor-Gebieden-met-natuurrisico-s.checkdownloadurl: checkdownloadurl.feature:15 - status code was: 400, expected: 200, response time: 183, url: http://services.inspire-provincies.nl/NaturalRiskZones/services/download_NZ?request=GetCapabilities, response: 
tmp.junit17863174098671850733.Interprovinciaal-Overleg.Natuurbranden.view.INSPIRE-View-service-voor-Gebieden-met-natuurrisico-s.checkViewUrl: checkViewUrl.feature:16 - path: $['Content-Length'][0], actual: null, expected: '#notnull', reason: actual json-path does not exist
tmp.junit17863174098671850733.PDOK--Beheer-PDOK--Beheer-PDOK.CBS-Vierkantstatistieken-100m.download.CBS-Vierkantstatistieken-100m-WFS.checkdownloadurl: checkdownloadurl.feature:16 - path: $['Content-Length'][0], actual: null, expected: '#notnull', reason: actual json-path does not exist
tmp.junit17863174098671850733.PDOK--Beheer-PDOK--Beheer-PDOK.CBS-Vierkantstatistieken-100m.view.CBS-Vierkantstatistieken-100m-WMS.checkViewUrl: checkViewUrl.feature:16 - path: $['Content-Length'][0], actual: null, expected: '#notnull', reason: actual json-path does not exist
tmp.junit17863174098671850733.PDOK--Beheer-PDOK--Beheer-PDOK.CBS-gebiedsindelingen.download.CBS-Gebiedsindelingen-WFS.checkdownloadurl: checkdownloadurl.feature:16 - path: $['Content-Length'][0], actual: null, expected: '#notnull', reason: actual json-path does not exist
tmp.junit17863174098671850733.PDOK--Beheer-PDOK--Beheer-PDOK.CBS-gebiedsindelingen.view.CBS-Gebiedsindelingen-WMS.checkViewUrl: checkViewUrl.feature:16 - path: $['Content-Length'][0], actual: null, expected: '#notnull', reason: actual json-path does not exist
tmp.junit17863174098671850733.Rijksdienst-voor-het-Cultureel-Erfgoed.Werelderfgoed.download.INSPIRE-Download-service-Beschermde-gebieden.checkdownloadurl: checkdownloadurl.feature:17 - path: $['Content-Type'][0], actual: 'application/xml;charset=UTF-8', expected: 'text/xml', reason: not equal
tmp.junit17863174098671850733.Rijksdienst-voor-het-Cultureel-Erfgoed.Werelderfgoed.view.INSPIRE-View-service-Beschermde-gebieden.checkViewUrl: checkViewUrl.feature:18 - assert evaluated to false: filesize > 50
tmp.junit17863174098671850733.Rijksdienst-voor-het-Cultureel-Erfgoed.Stads--en-Dorpsgezichten.download.INSPIRE-Download-service-Beschermde-gebieden.checkdownloadurl: checkdownloadurl.feature:17 - path: $['Content-Type'][0], actual: 'application/xml;charset=UTF-8', expected: 'text/xml', reason: not equal
tmp.junit17863174098671850733.Rijksdienst-voor-het-Cultureel-Erfgoed.Stads--en-Dorpsgezichten.view.INSPIRE-View-service-Beschermde-gebieden.checkViewUrl: checkViewUrl.feature:18 - assert evaluated to false: filesize > 50
tmp.junit17863174098671850733.Rijksdienst-voor-het-Cultureel-Erfgoed.Rijksmonumenten--verouderd-.download.INSPIRE-Download-service-Beschermde-gebieden.checkdownloadurl: checkdownloadurl.feature:17 - path: $['Content-Type'][0], actual: 'application/xml;charset=UTF-8', expected: 'text/xml', reason: not equal
tmp.junit17863174098671850733.Rijksdienst-voor-het-Cultureel-Erfgoed.Rijksmonumenten--verouderd-.view.INSPIRE-View-service-Beschermde-gebieden.checkViewUrl: checkViewUrl.feature:18 - assert evaluated to false: filesize > 50
tmp.junit17863174098671850733.Beheer-PDOK--Rijkswaterstaat--Rijkswaterstaat--Beheer-PDOK--Rijkswaterstaat.Hydrografie---Netwerk--INSPIRE-geharmoniseerd----WT.download.Hydrografie---Netwerk-RWS--INSPIRE-geharmoniseerd--WFS.checkdownloadurl: checkdownloadurl.feature:16 - path: $['Content-Length'][0], actual: null, expected: '#notnull', reason: actual json-path does not exist
tmp.junit17863174098671850733.Beheer-PDOK--Rijkswaterstaat--Rijkswaterstaat--Beheer-PDOK--Rijkswaterstaat.Hydrografie---Netwerk--INSPIRE-geharmoniseerd----WT.download.Hydrografie---Netwerk--INSPIRE-geharmoniseerd----WT-ATOM.checkdownloadurl: checkdownloadurl.feature:16 - path: $['Content-Length'][0], actual: null, expected: '#notnull', reason: actual json-path does not exist
tmp.junit17863174098671850733.Beheer-PDOK--Rijkswaterstaat--Rijkswaterstaat--Beheer-PDOK--Rijkswaterstaat.Hydrografie---Netwerk--INSPIRE-geharmoniseerd----WT.view.Hydrografie---Netwerk-RWS--INSPIRE-geharmoniseerd--WMS.checkViewUrl: checkViewUrl.feature:16 - path: $['Content-Length'][0], actual: null, expected: '#notnull', reason: actual json-path does not exist
tmp.junit17863174098671850733.Beheer-PDOK--Rijkswaterstaat--Rijkswaterstaat--Beheer-PDOK--Rijkswaterstaat.Hydrografie---Netwerk--INSPIRE-geharmoniseerd----WT.view.Hydrografie---Netwerk--INSPIRE-geharmoniseerd----WT-WMS.checkViewUrl: checkViewUrl.feature:16 - path: $['Content-Length'][0], actual: null, expected: '#notnull', reason: actual json-path does not exist
tmp.junit17863174098671850733.Beheer-PDOK--Rijkswaterstaat--Rijkswaterstaat--Beheer-PDOK--Rijkswaterstaat.Hydrografie---Netwerk--INSPIRE-geharmoniseerd----WT.other.Hydrografie---Netwerk--INSPIRE-geharmoniseerd----WT-WFS.checkOtherUrl: checkOtherUrl.feature:16 - path: $['Content-Length'][0], actual: null, expected: '#notnull', reason: actual json-path does not exist
 ==> expected: <0> but was: <262>
	at templateTests.TestAllTemplates.Createtests(InspireTemplateTest.java:77)
]]></failure>
    <system-out><![CDATA[/tmp/junit17863174098671850733/datasets.csv
/tmp/junit17863174098671850733/services.csv
templatedir:/home/runner/work/nl-inspire-eu-test/nl-inspire-eu-test/src/test/java/templateTests
gentestdir:/tmp/junit17863174098671850733
test:/tmp/junit17863174098671850733/Rijksinstituut-voor-Volksgezondheid-en-Milieu/Zones-en-agglomeraties--Richtlijn-Luchtkwaliteit--2013/download/INSPIRE-download-service-RIVM/checkdownloadurl.feature
test:/tmp/junit17863174098671850733/Rijksinstituut-voor-Volksgezondheid-en-Milieu/Zones-en-agglomeraties--Richtlijn-Luchtkwaliteit--2013/download/Zones-en-agglomeraties--Richtlijn-Luchtkwaliteit--2013--WFS-/checkdownloadurl.feature
test:/tmp/junit17863174098671850733/Rijksinstituut-voor-Volksgezondheid-en-Milieu/Zones-en-agglomeraties--Richtlijn-Luchtkwaliteit--2013/view/Zones-en-agglomeraties--Richtlijn-Luchtkwaliteit--2013--WMS-/checkViewUrl.feature
test:/tmp/junit17863174098671850733/Rijksinstituut-voor-Volksgezondheid-en-Milieu/Afgevoerde-hoeveelheid-afval-in-2015-vanuit-de-industrie/download/Afgevoerde-hoeveelheid-afval-in-2015-vanuit-de-industrie--WFS-/checkdownloadurl.feature
test:/tmp/junit17863174098671850733/Rijksinstituut-voor-Volksgezondheid-en-Milieu/Afgevoerde-hoeveelheid-afval-in-2015-vanuit-de-industrie/download/INSPIRE-download-service-RIVM/checkdownloadurl.feature
test:/tmp/junit17863174098671850733/Rijksinstituut-voor-Volksgezondheid-en-Milieu/Afgevoerde-hoeveelheid-afval-in-2015-vanuit-de-industrie/view/Afgevoerde-hoeveelheid-afval-in-2015-vanuit-de-industrie--WMS-/checkViewUrl.feature
test:/tmp/junit17863174098671850733/Rijksinstituut-voor-Volksgezondheid-en-Milieu/Kwaliteit-van-drinkwater-in-Nederland--2012-/download/Kwaliteit-van-drinkwater-in-Nederland--2012---WFS-/checkdownloadurl.feature
test:/tmp/junit17863174098671850733/Rijksinstituut-voor-Volksgezondheid-en-Milieu/Kwaliteit-van-drinkwater-in-Nederland--2012-/download/INSPIRE-download-service-RIVM/checkdownloadurl.feature
test:/tmp/junit17863174098671850733/Rijksinstituut-voor-Volksgezondheid-en-Milieu/Kwaliteit-van-drinkwater-in-Nederland--2012-/view/Kwaliteit-van-drinkwater-in-Nederland--2012---WMS-/checkViewUrl.feature
test:/tmp/junit17863174098671850733/Rijksinstituut-voor-Volksgezondheid-en-Milieu/Natuurlijke-alfa-activiteitsconcentratie-in-lucht-Nationaal-Meetnet-Radioactiviteit-2011/download/Natuurlijke-alfa-activiteitsconcentratie-in-lucht-Nationaal-Meetnet-Radioactiviteit-2011--WFS-/checkdownloadurl.feature
test:/tmp/junit17863174098671850733/Rijksinstituut-voor-Volksgezondheid-en-Milieu/Natuurlijke-alfa-activiteitsconcentratie-in-lucht-Nationaal-Meetnet-Radioactiviteit-2011/download/INSPIRE-download-service-RIVM/checkdownloadurl.feature
test:/tmp/junit17863174098671850733/Rijksinstituut-voor-Volksgezondheid-en-Milieu/Natuurlijke-alfa-activiteitsconcentratie-in-lucht-Nationaal-Meetnet-Radioactiviteit-2011/view/Natuurlijke-alfa-activiteitsconcentratie-in-lucht-Nationaal-Meetnet-Radioactiviteit-2011--WMS-/checkViewUrl.feature
test:/tmp/junit17863174098671850733/Rijksinstituut-voor-Volksgezondheid-en-Milieu/LCP-emissies--Richtlijn-Industri-le-emissies--2016/download/LCP-emissies--Richtlijn-Industri-le-emissies--2016--WFS-/checkdownloadurl.feature
test:/tmp/junit17863174098671850733/Rijksinstituut-voor-Volksgezondheid-en-Milieu/LCP-emissies--Richtlijn-Industri-le-emissies--2016/download/INSPIRE-download-service-RIVM/checkdownloadurl.feature
test:/tmp/junit17863174098671850733/Rijksinstituut-voor-Volksgezondheid-en-Milieu/LCP-emissies--Richtlijn-Industri-le-emissies--2016/view/LCP-emissies--Richtlijn-Industri-le-emissies--2016--WMS-/checkViewUrl.feature
test:/tmp/junit17863174098671850733/Rijksinstituut-voor-Volksgezondheid-en-Milieu/Monitoring-stations--Nitraatrichtlijn--ondiepe-filters/download/Monitoring-stations--Nitraatrichtlijn--ondiepe-filters--WFS-/checkdownloadurl.feature
test:/tmp/junit17863174098671850733/Rijksinstituut-voor-Volksgezondheid-en-Milieu/Monitoring-stations--Nitraatrichtlijn--ondiepe-filters/download/INSPIRE-download-service-RIVM/checkdownloadurl.feature
test:/tmp/junit17863174098671850733/Rijksinstituut-voor-Volksgezondheid-en-Milieu/Monitoring-stations--Nitraatrichtlijn--ondiepe-filters/view/Monitoring-stations--Nitraatrichtlijn--ondiepe-filters--WMS-/checkViewUrl.feature
test:/tmp/junit17863174098671850733/Rijksinstituut-voor-Volksgezondheid-en-Milieu/Gemeten-Stikstofmonoxide-concentraties-in-buitenlucht-/download/Meetwaarden-van-Luchtkwaliteitsstations-in-Nederland-/checkdownloadurl.feature
test:/tmp/junit17863174098671850733/Rijksinstituut-voor-Volksgezondheid-en-Milieu/Emissies-naar-het-riool-in-2011-vanuit-de-industrie/download/INSPIRE-download-service-RIVM/checkdownloadurl.feature
test:/tmp/junit17863174098671850733/Rijksinstituut-voor-Volksgezondheid-en-Milieu/Emissies-naar-het-riool-in-2011-vanuit-de-industrie/download/Emissies-naar-het-riool-in-2011-vanuit-de-industrie--WFS-/checkdownloadurl.feature
test:/tmp/junit17863174098671850733/Rijksinstituut-voor-Volksgezondheid-en-Milieu/Emissies-naar-het-riool-in-2011-vanuit-de-industrie/view/Emissies-naar-het-riool-in-2011-vanuit-de-industrie--WMS-/checkViewUrl.feature
test:/tmp/junit17863174098671850733/Rijksinstituut-voor-Volksgezondheid-en-Milieu/Gemeten-Ozon-concentraties-in-buitenlucht-/download/Meetwaarden-van-Luchtkwaliteitsstations-in-Nederland-/checkdownloadurl.feature
test:/tmp/junit17863174098671850733/Rijksinstituut-voor-Volksgezondheid-en-Milieu/Gemeten-Stikstofdioxide-concentraties-in-buitenlucht-/download/Meetwaarden-van-Luchtkwaliteitsstations-in-Nederland-/checkdownloadurl.feature
test:/tmp/junit17863174098671850733/Rijksinstituut-voor-Volksgezondheid-en-Milieu/Afgevoerde-hoeveelheid-afval-in-2011-vanuit-de-industrie/download/INSPIRE-download-service-RIVM/checkdownloadurl.feature
test:/tmp/junit17863174098671850733/Rijksinstituut-voor-Volksgezondheid-en-Milieu/Afgevoerde-hoeveelheid-afval-in-2011-vanuit-de-industrie/download/Afgevoerde-hoeveelheid-afval-in-2011-vanuit-de-industrie--WFS-/checkdownloadurl.feature
test:/tmp/junit17863174098671850733/Rijksinstituut-voor-Volksgezondheid-en-Milieu/Afgevoerde-hoeveelheid-afval-in-2011-vanuit-de-industrie/view/Afgevoerde-hoeveelheid-afval-in-2011-vanuit-de-industrie--WMS-/checkViewUrl.feature
test:/tmp/junit17863174098671850733/Rijksinstituut-voor-Volksgezondheid-en-Milieu/Emissies-naar-lucht-en-water-in-2015-vanuit-de-industrie/download/INSPIRE-download-service-RIVM/checkdownloadurl.feature
test:/tmp/junit17863174098671850733/Rijksinstituut-voor-Volksgezondheid-en-Milieu/Emissies-naar-lucht-en-water-in-2015-vanuit-de-industrie/download/Emissies-naar-lucht-en-water-in-2015-vanuit-de-industrie--WFS-/checkdownloadurl.feature
test:/tmp/junit17863174098671850733/Rijksinstituut-voor-Volksgezondheid-en-Milieu/Emissies-naar-lucht-en-water-in-2015-vanuit-de-industrie/view/Emissies-naar-lucht-en-water-in-2015-vanuit-de-industrie--WMS-/checkViewUrl.feature
test:/tmp/junit17863174098671850733/Rijksinstituut-voor-Volksgezondheid-en-Milieu/Gemeten-Zwaveldioxide-concentraties-in-buitenlucht-/download/Meetwaarden-van-Luchtkwaliteitsstations-in-Nederland-/checkdownloadurl.feature
test:/tmp/junit17863174098671850733/Rijksinstituut-voor-Volksgezondheid-en-Milieu/Emissies-naar-lucht-en-water-in-2011-vanuit-de-industrie/download/INSPIRE-download-service-RIVM/checkdownloadurl.feature
test:/tmp/junit17863174098671850733/Rijksinstituut-voor-Volksgezondheid-en-Milieu/Emissies-naar-lucht-en-water-in-2011-vanuit-de-industrie/download/Emissies-naar-lucht-en-water-in-2011-vanuit-de-industrie--WFS-/checkdownloadurl.feature
test:/tmp/junit17863174098671850733/Rijksinstituut-voor-Volksgezondheid-en-Milieu/Emissies-naar-lucht-en-water-in-2011-vanuit-de-industrie/view/Emissies-naar-lucht-en-water-in-2011-vanuit-de-industrie--WMS-/checkViewUrl.feature
test:/tmp/junit17863174098671850733/Rijksinstituut-voor-Volksgezondheid-en-Milieu/Emissies-naar-het-riool-in-2015-vanuit-de-industrie/download/INSPIRE-download-service-RIVM/checkdownloadurl.feature
test:/tmp/junit17863174098671850733/Rijksinstituut-voor-Volksgezondheid-en-Milieu/Emissies-naar-het-riool-in-2015-vanuit-de-industrie/download/Emissies-naar-het-riool-in-2015-vanuit-de-industrie--WFS-/checkdownloadurl.feature
test:/tmp/junit17863174098671850733/Rijksinstituut-voor-Volksgezondheid-en-Milieu/Emissies-naar-het-riool-in-2015-vanuit-de-industrie/view/Emissies-naar-het-riool-in-2015-vanuit-de-industrie--WMS-/checkViewUrl.feature
test:/tmp/junit17863174098671850733/Rijksinstituut-voor-Volksgezondheid-en-Milieu/Gemeten-Koolstofmonoxide-concentraties-in-buitenlucht-/download/Meetwaarden-van-Luchtkwaliteitsstations-in-Nederland-/checkdownloadurl.feature
test:/tmp/junit17863174098671850733/Rijksinstituut-voor-Volksgezondheid-en-Milieu/Monitoring-stations--Nitraatrichtlijn--diepe-filters/download/INSPIRE-download-service-RIVM/checkdownloadurl.feature
test:/tmp/junit17863174098671850733/Rijksinstituut-voor-Volksgezondheid-en-Milieu/Monitoring-stations--Nitraatrichtlijn--diepe-filters/download/Monitoring-stations--Nitraatrichtlijn--diepe-filters--WFS-/checkdownloadurl.feature
test:/tmp/junit17863174098671850733/Rijksinstituut-voor-Volksgezondheid-en-Milieu/Monitoring-stations--Nitraatrichtlijn--diepe-filters/view/Monitoring-stations--Nitraatrichtlijn--diepe-filters--WMS-/checkViewUrl.feature
test:/tmp/junit17863174098671850733/Rijksinstituut-voor-Volksgezondheid-en-Milieu/Gemeten-Ammoniak-concentraties-in-buitenlucht-/download/Meetwaarden-van-Luchtkwaliteitsstations-in-Nederland-/checkdownloadurl.feature
test:/tmp/junit17863174098671850733/Rijksinstituut-voor-Volksgezondheid-en-Milieu/Gemeten-Ammoniak-concentraties-in-buitenlucht-/download/INSPIRE-download-service-RIVM/checkdownloadurl.feature
test:/tmp/junit17863174098671850733/Rijksinstituut-voor-Volksgezondheid-en-Milieu/Ziekenhuizen-in-Nederland--september-2013-/download/INSPIRE-download-service-RIVM/checkdownloadurl.feature
test:/tmp/junit17863174098671850733/Rijksinstituut-voor-Volksgezondheid-en-Milieu/Ziekenhuizen-in-Nederland--september-2013-/download/Ziekenhuizen-in-Nederland--september-2013---WFS-/checkdownloadurl.feature
test:/tmp/junit17863174098671850733/Rijksinstituut-voor-Volksgezondheid-en-Milieu/Ziekenhuizen-in-Nederland--september-2013-/view/Ziekenhuizen-in-Nederland--september-2013---WMS-/checkViewUrl.feature
test:/tmp/junit17863174098671850733/Rijksinstituut-voor-Volksgezondheid-en-Milieu/Omgevingsdosisequivalenttempo-Nationaal-Meetnet-Radioactiviteit-2011/download/Omgevingsdosisequivalenttempo-Nationaal-Meetnet-Radioactiviteit-2011--WFS-/checkdownloadurl.feature
test:/tmp/junit17863174098671850733/Rijksinstituut-voor-Volksgezondheid-en-Milieu/Omgevingsdosisequivalenttempo-Nationaal-Meetnet-Radioactiviteit-2011/download/INSPIRE-download-service-RIVM/checkdownloadurl.feature
test:/tmp/junit17863174098671850733/Rijksinstituut-voor-Volksgezondheid-en-Milieu/Omgevingsdosisequivalenttempo-Nationaal-Meetnet-Radioactiviteit-2011/view/Omgevingsdosisequivalenttempo-Nationaal-Meetnet-Radioactiviteit-2011--WMS-/checkViewUrl.feature
test:/tmp/junit17863174098671850733/Rijksinstituut-voor-Volksgezondheid-en-Milieu/Gemeten-Fijn-stof-concentraties-in-buitenlucht-/download/Meetwaarden-van-Luchtkwaliteitsstations-in-Nederland-/checkdownloadurl.feature
test:/tmp/junit17863174098671850733/Rijksinstituut-voor-Volksgezondheid-en-Milieu/Gemeten-fijnere-fractie-van-Fijn-stof-concentraties-in-buitenlucht-/download/Meetwaarden-van-Luchtkwaliteitsstations-in-Nederland-/checkdownloadurl.feature
test:/tmp/junit17863174098671850733/Rijksinstituut-voor-Volksgezondheid-en-Milieu/Jaarcijfers-Landelijk-Meetnet-Luchtkwaliteit-2012/download/Jaarcijfers-Landelijk-Meetnet-Luchtkwaliteit-2012--WFS-/checkdownloadurl.feature
test:/tmp/junit17863174098671850733/Rijksinstituut-voor-Volksgezondheid-en-Milieu/Jaarcijfers-Landelijk-Meetnet-Luchtkwaliteit-2012/view/Jaarcijfers-Landelijk-Meetnet-Luchtkwaliteit-2012--WMS-/checkViewUrl.feature
test:/tmp/junit17863174098671850733/Ministerie-van-Defensie--Koninklijke-Marine--Dienst-der-Hydrografie/Maritieme-grenzen---Noordzee/download/Maritieme-grenzen---Noordzee---ATOM/checkdownloadurl.feature
test:/tmp/junit17863174098671850733/Ministerie-van-Defensie--Koninklijke-Marine--Dienst-der-Hydrografie/Maritieme-grenzen---Noordzee/download/Maritieme-grenzen---Noordzee---Downloadservice/checkdownloadurl.feature
test:/tmp/junit17863174098671850733/Ministerie-van-Defensie--Koninklijke-Marine--Dienst-der-Hydrografie/Maritieme-grenzen---Noordzee/view/Maritieme-grenzen---Noordzee---Viewservice/checkViewUrl.feature
test:/tmp/junit17863174098671850733/Ministerie-van-Defensie--Koninklijke-Marine--Dienst-der-Hydrografie/Territoriale-Zee-volgens-UNCLOS---Noordzee/download/Territoriale-Zee-volgens-UNCLOS---Noordzee---ATOM/checkdownloadurl.feature
test:/tmp/junit17863174098671850733/Ministerie-van-Defensie--Koninklijke-Marine--Dienst-der-Hydrografie/Aansluitende-zone-volgens-UNCLOS---Noordzee/download/Aansluitende-Zone-volgens-UNCLOS---Noordzee---ATOM/checkdownloadurl.feature
test:/tmp/junit17863174098671850733/Ministerie-van-Defensie--Koninklijke-Marine--Dienst-der-Hydrografie/Aansluitende-zone-volgens-UNCLOS---Noordzee/view/Aansluitende-Zone-volgens-UNCLOS---Noordzee---Viewservice/checkViewUrl.feature
test:/tmp/junit17863174098671850733/Ministerie-van-Defensie--Koninklijke-Marine--Dienst-der-Hydrografie/Geografische-Namen--Nat----Nederland/view/Geografische-Namen--Nat----Nederland---Viewservice/checkViewUrl.feature
test:/tmp/junit17863174098671850733/Ministerie-van-Defensie--Koninklijke-Marine--Dienst-der-Hydrografie/Amplitude-van-het-getij-op-de-Noordzee/view/Amplitude-van-het-getij-op-de-Noordzee-Viewservice/checkViewUrl.feature
test:/tmp/junit17863174098671850733/Ministerie-van-Defensie--Koninklijke-Marine--Dienst-der-Hydrografie/Amplitude-van-het-getij-op-de-Noordzee/view/Amplitude-van-het-getij-op-de-Noordzee-Downloadservice/checkViewUrl.feature
test:/tmp/junit17863174098671850733/Ministerie-van-Defensie--Koninklijke-Marine--Dienst-der-Hydrografie/Maritieme-grenzen---basislijn-Noordzee/download/Maritieme-grenzen---Basislijn-Noordzee---ATOM/checkdownloadurl.feature
test:/tmp/junit17863174098671850733/Ministerie-van-Defensie--Koninklijke-Marine--Dienst-der-Hydrografie/Maritieme-grenzen---basislijn-Noordzee/view/Maritieme-grenzen---basislijn-Noordzee---Viewservice/checkViewUrl.feature
test:/tmp/junit17863174098671850733/Ministerie-van-Defensie--Koninklijke-Marine--Dienst-der-Hydrografie/Blokindeling-van-het-Nederlands-Continentaal-Plat-volgens-de-Mijnbouwwet-en-Grensgebied-volgens-de-Aanvullende-Overeenkomst-bij-het-Eems-Dollardverdrag/download/Blokindeling-van-het-Nederlands-Continentaal-Plat-Downloadservice-volgens-de-Mijnbouwwet-en-Grensgebied-volgens-de-Aanvullende-Overeenkomst-bij-het-Eems-Dollardverdrag/checkdownloadurl.feature
test:/tmp/junit17863174098671850733/Ministerie-van-Defensie--Koninklijke-Marine--Dienst-der-Hydrografie/Blokindeling-van-het-Nederlands-Continentaal-Plat-volgens-de-Mijnbouwwet-en-Grensgebied-volgens-de-Aanvullende-Overeenkomst-bij-het-Eems-Dollardverdrag/view/Blokindeling-van-het-Nederlands-Continentaal-Plat-Viewservice-volgens-de-Mijnbouwwet-en-Grensgebied-volgens-de-Aanvullende-Overeenkomst-bij-het-Eems-Dollardverdrag/checkViewUrl.feature
test:/tmp/junit17863174098671850733/Ministerie-van-Defensie--Koninklijke-Marine--Dienst-der-Hydrografie/Nederlands-deel-PSSA-Waddenzee/download/Nederlands-deel-PSSA-Waddenzee-Downloadservice/checkdownloadurl.feature
test:/tmp/junit17863174098671850733/Ministerie-van-Defensie--Koninklijke-Marine--Dienst-der-Hydrografie/Nederlands-deel-PSSA-Waddenzee/view/Nederlands-deel-PSSA-Waddenzee-Viewservice/checkViewUrl.feature
test:/tmp/junit17863174098671850733/Ministerie-van-Defensie--Koninklijke-Marine--Dienst-der-Hydrografie/Eemsmonding-volgens-het-Eems-Dollardverdrag/download/Eemsmonding-volgens-het-Eems-Dollardverdrag-Downloadservice/checkdownloadurl.feature
test:/tmp/junit17863174098671850733/Ministerie-van-Defensie--Koninklijke-Marine--Dienst-der-Hydrografie/Eemsmonding-volgens-het-Eems-Dollardverdrag/view/Eemsmonding-volgens-het-Eems-Dollardverdrag-Viewservice/checkViewUrl.feature
test:/tmp/junit17863174098671850733/Ministerie-van-Defensie--Koninklijke-Marine--Dienst-der-Hydrografie/Bathymetrie-Nederlands-deel-van-de-Noordzee-dieper-dan-10-m-LAT/download/Bathymetrie-Nederlands-deel-van-de-Noordzee-dieper-dan-10-m-LAT--Downloadservice/checkdownloadurl.feature
test:/tmp/junit17863174098671850733/Ministerie-van-Defensie--Koninklijke-Marine--Dienst-der-Hydrografie/Zones-volgens-EU-Gemeenschappelijk-Visserijbeleid-tot-3M-en-6M/download/Zones-volgens-EU-Gemeenschappelijk-Visserijbeleid-tot-3M-en-6M---Downloadservice/checkdownloadurl.feature
test:/tmp/junit17863174098671850733/Ministerie-van-Defensie--Koninklijke-Marine--Dienst-der-Hydrografie/Zones-volgens-EU-Gemeenschappelijk-Visserijbeleid-tot-3M-en-6M/view/Zones-volgens-EU-Gemeenschappelijk-Visserijbeleid-tot-3M-en-6M---Viewservice/checkViewUrl.feature
test:/tmp/junit17863174098671850733/Ministerie-van-Defensie--Koninklijke-Marine--Dienst-der-Hydrografie/EEZ-volgens-UNCLOS---Noordzee/download/EEZ-volgens-UNCLOS---Noordzee---ATOM/checkdownloadurl.feature
test:/tmp/junit17863174098671850733/Ministerie-van-Defensie--Koninklijke-Marine--Dienst-der-Hydrografie/EEZ-volgens-UNCLOS---Noordzee/view/EEZ-volgens-UNCLOS---Noordzee---Viewservice/checkViewUrl.feature
test:/tmp/junit17863174098671850733/Beheer-PDOK/Richtlijn-Stedelijk-Afvalwater---rioolwaterzuiveringsinstallaties-Nederland-EU2015/download/Richtlijn-Stedelijk-Afvalwater-EU2015-WFS/checkdownloadurl.feature
test:/tmp/junit17863174098671850733/Beheer-PDOK/Richtlijn-Stedelijk-Afvalwater---rioolwaterzuiveringsinstallaties-Nederland-EU2015/download/Richtlijn-Stedelijk-Afvalwater-EU2015-ATOM/checkdownloadurl.feature
test:/tmp/junit17863174098671850733/Beheer-PDOK/Richtlijn-Stedelijk-Afvalwater---rioolwaterzuiveringsinstallaties-Nederland-EU2015/view/Richtlijn-Stedelijk-Afvalwater-EU2015-WMS/checkViewUrl.feature
test:/tmp/junit17863174098671850733/Beheer-PDOK/Richtlijn-Stedelijk-Afvalwater---lozingspunten-Nederland-EU2015/download/Richtlijn-Stedelijk-Afvalwater-EU2015-WFS/checkdownloadurl.feature
test:/tmp/junit17863174098671850733/Beheer-PDOK/Richtlijn-Stedelijk-Afvalwater---lozingspunten-Nederland-EU2015/download/Richtlijn-Stedelijk-Afvalwater-EU2015-ATOM/checkdownloadurl.feature
test:/tmp/junit17863174098671850733/Beheer-PDOK/Richtlijn-Stedelijk-Afvalwater---lozingspunten-Nederland-EU2015/view/Richtlijn-Stedelijk-Afvalwater-EU2015-WMS/checkViewUrl.feature
test:/tmp/junit17863174098671850733/Beheer-PDOK/Hydrografie-waterschappen-INSPIRE/download/Waterschappen-Hydrografie-INSPIRE-ATOM/checkdownloadurl.feature
test:/tmp/junit17863174098671850733/Beheer-PDOK/Hydrografie-waterschappen-INSPIRE/view/Waterschappen-Hydrografie-INSPIRE-WMS/checkViewUrl.feature
test:/tmp/junit17863174098671850733/Beheer-PDOK/Bodemkaart50000-versie2014/view/BRO---Bodemkaart-WMS/checkViewUrl.feature
test:/tmp/junit17863174098671850733/Beheer-PDOK/Windsnelheden-op-100m-hoogte--m/s-/download/Windsnelheden-100m-hoogte-WFS/checkdownloadurl.feature
test:/tmp/junit17863174098671850733/Beheer-PDOK/Windsnelheden-op-100m-hoogte--m/s-/view/Windsnelheden-100m-hoogte-WMS/checkViewUrl.feature
test:/tmp/junit17863174098671850733/Beheer-PDOK/Zeegebieden--INSPIRE-geharmoniseerd-/download/Zeegebieden--INSPIRE-geharmoniseerd--WFS/checkdownloadurl.feature
test:/tmp/junit17863174098671850733/Beheer-PDOK/Zeegebieden--INSPIRE-geharmoniseerd-/view/Zeegebieden--INSPIRE-geharmoniseerd--WMS/checkViewUrl.feature
test:/tmp/junit17863174098671850733/Beheer-PDOK/BAG/download/BAG-WFS/checkdownloadurl.feature
test:/tmp/junit17863174098671850733/Beheer-PDOK/BAG/view/BAG-WMS/checkViewUrl.feature
test:/tmp/junit17863174098671850733/Beheer-PDOK/Vervoersnetwerken---Luchttransport--INSPIRE-geharmoniseerd-/download/Vervoersnetwerken---Luchttransport--INSPIRE-geharmoniseerd--WFS/checkdownloadurl.feature
test:/tmp/junit17863174098671850733/Beheer-PDOK/Vervoersnetwerken---Luchttransport--INSPIRE-geharmoniseerd-/view/Vervoersnetwerken---Luchttransport--INSPIRE-geharmoniseerd--WMS/checkViewUrl.feature
test:/tmp/junit17863174098671850733/Beheer-PDOK/Vervoersnetwerken---Wegen--INSPIRE-geharmoniseerd-/download/Vervoersnetwerken---Wegen--INSPIRE-geharmoniseerd----Kadaster-WFS/checkdownloadurl.feature
test:/tmp/junit17863174098671850733/Beheer-PDOK/Vervoersnetwerken---Wegen--INSPIRE-geharmoniseerd-/view/Vervoersnetwerken---Wegen--INSPIRE-geharmoniseerd----Kadaster-WMS/checkViewUrl.feature
test:/tmp/junit17863174098671850733/Beheer-PDOK/Provinciale-monumenten/download/Beschermde-gebieden---Provincies--INSPIRE-geharmoniseerd--ATOM-V1/checkdownloadurl.feature
test:/tmp/junit17863174098671850733/Beheer-PDOK/Provinciale-monumenten/view/Beschermde-gebieden---Provincies--INSPIRE-geharmoniseerd--WMS-V1/checkViewUrl.feature
test:/tmp/junit17863174098671850733/Beheer-PDOK/Land-Use-2015/download/Statistics-Netherlands-Land-Use-2015-WFS--BBG-2015-INSPIRE-geharmoniseerd-/checkdownloadurl.feature
test:/tmp/junit17863174098671850733/Beheer-PDOK/Land-Use-2015/view/Statistics-Netherlands-Land-Use-2015-WMS--BBG-2015-INSPIRE-geharmoniseerd-/checkViewUrl.feature
test:/tmp/junit17863174098671850733/Beheer-PDOK/Geluidbelasting-rijkswegen-in-Nederland-2016--24-uurs-gemiddelde-/download/Geluidskaarten-Rijkswegen-WFS/checkdownloadurl.feature
test:/tmp/junit17863174098671850733/Beheer-PDOK/Geluidbelasting-rijkswegen-in-Nederland-2016--24-uurs-gemiddelde-/view/Geluidskaarten-Rijkswegen-WMS/checkViewUrl.feature
test:/tmp/junit17863174098671850733/Beheer-PDOK/Nationale-Parken--INSPIRE-Geharmoniseerd-/download/Beschermde-Gebieden-Nationale-Parken--INSPIRE-geharmoniseerd--WFS/checkdownloadurl.feature
test:/tmp/junit17863174098671850733/Beheer-PDOK/Nationale-Parken--INSPIRE-Geharmoniseerd-/view/Beschermde-Gebieden-Nationale-Parken--INSPIRE-geharmoniseerd--WMS/checkViewUrl.feature
test:/tmp/junit17863174098671850733/Beheer-PDOK/Geluidkaart-hoofdspoornet-2016--Lnight-/download/Geluidblootstelling-van-het-hoofdspoorwegennet-Lnight-WFS/checkdownloadurl.feature
test:/tmp/junit17863174098671850733/Beheer-PDOK/Geluidkaart-hoofdspoornet-2016--Lnight-/view/Geluidblootstelling-van-het-hoofdspoorwegennet-Lnight-WMS/checkViewUrl.feature
test:/tmp/junit17863174098671850733/Beheer-PDOK/Nationaal-Hydrologisch-Instrumentarium--NHI----netwerkschematisatie/download/INSPIRE-download-service-PDOK/checkdownloadurl.feature
test:/tmp/junit17863174098671850733/Beheer-PDOK/Nationaal-Hydrologisch-Instrumentarium--NHI----netwerkschematisatie/download/Nationaal-Hydrologisch-Instrumentarium--NHI--netwerkschematisaties-WFS/checkdownloadurl.feature
test:/tmp/junit17863174098671850733/Beheer-PDOK/Nationaal-Hydrologisch-Instrumentarium--NHI----netwerkschematisatie/view/Nationaal-Hydrologisch-Instrumentarium--NHI--netwerkschematisaties-WMS/checkViewUrl.feature
test:/tmp/junit17863174098671850733/Beheer-PDOK/Population-Distribution-NL/download/Population-Distribution--INSPIRE-geharmoniseerd--ATOM/checkdownloadurl.feature
test:/tmp/junit17863174098671850733/Beheer-PDOK/Population-Distribution-NL/view/Population-Distribution--INSPIRE-geharmoniseerd--WMS/checkViewUrl.feature
test:/tmp/junit17863174098671850733/Beheer-PDOK/Population-Distribution-NL/other/Population-Distribution--INSPIRE-geharmoniseerd--WFS/checkOtherUrl.feature
test:/tmp/junit17863174098671850733/Beheer-PDOK/Richtlijn-Overstromingsrisico---historische-overstromingen-EU2018/download/Richtlijn-Overstromingsrisico-EU2018-ATOM/checkdownloadurl.feature
test:/tmp/junit17863174098671850733/Beheer-PDOK/Statistical-Units-Vector/download/CBS-Gebiedsindelingen--INSPIRE-geharmoniseerd--WFS/checkdownloadurl.feature
test:/tmp/junit17863174098671850733/Beheer-PDOK/Statistical-Units-Vector/view/CBS-Gebiedsindelingen--INSPIRE-geharmoniseerd--WMS/checkViewUrl.feature
test:/tmp/junit17863174098671850733/Beheer-PDOK/Habitatrichtlijn-verspreidingsgebied-van-soorten/download/Habitatrichtlijn-verspreidingsgebied-van-soorten-WFS/checkdownloadurl.feature
test:/tmp/junit17863174098671850733/Beheer-PDOK/Habitatrichtlijn-verspreidingsgebied-van-soorten/view/Habitatrichtlijn-verspreidingsgebied-van-soorten-WMS/checkViewUrl.feature
test:/tmp/junit17863174098671850733/Beheer-PDOK/Wijk--en-Buurtkaart-2019-versie-2/download/CBS-Wijken-en-Buurten-2019-versie-1-WFS/checkdownloadurl.feature
test:/tmp/junit17863174098671850733/Beheer-PDOK/Wijk--en-Buurtkaart-2019-versie-2/view/CBS-Wijken-en-Buurten-2019-versie-1-WMS/checkViewUrl.feature
test:/tmp/junit17863174098671850733/Beheer-PDOK/Ligging-industrie-en-CO2-emissies/download/Potentiekaart-restwarmte-WFS/checkdownloadurl.feature
test:/tmp/junit17863174098671850733/Beheer-PDOK/Ligging-industrie-en-CO2-emissies/view/Potentiekaart-restwarmte-WMS/checkViewUrl.feature
test:/tmp/junit17863174098671850733/Beheer-PDOK/Luchtfoto-2018-25cm-CIR-open-data/view/Luchtfoto-Beeldmateriaal-/-PDOK-25-cm-Infrarood-WMS/checkViewUrl.feature
test:/tmp/junit17863174098671850733/Beheer-PDOK/Kaderrichtlijn-Water---Stroomgebieddistricten-Nederland-2019-vlakken/download/Kaderrichtlijn-Water-actueel-ATOM/checkdownloadurl.feature
test:/tmp/junit17863174098671850733/Beheer-PDOK/Kaderrichtlijn-Water---Stroomgebieddistricten-Nederland-2019-vlakken/view/Kaderrichtlijn-Water-actueel-WMS/checkViewUrl.feature
test:/tmp/junit17863174098671850733/Beheer-PDOK/Luchtfoto-2016-25cm-CIR-open-data/view/Luchtfoto-Beeldmateriaal-/-PDOK-25-cm-Infrarood-WMS/checkViewUrl.feature
test:/tmp/junit17863174098671850733/Beheer-PDOK/Kaderrichtlijn-Water---Oppervlaktewaterlichamen-Nederland-EU2009-vlakken/download/Kaderrichtlijn-Water-EU2009-ATOM/checkdownloadurl.feature
test:/tmp/junit17863174098671850733/Beheer-PDOK/Kaderrichtlijn-Water---Oppervlaktewaterlichamen-Nederland-EU2009-vlakken/view/Kaderrichtlijn-Water-EU2009-WMS/checkViewUrl.feature
test:/tmp/junit17863174098671850733/Beheer-PDOK/Publiekrechtelijke-beperkingen/download/INSPIRE-download-service-PDOK/checkdownloadurl.feature
test:/tmp/junit17863174098671850733/Beheer-PDOK/Publiekrechtelijke-beperkingen/view/Publiekrechtelijke-Beperking-WMS/checkViewUrl.feature
test:/tmp/junit17863174098671850733/Beheer-PDOK/Vervoersnetwerken/download/INSPIRE-download-service-PDOK/checkdownloadurl.feature
test:/tmp/junit17863174098671850733/Beheer-PDOK/Vervoersnetwerken/view/TOP10NL-WMS/checkViewUrl.feature
test:/tmp/junit17863174098671850733/Beheer-PDOK/Overheidsdiensten/download/INSPIRE-download-service-PDOK/checkdownloadurl.feature
test:/tmp/junit17863174098671850733/Beheer-PDOK/Overheidsdiensten/view/Overheidsdiensten-WMS/checkViewUrl.feature
test:/tmp/junit17863174098671850733/Beheer-PDOK/Hydrografie---Physical-Waters--INSPIRE-geharmoniseerd-/download/Hydrografie---Physical-Waters--INSPIRE-geharmoniseerd--WFS/checkdownloadurl.feature
test:/tmp/junit17863174098671850733/Beheer-PDOK/Hydrografie---Physical-Waters--INSPIRE-geharmoniseerd-/view/Hydrografie---Physical-Waters--INSPIRE-geharmoniseerd--WMS/checkViewUrl.feature
test:/tmp/junit17863174098671850733/Beheer-PDOK/Richtlijn-Overstromingsrisico---gebieden-met-Potentieel-Significant-Overstromingsrisico-EU2018-lijnen/view/Richtlijn-Overstromingsrisico-EU2018-WMS/checkViewUrl.feature
test:/tmp/junit17863174098671850733/Beheer-PDOK/Habitatrichtlijn-verspreidingsgebied-van-habitattypen/download/Habitatrichtlijn-verspreidingsgebied-van-habitattypen-WFS/checkdownloadurl.feature
test:/tmp/junit17863174098671850733/Beheer-PDOK/Habitatrichtlijn-verspreidingsgebied-van-habitattypen/view/Habitatrichtlijn-verspreidingsgebied-van-habitattypen-WMS/checkViewUrl.feature
test:/tmp/junit17863174098671850733/Beheer-PDOK/Geluidbelasting-rijkswegen-in-Nederland-2011--24-uurs-gemiddelde-/download/Geluidskaarten-Rijkswegen-WFS/checkdownloadurl.feature
test:/tmp/junit17863174098671850733/Beheer-PDOK/Geluidbelasting-rijkswegen-in-Nederland-2011--24-uurs-gemiddelde-/view/Geluidskaarten-Rijkswegen-WMS/checkViewUrl.feature
test:/tmp/junit17863174098671850733/Beheer-PDOK/Geluidkaart-Schiphol-2016--Lnight-/download/Geluidskaarten-Schiphol-2016-lnight-WFS/checkdownloadurl.feature
test:/tmp/junit17863174098671850733/Beheer-PDOK/Geluidkaart-Schiphol-2016--Lnight-/view/Geluidskaarten-Schiphol-2016-lnight-WMS/checkViewUrl.feature
test:/tmp/junit17863174098671850733/Beheer-PDOK/Wijk--en-Buurtkaart-2018-versie-3/download/CBS-Wijken-en-Buurten-2018-versie-1-WFS/checkdownloadurl.feature
test:/tmp/junit17863174098671850733/Beheer-PDOK/Wijk--en-Buurtkaart-2018-versie-3/view/CBS-Wijken-en-Buurten-2018-versie-1-WMS/checkViewUrl.feature
test:/tmp/junit17863174098671850733/Beheer-PDOK/Vervoersnetwerken---Kabelbanen--INSPIRE-geharmoniseerd-/download/Vervoersnetwerken---Kabelbanen--INSPIRE-geharmoniseerd--WFS/checkdownloadurl.feature
test:/tmp/junit17863174098671850733/Beheer-PDOK/Vervoersnetwerken---Kabelbanen--INSPIRE-geharmoniseerd-/view/Vervoersnetwerken---Kabelbanen--INSPIRE-geharmoniseerd--WMS/checkViewUrl.feature
test:/tmp/junit17863174098671850733/Beheer-PDOK/Geluidkaart-hoofdspoornet-2016--Lden-/download/Geluidblootstelling-van-het-hoofdspoorwegennet-Lden-WFS/checkdownloadurl.feature
test:/tmp/junit17863174098671850733/Beheer-PDOK/Geluidkaart-hoofdspoornet-2016--Lden-/view/Geluidblootstelling-van-het-hoofdspoorwegennet-Lden-WMS/checkViewUrl.feature
test:/tmp/junit17863174098671850733/Beheer-PDOK/Kaderrichtlijn-Water---Oppervlaktewaterlichamen-Nederland-EU2009-lijnen/download/Kaderrichtlijn-Water-EU2009-ATOM/checkdownloadurl.feature
test:/tmp/junit17863174098671850733/Beheer-PDOK/Kaderrichtlijn-Water---Oppervlaktewaterlichamen-Nederland-EU2009-lijnen/view/Kaderrichtlijn-Water-EU2009-WMS/checkViewUrl.feature
test:/tmp/junit17863174098671850733/Beheer-PDOK/Potentieel-koude-en-warmte-uit-open-en-gesloten-WKO-systemen--GJ/ha-jaar-/download/Potentieel-koude-en-warmte-uit-open-en-gesloten-WKO-systemen--GJ/ha-jaar--WFS/checkdownloadurl.feature
test:/tmp/junit17863174098671850733/Beheer-PDOK/Potentieel-koude-en-warmte-uit-open-en-gesloten-WKO-systemen--GJ/ha-jaar-/view/Potentieel-koude-en-warmte-uit-open-en-gesloten-WKO-systemen--GJ/ha-jaar--WMS/checkViewUrl.feature
test:/tmp/junit17863174098671850733/Beheer-PDOK/Kaderrichtlijn-Water---Deelstroomgebieden-Nederland-2019-vlakken/download/Kaderrichtlijn-Water-actueel-ATOM/checkdownloadurl.feature
test:/tmp/junit17863174098671850733/Beheer-PDOK/Kaderrichtlijn-Water---Deelstroomgebieden-Nederland-2019-vlakken/view/Kaderrichtlijn-Water-actueel-WMS/checkViewUrl.feature
test:/tmp/junit17863174098671850733/Beheer-PDOK/Administratieve-Eenheden/download/Bestuurlijke-Grenzen-WFS/checkdownloadurl.feature
test:/tmp/junit17863174098671850733/Beheer-PDOK/Administratieve-Eenheden/view/Bestuurlijke-grenzen-WMS/checkViewUrl.feature
test:/tmp/junit17863174098671850733/Beheer-PDOK/Gebouwen--INSPIRE-geharmoniseerd-/download/Gebouwen--INSPIRE-geharmoniseerd--WFS/checkdownloadurl.feature
test:/tmp/junit17863174098671850733/Beheer-PDOK/Gebouwen--INSPIRE-geharmoniseerd-/view/Gebouwen--INSPIRE-geharmoniseerd--WMS/checkViewUrl.feature
test:/tmp/junit17863174098671850733/Beheer-PDOK/Kadastrale-kaart-v4/download/Kadastrale-Kaart-v4-WFS/checkdownloadurl.feature
test:/tmp/junit17863174098671850733/Beheer-PDOK/Kadastrale-kaart-v4/view/Kadastrale-Kaart-v4-WMS/checkViewUrl.feature
test:/tmp/junit17863174098671850733/Beheer-PDOK/Invasieve-Exoten--INSPIRE-Geharmoniseerd-/download/Spreiding-van-soorten---Invasieve-Exoten--INSPIRE-geharmoniseerd--ATOM-V1/checkdownloadurl.feature
test:/tmp/junit17863174098671850733/Beheer-PDOK/Invasieve-Exoten--INSPIRE-Geharmoniseerd-/view/Spreiding-van-soorten---Invasieve-Exoten--INSPIRE-geharmoniseerd--WMS-V1/checkViewUrl.feature
test:/tmp/junit17863174098671850733/Beheer-PDOK/Invasieve-Exoten--INSPIRE-Geharmoniseerd-/other/Spreiding-van-soorten---Invasieve-Exoten-WFS-V1/checkOtherUrl.feature
test:/tmp/junit17863174098671850733/Beheer-PDOK/Natuurnetwerk-Nederland/download/Beschermde-gebieden---Provincies--INSPIRE-geharmoniseerd--ATOM-V1/checkdownloadurl.feature
test:/tmp/junit17863174098671850733/Beheer-PDOK/Natuurnetwerk-Nederland/view/Beschermde-gebieden---Provincies--INSPIRE-geharmoniseerd--WMS-V1/checkViewUrl.feature
test:/tmp/junit17863174098671850733/Beheer-PDOK/Kadastrale-Percelen--INSPIRE-geharmoniseerd-/download/Kadastrale-Percelen--INSPIRE-geharmoniseerd--WFS/checkdownloadurl.feature
test:/tmp/junit17863174098671850733/Beheer-PDOK/Kadastrale-Percelen--INSPIRE-geharmoniseerd-/download/Cadastral-parcels--INSPIRE-geharmoniseerd--ATOM/checkdownloadurl.feature
test:/tmp/junit17863174098671850733/Beheer-PDOK/Kadastrale-Percelen--INSPIRE-geharmoniseerd-/view/Kadastrale-Percelen--INSPIRE-geharmoniseerd--WMS/checkViewUrl.feature
test:/tmp/junit17863174098671850733/Beheer-PDOK/Kadastrale-Percelen--INSPIRE-geharmoniseerd-/view/Cadastral-parcels--INSPIRE-geharmoniseerd--WMS/checkViewUrl.feature
test:/tmp/junit17863174098671850733/Beheer-PDOK/CBS-Provincies-2012/download/INSPIRE-download-service-PDOK/checkdownloadurl.feature
test:/tmp/junit17863174098671850733/Beheer-PDOK/CBS-Provincies-2012/download/CBS-Provincies-WFS/checkdownloadurl.feature
test:/tmp/junit17863174098671850733/Beheer-PDOK/CBS-Provincies-2012/view/CBS-Provincies-WMS/checkViewUrl.feature
test:/tmp/junit17863174098671850733/Beheer-PDOK/Aardkundige-waarden/download/Beschermde-gebieden---Provincies--INSPIRE-geharmoniseerd--ATOM-V1/checkdownloadurl.feature
test:/tmp/junit17863174098671850733/Beheer-PDOK/Aardkundige-waarden/view/Beschermde-gebieden---Provincies--INSPIRE-geharmoniseerd--WMS-V1/checkViewUrl.feature
test:/tmp/junit17863174098671850733/Beheer-PDOK/RDinfo/download/RD-info-WFS/checkdownloadurl.feature
test:/tmp/junit17863174098671850733/Beheer-PDOK/RDinfo/view/RD-info-WMS/checkViewUrl.feature
test:/tmp/junit17863174098671850733/Beheer-PDOK/Bestand-Bodemgebruik-2015/download/CBS-Bestand-Bodemgebruik-2015-WFS/checkdownloadurl.feature
test:/tmp/junit17863174098671850733/Beheer-PDOK/Bestand-Bodemgebruik-2015/download/CBS-Bestand-Bodemgebruik-2015-ATOM/checkdownloadurl.feature
test:/tmp/junit17863174098671850733/Beheer-PDOK/Bestand-Bodemgebruik-2015/view/CBS-Bestand-Bodemgebruik-2015-WMS/checkViewUrl.feature
test:/tmp/junit17863174098671850733/Beheer-PDOK/Nationaal-Beschermde-Gebieden--CDDA---INSPIRE-geharmoniseerd-/download/Beschermde-gebieden---CDDA--INSPIRE-geharmoniseerd--WFS/checkdownloadurl.feature
test:/tmp/junit17863174098671850733/Beheer-PDOK/Nationaal-Beschermde-Gebieden--CDDA---INSPIRE-geharmoniseerd-/view/Beschermde-gebieden---CDDA--INSPIRE-geharmoniseerd--WMS/checkViewUrl.feature
test:/tmp/junit17863174098671850733/Beheer-PDOK/Vervoersnetwerken---Waterwegen--INSPIRE-geharmoniseerd-/download/Vervoersnetwerken---Waterwegen--INSPIRE-geharmoniseerd--WFS/checkdownloadurl.feature
test:/tmp/junit17863174098671850733/Beheer-PDOK/Vervoersnetwerken---Waterwegen--INSPIRE-geharmoniseerd-/view/Vervoersnetwerken---Waterwegen--INSPIRE-geharmoniseerd--WMS/checkViewUrl.feature
test:/tmp/junit17863174098671850733/Beheer-PDOK/Kaderrichtlijn-Water---Register-Beschermd-Gebied---Schelpdierwater-2008/download/Schelpdierwater-WFS/checkdownloadurl.feature
test:/tmp/junit17863174098671850733/Beheer-PDOK/Kaderrichtlijn-Water---Register-Beschermd-Gebied---Schelpdierwater-2008/view/Schelpdierwater-WMS/checkViewUrl.feature
test:/tmp/junit17863174098671850733/Beheer-PDOK/Kaderrichtlijn-Mariene-Strategie---Mariene-wateren-Nederland-EU2018/download/Kaderrichtlijn-Mariene-Strategie-EU2018-ATOM/checkdownloadurl.feature
test:/tmp/junit17863174098671850733/Beheer-PDOK/Kaderrichtlijn-Mariene-Strategie---Mariene-wateren-Nederland-EU2018/view/Kaderrichtlijn-Mariene-Strategie-2018-WMS/checkViewUrl.feature
test:/tmp/junit17863174098671850733/Beheer-PDOK/Hydrografie/view/TOP10NL-WMS/checkViewUrl.feature
test:/tmp/junit17863174098671850733/Beheer-PDOK/Adressen/download/INSPIRE-download-service-PDOK/checkdownloadurl.feature
test:/tmp/junit17863174098671850733/Beheer-PDOK/Adressen/download/Adressen-V2-WFS/checkdownloadurl.feature
test:/tmp/junit17863174098671850733/Beheer-PDOK/Adressen/view/Adressen-V2-WMS/checkViewUrl.feature
test:/tmp/junit17863174098671850733/Beheer-PDOK/Luchtfoto-2017-25cm-CIR-open-data/view/Luchtfoto-Beeldmateriaal-/-PDOK-25-cm-Infrarood-WMS/checkViewUrl.feature
test:/tmp/junit17863174098671850733/Beheer-PDOK/Actueel-Hoogtebestand-Nederland-2--AHN2-/download/Actueel-Hoogtebestand-Nederland-2--AHN2--WCS/checkdownloadurl.feature
test:/tmp/junit17863174098671850733/Beheer-PDOK/Actueel-Hoogtebestand-Nederland-2--AHN2-/view/Actueel-Hoogtebestand-Nederland-2--AHN2--WMS/checkViewUrl.feature
test:/tmp/junit17863174098671850733/Beheer-PDOK/Kaderrichtlijn-Water---Oppervlaktewaterlichamen-Nederland-EU2015-vlakken/download/Kaderrichtlijn-Water-EU2015-ATOM/checkdownloadurl.feature
test:/tmp/junit17863174098671850733/Beheer-PDOK/Kaderrichtlijn-Water---Oppervlaktewaterlichamen-Nederland-EU2015-vlakken/view/Kaderrichtlijn-Water-EU2015-WMS/checkViewUrl.feature
test:/tmp/junit17863174098671850733/Beheer-PDOK/Statistical-Units-Grid/download/Statistical-Units-Grid--INSPIRE-geharmoniseerd--WFS/checkdownloadurl.feature
test:/tmp/junit17863174098671850733/Beheer-PDOK/Statistical-Units-Grid/view/Statistical-Units-Grid--INSPIRE-geharmoniseerd--WMS/checkViewUrl.feature
test:/tmp/junit17863174098671850733/Beheer-PDOK/Vervoersnetwerken---Spoorwegen--INSPIRE-geharmoniseerd-/download/Vervoersnetwerken---spoorwegen--INSPIRE-geharmoniseerd--WFS/checkdownloadurl.feature
test:/tmp/junit17863174098671850733/Beheer-PDOK/Vervoersnetwerken---Spoorwegen--INSPIRE-geharmoniseerd-/view/Vervoersnetwerken---spoorwegen--INSPIRE-geharmoniseerd--WMS/checkViewUrl.feature
test:/tmp/junit17863174098671850733/Beheer-PDOK/Richtlijn-Stedelijk-Afvalwater---agglomeraties-Nederland-EU2015/download/Richtlijn-Stedelijk-Afvalwater-EU2015-WFS/checkdownloadurl.feature
test:/tmp/junit17863174098671850733/Beheer-PDOK/Richtlijn-Stedelijk-Afvalwater---agglomeraties-Nederland-EU2015/download/Richtlijn-Stedelijk-Afvalwater-EU2015-ATOM/checkdownloadurl.feature
test:/tmp/junit17863174098671850733/Beheer-PDOK/Richtlijn-Stedelijk-Afvalwater---agglomeraties-Nederland-EU2015/view/Richtlijn-Stedelijk-Afvalwater-EU2015-WMS/checkViewUrl.feature
test:/tmp/junit17863174098671850733/Beheer-PDOK/TOP10NL/download/INSPIRE-download-service-PDOK/checkdownloadurl.feature
test:/tmp/junit17863174098671850733/Beheer-PDOK/TOP10NL/view/TOP10NL-WMS/checkViewUrl.feature
test:/tmp/junit17863174098671850733/Beheer-PDOK/Geluidbelasting-rijkswegen-in-Nederland-2006--nacht-gemiddelde-/download/Geluidskaarten-Rijkswegen-WFS/checkdownloadurl.feature
test:/tmp/junit17863174098671850733/Beheer-PDOK/Geluidbelasting-rijkswegen-in-Nederland-2006--nacht-gemiddelde-/view/Geluidskaarten-Rijkswegen-WMS/checkViewUrl.feature
test:/tmp/junit17863174098671850733/Beheer-PDOK/Mossel--en-oesterhabitats--AS-IS-/download/Mossel--en-oesterhabitats-WFS/checkdownloadurl.feature
test:/tmp/junit17863174098671850733/Beheer-PDOK/Mossel--en-oesterhabitats--AS-IS-/view/Mossel--en-oesterhabitats-WMS/checkViewUrl.feature
test:/tmp/junit17863174098671850733/Beheer-PDOK/Geluidkaart-Schiphol-2016--Lden-/download/Geluidskaarten-Schiphol-2016-lden-WFS/checkdownloadurl.feature
test:/tmp/junit17863174098671850733/Beheer-PDOK/Geluidkaart-Schiphol-2016--Lden-/view/Geluidskaarten-Schiphol-2016-lden-WMS/checkViewUrl.feature
test:/tmp/junit17863174098671850733/Beheer-PDOK/Geluidbelasting-rijkswegen-in-Nederland-2011--nacht-gemiddelde-/download/Geluidskaarten-Rijkswegen-WFS/checkdownloadurl.feature
test:/tmp/junit17863174098671850733/Beheer-PDOK/Geluidbelasting-rijkswegen-in-Nederland-2011--nacht-gemiddelde-/view/Geluidskaarten-Rijkswegen-WMS/checkViewUrl.feature
test:/tmp/junit17863174098671850733/Beheer-PDOK/Geluidbelasting-rijkswegen-in-Nederland-2006--24-uurs-gemiddelde-/download/Geluidskaarten-Rijkswegen-WFS/checkdownloadurl.feature
test:/tmp/junit17863174098671850733/Beheer-PDOK/Geluidbelasting-rijkswegen-in-Nederland-2006--24-uurs-gemiddelde-/view/Geluidskaarten-Rijkswegen-WMS/checkViewUrl.feature
test:/tmp/junit17863174098671850733/Beheer-PDOK/Vaarwegmarkeringen-Nederland/download/Noordzee-Vaarwegmarkeringen-WFS/checkdownloadurl.feature
test:/tmp/junit17863174098671850733/Beheer-PDOK/Vaarwegmarkeringen-Nederland/view/Noordzee-Vaarwegmarkeringen-WMS/checkViewUrl.feature
test:/tmp/junit17863174098671850733/Beheer-PDOK/Natura-2000--INSPIRE-geharmoniseerd-/download/Natura2000--INSPIRE-geharmoniseerd--WFS/checkdownloadurl.feature
test:/tmp/junit17863174098671850733/Beheer-PDOK/Natura-2000--INSPIRE-geharmoniseerd-/view/Natura2000--INSPIRE-geharmoniseerd--WMS/checkViewUrl.feature
test:/tmp/junit17863174098671850733/Beheer-PDOK/NB-wetgebieden-buiten-Natura-2000/download/Beschermde-gebieden---Provincies--INSPIRE-geharmoniseerd--ATOM-V1/checkdownloadurl.feature
test:/tmp/junit17863174098671850733/Beheer-PDOK/NB-wetgebieden-buiten-Natura-2000/view/Beschermde-gebieden---Provincies--INSPIRE-geharmoniseerd--WMS-V1/checkViewUrl.feature
test:/tmp/junit17863174098671850733/Beheer-PDOK/Administratieve-Eenheden--INSPIRE-geharmoniseerd-/download/Administratieve-Eenheden--INSPIRE-geharmoniseerd--WFS/checkdownloadurl.feature
test:/tmp/junit17863174098671850733/Beheer-PDOK/Administratieve-Eenheden--INSPIRE-geharmoniseerd-/view/Administratieve-Eenheden--INSPIRE-geharmoniseerd--WMS/checkViewUrl.feature
test:/tmp/junit17863174098671850733/Beheer-PDOK/Vogelrichtlijn-verspreiding-van-soorten/download/Vogelrichtlijn-verspreiding-van-soorten-WFS/checkdownloadurl.feature
test:/tmp/junit17863174098671850733/Beheer-PDOK/Vogelrichtlijn-verspreiding-van-soorten/view/Vogelrichtlijn-verspreiding-van-soorten-WMS/checkViewUrl.feature
test:/tmp/junit17863174098671850733/Beheer-PDOK/Schelpdierpercelen/download/Schelpdierenpercelen-WFS/checkdownloadurl.feature
test:/tmp/junit17863174098671850733/Beheer-PDOK/Schelpdierpercelen/view/Schelpdierenpercelen-WMS/checkViewUrl.feature
test:/tmp/junit17863174098671850733/Beheer-PDOK/Adressen--INSPIRE-geharmoniseerd-/download/Adressen--INSPIRE-geharmoniseerd--WFS/checkdownloadurl.feature
test:/tmp/junit17863174098671850733/Beheer-PDOK/Adressen--INSPIRE-geharmoniseerd-/view/Adressen--INSPIRE-geharmoniseerd--WMS/checkViewUrl.feature
test:/tmp/junit17863174098671850733/Beheer-PDOK/Nationale-Landschappen/download/Beschermde-gebieden---Provincies--INSPIRE-geharmoniseerd--ATOM-V1/checkdownloadurl.feature
test:/tmp/junit17863174098671850733/Beheer-PDOK/Nationale-Landschappen/view/Beschermde-gebieden---Provincies--INSPIRE-geharmoniseerd--WMS-V1/checkViewUrl.feature
test:/tmp/junit17863174098671850733/Beheer-PDOK/Geluidbelasting-rijkswegen-in-Nederland-2016--nacht-gemiddelde-/download/Geluidskaarten-Rijkswegen-WFS/checkdownloadurl.feature
test:/tmp/junit17863174098671850733/Beheer-PDOK/Geluidbelasting-rijkswegen-in-Nederland-2016--nacht-gemiddelde-/view/Geluidskaarten-Rijkswegen-WMS/checkViewUrl.feature
test:/tmp/junit17863174098671850733/Beheer-PDOK/Actueel-Hoogtebestand-Nederland-1--AHN1-/download/INSPIRE-download-service-PDOK/checkdownloadurl.feature
test:/tmp/junit17863174098671850733/Beheer-PDOK/Actueel-Hoogtebestand-Nederland-1--AHN1-/download/Actueel-Hoogtebestand-Nederland-1--AHN1--WCS/checkdownloadurl.feature
test:/tmp/junit17863174098671850733/Beheer-PDOK/Actueel-Hoogtebestand-Nederland-1--AHN1-/view/Actueel-Hoogtebestand-Nederland-1--AHN1--WMS/checkViewUrl.feature
test:/tmp/junit17863174098671850733/Beheer-PDOK/Wijk--en-Buurtkaart-2017-versie-3/download/CBS-Wijken-en-Buurten-2017-WFS/checkdownloadurl.feature
test:/tmp/junit17863174098671850733/Beheer-PDOK/Wijk--en-Buurtkaart-2017-versie-3/view/CBS-Wijken-en-Buurten-2017-WMS/checkViewUrl.feature
test:/tmp/junit17863174098671850733/Beheer-PDOK/Kaderrichtlijn-Water---Oppervlaktewaterlichamen-Nederland-EU2015-lijnen/download/Kaderrichtlijn-Water-EU2015-ATOM/checkdownloadurl.feature
test:/tmp/junit17863174098671850733/Beheer-PDOK/Kaderrichtlijn-Water---Oppervlaktewaterlichamen-Nederland-EU2015-lijnen/view/Kaderrichtlijn-Water-EU2015-WMS/checkViewUrl.feature
test:/tmp/junit17863174098671850733/Beheer-PDOK/Ruimtelijke-plannen-Wro--Ruimtelijkeplannen-nl/download/INSPIRE-download-service-PDOK/checkdownloadurl.feature
test:/tmp/junit17863174098671850733/Beheer-PDOK/Ruimtelijke-plannen-Wro--Ruimtelijkeplannen-nl/view/Ruimtelijke-plannen-WMS/checkViewUrl.feature
test:/tmp/junit17863174098671850733/Beheer-PDOK/Vervoersnetwerken---Wegen--INSPIRE-geharmoniseerd----RWS/download/Vervoersnetwerken-Wegen-RWS--INSPIRE-geharmoniseerd--WFS/checkdownloadurl.feature
test:/tmp/junit17863174098671850733/Beheer-PDOK/Vervoersnetwerken---Wegen--INSPIRE-geharmoniseerd----RWS/download/Inspire-nl-vervoersnetwerken---gemeenschappelijk-elementen-WFS/checkdownloadurl.feature
test:/tmp/junit17863174098671850733/Beheer-PDOK/Vervoersnetwerken---Wegen--INSPIRE-geharmoniseerd----RWS/view/Vervoersnetwerken-Wegen-RWS--INSPIRE-geharmoniseerd--WMS/checkViewUrl.feature
test:/tmp/junit17863174098671850733/Beheer-PDOK/Geografische-Namen--INSPIRE-geharmoniseerd-/download/Geografische-Namen--INSPIRE-geharmoniseerd--WFS/checkdownloadurl.feature
test:/tmp/junit17863174098671850733/Beheer-PDOK/Geografische-Namen--INSPIRE-geharmoniseerd-/view/Geografische-Namen--INSPIRE-geharmoniseerd--WMS/checkViewUrl.feature
test:/tmp/junit17863174098671850733/Beheer-PDOK/INSPIRE-geharmoniseerde-Beschermde-Gebieden---Cultuur-Historie/download/INSPIRE-downloadservice-geharmoniseerde-Beschermde-Gebieden---Cultuurhistorie-ATOM/checkdownloadurl.feature
test:/tmp/junit17863174098671850733/Beheer-PDOK/INSPIRE-geharmoniseerde-Beschermde-Gebieden---Cultuur-Historie/download/Beschermde-Gebieden---Cultuurhistorie--INSPIRE-geharmoniseerd--WFS/checkdownloadurl.feature
test:/tmp/junit17863174098671850733/Beheer-PDOK/INSPIRE-geharmoniseerde-Beschermde-Gebieden---Cultuur-Historie/view/Beschermde-Gebieden---Cultuurhistorie--INSPIRE-geharmoniseerd--WMS/checkViewUrl.feature
test:/tmp/junit17863174098671850733/Beheer-PDOK/Beschermde-gebieden---Provincies--INSPIRE-geharmoniseerd-/download/Beschermde-gebieden---Provincies--INSPIRE-geharmoniseerd--ATOM-V1/checkdownloadurl.feature
test:/tmp/junit17863174098671850733/Beheer-PDOK/Beschermde-gebieden---Provincies--INSPIRE-geharmoniseerd-/view/Beschermde-gebieden---Provincies--INSPIRE-geharmoniseerd--WMS-V1/checkViewUrl.feature
test:/tmp/junit17863174098671850733/Beheer-PDOK/Luchtfoto-2019-25cm-CIR-open-data/view/Luchtfoto-Beeldmateriaal-/-PDOK-25-cm-Infrarood-WMS/checkViewUrl.feature
test:/tmp/junit17863174098671850733/Beheer-PDOK/Habitatrichtlijn-verspreiding-van-soorten/download/Habitatrichtlijn-verspreiding-van-soorten-WFS/checkdownloadurl.feature
test:/tmp/junit17863174098671850733/Beheer-PDOK/Habitatrichtlijn-verspreiding-van-soorten/view/Habitatrichtlijn-verspreiding-van-soorten-WMS/checkViewUrl.feature
test:/tmp/junit17863174098671850733/Beheer-PDOK/Habitatrichtlijn-verspreiding-van-habitattypen/download/Habitatrichtlijn-verspreiding-van-typen-WFS/checkdownloadurl.feature
test:/tmp/junit17863174098671850733/Beheer-PDOK/Habitatrichtlijn-verspreiding-van-habitattypen/view/Habitatrichtlijn-verspreiding-van-habitattypen-WMS/checkViewUrl.feature
test:/tmp/junit17863174098671850733/Beheer-PDOK/Habitatrichtlijn-verspreiding-van-habitattypen/view/Habitatrichtlijn-verspreiding-van-typen-WMS/checkViewUrl.feature
test:/tmp/junit17863174098671850733/Beheer-PDOK/Wetlands--RAMSAR---INSPIRE-Geharmoniseerd-/download/Beschermde-Gebieden-Wetlands--INSPIRE-geharmoniseerd--WFS/checkdownloadurl.feature
test:/tmp/junit17863174098671850733/Beheer-PDOK/Wetlands--RAMSAR---INSPIRE-Geharmoniseerd-/view/Beschermde-Gebieden-Wetlands--INSPIRE-geharmoniseerd--WMS/checkViewUrl.feature
test:/tmp/junit17863174098671850733/Beheer-PDOK/Stiltegebieden/download/Beschermde-gebieden---Provincies--INSPIRE-geharmoniseerd--ATOM-V1/checkdownloadurl.feature
test:/tmp/junit17863174098671850733/Beheer-PDOK/Stiltegebieden/view/Beschermde-gebieden---Provincies--INSPIRE-geharmoniseerd--WMS-V1/checkViewUrl.feature
test:/tmp/junit17863174098671850733/Beheer-PDOK/Kaderrichtlijn-Mariene-Strategie---Rapportage-eenheden-Nederland-EU2018/download/Kaderrichtlijn-Mariene-Strategie-EU2018-ATOM/checkdownloadurl.feature
test:/tmp/junit17863174098671850733/Beheer-PDOK/Kaderrichtlijn-Mariene-Strategie---Rapportage-eenheden-Nederland-EU2018/view/Kaderrichtlijn-Mariene-Strategie-2018-WMS/checkViewUrl.feature
test:/tmp/junit17863174098671850733/Beheer-PDOK/Zeegebieden/download/INSPIRE-download-service-PDOK/checkdownloadurl.feature
test:/tmp/junit17863174098671850733/Beheer-PDOK/Zeegebieden/view/TOP10NL-WMS/checkViewUrl.feature
test:/tmp/junit17863174098671850733/Beheer-PDOK/Human-Health-NL-NUTS2/download/Human-Health-Statistics-Netherlands--INSPIRE-geharmoniseerd--ATOM/checkdownloadurl.feature
test:/tmp/junit17863174098671850733/Beheer-PDOK/Human-Health-NL-NUTS2/view/Human-Health-Statistics-Netherlands--INSPIRE-geharmoniseerd--WMS/checkViewUrl.feature
test:/tmp/junit17863174098671850733/Beheer-PDOK/Human-Health-NL-NUTS2/other/Human-Health-Statistics-Netherlands--INSPIRE-geharmoniseerd--WFS/checkOtherUrl.feature
test:/tmp/junit17863174098671850733/Beheer-PDOK/Wijk--en-Buurtkaart-2016-versie-3/download/INSPIRE-download-service-PDOK/checkdownloadurl.feature
test:/tmp/junit17863174098671850733/Beheer-PDOK/Wijk--en-Buurtkaart-2016-versie-3/download/CBS-Wijken-en-Buurten-2016-WFS/checkdownloadurl.feature
test:/tmp/junit17863174098671850733/Beheer-PDOK/Wijk--en-Buurtkaart-2016-versie-3/view/CBS-Wijken-en-Buurten-2016-WMS/checkViewUrl.feature
test:/tmp/junit17863174098671850733/Beheer-PDOK/Wet-Ammoniak-en-Veehouderij-gebieden/download/Beschermde-gebieden---Provincies--INSPIRE-geharmoniseerd--ATOM-V1/checkdownloadurl.feature
test:/tmp/junit17863174098671850733/Beheer-PDOK/Wet-Ammoniak-en-Veehouderij-gebieden/view/Beschermde-gebieden---Provincies--INSPIRE-geharmoniseerd--WMS-V1/checkViewUrl.feature
test:/tmp/junit17863174098671850733/Beheer-PDOK/Vervoersnetwerken---Gemeenschappelijke-elementen--INSPIRE-geharmoniseerd-/download/Vervoersnetwerken---Gemeenschappelijke-elementen--INSPIRE-geharmoniseerd--WFS/checkdownloadurl.feature
test:/tmp/junit17863174098671850733/Beheer-PDOK/Vervoersnetwerken---Gemeenschappelijke-elementen--INSPIRE-geharmoniseerd-/view/Vervoersnetwerken---Gemeenschappelijke-elementen--INSPIRE-geharmoniseerd--WMS/checkViewUrl.feature
test:/tmp/junit17863174098671850733/Beheer-PDOK/NWB---Wegen/download/INSPIRE-download-service-PDOK/checkdownloadurl.feature
test:/tmp/junit17863174098671850733/Beheer-PDOK/NWB---Wegen/view/NWB---Wegen--Nationaal-Wegen-Bestand--WMS/checkViewUrl.feature
test:/tmp/junit17863174098671850733/Beheer-PDOK/Mosselzaadinvanginstallaties/download/Mosselzaadinvanginstallaties-WFS/checkdownloadurl.feature
test:/tmp/junit17863174098671850733/Beheer-PDOK/Mosselzaadinvanginstallaties/view/Mosselzaadinvanginstallaties-WMS/checkViewUrl.feature
test:/tmp/junit17863174098671850733/Beheer-PDOK/Bodemgebruik/download/INSPIRE-download-service-PDOK/checkdownloadurl.feature
test:/tmp/junit17863174098671850733/Beheer-PDOK/Bodemgebruik/view/TOP10NL-WMS/checkViewUrl.feature
test:/tmp/junit17863174098671850733/Beheer-PDOK/CBS-Vierkantstatistieken-500m/download/INSPIRE-download-service-PDOK/checkdownloadurl.feature
test:/tmp/junit17863174098671850733/Beheer-PDOK/CBS-Vierkantstatistieken-500m/download/CBS-Vierkantstatistieken-500m-WFS/checkdownloadurl.feature
test:/tmp/junit17863174098671850733/Beheer-PDOK/CBS-Vierkantstatistieken-500m/view/CBS-Vierkantstatistieken-500m-WMS/checkViewUrl.feature
test:/tmp/junit17863174098671850733/Beheer-PDOK/Vogelrichtlijn-verspreidingsgebied-van-soorten/download/Vogelrichtlijn-verspreidingsgebied-van-soorten-WFS/checkdownloadurl.feature
test:/tmp/junit17863174098671850733/Beheer-PDOK/Vogelrichtlijn-verspreidingsgebied-van-soorten/view/Vogelrichtlijn-verspreidingsgebied-van-soorten-WMS/checkViewUrl.feature
test:/tmp/junit17863174098671850733/Beheer-PDOK/Geografische-Namen/download/INSPIRE-download-service-PDOK/checkdownloadurl.feature
test:/tmp/junit17863174098671850733/Beheer-PDOK/Geografische-Namen/view/TOP10NL-WMS/checkViewUrl.feature
test:/tmp/junit17863174098671850733/no-organisationName-found-in-dataset-record--TNO-Geologische-Dienst-Nederland/Vergunningen-Mijnbouwwet-onder-INSPIRE/download/Vergunningen-Mijnbouwwet-onder-INSPIRE--downloadservice/checkdownloadurl.feature
test:/tmp/junit17863174098671850733/no-organisationName-found-in-dataset-record--TNO-Geologische-Dienst-Nederland/Vergunningen-Mijnbouwwet-onder-INSPIRE/view/Vergunningen-Mijnbouwwet-onder-INSPIRE--viewservice/checkViewUrl.feature
test:/tmp/junit17863174098671850733/Koninklijk-Nederlands-Meteorologisch-Instituut--KNMI-/Aardbevingen-Nederland--KNMI-/download/Download-Service-voor-KNMI-INSPIRE-Annex-III-datasets/checkdownloadurl.feature
test:/tmp/junit17863174098671850733/Koninklijk-Nederlands-Meteorologisch-Instituut--KNMI-/Aardbevingen-Nederland--KNMI-/view/View-service-voor-aardbevingen-in-Nederland/checkViewUrl.feature
test:/tmp/junit17863174098671850733/Koninklijk-Nederlands-Meteorologisch-Instituut--KNMI-/Gecontroleerde-klimatologische-daggegevens-KNMI-Nederland/download/Download-Service-voor-KNMI-INSPIRE-Annex-III-datasets/checkdownloadurl.feature
test:/tmp/junit17863174098671850733/Koninklijk-Nederlands-Meteorologisch-Instituut--KNMI-/Gecontroleerde-klimatologische-daggegevens-KNMI-Nederland/view/View-service-voor-gecontroleerde-klimatologische-daggegevens-KNMI-Nederland/checkViewUrl.feature
test:/tmp/junit17863174098671850733/Koninklijk-Nederlands-Meteorologisch-Instituut--KNMI-/Actuele-synoptische-weerwaarnemingen-KNMI-Nederland-per-10-minuten--24-uur-/download/Download-Service-voor-KNMI-INSPIRE-Annex-III-datasets/checkdownloadurl.feature
test:/tmp/junit17863174098671850733/Koninklijk-Nederlands-Meteorologisch-Instituut--KNMI-/Actuele-synoptische-weerwaarnemingen-KNMI-Nederland-per-10-minuten--24-uur-/view/View-service-voor-actuele-synoptische-weerwaarnemingen-KNMI-Nederland-per-10-minuten/checkViewUrl.feature
test:/tmp/junit17863174098671850733/Koninklijk-Nederlands-Meteorologisch-Instituut--KNMI-/Netwerk-van-KNMI-waarneemstations/download/Download-Service-voor-KNMI-INSPIRE-Annex-III-datasets/checkdownloadurl.feature
test:/tmp/junit17863174098671850733/Koninklijk-Nederlands-Meteorologisch-Instituut--KNMI-/Netwerk-van-KNMI-waarneemstations/view/View-service-voor-het-netwerk-van-waarneemstations-KNMI-Nederland/checkViewUrl.feature
test:/tmp/junit17863174098671850733/Rijkswaterstaat/Menselijke-gezondheid-en-veiligheid---geluidbelasting-rijkswegen-2011--INSPIRE-geharmoniseerd-/download/Menselijke-gezondheid-en-veiligheid---geluidbelasting-rijkswegen-2011--INSPIRE-geharmoniseerd--ATOM/checkdownloadurl.feature
test:/tmp/junit17863174098671850733/Rijkswaterstaat/Menselijke-gezondheid-en-veiligheid---geluidbelasting-rijkswegen-2011--INSPIRE-geharmoniseerd-/view/Menselijke-gezondheid-en-veiligheid---geluidbelasting-rijkswegen-2011--INSPIRE-geharmoniseerd--WMS/checkViewUrl.feature
test:/tmp/junit17863174098671850733/Rijkswaterstaat/Menselijke-gezondheid-en-veiligheid---geluidbelasting-rijkswegen-2011--INSPIRE-geharmoniseerd-/other/Menselijke-gezondheid-en-veiligheid---geluidbelasting-rijkswegen-2011--INSPIRE-geharmoniseerd--WFS/checkOtherUrl.feature
test:/tmp/junit17863174098671850733/Rijkswaterstaat/Bathymetrie-Nederland---binnenwateren/download/Bathymetrie-Nederland---binnenwateren-WCS/checkdownloadurl.feature
test:/tmp/junit17863174098671850733/Rijkswaterstaat/Bathymetrie-Nederland---binnenwateren/view/Bathymetrie-Nederland---binnenwateren-WMS/checkViewUrl.feature
test:/tmp/junit17863174098671850733/Rijkswaterstaat/Waterstanden-en-afvoeren-actueel---Rijkswaterstaat/view/Waterstanden-en-afvoeren-actueel---Rijkswaterstaat---WMS/checkViewUrl.feature
test:/tmp/junit17863174098671850733/Rijkswaterstaat/Waterstanden-en-afvoeren-actueel---Rijkswaterstaat/other/Waterstanden-en-afvoeren-actueel---Rijkswaterstaat---WFS/checkOtherUrl.feature
test:/tmp/junit17863174098671850733/Rijkswaterstaat/Landelijk-zoet-en-zoutwatermeetnet---Rijkswaterstaat/view/Landelijk-zoet-en-zoutwatermeetnet---Rijkswaterstaat-WMS/checkViewUrl.feature
test:/tmp/junit17863174098671850733/Rijkswaterstaat/Landelijk-zoet-en-zoutwatermeetnet---Rijkswaterstaat/other/Landelijk-zoet-en-zoutwatermeetnet---Rijkswaterstaat-WFS/checkOtherUrl.feature
test:/tmp/junit17863174098671850733/Rijkswaterstaat/Menselijke-gezondheid-en-veiligheid----geluidbelasting-rijkswegen-2006--INSPIRE-geharmoniseerd-/download/Menselijke-gezondheid-en-veiligheid---geluidbelasting-rijkswegen-2006--INSPIRE-geharmoniseerd--ATOM/checkdownloadurl.feature
test:/tmp/junit17863174098671850733/Rijkswaterstaat/Menselijke-gezondheid-en-veiligheid----geluidbelasting-rijkswegen-2006--INSPIRE-geharmoniseerd-/view/Menselijke-gezondheid-en-veiligheid---geluidbelasting-rijkswegen-2006--INSPIRE-geharmoniseerd--WMS/checkViewUrl.feature
test:/tmp/junit17863174098671850733/Rijkswaterstaat/Menselijke-gezondheid-en-veiligheid----geluidbelasting-rijkswegen-2006--INSPIRE-geharmoniseerd-/other/Menselijke-gezondheid-en-veiligheid---geluidbelasting-rijkswegen-2006--INSPIRE-geharmoniseerd--WFS/checkOtherUrl.feature
test:/tmp/junit17863174098671850733/Rijkswaterstaat/Kaderrichtlijn-Mariene-Strategie---Bevroren-monitoringsdata/view/Kaderrichtlijn-Mariene-Strategie---Bevroren-monitoringsdata-WMS/checkViewUrl.feature
test:/tmp/junit17863174098671850733/Rijkswaterstaat/Kaderrichtlijn-Mariene-Strategie---Bevroren-monitoringsdata/other/Kaderrichtlijn-Mariene-Strategie---Bevroren-monitoringsdata-WFS/checkOtherUrl.feature
test:/tmp/junit17863174098671850733/Rijkswaterstaat/Bathymetrie-Nederland---kust/download/Bathymetrie-Nederland---kust-WCS/checkdownloadurl.feature
test:/tmp/junit17863174098671850733/Rijkswaterstaat/Bathymetrie-Nederland---kust/view/Bathymetrie-Nederland---kust-WMS/checkViewUrl.feature
test:/tmp/junit17863174098671850733/Rijkswaterstaat/Menselijke-gezondheid-en-veiligheid---geluidbelasting-rijkswegen-2016--INSPIRE-geharmoniseerd-/download/Menselijke-gezondheid-en-veiligheid---geluidbelasting-rijkswegen-2016--INSPIRE-geharmoniseerd--ATOM/checkdownloadurl.feature
test:/tmp/junit17863174098671850733/Rijkswaterstaat/Menselijke-gezondheid-en-veiligheid---geluidbelasting-rijkswegen-2016--INSPIRE-geharmoniseerd-/view/Menselijke-gezondheid-en-veiligheid---geluidbelasting-rijkswegen-2016--INSPIRE-geharmoniseerd--WMS/checkViewUrl.feature
test:/tmp/junit17863174098671850733/Rijkswaterstaat/Menselijke-gezondheid-en-veiligheid---geluidbelasting-rijkswegen-2016--INSPIRE-geharmoniseerd-/other/Menselijke-gezondheid-en-veiligheid---geluidbelasting-rijkswegen-2016--INSPIRE-geharmoniseerd--WFS/checkOtherUrl.feature
test:/tmp/junit17863174098671850733/TNO-Geologische-Dienst-Nederland/Kaart-van-de-bodemopbouw-in-Nederland-1-50-000-onder-INSPIRE/download/Kaart-van-de-bodemopbouw-in-Nederland-1-50-000-onder-INSPIRE---downloadservice/checkdownloadurl.feature
test:/tmp/junit17863174098671850733/TNO-Geologische-Dienst-Nederland/Kaart-van-de-bodemopbouw-in-Nederland-1-50-000-onder-INSPIRE/view/Kaart-van-de-bodemopbouw-in-Nederland-1-50-000-onder-INSPIRE---viewservice/checkViewUrl.feature
test:/tmp/junit17863174098671850733/TNO-Geologische-Dienst-Nederland/Geologisch-booronderzoek-onder-INSPIRE/download/Geologisch-booronderzoek-onder-INSPIRE--downloadservice/checkdownloadurl.feature
test:/tmp/junit17863174098671850733/TNO-Geologische-Dienst-Nederland/Geologisch-booronderzoek-onder-INSPIRE/view/Geologisch-booronderzoek-onder-INSPIRE--viewservice/checkViewUrl.feature
test:/tmp/junit17863174098671850733/TNO-Geologische-Dienst-Nederland/zoutvelden-en-zoutproductieputten-onder-INSPIRE/download/zoutvelden-en-zoutproductieputten-onder-INSPIRE--downloadservice/checkdownloadurl.feature
test:/tmp/junit17863174098671850733/TNO-Geologische-Dienst-Nederland/zoutvelden-en-zoutproductieputten-onder-INSPIRE/view/zoutvelden-en-zoutproductieputten-onder-INSPIRE--viewservice/checkViewUrl.feature
test:/tmp/junit17863174098671850733/TNO-Geologische-Dienst-Nederland/Bodemkundig-boormonsterprofiel-onder-INSPIRE/download/Bodemkundig-boormonsterprofiel-onder-INSPIRE--downloadservice/checkdownloadurl.feature
test:/tmp/junit17863174098671850733/TNO-Geologische-Dienst-Nederland/Bodemkundig-boormonsterprofiel-onder-INSPIRE/view/Bodemkundig-boormonsterprofiel-onder-INSPIRE--viewservice/checkViewUrl.feature
test:/tmp/junit17863174098671850733/TNO-Geologische-Dienst-Nederland/Totale-potentie-aardwarmte-uit-aquifers--INSPIRE/download/Totale-potentie-aardwarmte-uit-aquifers--INSPIRE-downloadservice/checkdownloadurl.feature
test:/tmp/junit17863174098671850733/TNO-Geologische-Dienst-Nederland/Totale-potentie-aardwarmte-uit-aquifers--INSPIRE/view/Totale-potentie-aardwarmte-uit-aquifers--INSPIRE--viewservice/checkViewUrl.feature
test:/tmp/junit17863174098671850733/TNO-Geologische-Dienst-Nederland/Grondwateronderzoek-onder-INSPIRE/download/Grondwateronderzoek-onder-INSPIRE--downloadservice/checkdownloadurl.feature
test:/tmp/junit17863174098671850733/TNO-Geologische-Dienst-Nederland/Grondwateronderzoek-onder-INSPIRE/view/Grondwateronderzoek-onder-INSPIRE--viewservice/checkViewUrl.feature
test:/tmp/junit17863174098671850733/TNO-Geologische-Dienst-Nederland/Grondwatersamenstellinggegevens-KRW-meetronde-2012-onder-INSPIRE/download/Grondwatersamenstellinggegevens-KRW-meetronde-2012-onder-INSPIRE--downloadservice/checkdownloadurl.feature
test:/tmp/junit17863174098671850733/TNO-Geologische-Dienst-Nederland/Grondwatersamenstellinggegevens-KRW-meetronde-2012-onder-INSPIRE/view/Grondwatersamenstellinggegevens-KRW-meetronde-2012-onder-INSPIRE--viewservice/checkViewUrl.feature
test:/tmp/junit17863174098671850733/TNO-Geologische-Dienst-Nederland/Oppervlaktegeologie--Geologische-kaart-onder-INSPIRE/download/Oppervlaktegeologie--Geologische-kaart-onder-INSPIRE--downloadservice/checkdownloadurl.feature
test:/tmp/junit17863174098671850733/TNO-Geologische-Dienst-Nederland/Oppervlaktegeologie--Geologische-kaart-onder-INSPIRE/view/Oppervlaktegeologie--Geologische-kaart-onder-INSPIRE--viewservice/checkViewUrl.feature
test:/tmp/junit17863174098671850733/TNO-Geologische-Dienst-Nederland/Olie--en-gasvelden-onder-INSPIRE/download/Olie--en-gasvelden-onder-INSPIRE--downloadservice/checkdownloadurl.feature
test:/tmp/junit17863174098671850733/TNO-Geologische-Dienst-Nederland/Olie--en-gasvelden-onder-INSPIRE/view/Olie--en-gasvelden-onder-INSPIRE--viewservice/checkViewUrl.feature
test:/tmp/junit17863174098671850733/Beheer-PDOK--Rijkswaterstaat--Rijkswaterstaat--Rijkswaterstaat--Beheer-PDOK/Vervoersnetwerken---Waterwegen--INSPIRE-geharmoniseerd----WT/download/Vervoersnetwerken-Waterwegen-RWS--INSPIRE-geharmoniseerd--WFS/checkdownloadurl.feature
test:/tmp/junit17863174098671850733/Beheer-PDOK--Rijkswaterstaat--Rijkswaterstaat--Rijkswaterstaat--Beheer-PDOK/Vervoersnetwerken---Waterwegen--INSPIRE-geharmoniseerd----WT/download/Vervoersnetwerken---Waterwegen--INSPIRE-geharmoniseerd----WT-ATOM/checkdownloadurl.feature
test:/tmp/junit17863174098671850733/Beheer-PDOK--Rijkswaterstaat--Rijkswaterstaat--Rijkswaterstaat--Beheer-PDOK/Vervoersnetwerken---Waterwegen--INSPIRE-geharmoniseerd----WT/view/Vervoersnetwerken-Waterwegen-RWS--INSPIRE-geharmoniseerd--WMS/checkViewUrl.feature
test:/tmp/junit17863174098671850733/Beheer-PDOK--Rijkswaterstaat--Rijkswaterstaat--Rijkswaterstaat--Beheer-PDOK/Vervoersnetwerken---Waterwegen--INSPIRE-geharmoniseerd----WT/view/Vervoersnetwerken---Waterwegen--INSPIRE-geharmoniseerd----WT-WMS/checkViewUrl.feature
test:/tmp/junit17863174098671850733/Beheer-PDOK--Rijkswaterstaat--Rijkswaterstaat--Rijkswaterstaat--Beheer-PDOK/Vervoersnetwerken---Waterwegen--INSPIRE-geharmoniseerd----WT/other/Vervoersnetwerken---Waterwegen--INSPIRE-geharmoniseerd----WT-WFS/checkOtherUrl.feature
test:/tmp/junit17863174098671850733/Informatiehuis-Water/Kaderrichtlijn-Water---Monitoringlocaties-Nederland-EU2015/download/Meetlocaties-Waterkwaliteit--KRW-waterlichamen-en-stroomgebied-districten---Atom-feed/checkdownloadurl.feature
test:/tmp/junit17863174098671850733/Informatiehuis-Water/Kaderrichtlijn-Water---Monitoringlocaties-Nederland-EU2015/view/Meetlocaties-waterkwaliteit---WMS/checkViewUrl.feature
test:/tmp/junit17863174098671850733/Informatiehuis-Water/Kaderrichtlijn-Water---Stroomgebieddistricten-Nederland-EU2015/download/Meetlocaties-Waterkwaliteit--KRW-waterlichamen-en-stroomgebied-districten---Atom-feed/checkdownloadurl.feature
test:/tmp/junit17863174098671850733/Informatiehuis-Water/Kaderrichtlijn-Water---Stroomgebieddistricten-Nederland-EU2015/view/KRW-Waterlichamen-en-stroomgebieden---WMS/checkViewUrl.feature
test:/tmp/junit17863174098671850733/Interprovinciaal-Overleg/Landelijk-grondwaterregister---Faciliteiten-voor-productie-en-industrie/download/INSPIRE-Download-service-voor-Faciliteiten-voor-productie-en-industrie/checkdownloadurl.feature
test:/tmp/junit17863174098671850733/Interprovinciaal-Overleg/Landelijk-grondwaterregister---Faciliteiten-voor-productie-en-industrie/view/INSPIRE-View-service-voor-Faciliteiten-voor-productie-en-industrie/checkViewUrl.feature
test:/tmp/junit17863174098671850733/Interprovinciaal-Overleg/Zwemwaterlocaties-en-zwemwaterkwaliteit---monsterpunten/download/INSPIRE-Download-service-voor-Milieubewakingsvoorzieningen/checkdownloadurl.feature
test:/tmp/junit17863174098671850733/Interprovinciaal-Overleg/Zwemwaterlocaties-en-zwemwaterkwaliteit---monsterpunten/view/INSPIRE-View-service-voor-Milieubewakingsvoorzieningen/checkViewUrl.feature
test:/tmp/junit17863174098671850733/Interprovinciaal-Overleg/Natuurbranden/download/INSPIRE-Download-service-voor-Gebieden-met-natuurrisico-s/checkdownloadurl.feature
test:/tmp/junit17863174098671850733/Interprovinciaal-Overleg/Natuurbranden/view/INSPIRE-View-service-voor-Gebieden-met-natuurrisico-s/checkViewUrl.feature
test:/tmp/junit17863174098671850733/PDOK--Beheer-PDOK--Beheer-PDOK/CBS-Vierkantstatistieken-100m/download/INSPIRE-download-service-PDOK/checkdownloadurl.feature
test:/tmp/junit17863174098671850733/PDOK--Beheer-PDOK--Beheer-PDOK/CBS-Vierkantstatistieken-100m/download/CBS-Vierkantstatistieken-100m-WFS/checkdownloadurl.feature
test:/tmp/junit17863174098671850733/PDOK--Beheer-PDOK--Beheer-PDOK/CBS-Vierkantstatistieken-100m/view/CBS-Vierkantstatistieken-100m-WMS/checkViewUrl.feature
test:/tmp/junit17863174098671850733/PDOK--Beheer-PDOK--Beheer-PDOK/CBS-gebiedsindelingen/download/INSPIRE-download-service-PDOK/checkdownloadurl.feature
test:/tmp/junit17863174098671850733/PDOK--Beheer-PDOK--Beheer-PDOK/CBS-gebiedsindelingen/download/CBS-Gebiedsindelingen-WFS/checkdownloadurl.feature
test:/tmp/junit17863174098671850733/PDOK--Beheer-PDOK--Beheer-PDOK/CBS-gebiedsindelingen/view/CBS-Gebiedsindelingen-WMS/checkViewUrl.feature
test:/tmp/junit17863174098671850733/RDW/Beperkingen-voor-voertuigen--INSPIRE-geharmoniseerde-data-/download/Beperkingen-voor-voertuigen--INSPIRE-download-service-/checkdownloadurl.feature
test:/tmp/junit17863174098671850733/Rijksdienst-voor-het-Cultureel-Erfgoed/Werelderfgoed/download/INSPIRE-Download-service-Beschermde-gebieden/checkdownloadurl.feature
test:/tmp/junit17863174098671850733/Rijksdienst-voor-het-Cultureel-Erfgoed/Werelderfgoed/view/INSPIRE-View-service-Beschermde-gebieden/checkViewUrl.feature
test:/tmp/junit17863174098671850733/Rijksdienst-voor-het-Cultureel-Erfgoed/Stads--en-Dorpsgezichten/download/INSPIRE-Download-service-Beschermde-gebieden/checkdownloadurl.feature
test:/tmp/junit17863174098671850733/Rijksdienst-voor-het-Cultureel-Erfgoed/Stads--en-Dorpsgezichten/view/INSPIRE-View-service-Beschermde-gebieden/checkViewUrl.feature
test:/tmp/junit17863174098671850733/Rijksdienst-voor-het-Cultureel-Erfgoed/Rijksmonumenten--verouderd-/download/INSPIRE-Download-service-Beschermde-gebieden/checkdownloadurl.feature
test:/tmp/junit17863174098671850733/Rijksdienst-voor-het-Cultureel-Erfgoed/Rijksmonumenten--verouderd-/view/INSPIRE-View-service-Beschermde-gebieden/checkViewUrl.feature
test:/tmp/junit17863174098671850733/Beheer-PDOK--Rijkswaterstaat--Rijkswaterstaat--Beheer-PDOK--Rijkswaterstaat/Hydrografie---Netwerk--INSPIRE-geharmoniseerd----WT/download/Hydrografie---Netwerk-RWS--INSPIRE-geharmoniseerd--WFS/checkdownloadurl.feature
test:/tmp/junit17863174098671850733/Beheer-PDOK--Rijkswaterstaat--Rijkswaterstaat--Beheer-PDOK--Rijkswaterstaat/Hydrografie---Netwerk--INSPIRE-geharmoniseerd----WT/download/Hydrografie---Netwerk--INSPIRE-geharmoniseerd----WT-ATOM/checkdownloadurl.feature
test:/tmp/junit17863174098671850733/Beheer-PDOK--Rijkswaterstaat--Rijkswaterstaat--Beheer-PDOK--Rijkswaterstaat/Hydrografie---Netwerk--INSPIRE-geharmoniseerd----WT/view/Hydrografie---Netwerk-RWS--INSPIRE-geharmoniseerd--WMS/checkViewUrl.feature
test:/tmp/junit17863174098671850733/Beheer-PDOK--Rijkswaterstaat--Rijkswaterstaat--Beheer-PDOK--Rijkswaterstaat/Hydrografie---Netwerk--INSPIRE-geharmoniseerd----WT/view/Hydrografie---Netwerk--INSPIRE-geharmoniseerd----WT-WMS/checkViewUrl.feature
test:/tmp/junit17863174098671850733/Beheer-PDOK--Rijkswaterstaat--Rijkswaterstaat--Beheer-PDOK--Rijkswaterstaat/Hydrografie---Netwerk--INSPIRE-geharmoniseerd----WT/other/Hydrografie---Netwerk--INSPIRE-geharmoniseerd----WT-WFS/checkOtherUrl.feature
15:21:26.784 [ForkJoinPool-2-worker-7] INFO  com.intuit.karate - karate.env system property was:  
15:21:26.794 [ForkJoinPool-2-worker-3] INFO  com.intuit.karate - karate.env system property was:  
15:21:26.794 [ForkJoinPool-2-worker-5] INFO  com.intuit.karate - karate.env system property was:  
15:21:26.819 [ForkJoinPool-2-worker-5] INFO  com.intuit.karate - [print] {
  "class": "metadata.Service",
  "electronicMailAddress": "[emissieregistratie@rivm.nl, emissieregistratie@rivm.nl]",
  "metadataStandardVersion": "Nederlands metadata profiel op ISO 19119 voor services 2.0",
  "operatesOn": "http://www.nationaalgeoregister.nl/geonetwork/srv/en/csw?service=CSW&request=GetRecordById&version=2.0.2&outputSchema=http://www.isotc211.org/2005/gmd&elementSetName=full&id=08b27bf0-e34a-4b30-9eac-5edadfb6a288#MD_DataIdentification",
  "organisation": "Rijksinstituut voor Volksgezondheid en Milieu",
  "serviceIdentifierCode": "03c39474-aef9-4169-95da-9890af440b14",
  "servicetype": "download",
  "title": "Afgevoerde hoeveelheid afval in 2015 vanuit de industrie (WFS)",
  "url": "https://inspire.rivm.nl/geoserver/wfs?request=GetCapabilities"
}

15:21:26.822 [ForkJoinPool-2-worker-5] INFO  com.intuit.karate - [print] testing url:https://inspire.rivm.nl/geoserver/wfs?request=GetCapabilities
15:21:26.821 [ForkJoinPool-2-worker-7] INFO  com.intuit.karate - [print] {
  "class": "metadata.Service",
  "electronicMailAddress": "[geodata@rivm.nl, geodata@rivm.nl]",
  "metadataStandardVersion": "Nederlands metadata profiel op ISO 19119 voor services 2.0",
  "operatesOn": "http://www.nationaalgeoregister.nl/geonetwork/srv/en/csw?service=CSW&request=GetRecordById&version=2.0.2&outputSchema=http://www.isotc211.org/2005/gmd&elementSetName=full&id=2cc2c30c-91b8-412a-a060-e84d25272581#MD_DataIdentification",
  "organisation": "Rijksinstituut voor Volksgezondheid en Milieu",
  "serviceIdentifierCode": "23aa5150-fcc7-46ea-ae63-a7f198d8bc18",
  "servicetype": "view",
  "title": "Zones en agglomeraties (Richtlijn Luchtkwaliteit) 2013 (WMS)",
  "url": "https://inspire.rivm.nl/geoserver/airq/wms?request=GetCapabilities"
}

15:21:26.825 [ForkJoinPool-2-worker-3] INFO  com.intuit.karate - [print] {
  "class": "metadata.Service",
  "electronicMailAddress": "[geodata@rivm.nl, geodata@rivm.nl]",
  "metadataStandardVersion": "Nederlands metadata profiel op ISO 19119 voor services 2.0",
  "operatesOn": "[https://www.nationaalgeoregister.nl:443/geonetwork/srv/dut/csw?service=CSW&request=GetRecordById&version=2.0.2&outputSchema=http://www.isotc211.org/2005/gmd&elementSetName=full&id=50a2c5e6-c8e7-425d-854e-26f578196bc9#MD_DataIdentification, https://www.nationaalgeoregister.nl:443/geonetwork/srv/dut/csw?service=CSW&request=GetRecordById&version=2.0.2&outputSchema=http://www.isotc211.org/2005/gmd&elementSetName=full&id=08b27bf0-e34a-4b30-9eac-5edadfb6a288#MD_DataIdentification, https://www.nationaalgeoregister.nl:443/geonetwork/srv/dut/csw?service=CSW&request=GetRecordById&version=2.0.2&outputSchema=http://www.isotc211.org/2005/gmd&elementSetName=full&id=8b0b02a0-1e1b-4cda-bcfe-6fa0f738e38f#MD_DataIdentification, https://www.nationaalgeoregister.nl:443/geonetwork/srv/dut/csw?service=CSW&request=GetRecordById&version=2.0.2&outputSchema=http://www.isotc211.org/2005/gmd&elementSetName=full&id=f2f86edf-ac3a-48e8-9292-0544da2d7645#MD_DataIdentification, https://www.nationaalgeoregister.nl:443/geonetwork/srv/dut/csw?service=CSW&request=GetRecordById&version=2.0.2&outputSchema=http://www.isotc211.org/2005/gmd&elementSetName=full&id=ad6caa40-89ab-47e3-85ab-3f8e32024a71#MD_DataIdentification, https://www.nationaalgeoregister.nl:443/geonetwork/srv/dut/csw?service=CSW&request=GetRecordById&version=2.0.2&outputSchema=http://www.isotc211.org/2005/gmd&elementSetName=full&id=f8d840bc-18df-4449-b797-b9adcb81d3ec#MD_DataIdentification, https://www.nationaalgeoregister.nl:443/geonetwork/srv/dut/csw?service=CSW&request=GetRecordById&version=2.0.2&outputSchema=http://www.isotc211.org/2005/gmd&elementSetName=full&id=d3c9efd6-fca7-49d6-92bb-5f507abece90#MD_DataIdentification, https://www.nationaalgeoregister.nl:443/geonetwork/srv/dut/csw?service=CSW&request=GetRecordById&version=2.0.2&outputSchema=http://www.isotc211.org/2005/gmd&elementSetName=full&id=32a21114-8694-40ce-ab76-9dcd885c7861#MD_DataIdentification, https://www.nationaalgeoregister.nl:443/geonetwork/srv/dut/csw?service=CSW&request=GetRecordById&version=2.0.2&outputSchema=http://www.isotc211.org/2005/gmd&elementSetName=full&id=d24ccb35-e9d2-41bf-b231-43083fc0c76d#MD_DataIdentification, https://www.nationaalgeoregister.nl:443/geonetwork/srv/dut/csw?service=CSW&request=GetRecordById&version=2.0.2&outputSchema=http://www.isotc211.org/2005/gmd&elementSetName=full&id=36a7e8cb-8300-4602-93d2-135943365a6f#MD_DataIdentification, https://www.nationaalgeoregister.nl:443/geonetwork/srv/dut/csw?service=CSW&request=GetRecordById&version=2.0.2&outputSchema=http://www.isotc211.org/2005/gmd&elementSetName=full&id=b3f66964-a8c1-456f-9799-9cafca2cb7b1#MD_DataIdentification, https://www.nationaalgeoregister.nl:443/geonetwork/srv/dut/csw?service=CSW&request=GetRecordById&version=2.0.2&outputSchema=http://www.isotc211.org/2005/gmd&elementSetName=full&id=e1e99000-ec47-4e9f-84a5-adad24fef0dc#MD_DataIdentification, https://www.nationaalgeoregister.nl:443/geonetwork/srv/dut/csw?service=CSW&request=GetRecordById&version=2.0.2&outputSchema=http://www.isotc211.org/2005/gmd&elementSetName=full&id=8a4f5c3b-aced-48fd-afb5-f1f1d0ef21d6#MD_DataIdentification, https://www.nationaalgeoregister.nl:443/geonetwork/srv/dut/csw?service=CSW&request=GetRecordById&version=2.0.2&outputSchema=http://www.isotc211.org/2005/gmd&elementSetName=full&id=d9baa847-4652-4588-abe1-0b050f40f27f#MD_DataIdentification, https://www.nationaalgeoregister.nl:443/geonetwork/srv/dut/csw?service=CSW&request=GetRecordById&version=2.0.2&outputSchema=http://www.isotc211.org/2005/gmd&elementSetName=full&id=2cc2c30c-91b8-412a-a060-e84d25272581#MD_DataIdentification]",
  "organisation": "Rijksinstituut voor Volksgezondheid en Milieu",
  "serviceIdentifierCode": "b5ee6914-04bd-4c7e-a180-242371ae40d9",
  "servicetype": "download",
  "title": "INSPIRE download service RIVM",
  "url": "https://inspire.rivm.nl/atom/index.xml"
}

15:21:26.828 [ForkJoinPool-2-worker-3] INFO  com.intuit.karate - [print] testing url:https://inspire.rivm.nl/atom/index.xml
15:21:26.830 [ForkJoinPool-2-worker-1] INFO  com.intuit.karate - karate.env system property was:  
15:21:26.833 [ForkJoinPool-2-worker-7] INFO  com.intuit.karate - [print] testing url:https://inspire.rivm.nl/geoserver/airq/wms?request=GetCapabilities
15:21:26.840 [ForkJoinPool-2-worker-7] DEBUG com.intuit.karate - request:
1 > HEAD https://inspire.rivm.nl/geoserver/airq/wms?request=GetCapabilities
1 > Accept-Encoding: gzip,deflate
1 > Connection: Keep-Alive
1 > Host: inspire.rivm.nl
1 > User-Agent: Apache-HttpClient/4.5.11 (Java/13.0.5)

15:21:26.840 [ForkJoinPool-2-worker-5] DEBUG com.intuit.karate - request:
1 > HEAD https://inspire.rivm.nl/geoserver/wfs?request=GetCapabilities
1 > Accept-Encoding: gzip,deflate
1 > Connection: Keep-Alive
1 > Host: inspire.rivm.nl
1 > User-Agent: Apache-HttpClient/4.5.11 (Java/13.0.5)

15:21:26.843 [ForkJoinPool-2-worker-3] DEBUG com.intuit.karate - request:
1 > HEAD https://inspire.rivm.nl/atom/index.xml
1 > Accept-Encoding: gzip,deflate
1 > Connection: Keep-Alive
1 > Host: inspire.rivm.nl
1 > User-Agent: Apache-HttpClient/4.5.11 (Java/13.0.5)

15:21:26.844 [ForkJoinPool-2-worker-1] INFO  com.intuit.karate - [print] {
  "class": "metadata.Service",
  "electronicMailAddress": "[geodata@rivm.nl, geodata@rivm.nl]",
  "metadataStandardVersion": "Nederlands metadata profiel op ISO 19119 voor services 2.0",
  "operatesOn": "http://www.nationaalgeoregister.nl/geonetwork/srv/en/csw?service=CSW&request=GetRecordById&version=2.0.2&outputSchema=http://www.isotc211.org/2005/gmd&elementSetName=full&id=2cc2c30c-91b8-412a-a060-e84d25272581#MD_DataIdentification",
  "organisation": "Rijksinstituut voor Volksgezondheid en Milieu",
  "serviceIdentifierCode": "9fd2324b-9e02-4eab-bd4a-8e2be4fcd545",
  "servicetype": "download",
  "title": "Zones en agglomeraties (Richtlijn Luchtkwaliteit) 2013 (WFS)",
  "url": "https://inspire.rivm.nl/geoserver/airq/wfs?request=GetCapabilities"
}

15:21:26.849 [ForkJoinPool-2-worker-1] INFO  com.intuit.karate - [print] testing url:https://inspire.rivm.nl/geoserver/airq/wfs?request=GetCapabilities
15:21:26.851 [ForkJoinPool-2-worker-1] DEBUG com.intuit.karate - request:
1 > HEAD https://inspire.rivm.nl/geoserver/airq/wfs?request=GetCapabilities
1 > Accept-Encoding: gzip,deflate
1 > Connection: Keep-Alive
1 > Host: inspire.rivm.nl
1 > User-Agent: Apache-HttpClient/4.5.11 (Java/13.0.5)

15:21:27.248 [ForkJoinPool-2-worker-5] DEBUG com.intuit.karate - response time in milliseconds: 404.67
1 < 200
1 < Access-Control-Allow-Origin: *
1 < Content-Disposition: inline; filename=geoserver-GetCapabilities.application
1 < Content-Type: application/xml
1 < Date: Mon, 26 Oct 2020 15:21:27 GMT
1 < Strict-Transport-Security: max-age=31536000; includeSubDomains
1 < X-Cnection: close

15:21:27.248 [ForkJoinPool-2-worker-3] DEBUG com.intuit.karate - response time in milliseconds: 404.69
1 < 200
1 < Accept-Ranges: bytes
1 < Access-Control-Allow-Origin: *
1 < Content-Length: 21731
1 < Content-Type: text/xml
1 < Date: Mon, 26 Oct 2020 15:21:27 GMT
1 < ETag: "80025-54e3-599938690c715"
1 < Last-Modified: Fri, 13 Dec 2019 10:43:00 GMT
1 < Server: Apache/2.2.15 (Red Hat)
1 < Strict-Transport-Security: max-age=31536000; includeSubDomains
1 < X-Cnection: close

15:21:27.249 [ForkJoinPool-2-worker-5] ERROR com.intuit.karate - assertion failed: path: $['Content-Length'][0], actual: null, expected: '#notnull', reason: actual json-path does not exist
15:21:27.260 [pool-4-thread-4] INFO  com.intuit.karate.Runner - <<fail>> feature 4 of 367: tmp/junit17863174098671850733/Rijksinstituut-voor-Volksgezondheid-en-Milieu/Afgevoerde-hoeveelheid-afval-in-2015-vanuit-de-industrie/download/Afgevoerde-hoeveelheid-afval-in-2015-vanuit-de-industrie--WFS-/checkdownloadurl.feature
---------------------------------------------------------
feature: tmp/junit17863174098671850733/Rijksinstituut-voor-Volksgezondheid-en-Milieu/Afgevoerde-hoeveelheid-afval-in-2015-vanuit-de-industrie/download/Afgevoerde-hoeveelheid-afval-in-2015-vanuit-de-industrie--WFS-/checkdownloadurl.feature
report: target/surefire-reports/tmp.junit17863174098671850733.Rijksinstituut-voor-Volksgezondheid-en-Milieu.Afgevoerde-hoeveelheid-afval-in-2015-vanuit-de-industrie.download.Afgevoerde-hoeveelheid-afval-in-2015-vanuit-de-industrie--WFS-.checkdownloadurl.json
scenarios:  1 | passed:  0 | failed:  1 | time: 0.4471
---------------------------------------------------------
15:21:27.261 [pool-4-thread-1] INFO  com.intuit.karate.Runner - <<pass>> feature 1 of 367: tmp/junit17863174098671850733/Rijksinstituut-voor-Volksgezondheid-en-Milieu/Zones-en-agglomeraties--Richtlijn-Luchtkwaliteit--2013/download/INSPIRE-download-service-RIVM/checkdownloadurl.feature
15:21:27.262 [ForkJoinPool-2-worker-1] DEBUG com.intuit.karate - response time in milliseconds: 409.06
1 < 200
1 < Access-Control-Allow-Origin: *
1 < Content-Disposition: inline; filename=geoserver-GetCapabilities.application
1 < Content-Type: application/xml
1 < Date: Mon, 26 Oct 2020 15:21:27 GMT
1 < Strict-Transport-Security: max-age=31536000; includeSubDomains
1 < X-Cnection: close

---------------------------------------------------------
feature: tmp/junit17863174098671850733/Rijksinstituut-voor-Volksgezondheid-en-Milieu/Zones-en-agglomeraties--Richtlijn-Luchtkwaliteit--2013/download/INSPIRE-download-service-RIVM/checkdownloadurl.feature
report: target/surefire-reports/tmp.junit17863174098671850733.Rijksinstituut-voor-Volksgezondheid-en-Milieu.Zones-en-agglomeraties--Richtlijn-Luchtkwaliteit--2013.download.INSPIRE-download-service-RIVM.checkdownloadurl.json
scenarios:  1 | passed:  1 | failed:  0 | time: 0.4582
---------------------------------------------------------
15:21:27.270 [ForkJoinPool-2-worker-1] ERROR com.intuit.karate - assertion failed: path: $['Content-Length'][0], actual: null, expected: '#notnull', reason: actual json-path does not exist
15:21:27.274 [pool-4-thread-2] INFO  com.intuit.karate.Runner - <<fail>> feature 2 of 367: tmp/junit17863174098671850733/Rijksinstituut-voor-Volksgezondheid-en-Milieu/Zones-en-agglomeraties--Richtlijn-Luchtkwaliteit--2013/download/Zones-en-agglomeraties--Richtlijn-Luchtkwaliteit--2013--WFS-/checkdownloadurl.feature
---------------------------------------------------------
feature: tmp/junit17863174098671850733/Rijksinstituut-voor-Volksgezondheid-en-Milieu/Zones-en-agglomeraties--Richtlijn-Luchtkwaliteit--2013/download/Zones-en-agglomeraties--Richtlijn-Luchtkwaliteit--2013--WFS-/checkdownloadurl.feature
report: target/surefire-reports/tmp.junit17863174098671850733.Rijksinstituut-voor-Volksgezondheid-en-Milieu.Zones-en-agglomeraties--Richtlijn-Luchtkwaliteit--2013.download.Zones-en-agglomeraties--Richtlijn-Luchtkwaliteit--2013--WFS-.checkdownloadurl.json
scenarios:  1 | passed:  0 | failed:  1 | time: 0.4389
---------------------------------------------------------
15:21:27.281 [ForkJoinPool-2-worker-7] DEBUG com.intuit.karate - response time in milliseconds: 440.15
1 < 200
1 < Access-Control-Allow-Origin: *
1 < Content-Disposition: inline; filename=getcapabilities_1.3.0.xml
1 < Content-Type: text/xml
1 < Date: Mon, 26 Oct 2020 15:21:27 GMT
1 < Strict-Transport-Security: max-age=31536000; includeSubDomains
1 < X-Cnection: close

15:21:27.282 [ForkJoinPool-2-worker-7] ERROR com.intuit.karate - assertion failed: path: $['Content-Length'][0], actual: null, expected: '#notnull', reason: actual json-path does not exist
15:21:27.290 [pool-4-thread-3] INFO  com.intuit.karate.Runner - <<fail>> feature 3 of 367: tmp/junit17863174098671850733/Rijksinstituut-voor-Volksgezondheid-en-Milieu/Zones-en-agglomeraties--Richtlijn-Luchtkwaliteit--2013/view/Zones-en-agglomeraties--Richtlijn-Luchtkwaliteit--2013--WMS-/checkViewUrl.feature
---------------------------------------------------------
feature: tmp/junit17863174098671850733/Rijksinstituut-voor-Volksgezondheid-en-Milieu/Zones-en-agglomeraties--Richtlijn-Luchtkwaliteit--2013/view/Zones-en-agglomeraties--Richtlijn-Luchtkwaliteit--2013--WMS-/checkViewUrl.feature
report: target/surefire-reports/tmp.junit17863174098671850733.Rijksinstituut-voor-Volksgezondheid-en-Milieu.Zones-en-agglomeraties--Richtlijn-Luchtkwaliteit--2013.view.Zones-en-agglomeraties--Richtlijn-Luchtkwaliteit--2013--WMS-.checkViewUrl.json
scenarios:  1 | passed:  0 | failed:  1 | time: 0.4944
---------------------------------------------------------
15:21:27.298 [ForkJoinPool-2-worker-1] INFO  com.intuit.karate - karate.env system property was:  
15:21:27.302 [ForkJoinPool-2-worker-5] INFO  com.intuit.karate - karate.env system property was:  
15:21:27.302 [ForkJoinPool-2-worker-3] INFO  com.intuit.karate - karate.env system property was:  
15:21:27.305 [ForkJoinPool-2-worker-7] INFO  com.intuit.karate - karate.env system property was:  
15:21:27.308 [ForkJoinPool-2-worker-7] INFO  com.intuit.karate - [print] {
  "class": "metadata.Service",
  "electronicMailAddress": "[geodata@rivm.nl, geodata@rivm.nl]",
  "metadataStandardVersion": "Nederlands metadata profiel op ISO 19119 voor services 2.0",
  "operatesOn": "http://www.nationaalgeoregister.nl/geonetwork/srv/dut/csw?service=CSW&request=GetRecordById&version=2.0.2&outputSchema=http://www.isotc211.org/2005/gmd&elementSetName=full&id=32a21114-8694-40ce-ab76-9dcd885c7861#MD_DataIdentification",
  "organisation": "Rijksinstituut voor Volksgezondheid en Milieu",
  "serviceIdentifierCode": "f59357eb-185f-42a5-b465-90bfa6e3e416",
  "servicetype": "download",
  "title": "Kwaliteit van drinkwater in Nederland (2012) (WFS)",
  "url": "https://inspire.rivm.nl/geoserver/wfs?request=GetCapabilities"
}

15:21:27.309 [ForkJoinPool-2-worker-7] INFO  com.intuit.karate - [print] testing url:https://inspire.rivm.nl/geoserver/wfs?request=GetCapabilities
15:21:27.318 [ForkJoinPool-2-worker-3] INFO  com.intuit.karate - [print] {
  "class": "metadata.Service",
  "electronicMailAddress": "[emissieregistratie@rivm.nl, emissieregistratie@rivm.nl]",
  "metadataStandardVersion": "Nederlands metadata profiel op ISO 19119 voor services 2.0",
  "operatesOn": "http://www.nationaalgeoregister.nl/geonetwork/srv/en/csw?service=CSW&request=GetRecordById&version=2.0.2&outputSchema=http://www.isotc211.org/2005/gmd&elementSetName=full&id=08b27bf0-e34a-4b30-9eac-5edadfb6a288#MD_DataIdentification",
  "organisation": "Rijksinstituut voor Volksgezondheid en Milieu",
  "serviceIdentifierCode": "c56433ca-35f2-4aaf-8bfa-35d8e0e52dda",
  "servicetype": "view",
  "title": "Afgevoerde hoeveelheid afval in 2015 vanuit de industrie (WMS)",
  "url": "https://inspire.rivm.nl/geoserver/wms?request=GetCapabilities"
}

15:21:27.320 [ForkJoinPool-2-worker-1] INFO  com.intuit.karate - [print] {
  "class": "metadata.Service",
  "electronicMailAddress": "[geodata@rivm.nl, geodata@rivm.nl]",
  "metadataStandardVersion": "Nederlands metadata profiel op ISO 19119 voor services 2.0",
  "operatesOn": "[https://www.nationaalgeoregister.nl:443/geonetwork/srv/dut/csw?service=CSW&request=GetRecordById&version=2.0.2&outputSchema=http://www.isotc211.org/2005/gmd&elementSetName=full&id=50a2c5e6-c8e7-425d-854e-26f578196bc9#MD_DataIdentification, https://www.nationaalgeoregister.nl:443/geonetwork/srv/dut/csw?service=CSW&request=GetRecordById&version=2.0.2&outputSchema=http://www.isotc211.org/2005/gmd&elementSetName=full&id=08b27bf0-e34a-4b30-9eac-5edadfb6a288#MD_DataIdentification, https://www.nationaalgeoregister.nl:443/geonetwork/srv/dut/csw?service=CSW&request=GetRecordById&version=2.0.2&outputSchema=http://www.isotc211.org/2005/gmd&elementSetName=full&id=8b0b02a0-1e1b-4cda-bcfe-6fa0f738e38f#MD_DataIdentification, https://www.nationaalgeoregister.nl:443/geonetwork/srv/dut/csw?service=CSW&request=GetRecordById&version=2.0.2&outputSchema=http://www.isotc211.org/2005/gmd&elementSetName=full&id=f2f86edf-ac3a-48e8-9292-0544da2d7645#MD_DataIdentification, https://www.nationaalgeoregister.nl:443/geonetwork/srv/dut/csw?service=CSW&request=GetRecordById&version=2.0.2&outputSchema=http://www.isotc211.org/2005/gmd&elementSetName=full&id=ad6caa40-89ab-47e3-85ab-3f8e32024a71#MD_DataIdentification, https://www.nationaalgeoregister.nl:443/geonetwork/srv/dut/csw?service=CSW&request=GetRecordById&version=2.0.2&outputSchema=http://www.isotc211.org/2005/gmd&elementSetName=full&id=f8d840bc-18df-4449-b797-b9adcb81d3ec#MD_DataIdentification, https://www.nationaalgeoregister.nl:443/geonetwork/srv/dut/csw?service=CSW&request=GetRecordById&version=2.0.2&outputSchema=http://www.isotc211.org/2005/gmd&elementSetName=full&id=d3c9efd6-fca7-49d6-92bb-5f507abece90#MD_DataIdentification, https://www.nationaalgeoregister.nl:443/geonetwork/srv/dut/csw?service=CSW&request=GetRecordById&version=2.0.2&outputSchema=http://www.isotc211.org/2005/gmd&elementSetName=full&id=32a21114-8694-40ce-ab76-9dcd885c7861#MD_DataIdentification, https://www.nationaalgeoregister.nl:443/geonetwork/srv/dut/csw?service=CSW&request=GetRecordById&version=2.0.2&outputSchema=http://www.isotc211.org/2005/gmd&elementSetName=full&id=d24ccb35-e9d2-41bf-b231-43083fc0c76d#MD_DataIdentification, https://www.nationaalgeoregister.nl:443/geonetwork/srv/dut/csw?service=CSW&request=GetRecordById&version=2.0.2&outputSchema=http://www.isotc211.org/2005/gmd&elementSetName=full&id=36a7e8cb-8300-4602-93d2-135943365a6f#MD_DataIdentification, https://www.nationaalgeoregister.nl:443/geonetwork/srv/dut/csw?service=CSW&request=GetRecordById&version=2.0.2&outputSchema=http://www.isotc211.org/2005/gmd&elementSetName=full&id=b3f66964-a8c1-456f-9799-9cafca2cb7b1#MD_DataIdentification, https://www.nationaalgeoregister.nl:443/geonetwork/srv/dut/csw?service=CSW&request=GetRecordById&version=2.0.2&outputSchema=http://www.isotc211.org/2005/gmd&elementSetName=full&id=e1e99000-ec47-4e9f-84a5-adad24fef0dc#MD_DataIdentification, https://www.nationaalgeoregister.nl:443/geonetwork/srv/dut/csw?service=CSW&request=GetRecordById&version=2.0.2&outputSchema=http://www.isotc211.org/2005/gmd&elementSetName=full&id=8a4f5c3b-aced-48fd-afb5-f1f1d0ef21d6#MD_DataIdentification, https://www.nationaalgeoregister.nl:443/geonetwork/srv/dut/csw?service=CSW&request=GetRecordById&version=2.0.2&outputSchema=http://www.isotc211.org/2005/gmd&elementSetName=full&id=d9baa847-4652-4588-abe1-0b050f40f27f#MD_DataIdentification, https://www.nationaalgeoregister.nl:443/geonetwork/srv/dut/csw?service=CSW&request=GetRecordById&version=2.0.2&outputSchema=http://www.isotc211.org/2005/gmd&elementSetName=full&id=2cc2c30c-91b8-412a-a060-e84d25272581#MD_DataIdentification]",
  "organisation": "Rijksinstituut voor Volksgezondheid en Milieu",
  "serviceIdentifierCode": "b5ee6914-04bd-4c7e-a180-242371ae40d9",
  "servicetype": "download",
  "title": "INSPIRE download service RIVM",
  "url": "https://inspire.rivm.nl/atom/index.xml"
}

15:21:27.321 [ForkJoinPool-2-worker-7] DEBUG com.intuit.karate - request:
1 > HEAD https://inspire.rivm.nl/geoserver/wfs?request=GetCapabilities
1 > Accept-Encoding: gzip,deflate
1 > Connection: Keep-Alive
1 > Host: inspire.rivm.nl
1 > User-Agent: Apache-HttpClient/4.5.11 (Java/13.0.5)

15:21:27.325 [ForkJoinPool-2-worker-1] INFO  com.intuit.karate - [print] testing url:https://inspire.rivm.nl/atom/index.xml
15:21:27.326 [ForkJoinPool-2-worker-5] INFO  com.intuit.karate - [print] {
  "class": "metadata.Service",
  "electronicMailAddress": "[geodata@rivm.nl, geodata@rivm.nl]",
  "metadataStandardVersion": "Nederlands metadata profiel op ISO 19119 voor services 2.0",
  "operatesOn": "[https://www.nationaalgeoregister.nl:443/geonetwork/srv/dut/csw?service=CSW&request=GetRecordById&version=2.0.2&outputSchema=http://www.isotc211.org/2005/gmd&elementSetName=full&id=50a2c5e6-c8e7-425d-854e-26f578196bc9#MD_DataIdentification, https://www.nationaalgeoregister.nl:443/geonetwork/srv/dut/csw?service=CSW&request=GetRecordById&version=2.0.2&outputSchema=http://www.isotc211.org/2005/gmd&elementSetName=full&id=08b27bf0-e34a-4b30-9eac-5edadfb6a288#MD_DataIdentification, https://www.nationaalgeoregister.nl:443/geonetwork/srv/dut/csw?service=CSW&request=GetRecordById&version=2.0.2&outputSchema=http://www.isotc211.org/2005/gmd&elementSetName=full&id=8b0b02a0-1e1b-4cda-bcfe-6fa0f738e38f#MD_DataIdentification, https://www.nationaalgeoregister.nl:443/geonetwork/srv/dut/csw?service=CSW&request=GetRecordById&version=2.0.2&outputSchema=http://www.isotc211.org/2005/gmd&elementSetName=full&id=f2f86edf-ac3a-48e8-9292-0544da2d7645#MD_DataIdentification, https://www.nationaalgeoregister.nl:443/geonetwork/srv/dut/csw?service=CSW&request=GetRecordById&version=2.0.2&outputSchema=http://www.isotc211.org/2005/gmd&elementSetName=full&id=ad6caa40-89ab-47e3-85ab-3f8e32024a71#MD_DataIdentification, https://www.nationaalgeoregister.nl:443/geonetwork/srv/dut/csw?service=CSW&request=GetRecordById&version=2.0.2&outputSchema=http://www.isotc211.org/2005/gmd&elementSetName=full&id=f8d840bc-18df-4449-b797-b9adcb81d3ec#MD_DataIdentification, https://www.nationaalgeoregister.nl:443/geonetwork/srv/dut/csw?service=CSW&request=GetRecordById&version=2.0.2&outputSchema=http://www.isotc211.org/2005/gmd&elementSetName=full&id=d3c9efd6-fca7-49d6-92bb-5f507abece90#MD_DataIdentification, https://www.nationaalgeoregister.nl:443/geonetwork/srv/dut/csw?service=CSW&request=GetRecordById&version=2.0.2&outputSchema=http://www.isotc211.org/2005/gmd&elementSetName=full&id=32a21114-8694-40ce-ab76-9dcd885c7861#MD_DataIdentification, https://www.nationaalgeoregister.nl:443/geonetwork/srv/dut/csw?service=CSW&request=GetRecordById&version=2.0.2&outputSchema=http://www.isotc211.org/2005/gmd&elementSetName=full&id=d24ccb35-e9d2-41bf-b231-43083fc0c76d#MD_DataIdentification, https://www.nationaalgeoregister.nl:443/geonetwork/srv/dut/csw?service=CSW&request=GetRecordById&version=2.0.2&outputSchema=http://www.isotc211.org/2005/gmd&elementSetName=full&id=36a7e8cb-8300-4602-93d2-135943365a6f#MD_DataIdentification, https://www.nationaalgeoregister.nl:443/geonetwork/srv/dut/csw?service=CSW&request=GetRecordById&version=2.0.2&outputSchema=http://www.isotc211.org/2005/gmd&elementSetName=full&id=b3f66964-a8c1-456f-9799-9cafca2cb7b1#MD_DataIdentification, https://www.nationaalgeoregister.nl:443/geonetwork/srv/dut/csw?service=CSW&request=GetRecordById&version=2.0.2&outputSchema=http://www.isotc211.org/2005/gmd&elementSetName=full&id=e1e99000-ec47-4e9f-84a5-adad24fef0dc#MD_DataIdentification, https://www.nationaalgeoregister.nl:443/geonetwork/srv/dut/csw?service=CSW&request=GetRecordById&version=2.0.2&outputSchema=http://www.isotc211.org/2005/gmd&elementSetName=full&id=8a4f5c3b-aced-48fd-afb5-f1f1d0ef21d6#MD_DataIdentification, https://www.nationaalgeoregister.nl:443/geonetwork/srv/dut/csw?service=CSW&request=GetRecordById&version=2.0.2&outputSchema=http://www.isotc211.org/2005/gmd&elementSetName=full&id=d9baa847-4652-4588-abe1-0b050f40f27f#MD_DataIdentification, https://www.nationaalgeoregister.nl:443/geonetwork/srv/dut/csw?service=CSW&request=GetRecordById&version=2.0.2&outputSchema=http://www.isotc211.org/2005/gmd&elementSetName=full&id=2cc2c30c-91b8-412a-a060-e84d25272581#MD_DataIdentification]",
  "organisation": "Rijksinstituut voor Volksgezondheid en Milieu",
  "serviceIdentifierCode": "b5ee6914-04bd-4c7e-a180-242371ae40d9",
  "servicetype": "download",
  "title": "INSPIRE download service RIVM",
  "url": "https://inspire.rivm.nl/atom/index.xml"
}

15:21:27.327 [ForkJoinPool-2-worker-1] DEBUG com.intuit.karate - request:
1 > HEAD https://inspire.rivm.nl/atom/index.xml
1 > Accept-Encoding: gzip,deflate
1 > Connection: Keep-Alive
1 > Host: inspire.rivm.nl
1 > User-Agent: Apache-HttpClient/4.5.11 (Java/13.0.5)

15:21:27.328 [ForkJoinPool-2-worker-3] INFO  com.intuit.karate - [print] testing url:https://inspire.rivm.nl/geoserver/wms?request=GetCapabilities
15:21:27.329 [ForkJoinPool-2-worker-3] DEBUG com.intuit.karate - request:
1 > HEAD https://inspire.rivm.nl/geoserver/wms?request=GetCapabilities
1 > Accept-Encoding: gzip,deflate
1 > Connection: Keep-Alive
1 > Host: inspire.rivm.nl
1 > User-Agent: Apache-HttpClient/4.5.11 (Java/13.0.5)

15:21:27.327 [ForkJoinPool-2-worker-5] INFO  com.intuit.karate - [print] testing url:https://inspire.rivm.nl/atom/index.xml
15:21:27.330 [ForkJoinPool-2-worker-5] DEBUG com.intuit.karate - request:
1 > HEAD https://inspire.rivm.nl/atom/index.xml
1 > Accept-Encoding: gzip,deflate
1 > Connection: Keep-Alive
1 > Host: inspire.rivm.nl
1 > User-Agent: Apache-HttpClient/4.5.11 (Java/13.0.5)

15:21:27.374 [main] INFO  com.intuit.karate.Runner - waiting for parallel features to complete ...
15:21:27.610 [ForkJoinPool-2-worker-7] DEBUG com.intuit.karate - response time in milliseconds: 288.08
1 < 200
1 < Access-Control-Allow-Origin: *
1 < Content-Disposition: inline; filename=geoserver-GetCapabilities.application
1 < Content-Type: application/xml
1 < Date: Mon, 26 Oct 2020 15:21:27 GMT
1 < Strict-Transport-Security: max-age=31536000; includeSubDomains
1 < X-Cnection: close

15:21:27.611 [ForkJoinPool-2-worker-7] ERROR com.intuit.karate - assertion failed: path: $['Content-Length'][0], actual: null, expected: '#notnull', reason: actual json-path does not exist
15:21:27.617 [ForkJoinPool-2-worker-1] DEBUG com.intuit.karate - response time in milliseconds: 290.21
1 < 200
1 < Accept-Ranges: bytes
1 < Access-Control-Allow-Origin: *
1 < Content-Length: 21731
1 < Content-Type: text/xml
1 < Date: Mon, 26 Oct 2020 15:21:27 GMT
1 < ETag: "20024-54e3-599938625e5ff"
1 < Last-Modified: Fri, 13 Dec 2019 10:42:53 GMT
1 < Server: Apache/2.2.15 (Red Hat)
1 < Strict-Transport-Security: max-age=31536000; includeSubDomains
1 < X-Cnection: close

15:21:27.617 [pool-4-thread-2] INFO  com.intuit.karate.Runner - <<fail>> feature 7 of 367: tmp/junit17863174098671850733/Rijksinstituut-voor-Volksgezondheid-en-Milieu/Kwaliteit-van-drinkwater-in-Nederland--2012-/download/Kwaliteit-van-drinkwater-in-Nederland--2012---WFS-/checkdownloadurl.feature
---------------------------------------------------------
feature: tmp/junit17863174098671850733/Rijksinstituut-voor-Volksgezondheid-en-Milieu/Kwaliteit-van-drinkwater-in-Nederland--2012-/download/Kwaliteit-van-drinkwater-in-Nederland--2012---WFS-/checkdownloadurl.feature
report: target/surefire-reports/tmp.junit17863174098671850733.Rijksinstituut-voor-Volksgezondheid-en-Milieu.Kwaliteit-van-drinkwater-in-Nederland--2012-.download.Kwaliteit-van-drinkwater-in-Nederland--2012---WFS-.checkdownloadurl.json
scenarios:  1 | passed:  0 | failed:  1 | time: 0.3056
---------------------------------------------------------
15:21:27.624 [pool-4-thread-4] INFO  com.intuit.karate.Runner - <<pass>> feature 5 of 367: tmp/junit17863174098671850733/Rijksinstituut-voor-Volksgezondheid-en-Milieu/Afgevoerde-hoeveelheid-afval-in-2015-vanuit-de-industrie/download/INSPIRE-download-service-RIVM/checkdownloadurl.feature
---------------------------------------------------------
feature: tmp/junit17863174098671850733/Rijksinstituut-voor-Volksgezondheid-en-Milieu/Afgevoerde-hoeveelheid-afval-in-2015-vanuit-de-industrie/download/INSPIRE-download-service-RIVM/checkdownloadurl.feature
report: target/surefire-reports/tmp.junit17863174098671850733.Rijksinstituut-voor-Volksgezondheid-en-Milieu.Afgevoerde-hoeveelheid-afval-in-2015-vanuit-de-industrie.download.INSPIRE-download-service-RIVM.checkdownloadurl.json
scenarios:  1 | passed:  1 | failed:  0 | time: 0.3179
---------------------------------------------------------
15:21:27.629 [ForkJoinPool-2-worker-5] DEBUG com.intuit.karate - response time in milliseconds: 271.38
1 < 200
1 < Accept-Ranges: bytes
1 < Access-Control-Allow-Origin: *
1 < Content-Length: 21731
1 < Content-Type: text/xml
1 < Date: Mon, 26 Oct 2020 15:21:27 GMT
1 < ETag: "20024-54e3-599938625e5ff"
1 < Last-Modified: Fri, 13 Dec 2019 10:42:53 GMT
1 < Server: Apache/2.2.15 (Red Hat)
1 < Strict-Transport-Security: max-age=31536000; includeSubDomains
1 < X-Cnection: close

15:21:27.633 [pool-4-thread-3] INFO  com.intuit.karate.Runner - <<pass>> feature 8 of 367: tmp/junit17863174098671850733/Rijksinstituut-voor-Volksgezondheid-en-Milieu/Kwaliteit-van-drinkwater-in-Nederland--2012-/download/INSPIRE-download-service-RIVM/checkdownloadurl.feature
---------------------------------------------------------
feature: tmp/junit17863174098671850733/Rijksinstituut-voor-Volksgezondheid-en-Milieu/Kwaliteit-van-drinkwater-in-Nederland--2012-/download/INSPIRE-download-service-RIVM/checkdownloadurl.feature
report: target/surefire-reports/tmp.junit17863174098671850733.Rijksinstituut-voor-Volksgezondheid-en-Milieu.Kwaliteit-van-drinkwater-in-Nederland--2012-.download.INSPIRE-download-service-RIVM.checkdownloadurl.json
scenarios:  1 | passed:  1 | failed:  0 | time: 0.3281
---------------------------------------------------------
15:21:27.641 [ForkJoinPool-2-worker-7] INFO  com.intuit.karate - karate.env system property was:  
15:21:27.643 [ForkJoinPool-2-worker-1] INFO  com.intuit.karate - karate.env system property was:  
15:21:27.657 [ForkJoinPool-2-worker-1] INFO  com.intuit.karate - [print] {
  "class": "metadata.Service",
  "electronicMailAddress": "[geodata@rivm.nl, geodata@rivm.nl]",
  "metadataStandardVersion": "Nederlands metadata profiel op ISO 19119 voor services 2.0",
  "operatesOn": "http://www.nationaalgeoregister.nl/geonetwork/srv/dut/csw?service=CSW&request=GetRecordById&version=2.0.2&outputSchema=http://www.isotc211.org/2005/gmd&elementSetName=full&id=e1e99000-ec47-4e9f-84a5-adad24fef0dc#MD_DataIdentification",
  "organisation": "Rijksinstituut voor Volksgezondheid en Milieu",
  "serviceIdentifierCode": "5d3fc8f8-5cb4-42e2-8f9b-62c147f36cc5",
  "servicetype": "download",
  "title": "Natuurlijke alfa activiteitsconcentratie in lucht Nationaal Meetnet Radioactiviteit 2011 (WFS)",
  "url": "https://inspire.rivm.nl/geoserver/wfs?request=GetCapabilities"
}

15:21:27.663 [ForkJoinPool-2-worker-5] INFO  com.intuit.karate - karate.env system property was:  
15:21:27.665 [ForkJoinPool-2-worker-7] INFO  com.intuit.karate - [print] {
  "class": "metadata.Service",
  "electronicMailAddress": "[geodata@rivm.nl, geodata@rivm.nl]",
  "metadataStandardVersion": "Nederlands metadata profiel op ISO 19119 voor services 2.0",
  "operatesOn": "http://www.nationaalgeoregister.nl/geonetwork/srv/dut/csw?service=CSW&request=GetRecordById&version=2.0.2&outputSchema=http://www.isotc211.org/2005/gmd&elementSetName=full&id=32a21114-8694-40ce-ab76-9dcd885c7861#MD_DataIdentification",
  "organisation": "Rijksinstituut voor Volksgezondheid en Milieu",
  "serviceIdentifierCode": "a6098c24-4caf-4528-954c-672b9ec6cf78",
  "servicetype": "view",
  "title": "Kwaliteit van drinkwater in Nederland (2012) (WMS)",
  "url": "https://inspire.rivm.nl/geoserver/wms?request=GetCapabilities"
}

15:21:27.667 [ForkJoinPool-2-worker-1] INFO  com.intuit.karate - [print] testing url:https://inspire.rivm.nl/geoserver/wfs?request=GetCapabilities
15:21:27.673 [ForkJoinPool-2-worker-5] INFO  com.intuit.karate - [print] {
  "class": "metadata.Service",
  "electronicMailAddress": "[geodata@rivm.nl, geodata@rivm.nl]",
  "metadataStandardVersion": "Nederlands metadata profiel op ISO 19119 voor services 2.0",
  "operatesOn": "[https://www.nationaalgeoregister.nl:443/geonetwork/srv/dut/csw?service=CSW&request=GetRecordById&version=2.0.2&outputSchema=http://www.isotc211.org/2005/gmd&elementSetName=full&id=50a2c5e6-c8e7-425d-854e-26f578196bc9#MD_DataIdentification, https://www.nationaalgeoregister.nl:443/geonetwork/srv/dut/csw?service=CSW&request=GetRecordById&version=2.0.2&outputSchema=http://www.isotc211.org/2005/gmd&elementSetName=full&id=08b27bf0-e34a-4b30-9eac-5edadfb6a288#MD_DataIdentification, https://www.nationaalgeoregister.nl:443/geonetwork/srv/dut/csw?service=CSW&request=GetRecordById&version=2.0.2&outputSchema=http://www.isotc211.org/2005/gmd&elementSetName=full&id=8b0b02a0-1e1b-4cda-bcfe-6fa0f738e38f#MD_DataIdentification, https://www.nationaalgeoregister.nl:443/geonetwork/srv/dut/csw?service=CSW&request=GetRecordById&version=2.0.2&outputSchema=http://www.isotc211.org/2005/gmd&elementSetName=full&id=f2f86edf-ac3a-48e8-9292-0544da2d7645#MD_DataIdentification, https://www.nationaalgeoregister.nl:443/geonetwork/srv/dut/csw?service=CSW&request=GetRecordById&version=2.0.2&outputSchema=http://www.isotc211.org/2005/gmd&elementSetName=full&id=ad6caa40-89ab-47e3-85ab-3f8e32024a71#MD_DataIdentification, https://www.nationaalgeoregister.nl:443/geonetwork/srv/dut/csw?service=CSW&request=GetRecordById&version=2.0.2&outputSchema=http://www.isotc211.org/2005/gmd&elementSetName=full&id=f8d840bc-18df-4449-b797-b9adcb81d3ec#MD_DataIdentification, https://www.nationaalgeoregister.nl:443/geonetwork/srv/dut/csw?service=CSW&request=GetRecordById&version=2.0.2&outputSchema=http://www.isotc211.org/2005/gmd&elementSetName=full&id=d3c9efd6-fca7-49d6-92bb-5f507abece90#MD_DataIdentification, https://www.nationaalgeoregister.nl:443/geonetwork/srv/dut/csw?service=CSW&request=GetRecordById&version=2.0.2&outputSchema=http://www.isotc211.org/2005/gmd&elementSetName=full&id=32a21114-8694-40ce-ab76-9dcd885c7861#MD_DataIdentification, https://www.nationaalgeoregister.nl:443/geonetwork/srv/dut/csw?service=CSW&request=GetRecordById&version=2.0.2&outputSchema=http://www.isotc211.org/2005/gmd&elementSetName=full&id=d24ccb35-e9d2-41bf-b231-43083fc0c76d#MD_DataIdentification, https://www.nationaalgeoregister.nl:443/geonetwork/srv/dut/csw?service=CSW&request=GetRecordById&version=2.0.2&outputSchema=http://www.isotc211.org/2005/gmd&elementSetName=full&id=36a7e8cb-8300-4602-93d2-135943365a6f#MD_DataIdentification, https://www.nationaalgeoregister.nl:443/geonetwork/srv/dut/csw?service=CSW&request=GetRecordById&version=2.0.2&outputSchema=http://www.isotc211.org/2005/gmd&elementSetName=full&id=b3f66964-a8c1-456f-9799-9cafca2cb7b1#MD_DataIdentification, https://www.nationaalgeoregister.nl:443/geonetwork/srv/dut/csw?service=CSW&request=GetRecordById&version=2.0.2&outputSchema=http://www.isotc211.org/2005/gmd&elementSetName=full&id=e1e99000-ec47-4e9f-84a5-adad24fef0dc#MD_DataIdentification, https://www.nationaalgeoregister.nl:443/geonetwork/srv/dut/csw?service=CSW&request=GetRecordById&version=2.0.2&outputSchema=http://www.isotc211.org/2005/gmd&elementSetName=full&id=8a4f5c3b-aced-48fd-afb5-f1f1d0ef21d6#MD_DataIdentification, https://www.nationaalgeoregister.nl:443/geonetwork/srv/dut/csw?service=CSW&request=GetRecordById&version=2.0.2&outputSchema=http://www.isotc211.org/2005/gmd&elementSetName=full&id=d9baa847-4652-4588-abe1-0b050f40f27f#MD_DataIdentification, https://www.nationaalgeoregister.nl:443/geonetwork/srv/dut/csw?service=CSW&request=GetRecordById&version=2.0.2&outputSchema=http://www.isotc211.org/2005/gmd&elementSetName=full&id=2cc2c30c-91b8-412a-a060-e84d25272581#MD_DataIdentification]",
  "organisation": "Rijksinstituut voor Volksgezondheid en Milieu",
  "serviceIdentifierCode": "b5ee6914-04bd-4c7e-a180-242371ae40d9",
  "servicetype": "download",
  "title": "INSPIRE download service RIVM",
  "url": "https://inspire.rivm.nl/atom/index.xml"
}

15:21:27.677 [ForkJoinPool-2-worker-3] DEBUG com.intuit.karate - response time in milliseconds: 348.33
1 < 200
1 < Access-Control-Allow-Origin: *
1 < Content-Disposition: inline; filename=getcapabilities_1.3.0.xml
1 < Content-Type: text/xml
1 < Date: Mon, 26 Oct 2020 15:21:27 GMT
1 < Strict-Transport-Security: max-age=31536000; includeSubDomains
1 < X-Cnection: close

15:21:27.673 [ForkJoinPool-2-worker-7] INFO  com.intuit.karate - [print] testing url:https://inspire.rivm.nl/geoserver/wms?request=GetCapabilities
15:21:27.678 [ForkJoinPool-2-worker-5] INFO  com.intuit.karate - [print] testing url:https://inspire.rivm.nl/atom/index.xml
15:21:27.673 [ForkJoinPool-2-worker-1] DEBUG com.intuit.karate - request:
1 > HEAD https://inspire.rivm.nl/geoserver/wfs?request=GetCapabilities
1 > Accept-Encoding: gzip,deflate
1 > Connection: Keep-Alive
1 > Host: inspire.rivm.nl
1 > User-Agent: Apache-HttpClient/4.5.11 (Java/13.0.5)

15:21:27.678 [ForkJoinPool-2-worker-3] ERROR com.intuit.karate - assertion failed: path: $['Content-Length'][0], actual: null, expected: '#notnull', reason: actual json-path does not exist
15:21:27.685 [ForkJoinPool-2-worker-7] DEBUG com.intuit.karate - request:
1 > HEAD https://inspire.rivm.nl/geoserver/wms?request=GetCapabilities
1 > Accept-Encoding: gzip,deflate
1 > Connection: Keep-Alive
1 > Host: inspire.rivm.nl
1 > User-Agent: Apache-HttpClient/4.5.11 (Java/13.0.5)

15:21:27.688 [pool-4-thread-1] INFO  com.intuit.karate.Runner - <<fail>> feature 6 of 367: tmp/junit17863174098671850733/Rijksinstituut-voor-Volksgezondheid-en-Milieu/Afgevoerde-hoeveelheid-afval-in-2015-vanuit-de-industrie/view/Afgevoerde-hoeveelheid-afval-in-2015-vanuit-de-industrie--WMS-/checkViewUrl.feature
---------------------------------------------------------
feature: tmp/junit17863174098671850733/Rijksinstituut-voor-Volksgezondheid-en-Milieu/Afgevoerde-hoeveelheid-afval-in-2015-vanuit-de-industrie/view/Afgevoerde-hoeveelheid-afval-in-2015-vanuit-de-industrie--WMS-/checkViewUrl.feature
report: target/surefire-reports/tmp.junit17863174098671850733.Rijksinstituut-voor-Volksgezondheid-en-Milieu.Afgevoerde-hoeveelheid-afval-in-2015-vanuit-de-industrie.view.Afgevoerde-hoeveelheid-afval-in-2015-vanuit-de-industrie--WMS-.checkViewUrl.json
scenarios:  1 | passed:  0 | failed:  1 | time: 0.3824
---------------------------------------------------------
15:21:27.695 [ForkJoinPool-2-worker-3] INFO  com.intuit.karate - karate.env system property was:  
15:21:27.705 [ForkJoinPool-2-worker-3] INFO  com.intuit.karate - [print] {
  "class": "metadata.Service",
  "electronicMailAddress": "[geodata@rivm.nl, geodata@rivm.nl]",
  "metadataStandardVersion": "Nederlands metadata profiel op ISO 19119 voor services 2.0",
  "operatesOn": "http://www.nationaalgeoregister.nl/geonetwork/srv/dut/csw?service=CSW&request=GetRecordById&version=2.0.2&outputSchema=http://www.isotc211.org/2005/gmd&elementSetName=full&id=e1e99000-ec47-4e9f-84a5-adad24fef0dc#MD_DataIdentification",
  "organisation": "Rijksinstituut voor Volksgezondheid en Milieu",
  "serviceIdentifierCode": "f0eb64f9-8888-42e1-9550-bf91c32da4bc",
  "servicetype": "view",
  "title": "Natuurlijke alfa activiteitsconcentratie in lucht Nationaal Meetnet Radioactiviteit 2011 (WMS)",
  "url": "https://inspire.rivm.nl/geoserver/wms?request=GetCapabilities"
}

15:21:27.706 [ForkJoinPool-2-worker-3] INFO  com.intuit.karate - [print] testing url:https://inspire.rivm.nl/geoserver/wms?request=GetCapabilities
15:21:27.709 [ForkJoinPool-2-worker-3] DEBUG com.intuit.karate - request:
1 > HEAD https://inspire.rivm.nl/geoserver/wms?request=GetCapabilities
1 > Accept-Encoding: gzip,deflate
1 > Connection: Keep-Alive
1 > Host: inspire.rivm.nl
1 > User-Agent: Apache-HttpClient/4.5.11 (Java/13.0.5)

15:21:27.707 [ForkJoinPool-2-worker-5] DEBUG com.intuit.karate - request:
1 > HEAD https://inspire.rivm.nl/atom/index.xml
1 > Accept-Encoding: gzip,deflate
1 > Connection: Keep-Alive
1 > Host: inspire.rivm.nl
1 > User-Agent: Apache-HttpClient/4.5.11 (Java/13.0.5)

15:21:27.970 [ForkJoinPool-2-worker-1] DEBUG com.intuit.karate - response time in milliseconds: 284.76
1 < 200
1 < Access-Control-Allow-Origin: *
1 < Content-Disposition: inline; filename=geoserver-GetCapabilities.application
1 < Content-Type: application/xml
1 < Date: Mon, 26 Oct 2020 15:21:27 GMT
1 < Strict-Transport-Security: max-age=31536000; includeSubDomains
1 < X-Cnection: close

15:21:27.972 [ForkJoinPool-2-worker-1] ERROR com.intuit.karate - assertion failed: path: $['Content-Length'][0], actual: null, expected: '#notnull', reason: actual json-path does not exist
15:21:27.975 [pool-4-thread-4] ERROR com.intuit.karate.Runner - <<error>> unable to write report file(s): java.io.FileNotFoundException: target/surefire-reports/tmp.junit17863174098671850733.Rijksinstituut-voor-Volksgezondheid-en-Milieu.Natuurlijke-alfa-activiteitsconcentratie-in-lucht-Nationaal-Meetnet-Radioactiviteit-2011.download.Natuurlijke-alfa-activiteitsconcentratie-in-lucht-Nationaal-Meetnet-Radioactiviteit-2011--WFS-.checkdownloadurl.json (File name too long)
---------------------------------------------------------
feature: tmp/junit17863174098671850733/Rijksinstituut-voor-Volksgezondheid-en-Milieu/Natuurlijke-alfa-activiteitsconcentratie-in-lucht-Nationaal-Meetnet-Radioactiviteit-2011/download/Natuurlijke-alfa-activiteitsconcentratie-in-lucht-Nationaal-Meetnet-Radioactiviteit-2011--WFS-/checkdownloadurl.feature
scenarios:  1 | passed:  0 | failed:  1 | time: 0.3179
---------------------------------------------------------
15:21:27.988 [ForkJoinPool-2-worker-5] DEBUG com.intuit.karate - response time in milliseconds: 273.89
1 < 200
1 < Accept-Ranges: bytes
1 < Access-Control-Allow-Origin: *
1 < Content-Length: 21731
1 < Content-Type: text/xml
1 < Date: Mon, 26 Oct 2020 15:21:27 GMT
1 < ETag: "20024-54e3-599938625e5ff"
1 < Last-Modified: Fri, 13 Dec 2019 10:42:53 GMT
1 < Server: Apache/2.2.15 (Red Hat)
1 < Strict-Transport-Security: max-age=31536000; includeSubDomains
1 < X-Cnection: close

15:21:27.992 [pool-4-thread-3] INFO  com.intuit.karate.Runner - <<pass>> feature 11 of 367: tmp/junit17863174098671850733/Rijksinstituut-voor-Volksgezondheid-en-Milieu/Natuurlijke-alfa-activiteitsconcentratie-in-lucht-Nationaal-Meetnet-Radioactiviteit-2011/download/INSPIRE-download-service-RIVM/checkdownloadurl.feature
---------------------------------------------------------
feature: tmp/junit17863174098671850733/Rijksinstituut-voor-Volksgezondheid-en-Milieu/Natuurlijke-alfa-activiteitsconcentratie-in-lucht-Nationaal-Meetnet-Radioactiviteit-2011/download/INSPIRE-download-service-RIVM/checkdownloadurl.feature
report: target/surefire-reports/tmp.junit17863174098671850733.Rijksinstituut-voor-Volksgezondheid-en-Milieu.Natuurlijke-alfa-activiteitsconcentratie-in-lucht-Nationaal-Meetnet-Radioactiviteit-2011.download.INSPIRE-download-service-RIVM.checkdownloadurl.json
scenarios:  1 | passed:  1 | failed:  0 | time: 0.3216
---------------------------------------------------------
15:21:28.005 [ForkJoinPool-2-worker-5] INFO  com.intuit.karate - karate.env system property was:  
15:21:28.005 [ForkJoinPool-2-worker-1] INFO  com.intuit.karate - karate.env system property was:  
15:21:28.016 [ForkJoinPool-2-worker-5] INFO  com.intuit.karate - [print] {
  "class": "metadata.Service",
  "electronicMailAddress": "[geodata@rivm.nl, geodata@rivm.nl]",
  "metadataStandardVersion": "Nederlands metadata profiel op ISO 19119 voor services 2.0",
  "operatesOn": "[https://www.nationaalgeoregister.nl:443/geonetwork/srv/dut/csw?service=CSW&request=GetRecordById&version=2.0.2&outputSchema=http://www.isotc211.org/2005/gmd&elementSetName=full&id=50a2c5e6-c8e7-425d-854e-26f578196bc9#MD_DataIdentification, https://www.nationaalgeoregister.nl:443/geonetwork/srv/dut/csw?service=CSW&request=GetRecordById&version=2.0.2&outputSchema=http://www.isotc211.org/2005/gmd&elementSetName=full&id=08b27bf0-e34a-4b30-9eac-5edadfb6a288#MD_DataIdentification, https://www.nationaalgeoregister.nl:443/geonetwork/srv/dut/csw?service=CSW&request=GetRecordById&version=2.0.2&outputSchema=http://www.isotc211.org/2005/gmd&elementSetName=full&id=8b0b02a0-1e1b-4cda-bcfe-6fa0f738e38f#MD_DataIdentification, https://www.nationaalgeoregister.nl:443/geonetwork/srv/dut/csw?service=CSW&request=GetRecordById&version=2.0.2&outputSchema=http://www.isotc211.org/2005/gmd&elementSetName=full&id=f2f86edf-ac3a-48e8-9292-0544da2d7645#MD_DataIdentification, https://www.nationaalgeoregister.nl:443/geonetwork/srv/dut/csw?service=CSW&request=GetRecordById&version=2.0.2&outputSchema=http://www.isotc211.org/2005/gmd&elementSetName=full&id=ad6caa40-89ab-47e3-85ab-3f8e32024a71#MD_DataIdentification, https://www.nationaalgeoregister.nl:443/geonetwork/srv/dut/csw?service=CSW&request=GetRecordById&version=2.0.2&outputSchema=http://www.isotc211.org/2005/gmd&elementSetName=full&id=f8d840bc-18df-4449-b797-b9adcb81d3ec#MD_DataIdentification, https://www.nationaalgeoregister.nl:443/geonetwork/srv/dut/csw?service=CSW&request=GetRecordById&version=2.0.2&outputSchema=http://www.isotc211.org/2005/gmd&elementSetName=full&id=d3c9efd6-fca7-49d6-92bb-5f507abece90#MD_DataIdentification, https://www.nationaalgeoregister.nl:443/geonetwork/srv/dut/csw?service=CSW&request=GetRecordById&version=2.0.2&outputSchema=http://www.isotc211.org/2005/gmd&elementSetName=full&id=32a21114-8694-40ce-ab76-9dcd885c7861#MD_DataIdentification, https://www.nationaalgeoregister.nl:443/geonetwork/srv/dut/csw?service=CSW&request=GetRecordById&version=2.0.2&outputSchema=http://www.isotc211.org/2005/gmd&elementSetName=full&id=d24ccb35-e9d2-41bf-b231-43083fc0c76d#MD_DataIdentification, https://www.nationaalgeoregister.nl:443/geonetwork/srv/dut/csw?service=CSW&request=GetRecordById&version=2.0.2&outputSchema=http://www.isotc211.org/2005/gmd&elementSetName=full&id=36a7e8cb-8300-4602-93d2-135943365a6f#MD_DataIdentification, https://www.nationaalgeoregister.nl:443/geonetwork/srv/dut/csw?service=CSW&request=GetRecordById&version=2.0.2&outputSchema=http://www.isotc211.org/2005/gmd&elementSetName=full&id=b3f66964-a8c1-456f-9799-9cafca2cb7b1#MD_DataIdentification, https://www.nationaalgeoregister.nl:443/geonetwork/srv/dut/csw?service=CSW&request=GetRecordById&version=2.0.2&outputSchema=http://www.isotc211.org/2005/gmd&elementSetName=full&id=e1e99000-ec47-4e9f-84a5-adad24fef0dc#MD_DataIdentification, https://www.nationaalgeoregister.nl:443/geonetwork/srv/dut/csw?service=CSW&request=GetRecordById&version=2.0.2&outputSchema=http://www.isotc211.org/2005/gmd&elementSetName=full&id=8a4f5c3b-aced-48fd-afb5-f1f1d0ef21d6#MD_DataIdentification, https://www.nationaalgeoregister.nl:443/geonetwork/srv/dut/csw?service=CSW&request=GetRecordById&version=2.0.2&outputSchema=http://www.isotc211.org/2005/gmd&elementSetName=full&id=d9baa847-4652-4588-abe1-0b050f40f27f#MD_DataIdentification, https://www.nationaalgeoregister.nl:443/geonetwork/srv/dut/csw?service=CSW&request=GetRecordById&version=2.0.2&outputSchema=http://www.isotc211.org/2005/gmd&elementSetName=full&id=2cc2c30c-91b8-412a-a060-e84d25272581#MD_DataIdentification]",
  "organisation": "Rijksinstituut voor Volksgezondheid en Milieu",
  "serviceIdentifierCode": "b5ee6914-04bd-4c7e-a180-242371ae40d9",
  "servicetype": "download",
  "title": "INSPIRE download service RIVM",
  "url": "https://inspire.rivm.nl/atom/index.xml"
}

15:21:28.020 [ForkJoinPool-2-worker-1] INFO  com.intuit.karate - [print] {
  "class": "metadata.Service",
  "electronicMailAddress": "[geodata@rivm.nl, geodata@rivm.nl]",
  "metadataStandardVersion": "Nederlands metadata profiel op ISO 19119 voor services 2.0",
  "operatesOn": "http://www.nationaalgeoregister.nl/geonetwork/srv/en/csw?service=CSW&request=GetRecordById&version=2.0.2&outputSchema=http://www.isotc211.org/2005/gmd&elementSetName=full&id=d24ccb35-e9d2-41bf-b231-43083fc0c76d#MD_DataIdentification",
  "organisation": "Rijksinstituut voor Volksgezondheid en Milieu",
  "serviceIdentifierCode": "ff8f6da2-949e-4838-90f6-fd895a4a240f",
  "servicetype": "download",
  "title": "LCP emissies (Richtlijn Industriële emissies) 2016 (WFS)",
  "url": "https://inspire.rivm.nl/geoserver/wfs?request=GetCapabilities"
}

15:21:28.026 [ForkJoinPool-2-worker-5] INFO  com.intuit.karate - [print] testing url:https://inspire.rivm.nl/atom/index.xml
15:21:28.030 [ForkJoinPool-2-worker-1] INFO  com.intuit.karate - [print] testing url:https://inspire.rivm.nl/geoserver/wfs?request=GetCapabilities
15:21:28.031 [ForkJoinPool-2-worker-5] DEBUG com.intuit.karate - request:
1 > HEAD https://inspire.rivm.nl/atom/index.xml
1 > Accept-Encoding: gzip,deflate
1 > Connection: Keep-Alive
1 > Host: inspire.rivm.nl
1 > User-Agent: Apache-HttpClient/4.5.11 (Java/13.0.5)

15:21:28.034 [ForkJoinPool-2-worker-1] DEBUG com.intuit.karate - request:
1 > HEAD https://inspire.rivm.nl/geoserver/wfs?request=GetCapabilities
1 > Accept-Encoding: gzip,deflate
1 > Connection: Keep-Alive
1 > Host: inspire.rivm.nl
1 > User-Agent: Apache-HttpClient/4.5.11 (Java/13.0.5)

15:21:28.119 [ForkJoinPool-2-worker-7] DEBUG com.intuit.karate - response time in milliseconds: 413.09
1 < 200
1 < Access-Control-Allow-Origin: *
1 < Content-Disposition: inline; filename=getcapabilities_1.3.0.xml
1 < Content-Type: text/xml
1 < Date: Mon, 26 Oct 2020 15:21:27 GMT
1 < Strict-Transport-Security: max-age=31536000; includeSubDomains
1 < X-Cnection: close

15:21:28.120 [ForkJoinPool-2-worker-7] ERROR com.intuit.karate - assertion failed: path: $['Content-Length'][0], actual: null, expected: '#notnull', reason: actual json-path does not exist
15:21:28.124 [pool-4-thread-2] INFO  com.intuit.karate.Runner - <<fail>> feature 9 of 367: tmp/junit17863174098671850733/Rijksinstituut-voor-Volksgezondheid-en-Milieu/Kwaliteit-van-drinkwater-in-Nederland--2012-/view/Kwaliteit-van-drinkwater-in-Nederland--2012---WMS-/checkViewUrl.feature
15:21:28.125 [ForkJoinPool-2-worker-3] DEBUG com.intuit.karate - response time in milliseconds: 412.24
1 < 200
1 < Access-Control-Allow-Origin: *
1 < Content-Disposition: inline; filename=getcapabilities_1.3.0.xml
1 < Content-Type: text/xml
1 < Date: Mon, 26 Oct 2020 15:21:27 GMT
1 < Strict-Transport-Security: max-age=31536000; includeSubDomains
1 < X-Cnection: close

15:21:28.128 [ForkJoinPool-2-worker-3] ERROR com.intuit.karate - assertion failed: path: $['Content-Length'][0], actual: null, expected: '#notnull', reason: actual json-path does not exist
15:21:28.129 [pool-4-thread-1] ERROR com.intuit.karate.Runner - <<error>> unable to write report file(s): java.io.FileNotFoundException: target/surefire-reports/tmp.junit17863174098671850733.Rijksinstituut-voor-Volksgezondheid-en-Milieu.Natuurlijke-alfa-activiteitsconcentratie-in-lucht-Nationaal-Meetnet-Radioactiviteit-2011.view.Natuurlijke-alfa-activiteitsconcentratie-in-lucht-Nationaal-Meetnet-Radioactiviteit-2011--WMS-.checkViewUrl.json (File name too long)
---------------------------------------------------------
feature: tmp/junit17863174098671850733/Rijksinstituut-voor-Volksgezondheid-en-Milieu/Natuurlijke-alfa-activiteitsconcentratie-in-lucht-Nationaal-Meetnet-Radioactiviteit-2011/view/Natuurlijke-alfa-activiteitsconcentratie-in-lucht-Nationaal-Meetnet-Radioactiviteit-2011--WMS-/checkViewUrl.feature
scenarios:  1 | passed:  0 | failed:  1 | time: 0.4329
---------------------------------------------------------
---------------------------------------------------------
feature: tmp/junit17863174098671850733/Rijksinstituut-voor-Volksgezondheid-en-Milieu/Kwaliteit-van-drinkwater-in-Nederland--2012-/view/Kwaliteit-van-drinkwater-in-Nederland--2012---WMS-/checkViewUrl.feature
report: target/surefire-reports/tmp.junit17863174098671850733.Rijksinstituut-voor-Volksgezondheid-en-Milieu.Kwaliteit-van-drinkwater-in-Nederland--2012-.view.Kwaliteit-van-drinkwater-in-Nederland--2012---WMS-.checkViewUrl.json
scenarios:  1 | passed:  0 | failed:  1 | time: 0.4656
---------------------------------------------------------
15:21:28.138 [ForkJoinPool-2-worker-3] INFO  com.intuit.karate - karate.env system property was:  
15:21:28.140 [ForkJoinPool-2-worker-3] INFO  com.intuit.karate - [print] {
  "class": "metadata.Service",
  "electronicMailAddress": "[geodata@rivm.nl, emissieregistratie@rivm.nl]",
  "metadataStandardVersion": "Nederlands metadata profiel op ISO 19119 voor services 2.0",
  "operatesOn": "http://www.nationaalgeoregister.nl/geonetwork/srv/en/csw?service=CSW&request=GetRecordById&version=2.0.2&outputSchema=http://www.isotc211.org/2005/gmd&elementSetName=full&id=d24ccb35-e9d2-41bf-b231-43083fc0c76d#MD_DataIdentification",
  "organisation": "Rijksinstituut voor Volksgezondheid en Milieu",
  "serviceIdentifierCode": "745968a3-37af-4406-988e-ec595f58c7fe",
  "servicetype": "view",
  "title": "LCP emissies (Richtlijn Industriële emissies) 2016 (WMS)",
  "url": "https://inspire.rivm.nl/geoserver/wms?request=GetCapabilities"
}

15:21:28.158 [ForkJoinPool-2-worker-7] INFO  com.intuit.karate - karate.env system property was:  
15:21:28.163 [ForkJoinPool-2-worker-7] INFO  com.intuit.karate - [print] {
  "class": "metadata.Service",
  "electronicMailAddress": "[geodata@rivm.nl, geodata@rivm.nl]",
  "metadataStandardVersion": "Nederlands metadata profiel op ISO 19119 voor services 2.0",
  "operatesOn": "http://www.nationaalgeoregister.nl/geonetwork/srv/en/csw?service=CSW&request=GetRecordById&version=2.0.2&outputSchema=http://www.isotc211.org/2005/gmd&elementSetName=full&id=b3f66964-a8c1-456f-9799-9cafca2cb7b1#MD_DataIdentification",
  "organisation": "Rijksinstituut voor Volksgezondheid en Milieu",
  "serviceIdentifierCode": "b4485d59-a945-4940-a2f5-3ce7de6a947b",
  "servicetype": "download",
  "title": "Monitoring stations (Nitraatrichtlijn) ondiepe filters (WFS)",
  "url": "https://inspire.rivm.nl/geoserver/wfs?request=GetCapabilities"
}

15:21:28.164 [ForkJoinPool-2-worker-3] INFO  com.intuit.karate - [print] testing url:https://inspire.rivm.nl/geoserver/wms?request=GetCapabilities
15:21:28.174 [ForkJoinPool-2-worker-7] INFO  com.intuit.karate - [print] testing url:https://inspire.rivm.nl/geoserver/wfs?request=GetCapabilities
15:21:28.176 [ForkJoinPool-2-worker-7] DEBUG com.intuit.karate - request:
1 > HEAD https://inspire.rivm.nl/geoserver/wfs?request=GetCapabilities
1 > Accept-Encoding: gzip,deflate
1 > Connection: Keep-Alive
1 > Host: inspire.rivm.nl
1 > User-Agent: Apache-HttpClient/4.5.11 (Java/13.0.5)

15:21:28.175 [ForkJoinPool-2-worker-3] DEBUG com.intuit.karate - request:
1 > HEAD https://inspire.rivm.nl/geoserver/wms?request=GetCapabilities
1 > Accept-Encoding: gzip,deflate
1 > Connection: Keep-Alive
1 > Host: inspire.rivm.nl
1 > User-Agent: Apache-HttpClient/4.5.11 (Java/13.0.5)

15:21:28.330 [ForkJoinPool-2-worker-5] DEBUG com.intuit.karate - response time in milliseconds: 298.22
1 < 200
1 < Accept-Ranges: bytes
1 < Access-Control-Allow-Origin: *
1 < Content-Length: 21731
1 < Content-Type: text/xml
1 < Date: Mon, 26 Oct 2020 15:21:28 GMT
1 < ETag: "80025-54e3-599938690c715"
1 < Last-Modified: Fri, 13 Dec 2019 10:43:00 GMT
1 < Server: Apache/2.2.15 (Red Hat)
1 < Strict-Transport-Security: max-age=31536000; includeSubDomains
1 < X-Cnection: close

15:21:28.339 [pool-4-thread-3] INFO  com.intuit.karate.Runner - <<pass>> feature 14 of 367: tmp/junit17863174098671850733/Rijksinstituut-voor-Volksgezondheid-en-Milieu/LCP-emissies--Richtlijn-Industri-le-emissies--2016/download/INSPIRE-download-service-RIVM/checkdownloadurl.feature
15:21:28.339 [ForkJoinPool-2-worker-1] DEBUG com.intuit.karate - response time in milliseconds: 300.71
1 < 200
1 < Access-Control-Allow-Origin: *
1 < Content-Disposition: inline; filename=geoserver-GetCapabilities.application
1 < Content-Type: application/xml
1 < Date: Mon, 26 Oct 2020 15:21:28 GMT
1 < Strict-Transport-Security: max-age=31536000; includeSubDomains
1 < X-Cnection: close

15:21:28.342 [ForkJoinPool-2-worker-1] ERROR com.intuit.karate - assertion failed: path: $['Content-Length'][0], actual: null, expected: '#notnull', reason: actual json-path does not exist
---------------------------------------------------------
feature: tmp/junit17863174098671850733/Rijksinstituut-voor-Volksgezondheid-en-Milieu/LCP-emissies--Richtlijn-Industri-le-emissies--2016/download/INSPIRE-download-service-RIVM/checkdownloadurl.feature
report: target/surefire-reports/tmp.junit17863174098671850733.Rijksinstituut-voor-Volksgezondheid-en-Milieu.LCP-emissies--Richtlijn-Industri-le-emissies--2016.download.INSPIRE-download-service-RIVM.checkdownloadurl.json
scenarios:  1 | passed:  1 | failed:  0 | time: 0.3101
---------------------------------------------------------
15:21:28.346 [pool-4-thread-4] INFO  com.intuit.karate.Runner - <<fail>> feature 13 of 367: tmp/junit17863174098671850733/Rijksinstituut-voor-Volksgezondheid-en-Milieu/LCP-emissies--Richtlijn-Industri-le-emissies--2016/download/LCP-emissies--Richtlijn-Industri-le-emissies--2016--WFS-/checkdownloadurl.feature
---------------------------------------------------------
feature: tmp/junit17863174098671850733/Rijksinstituut-voor-Volksgezondheid-en-Milieu/LCP-emissies--Richtlijn-Industri-le-emissies--2016/download/LCP-emissies--Richtlijn-Industri-le-emissies--2016--WFS-/checkdownloadurl.feature
report: target/surefire-reports/tmp.junit17863174098671850733.Rijksinstituut-voor-Volksgezondheid-en-Milieu.LCP-emissies--Richtlijn-Industri-le-emissies--2016.download.LCP-emissies--Richtlijn-Industri-le-emissies--2016--WFS-.checkdownloadurl.json
scenarios:  1 | passed:  0 | failed:  1 | time: 0.3281
---------------------------------------------------------
15:21:28.364 [ForkJoinPool-2-worker-1] INFO  com.intuit.karate - karate.env system property was:  
15:21:28.369 [ForkJoinPool-2-worker-1] INFO  com.intuit.karate - [print] {
  "class": "metadata.Service",
  "electronicMailAddress": "[geodata@rivm.nl, geodata@rivm.nl]",
  "metadataStandardVersion": "Nederlands metadata profiel op ISO 19119 voor services 2.0",
  "operatesOn": "[https://www.nationaalgeoregister.nl:443/geonetwork/srv/dut/csw?service=CSW&request=GetRecordById&version=2.0.2&outputSchema=http://www.isotc211.org/2005/gmd&elementSetName=full&id=50a2c5e6-c8e7-425d-854e-26f578196bc9#MD_DataIdentification, https://www.nationaalgeoregister.nl:443/geonetwork/srv/dut/csw?service=CSW&request=GetRecordById&version=2.0.2&outputSchema=http://www.isotc211.org/2005/gmd&elementSetName=full&id=08b27bf0-e34a-4b30-9eac-5edadfb6a288#MD_DataIdentification, https://www.nationaalgeoregister.nl:443/geonetwork/srv/dut/csw?service=CSW&request=GetRecordById&version=2.0.2&outputSchema=http://www.isotc211.org/2005/gmd&elementSetName=full&id=8b0b02a0-1e1b-4cda-bcfe-6fa0f738e38f#MD_DataIdentification, https://www.nationaalgeoregister.nl:443/geonetwork/srv/dut/csw?service=CSW&request=GetRecordById&version=2.0.2&outputSchema=http://www.isotc211.org/2005/gmd&elementSetName=full&id=f2f86edf-ac3a-48e8-9292-0544da2d7645#MD_DataIdentification, https://www.nationaalgeoregister.nl:443/geonetwork/srv/dut/csw?service=CSW&request=GetRecordById&version=2.0.2&outputSchema=http://www.isotc211.org/2005/gmd&elementSetName=full&id=ad6caa40-89ab-47e3-85ab-3f8e32024a71#MD_DataIdentification, https://www.nationaalgeoregister.nl:443/geonetwork/srv/dut/csw?service=CSW&request=GetRecordById&version=2.0.2&outputSchema=http://www.isotc211.org/2005/gmd&elementSetName=full&id=f8d840bc-18df-4449-b797-b9adcb81d3ec#MD_DataIdentification, https://www.nationaalgeoregister.nl:443/geonetwork/srv/dut/csw?service=CSW&request=GetRecordById&version=2.0.2&outputSchema=http://www.isotc211.org/2005/gmd&elementSetName=full&id=d3c9efd6-fca7-49d6-92bb-5f507abece90#MD_DataIdentification, https://www.nationaalgeoregister.nl:443/geonetwork/srv/dut/csw?service=CSW&request=GetRecordById&version=2.0.2&outputSchema=http://www.isotc211.org/2005/gmd&elementSetName=full&id=32a21114-8694-40ce-ab76-9dcd885c7861#MD_DataIdentification, https://www.nationaalgeoregister.nl:443/geonetwork/srv/dut/csw?service=CSW&request=GetRecordById&version=2.0.2&outputSchema=http://www.isotc211.org/2005/gmd&elementSetName=full&id=d24ccb35-e9d2-41bf-b231-43083fc0c76d#MD_DataIdentification, https://www.nationaalgeoregister.nl:443/geonetwork/srv/dut/csw?service=CSW&request=GetRecordById&version=2.0.2&outputSchema=http://www.isotc211.org/2005/gmd&elementSetName=full&id=36a7e8cb-8300-4602-93d2-135943365a6f#MD_DataIdentification, https://www.nationaalgeoregister.nl:443/geonetwork/srv/dut/csw?service=CSW&request=GetRecordById&version=2.0.2&outputSchema=http://www.isotc211.org/2005/gmd&elementSetName=full&id=b3f66964-a8c1-456f-9799-9cafca2cb7b1#MD_DataIdentification, https://www.nationaalgeoregister.nl:443/geonetwork/srv/dut/csw?service=CSW&request=GetRecordById&version=2.0.2&outputSchema=http://www.isotc211.org/2005/gmd&elementSetName=full&id=e1e99000-ec47-4e9f-84a5-adad24fef0dc#MD_DataIdentification, https://www.nationaalgeoregister.nl:443/geonetwork/srv/dut/csw?service=CSW&request=GetRecordById&version=2.0.2&outputSchema=http://www.isotc211.org/2005/gmd&elementSetName=full&id=8a4f5c3b-aced-48fd-afb5-f1f1d0ef21d6#MD_DataIdentification, https://www.nationaalgeoregister.nl:443/geonetwork/srv/dut/csw?service=CSW&request=GetRecordById&version=2.0.2&outputSchema=http://www.isotc211.org/2005/gmd&elementSetName=full&id=d9baa847-4652-4588-abe1-0b050f40f27f#MD_DataIdentification, https://www.nationaalgeoregister.nl:443/geonetwork/srv/dut/csw?service=CSW&request=GetRecordById&version=2.0.2&outputSchema=http://www.isotc211.org/2005/gmd&elementSetName=full&id=2cc2c30c-91b8-412a-a060-e84d25272581#MD_DataIdentification]",
  "organisation": "Rijksinstituut voor Volksgezondheid en Milieu",
  "serviceIdentifierCode": "b5ee6914-04bd-4c7e-a180-242371ae40d9",
  "servicetype": "download",
  "title": "INSPIRE download service RIVM",
  "url": "https://inspire.rivm.nl/atom/index.xml"
}

15:21:28.375 [ForkJoinPool-2-worker-5] INFO  com.intuit.karate - karate.env system property was:  
15:21:28.378 [ForkJoinPool-2-worker-1] INFO  com.intuit.karate - [print] testing url:https://inspire.rivm.nl/atom/index.xml
15:21:28.382 [ForkJoinPool-2-worker-5] INFO  com.intuit.karate - [print] {
  "class": "metadata.Service",
  "electronicMailAddress": "[geodata@rivm.nl, geodata@rivm.nl]",
  "metadataStandardVersion": "Nederlands metadata profiel op ISO 19119 voor services 2.0",
  "operatesOn": "http://www.nationaalgeoregister.nl/geonetwork/srv/en/csw?service=CSW&request=GetRecordById&version=2.0.2&outputSchema=http://www.isotc211.org/2005/gmd&elementSetName=full&id=b3f66964-a8c1-456f-9799-9cafca2cb7b1#MD_DataIdentification",
  "organisation": "Rijksinstituut voor Volksgezondheid en Milieu",
  "serviceIdentifierCode": "081bcfff-5f66-467c-95d0-d88dcf9aa4cf",
  "servicetype": "view",
  "title": "Monitoring stations (Nitraatrichtlijn) ondiepe filters (WMS)",
  "url": "https://inspire.rivm.nl/geoserver/wms?request=GetCapabilities"
}

15:21:28.389 [ForkJoinPool-2-worker-5] INFO  com.intuit.karate - [print] testing url:https://inspire.rivm.nl/geoserver/wms?request=GetCapabilities
15:21:28.391 [ForkJoinPool-2-worker-5] DEBUG com.intuit.karate - request:
1 > HEAD https://inspire.rivm.nl/geoserver/wms?request=GetCapabilities
1 > Accept-Encoding: gzip,deflate
1 > Connection: Keep-Alive
1 > Host: inspire.rivm.nl
1 > User-Agent: Apache-HttpClient/4.5.11 (Java/13.0.5)

15:21:28.393 [ForkJoinPool-2-worker-1] DEBUG com.intuit.karate - request:
1 > HEAD https://inspire.rivm.nl/atom/index.xml
1 > Accept-Encoding: gzip,deflate
1 > Connection: Keep-Alive
1 > Host: inspire.rivm.nl
1 > User-Agent: Apache-HttpClient/4.5.11 (Java/13.0.5)

15:21:28.461 [ForkJoinPool-2-worker-7] DEBUG com.intuit.karate - response time in milliseconds: 284.35
1 < 200
1 < Access-Control-Allow-Origin: *
1 < Content-Disposition: inline; filename=geoserver-GetCapabilities.application
1 < Content-Type: application/xml
1 < Date: Mon, 26 Oct 2020 15:21:28 GMT
1 < Strict-Transport-Security: max-age=31536000; includeSubDomains
1 < X-Cnection: close

15:21:28.462 [ForkJoinPool-2-worker-7] ERROR com.intuit.karate - assertion failed: path: $['Content-Length'][0], actual: null, expected: '#notnull', reason: actual json-path does not exist
15:21:28.465 [pool-4-thread-2] INFO  com.intuit.karate.Runner - <<fail>> feature 16 of 367: tmp/junit17863174098671850733/Rijksinstituut-voor-Volksgezondheid-en-Milieu/Monitoring-stations--Nitraatrichtlijn--ondiepe-filters/download/Monitoring-stations--Nitraatrichtlijn--ondiepe-filters--WFS-/checkdownloadurl.feature
---------------------------------------------------------
feature: tmp/junit17863174098671850733/Rijksinstituut-voor-Volksgezondheid-en-Milieu/Monitoring-stations--Nitraatrichtlijn--ondiepe-filters/download/Monitoring-stations--Nitraatrichtlijn--ondiepe-filters--WFS-/checkdownloadurl.feature
report: target/surefire-reports/tmp.junit17863174098671850733.Rijksinstituut-voor-Volksgezondheid-en-Milieu.Monitoring-stations--Nitraatrichtlijn--ondiepe-filters.download.Monitoring-stations--Nitraatrichtlijn--ondiepe-filters--WFS-.checkdownloadurl.json
scenarios:  1 | passed:  0 | failed:  1 | time: 0.3004
---------------------------------------------------------
15:21:28.473 [ForkJoinPool-2-worker-7] INFO  com.intuit.karate - karate.env system property was:  
15:21:28.475 [ForkJoinPool-2-worker-7] INFO  com.intuit.karate - [print] {
  "class": "metadata.Service",
  "electronicMailAddress": "[geodata@rivm.nl, geodata@rivm.nl]",
  "metadataStandardVersion": "Nederlands metadata profiel op ISO 19119 voor services 2.0",
  "operatesOn": "[http://www.nationaalgeoregister.nl/geonetwork/srv/en/csw?service=CSW&request=GetRecordById&version=2.0.2&outputSchema=http://www.isotc211.org/2005/gmd&elementSetName=full&id=733559a5-201d-40e5-ad43-d1c7bae84d9f#MD_DataIdentification, http://www.nationaalgeoregister.nl/geonetwork/srv/en/csw?service=CSW&request=GetRecordById&version=2.0.2&outputSchema=http://www.isotc211.org/2005/gmd&elementSetName=full&id=d3c9efd6-fca7-49d6-92bb-5f507abece90#MD_DataIdentification, http://www.nationaalgeoregister.nl/geonetwork/srv/en/csw?service=CSW&request=GetRecordById&version=2.0.2&outputSchema=http://www.isotc211.org/2005/gmd&elementSetName=full&id=af135cd8-d429-4fc7-b9e3-09e15217520d#MD_DataIdentification, http://www.nationaalgeoregister.nl/geonetwork/srv/en/csw?service=CSW&request=GetRecordById&version=2.0.2&outputSchema=http://www.isotc211.org/2005/gmd&elementSetName=full&id=b3ec8793-7747-4da0-b6c3-aa384446a586#MD_DataIdentification, http://www.nationaalgeoregister.nl/geonetwork/srv/en/csw?service=CSW&request=GetRecordById&version=2.0.2&outputSchema=http://www.isotc211.org/2005/gmd&elementSetName=full&id=5800f3b0-2ea2-4231-8165-216a7b26867f#MD_DataIdentification, http://www.nationaalgeoregister.nl/geonetwork/srv/en/csw?service=CSW&request=GetRecordById&version=2.0.2&outputSchema=http://www.isotc211.org/2005/gmd&elementSetName=full&id=d8f370e8-123c-4ab3-9410-04f728327ac6#MD_DataIdentification, http://www.nationaalgeoregister.nl/geonetwork/srv/en/csw?service=CSW&request=GetRecordById&version=2.0.2&outputSchema=http://www.isotc211.org/2005/gmd&elementSetName=full&id=f91c6ad6-62a5-46d0-8a5b-8a62e7a4b833#MD_DataIdentification, http://www.nationaalgeoregister.nl/geonetwork/srv/en/csw?service=CSW&request=GetRecordById&version=2.0.2&outputSchema=http://www.isotc211.org/2005/gmd&elementSetName=full&id=500d396f-5ec6-4e4b-a151-5fb3cddd8082#MD_DataIdentification]",
  "organisation": "Rijksinstituut voor Volksgezondheid en Milieu",
  "serviceIdentifierCode": "f39d198a-1e69-43cc-b359-cc60a8c22d28",
  "servicetype": "download",
  "title": "Meetwaarden van Luchtkwaliteitsstations in Nederland.",
  "url": "https://inspire.rivm.nl/sos/eaq/service?service=AQD&version=1.0.0&request=GetCapabilities"
}

15:21:28.475 [ForkJoinPool-2-worker-7] INFO  com.intuit.karate - [print] testing url:https://inspire.rivm.nl/sos/eaq/service?service=AQD&version=1.0.0&request=GetCapabilities
15:21:28.476 [ForkJoinPool-2-worker-7] DEBUG com.intuit.karate - request:
1 > HEAD https://inspire.rivm.nl/sos/eaq/service?service=AQD&version=1.0.0&request=GetCapabilities
1 > Accept-Encoding: gzip,deflate
1 > Connection: Keep-Alive
1 > Host: inspire.rivm.nl
1 > User-Agent: Apache-HttpClient/4.5.11 (Java/13.0.5)

15:21:28.526 [ForkJoinPool-2-worker-3] DEBUG com.intuit.karate - response time in milliseconds: 348.21
1 < 200
1 < Access-Control-Allow-Origin: *
1 < Content-Disposition: inline; filename=getcapabilities_1.3.0.xml
1 < Content-Type: text/xml
1 < Date: Mon, 26 Oct 2020 15:21:28 GMT
1 < Strict-Transport-Security: max-age=31536000; includeSubDomains
1 < X-Cnection: close

15:21:28.527 [ForkJoinPool-2-worker-3] ERROR com.intuit.karate - assertion failed: path: $['Content-Length'][0], actual: null, expected: '#notnull', reason: actual json-path does not exist
15:21:28.530 [pool-4-thread-1] INFO  com.intuit.karate.Runner - <<fail>> feature 15 of 367: tmp/junit17863174098671850733/Rijksinstituut-voor-Volksgezondheid-en-Milieu/LCP-emissies--Richtlijn-Industri-le-emissies--2016/view/LCP-emissies--Richtlijn-Industri-le-emissies--2016--WMS-/checkViewUrl.feature
---------------------------------------------------------
feature: tmp/junit17863174098671850733/Rijksinstituut-voor-Volksgezondheid-en-Milieu/LCP-emissies--Richtlijn-Industri-le-emissies--2016/view/LCP-emissies--Richtlijn-Industri-le-emissies--2016--WMS-/checkViewUrl.feature
report: target/surefire-reports/tmp.junit17863174098671850733.Rijksinstituut-voor-Volksgezondheid-en-Milieu.LCP-emissies--Richtlijn-Industri-le-emissies--2016.view.LCP-emissies--Richtlijn-Industri-le-emissies--2016--WMS-.checkViewUrl.json
scenarios:  1 | passed:  0 | failed:  1 | time: 0.3638
---------------------------------------------------------
15:21:28.536 [ForkJoinPool-2-worker-3] INFO  com.intuit.karate - karate.env system property was:  
15:21:28.543 [ForkJoinPool-2-worker-3] INFO  com.intuit.karate - [print] {
  "class": "metadata.Service",
  "electronicMailAddress": "[geodata@rivm.nl, geodata@rivm.nl]",
  "metadataStandardVersion": "Nederlands metadata profiel op ISO 19119 voor services 2.0",
  "operatesOn": "[https://www.nationaalgeoregister.nl:443/geonetwork/srv/dut/csw?service=CSW&request=GetRecordById&version=2.0.2&outputSchema=http://www.isotc211.org/2005/gmd&elementSetName=full&id=50a2c5e6-c8e7-425d-854e-26f578196bc9#MD_DataIdentification, https://www.nationaalgeoregister.nl:443/geonetwork/srv/dut/csw?service=CSW&request=GetRecordById&version=2.0.2&outputSchema=http://www.isotc211.org/2005/gmd&elementSetName=full&id=08b27bf0-e34a-4b30-9eac-5edadfb6a288#MD_DataIdentification, https://www.nationaalgeoregister.nl:443/geonetwork/srv/dut/csw?service=CSW&request=GetRecordById&version=2.0.2&outputSchema=http://www.isotc211.org/2005/gmd&elementSetName=full&id=8b0b02a0-1e1b-4cda-bcfe-6fa0f738e38f#MD_DataIdentification, https://www.nationaalgeoregister.nl:443/geonetwork/srv/dut/csw?service=CSW&request=GetRecordById&version=2.0.2&outputSchema=http://www.isotc211.org/2005/gmd&elementSetName=full&id=f2f86edf-ac3a-48e8-9292-0544da2d7645#MD_DataIdentification, https://www.nationaalgeoregister.nl:443/geonetwork/srv/dut/csw?service=CSW&request=GetRecordById&version=2.0.2&outputSchema=http://www.isotc211.org/2005/gmd&elementSetName=full&id=ad6caa40-89ab-47e3-85ab-3f8e32024a71#MD_DataIdentification, https://www.nationaalgeoregister.nl:443/geonetwork/srv/dut/csw?service=CSW&request=GetRecordById&version=2.0.2&outputSchema=http://www.isotc211.org/2005/gmd&elementSetName=full&id=f8d840bc-18df-4449-b797-b9adcb81d3ec#MD_DataIdentification, https://www.nationaalgeoregister.nl:443/geonetwork/srv/dut/csw?service=CSW&request=GetRecordById&version=2.0.2&outputSchema=http://www.isotc211.org/2005/gmd&elementSetName=full&id=d3c9efd6-fca7-49d6-92bb-5f507abece90#MD_DataIdentification, https://www.nationaalgeoregister.nl:443/geonetwork/srv/dut/csw?service=CSW&request=GetRecordById&version=2.0.2&outputSchema=http://www.isotc211.org/2005/gmd&elementSetName=full&id=32a21114-8694-40ce-ab76-9dcd885c7861#MD_DataIdentification, https://www.nationaalgeoregister.nl:443/geonetwork/srv/dut/csw?service=CSW&request=GetRecordById&version=2.0.2&outputSchema=http://www.isotc211.org/2005/gmd&elementSetName=full&id=d24ccb35-e9d2-41bf-b231-43083fc0c76d#MD_DataIdentification, https://www.nationaalgeoregister.nl:443/geonetwork/srv/dut/csw?service=CSW&request=GetRecordById&version=2.0.2&outputSchema=http://www.isotc211.org/2005/gmd&elementSetName=full&id=36a7e8cb-8300-4602-93d2-135943365a6f#MD_DataIdentification, https://www.nationaalgeoregister.nl:443/geonetwork/srv/dut/csw?service=CSW&request=GetRecordById&version=2.0.2&outputSchema=http://www.isotc211.org/2005/gmd&elementSetName=full&id=b3f66964-a8c1-456f-9799-9cafca2cb7b1#MD_DataIdentification, https://www.nationaalgeoregister.nl:443/geonetwork/srv/dut/csw?service=CSW&request=GetRecordById&version=2.0.2&outputSchema=http://www.isotc211.org/2005/gmd&elementSetName=full&id=e1e99000-ec47-4e9f-84a5-adad24fef0dc#MD_DataIdentification, https://www.nationaalgeoregister.nl:443/geonetwork/srv/dut/csw?service=CSW&request=GetRecordById&version=2.0.2&outputSchema=http://www.isotc211.org/2005/gmd&elementSetName=full&id=8a4f5c3b-aced-48fd-afb5-f1f1d0ef21d6#MD_DataIdentification, https://www.nationaalgeoregister.nl:443/geonetwork/srv/dut/csw?service=CSW&request=GetRecordById&version=2.0.2&outputSchema=http://www.isotc211.org/2005/gmd&elementSetName=full&id=d9baa847-4652-4588-abe1-0b050f40f27f#MD_DataIdentification, https://www.nationaalgeoregister.nl:443/geonetwork/srv/dut/csw?service=CSW&request=GetRecordById&version=2.0.2&outputSchema=http://www.isotc211.org/2005/gmd&elementSetName=full&id=2cc2c30c-91b8-412a-a060-e84d25272581#MD_DataIdentification]",
  "organisation": "Rijksinstituut voor Volksgezondheid en Milieu",
  "serviceIdentifierCode": "b5ee6914-04bd-4c7e-a180-242371ae40d9",
  "servicetype": "download",
  "title": "INSPIRE download service RIVM",
  "url": "https://inspire.rivm.nl/atom/index.xml"
}

15:21:28.550 [ForkJoinPool-2-worker-3] INFO  com.intuit.karate - [print] testing url:https://inspire.rivm.nl/atom/index.xml
15:21:28.553 [ForkJoinPool-2-worker-3] DEBUG com.intuit.karate - request:
1 > HEAD https://inspire.rivm.nl/atom/index.xml
1 > Accept-Encoding: gzip,deflate
1 > Connection: Keep-Alive
1 > Host: inspire.rivm.nl
1 > User-Agent: Apache-HttpClient/4.5.11 (Java/13.0.5)

15:21:28.670 [ForkJoinPool-2-worker-1] DEBUG com.intuit.karate - response time in milliseconds: 276.10
1 < 200
1 < Accept-Ranges: bytes
1 < Access-Control-Allow-Origin: *
1 < Content-Length: 21731
1 < Content-Type: text/xml
1 < Date: Mon, 26 Oct 2020 15:21:28 GMT
1 < ETag: "80025-54e3-599938690c715"
1 < Last-Modified: Fri, 13 Dec 2019 10:43:00 GMT
1 < Server: Apache/2.2.15 (Red Hat)
1 < Strict-Transport-Security: max-age=31536000; includeSubDomains
1 < X-Cnection: close

15:21:28.673 [pool-4-thread-3] INFO  com.intuit.karate.Runner - <<pass>> feature 17 of 367: tmp/junit17863174098671850733/Rijksinstituut-voor-Volksgezondheid-en-Milieu/Monitoring-stations--Nitraatrichtlijn--ondiepe-filters/download/INSPIRE-download-service-RIVM/checkdownloadurl.feature
---------------------------------------------------------
feature: tmp/junit17863174098671850733/Rijksinstituut-voor-Volksgezondheid-en-Milieu/Monitoring-stations--Nitraatrichtlijn--ondiepe-filters/download/INSPIRE-download-service-RIVM/checkdownloadurl.feature
report: target/surefire-reports/tmp.junit17863174098671850733.Rijksinstituut-voor-Volksgezondheid-en-Milieu.Monitoring-stations--Nitraatrichtlijn--ondiepe-filters.download.INSPIRE-download-service-RIVM.checkdownloadurl.json
scenarios:  1 | passed:  1 | failed:  0 | time: 0.3034
---------------------------------------------------------
15:21:28.679 [ForkJoinPool-2-worker-1] INFO  com.intuit.karate - karate.env system property was:  
15:21:28.681 [ForkJoinPool-2-worker-1] INFO  com.intuit.karate - [print] {
  "class": "metadata.Service",
  "electronicMailAddress": "[emissieregistratie@rivm.nl, emissieregistratie@rivm.nl]",
  "metadataStandardVersion": "Nederlands metadata profiel op ISO 19119 voor services 2.0",
  "operatesOn": "http://www.nationaalgeoregister.nl/geonetwork/srv/dut/csw?service=CSW&request=GetRecordById&version=2.0.2&outputSchema=http://www.isotc211.org/2005/gmd&elementSetName=full&id=8b0b02a0-1e1b-4cda-bcfe-6fa0f738e38f#MD_DataIdentification",
  "organisation": "Rijksinstituut voor Volksgezondheid en Milieu",
  "serviceIdentifierCode": "37308f90-e619-4b62-ae9e-e656bb3f1649",
  "servicetype": "download",
  "title": "Emissies naar het riool in 2011 vanuit de industrie (WFS)",
  "url": "https://inspire.rivm.nl/geoserver/wfs?request=GetCapabilities"
}

15:21:28.694 [ForkJoinPool-2-worker-1] INFO  com.intuit.karate - [print] testing url:https://inspire.rivm.nl/geoserver/wfs?request=GetCapabilities
15:21:28.696 [ForkJoinPool-2-worker-1] DEBUG com.intuit.karate - request:
1 > HEAD https://inspire.rivm.nl/geoserver/wfs?request=GetCapabilities
1 > Accept-Encoding: gzip,deflate
1 > Connection: Keep-Alive
1 > Host: inspire.rivm.nl
1 > User-Agent: Apache-HttpClient/4.5.11 (Java/13.0.5)

15:21:28.738 [ForkJoinPool-2-worker-5] DEBUG com.intuit.karate - response time in milliseconds: 346.69
1 < 200
1 < Access-Control-Allow-Origin: *
1 < Content-Disposition: inline; filename=getcapabilities_1.3.0.xml
1 < Content-Type: text/xml
1 < Date: Mon, 26 Oct 2020 15:21:28 GMT
1 < Strict-Transport-Security: max-age=31536000; includeSubDomains
1 < X-Cnection: close

15:21:28.739 [ForkJoinPool-2-worker-5] ERROR com.intuit.karate - assertion failed: path: $['Content-Length'][0], actual: null, expected: '#notnull', reason: actual json-path does not exist
15:21:28.744 [pool-4-thread-4] INFO  com.intuit.karate.Runner - <<fail>> feature 18 of 367: tmp/junit17863174098671850733/Rijksinstituut-voor-Volksgezondheid-en-Milieu/Monitoring-stations--Nitraatrichtlijn--ondiepe-filters/view/Monitoring-stations--Nitraatrichtlijn--ondiepe-filters--WMS-/checkViewUrl.feature
---------------------------------------------------------
feature: tmp/junit17863174098671850733/Rijksinstituut-voor-Volksgezondheid-en-Milieu/Monitoring-stations--Nitraatrichtlijn--ondiepe-filters/view/Monitoring-stations--Nitraatrichtlijn--ondiepe-filters--WMS-/checkViewUrl.feature
report: target/surefire-reports/tmp.junit17863174098671850733.Rijksinstituut-voor-Volksgezondheid-en-Milieu.Monitoring-stations--Nitraatrichtlijn--ondiepe-filters.view.Monitoring-stations--Nitraatrichtlijn--ondiepe-filters--WMS-.checkViewUrl.json
scenarios:  1 | passed:  0 | failed:  1 | time: 0.3582
---------------------------------------------------------
15:21:28.751 [ForkJoinPool-2-worker-7] DEBUG com.intuit.karate - response time in milliseconds: 274.79
1 < 400
1 < Access-Control-Allow-Origin: *
1 < Content-Length: 971
1 < Content-Type: text/html;charset=utf-8
1 < Date: Mon, 26 Oct 2020 15:21:28 GMT
1 < Strict-Transport-Security: max-age=31536000; includeSubDomains
1 < X-Cnection: close

15:21:28.751 [ForkJoinPool-2-worker-7] ERROR com.intuit.karate - status code was: 400, expected: 200, response time: 275, url: https://inspire.rivm.nl/sos/eaq/service?service=AQD&version=1.0.0&request=GetCapabilities, response: 
15:21:28.756 [pool-4-thread-2] INFO  com.intuit.karate.Runner - <<fail>> feature 19 of 367: tmp/junit17863174098671850733/Rijksinstituut-voor-Volksgezondheid-en-Milieu/Gemeten-Stikstofmonoxide-concentraties-in-buitenlucht-/download/Meetwaarden-van-Luchtkwaliteitsstations-in-Nederland-/checkdownloadurl.feature
---------------------------------------------------------
feature: tmp/junit17863174098671850733/Rijksinstituut-voor-Volksgezondheid-en-Milieu/Gemeten-Stikstofmonoxide-concentraties-in-buitenlucht-/download/Meetwaarden-van-Luchtkwaliteitsstations-in-Nederland-/checkdownloadurl.feature
report: target/surefire-reports/tmp.junit17863174098671850733.Rijksinstituut-voor-Volksgezondheid-en-Milieu.Gemeten-Stikstofmonoxide-concentraties-in-buitenlucht-.download.Meetwaarden-van-Luchtkwaliteitsstations-in-Nederland-.checkdownloadurl.json
scenarios:  1 | passed:  0 | failed:  1 | time: 0.2782
---------------------------------------------------------
15:21:28.762 [ForkJoinPool-2-worker-7] INFO  com.intuit.karate - karate.env system property was:  
15:21:28.766 [ForkJoinPool-2-worker-5] INFO  com.intuit.karate - karate.env system property was:  
15:21:28.772 [ForkJoinPool-2-worker-7] INFO  com.intuit.karate - [print] {
  "class": "metadata.Service",
  "electronicMailAddress": "[geodata@rivm.nl, geodata@rivm.nl]",
  "metadataStandardVersion": "Nederlands metadata profiel op ISO 19119 voor services 2.0",
  "operatesOn": "[http://www.nationaalgeoregister.nl/geonetwork/srv/en/csw?service=CSW&request=GetRecordById&version=2.0.2&outputSchema=http://www.isotc211.org/2005/gmd&elementSetName=full&id=733559a5-201d-40e5-ad43-d1c7bae84d9f#MD_DataIdentification, http://www.nationaalgeoregister.nl/geonetwork/srv/en/csw?service=CSW&request=GetRecordById&version=2.0.2&outputSchema=http://www.isotc211.org/2005/gmd&elementSetName=full&id=d3c9efd6-fca7-49d6-92bb-5f507abece90#MD_DataIdentification, http://www.nationaalgeoregister.nl/geonetwork/srv/en/csw?service=CSW&request=GetRecordById&version=2.0.2&outputSchema=http://www.isotc211.org/2005/gmd&elementSetName=full&id=af135cd8-d429-4fc7-b9e3-09e15217520d#MD_DataIdentification, http://www.nationaalgeoregister.nl/geonetwork/srv/en/csw?service=CSW&request=GetRecordById&version=2.0.2&outputSchema=http://www.isotc211.org/2005/gmd&elementSetName=full&id=b3ec8793-7747-4da0-b6c3-aa384446a586#MD_DataIdentification, http://www.nationaalgeoregister.nl/geonetwork/srv/en/csw?service=CSW&request=GetRecordById&version=2.0.2&outputSchema=http://www.isotc211.org/2005/gmd&elementSetName=full&id=5800f3b0-2ea2-4231-8165-216a7b26867f#MD_DataIdentification, http://www.nationaalgeoregister.nl/geonetwork/srv/en/csw?service=CSW&request=GetRecordById&version=2.0.2&outputSchema=http://www.isotc211.org/2005/gmd&elementSetName=full&id=d8f370e8-123c-4ab3-9410-04f728327ac6#MD_DataIdentification, http://www.nationaalgeoregister.nl/geonetwork/srv/en/csw?service=CSW&request=GetRecordById&version=2.0.2&outputSchema=http://www.isotc211.org/2005/gmd&elementSetName=full&id=f91c6ad6-62a5-46d0-8a5b-8a62e7a4b833#MD_DataIdentification, http://www.nationaalgeoregister.nl/geonetwork/srv/en/csw?service=CSW&request=GetRecordById&version=2.0.2&outputSchema=http://www.isotc211.org/2005/gmd&elementSetName=full&id=500d396f-5ec6-4e4b-a151-5fb3cddd8082#MD_DataIdentification]",
  "organisation": "Rijksinstituut voor Volksgezondheid en Milieu",
  "serviceIdentifierCode": "f39d198a-1e69-43cc-b359-cc60a8c22d28",
  "servicetype": "download",
  "title": "Meetwaarden van Luchtkwaliteitsstations in Nederland.",
  "url": "https://inspire.rivm.nl/sos/eaq/service?service=AQD&version=1.0.0&request=GetCapabilities"
}

15:21:28.773 [ForkJoinPool-2-worker-5] INFO  com.intuit.karate - [print] {
  "class": "metadata.Service",
  "electronicMailAddress": "[emissieregistratie@rivm.nl, emissieregistratie@rivm.nl]",
  "metadataStandardVersion": "Nederlands metadata profiel op ISO 19119 voor services 2.0",
  "operatesOn": "http://www.nationaalgeoregister.nl/geonetwork/srv/dut/csw?service=CSW&request=GetRecordById&version=2.0.2&outputSchema=http://www.isotc211.org/2005/gmd&elementSetName=full&id=8b0b02a0-1e1b-4cda-bcfe-6fa0f738e38f#MD_DataIdentification",
  "organisation": "Rijksinstituut voor Volksgezondheid en Milieu",
  "serviceIdentifierCode": "a02c6566-e0ad-4fc1-b217-67cc1099dea2",
  "servicetype": "view",
  "title": "Emissies naar het riool in 2011 vanuit de industrie (WMS)",
  "url": "https://inspire.rivm.nl/geoserver/wms?request=GetCapabilities"
}

15:21:28.776 [ForkJoinPool-2-worker-5] INFO  com.intuit.karate - [print] testing url:https://inspire.rivm.nl/geoserver/wms?request=GetCapabilities
15:21:28.777 [ForkJoinPool-2-worker-7] INFO  com.intuit.karate - [print] testing url:https://inspire.rivm.nl/sos/eaq/service?service=AQD&version=1.0.0&request=GetCapabilities
15:21:28.778 [ForkJoinPool-2-worker-7] DEBUG com.intuit.karate - request:
1 > HEAD https://inspire.rivm.nl/sos/eaq/service?service=AQD&version=1.0.0&request=GetCapabilities
1 > Accept-Encoding: gzip,deflate
1 > Connection: Keep-Alive
1 > Host: inspire.rivm.nl
1 > User-Agent: Apache-HttpClient/4.5.11 (Java/13.0.5)

15:21:28.782 [ForkJoinPool-2-worker-5] DEBUG com.intuit.karate - request:
1 > HEAD https://inspire.rivm.nl/geoserver/wms?request=GetCapabilities
1 > Accept-Encoding: gzip,deflate
1 > Connection: Keep-Alive
1 > Host: inspire.rivm.nl
1 > User-Agent: Apache-HttpClient/4.5.11 (Java/13.0.5)

15:21:28.837 [ForkJoinPool-2-worker-3] DEBUG com.intuit.karate - response time in milliseconds: 283.17
1 < 200
1 < Accept-Ranges: bytes
1 < Access-Control-Allow-Origin: *
1 < Content-Length: 21731
1 < Content-Type: text/xml
1 < Date: Mon, 26 Oct 2020 15:21:28 GMT
1 < ETag: "20024-54e3-599938625e5ff"
1 < Last-Modified: Fri, 13 Dec 2019 10:42:53 GMT
1 < Server: Apache/2.2.15 (Red Hat)
1 < Strict-Transport-Security: max-age=31536000; includeSubDomains
1 < X-Cnection: close

15:21:28.842 [pool-4-thread-1] INFO  com.intuit.karate.Runner - <<pass>> feature 20 of 367: tmp/junit17863174098671850733/Rijksinstituut-voor-Volksgezondheid-en-Milieu/Emissies-naar-het-riool-in-2011-vanuit-de-industrie/download/INSPIRE-download-service-RIVM/checkdownloadurl.feature
---------------------------------------------------------
feature: tmp/junit17863174098671850733/Rijksinstituut-voor-Volksgezondheid-en-Milieu/Emissies-naar-het-riool-in-2011-vanuit-de-industrie/download/INSPIRE-download-service-RIVM/checkdownloadurl.feature
report: target/surefire-reports/tmp.junit17863174098671850733.Rijksinstituut-voor-Volksgezondheid-en-Milieu.Emissies-naar-het-riool-in-2011-vanuit-de-industrie.download.INSPIRE-download-service-RIVM.checkdownloadurl.json
scenarios:  1 | passed:  1 | failed:  0 | time: 0.3008
---------------------------------------------------------
15:21:28.848 [ForkJoinPool-2-worker-3] INFO  com.intuit.karate - karate.env system property was:  
15:21:28.854 [ForkJoinPool-2-worker-3] INFO  com.intuit.karate - [print] {
  "class": "metadata.Service",
  "electronicMailAddress": "[geodata@rivm.nl, geodata@rivm.nl]",
  "metadataStandardVersion": "Nederlands metadata profiel op ISO 19119 voor services 2.0",
  "operatesOn": "[http://www.nationaalgeoregister.nl/geonetwork/srv/en/csw?service=CSW&request=GetRecordById&version=2.0.2&outputSchema=http://www.isotc211.org/2005/gmd&elementSetName=full&id=733559a5-201d-40e5-ad43-d1c7bae84d9f#MD_DataIdentification, http://www.nationaalgeoregister.nl/geonetwork/srv/en/csw?service=CSW&request=GetRecordById&version=2.0.2&outputSchema=http://www.isotc211.org/2005/gmd&elementSetName=full&id=d3c9efd6-fca7-49d6-92bb-5f507abece90#MD_DataIdentification, http://www.nationaalgeoregister.nl/geonetwork/srv/en/csw?service=CSW&request=GetRecordById&version=2.0.2&outputSchema=http://www.isotc211.org/2005/gmd&elementSetName=full&id=af135cd8-d429-4fc7-b9e3-09e15217520d#MD_DataIdentification, http://www.nationaalgeoregister.nl/geonetwork/srv/en/csw?service=CSW&request=GetRecordById&version=2.0.2&outputSchema=http://www.isotc211.org/2005/gmd&elementSetName=full&id=b3ec8793-7747-4da0-b6c3-aa384446a586#MD_DataIdentification, http://www.nationaalgeoregister.nl/geonetwork/srv/en/csw?service=CSW&request=GetRecordById&version=2.0.2&outputSchema=http://www.isotc211.org/2005/gmd&elementSetName=full&id=5800f3b0-2ea2-4231-8165-216a7b26867f#MD_DataIdentification, http://www.nationaalgeoregister.nl/geonetwork/srv/en/csw?service=CSW&request=GetRecordById&version=2.0.2&outputSchema=http://www.isotc211.org/2005/gmd&elementSetName=full&id=d8f370e8-123c-4ab3-9410-04f728327ac6#MD_DataIdentification, http://www.nationaalgeoregister.nl/geonetwork/srv/en/csw?service=CSW&request=GetRecordById&version=2.0.2&outputSchema=http://www.isotc211.org/2005/gmd&elementSetName=full&id=f91c6ad6-62a5-46d0-8a5b-8a62e7a4b833#MD_DataIdentification, http://www.nationaalgeoregister.nl/geonetwork/srv/en/csw?service=CSW&request=GetRecordById&version=2.0.2&outputSchema=http://www.isotc211.org/2005/gmd&elementSetName=full&id=500d396f-5ec6-4e4b-a151-5fb3cddd8082#MD_DataIdentification]",
  "organisation": "Rijksinstituut voor Volksgezondheid en Milieu",
  "serviceIdentifierCode": "f39d198a-1e69-43cc-b359-cc60a8c22d28",
  "servicetype": "download",
  "title": "Meetwaarden van Luchtkwaliteitsstations in Nederland.",
  "url": "https://inspire.rivm.nl/sos/eaq/service?service=AQD&version=1.0.0&request=GetCapabilities"
}

15:21:28.854 [ForkJoinPool-2-worker-3] INFO  com.intuit.karate - [print] testing url:https://inspire.rivm.nl/sos/eaq/service?service=AQD&version=1.0.0&request=GetCapabilities
15:21:28.855 [ForkJoinPool-2-worker-3] DEBUG com.intuit.karate - request:
1 > HEAD https://inspire.rivm.nl/sos/eaq/service?service=AQD&version=1.0.0&request=GetCapabilities
1 > Accept-Encoding: gzip,deflate
1 > Connection: Keep-Alive
1 > Host: inspire.rivm.nl
1 > User-Agent: Apache-HttpClient/4.5.11 (Java/13.0.5)

15:21:28.981 [ForkJoinPool-2-worker-1] DEBUG com.intuit.karate - response time in milliseconds: 284.65
1 < 200
1 < Access-Control-Allow-Origin: *
1 < Content-Disposition: inline; filename=geoserver-GetCapabilities.application
1 < Content-Type: application/xml
1 < Date: Mon, 26 Oct 2020 15:21:28 GMT
1 < Strict-Transport-Security: max-age=31536000; includeSubDomains
1 < X-Cnection: close

15:21:28.982 [ForkJoinPool-2-worker-1] ERROR com.intuit.karate - assertion failed: path: $['Content-Length'][0], actual: null, expected: '#notnull', reason: actual json-path does not exist
15:21:28.988 [pool-4-thread-3] INFO  com.intuit.karate.Runner - <<fail>> feature 21 of 367: tmp/junit17863174098671850733/Rijksinstituut-voor-Volksgezondheid-en-Milieu/Emissies-naar-het-riool-in-2011-vanuit-de-industrie/download/Emissies-naar-het-riool-in-2011-vanuit-de-industrie--WFS-/checkdownloadurl.feature
---------------------------------------------------------
feature: tmp/junit17863174098671850733/Rijksinstituut-voor-Volksgezondheid-en-Milieu/Emissies-naar-het-riool-in-2011-vanuit-de-industrie/download/Emissies-naar-het-riool-in-2011-vanuit-de-industrie--WFS-/checkdownloadurl.feature
report: target/surefire-reports/tmp.junit17863174098671850733.Rijksinstituut-voor-Volksgezondheid-en-Milieu.Emissies-naar-het-riool-in-2011-vanuit-de-industrie.download.Emissies-naar-het-riool-in-2011-vanuit-de-industrie--WFS-.checkdownloadurl.json
scenarios:  1 | passed:  0 | failed:  1 | time: 0.3017
---------------------------------------------------------
15:21:28.999 [ForkJoinPool-2-worker-1] INFO  com.intuit.karate - karate.env system property was:  
15:21:29.001 [ForkJoinPool-2-worker-1] INFO  com.intuit.karate - [print] {
  "class": "metadata.Service",
  "electronicMailAddress": "[geodata@rivm.nl, geodata@rivm.nl]",
  "metadataStandardVersion": "Nederlands metadata profiel op ISO 19119 voor services 2.0",
  "operatesOn": "[https://www.nationaalgeoregister.nl:443/geonetwork/srv/dut/csw?service=CSW&request=GetRecordById&version=2.0.2&outputSchema=http://www.isotc211.org/2005/gmd&elementSetName=full&id=50a2c5e6-c8e7-425d-854e-26f578196bc9#MD_DataIdentification, https://www.nationaalgeoregister.nl:443/geonetwork/srv/dut/csw?service=CSW&request=GetRecordById&version=2.0.2&outputSchema=http://www.isotc211.org/2005/gmd&elementSetName=full&id=08b27bf0-e34a-4b30-9eac-5edadfb6a288#MD_DataIdentification, https://www.nationaalgeoregister.nl:443/geonetwork/srv/dut/csw?service=CSW&request=GetRecordById&version=2.0.2&outputSchema=http://www.isotc211.org/2005/gmd&elementSetName=full&id=8b0b02a0-1e1b-4cda-bcfe-6fa0f738e38f#MD_DataIdentification, https://www.nationaalgeoregister.nl:443/geonetwork/srv/dut/csw?service=CSW&request=GetRecordById&version=2.0.2&outputSchema=http://www.isotc211.org/2005/gmd&elementSetName=full&id=f2f86edf-ac3a-48e8-9292-0544da2d7645#MD_DataIdentification, https://www.nationaalgeoregister.nl:443/geonetwork/srv/dut/csw?service=CSW&request=GetRecordById&version=2.0.2&outputSchema=http://www.isotc211.org/2005/gmd&elementSetName=full&id=ad6caa40-89ab-47e3-85ab-3f8e32024a71#MD_DataIdentification, https://www.nationaalgeoregister.nl:443/geonetwork/srv/dut/csw?service=CSW&request=GetRecordById&version=2.0.2&outputSchema=http://www.isotc211.org/2005/gmd&elementSetName=full&id=f8d840bc-18df-4449-b797-b9adcb81d3ec#MD_DataIdentification, https://www.nationaalgeoregister.nl:443/geonetwork/srv/dut/csw?service=CSW&request=GetRecordById&version=2.0.2&outputSchema=http://www.isotc211.org/2005/gmd&elementSetName=full&id=d3c9efd6-fca7-49d6-92bb-5f507abece90#MD_DataIdentification, https://www.nationaalgeoregister.nl:443/geonetwork/srv/dut/csw?service=CSW&request=GetRecordById&version=2.0.2&outputSchema=http://www.isotc211.org/2005/gmd&elementSetName=full&id=32a21114-8694-40ce-ab76-9dcd885c7861#MD_DataIdentification, https://www.nationaalgeoregister.nl:443/geonetwork/srv/dut/csw?service=CSW&request=GetRecordById&version=2.0.2&outputSchema=http://www.isotc211.org/2005/gmd&elementSetName=full&id=d24ccb35-e9d2-41bf-b231-43083fc0c76d#MD_DataIdentification, https://www.nationaalgeoregister.nl:443/geonetwork/srv/dut/csw?service=CSW&request=GetRecordById&version=2.0.2&outputSchema=http://www.isotc211.org/2005/gmd&elementSetName=full&id=36a7e8cb-8300-4602-93d2-135943365a6f#MD_DataIdentification, https://www.nationaalgeoregister.nl:443/geonetwork/srv/dut/csw?service=CSW&request=GetRecordById&version=2.0.2&outputSchema=http://www.isotc211.org/2005/gmd&elementSetName=full&id=b3f66964-a8c1-456f-9799-9cafca2cb7b1#MD_DataIdentification, https://www.nationaalgeoregister.nl:443/geonetwork/srv/dut/csw?service=CSW&request=GetRecordById&version=2.0.2&outputSchema=http://www.isotc211.org/2005/gmd&elementSetName=full&id=e1e99000-ec47-4e9f-84a5-adad24fef0dc#MD_DataIdentification, https://www.nationaalgeoregister.nl:443/geonetwork/srv/dut/csw?service=CSW&request=GetRecordById&version=2.0.2&outputSchema=http://www.isotc211.org/2005/gmd&elementSetName=full&id=8a4f5c3b-aced-48fd-afb5-f1f1d0ef21d6#MD_DataIdentification, https://www.nationaalgeoregister.nl:443/geonetwork/srv/dut/csw?service=CSW&request=GetRecordById&version=2.0.2&outputSchema=http://www.isotc211.org/2005/gmd&elementSetName=full&id=d9baa847-4652-4588-abe1-0b050f40f27f#MD_DataIdentification, https://www.nationaalgeoregister.nl:443/geonetwork/srv/dut/csw?service=CSW&request=GetRecordById&version=2.0.2&outputSchema=http://www.isotc211.org/2005/gmd&elementSetName=full&id=2cc2c30c-91b8-412a-a060-e84d25272581#MD_DataIdentification]",
  "organisation": "Rijksinstituut voor Volksgezondheid en Milieu",
  "serviceIdentifierCode": "b5ee6914-04bd-4c7e-a180-242371ae40d9",
  "servicetype": "download",
  "title": "INSPIRE download service RIVM",
  "url": "https://inspire.rivm.nl/atom/index.xml"
}

15:21:29.013 [ForkJoinPool-2-worker-1] INFO  com.intuit.karate - [print] testing url:https://inspire.rivm.nl/atom/index.xml
15:21:29.015 [ForkJoinPool-2-worker-1] DEBUG com.intuit.karate - request:
1 > HEAD https://inspire.rivm.nl/atom/index.xml
1 > Accept-Encoding: gzip,deflate
1 > Connection: Keep-Alive
1 > Host: inspire.rivm.nl
1 > User-Agent: Apache-HttpClient/4.5.11 (Java/13.0.5)

15:21:29.055 [ForkJoinPool-2-worker-7] DEBUG com.intuit.karate - response time in milliseconds: 275.84
1 < 400
1 < Access-Control-Allow-Origin: *
1 < Content-Length: 971
1 < Content-Type: text/html;charset=utf-8
1 < Date: Mon, 26 Oct 2020 15:21:29 GMT
1 < Strict-Transport-Security: max-age=31536000; includeSubDomains
1 < X-Cnection: close

15:21:29.055 [ForkJoinPool-2-worker-7] ERROR com.intuit.karate - status code was: 400, expected: 200, response time: 276, url: https://inspire.rivm.nl/sos/eaq/service?service=AQD&version=1.0.0&request=GetCapabilities, response: 
15:21:29.059 [pool-4-thread-2] INFO  com.intuit.karate.Runner - <<fail>> feature 23 of 367: tmp/junit17863174098671850733/Rijksinstituut-voor-Volksgezondheid-en-Milieu/Gemeten-Ozon-concentraties-in-buitenlucht-/download/Meetwaarden-van-Luchtkwaliteitsstations-in-Nederland-/checkdownloadurl.feature
---------------------------------------------------------
feature: tmp/junit17863174098671850733/Rijksinstituut-voor-Volksgezondheid-en-Milieu/Gemeten-Ozon-concentraties-in-buitenlucht-/download/Meetwaarden-van-Luchtkwaliteitsstations-in-Nederland-/checkdownloadurl.feature
report: target/surefire-reports/tmp.junit17863174098671850733.Rijksinstituut-voor-Volksgezondheid-en-Milieu.Gemeten-Ozon-concentraties-in-buitenlucht-.download.Meetwaarden-van-Luchtkwaliteitsstations-in-Nederland-.checkdownloadurl.json
scenarios:  1 | passed:  0 | failed:  1 | time: 0.2853
---------------------------------------------------------
15:21:29.080 [ForkJoinPool-2-worker-7] INFO  com.intuit.karate - karate.env system property was:  
15:21:29.082 [ForkJoinPool-2-worker-7] INFO  com.intuit.karate - [print] {
  "class": "metadata.Service",
  "electronicMailAddress": "[emissieregistratie@rivm.nl, emissieregistratie@rivm.nl]",
  "metadataStandardVersion": "Nederlands metadata profiel op ISO 19119 voor services 2.0",
  "operatesOn": "http://www.nationaalgeoregister.nl/geonetwork/srv/dut/csw?service=CSW&request=GetRecordById&version=2.0.2&outputSchema=http://www.isotc211.org/2005/gmd&elementSetName=full&id=50a2c5e6-c8e7-425d-854e-26f578196bc9#MD_DataIdentification",
  "organisation": "Rijksinstituut voor Volksgezondheid en Milieu",
  "serviceIdentifierCode": "46873d16-6835-48c4-b47f-134ab0cb31fa",
  "servicetype": "download",
  "title": "Afgevoerde hoeveelheid afval in 2011 vanuit de industrie (WFS)",
  "url": "https://inspire.rivm.nl/geoserver/wfs?request=GetCapabilities"
}

15:21:29.086 [ForkJoinPool-2-worker-7] INFO  com.intuit.karate - [print] testing url:https://inspire.rivm.nl/geoserver/wfs?request=GetCapabilities
15:21:29.088 [ForkJoinPool-2-worker-7] DEBUG com.intuit.karate - request:
1 > HEAD https://inspire.rivm.nl/geoserver/wfs?request=GetCapabilities
1 > Accept-Encoding: gzip,deflate
1 > Connection: Keep-Alive
1 > Host: inspire.rivm.nl
1 > User-Agent: Apache-HttpClient/4.5.11 (Java/13.0.5)

15:21:29.120 [ForkJoinPool-2-worker-5] DEBUG com.intuit.karate - response time in milliseconds: 338.29
1 < 200
1 < Access-Control-Allow-Origin: *
1 < Content-Disposition: inline; filename=getcapabilities_1.3.0.xml
1 < Content-Type: text/xml
1 < Date: Mon, 26 Oct 2020 15:21:29 GMT
1 < Strict-Transport-Security: max-age=31536000; includeSubDomains
1 < X-Cnection: close

15:21:29.121 [ForkJoinPool-2-worker-5] ERROR com.intuit.karate - assertion failed: path: $['Content-Length'][0], actual: null, expected: '#notnull', reason: actual json-path does not exist
15:21:29.124 [pool-4-thread-4] INFO  com.intuit.karate.Runner - <<fail>> feature 22 of 367: tmp/junit17863174098671850733/Rijksinstituut-voor-Volksgezondheid-en-Milieu/Emissies-naar-het-riool-in-2011-vanuit-de-industrie/view/Emissies-naar-het-riool-in-2011-vanuit-de-industrie--WMS-/checkViewUrl.feature
---------------------------------------------------------
feature: tmp/junit17863174098671850733/Rijksinstituut-voor-Volksgezondheid-en-Milieu/Emissies-naar-het-riool-in-2011-vanuit-de-industrie/view/Emissies-naar-het-riool-in-2011-vanuit-de-industrie--WMS-/checkViewUrl.feature
report: target/surefire-reports/tmp.junit17863174098671850733.Rijksinstituut-voor-Volksgezondheid-en-Milieu.Emissies-naar-het-riool-in-2011-vanuit-de-industrie.view.Emissies-naar-het-riool-in-2011-vanuit-de-industrie--WMS-.checkViewUrl.json
scenarios:  1 | passed:  0 | failed:  1 | time: 0.3528
---------------------------------------------------------
15:21:29.129 [ForkJoinPool-2-worker-5] INFO  com.intuit.karate - karate.env system property was:  
15:21:29.131 [ForkJoinPool-2-worker-5] INFO  com.intuit.karate - [print] {
  "class": "metadata.Service",
  "electronicMailAddress": "[emissieregistratie@rivm.nl, emissieregistratie@rivm.nl]",
  "metadataStandardVersion": "Nederlands metadata profiel op ISO 19119 voor services 2.0",
  "operatesOn": "http://www.nationaalgeoregister.nl/geonetwork/srv/dut/csw?service=CSW&request=GetRecordById&version=2.0.2&outputSchema=http://www.isotc211.org/2005/gmd&elementSetName=full&id=50a2c5e6-c8e7-425d-854e-26f578196bc9#MD_DataIdentification",
  "organisation": "Rijksinstituut voor Volksgezondheid en Milieu",
  "serviceIdentifierCode": "777f41ee-8269-4bbc-b0e4-f889c62be099",
  "servicetype": "view",
  "title": "Afgevoerde hoeveelheid afval in 2011 vanuit de industrie (WMS)",
  "url": "https://inspire.rivm.nl/geoserver/wms?request=GetCapabilities"
}

15:21:29.132 [ForkJoinPool-2-worker-5] INFO  com.intuit.karate - [print] testing url:https://inspire.rivm.nl/geoserver/wms?request=GetCapabilities
15:21:29.133 [ForkJoinPool-2-worker-5] DEBUG com.intuit.karate - request:
1 > HEAD https://inspire.rivm.nl/geoserver/wms?request=GetCapabilities
1 > Accept-Encoding: gzip,deflate
1 > Connection: Keep-Alive
1 > Host: inspire.rivm.nl
1 > User-Agent: Apache-HttpClient/4.5.11 (Java/13.0.5)

15:21:29.143 [ForkJoinPool-2-worker-3] DEBUG com.intuit.karate - response time in milliseconds: 286.98
1 < 400
1 < Access-Control-Allow-Origin: *
1 < Content-Length: 971
1 < Content-Type: text/html;charset=utf-8
1 < Date: Mon, 26 Oct 2020 15:21:29 GMT
1 < Strict-Transport-Security: max-age=31536000; includeSubDomains
1 < X-Cnection: close

15:21:29.143 [ForkJoinPool-2-worker-3] ERROR com.intuit.karate - status code was: 400, expected: 200, response time: 287, url: https://inspire.rivm.nl/sos/eaq/service?service=AQD&version=1.0.0&request=GetCapabilities, response: 
15:21:29.146 [pool-4-thread-1] INFO  com.intuit.karate.Runner - <<fail>> feature 24 of 367: tmp/junit17863174098671850733/Rijksinstituut-voor-Volksgezondheid-en-Milieu/Gemeten-Stikstofdioxide-concentraties-in-buitenlucht-/download/Meetwaarden-van-Luchtkwaliteitsstations-in-Nederland-/checkdownloadurl.feature
---------------------------------------------------------
feature: tmp/junit17863174098671850733/Rijksinstituut-voor-Volksgezondheid-en-Milieu/Gemeten-Stikstofdioxide-concentraties-in-buitenlucht-/download/Meetwaarden-van-Luchtkwaliteitsstations-in-Nederland-/checkdownloadurl.feature
report: target/surefire-reports/tmp.junit17863174098671850733.Rijksinstituut-voor-Volksgezondheid-en-Milieu.Gemeten-Stikstofdioxide-concentraties-in-buitenlucht-.download.Meetwaarden-van-Luchtkwaliteitsstations-in-Nederland-.checkdownloadurl.json
scenarios:  1 | passed:  0 | failed:  1 | time: 0.2906
---------------------------------------------------------
15:21:29.150 [ForkJoinPool-2-worker-3] INFO  com.intuit.karate - karate.env system property was:  
15:21:29.152 [ForkJoinPool-2-worker-3] INFO  com.intuit.karate - [print] {
  "class": "metadata.Service",
  "electronicMailAddress": "[geodata@rivm.nl, geodata@rivm.nl]",
  "metadataStandardVersion": "Nederlands metadata profiel op ISO 19119 voor services 2.0",
  "operatesOn": "[https://www.nationaalgeoregister.nl:443/geonetwork/srv/dut/csw?service=CSW&request=GetRecordById&version=2.0.2&outputSchema=http://www.isotc211.org/2005/gmd&elementSetName=full&id=50a2c5e6-c8e7-425d-854e-26f578196bc9#MD_DataIdentification, https://www.nationaalgeoregister.nl:443/geonetwork/srv/dut/csw?service=CSW&request=GetRecordById&version=2.0.2&outputSchema=http://www.isotc211.org/2005/gmd&elementSetName=full&id=08b27bf0-e34a-4b30-9eac-5edadfb6a288#MD_DataIdentification, https://www.nationaalgeoregister.nl:443/geonetwork/srv/dut/csw?service=CSW&request=GetRecordById&version=2.0.2&outputSchema=http://www.isotc211.org/2005/gmd&elementSetName=full&id=8b0b02a0-1e1b-4cda-bcfe-6fa0f738e38f#MD_DataIdentification, https://www.nationaalgeoregister.nl:443/geonetwork/srv/dut/csw?service=CSW&request=GetRecordById&version=2.0.2&outputSchema=http://www.isotc211.org/2005/gmd&elementSetName=full&id=f2f86edf-ac3a-48e8-9292-0544da2d7645#MD_DataIdentification, https://www.nationaalgeoregister.nl:443/geonetwork/srv/dut/csw?service=CSW&request=GetRecordById&version=2.0.2&outputSchema=http://www.isotc211.org/2005/gmd&elementSetName=full&id=ad6caa40-89ab-47e3-85ab-3f8e32024a71#MD_DataIdentification, https://www.nationaalgeoregister.nl:443/geonetwork/srv/dut/csw?service=CSW&request=GetRecordById&version=2.0.2&outputSchema=http://www.isotc211.org/2005/gmd&elementSetName=full&id=f8d840bc-18df-4449-b797-b9adcb81d3ec#MD_DataIdentification, https://www.nationaalgeoregister.nl:443/geonetwork/srv/dut/csw?service=CSW&request=GetRecordById&version=2.0.2&outputSchema=http://www.isotc211.org/2005/gmd&elementSetName=full&id=d3c9efd6-fca7-49d6-92bb-5f507abece90#MD_DataIdentification, https://www.nationaalgeoregister.nl:443/geonetwork/srv/dut/csw?service=CSW&request=GetRecordById&version=2.0.2&outputSchema=http://www.isotc211.org/2005/gmd&elementSetName=full&id=32a21114-8694-40ce-ab76-9dcd885c7861#MD_DataIdentification, https://www.nationaalgeoregister.nl:443/geonetwork/srv/dut/csw?service=CSW&request=GetRecordById&version=2.0.2&outputSchema=http://www.isotc211.org/2005/gmd&elementSetName=full&id=d24ccb35-e9d2-41bf-b231-43083fc0c76d#MD_DataIdentification, https://www.nationaalgeoregister.nl:443/geonetwork/srv/dut/csw?service=CSW&request=GetRecordById&version=2.0.2&outputSchema=http://www.isotc211.org/2005/gmd&elementSetName=full&id=36a7e8cb-8300-4602-93d2-135943365a6f#MD_DataIdentification, https://www.nationaalgeoregister.nl:443/geonetwork/srv/dut/csw?service=CSW&request=GetRecordById&version=2.0.2&outputSchema=http://www.isotc211.org/2005/gmd&elementSetName=full&id=b3f66964-a8c1-456f-9799-9cafca2cb7b1#MD_DataIdentification, https://www.nationaalgeoregister.nl:443/geonetwork/srv/dut/csw?service=CSW&request=GetRecordById&version=2.0.2&outputSchema=http://www.isotc211.org/2005/gmd&elementSetName=full&id=e1e99000-ec47-4e9f-84a5-adad24fef0dc#MD_DataIdentification, https://www.nationaalgeoregister.nl:443/geonetwork/srv/dut/csw?service=CSW&request=GetRecordById&version=2.0.2&outputSchema=http://www.isotc211.org/2005/gmd&elementSetName=full&id=8a4f5c3b-aced-48fd-afb5-f1f1d0ef21d6#MD_DataIdentification, https://www.nationaalgeoregister.nl:443/geonetwork/srv/dut/csw?service=CSW&request=GetRecordById&version=2.0.2&outputSchema=http://www.isotc211.org/2005/gmd&elementSetName=full&id=d9baa847-4652-4588-abe1-0b050f40f27f#MD_DataIdentification, https://www.nationaalgeoregister.nl:443/geonetwork/srv/dut/csw?service=CSW&request=GetRecordById&version=2.0.2&outputSchema=http://www.isotc211.org/2005/gmd&elementSetName=full&id=2cc2c30c-91b8-412a-a060-e84d25272581#MD_DataIdentification]",
  "organisation": "Rijksinstituut voor Volksgezondheid en Milieu",
  "serviceIdentifierCode": "b5ee6914-04bd-4c7e-a180-242371ae40d9",
  "servicetype": "download",
  "title": "INSPIRE download service RIVM",
  "url": "https://inspire.rivm.nl/atom/index.xml"
}

15:21:29.153 [ForkJoinPool-2-worker-3] INFO  com.intuit.karate - [print] testing url:https://inspire.rivm.nl/atom/index.xml
15:21:29.161 [ForkJoinPool-2-worker-3] DEBUG com.intuit.karate - request:
1 > HEAD https://inspire.rivm.nl/atom/index.xml
1 > Accept-Encoding: gzip,deflate
1 > Connection: Keep-Alive
1 > Host: inspire.rivm.nl
1 > User-Agent: Apache-HttpClient/4.5.11 (Java/13.0.5)

15:21:29.287 [ForkJoinPool-2-worker-1] DEBUG com.intuit.karate - response time in milliseconds: 270.82
1 < 200
1 < Accept-Ranges: bytes
1 < Access-Control-Allow-Origin: *
1 < Content-Length: 21731
1 < Content-Type: text/xml
1 < Date: Mon, 26 Oct 2020 15:21:29 GMT
1 < ETag: "80025-54e3-599938690c715"
1 < Last-Modified: Fri, 13 Dec 2019 10:43:00 GMT
1 < Server: Apache/2.2.15 (Red Hat)
1 < Strict-Transport-Security: max-age=31536000; includeSubDomains
1 < X-Cnection: close

15:21:29.292 [pool-4-thread-3] INFO  com.intuit.karate.Runner - <<pass>> feature 25 of 367: tmp/junit17863174098671850733/Rijksinstituut-voor-Volksgezondheid-en-Milieu/Afgevoerde-hoeveelheid-afval-in-2011-vanuit-de-industrie/download/INSPIRE-download-service-RIVM/checkdownloadurl.feature
---------------------------------------------------------
feature: tmp/junit17863174098671850733/Rijksinstituut-voor-Volksgezondheid-en-Milieu/Afgevoerde-hoeveelheid-afval-in-2011-vanuit-de-industrie/download/INSPIRE-download-service-RIVM/checkdownloadurl.feature
report: target/surefire-reports/tmp.junit17863174098671850733.Rijksinstituut-voor-Volksgezondheid-en-Milieu.Afgevoerde-hoeveelheid-afval-in-2011-vanuit-de-industrie.download.INSPIRE-download-service-RIVM.checkdownloadurl.json
scenarios:  1 | passed:  1 | failed:  0 | time: 0.2901
---------------------------------------------------------
15:21:29.302 [ForkJoinPool-2-worker-1] INFO  com.intuit.karate - karate.env system property was:  
15:21:29.304 [ForkJoinPool-2-worker-1] INFO  com.intuit.karate - [print] {
  "class": "metadata.Service",
  "electronicMailAddress": "[emissieregistratie@rivm.nl, emissieregistratie@rivm.nl]",
  "metadataStandardVersion": "Nederlands metadata profiel op ISO 19119 voor services 2.0",
  "operatesOn": "http://www.nationaalgeoregister.nl/geonetwork/srv/en/csw?service=CSW&request=GetRecordById&version=2.0.2&outputSchema=http://www.isotc211.org/2005/gmd&elementSetName=full&id=f8d840bc-18df-4449-b797-b9adcb81d3ec#MD_DataIdentification",
  "organisation": "Rijksinstituut voor Volksgezondheid en Milieu",
  "serviceIdentifierCode": "5255c080-5f4e-4f7a-8a2c-6ac9d0103288",
  "servicetype": "download",
  "title": "Emissies naar lucht en water in 2015 vanuit de industrie (WFS)",
  "url": "https://inspire.rivm.nl/geoserver/wfs?request=GetCapabilities"
}

15:21:29.307 [ForkJoinPool-2-worker-1] INFO  com.intuit.karate - [print] testing url:https://inspire.rivm.nl/geoserver/wfs?request=GetCapabilities
15:21:29.309 [ForkJoinPool-2-worker-1] DEBUG com.intuit.karate - request:
1 > HEAD https://inspire.rivm.nl/geoserver/wfs?request=GetCapabilities
1 > Accept-Encoding: gzip,deflate
1 > Connection: Keep-Alive
1 > Host: inspire.rivm.nl
1 > User-Agent: Apache-HttpClient/4.5.11 (Java/13.0.5)

15:21:29.371 [ForkJoinPool-2-worker-7] DEBUG com.intuit.karate - response time in milliseconds: 281.11
1 < 200
1 < Access-Control-Allow-Origin: *
1 < Content-Disposition: inline; filename=geoserver-GetCapabilities.application
1 < Content-Type: application/xml
1 < Date: Mon, 26 Oct 2020 15:21:29 GMT
1 < Strict-Transport-Security: max-age=31536000; includeSubDomains
1 < X-Cnection: close

15:21:29.372 [ForkJoinPool-2-worker-7] ERROR com.intuit.karate - assertion failed: path: $['Content-Length'][0], actual: null, expected: '#notnull', reason: actual json-path does not exist
15:21:29.376 [pool-4-thread-2] INFO  com.intuit.karate.Runner - <<fail>> feature 26 of 367: tmp/junit17863174098671850733/Rijksinstituut-voor-Volksgezondheid-en-Milieu/Afgevoerde-hoeveelheid-afval-in-2011-vanuit-de-industrie/download/Afgevoerde-hoeveelheid-afval-in-2011-vanuit-de-industrie--WFS-/checkdownloadurl.feature
---------------------------------------------------------
feature: tmp/junit17863174098671850733/Rijksinstituut-voor-Volksgezondheid-en-Milieu/Afgevoerde-hoeveelheid-afval-in-2011-vanuit-de-industrie/download/Afgevoerde-hoeveelheid-afval-in-2011-vanuit-de-industrie--WFS-/checkdownloadurl.feature
report: target/surefire-reports/tmp.junit17863174098671850733.Rijksinstituut-voor-Volksgezondheid-en-Milieu.Afgevoerde-hoeveelheid-afval-in-2011-vanuit-de-industrie.download.Afgevoerde-hoeveelheid-afval-in-2011-vanuit-de-industrie--WFS-.checkdownloadurl.json
scenarios:  1 | passed:  0 | failed:  1 | time: 0.2913
---------------------------------------------------------
15:21:29.383 [ForkJoinPool-2-worker-7] INFO  com.intuit.karate - karate.env system property was:  
15:21:29.384 [ForkJoinPool-2-worker-7] INFO  com.intuit.karate - [print] {
  "class": "metadata.Service",
  "electronicMailAddress": "[emissieregistratie@rivm.nl, emissieregistratie@rivm.nl]",
  "metadataStandardVersion": "Nederlands metadata profiel op ISO 19119 voor services 2.0",
  "operatesOn": "http://www.nationaalgeoregister.nl/geonetwork/srv/en/csw?service=CSW&request=GetRecordById&version=2.0.2&outputSchema=http://www.isotc211.org/2005/gmd&elementSetName=full&id=f8d840bc-18df-4449-b797-b9adcb81d3ec#MD_DataIdentification",
  "organisation": "Rijksinstituut voor Volksgezondheid en Milieu",
  "serviceIdentifierCode": "7dc30aed-0940-4e69-b34c-9f24b34078eb",
  "servicetype": "view",
  "title": "Emissies naar lucht en water in 2015 vanuit de industrie (WMS)",
  "url": "https://inspire.rivm.nl/geoserver/wms?request=GetCapabilities"
}

15:21:29.384 [ForkJoinPool-2-worker-7] INFO  com.intuit.karate - [print] testing url:https://inspire.rivm.nl/geoserver/wms?request=GetCapabilities
15:21:29.385 [ForkJoinPool-2-worker-7] DEBUG com.intuit.karate - request:
1 > HEAD https://inspire.rivm.nl/geoserver/wms?request=GetCapabilities
1 > Accept-Encoding: gzip,deflate
1 > Connection: Keep-Alive
1 > Host: inspire.rivm.nl
1 > User-Agent: Apache-HttpClient/4.5.11 (Java/13.0.5)

15:21:29.433 [ForkJoinPool-2-worker-3] DEBUG com.intuit.karate - response time in milliseconds: 271.73
1 < 200
1 < Accept-Ranges: bytes
1 < Access-Control-Allow-Origin: *
1 < Content-Length: 21731
1 < Content-Type: text/xml
1 < Date: Mon, 26 Oct 2020 15:21:29 GMT
1 < ETag: "20024-54e3-599938625e5ff"
1 < Last-Modified: Fri, 13 Dec 2019 10:42:53 GMT
1 < Server: Apache/2.2.15 (Red Hat)
1 < Strict-Transport-Security: max-age=31536000; includeSubDomains
1 < X-Cnection: close

15:21:29.436 [pool-4-thread-1] INFO  com.intuit.karate.Runner - <<pass>> feature 28 of 367: tmp/junit17863174098671850733/Rijksinstituut-voor-Volksgezondheid-en-Milieu/Emissies-naar-lucht-en-water-in-2015-vanuit-de-industrie/download/INSPIRE-download-service-RIVM/checkdownloadurl.feature
---------------------------------------------------------
feature: tmp/junit17863174098671850733/Rijksinstituut-voor-Volksgezondheid-en-Milieu/Emissies-naar-lucht-en-water-in-2015-vanuit-de-industrie/download/INSPIRE-download-service-RIVM/checkdownloadurl.feature
report: target/surefire-reports/tmp.junit17863174098671850733.Rijksinstituut-voor-Volksgezondheid-en-Milieu.Emissies-naar-lucht-en-water-in-2015-vanuit-de-industrie.download.INSPIRE-download-service-RIVM.checkdownloadurl.json
scenarios:  1 | passed:  1 | failed:  0 | time: 0.2834
---------------------------------------------------------
15:21:29.441 [ForkJoinPool-2-worker-3] INFO  com.intuit.karate - karate.env system property was:  
15:21:29.443 [ForkJoinPool-2-worker-3] INFO  com.intuit.karate - [print] {
  "class": "metadata.Service",
  "electronicMailAddress": "[geodata@rivm.nl, geodata@rivm.nl]",
  "metadataStandardVersion": "Nederlands metadata profiel op ISO 19119 voor services 2.0",
  "operatesOn": "[http://www.nationaalgeoregister.nl/geonetwork/srv/en/csw?service=CSW&request=GetRecordById&version=2.0.2&outputSchema=http://www.isotc211.org/2005/gmd&elementSetName=full&id=733559a5-201d-40e5-ad43-d1c7bae84d9f#MD_DataIdentification, http://www.nationaalgeoregister.nl/geonetwork/srv/en/csw?service=CSW&request=GetRecordById&version=2.0.2&outputSchema=http://www.isotc211.org/2005/gmd&elementSetName=full&id=d3c9efd6-fca7-49d6-92bb-5f507abece90#MD_DataIdentification, http://www.nationaalgeoregister.nl/geonetwork/srv/en/csw?service=CSW&request=GetRecordById&version=2.0.2&outputSchema=http://www.isotc211.org/2005/gmd&elementSetName=full&id=af135cd8-d429-4fc7-b9e3-09e15217520d#MD_DataIdentification, http://www.nationaalgeoregister.nl/geonetwork/srv/en/csw?service=CSW&request=GetRecordById&version=2.0.2&outputSchema=http://www.isotc211.org/2005/gmd&elementSetName=full&id=b3ec8793-7747-4da0-b6c3-aa384446a586#MD_DataIdentification, http://www.nationaalgeoregister.nl/geonetwork/srv/en/csw?service=CSW&request=GetRecordById&version=2.0.2&outputSchema=http://www.isotc211.org/2005/gmd&elementSetName=full&id=5800f3b0-2ea2-4231-8165-216a7b26867f#MD_DataIdentification, http://www.nationaalgeoregister.nl/geonetwork/srv/en/csw?service=CSW&request=GetRecordById&version=2.0.2&outputSchema=http://www.isotc211.org/2005/gmd&elementSetName=full&id=d8f370e8-123c-4ab3-9410-04f728327ac6#MD_DataIdentification, http://www.nationaalgeoregister.nl/geonetwork/srv/en/csw?service=CSW&request=GetRecordById&version=2.0.2&outputSchema=http://www.isotc211.org/2005/gmd&elementSetName=full&id=f91c6ad6-62a5-46d0-8a5b-8a62e7a4b833#MD_DataIdentification, http://www.nationaalgeoregister.nl/geonetwork/srv/en/csw?service=CSW&request=GetRecordById&version=2.0.2&outputSchema=http://www.isotc211.org/2005/gmd&elementSetName=full&id=500d396f-5ec6-4e4b-a151-5fb3cddd8082#MD_DataIdentification]",
  "organisation": "Rijksinstituut voor Volksgezondheid en Milieu",
  "serviceIdentifierCode": "f39d198a-1e69-43cc-b359-cc60a8c22d28",
  "servicetype": "download",
  "title": "Meetwaarden van Luchtkwaliteitsstations in Nederland.",
  "url": "https://inspire.rivm.nl/sos/eaq/service?service=AQD&version=1.0.0&request=GetCapabilities"
}

15:21:29.443 [ForkJoinPool-2-worker-3] INFO  com.intuit.karate - [print] testing url:https://inspire.rivm.nl/sos/eaq/service?service=AQD&version=1.0.0&request=GetCapabilities
15:21:29.444 [ForkJoinPool-2-worker-3] DEBUG com.intuit.karate - request:
1 > HEAD https://inspire.rivm.nl/sos/eaq/service?service=AQD&version=1.0.0&request=GetCapabilities
1 > Accept-Encoding: gzip,deflate
1 > Connection: Keep-Alive
1 > Host: inspire.rivm.nl
1 > User-Agent: Apache-HttpClient/4.5.11 (Java/13.0.5)

15:21:29.478 [ForkJoinPool-2-worker-5] DEBUG com.intuit.karate - response time in milliseconds: 344.08
1 < 200
1 < Access-Control-Allow-Origin: *
1 < Content-Disposition: inline; filename=getcapabilities_1.3.0.xml
1 < Content-Type: text/xml
1 < Date: Mon, 26 Oct 2020 15:21:29 GMT
1 < Strict-Transport-Security: max-age=31536000; includeSubDomains
1 < X-Cnection: close

15:21:29.478 [ForkJoinPool-2-worker-5] ERROR com.intuit.karate - assertion failed: path: $['Content-Length'][0], actual: null, expected: '#notnull', reason: actual json-path does not exist
15:21:29.481 [pool-4-thread-4] INFO  com.intuit.karate.Runner - <<fail>> feature 27 of 367: tmp/junit17863174098671850733/Rijksinstituut-voor-Volksgezondheid-en-Milieu/Afgevoerde-hoeveelheid-afval-in-2011-vanuit-de-industrie/view/Afgevoerde-hoeveelheid-afval-in-2011-vanuit-de-industrie--WMS-/checkViewUrl.feature
---------------------------------------------------------
feature: tmp/junit17863174098671850733/Rijksinstituut-voor-Volksgezondheid-en-Milieu/Afgevoerde-hoeveelheid-afval-in-2011-vanuit-de-industrie/view/Afgevoerde-hoeveelheid-afval-in-2011-vanuit-de-industrie--WMS-/checkViewUrl.feature
report: target/surefire-reports/tmp.junit17863174098671850733.Rijksinstituut-voor-Volksgezondheid-en-Milieu.Afgevoerde-hoeveelheid-afval-in-2011-vanuit-de-industrie.view.Afgevoerde-hoeveelheid-afval-in-2011-vanuit-de-industrie--WMS-.checkViewUrl.json
scenarios:  1 | passed:  0 | failed:  1 | time: 0.3475
---------------------------------------------------------
15:21:29.489 [ForkJoinPool-2-worker-5] INFO  com.intuit.karate - karate.env system property was:  
15:21:29.491 [ForkJoinPool-2-worker-5] INFO  com.intuit.karate - [print] {
  "class": "metadata.Service",
  "electronicMailAddress": "[geodata@rivm.nl, geodata@rivm.nl]",
  "metadataStandardVersion": "Nederlands metadata profiel op ISO 19119 voor services 2.0",
  "operatesOn": "[https://www.nationaalgeoregister.nl:443/geonetwork/srv/dut/csw?service=CSW&request=GetRecordById&version=2.0.2&outputSchema=http://www.isotc211.org/2005/gmd&elementSetName=full&id=50a2c5e6-c8e7-425d-854e-26f578196bc9#MD_DataIdentification, https://www.nationaalgeoregister.nl:443/geonetwork/srv/dut/csw?service=CSW&request=GetRecordById&version=2.0.2&outputSchema=http://www.isotc211.org/2005/gmd&elementSetName=full&id=08b27bf0-e34a-4b30-9eac-5edadfb6a288#MD_DataIdentification, https://www.nationaalgeoregister.nl:443/geonetwork/srv/dut/csw?service=CSW&request=GetRecordById&version=2.0.2&outputSchema=http://www.isotc211.org/2005/gmd&elementSetName=full&id=8b0b02a0-1e1b-4cda-bcfe-6fa0f738e38f#MD_DataIdentification, https://www.nationaalgeoregister.nl:443/geonetwork/srv/dut/csw?service=CSW&request=GetRecordById&version=2.0.2&outputSchema=http://www.isotc211.org/2005/gmd&elementSetName=full&id=f2f86edf-ac3a-48e8-9292-0544da2d7645#MD_DataIdentification, https://www.nationaalgeoregister.nl:443/geonetwork/srv/dut/csw?service=CSW&request=GetRecordById&version=2.0.2&outputSchema=http://www.isotc211.org/2005/gmd&elementSetName=full&id=ad6caa40-89ab-47e3-85ab-3f8e32024a71#MD_DataIdentification, https://www.nationaalgeoregister.nl:443/geonetwork/srv/dut/csw?service=CSW&request=GetRecordById&version=2.0.2&outputSchema=http://www.isotc211.org/2005/gmd&elementSetName=full&id=f8d840bc-18df-4449-b797-b9adcb81d3ec#MD_DataIdentification, https://www.nationaalgeoregister.nl:443/geonetwork/srv/dut/csw?service=CSW&request=GetRecordById&version=2.0.2&outputSchema=http://www.isotc211.org/2005/gmd&elementSetName=full&id=d3c9efd6-fca7-49d6-92bb-5f507abece90#MD_DataIdentification, https://www.nationaalgeoregister.nl:443/geonetwork/srv/dut/csw?service=CSW&request=GetRecordById&version=2.0.2&outputSchema=http://www.isotc211.org/2005/gmd&elementSetName=full&id=32a21114-8694-40ce-ab76-9dcd885c7861#MD_DataIdentification, https://www.nationaalgeoregister.nl:443/geonetwork/srv/dut/csw?service=CSW&request=GetRecordById&version=2.0.2&outputSchema=http://www.isotc211.org/2005/gmd&elementSetName=full&id=d24ccb35-e9d2-41bf-b231-43083fc0c76d#MD_DataIdentification, https://www.nationaalgeoregister.nl:443/geonetwork/srv/dut/csw?service=CSW&request=GetRecordById&version=2.0.2&outputSchema=http://www.isotc211.org/2005/gmd&elementSetName=full&id=36a7e8cb-8300-4602-93d2-135943365a6f#MD_DataIdentification, https://www.nationaalgeoregister.nl:443/geonetwork/srv/dut/csw?service=CSW&request=GetRecordById&version=2.0.2&outputSchema=http://www.isotc211.org/2005/gmd&elementSetName=full&id=b3f66964-a8c1-456f-9799-9cafca2cb7b1#MD_DataIdentification, https://www.nationaalgeoregister.nl:443/geonetwork/srv/dut/csw?service=CSW&request=GetRecordById&version=2.0.2&outputSchema=http://www.isotc211.org/2005/gmd&elementSetName=full&id=e1e99000-ec47-4e9f-84a5-adad24fef0dc#MD_DataIdentification, https://www.nationaalgeoregister.nl:443/geonetwork/srv/dut/csw?service=CSW&request=GetRecordById&version=2.0.2&outputSchema=http://www.isotc211.org/2005/gmd&elementSetName=full&id=8a4f5c3b-aced-48fd-afb5-f1f1d0ef21d6#MD_DataIdentification, https://www.nationaalgeoregister.nl:443/geonetwork/srv/dut/csw?service=CSW&request=GetRecordById&version=2.0.2&outputSchema=http://www.isotc211.org/2005/gmd&elementSetName=full&id=d9baa847-4652-4588-abe1-0b050f40f27f#MD_DataIdentification, https://www.nationaalgeoregister.nl:443/geonetwork/srv/dut/csw?service=CSW&request=GetRecordById&version=2.0.2&outputSchema=http://www.isotc211.org/2005/gmd&elementSetName=full&id=2cc2c30c-91b8-412a-a060-e84d25272581#MD_DataIdentification]",
  "organisation": "Rijksinstituut voor Volksgezondheid en Milieu",
  "serviceIdentifierCode": "b5ee6914-04bd-4c7e-a180-242371ae40d9",
  "servicetype": "download",
  "title": "INSPIRE download service RIVM",
  "url": "https://inspire.rivm.nl/atom/index.xml"
}

15:21:29.496 [ForkJoinPool-2-worker-5] INFO  com.intuit.karate - [print] testing url:https://inspire.rivm.nl/atom/index.xml
15:21:29.497 [ForkJoinPool-2-worker-5] DEBUG com.intuit.karate - request:
1 > HEAD https://inspire.rivm.nl/atom/index.xml
1 > Accept-Encoding: gzip,deflate
1 > Connection: Keep-Alive
1 > Host: inspire.rivm.nl
1 > User-Agent: Apache-HttpClient/4.5.11 (Java/13.0.5)

15:21:29.590 [ForkJoinPool-2-worker-1] DEBUG com.intuit.karate - response time in milliseconds: 276.52
1 < 200
1 < Access-Control-Allow-Origin: *
1 < Content-Disposition: inline; filename=geoserver-GetCapabilities.application
1 < Content-Type: application/xml
1 < Date: Mon, 26 Oct 2020 15:21:29 GMT
1 < Strict-Transport-Security: max-age=31536000; includeSubDomains
1 < X-Cnection: close

15:21:29.590 [ForkJoinPool-2-worker-1] ERROR com.intuit.karate - assertion failed: path: $['Content-Length'][0], actual: null, expected: '#notnull', reason: actual json-path does not exist
15:21:29.610 [pool-4-thread-3] INFO  com.intuit.karate.Runner - <<fail>> feature 29 of 367: tmp/junit17863174098671850733/Rijksinstituut-voor-Volksgezondheid-en-Milieu/Emissies-naar-lucht-en-water-in-2015-vanuit-de-industrie/download/Emissies-naar-lucht-en-water-in-2015-vanuit-de-industrie--WFS-/checkdownloadurl.feature
---------------------------------------------------------
feature: tmp/junit17863174098671850733/Rijksinstituut-voor-Volksgezondheid-en-Milieu/Emissies-naar-lucht-en-water-in-2015-vanuit-de-industrie/download/Emissies-naar-lucht-en-water-in-2015-vanuit-de-industrie--WFS-/checkdownloadurl.feature
report: target/surefire-reports/tmp.junit17863174098671850733.Rijksinstituut-voor-Volksgezondheid-en-Milieu.Emissies-naar-lucht-en-water-in-2015-vanuit-de-industrie.download.Emissies-naar-lucht-en-water-in-2015-vanuit-de-industrie--WFS-.checkdownloadurl.json
scenarios:  1 | passed:  0 | failed:  1 | time: 0.2875
---------------------------------------------------------
15:21:29.615 [ForkJoinPool-2-worker-1] INFO  com.intuit.karate - karate.env system property was:  
15:21:29.622 [ForkJoinPool-2-worker-1] INFO  com.intuit.karate - [print] {
  "class": "metadata.Service",
  "electronicMailAddress": "[emissieregistratie@rivm.nl, emissieregistratie@rivm.nl]",
  "metadataStandardVersion": "Nederlands metadata profiel op ISO 19119 voor services 2.0",
  "operatesOn": "http://www.nationaalgeoregister.nl/geonetwork/srv/dut/csw?service=CSW&request=GetRecordById&version=2.0.2&outputSchema=http://www.isotc211.org/2005/gmd&elementSetName=full&id=ad6caa40-89ab-47e3-85ab-3f8e32024a71#MD_DataIdentification",
  "organisation": "Rijksinstituut voor Volksgezondheid en Milieu",
  "serviceIdentifierCode": "fbe544b6-6e6f-43a0-80b9-ced1df78c434",
  "servicetype": "download",
  "title": "Emissies naar lucht en water in 2011 vanuit de industrie (WFS)",
  "url": "https://inspire.rivm.nl/geoserver/wfs?request=GetCapabilities"
}

15:21:29.623 [ForkJoinPool-2-worker-1] INFO  com.intuit.karate - [print] testing url:https://inspire.rivm.nl/geoserver/wfs?request=GetCapabilities
15:21:29.624 [ForkJoinPool-2-worker-1] DEBUG com.intuit.karate - request:
1 > HEAD https://inspire.rivm.nl/geoserver/wfs?request=GetCapabilities
1 > Accept-Encoding: gzip,deflate
1 > Connection: Keep-Alive
1 > Host: inspire.rivm.nl
1 > User-Agent: Apache-HttpClient/4.5.11 (Java/13.0.5)

15:21:29.715 [ForkJoinPool-2-worker-7] DEBUG com.intuit.karate - response time in milliseconds: 329.37
1 < 200
1 < Access-Control-Allow-Origin: *
1 < Content-Disposition: inline; filename=getcapabilities_1.3.0.xml
1 < Content-Type: text/xml
1 < Date: Mon, 26 Oct 2020 15:21:29 GMT
1 < Strict-Transport-Security: max-age=31536000; includeSubDomains
1 < X-Cnection: close

15:21:29.716 [ForkJoinPool-2-worker-7] ERROR com.intuit.karate - assertion failed: path: $['Content-Length'][0], actual: null, expected: '#notnull', reason: actual json-path does not exist
15:21:29.719 [pool-4-thread-2] INFO  com.intuit.karate.Runner - <<fail>> feature 30 of 367: tmp/junit17863174098671850733/Rijksinstituut-voor-Volksgezondheid-en-Milieu/Emissies-naar-lucht-en-water-in-2015-vanuit-de-industrie/view/Emissies-naar-lucht-en-water-in-2015-vanuit-de-industrie--WMS-/checkViewUrl.feature
---------------------------------------------------------
feature: tmp/junit17863174098671850733/Rijksinstituut-voor-Volksgezondheid-en-Milieu/Emissies-naar-lucht-en-water-in-2015-vanuit-de-industrie/view/Emissies-naar-lucht-en-water-in-2015-vanuit-de-industrie--WMS-/checkViewUrl.feature
report: target/surefire-reports/tmp.junit17863174098671850733.Rijksinstituut-voor-Volksgezondheid-en-Milieu.Emissies-naar-lucht-en-water-in-2015-vanuit-de-industrie.view.Emissies-naar-lucht-en-water-in-2015-vanuit-de-industrie--WMS-.checkViewUrl.json
scenarios:  1 | passed:  0 | failed:  1 | time: 0.3330
---------------------------------------------------------
15:21:29.723 [ForkJoinPool-2-worker-3] DEBUG com.intuit.karate - response time in milliseconds: 278.39
1 < 400
1 < Access-Control-Allow-Origin: *
1 < Content-Length: 971
1 < Content-Type: text/html;charset=utf-8
1 < Date: Mon, 26 Oct 2020 15:21:29 GMT
1 < Strict-Transport-Security: max-age=31536000; includeSubDomains
1 < X-Cnection: close

15:21:29.723 [ForkJoinPool-2-worker-3] ERROR com.intuit.karate - status code was: 400, expected: 200, response time: 278, url: https://inspire.rivm.nl/sos/eaq/service?service=AQD&version=1.0.0&request=GetCapabilities, response: 
15:21:29.726 [pool-4-thread-1] INFO  com.intuit.karate.Runner - <<fail>> feature 31 of 367: tmp/junit17863174098671850733/Rijksinstituut-voor-Volksgezondheid-en-Milieu/Gemeten-Zwaveldioxide-concentraties-in-buitenlucht-/download/Meetwaarden-van-Luchtkwaliteitsstations-in-Nederland-/checkdownloadurl.feature
---------------------------------------------------------
feature: tmp/junit17863174098671850733/Rijksinstituut-voor-Volksgezondheid-en-Milieu/Gemeten-Zwaveldioxide-concentraties-in-buitenlucht-/download/Meetwaarden-van-Luchtkwaliteitsstations-in-Nederland-/checkdownloadurl.feature
report: target/surefire-reports/tmp.junit17863174098671850733.Rijksinstituut-voor-Volksgezondheid-en-Milieu.Gemeten-Zwaveldioxide-concentraties-in-buitenlucht-.download.Meetwaarden-van-Luchtkwaliteitsstations-in-Nederland-.checkdownloadurl.json
scenarios:  1 | passed:  0 | failed:  1 | time: 0.2817
---------------------------------------------------------
15:21:29.730 [ForkJoinPool-2-worker-3] INFO  com.intuit.karate - karate.env system property was:  
15:21:29.732 [ForkJoinPool-2-worker-3] INFO  com.intuit.karate - [print] {
  "class": "metadata.Service",
  "electronicMailAddress": "[geodata@rivm.nl, geodata@rivm.nl]",
  "metadataStandardVersion": "Nederlands metadata profiel op ISO 19119 voor services 2.0",
  "operatesOn": "[https://www.nationaalgeoregister.nl:443/geonetwork/srv/dut/csw?service=CSW&request=GetRecordById&version=2.0.2&outputSchema=http://www.isotc211.org/2005/gmd&elementSetName=full&id=50a2c5e6-c8e7-425d-854e-26f578196bc9#MD_DataIdentification, https://www.nationaalgeoregister.nl:443/geonetwork/srv/dut/csw?service=CSW&request=GetRecordById&version=2.0.2&outputSchema=http://www.isotc211.org/2005/gmd&elementSetName=full&id=08b27bf0-e34a-4b30-9eac-5edadfb6a288#MD_DataIdentification, https://www.nationaalgeoregister.nl:443/geonetwork/srv/dut/csw?service=CSW&request=GetRecordById&version=2.0.2&outputSchema=http://www.isotc211.org/2005/gmd&elementSetName=full&id=8b0b02a0-1e1b-4cda-bcfe-6fa0f738e38f#MD_DataIdentification, https://www.nationaalgeoregister.nl:443/geonetwork/srv/dut/csw?service=CSW&request=GetRecordById&version=2.0.2&outputSchema=http://www.isotc211.org/2005/gmd&elementSetName=full&id=f2f86edf-ac3a-48e8-9292-0544da2d7645#MD_DataIdentification, https://www.nationaalgeoregister.nl:443/geonetwork/srv/dut/csw?service=CSW&request=GetRecordById&version=2.0.2&outputSchema=http://www.isotc211.org/2005/gmd&elementSetName=full&id=ad6caa40-89ab-47e3-85ab-3f8e32024a71#MD_DataIdentification, https://www.nationaalgeoregister.nl:443/geonetwork/srv/dut/csw?service=CSW&request=GetRecordById&version=2.0.2&outputSchema=http://www.isotc211.org/2005/gmd&elementSetName=full&id=f8d840bc-18df-4449-b797-b9adcb81d3ec#MD_DataIdentification, https://www.nationaalgeoregister.nl:443/geonetwork/srv/dut/csw?service=CSW&request=GetRecordById&version=2.0.2&outputSchema=http://www.isotc211.org/2005/gmd&elementSetName=full&id=d3c9efd6-fca7-49d6-92bb-5f507abece90#MD_DataIdentification, https://www.nationaalgeoregister.nl:443/geonetwork/srv/dut/csw?service=CSW&request=GetRecordById&version=2.0.2&outputSchema=http://www.isotc211.org/2005/gmd&elementSetName=full&id=32a21114-8694-40ce-ab76-9dcd885c7861#MD_DataIdentification, https://www.nationaalgeoregister.nl:443/geonetwork/srv/dut/csw?service=CSW&request=GetRecordById&version=2.0.2&outputSchema=http://www.isotc211.org/2005/gmd&elementSetName=full&id=d24ccb35-e9d2-41bf-b231-43083fc0c76d#MD_DataIdentification, https://www.nationaalgeoregister.nl:443/geonetwork/srv/dut/csw?service=CSW&request=GetRecordById&version=2.0.2&outputSchema=http://www.isotc211.org/2005/gmd&elementSetName=full&id=36a7e8cb-8300-4602-93d2-135943365a6f#MD_DataIdentification, https://www.nationaalgeoregister.nl:443/geonetwork/srv/dut/csw?service=CSW&request=GetRecordById&version=2.0.2&outputSchema=http://www.isotc211.org/2005/gmd&elementSetName=full&id=b3f66964-a8c1-456f-9799-9cafca2cb7b1#MD_DataIdentification, https://www.nationaalgeoregister.nl:443/geonetwork/srv/dut/csw?service=CSW&request=GetRecordById&version=2.0.2&outputSchema=http://www.isotc211.org/2005/gmd&elementSetName=full&id=e1e99000-ec47-4e9f-84a5-adad24fef0dc#MD_DataIdentification, https://www.nationaalgeoregister.nl:443/geonetwork/srv/dut/csw?service=CSW&request=GetRecordById&version=2.0.2&outputSchema=http://www.isotc211.org/2005/gmd&elementSetName=full&id=8a4f5c3b-aced-48fd-afb5-f1f1d0ef21d6#MD_DataIdentification, https://www.nationaalgeoregister.nl:443/geonetwork/srv/dut/csw?service=CSW&request=GetRecordById&version=2.0.2&outputSchema=http://www.isotc211.org/2005/gmd&elementSetName=full&id=d9baa847-4652-4588-abe1-0b050f40f27f#MD_DataIdentification, https://www.nationaalgeoregister.nl:443/geonetwork/srv/dut/csw?service=CSW&request=GetRecordById&version=2.0.2&outputSchema=http://www.isotc211.org/2005/gmd&elementSetName=full&id=2cc2c30c-91b8-412a-a060-e84d25272581#MD_DataIdentification]",
  "organisation": "Rijksinstituut voor Volksgezondheid en Milieu",
  "serviceIdentifierCode": "b5ee6914-04bd-4c7e-a180-242371ae40d9",
  "servicetype": "download",
  "title": "INSPIRE download service RIVM",
  "url": "https://inspire.rivm.nl/atom/index.xml"
}

15:21:29.732 [ForkJoinPool-2-worker-3] INFO  com.intuit.karate - [print] testing url:https://inspire.rivm.nl/atom/index.xml
15:21:29.734 [ForkJoinPool-2-worker-7] INFO  com.intuit.karate - karate.env system property was:  
15:21:29.736 [ForkJoinPool-2-worker-7] INFO  com.intuit.karate - [print] {
  "class": "metadata.Service",
  "electronicMailAddress": "[emissieregistratie@rivm.nl, emissieregistratie@rivm.nl]",
  "metadataStandardVersion": "Nederlands metadata profiel op ISO 19119 voor services 2.0",
  "operatesOn": "http://www.nationaalgeoregister.nl/geonetwork/srv/dut/csw?service=CSW&request=GetRecordById&version=2.0.2&outputSchema=http://www.isotc211.org/2005/gmd&elementSetName=full&id=ad6caa40-89ab-47e3-85ab-3f8e32024a71#MD_DataIdentification",
  "organisation": "Rijksinstituut voor Volksgezondheid en Milieu",
  "serviceIdentifierCode": "cd370f58-0e54-48d6-b83b-ccd332bfb7c7",
  "servicetype": "view",
  "title": "Emissies naar lucht en water in 2011 vanuit de industrie (WMS)",
  "url": "https://inspire.rivm.nl/geoserver/wms?request=GetCapabilities"
}

15:21:29.736 [ForkJoinPool-2-worker-7] INFO  com.intuit.karate - [print] testing url:https://inspire.rivm.nl/geoserver/wms?request=GetCapabilities
15:21:29.737 [ForkJoinPool-2-worker-3] DEBUG com.intuit.karate - request:
1 > HEAD https://inspire.rivm.nl/atom/index.xml
1 > Accept-Encoding: gzip,deflate
1 > Connection: Keep-Alive
1 > Host: inspire.rivm.nl
1 > User-Agent: Apache-HttpClient/4.5.11 (Java/13.0.5)

15:21:29.741 [ForkJoinPool-2-worker-7] DEBUG com.intuit.karate - request:
1 > HEAD https://inspire.rivm.nl/geoserver/wms?request=GetCapabilities
1 > Accept-Encoding: gzip,deflate
1 > Connection: Keep-Alive
1 > Host: inspire.rivm.nl
1 > User-Agent: Apache-HttpClient/4.5.11 (Java/13.0.5)

15:21:29.770 [ForkJoinPool-2-worker-5] DEBUG com.intuit.karate - response time in milliseconds: 270.95
1 < 200
1 < Accept-Ranges: bytes
1 < Access-Control-Allow-Origin: *
1 < Content-Length: 21731
1 < Content-Type: text/xml
1 < Date: Mon, 26 Oct 2020 15:21:29 GMT
1 < ETag: "20024-54e3-599938625e5ff"
1 < Last-Modified: Fri, 13 Dec 2019 10:42:53 GMT
1 < Server: Apache/2.2.15 (Red Hat)
1 < Strict-Transport-Security: max-age=31536000; includeSubDomains
1 < X-Cnection: close

15:21:29.774 [pool-4-thread-4] INFO  com.intuit.karate.Runner - <<pass>> feature 32 of 367: tmp/junit17863174098671850733/Rijksinstituut-voor-Volksgezondheid-en-Milieu/Emissies-naar-lucht-en-water-in-2011-vanuit-de-industrie/download/INSPIRE-download-service-RIVM/checkdownloadurl.feature
---------------------------------------------------------
feature: tmp/junit17863174098671850733/Rijksinstituut-voor-Volksgezondheid-en-Milieu/Emissies-naar-lucht-en-water-in-2011-vanuit-de-industrie/download/INSPIRE-download-service-RIVM/checkdownloadurl.feature
report: target/surefire-reports/tmp.junit17863174098671850733.Rijksinstituut-voor-Volksgezondheid-en-Milieu.Emissies-naar-lucht-en-water-in-2011-vanuit-de-industrie.download.INSPIRE-download-service-RIVM.checkdownloadurl.json
scenarios:  1 | passed:  1 | failed:  0 | time: 0.2807
---------------------------------------------------------
15:21:29.780 [ForkJoinPool-2-worker-5] INFO  com.intuit.karate - karate.env system property was:  
15:21:29.784 [ForkJoinPool-2-worker-5] INFO  com.intuit.karate - [print] {
  "class": "metadata.Service",
  "electronicMailAddress": "[emissieregistratie@rivm.nl, emissieregistratie@rivm.nl]",
  "metadataStandardVersion": "Nederlands metadata profiel op ISO 19119 voor services 2.0",
  "operatesOn": "http://www.nationaalgeoregister.nl/geonetwork/srv/en/csw?service=CSW&request=GetRecordById&version=2.0.2&outputSchema=http://www.isotc211.org/2005/gmd&elementSetName=full&id=f2f86edf-ac3a-48e8-9292-0544da2d7645#MD_DataIdentification",
  "organisation": "Rijksinstituut voor Volksgezondheid en Milieu",
  "serviceIdentifierCode": "0606e8cb-fa51-402c-a3be-19fd724b0a10",
  "servicetype": "download",
  "title": "Emissies naar het riool in 2015 vanuit de industrie (WFS)",
  "url": "https://inspire.rivm.nl/geoserver/wfs?request=GetCapabilities"
}

15:21:29.785 [ForkJoinPool-2-worker-5] INFO  com.intuit.karate - [print] testing url:https://inspire.rivm.nl/geoserver/wfs?request=GetCapabilities
15:21:29.786 [ForkJoinPool-2-worker-5] DEBUG com.intuit.karate - request:
1 > HEAD https://inspire.rivm.nl/geoserver/wfs?request=GetCapabilities
1 > Accept-Encoding: gzip,deflate
1 > Connection: Keep-Alive
1 > Host: inspire.rivm.nl
1 > User-Agent: Apache-HttpClient/4.5.11 (Java/13.0.5)

15:21:29.905 [ForkJoinPool-2-worker-1] DEBUG com.intuit.karate - response time in milliseconds: 280.39
1 < 200
1 < Access-Control-Allow-Origin: *
1 < Content-Disposition: inline; filename=geoserver-GetCapabilities.application
1 < Content-Type: application/xml
1 < Date: Mon, 26 Oct 2020 15:21:29 GMT
1 < Strict-Transport-Security: max-age=31536000; includeSubDomains
1 < X-Cnection: close

15:21:29.905 [ForkJoinPool-2-worker-1] ERROR com.intuit.karate - assertion failed: path: $['Content-Length'][0], actual: null, expected: '#notnull', reason: actual json-path does not exist
15:21:29.909 [pool-4-thread-3] INFO  com.intuit.karate.Runner - <<fail>> feature 33 of 367: tmp/junit17863174098671850733/Rijksinstituut-voor-Volksgezondheid-en-Milieu/Emissies-naar-lucht-en-water-in-2011-vanuit-de-industrie/download/Emissies-naar-lucht-en-water-in-2011-vanuit-de-industrie--WFS-/checkdownloadurl.feature
---------------------------------------------------------
feature: tmp/junit17863174098671850733/Rijksinstituut-voor-Volksgezondheid-en-Milieu/Emissies-naar-lucht-en-water-in-2011-vanuit-de-industrie/download/Emissies-naar-lucht-en-water-in-2011-vanuit-de-industrie--WFS-/checkdownloadurl.feature
report: target/surefire-reports/tmp.junit17863174098671850733.Rijksinstituut-voor-Volksgezondheid-en-Milieu.Emissies-naar-lucht-en-water-in-2011-vanuit-de-industrie.download.Emissies-naar-lucht-en-water-in-2011-vanuit-de-industrie--WFS-.checkdownloadurl.json
scenarios:  1 | passed:  0 | failed:  1 | time: 0.2843
---------------------------------------------------------
15:21:29.914 [ForkJoinPool-2-worker-1] INFO  com.intuit.karate - karate.env system property was:  
15:21:29.916 [ForkJoinPool-2-worker-1] INFO  com.intuit.karate - [print] {
  "class": "metadata.Service",
  "electronicMailAddress": "[emissieregistratie@rivm.nl, emissieregistratie@rivm.nl]",
  "metadataStandardVersion": "Nederlands metadata profiel op ISO 19119 voor services 2.0",
  "operatesOn": "http://www.nationaalgeoregister.nl/geonetwork/srv/en/csw?service=CSW&request=GetRecordById&version=2.0.2&outputSchema=http://www.isotc211.org/2005/gmd&elementSetName=full&id=f2f86edf-ac3a-48e8-9292-0544da2d7645#MD_DataIdentification",
  "organisation": "Rijksinstituut voor Volksgezondheid en Milieu",
  "serviceIdentifierCode": "95e2c712-1b91-4f24-9453-c56b95227717",
  "servicetype": "view",
  "title": "Emissies naar het riool in 2015 vanuit de industrie (WMS)",
  "url": "https://inspire.rivm.nl/geoserver/wms?request=GetCapabilities"
}

15:21:29.925 [ForkJoinPool-2-worker-1] INFO  com.intuit.karate - [print] testing url:https://inspire.rivm.nl/geoserver/wms?request=GetCapabilities
15:21:29.926 [ForkJoinPool-2-worker-1] DEBUG com.intuit.karate - request:
1 > HEAD https://inspire.rivm.nl/geoserver/wms?request=GetCapabilities
1 > Accept-Encoding: gzip,deflate
1 > Connection: Keep-Alive
1 > Host: inspire.rivm.nl
1 > User-Agent: Apache-HttpClient/4.5.11 (Java/13.0.5)

15:21:30.016 [ForkJoinPool-2-worker-3] DEBUG com.intuit.karate - response time in milliseconds: 273.31
1 < 200
1 < Accept-Ranges: bytes
1 < Access-Control-Allow-Origin: *
1 < Content-Length: 21731
1 < Content-Type: text/xml
1 < Date: Mon, 26 Oct 2020 15:21:29 GMT
1 < ETag: "20024-54e3-599938625e5ff"
1 < Last-Modified: Fri, 13 Dec 2019 10:42:53 GMT
1 < Server: Apache/2.2.15 (Red Hat)
1 < Strict-Transport-Security: max-age=31536000; includeSubDomains
1 < X-Cnection: close

15:21:30.021 [pool-4-thread-1] INFO  com.intuit.karate.Runner - <<pass>> feature 35 of 367: tmp/junit17863174098671850733/Rijksinstituut-voor-Volksgezondheid-en-Milieu/Emissies-naar-het-riool-in-2015-vanuit-de-industrie/download/INSPIRE-download-service-RIVM/checkdownloadurl.feature
---------------------------------------------------------
feature: tmp/junit17863174098671850733/Rijksinstituut-voor-Volksgezondheid-en-Milieu/Emissies-naar-het-riool-in-2015-vanuit-de-industrie/download/INSPIRE-download-service-RIVM/checkdownloadurl.feature
report: target/surefire-reports/tmp.junit17863174098671850733.Rijksinstituut-voor-Volksgezondheid-en-Milieu.Emissies-naar-het-riool-in-2015-vanuit-de-industrie.download.INSPIRE-download-service-RIVM.checkdownloadurl.json
scenarios:  1 | passed:  1 | failed:  0 | time: 0.2876
---------------------------------------------------------
15:21:30.026 [ForkJoinPool-2-worker-3] INFO  com.intuit.karate - karate.env system property was:  
15:21:30.028 [ForkJoinPool-2-worker-3] INFO  com.intuit.karate - [print] {
  "class": "metadata.Service",
  "electronicMailAddress": "[geodata@rivm.nl, geodata@rivm.nl]",
  "metadataStandardVersion": "Nederlands metadata profiel op ISO 19119 voor services 2.0",
  "operatesOn": "[http://www.nationaalgeoregister.nl/geonetwork/srv/en/csw?service=CSW&request=GetRecordById&version=2.0.2&outputSchema=http://www.isotc211.org/2005/gmd&elementSetName=full&id=733559a5-201d-40e5-ad43-d1c7bae84d9f#MD_DataIdentification, http://www.nationaalgeoregister.nl/geonetwork/srv/en/csw?service=CSW&request=GetRecordById&version=2.0.2&outputSchema=http://www.isotc211.org/2005/gmd&elementSetName=full&id=d3c9efd6-fca7-49d6-92bb-5f507abece90#MD_DataIdentification, http://www.nationaalgeoregister.nl/geonetwork/srv/en/csw?service=CSW&request=GetRecordById&version=2.0.2&outputSchema=http://www.isotc211.org/2005/gmd&elementSetName=full&id=af135cd8-d429-4fc7-b9e3-09e15217520d#MD_DataIdentification, http://www.nationaalgeoregister.nl/geonetwork/srv/en/csw?service=CSW&request=GetRecordById&version=2.0.2&outputSchema=http://www.isotc211.org/2005/gmd&elementSetName=full&id=b3ec8793-7747-4da0-b6c3-aa384446a586#MD_DataIdentification, http://www.nationaalgeoregister.nl/geonetwork/srv/en/csw?service=CSW&request=GetRecordById&version=2.0.2&outputSchema=http://www.isotc211.org/2005/gmd&elementSetName=full&id=5800f3b0-2ea2-4231-8165-216a7b26867f#MD_DataIdentification, http://www.nationaalgeoregister.nl/geonetwork/srv/en/csw?service=CSW&request=GetRecordById&version=2.0.2&outputSchema=http://www.isotc211.org/2005/gmd&elementSetName=full&id=d8f370e8-123c-4ab3-9410-04f728327ac6#MD_DataIdentification, http://www.nationaalgeoregister.nl/geonetwork/srv/en/csw?service=CSW&request=GetRecordById&version=2.0.2&outputSchema=http://www.isotc211.org/2005/gmd&elementSetName=full&id=f91c6ad6-62a5-46d0-8a5b-8a62e7a4b833#MD_DataIdentification, http://www.nationaalgeoregister.nl/geonetwork/srv/en/csw?service=CSW&request=GetRecordById&version=2.0.2&outputSchema=http://www.isotc211.org/2005/gmd&elementSetName=full&id=500d396f-5ec6-4e4b-a151-5fb3cddd8082#MD_DataIdentification]",
  "organisation": "Rijksinstituut voor Volksgezondheid en Milieu",
  "serviceIdentifierCode": "f39d198a-1e69-43cc-b359-cc60a8c22d28",
  "servicetype": "download",
  "title": "Meetwaarden van Luchtkwaliteitsstations in Nederland.",
  "url": "https://inspire.rivm.nl/sos/eaq/service?service=AQD&version=1.0.0&request=GetCapabilities"
}

15:21:30.041 [ForkJoinPool-2-worker-3] INFO  com.intuit.karate - [print] testing url:https://inspire.rivm.nl/sos/eaq/service?service=AQD&version=1.0.0&request=GetCapabilities
15:21:30.042 [ForkJoinPool-2-worker-3] DEBUG com.intuit.karate - request:
1 > HEAD https://inspire.rivm.nl/sos/eaq/service?service=AQD&version=1.0.0&request=GetCapabilities
1 > Accept-Encoding: gzip,deflate
1 > Connection: Keep-Alive
1 > Host: inspire.rivm.nl
1 > User-Agent: Apache-HttpClient/4.5.11 (Java/13.0.5)

15:21:30.065 [ForkJoinPool-2-worker-5] DEBUG com.intuit.karate - response time in milliseconds: 278.82
1 < 200
1 < Access-Control-Allow-Origin: *
1 < Content-Disposition: inline; filename=geoserver-GetCapabilities.application
1 < Content-Type: application/xml
1 < Date: Mon, 26 Oct 2020 15:21:30 GMT
1 < Strict-Transport-Security: max-age=31536000; includeSubDomains
1 < X-Cnection: close

15:21:30.065 [ForkJoinPool-2-worker-5] ERROR com.intuit.karate - assertion failed: path: $['Content-Length'][0], actual: null, expected: '#notnull', reason: actual json-path does not exist
15:21:30.068 [pool-4-thread-4] INFO  com.intuit.karate.Runner - <<fail>> feature 36 of 367: tmp/junit17863174098671850733/Rijksinstituut-voor-Volksgezondheid-en-Milieu/Emissies-naar-het-riool-in-2015-vanuit-de-industrie/download/Emissies-naar-het-riool-in-2015-vanuit-de-industrie--WFS-/checkdownloadurl.feature
---------------------------------------------------------
feature: tmp/junit17863174098671850733/Rijksinstituut-voor-Volksgezondheid-en-Milieu/Emissies-naar-het-riool-in-2015-vanuit-de-industrie/download/Emissies-naar-het-riool-in-2015-vanuit-de-industrie--WFS-/checkdownloadurl.feature
report: target/surefire-reports/tmp.junit17863174098671850733.Rijksinstituut-voor-Volksgezondheid-en-Milieu.Emissies-naar-het-riool-in-2015-vanuit-de-industrie.download.Emissies-naar-het-riool-in-2015-vanuit-de-industrie--WFS-.checkdownloadurl.json
scenarios:  1 | passed:  0 | failed:  1 | time: 0.2845
---------------------------------------------------------
15:21:30.073 [ForkJoinPool-2-worker-5] INFO  com.intuit.karate - karate.env system property was:  
15:21:30.080 [ForkJoinPool-2-worker-5] INFO  com.intuit.karate - [print] {
  "class": "metadata.Service",
  "electronicMailAddress": "[geodata@rivm.nl, geodata@rivm.nl]",
  "metadataStandardVersion": "Nederlands metadata profiel op ISO 19119 voor services 2.0",
  "operatesOn": "[https://www.nationaalgeoregister.nl:443/geonetwork/srv/dut/csw?service=CSW&request=GetRecordById&version=2.0.2&outputSchema=http://www.isotc211.org/2005/gmd&elementSetName=full&id=50a2c5e6-c8e7-425d-854e-26f578196bc9#MD_DataIdentification, https://www.nationaalgeoregister.nl:443/geonetwork/srv/dut/csw?service=CSW&request=GetRecordById&version=2.0.2&outputSchema=http://www.isotc211.org/2005/gmd&elementSetName=full&id=08b27bf0-e34a-4b30-9eac-5edadfb6a288#MD_DataIdentification, https://www.nationaalgeoregister.nl:443/geonetwork/srv/dut/csw?service=CSW&request=GetRecordById&version=2.0.2&outputSchema=http://www.isotc211.org/2005/gmd&elementSetName=full&id=8b0b02a0-1e1b-4cda-bcfe-6fa0f738e38f#MD_DataIdentification, https://www.nationaalgeoregister.nl:443/geonetwork/srv/dut/csw?service=CSW&request=GetRecordById&version=2.0.2&outputSchema=http://www.isotc211.org/2005/gmd&elementSetName=full&id=f2f86edf-ac3a-48e8-9292-0544da2d7645#MD_DataIdentification, https://www.nationaalgeoregister.nl:443/geonetwork/srv/dut/csw?service=CSW&request=GetRecordById&version=2.0.2&outputSchema=http://www.isotc211.org/2005/gmd&elementSetName=full&id=ad6caa40-89ab-47e3-85ab-3f8e32024a71#MD_DataIdentification, https://www.nationaalgeoregister.nl:443/geonetwork/srv/dut/csw?service=CSW&request=GetRecordById&version=2.0.2&outputSchema=http://www.isotc211.org/2005/gmd&elementSetName=full&id=f8d840bc-18df-4449-b797-b9adcb81d3ec#MD_DataIdentification, https://www.nationaalgeoregister.nl:443/geonetwork/srv/dut/csw?service=CSW&request=GetRecordById&version=2.0.2&outputSchema=http://www.isotc211.org/2005/gmd&elementSetName=full&id=d3c9efd6-fca7-49d6-92bb-5f507abece90#MD_DataIdentification, https://www.nationaalgeoregister.nl:443/geonetwork/srv/dut/csw?service=CSW&request=GetRecordById&version=2.0.2&outputSchema=http://www.isotc211.org/2005/gmd&elementSetName=full&id=32a21114-8694-40ce-ab76-9dcd885c7861#MD_DataIdentification, https://www.nationaalgeoregister.nl:443/geonetwork/srv/dut/csw?service=CSW&request=GetRecordById&version=2.0.2&outputSchema=http://www.isotc211.org/2005/gmd&elementSetName=full&id=d24ccb35-e9d2-41bf-b231-43083fc0c76d#MD_DataIdentification, https://www.nationaalgeoregister.nl:443/geonetwork/srv/dut/csw?service=CSW&request=GetRecordById&version=2.0.2&outputSchema=http://www.isotc211.org/2005/gmd&elementSetName=full&id=36a7e8cb-8300-4602-93d2-135943365a6f#MD_DataIdentification, https://www.nationaalgeoregister.nl:443/geonetwork/srv/dut/csw?service=CSW&request=GetRecordById&version=2.0.2&outputSchema=http://www.isotc211.org/2005/gmd&elementSetName=full&id=b3f66964-a8c1-456f-9799-9cafca2cb7b1#MD_DataIdentification, https://www.nationaalgeoregister.nl:443/geonetwork/srv/dut/csw?service=CSW&request=GetRecordById&version=2.0.2&outputSchema=http://www.isotc211.org/2005/gmd&elementSetName=full&id=e1e99000-ec47-4e9f-84a5-adad24fef0dc#MD_DataIdentification, https://www.nationaalgeoregister.nl:443/geonetwork/srv/dut/csw?service=CSW&request=GetRecordById&version=2.0.2&outputSchema=http://www.isotc211.org/2005/gmd&elementSetName=full&id=8a4f5c3b-aced-48fd-afb5-f1f1d0ef21d6#MD_DataIdentification, https://www.nationaalgeoregister.nl:443/geonetwork/srv/dut/csw?service=CSW&request=GetRecordById&version=2.0.2&outputSchema=http://www.isotc211.org/2005/gmd&elementSetName=full&id=d9baa847-4652-4588-abe1-0b050f40f27f#MD_DataIdentification, https://www.nationaalgeoregister.nl:443/geonetwork/srv/dut/csw?service=CSW&request=GetRecordById&version=2.0.2&outputSchema=http://www.isotc211.org/2005/gmd&elementSetName=full&id=2cc2c30c-91b8-412a-a060-e84d25272581#MD_DataIdentification]",
  "organisation": "Rijksinstituut voor Volksgezondheid en Milieu",
  "serviceIdentifierCode": "b5ee6914-04bd-4c7e-a180-242371ae40d9",
  "servicetype": "download",
  "title": "INSPIRE download service RIVM",
  "url": "https://inspire.rivm.nl/atom/index.xml"
}

15:21:30.081 [ForkJoinPool-2-worker-5] INFO  com.intuit.karate - [print] testing url:https://inspire.rivm.nl/atom/index.xml
15:21:30.082 [ForkJoinPool-2-worker-5] DEBUG com.intuit.karate - request:
1 > HEAD https://inspire.rivm.nl/atom/index.xml
1 > Accept-Encoding: gzip,deflate
1 > Connection: Keep-Alive
1 > Host: inspire.rivm.nl
1 > User-Agent: Apache-HttpClient/4.5.11 (Java/13.0.5)

15:21:30.093 [ForkJoinPool-2-worker-7] DEBUG com.intuit.karate - response time in milliseconds: 350.53
1 < 200
1 < Access-Control-Allow-Origin: *
1 < Content-Disposition: inline; filename=getcapabilities_1.3.0.xml
1 < Content-Type: text/xml
1 < Date: Mon, 26 Oct 2020 15:21:29 GMT
1 < Strict-Transport-Security: max-age=31536000; includeSubDomains
1 < X-Cnection: close

15:21:30.093 [ForkJoinPool-2-worker-7] ERROR com.intuit.karate - assertion failed: path: $['Content-Length'][0], actual: null, expected: '#notnull', reason: actual json-path does not exist
15:21:30.095 [pool-4-thread-2] INFO  com.intuit.karate.Runner - <<fail>> feature 34 of 367: tmp/junit17863174098671850733/Rijksinstituut-voor-Volksgezondheid-en-Milieu/Emissies-naar-lucht-en-water-in-2011-vanuit-de-industrie/view/Emissies-naar-lucht-en-water-in-2011-vanuit-de-industrie--WMS-/checkViewUrl.feature
---------------------------------------------------------
feature: tmp/junit17863174098671850733/Rijksinstituut-voor-Volksgezondheid-en-Milieu/Emissies-naar-lucht-en-water-in-2011-vanuit-de-industrie/view/Emissies-naar-lucht-en-water-in-2011-vanuit-de-industrie--WMS-/checkViewUrl.feature
report: target/surefire-reports/tmp.junit17863174098671850733.Rijksinstituut-voor-Volksgezondheid-en-Milieu.Emissies-naar-lucht-en-water-in-2011-vanuit-de-industrie.view.Emissies-naar-lucht-en-water-in-2011-vanuit-de-industrie--WMS-.checkViewUrl.json
scenarios:  1 | passed:  0 | failed:  1 | time: 0.3588
---------------------------------------------------------
15:21:30.100 [ForkJoinPool-2-worker-7] INFO  com.intuit.karate - karate.env system property was:  
15:21:30.102 [ForkJoinPool-2-worker-7] INFO  com.intuit.karate - [print] {
  "class": "metadata.Service",
  "electronicMailAddress": "[geodata@rivm.nl, geodata@rivm.nl]",
  "metadataStandardVersion": "Nederlands metadata profiel op ISO 19119 voor services 2.0",
  "operatesOn": "http://www.nationaalgeoregister.nl/geonetwork/srv/en/csw?service=CSW&request=GetRecordById&version=2.0.2&outputSchema=http://www.isotc211.org/2005/gmd&elementSetName=full&id=36a7e8cb-8300-4602-93d2-135943365a6f#MD_DataIdentification",
  "organisation": "Rijksinstituut voor Volksgezondheid en Milieu",
  "serviceIdentifierCode": "224d93f6-0e4e-41fe-8424-1ab11a6c55ed",
  "servicetype": "download",
  "title": "Monitoring stations (Nitraatrichtlijn) diepe filters (WFS)",
  "url": "https://inspire.rivm.nl/geoserver/wfs?request=GetCapabilities"
}

15:21:30.102 [ForkJoinPool-2-worker-7] INFO  com.intuit.karate - [print] testing url:https://inspire.rivm.nl/geoserver/wfs?request=GetCapabilities
15:21:30.103 [ForkJoinPool-2-worker-7] DEBUG com.intuit.karate - request:
1 > HEAD https://inspire.rivm.nl/geoserver/wfs?request=GetCapabilities
1 > Accept-Encoding: gzip,deflate
1 > Connection: Keep-Alive
1 > Host: inspire.rivm.nl
1 > User-Agent: Apache-HttpClient/4.5.11 (Java/13.0.5)

15:21:30.279 [ForkJoinPool-2-worker-1] DEBUG com.intuit.karate - response time in milliseconds: 352.03
1 < 200
1 < Access-Control-Allow-Origin: *
1 < Content-Disposition: inline; filename=getcapabilities_1.3.0.xml
1 < Content-Type: text/xml
1 < Date: Mon, 26 Oct 2020 15:21:30 GMT
1 < Strict-Transport-Security: max-age=31536000; includeSubDomains
1 < X-Cnection: close

15:21:30.279 [ForkJoinPool-2-worker-1] ERROR com.intuit.karate - assertion failed: path: $['Content-Length'][0], actual: null, expected: '#notnull', reason: actual json-path does not exist
15:21:30.282 [pool-4-thread-3] INFO  com.intuit.karate.Runner - <<fail>> feature 37 of 367: tmp/junit17863174098671850733/Rijksinstituut-voor-Volksgezondheid-en-Milieu/Emissies-naar-het-riool-in-2015-vanuit-de-industrie/view/Emissies-naar-het-riool-in-2015-vanuit-de-industrie--WMS-/checkViewUrl.feature
---------------------------------------------------------
feature: tmp/junit17863174098671850733/Rijksinstituut-voor-Volksgezondheid-en-Milieu/Emissies-naar-het-riool-in-2015-vanuit-de-industrie/view/Emissies-naar-het-riool-in-2015-vanuit-de-industrie--WMS-/checkViewUrl.feature
report: target/surefire-reports/tmp.junit17863174098671850733.Rijksinstituut-voor-Volksgezondheid-en-Milieu.Emissies-naar-het-riool-in-2015-vanuit-de-industrie.view.Emissies-naar-het-riool-in-2015-vanuit-de-industrie--WMS-.checkViewUrl.json
scenarios:  1 | passed:  0 | failed:  1 | time: 0.3647
---------------------------------------------------------
15:21:30.292 [ForkJoinPool-2-worker-1] INFO  com.intuit.karate - karate.env system property was:  
15:21:30.294 [ForkJoinPool-2-worker-1] INFO  com.intuit.karate - [print] {
  "class": "metadata.Service",
  "electronicMailAddress": "[geodata@rivm.nl, geodata@rivm.nl]",
  "metadataStandardVersion": "Nederlands metadata profiel op ISO 19119 voor services 2.0",
  "operatesOn": "http://www.nationaalgeoregister.nl/geonetwork/srv/en/csw?service=CSW&request=GetRecordById&version=2.0.2&outputSchema=http://www.isotc211.org/2005/gmd&elementSetName=full&id=36a7e8cb-8300-4602-93d2-135943365a6f#MD_DataIdentification",
  "organisation": "Rijksinstituut voor Volksgezondheid en Milieu",
  "serviceIdentifierCode": "755d488b-7b94-4883-95be-6aa279604f85",
  "servicetype": "view",
  "title": "Monitoring stations (Nitraatrichtlijn) diepe filters (WMS)",
  "url": "https://inspire.rivm.nl/geoserver/wms?request=GetCapabilities"
}

15:21:30.298 [ForkJoinPool-2-worker-1] INFO  com.intuit.karate - [print] testing url:https://inspire.rivm.nl/geoserver/wms?request=GetCapabilities
15:21:30.299 [ForkJoinPool-2-worker-1] DEBUG com.intuit.karate - request:
1 > HEAD https://inspire.rivm.nl/geoserver/wms?request=GetCapabilities
1 > Accept-Encoding: gzip,deflate
1 > Connection: Keep-Alive
1 > Host: inspire.rivm.nl
1 > User-Agent: Apache-HttpClient/4.5.11 (Java/13.0.5)

15:21:30.313 [ForkJoinPool-2-worker-3] DEBUG com.intuit.karate - response time in milliseconds: 270.56
1 < 400
1 < Access-Control-Allow-Origin: *
1 < Content-Length: 971
1 < Content-Type: text/html;charset=utf-8
1 < Date: Mon, 26 Oct 2020 15:21:30 GMT
1 < Strict-Transport-Security: max-age=31536000; includeSubDomains
1 < X-Cnection: close

15:21:30.313 [ForkJoinPool-2-worker-3] ERROR com.intuit.karate - status code was: 400, expected: 200, response time: 271, url: https://inspire.rivm.nl/sos/eaq/service?service=AQD&version=1.0.0&request=GetCapabilities, response: 
15:21:30.316 [pool-4-thread-1] INFO  com.intuit.karate.Runner - <<fail>> feature 38 of 367: tmp/junit17863174098671850733/Rijksinstituut-voor-Volksgezondheid-en-Milieu/Gemeten-Koolstofmonoxide-concentraties-in-buitenlucht-/download/Meetwaarden-van-Luchtkwaliteitsstations-in-Nederland-/checkdownloadurl.feature
---------------------------------------------------------
feature: tmp/junit17863174098671850733/Rijksinstituut-voor-Volksgezondheid-en-Milieu/Gemeten-Koolstofmonoxide-concentraties-in-buitenlucht-/download/Meetwaarden-van-Luchtkwaliteitsstations-in-Nederland-/checkdownloadurl.feature
report: target/surefire-reports/tmp.junit17863174098671850733.Rijksinstituut-voor-Volksgezondheid-en-Milieu.Gemeten-Koolstofmonoxide-concentraties-in-buitenlucht-.download.Meetwaarden-van-Luchtkwaliteitsstations-in-Nederland-.checkdownloadurl.json
scenarios:  1 | passed:  0 | failed:  1 | time: 0.2865
---------------------------------------------------------
15:21:30.322 [ForkJoinPool-2-worker-3] INFO  com.intuit.karate - karate.env system property was:  
15:21:30.324 [ForkJoinPool-2-worker-3] INFO  com.intuit.karate - [print] {
  "class": "metadata.Service",
  "electronicMailAddress": "[geodata@rivm.nl, geodata@rivm.nl]",
  "metadataStandardVersion": "Nederlands metadata profiel op ISO 19119 voor services 2.0",
  "operatesOn": "[http://www.nationaalgeoregister.nl/geonetwork/srv/en/csw?service=CSW&request=GetRecordById&version=2.0.2&outputSchema=http://www.isotc211.org/2005/gmd&elementSetName=full&id=733559a5-201d-40e5-ad43-d1c7bae84d9f#MD_DataIdentification, http://www.nationaalgeoregister.nl/geonetwork/srv/en/csw?service=CSW&request=GetRecordById&version=2.0.2&outputSchema=http://www.isotc211.org/2005/gmd&elementSetName=full&id=d3c9efd6-fca7-49d6-92bb-5f507abece90#MD_DataIdentification, http://www.nationaalgeoregister.nl/geonetwork/srv/en/csw?service=CSW&request=GetRecordById&version=2.0.2&outputSchema=http://www.isotc211.org/2005/gmd&elementSetName=full&id=af135cd8-d429-4fc7-b9e3-09e15217520d#MD_DataIdentification, http://www.nationaalgeoregister.nl/geonetwork/srv/en/csw?service=CSW&request=GetRecordById&version=2.0.2&outputSchema=http://www.isotc211.org/2005/gmd&elementSetName=full&id=b3ec8793-7747-4da0-b6c3-aa384446a586#MD_DataIdentification, http://www.nationaalgeoregister.nl/geonetwork/srv/en/csw?service=CSW&request=GetRecordById&version=2.0.2&outputSchema=http://www.isotc211.org/2005/gmd&elementSetName=full&id=5800f3b0-2ea2-4231-8165-216a7b26867f#MD_DataIdentification, http://www.nationaalgeoregister.nl/geonetwork/srv/en/csw?service=CSW&request=GetRecordById&version=2.0.2&outputSchema=http://www.isotc211.org/2005/gmd&elementSetName=full&id=d8f370e8-123c-4ab3-9410-04f728327ac6#MD_DataIdentification, http://www.nationaalgeoregister.nl/geonetwork/srv/en/csw?service=CSW&request=GetRecordById&version=2.0.2&outputSchema=http://www.isotc211.org/2005/gmd&elementSetName=full&id=f91c6ad6-62a5-46d0-8a5b-8a62e7a4b833#MD_DataIdentification, http://www.nationaalgeoregister.nl/geonetwork/srv/en/csw?service=CSW&request=GetRecordById&version=2.0.2&outputSchema=http://www.isotc211.org/2005/gmd&elementSetName=full&id=500d396f-5ec6-4e4b-a151-5fb3cddd8082#MD_DataIdentification]",
  "organisation": "Rijksinstituut voor Volksgezondheid en Milieu",
  "serviceIdentifierCode": "f39d198a-1e69-43cc-b359-cc60a8c22d28",
  "servicetype": "download",
  "title": "Meetwaarden van Luchtkwaliteitsstations in Nederland.",
  "url": "https://inspire.rivm.nl/sos/eaq/service?service=AQD&version=1.0.0&request=GetCapabilities"
}

15:21:30.324 [ForkJoinPool-2-worker-3] INFO  com.intuit.karate - [print] testing url:https://inspire.rivm.nl/sos/eaq/service?service=AQD&version=1.0.0&request=GetCapabilities
15:21:30.338 [ForkJoinPool-2-worker-3] DEBUG com.intuit.karate - request:
1 > HEAD https://inspire.rivm.nl/sos/eaq/service?service=AQD&version=1.0.0&request=GetCapabilities
1 > Accept-Encoding: gzip,deflate
1 > Connection: Keep-Alive
1 > Host: inspire.rivm.nl
1 > User-Agent: Apache-HttpClient/4.5.11 (Java/13.0.5)

15:21:30.357 [ForkJoinPool-2-worker-5] DEBUG com.intuit.karate - response time in milliseconds: 275.09
1 < 200
1 < Accept-Ranges: bytes
1 < Access-Control-Allow-Origin: *
1 < Content-Length: 21731
1 < Content-Type: text/xml
1 < Date: Mon, 26 Oct 2020 15:21:30 GMT
1 < ETag: "20024-54e3-599938625e5ff"
1 < Last-Modified: Fri, 13 Dec 2019 10:42:53 GMT
1 < Server: Apache/2.2.15 (Red Hat)
1 < Strict-Transport-Security: max-age=31536000; includeSubDomains
1 < X-Cnection: close

15:21:30.361 [pool-4-thread-4] INFO  com.intuit.karate.Runner - <<pass>> feature 39 of 367: tmp/junit17863174098671850733/Rijksinstituut-voor-Volksgezondheid-en-Milieu/Monitoring-stations--Nitraatrichtlijn--diepe-filters/download/INSPIRE-download-service-RIVM/checkdownloadurl.feature
---------------------------------------------------------
feature: tmp/junit17863174098671850733/Rijksinstituut-voor-Volksgezondheid-en-Milieu/Monitoring-stations--Nitraatrichtlijn--diepe-filters/download/INSPIRE-download-service-RIVM/checkdownloadurl.feature
report: target/surefire-reports/tmp.junit17863174098671850733.Rijksinstituut-voor-Volksgezondheid-en-Milieu.Monitoring-stations--Nitraatrichtlijn--diepe-filters.download.INSPIRE-download-service-RIVM.checkdownloadurl.json
scenarios:  1 | passed:  1 | failed:  0 | time: 0.2800
---------------------------------------------------------
15:21:30.369 [ForkJoinPool-2-worker-5] INFO  com.intuit.karate - karate.env system property was:  
15:21:30.372 [ForkJoinPool-2-worker-5] INFO  com.intuit.karate - [print] {
  "class": "metadata.Service",
  "electronicMailAddress": "[geodata@rivm.nl, geodata@rivm.nl]",
  "metadataStandardVersion": "Nederlands metadata profiel op ISO 19119 voor services 2.0",
  "operatesOn": "[https://www.nationaalgeoregister.nl:443/geonetwork/srv/dut/csw?service=CSW&request=GetRecordById&version=2.0.2&outputSchema=http://www.isotc211.org/2005/gmd&elementSetName=full&id=50a2c5e6-c8e7-425d-854e-26f578196bc9#MD_DataIdentification, https://www.nationaalgeoregister.nl:443/geonetwork/srv/dut/csw?service=CSW&request=GetRecordById&version=2.0.2&outputSchema=http://www.isotc211.org/2005/gmd&elementSetName=full&id=08b27bf0-e34a-4b30-9eac-5edadfb6a288#MD_DataIdentification, https://www.nationaalgeoregister.nl:443/geonetwork/srv/dut/csw?service=CSW&request=GetRecordById&version=2.0.2&outputSchema=http://www.isotc211.org/2005/gmd&elementSetName=full&id=8b0b02a0-1e1b-4cda-bcfe-6fa0f738e38f#MD_DataIdentification, https://www.nationaalgeoregister.nl:443/geonetwork/srv/dut/csw?service=CSW&request=GetRecordById&version=2.0.2&outputSchema=http://www.isotc211.org/2005/gmd&elementSetName=full&id=f2f86edf-ac3a-48e8-9292-0544da2d7645#MD_DataIdentification, https://www.nationaalgeoregister.nl:443/geonetwork/srv/dut/csw?service=CSW&request=GetRecordById&version=2.0.2&outputSchema=http://www.isotc211.org/2005/gmd&elementSetName=full&id=ad6caa40-89ab-47e3-85ab-3f8e32024a71#MD_DataIdentification, https://www.nationaalgeoregister.nl:443/geonetwork/srv/dut/csw?service=CSW&request=GetRecordById&version=2.0.2&outputSchema=http://www.isotc211.org/2005/gmd&elementSetName=full&id=f8d840bc-18df-4449-b797-b9adcb81d3ec#MD_DataIdentification, https://www.nationaalgeoregister.nl:443/geonetwork/srv/dut/csw?service=CSW&request=GetRecordById&version=2.0.2&outputSchema=http://www.isotc211.org/2005/gmd&elementSetName=full&id=d3c9efd6-fca7-49d6-92bb-5f507abece90#MD_DataIdentification, https://www.nationaalgeoregister.nl:443/geonetwork/srv/dut/csw?service=CSW&request=GetRecordById&version=2.0.2&outputSchema=http://www.isotc211.org/2005/gmd&elementSetName=full&id=32a21114-8694-40ce-ab76-9dcd885c7861#MD_DataIdentification, https://www.nationaalgeoregister.nl:443/geonetwork/srv/dut/csw?service=CSW&request=GetRecordById&version=2.0.2&outputSchema=http://www.isotc211.org/2005/gmd&elementSetName=full&id=d24ccb35-e9d2-41bf-b231-43083fc0c76d#MD_DataIdentification, https://www.nationaalgeoregister.nl:443/geonetwork/srv/dut/csw?service=CSW&request=GetRecordById&version=2.0.2&outputSchema=http://www.isotc211.org/2005/gmd&elementSetName=full&id=36a7e8cb-8300-4602-93d2-135943365a6f#MD_DataIdentification, https://www.nationaalgeoregister.nl:443/geonetwork/srv/dut/csw?service=CSW&request=GetRecordById&version=2.0.2&outputSchema=http://www.isotc211.org/2005/gmd&elementSetName=full&id=b3f66964-a8c1-456f-9799-9cafca2cb7b1#MD_DataIdentification, https://www.nationaalgeoregister.nl:443/geonetwork/srv/dut/csw?service=CSW&request=GetRecordById&version=2.0.2&outputSchema=http://www.isotc211.org/2005/gmd&elementSetName=full&id=e1e99000-ec47-4e9f-84a5-adad24fef0dc#MD_DataIdentification, https://www.nationaalgeoregister.nl:443/geonetwork/srv/dut/csw?service=CSW&request=GetRecordById&version=2.0.2&outputSchema=http://www.isotc211.org/2005/gmd&elementSetName=full&id=8a4f5c3b-aced-48fd-afb5-f1f1d0ef21d6#MD_DataIdentification, https://www.nationaalgeoregister.nl:443/geonetwork/srv/dut/csw?service=CSW&request=GetRecordById&version=2.0.2&outputSchema=http://www.isotc211.org/2005/gmd&elementSetName=full&id=d9baa847-4652-4588-abe1-0b050f40f27f#MD_DataIdentification, https://www.nationaalgeoregister.nl:443/geonetwork/srv/dut/csw?service=CSW&request=GetRecordById&version=2.0.2&outputSchema=http://www.isotc211.org/2005/gmd&elementSetName=full&id=2cc2c30c-91b8-412a-a060-e84d25272581#MD_DataIdentification]",
  "organisation": "Rijksinstituut voor Volksgezondheid en Milieu",
  "serviceIdentifierCode": "b5ee6914-04bd-4c7e-a180-242371ae40d9",
  "servicetype": "download",
  "title": "INSPIRE download service RIVM",
  "url": "https://inspire.rivm.nl/atom/index.xml"
}

15:21:30.377 [ForkJoinPool-2-worker-5] INFO  com.intuit.karate - [print] testing url:https://inspire.rivm.nl/atom/index.xml
15:21:30.378 [ForkJoinPool-2-worker-5] DEBUG com.intuit.karate - request:
1 > HEAD https://inspire.rivm.nl/atom/index.xml
1 > Accept-Encoding: gzip,deflate
1 > Connection: Keep-Alive
1 > Host: inspire.rivm.nl
1 > User-Agent: Apache-HttpClient/4.5.11 (Java/13.0.5)

15:21:30.394 [ForkJoinPool-2-worker-7] DEBUG com.intuit.karate - response time in milliseconds: 290.20
1 < 200
1 < Access-Control-Allow-Origin: *
1 < Content-Disposition: inline; filename=geoserver-GetCapabilities.application
1 < Content-Type: application/xml
1 < Date: Mon, 26 Oct 2020 15:21:30 GMT
1 < Strict-Transport-Security: max-age=31536000; includeSubDomains
1 < X-Cnection: close

15:21:30.394 [ForkJoinPool-2-worker-7] ERROR com.intuit.karate - assertion failed: path: $['Content-Length'][0], actual: null, expected: '#notnull', reason: actual json-path does not exist
15:21:30.396 [pool-4-thread-2] INFO  com.intuit.karate.Runner - <<fail>> feature 40 of 367: tmp/junit17863174098671850733/Rijksinstituut-voor-Volksgezondheid-en-Milieu/Monitoring-stations--Nitraatrichtlijn--diepe-filters/download/Monitoring-stations--Nitraatrichtlijn--diepe-filters--WFS-/checkdownloadurl.feature
---------------------------------------------------------
feature: tmp/junit17863174098671850733/Rijksinstituut-voor-Volksgezondheid-en-Milieu/Monitoring-stations--Nitraatrichtlijn--diepe-filters/download/Monitoring-stations--Nitraatrichtlijn--diepe-filters--WFS-/checkdownloadurl.feature
report: target/surefire-reports/tmp.junit17863174098671850733.Rijksinstituut-voor-Volksgezondheid-en-Milieu.Monitoring-stations--Nitraatrichtlijn--diepe-filters.download.Monitoring-stations--Nitraatrichtlijn--diepe-filters--WFS-.checkdownloadurl.json
scenarios:  1 | passed:  0 | failed:  1 | time: 0.2934
---------------------------------------------------------
15:21:30.400 [ForkJoinPool-2-worker-7] INFO  com.intuit.karate - karate.env system property was:  
15:21:30.402 [ForkJoinPool-2-worker-7] INFO  com.intuit.karate - [print] {
  "class": "metadata.Service",
  "electronicMailAddress": "[geodata@rivm.nl, geodata@rivm.nl]",
  "metadataStandardVersion": "Nederlands metadata profiel op ISO 19119 voor services 2.0",
  "operatesOn": "[https://www.nationaalgeoregister.nl:443/geonetwork/srv/dut/csw?service=CSW&request=GetRecordById&version=2.0.2&outputSchema=http://www.isotc211.org/2005/gmd&elementSetName=full&id=50a2c5e6-c8e7-425d-854e-26f578196bc9#MD_DataIdentification, https://www.nationaalgeoregister.nl:443/geonetwork/srv/dut/csw?service=CSW&request=GetRecordById&version=2.0.2&outputSchema=http://www.isotc211.org/2005/gmd&elementSetName=full&id=08b27bf0-e34a-4b30-9eac-5edadfb6a288#MD_DataIdentification, https://www.nationaalgeoregister.nl:443/geonetwork/srv/dut/csw?service=CSW&request=GetRecordById&version=2.0.2&outputSchema=http://www.isotc211.org/2005/gmd&elementSetName=full&id=8b0b02a0-1e1b-4cda-bcfe-6fa0f738e38f#MD_DataIdentification, https://www.nationaalgeoregister.nl:443/geonetwork/srv/dut/csw?service=CSW&request=GetRecordById&version=2.0.2&outputSchema=http://www.isotc211.org/2005/gmd&elementSetName=full&id=f2f86edf-ac3a-48e8-9292-0544da2d7645#MD_DataIdentification, https://www.nationaalgeoregister.nl:443/geonetwork/srv/dut/csw?service=CSW&request=GetRecordById&version=2.0.2&outputSchema=http://www.isotc211.org/2005/gmd&elementSetName=full&id=ad6caa40-89ab-47e3-85ab-3f8e32024a71#MD_DataIdentification, https://www.nationaalgeoregister.nl:443/geonetwork/srv/dut/csw?service=CSW&request=GetRecordById&version=2.0.2&outputSchema=http://www.isotc211.org/2005/gmd&elementSetName=full&id=f8d840bc-18df-4449-b797-b9adcb81d3ec#MD_DataIdentification, https://www.nationaalgeoregister.nl:443/geonetwork/srv/dut/csw?service=CSW&request=GetRecordById&version=2.0.2&outputSchema=http://www.isotc211.org/2005/gmd&elementSetName=full&id=d3c9efd6-fca7-49d6-92bb-5f507abece90#MD_DataIdentification, https://www.nationaalgeoregister.nl:443/geonetwork/srv/dut/csw?service=CSW&request=GetRecordById&version=2.0.2&outputSchema=http://www.isotc211.org/2005/gmd&elementSetName=full&id=32a21114-8694-40ce-ab76-9dcd885c7861#MD_DataIdentification, https://www.nationaalgeoregister.nl:443/geonetwork/srv/dut/csw?service=CSW&request=GetRecordById&version=2.0.2&outputSchema=http://www.isotc211.org/2005/gmd&elementSetName=full&id=d24ccb35-e9d2-41bf-b231-43083fc0c76d#MD_DataIdentification, https://www.nationaalgeoregister.nl:443/geonetwork/srv/dut/csw?service=CSW&request=GetRecordById&version=2.0.2&outputSchema=http://www.isotc211.org/2005/gmd&elementSetName=full&id=36a7e8cb-8300-4602-93d2-135943365a6f#MD_DataIdentification, https://www.nationaalgeoregister.nl:443/geonetwork/srv/dut/csw?service=CSW&request=GetRecordById&version=2.0.2&outputSchema=http://www.isotc211.org/2005/gmd&elementSetName=full&id=b3f66964-a8c1-456f-9799-9cafca2cb7b1#MD_DataIdentification, https://www.nationaalgeoregister.nl:443/geonetwork/srv/dut/csw?service=CSW&request=GetRecordById&version=2.0.2&outputSchema=http://www.isotc211.org/2005/gmd&elementSetName=full&id=e1e99000-ec47-4e9f-84a5-adad24fef0dc#MD_DataIdentification, https://www.nationaalgeoregister.nl:443/geonetwork/srv/dut/csw?service=CSW&request=GetRecordById&version=2.0.2&outputSchema=http://www.isotc211.org/2005/gmd&elementSetName=full&id=8a4f5c3b-aced-48fd-afb5-f1f1d0ef21d6#MD_DataIdentification, https://www.nationaalgeoregister.nl:443/geonetwork/srv/dut/csw?service=CSW&request=GetRecordById&version=2.0.2&outputSchema=http://www.isotc211.org/2005/gmd&elementSetName=full&id=d9baa847-4652-4588-abe1-0b050f40f27f#MD_DataIdentification, https://www.nationaalgeoregister.nl:443/geonetwork/srv/dut/csw?service=CSW&request=GetRecordById&version=2.0.2&outputSchema=http://www.isotc211.org/2005/gmd&elementSetName=full&id=2cc2c30c-91b8-412a-a060-e84d25272581#MD_DataIdentification]",
  "organisation": "Rijksinstituut voor Volksgezondheid en Milieu",
  "serviceIdentifierCode": "b5ee6914-04bd-4c7e-a180-242371ae40d9",
  "servicetype": "download",
  "title": "INSPIRE download service RIVM",
  "url": "https://inspire.rivm.nl/atom/index.xml"
}

15:21:30.402 [ForkJoinPool-2-worker-7] INFO  com.intuit.karate - [print] testing url:https://inspire.rivm.nl/atom/index.xml
15:21:30.403 [ForkJoinPool-2-worker-7] DEBUG com.intuit.karate - request:
1 > HEAD https://inspire.rivm.nl/atom/index.xml
1 > Accept-Encoding: gzip,deflate
1 > Connection: Keep-Alive
1 > Host: inspire.rivm.nl
1 > User-Agent: Apache-HttpClient/4.5.11 (Java/13.0.5)

15:21:30.611 [ForkJoinPool-2-worker-3] DEBUG com.intuit.karate - response time in milliseconds: 273.19
1 < 400
1 < Access-Control-Allow-Origin: *
1 < Content-Length: 971
1 < Content-Type: text/html;charset=utf-8
1 < Date: Mon, 26 Oct 2020 15:21:30 GMT
1 < Strict-Transport-Security: max-age=31536000; includeSubDomains
1 < X-Cnection: close

15:21:30.611 [ForkJoinPool-2-worker-3] ERROR com.intuit.karate - status code was: 400, expected: 200, response time: 273, url: https://inspire.rivm.nl/sos/eaq/service?service=AQD&version=1.0.0&request=GetCapabilities, response: 
15:21:30.615 [pool-4-thread-1] INFO  com.intuit.karate.Runner - <<fail>> feature 42 of 367: tmp/junit17863174098671850733/Rijksinstituut-voor-Volksgezondheid-en-Milieu/Gemeten-Ammoniak-concentraties-in-buitenlucht-/download/Meetwaarden-van-Luchtkwaliteitsstations-in-Nederland-/checkdownloadurl.feature
---------------------------------------------------------
feature: tmp/junit17863174098671850733/Rijksinstituut-voor-Volksgezondheid-en-Milieu/Gemeten-Ammoniak-concentraties-in-buitenlucht-/download/Meetwaarden-van-Luchtkwaliteitsstations-in-Nederland-/checkdownloadurl.feature
report: target/surefire-reports/tmp.junit17863174098671850733.Rijksinstituut-voor-Volksgezondheid-en-Milieu.Gemeten-Ammoniak-concentraties-in-buitenlucht-.download.Meetwaarden-van-Luchtkwaliteitsstations-in-Nederland-.checkdownloadurl.json
scenarios:  1 | passed:  0 | failed:  1 | time: 0.2893
---------------------------------------------------------
15:21:30.622 [ForkJoinPool-2-worker-3] INFO  com.intuit.karate - karate.env system property was:  
15:21:30.624 [ForkJoinPool-2-worker-3] INFO  com.intuit.karate - [print] {
  "class": "metadata.Service",
  "electronicMailAddress": "[atlas@rivm.nl, geodata@rivm.nl]",
  "metadataStandardVersion": "Nederlands metadata profiel op ISO 19119 voor services 2.0",
  "operatesOn": "http://www.nationaalgeoregister.nl/geonetwork/srv/dut/csw?service=CSW&request=GetRecordById&version=2.0.2&outputSchema=http://www.isotc211.org/2005/gmd&elementSetName=full&id=d9baa847-4652-4588-abe1-0b050f40f27f#MD_DataIdentification",
  "organisation": "Rijksinstituut voor Volksgezondheid en Milieu",
  "serviceIdentifierCode": "01572637-b851-4cc3-b06a-56c1ae1115cc",
  "servicetype": "download",
  "title": "Ziekenhuizen in Nederland (september 2013) (WFS)",
  "url": "https://inspire.rivm.nl/geoserver/wfs?request=GetCapabilities"
}

15:21:30.624 [ForkJoinPool-2-worker-3] INFO  com.intuit.karate - [print] testing url:https://inspire.rivm.nl/geoserver/wfs?request=GetCapabilities
15:21:30.630 [ForkJoinPool-2-worker-3] DEBUG com.intuit.karate - request:
1 > HEAD https://inspire.rivm.nl/geoserver/wfs?request=GetCapabilities
1 > Accept-Encoding: gzip,deflate
1 > Connection: Keep-Alive
1 > Host: inspire.rivm.nl
1 > User-Agent: Apache-HttpClient/4.5.11 (Java/13.0.5)

15:21:30.649 [ForkJoinPool-2-worker-1] DEBUG com.intuit.karate - response time in milliseconds: 346.51
1 < 200
1 < Access-Control-Allow-Origin: *
1 < Content-Disposition: inline; filename=getcapabilities_1.3.0.xml
1 < Content-Type: text/xml
1 < Date: Mon, 26 Oct 2020 15:21:30 GMT
1 < Strict-Transport-Security: max-age=31536000; includeSubDomains
1 < X-Cnection: close

15:21:30.649 [ForkJoinPool-2-worker-1] ERROR com.intuit.karate - assertion failed: path: $['Content-Length'][0], actual: null, expected: '#notnull', reason: actual json-path does not exist
15:21:30.652 [ForkJoinPool-2-worker-5] DEBUG com.intuit.karate - response time in milliseconds: 273.62
1 < 200
1 < Accept-Ranges: bytes
1 < Access-Control-Allow-Origin: *
1 < Content-Length: 21731
1 < Content-Type: text/xml
1 < Date: Mon, 26 Oct 2020 15:21:30 GMT
1 < ETag: "20024-54e3-599938625e5ff"
1 < Last-Modified: Fri, 13 Dec 2019 10:42:53 GMT
1 < Server: Apache/2.2.15 (Red Hat)
1 < Strict-Transport-Security: max-age=31536000; includeSubDomains
1 < X-Cnection: close

15:21:30.654 [pool-4-thread-3] INFO  com.intuit.karate.Runner - <<fail>> feature 41 of 367: tmp/junit17863174098671850733/Rijksinstituut-voor-Volksgezondheid-en-Milieu/Monitoring-stations--Nitraatrichtlijn--diepe-filters/view/Monitoring-stations--Nitraatrichtlijn--diepe-filters--WMS-/checkViewUrl.feature
---------------------------------------------------------
feature: tmp/junit17863174098671850733/Rijksinstituut-voor-Volksgezondheid-en-Milieu/Monitoring-stations--Nitraatrichtlijn--diepe-filters/view/Monitoring-stations--Nitraatrichtlijn--diepe-filters--WMS-/checkViewUrl.feature
report: target/surefire-reports/tmp.junit17863174098671850733.Rijksinstituut-voor-Volksgezondheid-en-Milieu.Monitoring-stations--Nitraatrichtlijn--diepe-filters.view.Monitoring-stations--Nitraatrichtlijn--diepe-filters--WMS-.checkViewUrl.json
scenarios:  1 | passed:  0 | failed:  1 | time: 0.3565
---------------------------------------------------------
15:21:30.664 [pool-4-thread-4] INFO  com.intuit.karate.Runner - <<pass>> feature 43 of 367: tmp/junit17863174098671850733/Rijksinstituut-voor-Volksgezondheid-en-Milieu/Gemeten-Ammoniak-concentraties-in-buitenlucht-/download/INSPIRE-download-service-RIVM/checkdownloadurl.feature
---------------------------------------------------------
feature: tmp/junit17863174098671850733/Rijksinstituut-voor-Volksgezondheid-en-Milieu/Gemeten-Ammoniak-concentraties-in-buitenlucht-/download/INSPIRE-download-service-RIVM/checkdownloadurl.feature
report: target/surefire-reports/tmp.junit17863174098671850733.Rijksinstituut-voor-Volksgezondheid-en-Milieu.Gemeten-Ammoniak-concentraties-in-buitenlucht-.download.INSPIRE-download-service-RIVM.checkdownloadurl.json
scenarios:  1 | passed:  1 | failed:  0 | time: 0.2922
---------------------------------------------------------
15:21:30.668 [ForkJoinPool-2-worker-5] INFO  com.intuit.karate - karate.env system property was:  
15:21:30.673 [ForkJoinPool-2-worker-5] INFO  com.intuit.karate - [print] {
  "class": "metadata.Service",
  "electronicMailAddress": "[geodata@rivm.nl, geodata@rivm.nl]",
  "metadataStandardVersion": "Nederlands metadata profiel op ISO 19119 voor services 2.0",
  "operatesOn": "http://www.nationaalgeoregister.nl/geonetwork/srv/dut/csw?service=CSW&request=GetRecordById&version=2.0.2&outputSchema=http://www.isotc211.org/2005/gmd&elementSetName=full&id=8a4f5c3b-aced-48fd-afb5-f1f1d0ef21d6#MD_DataIdentification",
  "organisation": "Rijksinstituut voor Volksgezondheid en Milieu",
  "serviceIdentifierCode": "a931e334-b752-4935-8a98-00eddc443789",
  "servicetype": "download",
  "title": "Omgevingsdosisequivalenttempo Nationaal Meetnet Radioactiviteit 2011 (WFS)",
  "url": "https://inspire.rivm.nl/geoserver/wfs?request=GetCapabilities"
}

15:21:30.671 [ForkJoinPool-2-worker-1] INFO  com.intuit.karate - karate.env system property was:  
15:21:30.674 [ForkJoinPool-2-worker-7] DEBUG com.intuit.karate - response time in milliseconds: 270.34
1 < 200
1 < Accept-Ranges: bytes
1 < Access-Control-Allow-Origin: *
1 < Content-Length: 21731
1 < Content-Type: text/xml
1 < Date: Mon, 26 Oct 2020 15:21:30 GMT
1 < ETag: "20024-54e3-599938625e5ff"
1 < Last-Modified: Fri, 13 Dec 2019 10:42:53 GMT
1 < Server: Apache/2.2.15 (Red Hat)
1 < Strict-Transport-Security: max-age=31536000; includeSubDomains
1 < X-Cnection: close

15:21:30.678 [pool-4-thread-2] INFO  com.intuit.karate.Runner - <<pass>> feature 44 of 367: tmp/junit17863174098671850733/Rijksinstituut-voor-Volksgezondheid-en-Milieu/Ziekenhuizen-in-Nederland--september-2013-/download/INSPIRE-download-service-RIVM/checkdownloadurl.feature
---------------------------------------------------------
feature: tmp/junit17863174098671850733/Rijksinstituut-voor-Volksgezondheid-en-Milieu/Ziekenhuizen-in-Nederland--september-2013-/download/INSPIRE-download-service-RIVM/checkdownloadurl.feature
report: target/surefire-reports/tmp.junit17863174098671850733.Rijksinstituut-voor-Volksgezondheid-en-Milieu.Ziekenhuizen-in-Nederland--september-2013-.download.INSPIRE-download-service-RIVM.checkdownloadurl.json
scenarios:  1 | passed:  1 | failed:  0 | time: 0.2754
---------------------------------------------------------
15:21:30.682 [ForkJoinPool-2-worker-7] INFO  com.intuit.karate - karate.env system property was:  
15:21:30.684 [ForkJoinPool-2-worker-7] INFO  com.intuit.karate - [print] {
  "class": "metadata.Service",
  "electronicMailAddress": "[geodata@rivm.nl, geodata@rivm.nl]",
  "metadataStandardVersion": "Nederlands metadata profiel op ISO 19119 voor services 2.0",
  "operatesOn": "[https://www.nationaalgeoregister.nl:443/geonetwork/srv/dut/csw?service=CSW&request=GetRecordById&version=2.0.2&outputSchema=http://www.isotc211.org/2005/gmd&elementSetName=full&id=50a2c5e6-c8e7-425d-854e-26f578196bc9#MD_DataIdentification, https://www.nationaalgeoregister.nl:443/geonetwork/srv/dut/csw?service=CSW&request=GetRecordById&version=2.0.2&outputSchema=http://www.isotc211.org/2005/gmd&elementSetName=full&id=08b27bf0-e34a-4b30-9eac-5edadfb6a288#MD_DataIdentification, https://www.nationaalgeoregister.nl:443/geonetwork/srv/dut/csw?service=CSW&request=GetRecordById&version=2.0.2&outputSchema=http://www.isotc211.org/2005/gmd&elementSetName=full&id=8b0b02a0-1e1b-4cda-bcfe-6fa0f738e38f#MD_DataIdentification, https://www.nationaalgeoregister.nl:443/geonetwork/srv/dut/csw?service=CSW&request=GetRecordById&version=2.0.2&outputSchema=http://www.isotc211.org/2005/gmd&elementSetName=full&id=f2f86edf-ac3a-48e8-9292-0544da2d7645#MD_DataIdentification, https://www.nationaalgeoregister.nl:443/geonetwork/srv/dut/csw?service=CSW&request=GetRecordById&version=2.0.2&outputSchema=http://www.isotc211.org/2005/gmd&elementSetName=full&id=ad6caa40-89ab-47e3-85ab-3f8e32024a71#MD_DataIdentification, https://www.nationaalgeoregister.nl:443/geonetwork/srv/dut/csw?service=CSW&request=GetRecordById&version=2.0.2&outputSchema=http://www.isotc211.org/2005/gmd&elementSetName=full&id=f8d840bc-18df-4449-b797-b9adcb81d3ec#MD_DataIdentification, https://www.nationaalgeoregister.nl:443/geonetwork/srv/dut/csw?service=CSW&request=GetRecordById&version=2.0.2&outputSchema=http://www.isotc211.org/2005/gmd&elementSetName=full&id=d3c9efd6-fca7-49d6-92bb-5f507abece90#MD_DataIdentification, https://www.nationaalgeoregister.nl:443/geonetwork/srv/dut/csw?service=CSW&request=GetRecordById&version=2.0.2&outputSchema=http://www.isotc211.org/2005/gmd&elementSetName=full&id=32a21114-8694-40ce-ab76-9dcd885c7861#MD_DataIdentification, https://www.nationaalgeoregister.nl:443/geonetwork/srv/dut/csw?service=CSW&request=GetRecordById&version=2.0.2&outputSchema=http://www.isotc211.org/2005/gmd&elementSetName=full&id=d24ccb35-e9d2-41bf-b231-43083fc0c76d#MD_DataIdentification, https://www.nationaalgeoregister.nl:443/geonetwork/srv/dut/csw?service=CSW&request=GetRecordById&version=2.0.2&outputSchema=http://www.isotc211.org/2005/gmd&elementSetName=full&id=36a7e8cb-8300-4602-93d2-135943365a6f#MD_DataIdentification, https://www.nationaalgeoregister.nl:443/geonetwork/srv/dut/csw?service=CSW&request=GetRecordById&version=2.0.2&outputSchema=http://www.isotc211.org/2005/gmd&elementSetName=full&id=b3f66964-a8c1-456f-9799-9cafca2cb7b1#MD_DataIdentification, https://www.nationaalgeoregister.nl:443/geonetwork/srv/dut/csw?service=CSW&request=GetRecordById&version=2.0.2&outputSchema=http://www.isotc211.org/2005/gmd&elementSetName=full&id=e1e99000-ec47-4e9f-84a5-adad24fef0dc#MD_DataIdentification, https://www.nationaalgeoregister.nl:443/geonetwork/srv/dut/csw?service=CSW&request=GetRecordById&version=2.0.2&outputSchema=http://www.isotc211.org/2005/gmd&elementSetName=full&id=8a4f5c3b-aced-48fd-afb5-f1f1d0ef21d6#MD_DataIdentification, https://www.nationaalgeoregister.nl:443/geonetwork/srv/dut/csw?service=CSW&request=GetRecordById&version=2.0.2&outputSchema=http://www.isotc211.org/2005/gmd&elementSetName=full&id=d9baa847-4652-4588-abe1-0b050f40f27f#MD_DataIdentification, https://www.nationaalgeoregister.nl:443/geonetwork/srv/dut/csw?service=CSW&request=GetRecordById&version=2.0.2&outputSchema=http://www.isotc211.org/2005/gmd&elementSetName=full&id=2cc2c30c-91b8-412a-a060-e84d25272581#MD_DataIdentification]",
  "organisation": "Rijksinstituut voor Volksgezondheid en Milieu",
  "serviceIdentifierCode": "b5ee6914-04bd-4c7e-a180-242371ae40d9",
  "servicetype": "download",
  "title": "INSPIRE download service RIVM",
  "url": "https://inspire.rivm.nl/atom/index.xml"
}

15:21:30.689 [ForkJoinPool-2-worker-7] INFO  com.intuit.karate - [print] testing url:https://inspire.rivm.nl/atom/index.xml
15:21:30.690 [ForkJoinPool-2-worker-7] DEBUG com.intuit.karate - request:
1 > HEAD https://inspire.rivm.nl/atom/index.xml
1 > Accept-Encoding: gzip,deflate
1 > Connection: Keep-Alive
1 > Host: inspire.rivm.nl
1 > User-Agent: Apache-HttpClient/4.5.11 (Java/13.0.5)

15:21:30.685 [ForkJoinPool-2-worker-1] INFO  com.intuit.karate - [print] {
  "class": "metadata.Service",
  "electronicMailAddress": "[atlas@rivm.nl, geodata@rivm.nl]",
  "metadataStandardVersion": "Nederlands metadata profiel op ISO 19119 voor services 2.0",
  "operatesOn": "http://www.nationaalgeoregister.nl/geonetwork/srv/dut/csw?service=CSW&request=GetRecordById&version=2.0.2&outputSchema=http://www.isotc211.org/2005/gmd&elementSetName=full&id=d9baa847-4652-4588-abe1-0b050f40f27f#MD_DataIdentification",
  "organisation": "Rijksinstituut voor Volksgezondheid en Milieu",
  "serviceIdentifierCode": "bd14098b-44e6-47e5-959d-f40dda65da5a",
  "servicetype": "view",
  "title": "Ziekenhuizen in Nederland (september 2013) (WMS)",
  "url": "https://inspire.rivm.nl/geoserver/wms?request=GetCapabilities"
}

15:21:30.692 [ForkJoinPool-2-worker-1] INFO  com.intuit.karate - [print] testing url:https://inspire.rivm.nl/geoserver/wms?request=GetCapabilities
15:21:30.693 [ForkJoinPool-2-worker-1] DEBUG com.intuit.karate - request:
1 > HEAD https://inspire.rivm.nl/geoserver/wms?request=GetCapabilities
1 > Accept-Encoding: gzip,deflate
1 > Connection: Keep-Alive
1 > Host: inspire.rivm.nl
1 > User-Agent: Apache-HttpClient/4.5.11 (Java/13.0.5)

15:21:30.689 [ForkJoinPool-2-worker-5] INFO  com.intuit.karate - [print] testing url:https://inspire.rivm.nl/geoserver/wfs?request=GetCapabilities
15:21:30.694 [ForkJoinPool-2-worker-5] DEBUG com.intuit.karate - request:
1 > HEAD https://inspire.rivm.nl/geoserver/wfs?request=GetCapabilities
1 > Accept-Encoding: gzip,deflate
1 > Connection: Keep-Alive
1 > Host: inspire.rivm.nl
1 > User-Agent: Apache-HttpClient/4.5.11 (Java/13.0.5)

15:21:30.907 [ForkJoinPool-2-worker-3] DEBUG com.intuit.karate - response time in milliseconds: 276.63
1 < 200
1 < Access-Control-Allow-Origin: *
1 < Content-Disposition: inline; filename=geoserver-GetCapabilities.application
1 < Content-Type: application/xml
1 < Date: Mon, 26 Oct 2020 15:21:30 GMT
1 < Strict-Transport-Security: max-age=31536000; includeSubDomains
1 < X-Cnection: close

15:21:30.907 [ForkJoinPool-2-worker-3] ERROR com.intuit.karate - assertion failed: path: $['Content-Length'][0], actual: null, expected: '#notnull', reason: actual json-path does not exist
15:21:30.911 [pool-4-thread-1] INFO  com.intuit.karate.Runner - <<fail>> feature 45 of 367: tmp/junit17863174098671850733/Rijksinstituut-voor-Volksgezondheid-en-Milieu/Ziekenhuizen-in-Nederland--september-2013-/download/Ziekenhuizen-in-Nederland--september-2013---WFS-/checkdownloadurl.feature
---------------------------------------------------------
feature: tmp/junit17863174098671850733/Rijksinstituut-voor-Volksgezondheid-en-Milieu/Ziekenhuizen-in-Nederland--september-2013-/download/Ziekenhuizen-in-Nederland--september-2013---WFS-/checkdownloadurl.feature
report: target/surefire-reports/tmp.junit17863174098671850733.Rijksinstituut-voor-Volksgezondheid-en-Milieu.Ziekenhuizen-in-Nederland--september-2013-.download.Ziekenhuizen-in-Nederland--september-2013---WFS-.checkdownloadurl.json
scenarios:  1 | passed:  0 | failed:  1 | time: 0.2848
---------------------------------------------------------
15:21:30.915 [ForkJoinPool-2-worker-3] INFO  com.intuit.karate - karate.env system property was:  
15:21:30.917 [ForkJoinPool-2-worker-3] INFO  com.intuit.karate - [print] {
  "class": "metadata.Service",
  "electronicMailAddress": "[geodata@rivm.nl, geodata@rivm.nl]",
  "metadataStandardVersion": "Nederlands metadata profiel op ISO 19119 voor services 2.0",
  "operatesOn": "http://www.nationaalgeoregister.nl/geonetwork/srv/dut/csw?service=CSW&request=GetRecordById&version=2.0.2&outputSchema=http://www.isotc211.org/2005/gmd&elementSetName=full&id=8a4f5c3b-aced-48fd-afb5-f1f1d0ef21d6#MD_DataIdentification",
  "organisation": "Rijksinstituut voor Volksgezondheid en Milieu",
  "serviceIdentifierCode": "0426f471-f325-42ed-a775-81c397592e86",
  "servicetype": "view",
  "title": "Omgevingsdosisequivalenttempo Nationaal Meetnet Radioactiviteit 2011 (WMS)",
  "url": "https://inspire.rivm.nl/geoserver/wms?request=GetCapabilities"
}

15:21:30.918 [ForkJoinPool-2-worker-3] INFO  com.intuit.karate - [print] testing url:https://inspire.rivm.nl/geoserver/wms?request=GetCapabilities
15:21:30.925 [ForkJoinPool-2-worker-3] DEBUG com.intuit.karate - request:
1 > HEAD https://inspire.rivm.nl/geoserver/wms?request=GetCapabilities
1 > Accept-Encoding: gzip,deflate
1 > Connection: Keep-Alive
1 > Host: inspire.rivm.nl
1 > User-Agent: Apache-HttpClient/4.5.11 (Java/13.0.5)

15:21:30.969 [ForkJoinPool-2-worker-7] DEBUG com.intuit.karate - response time in milliseconds: 277.07
1 < 200
1 < Accept-Ranges: bytes
1 < Access-Control-Allow-Origin: *
1 < Content-Length: 21731
1 < Content-Type: text/xml
1 < Date: Mon, 26 Oct 2020 15:21:30 GMT
1 < ETag: "20024-54e3-599938625e5ff"
1 < Last-Modified: Fri, 13 Dec 2019 10:42:53 GMT
1 < Server: Apache/2.2.15 (Red Hat)
1 < Strict-Transport-Security: max-age=31536000; includeSubDomains
1 < X-Cnection: close

15:21:30.973 [pool-4-thread-2] INFO  com.intuit.karate.Runner - <<pass>> feature 48 of 367: tmp/junit17863174098671850733/Rijksinstituut-voor-Volksgezondheid-en-Milieu/Omgevingsdosisequivalenttempo-Nationaal-Meetnet-Radioactiviteit-2011/download/INSPIRE-download-service-RIVM/checkdownloadurl.feature
---------------------------------------------------------
feature: tmp/junit17863174098671850733/Rijksinstituut-voor-Volksgezondheid-en-Milieu/Omgevingsdosisequivalenttempo-Nationaal-Meetnet-Radioactiviteit-2011/download/INSPIRE-download-service-RIVM/checkdownloadurl.feature
report: target/surefire-reports/tmp.junit17863174098671850733.Rijksinstituut-voor-Volksgezondheid-en-Milieu.Omgevingsdosisequivalenttempo-Nationaal-Meetnet-Radioactiviteit-2011.download.INSPIRE-download-service-RIVM.checkdownloadurl.json
scenarios:  1 | passed:  1 | failed:  0 | time: 0.2877
---------------------------------------------------------
15:21:30.985 [ForkJoinPool-2-worker-5] DEBUG com.intuit.karate - response time in milliseconds: 290.58
1 < 200
1 < Access-Control-Allow-Origin: *
1 < Content-Disposition: inline; filename=geoserver-GetCapabilities.application
1 < Content-Type: application/xml
1 < Date: Mon, 26 Oct 2020 15:21:30 GMT
1 < Strict-Transport-Security: max-age=31536000; includeSubDomains
1 < X-Cnection: close

15:21:30.986 [ForkJoinPool-2-worker-5] ERROR com.intuit.karate - assertion failed: path: $['Content-Length'][0], actual: null, expected: '#notnull', reason: actual json-path does not exist
15:21:30.990 [pool-4-thread-4] INFO  com.intuit.karate.Runner - <<fail>> feature 47 of 367: tmp/junit17863174098671850733/Rijksinstituut-voor-Volksgezondheid-en-Milieu/Omgevingsdosisequivalenttempo-Nationaal-Meetnet-Radioactiviteit-2011/download/Omgevingsdosisequivalenttempo-Nationaal-Meetnet-Radioactiviteit-2011--WFS-/checkdownloadurl.feature
15:21:30.990 [ForkJoinPool-2-worker-7] INFO  com.intuit.karate - karate.env system property was:  
---------------------------------------------------------
feature: tmp/junit17863174098671850733/Rijksinstituut-voor-Volksgezondheid-en-Milieu/Omgevingsdosisequivalenttempo-Nationaal-Meetnet-Radioactiviteit-2011/download/Omgevingsdosisequivalenttempo-Nationaal-Meetnet-Radioactiviteit-2011--WFS-/checkdownloadurl.feature
report: target/surefire-reports/tmp.junit17863174098671850733.Rijksinstituut-voor-Volksgezondheid-en-Milieu.Omgevingsdosisequivalenttempo-Nationaal-Meetnet-Radioactiviteit-2011.download.Omgevingsdosisequivalenttempo-Nationaal-Meetnet-Radioactiviteit-2011--WFS-.checkdownloadurl.json
scenarios:  1 | passed:  0 | failed:  1 | time: 0.3142
---------------------------------------------------------
15:21:30.992 [ForkJoinPool-2-worker-7] INFO  com.intuit.karate - [print] {
  "class": "metadata.Service",
  "electronicMailAddress": "[geodata@rivm.nl, geodata@rivm.nl]",
  "metadataStandardVersion": "Nederlands metadata profiel op ISO 19119 voor services 2.0",
  "operatesOn": "[http://www.nationaalgeoregister.nl/geonetwork/srv/en/csw?service=CSW&request=GetRecordById&version=2.0.2&outputSchema=http://www.isotc211.org/2005/gmd&elementSetName=full&id=733559a5-201d-40e5-ad43-d1c7bae84d9f#MD_DataIdentification, http://www.nationaalgeoregister.nl/geonetwork/srv/en/csw?service=CSW&request=GetRecordById&version=2.0.2&outputSchema=http://www.isotc211.org/2005/gmd&elementSetName=full&id=d3c9efd6-fca7-49d6-92bb-5f507abece90#MD_DataIdentification, http://www.nationaalgeoregister.nl/geonetwork/srv/en/csw?service=CSW&request=GetRecordById&version=2.0.2&outputSchema=http://www.isotc211.org/2005/gmd&elementSetName=full&id=af135cd8-d429-4fc7-b9e3-09e15217520d#MD_DataIdentification, http://www.nationaalgeoregister.nl/geonetwork/srv/en/csw?service=CSW&request=GetRecordById&version=2.0.2&outputSchema=http://www.isotc211.org/2005/gmd&elementSetName=full&id=b3ec8793-7747-4da0-b6c3-aa384446a586#MD_DataIdentification, http://www.nationaalgeoregister.nl/geonetwork/srv/en/csw?service=CSW&request=GetRecordById&version=2.0.2&outputSchema=http://www.isotc211.org/2005/gmd&elementSetName=full&id=5800f3b0-2ea2-4231-8165-216a7b26867f#MD_DataIdentification, http://www.nationaalgeoregister.nl/geonetwork/srv/en/csw?service=CSW&request=GetRecordById&version=2.0.2&outputSchema=http://www.isotc211.org/2005/gmd&elementSetName=full&id=d8f370e8-123c-4ab3-9410-04f728327ac6#MD_DataIdentification, http://www.nationaalgeoregister.nl/geonetwork/srv/en/csw?service=CSW&request=GetRecordById&version=2.0.2&outputSchema=http://www.isotc211.org/2005/gmd&elementSetName=full&id=f91c6ad6-62a5-46d0-8a5b-8a62e7a4b833#MD_DataIdentification, http://www.nationaalgeoregister.nl/geonetwork/srv/en/csw?service=CSW&request=GetRecordById&version=2.0.2&outputSchema=http://www.isotc211.org/2005/gmd&elementSetName=full&id=500d396f-5ec6-4e4b-a151-5fb3cddd8082#MD_DataIdentification]",
  "organisation": "Rijksinstituut voor Volksgezondheid en Milieu",
  "serviceIdentifierCode": "f39d198a-1e69-43cc-b359-cc60a8c22d28",
  "servicetype": "download",
  "title": "Meetwaarden van Luchtkwaliteitsstations in Nederland.",
  "url": "https://inspire.rivm.nl/sos/eaq/service?service=AQD&version=1.0.0&request=GetCapabilities"
}

15:21:30.992 [ForkJoinPool-2-worker-7] INFO  com.intuit.karate - [print] testing url:https://inspire.rivm.nl/sos/eaq/service?service=AQD&version=1.0.0&request=GetCapabilities
15:21:30.993 [ForkJoinPool-2-worker-7] DEBUG com.intuit.karate - request:
1 > HEAD https://inspire.rivm.nl/sos/eaq/service?service=AQD&version=1.0.0&request=GetCapabilities
1 > Accept-Encoding: gzip,deflate
1 > Connection: Keep-Alive
1 > Host: inspire.rivm.nl
1 > User-Agent: Apache-HttpClient/4.5.11 (Java/13.0.5)

15:21:30.994 [ForkJoinPool-2-worker-5] INFO  com.intuit.karate - karate.env system property was:  
15:21:30.996 [ForkJoinPool-2-worker-5] INFO  com.intuit.karate - [print] {
  "class": "metadata.Service",
  "electronicMailAddress": "[geodata@rivm.nl, geodata@rivm.nl]",
  "metadataStandardVersion": "Nederlands metadata profiel op ISO 19119 voor services 2.0",
  "operatesOn": "[http://www.nationaalgeoregister.nl/geonetwork/srv/en/csw?service=CSW&request=GetRecordById&version=2.0.2&outputSchema=http://www.isotc211.org/2005/gmd&elementSetName=full&id=733559a5-201d-40e5-ad43-d1c7bae84d9f#MD_DataIdentification, http://www.nationaalgeoregister.nl/geonetwork/srv/en/csw?service=CSW&request=GetRecordById&version=2.0.2&outputSchema=http://www.isotc211.org/2005/gmd&elementSetName=full&id=d3c9efd6-fca7-49d6-92bb-5f507abece90#MD_DataIdentification, http://www.nationaalgeoregister.nl/geonetwork/srv/en/csw?service=CSW&request=GetRecordById&version=2.0.2&outputSchema=http://www.isotc211.org/2005/gmd&elementSetName=full&id=af135cd8-d429-4fc7-b9e3-09e15217520d#MD_DataIdentification, http://www.nationaalgeoregister.nl/geonetwork/srv/en/csw?service=CSW&request=GetRecordById&version=2.0.2&outputSchema=http://www.isotc211.org/2005/gmd&elementSetName=full&id=b3ec8793-7747-4da0-b6c3-aa384446a586#MD_DataIdentification, http://www.nationaalgeoregister.nl/geonetwork/srv/en/csw?service=CSW&request=GetRecordById&version=2.0.2&outputSchema=http://www.isotc211.org/2005/gmd&elementSetName=full&id=5800f3b0-2ea2-4231-8165-216a7b26867f#MD_DataIdentification, http://www.nationaalgeoregister.nl/geonetwork/srv/en/csw?service=CSW&request=GetRecordById&version=2.0.2&outputSchema=http://www.isotc211.org/2005/gmd&elementSetName=full&id=d8f370e8-123c-4ab3-9410-04f728327ac6#MD_DataIdentification, http://www.nationaalgeoregister.nl/geonetwork/srv/en/csw?service=CSW&request=GetRecordById&version=2.0.2&outputSchema=http://www.isotc211.org/2005/gmd&elementSetName=full&id=f91c6ad6-62a5-46d0-8a5b-8a62e7a4b833#MD_DataIdentification, http://www.nationaalgeoregister.nl/geonetwork/srv/en/csw?service=CSW&request=GetRecordById&version=2.0.2&outputSchema=http://www.isotc211.org/2005/gmd&elementSetName=full&id=500d396f-5ec6-4e4b-a151-5fb3cddd8082#MD_DataIdentification]",
  "organisation": "Rijksinstituut voor Volksgezondheid en Milieu",
  "serviceIdentifierCode": "f39d198a-1e69-43cc-b359-cc60a8c22d28",
  "servicetype": "download",
  "title": "Meetwaarden van Luchtkwaliteitsstations in Nederland.",
  "url": "https://inspire.rivm.nl/sos/eaq/service?service=AQD&version=1.0.0&request=GetCapabilities"
}

15:21:30.996 [ForkJoinPool-2-worker-5] INFO  com.intuit.karate - [print] testing url:https://inspire.rivm.nl/sos/eaq/service?service=AQD&version=1.0.0&request=GetCapabilities
15:21:30.997 [ForkJoinPool-2-worker-5] DEBUG com.intuit.karate - request:
1 > HEAD https://inspire.rivm.nl/sos/eaq/service?service=AQD&version=1.0.0&request=GetCapabilities
1 > Accept-Encoding: gzip,deflate
1 > Connection: Keep-Alive
1 > Host: inspire.rivm.nl
1 > User-Agent: Apache-HttpClient/4.5.11 (Java/13.0.5)

15:21:31.024 [ForkJoinPool-2-worker-1] DEBUG com.intuit.karate - response time in milliseconds: 330.89
1 < 200
1 < Access-Control-Allow-Origin: *
1 < Content-Disposition: inline; filename=getcapabilities_1.3.0.xml
1 < Content-Type: text/xml
1 < Date: Mon, 26 Oct 2020 15:21:30 GMT
1 < Strict-Transport-Security: max-age=31536000; includeSubDomains
1 < X-Cnection: close

15:21:31.025 [ForkJoinPool-2-worker-1] ERROR com.intuit.karate - assertion failed: path: $['Content-Length'][0], actual: null, expected: '#notnull', reason: actual json-path does not exist
15:21:31.038 [pool-4-thread-3] INFO  com.intuit.karate.Runner - <<fail>> feature 46 of 367: tmp/junit17863174098671850733/Rijksinstituut-voor-Volksgezondheid-en-Milieu/Ziekenhuizen-in-Nederland--september-2013-/view/Ziekenhuizen-in-Nederland--september-2013---WMS-/checkViewUrl.feature
---------------------------------------------------------
feature: tmp/junit17863174098671850733/Rijksinstituut-voor-Volksgezondheid-en-Milieu/Ziekenhuizen-in-Nederland--september-2013-/view/Ziekenhuizen-in-Nederland--september-2013---WMS-/checkViewUrl.feature
report: target/surefire-reports/tmp.junit17863174098671850733.Rijksinstituut-voor-Volksgezondheid-en-Milieu.Ziekenhuizen-in-Nederland--september-2013-.view.Ziekenhuizen-in-Nederland--september-2013---WMS-.checkViewUrl.json
scenarios:  1 | passed:  0 | failed:  1 | time: 0.3406
---------------------------------------------------------
15:21:31.043 [ForkJoinPool-2-worker-1] INFO  com.intuit.karate - karate.env system property was:  
15:21:31.045 [ForkJoinPool-2-worker-1] INFO  com.intuit.karate - [print] {
  "class": "metadata.Service",
  "electronicMailAddress": "[geodata@rivm.nl, geodata@rivm.nl]",
  "metadataStandardVersion": "Nederlands metadata profiel op ISO 19119 voor services 2.0",
  "operatesOn": "http://www.nationaalgeoregister.nl/geonetwork/srv/dut/csw?service=CSW&request=GetRecordById&version=2.0.2&outputSchema=http://www.isotc211.org/2005/gmd&elementSetName=full&id=588a4cb1-b442-4ac1-87e4-40401e353166#MD_DataIdentification",
  "organisation": "Rijksinstituut voor Volksgezondheid en Milieu",
  "serviceIdentifierCode": "72f30ca1-3b80-4020-b9ed-301b1a88df39",
  "servicetype": "download",
  "title": "Jaarcijfers Landelijk Meetnet Luchtkwaliteit 2012 (WFS)",
  "url": "https://inspire.rivm.nl/geoserver/wfs?request=GetCapabilities"
}

15:21:31.049 [ForkJoinPool-2-worker-1] INFO  com.intuit.karate - [print] testing url:https://inspire.rivm.nl/geoserver/wfs?request=GetCapabilities
15:21:31.052 [ForkJoinPool-2-worker-1] DEBUG com.intuit.karate - request:
1 > HEAD https://inspire.rivm.nl/geoserver/wfs?request=GetCapabilities
1 > Accept-Encoding: gzip,deflate
1 > Connection: Keep-Alive
1 > Host: inspire.rivm.nl
1 > User-Agent: Apache-HttpClient/4.5.11 (Java/13.0.5)

15:21:31.251 [ForkJoinPool-2-worker-3] DEBUG com.intuit.karate - response time in milliseconds: 325.15
1 < 200
1 < Access-Control-Allow-Origin: *
1 < Content-Disposition: inline; filename=getcapabilities_1.3.0.xml
1 < Content-Type: text/xml
1 < Date: Mon, 26 Oct 2020 15:21:31 GMT
1 < Strict-Transport-Security: max-age=31536000; includeSubDomains
1 < X-Cnection: close

15:21:31.252 [ForkJoinPool-2-worker-3] ERROR com.intuit.karate - assertion failed: path: $['Content-Length'][0], actual: null, expected: '#notnull', reason: actual json-path does not exist
15:21:31.255 [pool-4-thread-1] INFO  com.intuit.karate.Runner - <<fail>> feature 49 of 367: tmp/junit17863174098671850733/Rijksinstituut-voor-Volksgezondheid-en-Milieu/Omgevingsdosisequivalenttempo-Nationaal-Meetnet-Radioactiviteit-2011/view/Omgevingsdosisequivalenttempo-Nationaal-Meetnet-Radioactiviteit-2011--WMS-/checkViewUrl.feature
---------------------------------------------------------
feature: tmp/junit17863174098671850733/Rijksinstituut-voor-Volksgezondheid-en-Milieu/Omgevingsdosisequivalenttempo-Nationaal-Meetnet-Radioactiviteit-2011/view/Omgevingsdosisequivalenttempo-Nationaal-Meetnet-Radioactiviteit-2011--WMS-/checkViewUrl.feature
report: target/surefire-reports/tmp.junit17863174098671850733.Rijksinstituut-voor-Volksgezondheid-en-Milieu.Omgevingsdosisequivalenttempo-Nationaal-Meetnet-Radioactiviteit-2011.view.Omgevingsdosisequivalenttempo-Nationaal-Meetnet-Radioactiviteit-2011--WMS-.checkViewUrl.json
scenarios:  1 | passed:  0 | failed:  1 | time: 0.3347
---------------------------------------------------------
15:21:31.261 [ForkJoinPool-2-worker-3] INFO  com.intuit.karate - karate.env system property was:  
15:21:31.268 [ForkJoinPool-2-worker-7] DEBUG com.intuit.karate - response time in milliseconds: 274.35
1 < 400
1 < Access-Control-Allow-Origin: *
1 < Content-Length: 971
1 < Content-Type: text/html;charset=utf-8
1 < Date: Mon, 26 Oct 2020 15:21:31 GMT
1 < Strict-Transport-Security: max-age=31536000; includeSubDomains
1 < X-Cnection: close

15:21:31.268 [ForkJoinPool-2-worker-7] ERROR com.intuit.karate - status code was: 400, expected: 200, response time: 274, url: https://inspire.rivm.nl/sos/eaq/service?service=AQD&version=1.0.0&request=GetCapabilities, response: 
15:21:31.270 [pool-4-thread-2] INFO  com.intuit.karate.Runner - <<fail>> feature 50 of 367: tmp/junit17863174098671850733/Rijksinstituut-voor-Volksgezondheid-en-Milieu/Gemeten-Fijn-stof-concentraties-in-buitenlucht-/download/Meetwaarden-van-Luchtkwaliteitsstations-in-Nederland-/checkdownloadurl.feature
---------------------------------------------------------
feature: tmp/junit17863174098671850733/Rijksinstituut-voor-Volksgezondheid-en-Milieu/Gemeten-Fijn-stof-concentraties-in-buitenlucht-/download/Meetwaarden-van-Luchtkwaliteitsstations-in-Nederland-/checkdownloadurl.feature
report: target/surefire-reports/tmp.junit17863174098671850733.Rijksinstituut-voor-Volksgezondheid-en-Milieu.Gemeten-Fijn-stof-concentraties-in-buitenlucht-.download.Meetwaarden-van-Luchtkwaliteitsstations-in-Nederland-.checkdownloadurl.json
scenarios:  1 | passed:  0 | failed:  1 | time: 0.2772
---------------------------------------------------------
15:21:31.272 [ForkJoinPool-2-worker-5] DEBUG com.intuit.karate - response time in milliseconds: 275.58
1 < 400
1 < Access-Control-Allow-Origin: *
1 < Content-Length: 971
1 < Content-Type: text/html;charset=utf-8
1 < Date: Mon, 26 Oct 2020 15:21:31 GMT
1 < Strict-Transport-Security: max-age=31536000; includeSubDomains
1 < X-Cnection: close

15:21:31.273 [ForkJoinPool-2-worker-5] ERROR com.intuit.karate - status code was: 400, expected: 200, response time: 276, url: https://inspire.rivm.nl/sos/eaq/service?service=AQD&version=1.0.0&request=GetCapabilities, response: 
15:21:31.275 [pool-4-thread-4] INFO  com.intuit.karate.Runner - <<fail>> feature 51 of 367: tmp/junit17863174098671850733/Rijksinstituut-voor-Volksgezondheid-en-Milieu/Gemeten-fijnere-fractie-van-Fijn-stof-concentraties-in-buitenlucht-/download/Meetwaarden-van-Luchtkwaliteitsstations-in-Nederland-/checkdownloadurl.feature
---------------------------------------------------------
feature: tmp/junit17863174098671850733/Rijksinstituut-voor-Volksgezondheid-en-Milieu/Gemeten-fijnere-fractie-van-Fijn-stof-concentraties-in-buitenlucht-/download/Meetwaarden-van-Luchtkwaliteitsstations-in-Nederland-/checkdownloadurl.feature
report: target/surefire-reports/tmp.junit17863174098671850733.Rijksinstituut-voor-Volksgezondheid-en-Milieu.Gemeten-fijnere-fractie-van-Fijn-stof-concentraties-in-buitenlucht-.download.Meetwaarden-van-Luchtkwaliteitsstations-in-Nederland-.checkdownloadurl.json
scenarios:  1 | passed:  0 | failed:  1 | time: 0.2783
---------------------------------------------------------
15:21:31.275 [ForkJoinPool-2-worker-7] INFO  com.intuit.karate - karate.env system property was:  
15:21:31.276 [ForkJoinPool-2-worker-7] INFO  com.intuit.karate - [print] {
  "class": "metadata.Service",
  "electronicMailAddress": "[data@hydro.nl, data@hydro.nl]",
  "metadataStandardVersion": "Nederlands metadata profiel op ISO 19119 voor services 2.0",
  "operatesOn": "https://www.nationaalgeoregister.nl/geonetwork/srv/dut/csw?Service=CSW&Request=GetRecordById&Version=2.0.2&id=a5241416-8401-4623-be61-57ef50447a41&outputSchema=http://www.isotc211.org/2005/gmd&elementSetName=full#MD_DataIdentification",
  "organisation": "Ministerie van Defensie, Koninklijke Marine, Dienst der Hydrografie",
  "serviceIdentifierCode": "0bb27a13-76f1-4374-8d44-76e937198e8d",
  "servicetype": "download",
  "title": "Maritieme grenzen - Noordzee - ATOM",
  "url": "https://inspire.caris.nl/atom/maritieme-grenzen-zones-noordzee-Maritieme-grenzen-Noordzee.gml"
}

15:21:31.277 [ForkJoinPool-2-worker-7] INFO  com.intuit.karate - [print] testing url:https://inspire.caris.nl/atom/maritieme-grenzen-zones-noordzee-Maritieme-grenzen-Noordzee.gml
15:21:31.278 [ForkJoinPool-2-worker-7] DEBUG com.intuit.karate - request:
1 > HEAD https://inspire.caris.nl/atom/maritieme-grenzen-zones-noordzee-Maritieme-grenzen-Noordzee.gml
1 > Accept-Encoding: gzip,deflate
1 > Connection: Keep-Alive
1 > Host: inspire.caris.nl
1 > User-Agent: Apache-HttpClient/4.5.11 (Java/13.0.5)

15:21:31.278 [ForkJoinPool-2-worker-5] INFO  com.intuit.karate - karate.env system property was:  
15:21:31.280 [ForkJoinPool-2-worker-3] INFO  com.intuit.karate - [print] {
  "class": "metadata.Service",
  "electronicMailAddress": "[geodata@rivm.nl, geodata@rivm.nl]",
  "metadataStandardVersion": "Nederlands metadata profiel op ISO 19119 voor services 2.0",
  "operatesOn": "http://www.nationaalgeoregister.nl/geonetwork/srv/dut/csw?service=CSW&request=GetRecordById&version=2.0.2&outputSchema=http://www.isotc211.org/2005/gmd&elementSetName=full&id=588a4cb1-b442-4ac1-87e4-40401e353166#MD_DataIdentification",
  "organisation": "Rijksinstituut voor Volksgezondheid en Milieu",
  "serviceIdentifierCode": "f61eec5c-cb91-40b6-ad35-9bca967006cc",
  "servicetype": "view",
  "title": "Jaarcijfers Landelijk Meetnet Luchtkwaliteit 2012 (WMS)",
  "url": "https://inspire.rivm.nl/geoserver/wms?request=GetCapabilities"
}

15:21:31.293 [ForkJoinPool-2-worker-3] INFO  com.intuit.karate - [print] testing url:https://inspire.rivm.nl/geoserver/wms?request=GetCapabilities
15:21:31.281 [ForkJoinPool-2-worker-5] INFO  com.intuit.karate - [print] {
  "class": "metadata.Service",
  "electronicMailAddress": "[data@hydro.nl, data@hydro.nl]",
  "metadataStandardVersion": "Nederlands metadata profiel op ISO 19119 voor services 2.0",
  "operatesOn": "https://www.nationaalgeoregister.nl/geonetwork/srv/dut/csw?Service=CSW&Request=GetRecordById&Version=2.0.2&id=a5241416-8401-4623-be61-57ef50447a41&outputSchema=http://www.isotc211.org/2005/gmd&elementSetName=full#MD_DataIdentification",
  "organisation": "Ministerie van Defensie, Koninklijke Marine, Dienst der Hydrografie",
  "serviceIdentifierCode": "5be1b57b-2cac-4119-92eb-700346543d47",
  "servicetype": "download",
  "title": "Maritieme grenzen - Noordzee - Downloadservice",
  "url": "https://inspire.caris.nl/geoserver/mu/wfs?request=GetCapabilities"
}

15:21:31.294 [ForkJoinPool-2-worker-5] INFO  com.intuit.karate - [print] testing url:https://inspire.caris.nl/geoserver/mu/wfs?request=GetCapabilities
15:21:31.295 [ForkJoinPool-2-worker-3] DEBUG com.intuit.karate - request:
1 > HEAD https://inspire.rivm.nl/geoserver/wms?request=GetCapabilities
1 > Accept-Encoding: gzip,deflate
1 > Connection: Keep-Alive
1 > Host: inspire.rivm.nl
1 > User-Agent: Apache-HttpClient/4.5.11 (Java/13.0.5)

15:21:31.295 [ForkJoinPool-2-worker-5] DEBUG com.intuit.karate - request:
1 > HEAD https://inspire.caris.nl/geoserver/mu/wfs?request=GetCapabilities
1 > Accept-Encoding: gzip,deflate
1 > Connection: Keep-Alive
1 > Host: inspire.caris.nl
1 > User-Agent: Apache-HttpClient/4.5.11 (Java/13.0.5)

15:21:31.334 [ForkJoinPool-2-worker-1] DEBUG com.intuit.karate - response time in milliseconds: 282.00
1 < 200
1 < Access-Control-Allow-Origin: *
1 < Content-Disposition: inline; filename=geoserver-GetCapabilities.application
1 < Content-Type: application/xml
1 < Date: Mon, 26 Oct 2020 15:21:31 GMT
1 < Strict-Transport-Security: max-age=31536000; includeSubDomains
1 < X-Cnection: close

15:21:31.334 [ForkJoinPool-2-worker-1] ERROR com.intuit.karate - assertion failed: path: $['Content-Length'][0], actual: null, expected: '#notnull', reason: actual json-path does not exist
15:21:31.337 [pool-4-thread-3] INFO  com.intuit.karate.Runner - <<fail>> feature 52 of 367: tmp/junit17863174098671850733/Rijksinstituut-voor-Volksgezondheid-en-Milieu/Jaarcijfers-Landelijk-Meetnet-Luchtkwaliteit-2012/download/Jaarcijfers-Landelijk-Meetnet-Luchtkwaliteit-2012--WFS-/checkdownloadurl.feature
---------------------------------------------------------
feature: tmp/junit17863174098671850733/Rijksinstituut-voor-Volksgezondheid-en-Milieu/Jaarcijfers-Landelijk-Meetnet-Luchtkwaliteit-2012/download/Jaarcijfers-Landelijk-Meetnet-Luchtkwaliteit-2012--WFS-/checkdownloadurl.feature
report: target/surefire-reports/tmp.junit17863174098671850733.Rijksinstituut-voor-Volksgezondheid-en-Milieu.Jaarcijfers-Landelijk-Meetnet-Luchtkwaliteit-2012.download.Jaarcijfers-Landelijk-Meetnet-Luchtkwaliteit-2012--WFS-.checkdownloadurl.json
scenarios:  1 | passed:  0 | failed:  1 | time: 0.2904
---------------------------------------------------------
15:21:31.341 [ForkJoinPool-2-worker-1] INFO  com.intuit.karate - karate.env system property was:  
15:21:31.343 [ForkJoinPool-2-worker-1] INFO  com.intuit.karate - [print] {
  "class": "metadata.Service",
  "electronicMailAddress": "[data@hydro.nl, hydro.servicedesk@mindef.nl]",
  "metadataStandardVersion": "Nederlands metadata profiel op ISO 19119 voor services 2.0",
  "operatesOn": "https://www.nationaalgeoregister.nl/geonetwork/srv/dut/csw?Service=CSW&Request=GetRecordById&Version=2.0.2&id=a5241416-8401-4623-be61-57ef50447a41&outputSchema=http://www.isotc211.org/2005/gmd&elementSetName=full#MD_DataIdentification",
  "organisation": "Ministerie van Defensie, Koninklijke Marine, Dienst der Hydrografie",
  "serviceIdentifierCode": "060d1139-c371-4c1e-9890-55999adfa4f9",
  "servicetype": "view",
  "title": "Maritieme grenzen - Noordzee - Viewservice",
  "url": "https://inspire.caris.nl/geoserver/auwms/wms?request=GetCapabilities"
}

15:21:31.344 [ForkJoinPool-2-worker-1] INFO  com.intuit.karate - [print] testing url:https://inspire.caris.nl/geoserver/auwms/wms?request=GetCapabilities
15:21:31.345 [ForkJoinPool-2-worker-1] DEBUG com.intuit.karate - request:
1 > HEAD https://inspire.caris.nl/geoserver/auwms/wms?request=GetCapabilities
1 > Accept-Encoding: gzip,deflate
1 > Connection: Keep-Alive
1 > Host: inspire.caris.nl
1 > User-Agent: Apache-HttpClient/4.5.11 (Java/13.0.5)

15:21:31.637 [ForkJoinPool-2-worker-3] DEBUG com.intuit.karate - response time in milliseconds: 339.97
1 < 200
1 < Access-Control-Allow-Origin: *
1 < Content-Disposition: inline; filename=getcapabilities_1.3.0.xml
1 < Content-Type: text/xml
1 < Date: Mon, 26 Oct 2020 15:21:31 GMT
1 < Strict-Transport-Security: max-age=31536000; includeSubDomains
1 < X-Cnection: close

15:21:31.638 [ForkJoinPool-2-worker-3] ERROR com.intuit.karate - assertion failed: path: $['Content-Length'][0], actual: null, expected: '#notnull', reason: actual json-path does not exist
15:21:31.641 [pool-4-thread-1] INFO  com.intuit.karate.Runner - <<fail>> feature 53 of 367: tmp/junit17863174098671850733/Rijksinstituut-voor-Volksgezondheid-en-Milieu/Jaarcijfers-Landelijk-Meetnet-Luchtkwaliteit-2012/view/Jaarcijfers-Landelijk-Meetnet-Luchtkwaliteit-2012--WMS-/checkViewUrl.feature
---------------------------------------------------------
feature: tmp/junit17863174098671850733/Rijksinstituut-voor-Volksgezondheid-en-Milieu/Jaarcijfers-Landelijk-Meetnet-Luchtkwaliteit-2012/view/Jaarcijfers-Landelijk-Meetnet-Luchtkwaliteit-2012--WMS-/checkViewUrl.feature
report: target/surefire-reports/tmp.junit17863174098671850733.Rijksinstituut-voor-Volksgezondheid-en-Milieu.Jaarcijfers-Landelijk-Meetnet-Luchtkwaliteit-2012.view.Jaarcijfers-Landelijk-Meetnet-Luchtkwaliteit-2012--WMS-.checkViewUrl.json
scenarios:  1 | passed:  0 | failed:  1 | time: 0.3694
---------------------------------------------------------
15:21:31.647 [ForkJoinPool-2-worker-3] INFO  com.intuit.karate - karate.env system property was:  
15:21:31.648 [ForkJoinPool-2-worker-3] INFO  com.intuit.karate - [print] {
  "class": "metadata.Service",
  "electronicMailAddress": "[data@hydro.nl, hydro.servicedesk@mindef.nl]",
  "metadataStandardVersion": "Nederlands metadata profiel op ISO 19119 voor services 2.0",
  "operatesOn": "https://www.nationaalgeoregister.nl:443/geonetwork/srv/dut/csw?service=CSW&request=GetRecordById&version=2.0.2&outputSchema=http://www.isotc211.org/2005/gmd&elementSetName=full&id=bb11be63-bd38-4632-bf54-df44c423a529#MD_DataIdentification",
  "organisation": "Ministerie van Defensie, Koninklijke Marine, Dienst der Hydrografie",
  "serviceIdentifierCode": "7c664a91-1aa2-4923-9d17-6a43e4075f47",
  "servicetype": "download",
  "title": "Territoriale Zee volgens UNCLOS - Noordzee - ATOM",
  "url": "https://inspire.caris.nl/atom/maritieme-grenzen-zones-noordzee-Territoriale-Zee-Noordzee-feed.atom"
}

15:21:31.650 [ForkJoinPool-2-worker-3] INFO  com.intuit.karate - [print] testing url:https://inspire.caris.nl/atom/maritieme-grenzen-zones-noordzee-Territoriale-Zee-Noordzee-feed.atom
15:21:31.652 [ForkJoinPool-2-worker-3] DEBUG com.intuit.karate - request:
1 > HEAD https://inspire.caris.nl/atom/maritieme-grenzen-zones-noordzee-Territoriale-Zee-Noordzee-feed.atom
1 > Accept-Encoding: gzip,deflate
1 > Connection: Keep-Alive
1 > Host: inspire.caris.nl
1 > User-Agent: Apache-HttpClient/4.5.11 (Java/13.0.5)

15:21:31.681 [ForkJoinPool-2-worker-5] DEBUG com.intuit.karate - response time in milliseconds: 384.02
1 < 200
1 < Cache-Control: max-age=0, must-revalidate
1 < Connection: keep-alive
1 < Content-Disposition: inline; filename=geoserver-GetCapabilities.application
1 < Content-Encoding: gzip
1 < Content-Type: application/xml
1 < Date: Mon, 26 Oct 2020 15:21:31 GMT
1 < Server: nginx
1 < X-Frame-Options: SAMEORIGIN

15:21:31.682 [ForkJoinPool-2-worker-5] ERROR com.intuit.karate - assertion failed: path: $['Content-Length'][0], actual: null, expected: '#notnull', reason: actual json-path does not exist
15:21:31.684 [ForkJoinPool-2-worker-7] DEBUG com.intuit.karate - response time in milliseconds: 404.50
1 < 200
1 < Accept-Ranges: bytes
1 < Connection: keep-alive
1 < Content-Length: 7237
1 < Content-Type: application/gml+xml
1 < Date: Mon, 26 Oct 2020 15:21:31 GMT
1 < ETag: W/"7237-1567686126534"
1 < Last-Modified: Thu, 05 Sep 2019 12:22:06 GMT
1 < Server: nginx

15:21:31.685 [ForkJoinPool-2-worker-7] ERROR com.intuit.karate - assertion failed: path: $['Content-Type'][0], actual: 'application/gml+xml', expected: 'text/xml', reason: not equal
15:21:31.687 [pool-4-thread-4] INFO  com.intuit.karate.Runner - <<fail>> feature 55 of 367: tmp/junit17863174098671850733/Ministerie-van-Defensie--Koninklijke-Marine--Dienst-der-Hydrografie/Maritieme-grenzen---Noordzee/download/Maritieme-grenzen---Noordzee---Downloadservice/checkdownloadurl.feature
---------------------------------------------------------
feature: tmp/junit17863174098671850733/Ministerie-van-Defensie--Koninklijke-Marine--Dienst-der-Hydrografie/Maritieme-grenzen---Noordzee/download/Maritieme-grenzen---Noordzee---Downloadservice/checkdownloadurl.feature
report: target/surefire-reports/tmp.junit17863174098671850733.Ministerie-van-Defensie--Koninklijke-Marine--Dienst-der-Hydrografie.Maritieme-grenzen---Noordzee.download.Maritieme-grenzen---Noordzee---Downloadservice.checkdownloadurl.json
scenarios:  1 | passed:  0 | failed:  1 | time: 0.4025
---------------------------------------------------------
15:21:31.690 [pool-4-thread-2] INFO  com.intuit.karate.Runner - <<fail>> feature 54 of 367: tmp/junit17863174098671850733/Ministerie-van-Defensie--Koninklijke-Marine--Dienst-der-Hydrografie/Maritieme-grenzen---Noordzee/download/Maritieme-grenzen---Noordzee---ATOM/checkdownloadurl.feature
---------------------------------------------------------
feature: tmp/junit17863174098671850733/Ministerie-van-Defensie--Koninklijke-Marine--Dienst-der-Hydrografie/Maritieme-grenzen---Noordzee/download/Maritieme-grenzen---Noordzee---ATOM/checkdownloadurl.feature
report: target/surefire-reports/tmp.junit17863174098671850733.Ministerie-van-Defensie--Koninklijke-Marine--Dienst-der-Hydrografie.Maritieme-grenzen---Noordzee.download.Maritieme-grenzen---Noordzee---ATOM.checkdownloadurl.json
scenarios:  1 | passed:  0 | failed:  1 | time: 0.4097
---------------------------------------------------------
15:21:31.693 [ForkJoinPool-2-worker-1] DEBUG com.intuit.karate - response time in milliseconds: 340.46
1 < 200
1 < Cache-Control: max-age=0, must-revalidate
1 < Connection: keep-alive
1 < Content-Disposition: inline; filename=getcapabilities_1.3.0.xml
1 < Content-Encoding: gzip
1 < Content-Type: text/xml; charset=utf-8
1 < Date: Mon, 26 Oct 2020 15:21:31 GMT
1 < Server: nginx
1 < X-Frame-Options: SAMEORIGIN

15:21:31.693 [ForkJoinPool-2-worker-1] ERROR com.intuit.karate - assertion failed: path: $['Content-Length'][0], actual: null, expected: '#notnull', reason: actual json-path does not exist
15:21:31.695 [pool-4-thread-3] INFO  com.intuit.karate.Runner - <<fail>> feature 56 of 367: tmp/junit17863174098671850733/Ministerie-van-Defensie--Koninklijke-Marine--Dienst-der-Hydrografie/Maritieme-grenzen---Noordzee/view/Maritieme-grenzen---Noordzee---Viewservice/checkViewUrl.feature
---------------------------------------------------------
feature: tmp/junit17863174098671850733/Ministerie-van-Defensie--Koninklijke-Marine--Dienst-der-Hydrografie/Maritieme-grenzen---Noordzee/view/Maritieme-grenzen---Noordzee---Viewservice/checkViewUrl.feature
report: target/surefire-reports/tmp.junit17863174098671850733.Ministerie-van-Defensie--Koninklijke-Marine--Dienst-der-Hydrografie.Maritieme-grenzen---Noordzee.view.Maritieme-grenzen---Noordzee---Viewservice.checkViewUrl.json
scenarios:  1 | passed:  0 | failed:  1 | time: 0.3514
---------------------------------------------------------
15:21:31.717 [ForkJoinPool-2-worker-1] INFO  com.intuit.karate - karate.env system property was:  
15:21:31.717 [ForkJoinPool-2-worker-7] INFO  com.intuit.karate - karate.env system property was:  
15:21:31.719 [ForkJoinPool-2-worker-7] INFO  com.intuit.karate - [print] {
  "class": "metadata.Service",
  "electronicMailAddress": "[data@hydro.nl, hydro.servicedesk@mindef.nl]",
  "metadataStandardVersion": "Nederlands metadata profiel op ISO 19119 voor services 2.0",
  "operatesOn": "https://www.nationaalgeoregister.nl:443/geonetwork/srv/dut/csw?service=CSW&request=GetRecordById&version=2.0.2&outputSchema=http://www.isotc211.org/2005/gmd&elementSetName=full&id=4cda487b-c467-490c-a843-6563fec016be#MD_DataIdentification",
  "organisation": "Ministerie van Defensie, Koninklijke Marine, Dienst der Hydrografie",
  "serviceIdentifierCode": "2d1860f2-f8ba-457e-bd64-93cdabd69aee",
  "servicetype": "view",
  "title": "Aansluitende Zone volgens UNCLOS - Noordzee - Viewservice",
  "url": "https://inspire.caris.nl/geoserver/auwms/wms?request=GetCapabilities&service=WMS&version=1.3.0"
}

15:21:31.720 [ForkJoinPool-2-worker-5] INFO  com.intuit.karate - karate.env system property was:  
15:21:31.721 [ForkJoinPool-2-worker-7] INFO  com.intuit.karate - [print] testing url:https://inspire.caris.nl/geoserver/auwms/wms?request=GetCapabilities&service=WMS&version=1.3.0
15:21:31.724 [ForkJoinPool-2-worker-7] DEBUG com.intuit.karate - request:
1 > HEAD https://inspire.caris.nl/geoserver/auwms/wms?request=GetCapabilities&service=WMS&version=1.3.0
1 > Accept-Encoding: gzip,deflate
1 > Connection: Keep-Alive
1 > Host: inspire.caris.nl
1 > User-Agent: Apache-HttpClient/4.5.11 (Java/13.0.5)

15:21:31.721 [ForkJoinPool-2-worker-1] INFO  com.intuit.karate - [print] {
  "class": "metadata.Service",
  "electronicMailAddress": "[data@hydro.nl, hydro.servicedesk@mindef.nl]",
  "metadataStandardVersion": "Nederlands metadata profiel op ISO 19119 voor services 2.0",
  "operatesOn": "https://www.nationaalgeoregister.nl:443/geonetwork/srv/dut/csw?service=CSW&request=GetRecordById&version=2.0.2&outputSchema=http://www.isotc211.org/2005/gmd&elementSetName=full&id=34e95842-4e4e-46de-9198-79e8cd4d30dc#MD_DataIdentification",
  "organisation": "Ministerie van Defensie, Koninklijke Marine, Dienst der Hydrografie",
  "serviceIdentifierCode": "ca71572f-a498-4ca6-aa60-d4c4c4d59e2e",
  "servicetype": "view",
  "title": "Geografische Namen (Nat) - Nederland - Viewservice",
  "url": "https://inspire.caris.nl/geoserver/gnwms/wms?request=GetCapabilities"
}

15:21:31.726 [ForkJoinPool-2-worker-5] INFO  com.intuit.karate - [print] {
  "class": "metadata.Service",
  "electronicMailAddress": "[data@hydro.nl, hydro.servicedesk@mindef.nl]",
  "metadataStandardVersion": "Nederlands metadata profiel op ISO 19119 voor services 2.0",
  "operatesOn": "https://www.nationaalgeoregister.nl:443/geonetwork/srv/dut/csw?service=CSW&request=GetRecordById&version=2.0.2&outputSchema=http://www.isotc211.org/2005/gmd&elementSetName=full&id=4cda487b-c467-490c-a843-6563fec016be#MD_DataIdentification",
  "organisation": "Ministerie van Defensie, Koninklijke Marine, Dienst der Hydrografie",
  "serviceIdentifierCode": "efb5222c-112a-4c57-9bbf-f2af918cb9b5",
  "servicetype": "download",
  "title": "Aansluitende Zone volgens UNCLOS - Noordzee - ATOM",
  "url": "https://inspire.caris.nl/atom/maritieme-grenzen-zones-noordzee-aansluitende-zone-feed.atom"
}

15:21:31.726 [ForkJoinPool-2-worker-5] INFO  com.intuit.karate - [print] testing url:https://inspire.caris.nl/atom/maritieme-grenzen-zones-noordzee-aansluitende-zone-feed.atom
15:21:31.727 [ForkJoinPool-2-worker-5] DEBUG com.intuit.karate - request:
1 > HEAD https://inspire.caris.nl/atom/maritieme-grenzen-zones-noordzee-aansluitende-zone-feed.atom
1 > Accept-Encoding: gzip,deflate
1 > Connection: Keep-Alive
1 > Host: inspire.caris.nl
1 > User-Agent: Apache-HttpClient/4.5.11 (Java/13.0.5)

15:21:31.729 [ForkJoinPool-2-worker-1] INFO  com.intuit.karate - [print] testing url:https://inspire.caris.nl/geoserver/gnwms/wms?request=GetCapabilities
15:21:31.735 [ForkJoinPool-2-worker-1] DEBUG com.intuit.karate - request:
1 > HEAD https://inspire.caris.nl/geoserver/gnwms/wms?request=GetCapabilities
1 > Accept-Encoding: gzip,deflate
1 > Connection: Keep-Alive
1 > Host: inspire.caris.nl
1 > User-Agent: Apache-HttpClient/4.5.11 (Java/13.0.5)

15:21:31.956 [ForkJoinPool-2-worker-3] DEBUG com.intuit.karate - response time in milliseconds: 299.46
1 < 200
1 < Accept-Ranges: bytes
1 < Connection: keep-alive
1 < Content-Length: 1340
1 < Content-Type: application/atom+xml
1 < Date: Mon, 26 Oct 2020 15:21:31 GMT
1 < ETag: W/"1340-1567686960659"
1 < Last-Modified: Thu, 05 Sep 2019 12:36:00 GMT
1 < Server: nginx

15:21:31.963 [ForkJoinPool-2-worker-3] ERROR com.intuit.karate - assertion failed: path: $['Content-Type'][0], actual: 'application/atom+xml', expected: 'text/xml', reason: not equal
15:21:31.966 [pool-4-thread-1] INFO  com.intuit.karate.Runner - <<fail>> feature 57 of 367: tmp/junit17863174098671850733/Ministerie-van-Defensie--Koninklijke-Marine--Dienst-der-Hydrografie/Territoriale-Zee-volgens-UNCLOS---Noordzee/download/Territoriale-Zee-volgens-UNCLOS---Noordzee---ATOM/checkdownloadurl.feature
---------------------------------------------------------
feature: tmp/junit17863174098671850733/Ministerie-van-Defensie--Koninklijke-Marine--Dienst-der-Hydrografie/Territoriale-Zee-volgens-UNCLOS---Noordzee/download/Territoriale-Zee-volgens-UNCLOS---Noordzee---ATOM/checkdownloadurl.feature
report: target/surefire-reports/tmp.junit17863174098671850733.Ministerie-van-Defensie--Koninklijke-Marine--Dienst-der-Hydrografie.Territoriale-Zee-volgens-UNCLOS---Noordzee.download.Territoriale-Zee-volgens-UNCLOS---Noordzee---ATOM.checkdownloadurl.json
scenarios:  1 | passed:  0 | failed:  1 | time: 0.3160
---------------------------------------------------------
15:21:31.976 [ForkJoinPool-2-worker-3] INFO  com.intuit.karate - karate.env system property was:  
15:21:31.979 [ForkJoinPool-2-worker-3] INFO  com.intuit.karate - [print] {
  "class": "metadata.Service",
  "electronicMailAddress": "[data@hydro.nl, hydro.servicedesk@mindef.nl]",
  "metadataStandardVersion": "Nederlands metadata profiel op ISO 19119 voor services 2.0",
  "operatesOn": "https://www.nationaalgeoregister.nl/geonetwork/srv/dut/csw?Service=CSW&Request=GetRecordById&Version=2.0.2&id=be6551de-a709-4c6d-a5e2-f63f0cf038ba&outputSchema=http://www.isotc211.org/2005/gmd&elementSetName=full#MD_DataIdentification",
  "organisation": "Ministerie van Defensie, Koninklijke Marine, Dienst der Hydrografie",
  "serviceIdentifierCode": "1ff0035a-acc0-4a67-a76c-3b79646b4eef",
  "servicetype": "view",
  "title": "Amplitude van het getij op de Noordzee Viewservice",
  "url": "https://inspire.caris.nl/server/services/ows/view/map/amplitude-getij_IVS?request=GetCapabilities&service=WMS&version=1.3.0"
}

15:21:31.983 [ForkJoinPool-2-worker-3] INFO  com.intuit.karate - [print] testing url:https://inspire.caris.nl/server/services/ows/view/map/amplitude-getij_IVS?request=GetCapabilities&service=WMS&version=1.3.0
15:21:31.985 [ForkJoinPool-2-worker-3] DEBUG com.intuit.karate - request:
1 > HEAD https://inspire.caris.nl/server/services/ows/view/map/amplitude-getij_IVS?request=GetCapabilities&service=WMS&version=1.3.0
1 > Accept-Encoding: gzip,deflate
1 > Connection: Keep-Alive
1 > Host: inspire.caris.nl
1 > User-Agent: Apache-HttpClient/4.5.11 (Java/13.0.5)

15:21:32.039 [ForkJoinPool-2-worker-7] DEBUG com.intuit.karate - response time in milliseconds: 309.79
1 < 200
1 < Cache-Control: max-age=0, must-revalidate
1 < Connection: keep-alive
1 < Content-Disposition: inline; filename=getcapabilities_1.3.0.xml
1 < Content-Encoding: gzip
1 < Content-Type: text/xml; charset=utf-8
1 < Date: Mon, 26 Oct 2020 15:21:31 GMT
1 < Server: nginx
1 < X-Frame-Options: SAMEORIGIN

15:21:32.040 [ForkJoinPool-2-worker-7] ERROR com.intuit.karate - assertion failed: path: $['Content-Length'][0], actual: null, expected: '#notnull', reason: actual json-path does not exist
15:21:32.042 [pool-4-thread-2] INFO  com.intuit.karate.Runner - <<fail>> feature 59 of 367: tmp/junit17863174098671850733/Ministerie-van-Defensie--Koninklijke-Marine--Dienst-der-Hydrografie/Aansluitende-zone-volgens-UNCLOS---Noordzee/view/Aansluitende-Zone-volgens-UNCLOS---Noordzee---Viewservice/checkViewUrl.feature
---------------------------------------------------------
feature: tmp/junit17863174098671850733/Ministerie-van-Defensie--Koninklijke-Marine--Dienst-der-Hydrografie/Aansluitende-zone-volgens-UNCLOS---Noordzee/view/Aansluitende-Zone-volgens-UNCLOS---Noordzee---Viewservice/checkViewUrl.feature
report: target/surefire-reports/tmp.junit17863174098671850733.Ministerie-van-Defensie--Koninklijke-Marine--Dienst-der-Hydrografie.Aansluitende-zone-volgens-UNCLOS---Noordzee.view.Aansluitende-Zone-volgens-UNCLOS---Noordzee---Viewservice.checkViewUrl.json
scenarios:  1 | passed:  0 | failed:  1 | time: 0.3218
---------------------------------------------------------
15:21:32.045 [ForkJoinPool-2-worker-1] DEBUG com.intuit.karate - response time in milliseconds: 310.70
1 < 200
1 < Cache-Control: max-age=0, must-revalidate
1 < Connection: keep-alive
1 < Content-Disposition: inline; filename=getcapabilities_1.3.0.xml
1 < Content-Encoding: gzip
1 < Content-Type: text/xml; charset=utf-8
1 < Date: Mon, 26 Oct 2020 15:21:32 GMT
1 < Server: nginx
1 < X-Frame-Options: SAMEORIGIN

15:21:32.047 [ForkJoinPool-2-worker-1] ERROR com.intuit.karate - assertion failed: path: $['Content-Length'][0], actual: null, expected: '#notnull', reason: actual json-path does not exist
15:21:32.047 [ForkJoinPool-2-worker-5] DEBUG com.intuit.karate - response time in milliseconds: 316.98
1 < 200
1 < Accept-Ranges: bytes
1 < Connection: keep-alive
1 < Content-Length: 1309
1 < Content-Type: application/atom+xml
1 < Date: Mon, 26 Oct 2020 15:21:32 GMT
1 < ETag: W/"1309-1567684571800"
1 < Last-Modified: Thu, 05 Sep 2019 11:56:11 GMT
1 < Server: nginx

15:21:32.049 [ForkJoinPool-2-worker-5] ERROR com.intuit.karate - assertion failed: path: $['Content-Type'][0], actual: 'application/atom+xml', expected: 'text/xml', reason: not equal
15:21:32.050 [pool-4-thread-3] INFO  com.intuit.karate.Runner - <<fail>> feature 60 of 367: tmp/junit17863174098671850733/Ministerie-van-Defensie--Koninklijke-Marine--Dienst-der-Hydrografie/Geografische-Namen--Nat----Nederland/view/Geografische-Namen--Nat----Nederland---Viewservice/checkViewUrl.feature
---------------------------------------------------------
feature: tmp/junit17863174098671850733/Ministerie-van-Defensie--Koninklijke-Marine--Dienst-der-Hydrografie/Geografische-Namen--Nat----Nederland/view/Geografische-Namen--Nat----Nederland---Viewservice/checkViewUrl.feature
report: target/surefire-reports/tmp.junit17863174098671850733.Ministerie-van-Defensie--Koninklijke-Marine--Dienst-der-Hydrografie.Geografische-Namen--Nat----Nederland.view.Geografische-Namen--Nat----Nederland---Viewservice.checkViewUrl.json
scenarios:  1 | passed:  0 | failed:  1 | time: 0.3293
---------------------------------------------------------
15:21:32.051 [pool-4-thread-4] INFO  com.intuit.karate.Runner - <<fail>> feature 58 of 367: tmp/junit17863174098671850733/Ministerie-van-Defensie--Koninklijke-Marine--Dienst-der-Hydrografie/Aansluitende-zone-volgens-UNCLOS---Noordzee/download/Aansluitende-Zone-volgens-UNCLOS---Noordzee---ATOM/checkdownloadurl.feature
---------------------------------------------------------
feature: tmp/junit17863174098671850733/Ministerie-van-Defensie--Koninklijke-Marine--Dienst-der-Hydrografie/Aansluitende-zone-volgens-UNCLOS---Noordzee/download/Aansluitende-Zone-volgens-UNCLOS---Noordzee---ATOM/checkdownloadurl.feature
report: target/surefire-reports/tmp.junit17863174098671850733.Ministerie-van-Defensie--Koninklijke-Marine--Dienst-der-Hydrografie.Aansluitende-zone-volgens-UNCLOS---Noordzee.download.Aansluitende-Zone-volgens-UNCLOS---Noordzee---ATOM.checkdownloadurl.json
scenarios:  1 | passed:  0 | failed:  1 | time: 0.3279
---------------------------------------------------------
15:21:32.055 [ForkJoinPool-2-worker-1] INFO  com.intuit.karate - karate.env system property was:  
15:21:32.064 [ForkJoinPool-2-worker-1] INFO  com.intuit.karate - [print] {
  "class": "metadata.Service",
  "electronicMailAddress": "[data@hydro.nl, hydro.servicedesk@mindef.nl]",
  "metadataStandardVersion": "Nederlands metadata profiel op ISO 19119 voor services 2.0",
  "operatesOn": "https://www.nationaalgeoregister.nl/geonetwork/srv/dut/csw?Service=CSW&Request=GetRecordById&Version=2.0.2&id=1249746f-c2a6-4639-98f2-251676b3528e&outputSchema=http://www.isotc211.org/2005/gmd&elementSetName=full#MD_DataIdentification",
  "organisation": "Ministerie van Defensie, Koninklijke Marine, Dienst der Hydrografie",
  "serviceIdentifierCode": "97b49056-8ace-426c-ae3e-bf7efe4c000f",
  "servicetype": "view",
  "title": "Maritieme grenzen - basislijn Noordzee - Viewservice",
  "url": "https://inspire.caris.nl/geoserver/auwms/wms?request=GetCapabilities"
}

15:21:32.063 [ForkJoinPool-2-worker-5] INFO  com.intuit.karate - karate.env system property was:  
15:21:32.065 [ForkJoinPool-2-worker-7] INFO  com.intuit.karate - karate.env system property was:  
15:21:32.072 [ForkJoinPool-2-worker-5] INFO  com.intuit.karate - [print] {
  "class": "metadata.Service",
  "electronicMailAddress": "[data@hydro.nl, hydro.servicedesk@mindef.nl]",
  "metadataStandardVersion": "Nederlands metadata profiel op ISO 19119 voor services 2.0",
  "operatesOn": "https://www.nationaalgeoregister.nl/geonetwork/srv/dut/csw?Service=CSW&Request=GetRecordById&Version=2.0.2&id=1249746f-c2a6-4639-98f2-251676b3528e&outputSchema=http://www.isotc211.org/2005/gmd&elementSetName=full#MD_DataIdentification",
  "organisation": "Ministerie van Defensie, Koninklijke Marine, Dienst der Hydrografie",
  "serviceIdentifierCode": "5f0c583a-101e-45ea-b684-a056713cf811",
  "servicetype": "download",
  "title": "Maritieme grenzen - Basislijn Noordzee - ATOM",
  "url": "https://inspire.caris.nl/atom/maritieme-grenzen-zones-noordzee-baseline-feed.atom"
}

15:21:32.072 [ForkJoinPool-2-worker-7] INFO  com.intuit.karate - [print] {
  "class": "metadata.Service",
  "electronicMailAddress": "[data@hydro.nl, hydro.servicedesk@mindef.nl]",
  "metadataStandardVersion": "Nederlands metadata profiel op ISO 19119 voor services 2.0",
  "operatesOn": "https://www.nationaalgeoregister.nl/geonetwork/srv/dut/csw?Service=CSW&Request=GetRecordById&Version=2.0.2&id=be6551de-a709-4c6d-a5e2-f63f0cf038ba&outputSchema=http://www.isotc211.org/2005/gmd&elementSetName=full#MD_DataIdentification",
  "organisation": "Ministerie van Defensie, Koninklijke Marine, Dienst der Hydrografie",
  "serviceIdentifierCode": "49a53bc1-dd76-417f-b9af-066901ddfec0",
  "servicetype": "view",
  "title": "Amplitude van het getij op de Noordzee Downloadservice",
  "url": "https://inspire.caris.nl/server/services/ows/download/feature/amplitude-getij_IDS?request=GetCapabilities&service=WFS&version=2.0.0"
}

15:21:32.072 [ForkJoinPool-2-worker-5] INFO  com.intuit.karate - [print] testing url:https://inspire.caris.nl/atom/maritieme-grenzen-zones-noordzee-baseline-feed.atom
15:21:32.072 [ForkJoinPool-2-worker-7] INFO  com.intuit.karate - [print] testing url:https://inspire.caris.nl/server/services/ows/download/feature/amplitude-getij_IDS?request=GetCapabilities&service=WFS&version=2.0.0
15:21:32.074 [ForkJoinPool-2-worker-5] DEBUG com.intuit.karate - request:
1 > HEAD https://inspire.caris.nl/atom/maritieme-grenzen-zones-noordzee-baseline-feed.atom
1 > Accept-Encoding: gzip,deflate
1 > Connection: Keep-Alive
1 > Host: inspire.caris.nl
1 > User-Agent: Apache-HttpClient/4.5.11 (Java/13.0.5)

15:21:32.073 [ForkJoinPool-2-worker-1] INFO  com.intuit.karate - [print] testing url:https://inspire.caris.nl/geoserver/auwms/wms?request=GetCapabilities
15:21:32.074 [ForkJoinPool-2-worker-7] DEBUG com.intuit.karate - request:
1 > HEAD https://inspire.caris.nl/server/services/ows/download/feature/amplitude-getij_IDS?request=GetCapabilities&service=WFS&version=2.0.0
1 > Accept-Encoding: gzip,deflate
1 > Connection: Keep-Alive
1 > Host: inspire.caris.nl
1 > User-Agent: Apache-HttpClient/4.5.11 (Java/13.0.5)

15:21:32.077 [ForkJoinPool-2-worker-1] DEBUG com.intuit.karate - request:
1 > HEAD https://inspire.caris.nl/geoserver/auwms/wms?request=GetCapabilities
1 > Accept-Encoding: gzip,deflate
1 > Connection: Keep-Alive
1 > Host: inspire.caris.nl
1 > User-Agent: Apache-HttpClient/4.5.11 (Java/13.0.5)

15:21:32.300 [ForkJoinPool-2-worker-3] DEBUG com.intuit.karate - response time in milliseconds: 315.25
1 < 503
1 < Connection: keep-alive
1 < Content-Language: en
1 < Content-Length: 1075
1 < Content-Type: text/html;charset=utf-8
1 < Date: Mon, 26 Oct 2020 15:21:32 GMT
1 < Server: nginx
1 < X-Content-Type-Options: nosniff
1 < X-Frame-Options: DENY
1 < X-XSS-Protection: 1; mode=block

15:21:32.301 [ForkJoinPool-2-worker-3] ERROR com.intuit.karate - status code was: 503, expected: 200, response time: 315, url: https://inspire.caris.nl/server/services/ows/view/map/amplitude-getij_IVS?request=GetCapabilities&service=WMS&version=1.3.0, response: 
15:21:32.302 [pool-4-thread-1] INFO  com.intuit.karate.Runner - <<fail>> feature 61 of 367: tmp/junit17863174098671850733/Ministerie-van-Defensie--Koninklijke-Marine--Dienst-der-Hydrografie/Amplitude-van-het-getij-op-de-Noordzee/view/Amplitude-van-het-getij-op-de-Noordzee-Viewservice/checkViewUrl.feature
---------------------------------------------------------
feature: tmp/junit17863174098671850733/Ministerie-van-Defensie--Koninklijke-Marine--Dienst-der-Hydrografie/Amplitude-van-het-getij-op-de-Noordzee/view/Amplitude-van-het-getij-op-de-Noordzee-Viewservice/checkViewUrl.feature
report: target/surefire-reports/tmp.junit17863174098671850733.Ministerie-van-Defensie--Koninklijke-Marine--Dienst-der-Hydrografie.Amplitude-van-het-getij-op-de-Noordzee.view.Amplitude-van-het-getij-op-de-Noordzee-Viewservice.checkViewUrl.json
scenarios:  1 | passed:  0 | failed:  1 | time: 0.3223
---------------------------------------------------------
15:21:32.307 [ForkJoinPool-2-worker-3] INFO  com.intuit.karate - karate.env system property was:  
15:21:32.309 [ForkJoinPool-2-worker-3] INFO  com.intuit.karate - [print] {
  "class": "metadata.Service",
  "electronicMailAddress": "[data@hydro.nl, hydro.servicedesk@mindef.nl]",
  "metadataStandardVersion": "Nederlands metadata profiel op ISO 19119 voor services 2.0",
  "operatesOn": "https://www.nationaalgeoregister.nl:443/geonetwork/srv/dut/csw?service=CSW&request=GetRecordById&version=2.0.2&outputSchema=http://www.isotc211.org/2005/gmd&elementSetName=full&id=c2225e5d-b46f-4e38-8445-ab10fd40c0dc#MD_DataIdentification",
  "organisation": "Ministerie van Defensie, Koninklijke Marine, Dienst der Hydrografie",
  "serviceIdentifierCode": "a4c5aa6c-6c7f-45d7-9799-011edd83d9c2",
  "servicetype": "download",
  "title": "Blokindeling van het Nederlands Continentaal Plat-Downloadservice volgens de Mijnbouwwet en Grensgebied volgens de Aanvullende Overeenkomst bij het Eems-Dollardverdrag",
  "url": "https://inspire.caris.nl/gs5/ProspectingAndMiningPermitArea/ows?service=WFS&version=2.0.0&request=GetCapabilities"
}

15:21:32.311 [ForkJoinPool-2-worker-3] INFO  com.intuit.karate - [print] testing url:https://inspire.caris.nl/gs5/ProspectingAndMiningPermitArea/ows?service=WFS&version=2.0.0&request=GetCapabilities
15:21:32.313 [ForkJoinPool-2-worker-3] DEBUG com.intuit.karate - request:
1 > HEAD https://inspire.caris.nl/gs5/ProspectingAndMiningPermitArea/ows?service=WFS&version=2.0.0&request=GetCapabilities
1 > Accept-Encoding: gzip,deflate
1 > Connection: Keep-Alive
1 > Host: inspire.caris.nl
1 > User-Agent: Apache-HttpClient/4.5.11 (Java/13.0.5)

15:21:32.385 [ForkJoinPool-2-worker-1] DEBUG com.intuit.karate - response time in milliseconds: 307.88
1 < 200
1 < Cache-Control: max-age=0, must-revalidate
1 < Connection: keep-alive
1 < Content-Disposition: inline; filename=getcapabilities_1.3.0.xml
1 < Content-Encoding: gzip
1 < Content-Type: text/xml; charset=utf-8
1 < Date: Mon, 26 Oct 2020 15:21:32 GMT
1 < Server: nginx
1 < X-Frame-Options: SAMEORIGIN

15:21:32.386 [ForkJoinPool-2-worker-7] DEBUG com.intuit.karate - response time in milliseconds: 308.83
1 < 503
1 < Connection: keep-alive
1 < Content-Language: en
1 < Content-Length: 1075
1 < Content-Type: text/html;charset=utf-8
1 < Date: Mon, 26 Oct 2020 15:21:32 GMT
1 < Server: nginx
1 < X-Content-Type-Options: nosniff
1 < X-Frame-Options: DENY
1 < X-XSS-Protection: 1; mode=block

15:21:32.386 [ForkJoinPool-2-worker-7] ERROR com.intuit.karate - status code was: 503, expected: 200, response time: 309, url: https://inspire.caris.nl/server/services/ows/download/feature/amplitude-getij_IDS?request=GetCapabilities&service=WFS&version=2.0.0, response: 
15:21:32.386 [ForkJoinPool-2-worker-1] ERROR com.intuit.karate - assertion failed: path: $['Content-Length'][0], actual: null, expected: '#notnull', reason: actual json-path does not exist
15:21:32.395 [pool-4-thread-4] INFO  com.intuit.karate.Runner - <<fail>> feature 64 of 367: tmp/junit17863174098671850733/Ministerie-van-Defensie--Koninklijke-Marine--Dienst-der-Hydrografie/Maritieme-grenzen---basislijn-Noordzee/view/Maritieme-grenzen---basislijn-Noordzee---Viewservice/checkViewUrl.feature
---------------------------------------------------------
feature: tmp/junit17863174098671850733/Ministerie-van-Defensie--Koninklijke-Marine--Dienst-der-Hydrografie/Maritieme-grenzen---basislijn-Noordzee/view/Maritieme-grenzen---basislijn-Noordzee---Viewservice/checkViewUrl.feature
report: target/surefire-reports/tmp.junit17863174098671850733.Ministerie-van-Defensie--Koninklijke-Marine--Dienst-der-Hydrografie.Maritieme-grenzen---basislijn-Noordzee.view.Maritieme-grenzen---basislijn-Noordzee---Viewservice.checkViewUrl.json
scenarios:  1 | passed:  0 | failed:  1 | time: 0.3224
---------------------------------------------------------
15:21:32.398 [pool-4-thread-2] INFO  com.intuit.karate.Runner - <<fail>> feature 62 of 367: tmp/junit17863174098671850733/Ministerie-van-Defensie--Koninklijke-Marine--Dienst-der-Hydrografie/Amplitude-van-het-getij-op-de-Noordzee/view/Amplitude-van-het-getij-op-de-Noordzee-Downloadservice/checkViewUrl.feature
---------------------------------------------------------
feature: tmp/junit17863174098671850733/Ministerie-van-Defensie--Koninklijke-Marine--Dienst-der-Hydrografie/Amplitude-van-het-getij-op-de-Noordzee/view/Amplitude-van-het-getij-op-de-Noordzee-Downloadservice/checkViewUrl.feature
report: target/surefire-reports/tmp.junit17863174098671850733.Ministerie-van-Defensie--Koninklijke-Marine--Dienst-der-Hydrografie.Amplitude-van-het-getij-op-de-Noordzee.view.Amplitude-van-het-getij-op-de-Noordzee-Downloadservice.checkViewUrl.json
scenarios:  1 | passed:  0 | failed:  1 | time: 0.3151
---------------------------------------------------------
15:21:32.401 [ForkJoinPool-2-worker-5] DEBUG com.intuit.karate - response time in milliseconds: 324.95
1 < 200
1 < Accept-Ranges: bytes
1 < Connection: keep-alive
1 < Content-Length: 1264
1 < Content-Type: application/atom+xml
1 < Date: Mon, 26 Oct 2020 15:21:32 GMT
1 < ETag: W/"1264-1567683724284"
1 < Last-Modified: Thu, 05 Sep 2019 11:42:04 GMT
1 < Server: nginx

15:21:32.402 [ForkJoinPool-2-worker-5] ERROR com.intuit.karate - assertion failed: path: $['Content-Type'][0], actual: 'application/atom+xml', expected: 'text/xml', reason: not equal
15:21:32.402 [ForkJoinPool-2-worker-7] INFO  com.intuit.karate - karate.env system property was:  
15:21:32.404 [ForkJoinPool-2-worker-7] INFO  com.intuit.karate - [print] {
  "class": "metadata.Service",
  "electronicMailAddress": "[data@hydro.nl, hydro.servicedesk@mindef.nl]",
  "metadataStandardVersion": "Nederlands metadata profiel op ISO 19119 voor services 2.0",
  "operatesOn": "https://www.nationaalgeoregister.nl:443/geonetwork/srv/dut/csw?service=CSW&request=GetRecordById&version=2.0.2&outputSchema=http://www.isotc211.org/2005/gmd&elementSetName=full&id=c2225e5d-b46f-4e38-8445-ab10fd40c0dc#MD_DataIdentification",
  "organisation": "Ministerie van Defensie, Koninklijke Marine, Dienst der Hydrografie",
  "serviceIdentifierCode": "c35c7421-f3ef-4bfb-afcc-ca15d03b8e6f",
  "servicetype": "view",
  "title": "Blokindeling van het Nederlands Continentaal Plat-Viewservice volgens de Mijnbouwwet en Grensgebied volgens de Aanvullende Overeenkomst bij het Eems-Dollardverdrag",
  "url": "https://inspire.caris.nl/gs5/ProspectingAndMiningPermitArea/wms?service=WMS&version=1.3.0&request=GetCapabilities"
}

15:21:32.404 [ForkJoinPool-2-worker-7] INFO  com.intuit.karate - [print] testing url:https://inspire.caris.nl/gs5/ProspectingAndMiningPermitArea/wms?service=WMS&version=1.3.0&request=GetCapabilities
15:21:32.404 [ForkJoinPool-2-worker-5] INFO  com.intuit.karate - karate.env system property was:  
15:21:32.406 [pool-4-thread-3] INFO  com.intuit.karate.Runner - <<fail>> feature 63 of 367: tmp/junit17863174098671850733/Ministerie-van-Defensie--Koninklijke-Marine--Dienst-der-Hydrografie/Maritieme-grenzen---basislijn-Noordzee/download/Maritieme-grenzen---Basislijn-Noordzee---ATOM/checkdownloadurl.feature
---------------------------------------------------------
feature: tmp/junit17863174098671850733/Ministerie-van-Defensie--Koninklijke-Marine--Dienst-der-Hydrografie/Maritieme-grenzen---basislijn-Noordzee/download/Maritieme-grenzen---Basislijn-Noordzee---ATOM/checkdownloadurl.feature
report: target/surefire-reports/tmp.junit17863174098671850733.Ministerie-van-Defensie--Koninklijke-Marine--Dienst-der-Hydrografie.Maritieme-grenzen---basislijn-Noordzee.download.Maritieme-grenzen---Basislijn-Noordzee---ATOM.checkdownloadurl.json
scenarios:  1 | passed:  0 | failed:  1 | time: 0.3311
---------------------------------------------------------
15:21:32.414 [ForkJoinPool-2-worker-7] DEBUG com.intuit.karate - request:
1 > HEAD https://inspire.caris.nl/gs5/ProspectingAndMiningPermitArea/wms?service=WMS&version=1.3.0&request=GetCapabilities
1 > Accept-Encoding: gzip,deflate
1 > Connection: Keep-Alive
1 > Host: inspire.caris.nl
1 > User-Agent: Apache-HttpClient/4.5.11 (Java/13.0.5)

15:21:32.416 [ForkJoinPool-2-worker-1] INFO  com.intuit.karate - karate.env system property was:  
15:21:32.426 [ForkJoinPool-2-worker-5] INFO  com.intuit.karate - [print] {
  "class": "metadata.Service",
  "electronicMailAddress": "[data@hydro.nl, hydro.servicedesk@mindef.nl]",
  "metadataStandardVersion": "Nederlands metadata profiel op ISO 19119 voor services 2.1.0",
  "operatesOn": "https://www.nationaalgeoregister.nl/geonetwork/srv/dut/csw?Service=CSW&Request=GetRecordById&Version=2.0.2&id=f1d27179-36eb-4376-8048-f51d2eb23a09&outputSchema=http://www.isotc211.org/2005/gmd&elementSetName=full#MD_DataIdentification",
  "organisation": "Ministerie van Defensie, Koninklijke Marine, Dienst der Hydrografie",
  "serviceIdentifierCode": "0d2ca03b-fb7b-466a-bb93-e2bfb596e394",
  "servicetype": "download",
  "title": "Nederlands deel PSSA Waddenzee-Downloadservice",
  "url": "https://inspire.caris.nl/gs5/pssa_nl/ows?service=WFS&version=2.0.0&request=GetCapabilities"
}

15:21:32.430 [ForkJoinPool-2-worker-5] INFO  com.intuit.karate - [print] testing url:https://inspire.caris.nl/gs5/pssa_nl/ows?service=WFS&version=2.0.0&request=GetCapabilities
15:21:32.431 [ForkJoinPool-2-worker-5] DEBUG com.intuit.karate - request:
1 > HEAD https://inspire.caris.nl/gs5/pssa_nl/ows?service=WFS&version=2.0.0&request=GetCapabilities
1 > Accept-Encoding: gzip,deflate
1 > Connection: Keep-Alive
1 > Host: inspire.caris.nl
1 > User-Agent: Apache-HttpClient/4.5.11 (Java/13.0.5)

15:21:32.427 [ForkJoinPool-2-worker-1] INFO  com.intuit.karate - [print] {
  "class": "metadata.Service",
  "electronicMailAddress": "[data@hydro.nl, hydro.servicedesk@mindef.nl]",
  "metadataStandardVersion": "Nederlands metadata profiel op ISO 19119 voor services 2.1.0",
  "operatesOn": "https://www.nationaalgeoregister.nl/geonetwork/srv/dut/csw?Service=CSW&Request=GetRecordById&Version=2.0.2&id=f1d27179-36eb-4376-8048-f51d2eb23a09&outputSchema=http://www.isotc211.org/2005/gmd&elementSetName=full#MD_DataIdentification",
  "organisation": "Ministerie van Defensie, Koninklijke Marine, Dienst der Hydrografie",
  "serviceIdentifierCode": "87a382da-c6dc-403c-a006-2379eb6daaa6",
  "servicetype": "view",
  "title": "Nederlands deel PSSA Waddenzee-Viewservice",
  "url": "https://inspire.caris.nl/gs5/pssa_nl/ows?service=WMS&version=1.3.0&request=GetCapabilities"
}

15:21:32.432 [ForkJoinPool-2-worker-1] INFO  com.intuit.karate - [print] testing url:https://inspire.caris.nl/gs5/pssa_nl/ows?service=WMS&version=1.3.0&request=GetCapabilities
15:21:32.433 [ForkJoinPool-2-worker-1] DEBUG com.intuit.karate - request:
1 > HEAD https://inspire.caris.nl/gs5/pssa_nl/ows?service=WMS&version=1.3.0&request=GetCapabilities
1 > Accept-Encoding: gzip,deflate
1 > Connection: Keep-Alive
1 > Host: inspire.caris.nl
1 > User-Agent: Apache-HttpClient/4.5.11 (Java/13.0.5)

15:21:32.688 [ForkJoinPool-2-worker-3] DEBUG com.intuit.karate - response time in milliseconds: 373.70
1 < 200
1 < Cache-Control: max-age=0, must-revalidate
1 < Connection: keep-alive
1 < Content-Disposition: inline; filename=geoserver-GetCapabilities.application
1 < Content-Encoding: gzip
1 < Content-Type: application/xml
1 < Date: Mon, 26 Oct 2020 15:21:32 GMT
1 < Server: nginx
1 < X-Frame-Options: SAMEORIGIN

15:21:32.689 [ForkJoinPool-2-worker-3] ERROR com.intuit.karate - assertion failed: path: $['Content-Length'][0], actual: null, expected: '#notnull', reason: actual json-path does not exist
15:21:32.689 [pool-4-thread-1] ERROR com.intuit.karate.Runner - <<error>> unable to write report file(s): java.io.FileNotFoundException: target/surefire-reports/tmp.junit17863174098671850733.Ministerie-van-Defensie--Koninklijke-Marine--Dienst-der-Hydrografie.Blokindeling-van-het-Nederlands-Continentaal-Plat-volgens-de-Mijnbouwwet-en-Grensgebied-volgens-de-Aanvullende-Overeenkomst-bij-het-Eems-Dollardverdrag.download.Blokindeling-van-het-Nederlands-Continentaal-Plat-Downloadservice-volgens-de-Mijnbouwwet-en-Grensgebied-volgens-de-Aanvullende-Overeenkomst-bij-het-Eems-Dollardverdrag.checkdownloadurl.json (File name too long)
---------------------------------------------------------
feature: tmp/junit17863174098671850733/Ministerie-van-Defensie--Koninklijke-Marine--Dienst-der-Hydrografie/Blokindeling-van-het-Nederlands-Continentaal-Plat-volgens-de-Mijnbouwwet-en-Grensgebied-volgens-de-Aanvullende-Overeenkomst-bij-het-Eems-Dollardverdrag/download/Blokindeling-van-het-Nederlands-Continentaal-Plat-Downloadservice-volgens-de-Mijnbouwwet-en-Grensgebied-volgens-de-Aanvullende-Overeenkomst-bij-het-Eems-Dollardverdrag/checkdownloadurl.feature
scenarios:  1 | passed:  0 | failed:  1 | time: 0.3810
---------------------------------------------------------
15:21:32.704 [ForkJoinPool-2-worker-3] INFO  com.intuit.karate - karate.env system property was:  
15:21:32.716 [ForkJoinPool-2-worker-3] INFO  com.intuit.karate - [print] {
  "class": "metadata.Service",
  "electronicMailAddress": "[data@hydro.nl, hydro.servicedesk@mindef.nl]",
  "metadataStandardVersion": "Nederlands metadata profiel op ISO 19119 voor services 2.0",
  "operatesOn": "https://www.nationaalgeoregister.nl:443/geonetwork/srv/dut/csw?service=CSW&request=GetRecordById&version=2.0.2&outputSchema=http://www.isotc211.org/2005/gmd&elementSetName=full&id=f44dac86-2228-412f-8355-e56446ca9933#MD_DataIdentification",
  "organisation": "Ministerie van Defensie, Koninklijke Marine, Dienst der Hydrografie",
  "serviceIdentifierCode": "c7dad4b9-42a8-452f-a33b-d4938ed22142",
  "servicetype": "download",
  "title": "Eemsmonding volgens het Eems-Dollardverdrag-Downloadservice",
  "url": "https://inspire.caris.nl/gs5/MarineRegion/ows?service=WFS&version=2.0.0&request=GetCapabilities"
}

15:21:32.716 [ForkJoinPool-2-worker-3] INFO  com.intuit.karate - [print] testing url:https://inspire.caris.nl/gs5/MarineRegion/ows?service=WFS&version=2.0.0&request=GetCapabilities
15:21:32.717 [ForkJoinPool-2-worker-3] DEBUG com.intuit.karate - request:
1 > HEAD https://inspire.caris.nl/gs5/MarineRegion/ows?service=WFS&version=2.0.0&request=GetCapabilities
1 > Accept-Encoding: gzip,deflate
1 > Connection: Keep-Alive
1 > Host: inspire.caris.nl
1 > User-Agent: Apache-HttpClient/4.5.11 (Java/13.0.5)

15:21:32.723 [ForkJoinPool-2-worker-7] DEBUG com.intuit.karate - response time in milliseconds: 308.39
1 < 200
1 < Cache-Control: max-age=0, must-revalidate
1 < Connection: keep-alive
1 < Content-Disposition: inline; filename=getcapabilities_1.3.0.xml
1 < Content-Encoding: gzip
1 < Content-Type: text/xml; charset=utf-8
1 < Date: Mon, 26 Oct 2020 15:21:32 GMT
1 < Server: nginx
1 < X-Frame-Options: SAMEORIGIN

15:21:32.723 [ForkJoinPool-2-worker-7] ERROR com.intuit.karate - assertion failed: path: $['Content-Length'][0], actual: null, expected: '#notnull', reason: actual json-path does not exist
15:21:32.724 [pool-4-thread-4] ERROR com.intuit.karate.Runner - <<error>> unable to write report file(s): java.io.FileNotFoundException: target/surefire-reports/tmp.junit17863174098671850733.Ministerie-van-Defensie--Koninklijke-Marine--Dienst-der-Hydrografie.Blokindeling-van-het-Nederlands-Continentaal-Plat-volgens-de-Mijnbouwwet-en-Grensgebied-volgens-de-Aanvullende-Overeenkomst-bij-het-Eems-Dollardverdrag.view.Blokindeling-van-het-Nederlands-Continentaal-Plat-Viewservice-volgens-de-Mijnbouwwet-en-Grensgebied-volgens-de-Aanvullende-Overeenkomst-bij-het-Eems-Dollardverdrag.checkViewUrl.json (File name too long)
---------------------------------------------------------
feature: tmp/junit17863174098671850733/Ministerie-van-Defensie--Koninklijke-Marine--Dienst-der-Hydrografie/Blokindeling-van-het-Nederlands-Continentaal-Plat-volgens-de-Mijnbouwwet-en-Grensgebied-volgens-de-Aanvullende-Overeenkomst-bij-het-Eems-Dollardverdrag/view/Blokindeling-van-het-Nederlands-Continentaal-Plat-Viewservice-volgens-de-Mijnbouwwet-en-Grensgebied-volgens-de-Aanvullende-Overeenkomst-bij-het-Eems-Dollardverdrag/checkViewUrl.feature
scenarios:  1 | passed:  0 | failed:  1 | time: 0.3204
---------------------------------------------------------
15:21:32.729 [ForkJoinPool-2-worker-7] INFO  com.intuit.karate - karate.env system property was:  
15:21:32.731 [ForkJoinPool-2-worker-7] INFO  com.intuit.karate - [print] {
  "class": "metadata.Service",
  "electronicMailAddress": "[data@hydro.nl, hydro.servicedesk@mindef.nl]",
  "metadataStandardVersion": "Nederlands metadata profiel op ISO 19119 voor services 2.0",
  "operatesOn": "https://www.nationaalgeoregister.nl:443/geonetwork/srv/dut/csw?service=CSW&request=GetRecordById&version=2.0.2&outputSchema=http://www.isotc211.org/2005/gmd&elementSetName=full&id=f44dac86-2228-412f-8355-e56446ca9933#MD_DataIdentification",
  "organisation": "Ministerie van Defensie, Koninklijke Marine, Dienst der Hydrografie",
  "serviceIdentifierCode": "a12ae6ca-b755-4707-884f-95c0d66f431a",
  "servicetype": "view",
  "title": "Eemsmonding volgens het Eems-Dollardverdrag-Viewservice",
  "url": "https://inspire.caris.nl/gs5/MarineRegion/wms?service=WMS&version=1.3.0&request=GetCapabilities"
}

15:21:32.733 [ForkJoinPool-2-worker-7] INFO  com.intuit.karate - [print] testing url:https://inspire.caris.nl/gs5/MarineRegion/wms?service=WMS&version=1.3.0&request=GetCapabilities
15:21:32.735 [ForkJoinPool-2-worker-7] DEBUG com.intuit.karate - request:
1 > HEAD https://inspire.caris.nl/gs5/MarineRegion/wms?service=WMS&version=1.3.0&request=GetCapabilities
1 > Accept-Encoding: gzip,deflate
1 > Connection: Keep-Alive
1 > Host: inspire.caris.nl
1 > User-Agent: Apache-HttpClient/4.5.11 (Java/13.0.5)

15:21:32.738 [ForkJoinPool-2-worker-5] DEBUG com.intuit.karate - response time in milliseconds: 306.09
1 < 200
1 < Cache-Control: max-age=0, must-revalidate
1 < Connection: keep-alive
1 < Content-Disposition: inline; filename=geoserver-GetCapabilities.application
1 < Content-Encoding: gzip
1 < Content-Type: application/xml
1 < Date: Mon, 26 Oct 2020 15:21:32 GMT
1 < Server: nginx
1 < X-Frame-Options: SAMEORIGIN

15:21:32.738 [ForkJoinPool-2-worker-5] ERROR com.intuit.karate - assertion failed: path: $['Content-Length'][0], actual: null, expected: '#notnull', reason: actual json-path does not exist
15:21:32.740 [ForkJoinPool-2-worker-1] DEBUG com.intuit.karate - response time in milliseconds: 306.68
1 < 200
1 < Cache-Control: max-age=0, must-revalidate
1 < Connection: keep-alive
1 < Content-Disposition: inline; filename=getcapabilities_1.3.0.xml
1 < Content-Encoding: gzip
1 < Content-Type: text/xml; charset=utf-8
1 < Date: Mon, 26 Oct 2020 15:21:32 GMT
1 < Server: nginx
1 < X-Frame-Options: SAMEORIGIN

15:21:32.740 [pool-4-thread-2] INFO  com.intuit.karate.Runner - <<fail>> feature 67 of 367: tmp/junit17863174098671850733/Ministerie-van-Defensie--Koninklijke-Marine--Dienst-der-Hydrografie/Nederlands-deel-PSSA-Waddenzee/download/Nederlands-deel-PSSA-Waddenzee-Downloadservice/checkdownloadurl.feature
---------------------------------------------------------
feature: tmp/junit17863174098671850733/Ministerie-van-Defensie--Koninklijke-Marine--Dienst-der-Hydrografie/Nederlands-deel-PSSA-Waddenzee/download/Nederlands-deel-PSSA-Waddenzee-Downloadservice/checkdownloadurl.feature
report: target/surefire-reports/tmp.junit17863174098671850733.Ministerie-van-Defensie--Koninklijke-Marine--Dienst-der-Hydrografie.Nederlands-deel-PSSA-Waddenzee.download.Nederlands-deel-PSSA-Waddenzee-Downloadservice.checkdownloadurl.json
scenarios:  1 | passed:  0 | failed:  1 | time: 0.3336
---------------------------------------------------------
15:21:32.740 [ForkJoinPool-2-worker-1] ERROR com.intuit.karate - assertion failed: path: $['Content-Length'][0], actual: null, expected: '#notnull', reason: actual json-path does not exist
15:21:32.742 [pool-4-thread-3] INFO  com.intuit.karate.Runner - <<fail>> feature 68 of 367: tmp/junit17863174098671850733/Ministerie-van-Defensie--Koninklijke-Marine--Dienst-der-Hydrografie/Nederlands-deel-PSSA-Waddenzee/view/Nederlands-deel-PSSA-Waddenzee-Viewservice/checkViewUrl.feature
---------------------------------------------------------
feature: tmp/junit17863174098671850733/Ministerie-van-Defensie--Koninklijke-Marine--Dienst-der-Hydrografie/Nederlands-deel-PSSA-Waddenzee/view/Nederlands-deel-PSSA-Waddenzee-Viewservice/checkViewUrl.feature
report: target/surefire-reports/tmp.junit17863174098671850733.Ministerie-van-Defensie--Koninklijke-Marine--Dienst-der-Hydrografie.Nederlands-deel-PSSA-Waddenzee.view.Nederlands-deel-PSSA-Waddenzee-Viewservice.checkViewUrl.json
scenarios:  1 | passed:  0 | failed:  1 | time: 0.3237
---------------------------------------------------------
15:21:32.745 [ForkJoinPool-2-worker-5] INFO  com.intuit.karate - karate.env system property was:  
15:21:32.746 [ForkJoinPool-2-worker-5] INFO  com.intuit.karate - [print] {
  "class": "metadata.Service",
  "electronicMailAddress": "[data@hydro.nl, hydro.servicedesk@mindef.nl]",
  "metadataStandardVersion": "Nederlands metadata profiel op ISO 19119 voor services 2.0",
  "operatesOn": "https://www.nationaalgeoregister.nl:443/geonetwork/srv/dut/csw?service=CSW&request=GetRecordById&version=2.0.2&outputSchema=http://www.isotc211.org/2005/gmd&elementSetName=full&id=4617f0e0-6af4-4ac0-9044-31df9d03071c#MD_DataIdentification",
  "organisation": "Ministerie van Defensie, Koninklijke Marine, Dienst der Hydrografie",
  "serviceIdentifierCode": "923a666c-ee4f-496c-8c85-94d5f81e1f30",
  "servicetype": "download",
  "title": "Zones volgens EU Gemeenschappelijk Visserijbeleid tot 3M en 6M - Downloadservice",
  "url": "https://inspire.caris.nl/gs5/am/wfs?service=WFS&request=GetCapabilities"
}

15:21:32.746 [ForkJoinPool-2-worker-5] INFO  com.intuit.karate - [print] testing url:https://inspire.caris.nl/gs5/am/wfs?service=WFS&request=GetCapabilities
15:21:32.747 [ForkJoinPool-2-worker-5] DEBUG com.intuit.karate - request:
1 > HEAD https://inspire.caris.nl/gs5/am/wfs?service=WFS&request=GetCapabilities
1 > Accept-Encoding: gzip,deflate
1 > Connection: Keep-Alive
1 > Host: inspire.caris.nl
1 > User-Agent: Apache-HttpClient/4.5.11 (Java/13.0.5)

15:21:32.748 [ForkJoinPool-2-worker-1] INFO  com.intuit.karate - karate.env system property was:  
15:21:32.750 [ForkJoinPool-2-worker-1] INFO  com.intuit.karate - [print] {
  "class": "metadata.Service",
  "electronicMailAddress": "[data@hydro.nl, hydro.servicedesk@mindef.nl]",
  "metadataStandardVersion": "Nederlands metadata profiel op ISO 19119 voor services 2.1.0",
  "operatesOn": "https://www.nationaalgeoregister.nl/geonetwork/srv/dut/csw?service=CSW&request=GetRecordById&version=2.0.2&outputSchema=http://www.isotc211.org/2005/gmd&elementSetName=full&id=a322184d-6285-4856-bb78-f450b30ffc0e#MD_DataIdentification",
  "organisation": "Ministerie van Defensie, Koninklijke Marine, Dienst der Hydrografie",
  "serviceIdentifierCode": "6d2fce74-fb25-4322-ab25-1be8a3bc7fd0",
  "servicetype": "download",
  "title": "Bathymetrie Nederlands deel van de Noordzee dieper dan 10 m LAT -Downloadservice",
  "url": "https://inspire.caris.nl/geoserver3/bathy_wcs/wcs?request=GetCapabilities&service=WCS&version=2.0.0"
}

15:21:32.750 [ForkJoinPool-2-worker-1] INFO  com.intuit.karate - [print] testing url:https://inspire.caris.nl/geoserver3/bathy_wcs/wcs?request=GetCapabilities&service=WCS&version=2.0.0
15:21:32.751 [ForkJoinPool-2-worker-1] DEBUG com.intuit.karate - request:
1 > HEAD https://inspire.caris.nl/geoserver3/bathy_wcs/wcs?request=GetCapabilities&service=WCS&version=2.0.0
1 > Accept-Encoding: gzip,deflate
1 > Connection: Keep-Alive
1 > Host: inspire.caris.nl
1 > User-Agent: Apache-HttpClient/4.5.11 (Java/13.0.5)

15:21:33.027 [ForkJoinPool-2-worker-3] DEBUG com.intuit.karate - response time in milliseconds: 309.80
1 < 200
1 < Cache-Control: max-age=0, must-revalidate
1 < Connection: keep-alive
1 < Content-Disposition: inline; filename=geoserver-GetCapabilities.application
1 < Content-Encoding: gzip
1 < Content-Type: application/xml
1 < Date: Mon, 26 Oct 2020 15:21:32 GMT
1 < Server: nginx
1 < X-Frame-Options: SAMEORIGIN

15:21:33.028 [ForkJoinPool-2-worker-3] ERROR com.intuit.karate - assertion failed: path: $['Content-Length'][0], actual: null, expected: '#notnull', reason: actual json-path does not exist
15:21:33.031 [pool-4-thread-1] INFO  com.intuit.karate.Runner - <<fail>> feature 69 of 367: tmp/junit17863174098671850733/Ministerie-van-Defensie--Koninklijke-Marine--Dienst-der-Hydrografie/Eemsmonding-volgens-het-Eems-Dollardverdrag/download/Eemsmonding-volgens-het-Eems-Dollardverdrag-Downloadservice/checkdownloadurl.feature
---------------------------------------------------------
feature: tmp/junit17863174098671850733/Ministerie-van-Defensie--Koninklijke-Marine--Dienst-der-Hydrografie/Eemsmonding-volgens-het-Eems-Dollardverdrag/download/Eemsmonding-volgens-het-Eems-Dollardverdrag-Downloadservice/checkdownloadurl.feature
report: target/surefire-reports/tmp.junit17863174098671850733.Ministerie-van-Defensie--Koninklijke-Marine--Dienst-der-Hydrografie.Eemsmonding-volgens-het-Eems-Dollardverdrag.download.Eemsmonding-volgens-het-Eems-Dollardverdrag-Downloadservice.checkdownloadurl.json
scenarios:  1 | passed:  0 | failed:  1 | time: 0.3195
---------------------------------------------------------
15:21:33.039 [ForkJoinPool-2-worker-3] INFO  com.intuit.karate - karate.env system property was:  
15:21:33.047 [ForkJoinPool-2-worker-3] INFO  com.intuit.karate - [print] {
  "class": "metadata.Service",
  "electronicMailAddress": "[data@hydro.nl, hydro.servicedesk@mindef.nl]",
  "metadataStandardVersion": "Nederlands metadata profiel op ISO 19119 voor services 2.0",
  "operatesOn": "https://www.nationaalgeoregister.nl:443/geonetwork/srv/dut/csw?service=CSW&request=GetRecordById&version=2.0.2&outputSchema=http://www.isotc211.org/2005/gmd&elementSetName=full&id=4617f0e0-6af4-4ac0-9044-31df9d03071c#MD_DataIdentification",
  "organisation": "Ministerie van Defensie, Koninklijke Marine, Dienst der Hydrografie",
  "serviceIdentifierCode": "e29b19de-d191-47f2-b944-5056a7674cce",
  "servicetype": "view",
  "title": "Zones volgens EU Gemeenschappelijk Visserijbeleid tot 3M en 6M - Viewservice",
  "url": "https://inspire.caris.nl/gs5/am/wms?service=WMS&version=1.3.0&request=GetCapabilities"
}

15:21:33.049 [ForkJoinPool-2-worker-7] DEBUG com.intuit.karate - response time in milliseconds: 313.61
1 < 200
1 < Cache-Control: max-age=0, must-revalidate
1 < Connection: keep-alive
1 < Content-Disposition: inline; filename=getcapabilities_1.3.0.xml
1 < Content-Encoding: gzip
1 < Content-Type: text/xml; charset=utf-8
1 < Date: Mon, 26 Oct 2020 15:21:33 GMT
1 < Server: nginx
1 < X-Frame-Options: SAMEORIGIN

15:21:33.050 [ForkJoinPool-2-worker-7] ERROR com.intuit.karate - assertion failed: path: $['Content-Length'][0], actual: null, expected: '#notnull', reason: actual json-path does not exist
15:21:33.051 [pool-4-thread-4] INFO  com.intuit.karate.Runner - <<fail>> feature 70 of 367: tmp/junit17863174098671850733/Ministerie-van-Defensie--Koninklijke-Marine--Dienst-der-Hydrografie/Eemsmonding-volgens-het-Eems-Dollardverdrag/view/Eemsmonding-volgens-het-Eems-Dollardverdrag-Viewservice/checkViewUrl.feature
---------------------------------------------------------
feature: tmp/junit17863174098671850733/Ministerie-van-Defensie--Koninklijke-Marine--Dienst-der-Hydrografie/Eemsmonding-volgens-het-Eems-Dollardverdrag/view/Eemsmonding-volgens-het-Eems-Dollardverdrag-Viewservice/checkViewUrl.feature
report: target/surefire-reports/tmp.junit17863174098671850733.Ministerie-van-Defensie--Koninklijke-Marine--Dienst-der-Hydrografie.Eemsmonding-volgens-het-Eems-Dollardverdrag.view.Eemsmonding-volgens-het-Eems-Dollardverdrag-Viewservice.checkViewUrl.json
scenarios:  1 | passed:  0 | failed:  1 | time: 0.3194
---------------------------------------------------------
15:21:33.058 [ForkJoinPool-2-worker-7] INFO  com.intuit.karate - karate.env system property was:  
15:21:33.062 [ForkJoinPool-2-worker-5] DEBUG com.intuit.karate - response time in milliseconds: 313.36
1 < 200
1 < Cache-Control: max-age=0, must-revalidate
1 < Connection: keep-alive
1 < Content-Disposition: inline; filename=geoserver-GetCapabilities.application
1 < Content-Encoding: gzip
1 < Content-Type: application/xml
1 < Date: Mon, 26 Oct 2020 15:21:33 GMT
1 < Server: nginx
1 < X-Frame-Options: SAMEORIGIN

15:21:33.065 [ForkJoinPool-2-worker-5] ERROR com.intuit.karate - assertion failed: path: $['Content-Length'][0], actual: null, expected: '#notnull', reason: actual json-path does not exist
15:21:33.066 [pool-4-thread-3] ERROR com.intuit.karate.Runner - <<error>> unable to write report file(s): java.io.FileNotFoundException: target/surefire-reports/tmp.junit17863174098671850733.Ministerie-van-Defensie--Koninklijke-Marine--Dienst-der-Hydrografie.Zones-volgens-EU-Gemeenschappelijk-Visserijbeleid-tot-3M-en-6M.download.Zones-volgens-EU-Gemeenschappelijk-Visserijbeleid-tot-3M-en-6M---Downloadservice.checkdownloadurl.json (File name too long)
---------------------------------------------------------
feature: tmp/junit17863174098671850733/Ministerie-van-Defensie--Koninklijke-Marine--Dienst-der-Hydrografie/Zones-volgens-EU-Gemeenschappelijk-Visserijbeleid-tot-3M-en-6M/download/Zones-volgens-EU-Gemeenschappelijk-Visserijbeleid-tot-3M-en-6M---Downloadservice/checkdownloadurl.feature
scenarios:  1 | passed:  0 | failed:  1 | time: 0.3204
---------------------------------------------------------
15:21:33.069 [ForkJoinPool-2-worker-5] INFO  com.intuit.karate - karate.env system property was:  
15:21:33.082 [ForkJoinPool-2-worker-5] INFO  com.intuit.karate - [print] {
  "class": "metadata.Service",
  "electronicMailAddress": "[data@hydro.nl, hydro.servicedesk@mindef.nl]",
  "metadataStandardVersion": "Nederlands metadata profiel op ISO 19119 voor services 2.0",
  "operatesOn": "https://www.nationaalgeoregister.nl:443/geonetwork/srv/dut/csw?service=CSW&request=GetRecordById&version=2.0.2&outputSchema=http://www.isotc211.org/2005/gmd&elementSetName=full&id=e8b84fae-00b3-49c1-80c1-df8f69f64e8c#MD_DataIdentification",
  "organisation": "Ministerie van Defensie, Koninklijke Marine, Dienst der Hydrografie",
  "serviceIdentifierCode": "f2d2cd9d-7410-485a-95e0-c1b885243eaf",
  "servicetype": "view",
  "title": "EEZ volgens UNCLOS - Noordzee - Viewservice",
  "url": "https://inspire.caris.nl/geoserver/auwms/wms?request=GetCapabilities"
}

15:21:33.083 [ForkJoinPool-2-worker-5] INFO  com.intuit.karate - [print] testing url:https://inspire.caris.nl/geoserver/auwms/wms?request=GetCapabilities
15:21:33.083 [ForkJoinPool-2-worker-7] INFO  com.intuit.karate - [print] {
  "class": "metadata.Service",
  "electronicMailAddress": "[data@hydro.nl, hydro.servicedesk@mindef.nl]",
  "metadataStandardVersion": "Nederlands metadata profiel op ISO 19119 voor services 2.0",
  "operatesOn": "https://www.nationaalgeoregister.nl:443/geonetwork/srv/dut/csw?service=CSW&request=GetRecordById&version=2.0.2&outputSchema=http://www.isotc211.org/2005/gmd&elementSetName=full&id=e8b84fae-00b3-49c1-80c1-df8f69f64e8c#MD_DataIdentification",
  "organisation": "Ministerie van Defensie, Koninklijke Marine, Dienst der Hydrografie",
  "serviceIdentifierCode": "243c6401-9ed1-4cdd-b9a7-caff08813ce4",
  "servicetype": "download",
  "title": "EEZ volgens UNCLOS - Noordzee - ATOM",
  "url": "https://inspire.caris.nl/atom/maritieme-grenzen-zones-noordzee-EEZ-volgens-UNCLOS-feed.atom"
}

15:21:33.083 [ForkJoinPool-2-worker-7] INFO  com.intuit.karate - [print] testing url:https://inspire.caris.nl/atom/maritieme-grenzen-zones-noordzee-EEZ-volgens-UNCLOS-feed.atom
15:21:33.083 [ForkJoinPool-2-worker-5] DEBUG com.intuit.karate - request:
1 > HEAD https://inspire.caris.nl/geoserver/auwms/wms?request=GetCapabilities
1 > Accept-Encoding: gzip,deflate
1 > Connection: Keep-Alive
1 > Host: inspire.caris.nl
1 > User-Agent: Apache-HttpClient/4.5.11 (Java/13.0.5)

15:21:33.084 [ForkJoinPool-2-worker-7] DEBUG com.intuit.karate - request:
1 > HEAD https://inspire.caris.nl/atom/maritieme-grenzen-zones-noordzee-EEZ-volgens-UNCLOS-feed.atom
1 > Accept-Encoding: gzip,deflate
1 > Connection: Keep-Alive
1 > Host: inspire.caris.nl
1 > User-Agent: Apache-HttpClient/4.5.11 (Java/13.0.5)

15:21:33.084 [ForkJoinPool-2-worker-3] INFO  com.intuit.karate - [print] testing url:https://inspire.caris.nl/gs5/am/wms?service=WMS&version=1.3.0&request=GetCapabilities
15:21:33.086 [ForkJoinPool-2-worker-3] DEBUG com.intuit.karate - request:
1 > HEAD https://inspire.caris.nl/gs5/am/wms?service=WMS&version=1.3.0&request=GetCapabilities
1 > Accept-Encoding: gzip,deflate
1 > Connection: Keep-Alive
1 > Host: inspire.caris.nl
1 > User-Agent: Apache-HttpClient/4.5.11 (Java/13.0.5)

15:21:33.098 [ForkJoinPool-2-worker-1] DEBUG com.intuit.karate - response time in milliseconds: 346.59
1 < 200
1 < Cache-Control: max-age=0, must-revalidate
1 < Connection: keep-alive
1 < Content-Disposition: inline; filename=geoserver-GetCapabilities.application
1 < Content-Encoding: gzip
1 < Content-Type: application/xml
1 < Date: Mon, 26 Oct 2020 15:21:33 GMT
1 < Server: nginx
1 < X-Frame-Options: SAMEORIGIN

15:21:33.098 [ForkJoinPool-2-worker-1] ERROR com.intuit.karate - assertion failed: path: $['Content-Length'][0], actual: null, expected: '#notnull', reason: actual json-path does not exist
15:21:33.099 [pool-4-thread-2] ERROR com.intuit.karate.Runner - <<error>> unable to write report file(s): java.io.FileNotFoundException: target/surefire-reports/tmp.junit17863174098671850733.Ministerie-van-Defensie--Koninklijke-Marine--Dienst-der-Hydrografie.Bathymetrie-Nederlands-deel-van-de-Noordzee-dieper-dan-10-m-LAT.download.Bathymetrie-Nederlands-deel-van-de-Noordzee-dieper-dan-10-m-LAT--Downloadservice.checkdownloadurl.json (File name too long)
---------------------------------------------------------
feature: tmp/junit17863174098671850733/Ministerie-van-Defensie--Koninklijke-Marine--Dienst-der-Hydrografie/Bathymetrie-Nederlands-deel-van-de-Noordzee-dieper-dan-10-m-LAT/download/Bathymetrie-Nederlands-deel-van-de-Noordzee-dieper-dan-10-m-LAT--Downloadservice/checkdownloadurl.feature
scenarios:  1 | passed:  0 | failed:  1 | time: 0.3491
---------------------------------------------------------
15:21:33.102 [ForkJoinPool-2-worker-1] INFO  com.intuit.karate - karate.env system property was:  
15:21:33.104 [ForkJoinPool-2-worker-1] INFO  com.intuit.karate - [print] {
  "class": "metadata.Service",
  "electronicMailAddress": "[beheerPDOK@kadaster.nl, beheerPDOK@kadaster.nl]",
  "metadataStandardVersion": "Nederlands metadata profiel op ISO 19119 voor services 2.0",
  "operatesOn": "[https://www.nationaalgeoregister.nl:443/geonetwork/srv/dut/csw?service=CSW&request=GetRecordById&version=2.0.2&outputSchema=http://www.isotc211.org/2005/gmd&elementSetName=full&id=uwwtd-9d8e-4758-83fa-28b057f185e3#MD_DataIdentification, https://www.nationaalgeoregister.nl:443/geonetwork/srv/dut/csw?service=CSW&request=GetRecordById&version=2.0.2&outputSchema=http://www.isotc211.org/2005/gmd&elementSetName=full&id=uwwtd-9d8e-4758-83fa-28b057f185e2#MD_DataIdentification, https://www.nationaalgeoregister.nl:443/geonetwork/srv/dut/csw?service=CSW&request=GetRecordById&version=2.0.2&outputSchema=http://www.isotc211.org/2005/gmd&elementSetName=full&id=uwwtd-9d8e-4758-83fa-28b057f185e1#MD_DataIdentification]",
  "organisation": "Beheer PDOK",
  "serviceIdentifierCode": "280cee65-1b66-4973-a569-75122e0b745b",
  "servicetype": "download",
  "title": "Richtlijn Stedelijk Afvalwater EU2015 WFS",
  "url": "https://geodata.nationaalgeoregister.nl/rws/richtlijnstedelijkafvalwater2015/wfs/v1_0?request=GetCapabilities&service=WFS"
}

15:21:33.104 [ForkJoinPool-2-worker-1] INFO  com.intuit.karate - [print] testing url:https://geodata.nationaalgeoregister.nl/rws/richtlijnstedelijkafvalwater2015/wfs/v1_0?request=GetCapabilities&service=WFS
15:21:33.105 [ForkJoinPool-2-worker-1] DEBUG com.intuit.karate - request:
1 > HEAD https://geodata.nationaalgeoregister.nl/rws/richtlijnstedelijkafvalwater2015/wfs/v1_0?request=GetCapabilities&service=WFS
1 > Accept-Encoding: gzip,deflate
1 > Connection: Keep-Alive
1 > Host: geodata.nationaalgeoregister.nl
1 > User-Agent: Apache-HttpClient/4.5.11 (Java/13.0.5)

15:21:33.389 [ForkJoinPool-2-worker-3] DEBUG com.intuit.karate - response time in milliseconds: 300.32
1 < 200
1 < Cache-Control: max-age=0, must-revalidate
1 < Connection: keep-alive
1 < Content-Disposition: inline; filename=getcapabilities_1.3.0.xml
1 < Content-Encoding: gzip
1 < Content-Type: text/xml; charset=utf-8
1 < Date: Mon, 26 Oct 2020 15:21:33 GMT
1 < Server: nginx
1 < X-Frame-Options: SAMEORIGIN

15:21:33.390 [ForkJoinPool-2-worker-3] ERROR com.intuit.karate - assertion failed: path: $['Content-Length'][0], actual: null, expected: '#notnull', reason: actual json-path does not exist
15:21:33.391 [pool-4-thread-1] ERROR com.intuit.karate.Runner - <<error>> unable to write report file(s): java.io.FileNotFoundException: target/surefire-reports/tmp.junit17863174098671850733.Ministerie-van-Defensie--Koninklijke-Marine--Dienst-der-Hydrografie.Zones-volgens-EU-Gemeenschappelijk-Visserijbeleid-tot-3M-en-6M.view.Zones-volgens-EU-Gemeenschappelijk-Visserijbeleid-tot-3M-en-6M---Viewservice.checkViewUrl.json (File name too long)
---------------------------------------------------------
feature: tmp/junit17863174098671850733/Ministerie-van-Defensie--Koninklijke-Marine--Dienst-der-Hydrografie/Zones-volgens-EU-Gemeenschappelijk-Visserijbeleid-tot-3M-en-6M/view/Zones-volgens-EU-Gemeenschappelijk-Visserijbeleid-tot-3M-en-6M---Viewservice/checkViewUrl.feature
scenarios:  1 | passed:  0 | failed:  1 | time: 0.3502
---------------------------------------------------------
15:21:33.392 [ForkJoinPool-2-worker-7] DEBUG com.intuit.karate - response time in milliseconds: 307.49
1 < 200
1 < Accept-Ranges: bytes
1 < Connection: keep-alive
1 < Content-Length: 1299
1 < Content-Type: application/atom+xml
1 < Date: Mon, 26 Oct 2020 15:21:33 GMT
1 < ETag: W/"1299-1567685056878"
1 < Last-Modified: Thu, 05 Sep 2019 12:04:16 GMT
1 < Server: nginx

15:21:33.392 [ForkJoinPool-2-worker-7] ERROR com.intuit.karate - assertion failed: path: $['Content-Type'][0], actual: 'application/atom+xml', expected: 'text/xml', reason: not equal
15:21:33.394 [pool-4-thread-4] INFO  com.intuit.karate.Runner - <<fail>> feature 74 of 367: tmp/junit17863174098671850733/Ministerie-van-Defensie--Koninklijke-Marine--Dienst-der-Hydrografie/EEZ-volgens-UNCLOS---Noordzee/download/EEZ-volgens-UNCLOS---Noordzee---ATOM/checkdownloadurl.feature
---------------------------------------------------------
feature: tmp/junit17863174098671850733/Ministerie-van-Defensie--Koninklijke-Marine--Dienst-der-Hydrografie/EEZ-volgens-UNCLOS---Noordzee/download/EEZ-volgens-UNCLOS---Noordzee---ATOM/checkdownloadurl.feature
report: target/surefire-reports/tmp.junit17863174098671850733.Ministerie-van-Defensie--Koninklijke-Marine--Dienst-der-Hydrografie.EEZ-volgens-UNCLOS---Noordzee.download.EEZ-volgens-UNCLOS---Noordzee---ATOM.checkdownloadurl.json
scenarios:  1 | passed:  0 | failed:  1 | time: 0.3104
---------------------------------------------------------
15:21:33.403 [ForkJoinPool-2-worker-3] INFO  com.intuit.karate - karate.env system property was:  
15:21:33.405 [ForkJoinPool-2-worker-3] INFO  com.intuit.karate - [print] {
  "class": "metadata.Service",
  "electronicMailAddress": "[beheerPDOK@kadaster.nl, beheerPDOK@kadaster.nl]",
  "metadataStandardVersion": "Nederlands metadata profiel op ISO 19119 voor services 2.0",
  "operatesOn": "[https://www.nationaalgeoregister.nl:443/geonetwork/srv/dut/csw?service=CSW&request=GetRecordById&version=2.0.2&outputSchema=http://www.isotc211.org/2005/gmd&elementSetName=full&id=uwwtd-9d8e-4758-83fa-28b057f185e1#MD_DataIdentification, https://www.nationaalgeoregister.nl:443/geonetwork/srv/dut/csw?service=CSW&request=GetRecordById&version=2.0.2&outputSchema=http://www.isotc211.org/2005/gmd&elementSetName=full&id=uwwtd-9d8e-4758-83fa-28b057f185e2#MD_DataIdentification, https://www.nationaalgeoregister.nl:443/geonetwork/srv/dut/csw?service=CSW&request=GetRecordById&version=2.0.2&outputSchema=http://www.isotc211.org/2005/gmd&elementSetName=full&id=uwwtd-9d8e-4758-83fa-28b057f185e3#MD_DataIdentification]",
  "organisation": "Beheer PDOK",
  "serviceIdentifierCode": "108fec55-e467-4d04-ab35-fd0d7060e3e2",
  "servicetype": "view",
  "title": "Richtlijn Stedelijk Afvalwater EU2015 WMS",
  "url": "https://geodata.nationaalgeoregister.nl/rws/richtlijnstedelijkafvalwater2015/wms/v1_0?request=GetCapabilities&service=WMS"
}

15:21:33.408 [ForkJoinPool-2-worker-5] DEBUG com.intuit.karate - response time in milliseconds: 324.26
1 < 200
1 < Cache-Control: max-age=0, must-revalidate
1 < Connection: keep-alive
1 < Content-Disposition: inline; filename=getcapabilities_1.3.0.xml
1 < Content-Encoding: gzip
1 < Content-Type: text/xml; charset=utf-8
1 < Date: Mon, 26 Oct 2020 15:21:33 GMT
1 < Server: nginx
1 < X-Frame-Options: SAMEORIGIN

15:21:33.410 [ForkJoinPool-2-worker-7] INFO  com.intuit.karate - karate.env system property was:  
15:21:33.413 [ForkJoinPool-2-worker-5] ERROR com.intuit.karate - assertion failed: path: $['Content-Length'][0], actual: null, expected: '#notnull', reason: actual json-path does not exist
15:21:33.415 [ForkJoinPool-2-worker-7] INFO  com.intuit.karate - [print] {
  "class": "metadata.Service",
  "electronicMailAddress": "[beheerPDOK@kadaster.nl, beheerPDOK@kadaster.nl]",
  "metadataStandardVersion": "Nederlands metadata profiel op ISO 19119 voor services 2.0",
  "operatesOn": "[https://www.nationaalgeoregister.nl:443/geonetwork/srv/dut/csw?service=CSW&request=GetRecordById&version=2.0.2&outputSchema=http://www.isotc211.org/2005/gmd&elementSetName=full&id=uwwtd-9d8e-4758-83fa-28b057f185e3#MD_DataIdentification, https://www.nationaalgeoregister.nl:443/geonetwork/srv/dut/csw?service=CSW&request=GetRecordById&version=2.0.2&outputSchema=http://www.isotc211.org/2005/gmd&elementSetName=full&id=uwwtd-9d8e-4758-83fa-28b057f185e2#MD_DataIdentification, https://www.nationaalgeoregister.nl:443/geonetwork/srv/dut/csw?service=CSW&request=GetRecordById&version=2.0.2&outputSchema=http://www.isotc211.org/2005/gmd&elementSetName=full&id=uwwtd-9d8e-4758-83fa-28b057f185e1#MD_DataIdentification]",
  "organisation": "Beheer PDOK",
  "serviceIdentifierCode": "c21c6bf5-8899-4b46-8986-0f65eca05ed0",
  "servicetype": "download",
  "title": "Richtlijn Stedelijk Afvalwater EU2015 ATOM",
  "url": "https://geodata.nationaalgeoregister.nl/rws/richtlijnstedelijkafvalwater2015/atom/v1_0/index.xml"
}

15:21:33.415 [ForkJoinPool-2-worker-7] INFO  com.intuit.karate - [print] testing url:https://geodata.nationaalgeoregister.nl/rws/richtlijnstedelijkafvalwater2015/atom/v1_0/index.xml
15:21:33.415 [pool-4-thread-3] INFO  com.intuit.karate.Runner - <<fail>> feature 75 of 367: tmp/junit17863174098671850733/Ministerie-van-Defensie--Koninklijke-Marine--Dienst-der-Hydrografie/EEZ-volgens-UNCLOS---Noordzee/view/EEZ-volgens-UNCLOS---Noordzee---Viewservice/checkViewUrl.feature
---------------------------------------------------------
feature: tmp/junit17863174098671850733/Ministerie-van-Defensie--Koninklijke-Marine--Dienst-der-Hydrografie/EEZ-volgens-UNCLOS---Noordzee/view/EEZ-volgens-UNCLOS---Noordzee---Viewservice/checkViewUrl.feature
report: target/surefire-reports/tmp.junit17863174098671850733.Ministerie-van-Defensie--Koninklijke-Marine--Dienst-der-Hydrografie.EEZ-volgens-UNCLOS---Noordzee.view.EEZ-volgens-UNCLOS---Noordzee---Viewservice.checkViewUrl.json
scenarios:  1 | passed:  0 | failed:  1 | time: 0.3437
---------------------------------------------------------
15:21:33.415 [ForkJoinPool-2-worker-7] DEBUG com.intuit.karate - request:
1 > HEAD https://geodata.nationaalgeoregister.nl/rws/richtlijnstedelijkafvalwater2015/atom/v1_0/index.xml
1 > Accept-Encoding: gzip,deflate
1 > Connection: Keep-Alive
1 > Host: geodata.nationaalgeoregister.nl
1 > User-Agent: Apache-HttpClient/4.5.11 (Java/13.0.5)

15:21:33.419 [ForkJoinPool-2-worker-5] INFO  com.intuit.karate - karate.env system property was:  
15:21:33.421 [ForkJoinPool-2-worker-5] INFO  com.intuit.karate - [print] {
  "class": "metadata.Service",
  "electronicMailAddress": "[beheerPDOK@kadaster.nl, beheerPDOK@kadaster.nl]",
  "metadataStandardVersion": "Nederlands metadata profiel op ISO 19119 voor services 2.0",
  "operatesOn": "[https://www.nationaalgeoregister.nl:443/geonetwork/srv/dut/csw?service=CSW&request=GetRecordById&version=2.0.2&outputSchema=http://www.isotc211.org/2005/gmd&elementSetName=full&id=uwwtd-9d8e-4758-83fa-28b057f185e3#MD_DataIdentification, https://www.nationaalgeoregister.nl:443/geonetwork/srv/dut/csw?service=CSW&request=GetRecordById&version=2.0.2&outputSchema=http://www.isotc211.org/2005/gmd&elementSetName=full&id=uwwtd-9d8e-4758-83fa-28b057f185e2#MD_DataIdentification, https://www.nationaalgeoregister.nl:443/geonetwork/srv/dut/csw?service=CSW&request=GetRecordById&version=2.0.2&outputSchema=http://www.isotc211.org/2005/gmd&elementSetName=full&id=uwwtd-9d8e-4758-83fa-28b057f185e1#MD_DataIdentification]",
  "organisation": "Beheer PDOK",
  "serviceIdentifierCode": "280cee65-1b66-4973-a569-75122e0b745b",
  "servicetype": "download",
  "title": "Richtlijn Stedelijk Afvalwater EU2015 WFS",
  "url": "https://geodata.nationaalgeoregister.nl/rws/richtlijnstedelijkafvalwater2015/wfs/v1_0?request=GetCapabilities&service=WFS"
}

15:21:33.421 [ForkJoinPool-2-worker-5] INFO  com.intuit.karate - [print] testing url:https://geodata.nationaalgeoregister.nl/rws/richtlijnstedelijkafvalwater2015/wfs/v1_0?request=GetCapabilities&service=WFS
15:21:33.422 [ForkJoinPool-2-worker-5] DEBUG com.intuit.karate - request:
1 > HEAD https://geodata.nationaalgeoregister.nl/rws/richtlijnstedelijkafvalwater2015/wfs/v1_0?request=GetCapabilities&service=WFS
1 > Accept-Encoding: gzip,deflate
1 > Connection: Keep-Alive
1 > Host: geodata.nationaalgeoregister.nl
1 > User-Agent: Apache-HttpClient/4.5.11 (Java/13.0.5)

15:21:33.425 [ForkJoinPool-2-worker-3] INFO  com.intuit.karate - [print] testing url:https://geodata.nationaalgeoregister.nl/rws/richtlijnstedelijkafvalwater2015/wms/v1_0?request=GetCapabilities&service=WMS
15:21:33.426 [ForkJoinPool-2-worker-3] DEBUG com.intuit.karate - request:
1 > HEAD https://geodata.nationaalgeoregister.nl/rws/richtlijnstedelijkafvalwater2015/wms/v1_0?request=GetCapabilities&service=WMS
1 > Accept-Encoding: gzip,deflate
1 > Connection: Keep-Alive
1 > Host: geodata.nationaalgeoregister.nl
1 > User-Agent: Apache-HttpClient/4.5.11 (Java/13.0.5)

15:21:33.505 [ForkJoinPool-2-worker-1] DEBUG com.intuit.karate - response time in milliseconds: 400.05
1 < 200
1 < Access-Control-Allow-Headers: SOAPAction,X-Requested-With,Content-Type,Origin,Authorization,Accept
1 < Access-Control-Allow-Methods: POST, GET, OPTIONS, HEAD
1 < Access-Control-Allow-Origin: *
1 < Access-Control-Max-Age: 1000
1 < Content-Length: 73
1 < Content-Type: text/html; charset=UTF-8
1 < Date: Mon, 26 Oct 2020 15:21:33 GMT
1 < Server: lighttpd/1.4.53
1 < X-Cnection: [close, close]

15:21:33.506 [ForkJoinPool-2-worker-1] ERROR com.intuit.karate - assertion failed: path: $['Content-Type'][0], actual: 'text/html; charset=UTF-8', expected: 'text/xml', reason: not equal
15:21:33.508 [pool-4-thread-2] INFO  com.intuit.karate.Runner - <<fail>> feature 76 of 367: tmp/junit17863174098671850733/Beheer-PDOK/Richtlijn-Stedelijk-Afvalwater---rioolwaterzuiveringsinstallaties-Nederland-EU2015/download/Richtlijn-Stedelijk-Afvalwater-EU2015-WFS/checkdownloadurl.feature
---------------------------------------------------------
feature: tmp/junit17863174098671850733/Beheer-PDOK/Richtlijn-Stedelijk-Afvalwater---rioolwaterzuiveringsinstallaties-Nederland-EU2015/download/Richtlijn-Stedelijk-Afvalwater-EU2015-WFS/checkdownloadurl.feature
report: target/surefire-reports/tmp.junit17863174098671850733.Beheer-PDOK.Richtlijn-Stedelijk-Afvalwater---rioolwaterzuiveringsinstallaties-Nederland-EU2015.download.Richtlijn-Stedelijk-Afvalwater-EU2015-WFS.checkdownloadurl.json
scenarios:  1 | passed:  0 | failed:  1 | time: 0.4037
---------------------------------------------------------
15:21:33.516 [ForkJoinPool-2-worker-1] INFO  com.intuit.karate - karate.env system property was:  
15:21:33.517 [ForkJoinPool-2-worker-1] INFO  com.intuit.karate - [print] {
  "class": "metadata.Service",
  "electronicMailAddress": "[beheerPDOK@kadaster.nl, beheerPDOK@kadaster.nl]",
  "metadataStandardVersion": "Nederlands metadata profiel op ISO 19119 voor services 2.0",
  "operatesOn": "[https://www.nationaalgeoregister.nl:443/geonetwork/srv/dut/csw?service=CSW&request=GetRecordById&version=2.0.2&outputSchema=http://www.isotc211.org/2005/gmd&elementSetName=full&id=uwwtd-9d8e-4758-83fa-28b057f185e3#MD_DataIdentification, https://www.nationaalgeoregister.nl:443/geonetwork/srv/dut/csw?service=CSW&request=GetRecordById&version=2.0.2&outputSchema=http://www.isotc211.org/2005/gmd&elementSetName=full&id=uwwtd-9d8e-4758-83fa-28b057f185e2#MD_DataIdentification, https://www.nationaalgeoregister.nl:443/geonetwork/srv/dut/csw?service=CSW&request=GetRecordById&version=2.0.2&outputSchema=http://www.isotc211.org/2005/gmd&elementSetName=full&id=uwwtd-9d8e-4758-83fa-28b057f185e1#MD_DataIdentification]",
  "organisation": "Beheer PDOK",
  "serviceIdentifierCode": "c21c6bf5-8899-4b46-8986-0f65eca05ed0",
  "servicetype": "download",
  "title": "Richtlijn Stedelijk Afvalwater EU2015 ATOM",
  "url": "https://geodata.nationaalgeoregister.nl/rws/richtlijnstedelijkafvalwater2015/atom/v1_0/index.xml"
}

15:21:33.517 [ForkJoinPool-2-worker-1] INFO  com.intuit.karate - [print] testing url:https://geodata.nationaalgeoregister.nl/rws/richtlijnstedelijkafvalwater2015/atom/v1_0/index.xml
15:21:33.518 [ForkJoinPool-2-worker-1] DEBUG com.intuit.karate - request:
1 > HEAD https://geodata.nationaalgeoregister.nl/rws/richtlijnstedelijkafvalwater2015/atom/v1_0/index.xml
1 > Accept-Encoding: gzip,deflate
1 > Connection: Keep-Alive
1 > Host: geodata.nationaalgeoregister.nl
1 > User-Agent: Apache-HttpClient/4.5.11 (Java/13.0.5)

15:21:33.827 [ForkJoinPool-2-worker-5] DEBUG com.intuit.karate - response time in milliseconds: 404.67
1 < 200
1 < Access-Control-Allow-Headers: SOAPAction,X-Requested-With,Content-Type,Origin,Authorization,Accept
1 < Access-Control-Allow-Methods: POST, GET, OPTIONS, HEAD
1 < Access-Control-Allow-Origin: *
1 < Access-Control-Max-Age: 1000
1 < Content-Length: 73
1 < Content-Type: text/html; charset=UTF-8
1 < Date: Mon, 26 Oct 2020 15:21:33 GMT
1 < Server: lighttpd/1.4.53
1 < X-Cnection: [close, close]

15:21:33.828 [ForkJoinPool-2-worker-3] DEBUG com.intuit.karate - response time in milliseconds: 401.66
1 < 200
1 < Access-Control-Allow-Headers: SOAPAction,X-Requested-With,Content-Type,Origin,Authorization,Accept
1 < Access-Control-Allow-Methods: POST, GET, OPTIONS, HEAD
1 < Access-Control-Allow-Origin: *
1 < Access-Control-Max-Age: 1000
1 < Content-Length: 73
1 < Content-Type: text/html; charset=UTF-8
1 < Date: Mon, 26 Oct 2020 15:21:33 GMT
1 < Server: lighttpd/1.4.53
1 < X-Cnection: [close, close]

15:21:33.828 [ForkJoinPool-2-worker-5] ERROR com.intuit.karate - assertion failed: path: $['Content-Type'][0], actual: 'text/html; charset=UTF-8', expected: 'text/xml', reason: not equal
15:21:33.829 [pool-4-thread-3] INFO  com.intuit.karate.Runner - <<fail>> feature 79 of 367: tmp/junit17863174098671850733/Beheer-PDOK/Richtlijn-Stedelijk-Afvalwater---lozingspunten-Nederland-EU2015/download/Richtlijn-Stedelijk-Afvalwater-EU2015-WFS/checkdownloadurl.feature
---------------------------------------------------------
feature: tmp/junit17863174098671850733/Beheer-PDOK/Richtlijn-Stedelijk-Afvalwater---lozingspunten-Nederland-EU2015/download/Richtlijn-Stedelijk-Afvalwater-EU2015-WFS/checkdownloadurl.feature
report: target/surefire-reports/tmp.junit17863174098671850733.Beheer-PDOK.Richtlijn-Stedelijk-Afvalwater---lozingspunten-Nederland-EU2015.download.Richtlijn-Stedelijk-Afvalwater-EU2015-WFS.checkdownloadurl.json
scenarios:  1 | passed:  0 | failed:  1 | time: 0.4078
---------------------------------------------------------
15:21:33.830 [pool-4-thread-4] INFO  com.intuit.karate.Runner - <<pass>> feature 78 of 367: tmp/junit17863174098671850733/Beheer-PDOK/Richtlijn-Stedelijk-Afvalwater---rioolwaterzuiveringsinstallaties-Nederland-EU2015/view/Richtlijn-Stedelijk-Afvalwater-EU2015-WMS/checkViewUrl.feature
---------------------------------------------------------
feature: tmp/junit17863174098671850733/Beheer-PDOK/Richtlijn-Stedelijk-Afvalwater---rioolwaterzuiveringsinstallaties-Nederland-EU2015/view/Richtlijn-Stedelijk-Afvalwater-EU2015-WMS/checkViewUrl.feature
report: target/surefire-reports/tmp.junit17863174098671850733.Beheer-PDOK.Richtlijn-Stedelijk-Afvalwater---rioolwaterzuiveringsinstallaties-Nederland-EU2015.view.Richtlijn-Stedelijk-Afvalwater-EU2015-WMS.checkViewUrl.json
scenarios:  1 | passed:  1 | failed:  0 | time: 0.4241
---------------------------------------------------------
15:21:33.835 [ForkJoinPool-2-worker-3] INFO  com.intuit.karate - karate.env system property was:  
15:21:33.838 [ForkJoinPool-2-worker-5] INFO  com.intuit.karate - karate.env system property was:  
15:21:33.839 [ForkJoinPool-2-worker-3] INFO  com.intuit.karate - [print] {
  "class": "metadata.Service",
  "electronicMailAddress": "[beheerPDOK@kadaster.nl, beheerPDOK@kadaster.nl]",
  "metadataStandardVersion": "Nederlands metadata profiel op ISO 19119 voor services 2.0",
  "operatesOn": "[https://www.nationaalgeoregister.nl:443/geonetwork/srv/dut/csw?service=CSW&request=GetRecordById&version=2.0.2&outputSchema=http://www.isotc211.org/2005/gmd&elementSetName=full&id=uwwtd-9d8e-4758-83fa-28b057f185e1#MD_DataIdentification, https://www.nationaalgeoregister.nl:443/geonetwork/srv/dut/csw?service=CSW&request=GetRecordById&version=2.0.2&outputSchema=http://www.isotc211.org/2005/gmd&elementSetName=full&id=uwwtd-9d8e-4758-83fa-28b057f185e2#MD_DataIdentification, https://www.nationaalgeoregister.nl:443/geonetwork/srv/dut/csw?service=CSW&request=GetRecordById&version=2.0.2&outputSchema=http://www.isotc211.org/2005/gmd&elementSetName=full&id=uwwtd-9d8e-4758-83fa-28b057f185e3#MD_DataIdentification]",
  "organisation": "Beheer PDOK",
  "serviceIdentifierCode": "108fec55-e467-4d04-ab35-fd0d7060e3e2",
  "servicetype": "view",
  "title": "Richtlijn Stedelijk Afvalwater EU2015 WMS",
  "url": "https://geodata.nationaalgeoregister.nl/rws/richtlijnstedelijkafvalwater2015/wms/v1_0?request=GetCapabilities&service=WMS"
}

15:21:33.842 [ForkJoinPool-2-worker-3] INFO  com.intuit.karate - [print] testing url:https://geodata.nationaalgeoregister.nl/rws/richtlijnstedelijkafvalwater2015/wms/v1_0?request=GetCapabilities&service=WMS
15:21:33.843 [ForkJoinPool-2-worker-3] DEBUG com.intuit.karate - request:
1 > HEAD https://geodata.nationaalgeoregister.nl/rws/richtlijnstedelijkafvalwater2015/wms/v1_0?request=GetCapabilities&service=WMS
1 > Accept-Encoding: gzip,deflate
1 > Connection: Keep-Alive
1 > Host: geodata.nationaalgeoregister.nl
1 > User-Agent: Apache-HttpClient/4.5.11 (Java/13.0.5)

15:21:33.851 [ForkJoinPool-2-worker-5] INFO  com.intuit.karate - [print] {
  "class": "metadata.Service",
  "electronicMailAddress": "[beheerpdok@kadaster.nl, beheerpdok@kadaster.nl]",
  "metadataStandardVersion": "Nederlands metadata profiel op ISO 19119 voor services 2.0",
  "operatesOn": "https://www.nationaalgeoregister.nl:443/geonetwork/srv/dut/csw?service=CSW&request=GetRecordById&version=2.0.2&outputSchema=http://www.isotc211.org/2005/gmd&elementSetName=full&id=07575774-57a1-4419-bab4-6c88fdeb02b2#MD_DataIdentification",
  "organisation": "Beheer PDOK",
  "serviceIdentifierCode": "15c3c30f-0db2-4b3b-80f6-b990c8fc8225",
  "servicetype": "download",
  "title": "Waterschappen Hydrografie INSPIRE ATOM",
  "url": "https://service.pdok.nl/hwh/hydrografie/atom/v1_0/index.xml"
}

15:21:33.851 [ForkJoinPool-2-worker-5] INFO  com.intuit.karate - [print] testing url:https://service.pdok.nl/hwh/hydrografie/atom/v1_0/index.xml
15:21:33.852 [ForkJoinPool-2-worker-5] DEBUG com.intuit.karate - request:
1 > HEAD https://service.pdok.nl/hwh/hydrografie/atom/v1_0/index.xml
1 > Accept-Encoding: gzip,deflate
1 > Connection: Keep-Alive
1 > Host: service.pdok.nl
1 > User-Agent: Apache-HttpClient/4.5.11 (Java/13.0.5)

15:21:34.245 [ForkJoinPool-2-worker-3] DEBUG com.intuit.karate - response time in milliseconds: 401.84
1 < 200
1 < Access-Control-Allow-Headers: SOAPAction,X-Requested-With,Content-Type,Origin,Authorization,Accept
1 < Access-Control-Allow-Methods: POST, GET, OPTIONS, HEAD
1 < Access-Control-Allow-Origin: *
1 < Access-Control-Max-Age: 1000
1 < Content-Length: 73
1 < Content-Type: text/html; charset=UTF-8
1 < Date: Mon, 26 Oct 2020 15:21:34 GMT
1 < Server: lighttpd/1.4.53
1 < X-Cnection: [close, close]

15:21:34.248 [pool-4-thread-3] INFO  com.intuit.karate.Runner - <<pass>> feature 81 of 367: tmp/junit17863174098671850733/Beheer-PDOK/Richtlijn-Stedelijk-Afvalwater---lozingspunten-Nederland-EU2015/view/Richtlijn-Stedelijk-Afvalwater-EU2015-WMS/checkViewUrl.feature
---------------------------------------------------------
feature: tmp/junit17863174098671850733/Beheer-PDOK/Richtlijn-Stedelijk-Afvalwater---lozingspunten-Nederland-EU2015/view/Richtlijn-Stedelijk-Afvalwater-EU2015-WMS/checkViewUrl.feature
report: target/surefire-reports/tmp.junit17863174098671850733.Beheer-PDOK.Richtlijn-Stedelijk-Afvalwater---lozingspunten-Nederland-EU2015.view.Richtlijn-Stedelijk-Afvalwater-EU2015-WMS.checkViewUrl.json
scenarios:  1 | passed:  1 | failed:  0 | time: 0.4115
---------------------------------------------------------
15:21:34.262 [ForkJoinPool-2-worker-3] INFO  com.intuit.karate - karate.env system property was:  
15:21:34.264 [ForkJoinPool-2-worker-3] INFO  com.intuit.karate - [print] {
  "class": "metadata.Service",
  "electronicMailAddress": "[beheerpdok@kadaster.nl, beheerpdok@kadaster.nl]",
  "metadataStandardVersion": "Nederlands metadata profiel op ISO 19119 voor services 2.0",
  "operatesOn": "https://www.nationaalgeoregister.nl:443/geonetwork/srv/dut/csw?service=CSW&request=GetRecordById&version=2.0.2&outputSchema=http://www.isotc211.org/2005/gmd&elementSetName=full&id=07575774-57a1-4419-bab4-6c88fdeb02b2#MD_DataIdentification",
  "organisation": "Beheer PDOK",
  "serviceIdentifierCode": "67bcc21d-beda-449d-975c-00a4fa80f2b7",
  "servicetype": "view",
  "title": "Waterschappen Hydrografie INSPIRE WMS",
  "url": "https://service.pdok.nl/hwh/hydrografie/wms/v1_0?request=GetCapabilities&service=WMS"
}

15:21:34.267 [ForkJoinPool-2-worker-3] INFO  com.intuit.karate - [print] testing url:https://service.pdok.nl/hwh/hydrografie/wms/v1_0?request=GetCapabilities&service=WMS
15:21:34.269 [ForkJoinPool-2-worker-3] DEBUG com.intuit.karate - request:
1 > HEAD https://service.pdok.nl/hwh/hydrografie/wms/v1_0?request=GetCapabilities&service=WMS
1 > Accept-Encoding: gzip,deflate
1 > Connection: Keep-Alive
1 > Host: service.pdok.nl
1 > User-Agent: Apache-HttpClient/4.5.11 (Java/13.0.5)

15:21:34.616 [ForkJoinPool-2-worker-7] DEBUG com.intuit.karate - response time in milliseconds: 1199.83
1 < 200
1 < Accept-Ranges: bytes
1 < Access-Control-Allow-Headers: SOAPAction,X-Requested-With,Content-Type,Origin,Authorization,Accept
1 < Access-Control-Allow-Methods: POST, GET, OPTIONS, HEAD
1 < Access-Control-Allow-Origin: *
1 < Access-Control-Max-Age: 1000
1 < Content-Length: 5631
1 < Content-Security-Policy: block-all-mixed-content
1 < Content-Type: application/xml
1 < Date: Mon, 26 Oct 2020 15:21:34 GMT
1 < Etag: "49a033f09fcd1b18ab009d70bb5f15ba-1"
1 < Last-Modified: Tue, 08 Oct 2019 09:07:54 GMT
1 < Server: MinIO/RELEASE.2020-09-21T22-31-59Z
1 < Vary: Origin
1 < X-Amz-Bucket-Region: Amsterdam
1 < X-Amz-Request-Id: 16419405A9E66773
1 < X-Cnection: [close, close]
1 < X-Xss-Protection: 1; mode=block

15:21:34.617 [ForkJoinPool-2-worker-7] ERROR com.intuit.karate - assertion failed: path: $['Content-Type'][0], actual: 'application/xml', expected: 'text/xml', reason: not equal
15:21:34.619 [pool-4-thread-1] INFO  com.intuit.karate.Runner - <<fail>> feature 77 of 367: tmp/junit17863174098671850733/Beheer-PDOK/Richtlijn-Stedelijk-Afvalwater---rioolwaterzuiveringsinstallaties-Nederland-EU2015/download/Richtlijn-Stedelijk-Afvalwater-EU2015-ATOM/checkdownloadurl.feature
---------------------------------------------------------
feature: tmp/junit17863174098671850733/Beheer-PDOK/Richtlijn-Stedelijk-Afvalwater---rioolwaterzuiveringsinstallaties-Nederland-EU2015/download/Richtlijn-Stedelijk-Afvalwater-EU2015-ATOM/checkdownloadurl.feature
report: target/surefire-reports/tmp.junit17863174098671850733.Beheer-PDOK.Richtlijn-Stedelijk-Afvalwater---rioolwaterzuiveringsinstallaties-Nederland-EU2015.download.Richtlijn-Stedelijk-Afvalwater-EU2015-ATOM.checkdownloadurl.json
scenarios:  1 | passed:  0 | failed:  1 | time: 1.2032
---------------------------------------------------------
15:21:34.630 [ForkJoinPool-2-worker-7] INFO  com.intuit.karate - karate.env system property was:  
15:21:34.632 [ForkJoinPool-2-worker-7] INFO  com.intuit.karate - [print] {
  "class": "metadata.Service",
  "electronicMailAddress": "[beheerpdok@kadaster.nl, beheerpdok@kadaster.nl]",
  "metadataStandardVersion": "Nederlands metadata profiel op ISO 19119 voor services 2.0",
  "operatesOn": "https://www.nationaalgeoregister.nl:443/geonetwork/srv/dut/csw?service=CSW&request=GetRecordById&version=2.0.2&outputSchema=http://www.isotc211.org/2005/gmd&elementSetName=full&id=ed960299-a147-4c1a-bc57-41ff83a2264f#MD_DataIdentification",
  "organisation": "Beheer PDOK",
  "serviceIdentifierCode": "ac3a9efe-2154-4a4c-aae3-ea269044945d",
  "servicetype": "view",
  "title": "BRO - Bodemkaart WMS",
  "url": "https://geodata.nationaalgeoregister.nl/bzk/bro-bodemkaart/wms/v1_0?request=GetCapabilities&service=wms"
}

15:21:34.635 [ForkJoinPool-2-worker-7] INFO  com.intuit.karate - [print] testing url:https://geodata.nationaalgeoregister.nl/bzk/bro-bodemkaart/wms/v1_0?request=GetCapabilities&service=wms
15:21:34.636 [ForkJoinPool-2-worker-7] DEBUG com.intuit.karate - request:
1 > HEAD https://geodata.nationaalgeoregister.nl/bzk/bro-bodemkaart/wms/v1_0?request=GetCapabilities&service=wms
1 > Accept-Encoding: gzip,deflate
1 > Connection: Keep-Alive
1 > Host: geodata.nationaalgeoregister.nl
1 > User-Agent: Apache-HttpClient/4.5.11 (Java/13.0.5)

15:21:34.673 [ForkJoinPool-2-worker-5] DEBUG com.intuit.karate - response time in milliseconds: 819.96
1 < 200
1 < Accept-Ranges: bytes
1 < Access-Control-Allow-Headers: Content-Type
1 < Access-Control-Allow-Method: GET,OPTIONS,HEAD
1 < Access-Control-Allow-Origin: *
1 < Content-Length: 3208
1 < Content-Type: text/xml
1 < Date: Mon, 26 Oct 2020 15:21:34 GMT
1 < Etag: "1996694673"
1 < Last-Modified: Wed, 21 Oct 2020 23:10:50 GMT
1 < Server: PDOK ATOM SERVER
1 < Strict-Transport-Security: max-age=3600; includeSubDomains; preload

15:21:34.675 [pool-4-thread-4] INFO  com.intuit.karate.Runner - <<pass>> feature 82 of 367: tmp/junit17863174098671850733/Beheer-PDOK/Hydrografie-waterschappen-INSPIRE/download/Waterschappen-Hydrografie-INSPIRE-ATOM/checkdownloadurl.feature
---------------------------------------------------------
feature: tmp/junit17863174098671850733/Beheer-PDOK/Hydrografie-waterschappen-INSPIRE/download/Waterschappen-Hydrografie-INSPIRE-ATOM/checkdownloadurl.feature
report: target/surefire-reports/tmp.junit17863174098671850733.Beheer-PDOK.Hydrografie-waterschappen-INSPIRE.download.Waterschappen-Hydrografie-INSPIRE-ATOM.checkdownloadurl.json
scenarios:  1 | passed:  1 | failed:  0 | time: 0.8294
---------------------------------------------------------
15:21:34.678 [ForkJoinPool-2-worker-3] DEBUG com.intuit.karate - response time in milliseconds: 408.19
1 < 200
1 < Access-Control-Allow-Headers: Content-Type
1 < Access-Control-Allow-Method: GET,POST,OPTIONS
1 < Access-Control-Allow-Origin: *
1 < Content-Length: 15002
1 < Content-Type: text/xml; charset=UTF-8
1 < Date: Mon, 26 Oct 2020 15:21:34 GMT
1 < Server: lighttpd/1.4.53
1 < Strict-Transport-Security: max-age=3600; includeSubDomains; preload

15:21:34.680 [pool-4-thread-3] INFO  com.intuit.karate.Runner - <<pass>> feature 83 of 367: tmp/junit17863174098671850733/Beheer-PDOK/Hydrografie-waterschappen-INSPIRE/view/Waterschappen-Hydrografie-INSPIRE-WMS/checkViewUrl.feature
---------------------------------------------------------
feature: tmp/junit17863174098671850733/Beheer-PDOK/Hydrografie-waterschappen-INSPIRE/view/Waterschappen-Hydrografie-INSPIRE-WMS/checkViewUrl.feature
report: target/surefire-reports/tmp.junit17863174098671850733.Beheer-PDOK.Hydrografie-waterschappen-INSPIRE.view.Waterschappen-Hydrografie-INSPIRE-WMS.checkViewUrl.json
scenarios:  1 | passed:  1 | failed:  0 | time: 0.4157
---------------------------------------------------------
15:21:34.680 [ForkJoinPool-2-worker-3] INFO  com.intuit.karate - karate.env system property was:  
15:21:34.682 [ForkJoinPool-2-worker-3] INFO  com.intuit.karate - [print] {
  "class": "metadata.Service",
  "electronicMailAddress": "[beheerPDOK@kadaster.nl, beheerPDOK@kadaster.nl]",
  "metadataStandardVersion": "Nederlands metadata profiel op ISO 19119 voor services 2.0",
  "operatesOn": "http://nationaalgeoregister.nl/geonetwork/srv/dut/csw?service=CSW&version=2.0.2&request=GetRecordById&outputschema=http://www.isotc211.org/2005/gmd&elementsetname=full&id=d845cef6-0e23-4212-a951-b69763e39ef0#MD_DataIdentification",
  "organisation": "Beheer PDOK",
  "serviceIdentifierCode": "180b6682-5d6f-429d-abb7-32f7d6253787",
  "servicetype": "download",
  "title": "Windsnelheden 100m hoogte WFS",
  "url": "https://geodata.nationaalgeoregister.nl/windkaart/wfs?request=GetCapabilities"
}

15:21:34.682 [ForkJoinPool-2-worker-3] INFO  com.intuit.karate - [print] testing url:https://geodata.nationaalgeoregister.nl/windkaart/wfs?request=GetCapabilities
15:21:34.682 [ForkJoinPool-2-worker-3] DEBUG com.intuit.karate - request:
1 > HEAD https://geodata.nationaalgeoregister.nl/windkaart/wfs?request=GetCapabilities
1 > Accept-Encoding: gzip,deflate
1 > Connection: Keep-Alive
1 > Host: geodata.nationaalgeoregister.nl
1 > User-Agent: Apache-HttpClient/4.5.11 (Java/13.0.5)

15:21:34.685 [ForkJoinPool-2-worker-5] INFO  com.intuit.karate - karate.env system property was:  
15:21:34.688 [ForkJoinPool-2-worker-5] INFO  com.intuit.karate - [print] {
  "class": "metadata.Service",
  "electronicMailAddress": "[beheerPDOK@kadaster.nl, beheerPDOK@kadaster.nl]",
  "metadataStandardVersion": "Nederlands metadata profiel op ISO 19119 voor services 2.0",
  "operatesOn": "http://nationaalgeoregister.nl/geonetwork/srv/dut/csw?service=CSW&version=2.0.2&request=GetRecordById&outputschema=http://www.isotc211.org/2005/gmd&elementsetname=full&id=d845cef6-0e23-4212-a951-b69763e39ef0#MD_DataIdentification",
  "organisation": "Beheer PDOK",
  "serviceIdentifierCode": "d981070b-888c-42d5-85ff-1e383f3d7fce",
  "servicetype": "view",
  "title": "Windsnelheden 100m hoogte WMS",
  "url": "https://geodata.nationaalgeoregister.nl/windkaart/wms?request=GetCapabilities"
}

15:21:34.688 [ForkJoinPool-2-worker-5] INFO  com.intuit.karate - [print] testing url:https://geodata.nationaalgeoregister.nl/windkaart/wms?request=GetCapabilities
15:21:34.689 [ForkJoinPool-2-worker-5] DEBUG com.intuit.karate - request:
1 > HEAD https://geodata.nationaalgeoregister.nl/windkaart/wms?request=GetCapabilities
1 > Accept-Encoding: gzip,deflate
1 > Connection: Keep-Alive
1 > Host: geodata.nationaalgeoregister.nl
1 > User-Agent: Apache-HttpClient/4.5.11 (Java/13.0.5)

15:21:34.812 [ForkJoinPool-2-worker-1] DEBUG com.intuit.karate - response time in milliseconds: 1293.76
1 < 200
1 < Accept-Ranges: bytes
1 < Access-Control-Allow-Headers: SOAPAction,X-Requested-With,Content-Type,Origin,Authorization,Accept
1 < Access-Control-Allow-Methods: POST, GET, OPTIONS, HEAD
1 < Access-Control-Allow-Origin: *
1 < Access-Control-Max-Age: 1000
1 < Content-Length: 5631
1 < Content-Security-Policy: block-all-mixed-content
1 < Content-Type: application/xml
1 < Date: Mon, 26 Oct 2020 15:21:34 GMT
1 < Etag: "49a033f09fcd1b18ab009d70bb5f15ba-1"
1 < Last-Modified: Tue, 08 Oct 2019 09:07:54 GMT
1 < Server: MinIO/RELEASE.2020-09-21T22-31-59Z
1 < Vary: Origin
1 < X-Amz-Bucket-Region: Amsterdam
1 < X-Amz-Request-Id: 16419405B5CEAD1A
1 < X-Cnection: [close, close]
1 < X-Xss-Protection: 1; mode=block

15:21:34.813 [ForkJoinPool-2-worker-1] ERROR com.intuit.karate - assertion failed: path: $['Content-Type'][0], actual: 'application/xml', expected: 'text/xml', reason: not equal
15:21:34.814 [pool-4-thread-2] INFO  com.intuit.karate.Runner - <<fail>> feature 80 of 367: tmp/junit17863174098671850733/Beheer-PDOK/Richtlijn-Stedelijk-Afvalwater---lozingspunten-Nederland-EU2015/download/Richtlijn-Stedelijk-Afvalwater-EU2015-ATOM/checkdownloadurl.feature
---------------------------------------------------------
feature: tmp/junit17863174098671850733/Beheer-PDOK/Richtlijn-Stedelijk-Afvalwater---lozingspunten-Nederland-EU2015/download/Richtlijn-Stedelijk-Afvalwater-EU2015-ATOM/checkdownloadurl.feature
report: target/surefire-reports/tmp.junit17863174098671850733.Beheer-PDOK.Richtlijn-Stedelijk-Afvalwater---lozingspunten-Nederland-EU2015.download.Richtlijn-Stedelijk-Afvalwater-EU2015-ATOM.checkdownloadurl.json
scenarios:  1 | passed:  0 | failed:  1 | time: 1.2967
---------------------------------------------------------
15:21:34.818 [ForkJoinPool-2-worker-1] INFO  com.intuit.karate - karate.env system property was:  
15:21:34.819 [ForkJoinPool-2-worker-1] INFO  com.intuit.karate - [print] {
  "class": "metadata.Service",
  "electronicMailAddress": "[beheerPDOK@kadaster.nl, beheerPDOK@kadaster.nl]",
  "metadataStandardVersion": "Nederlands metadata profiel op ISO 19119 voor services 2.0",
  "operatesOn": "http://nationaalgeoregister.nl/geonetwork/srv/dut/csw?service=CSW&version=2.0.2&request=GetRecordById&outputschema=http://www.isotc211.org/2005/gmd&elementsetname=full&id=791adbe3-772f-42cb-a3be-5a617bcecef0#MD_DataIdentification",
  "organisation": "Beheer PDOK",
  "serviceIdentifierCode": "2f12ef7d-3eb4-46a9-8b45-702a0f054d57",
  "servicetype": "download",
  "title": "Zeegebieden (INSPIRE geharmoniseerd) WFS",
  "url": "https://geodata.nationaalgeoregister.nl/inspire/sr/wfs?request=GetCapabilities"
}

15:21:34.820 [ForkJoinPool-2-worker-1] INFO  com.intuit.karate - [print] testing url:https://geodata.nationaalgeoregister.nl/inspire/sr/wfs?request=GetCapabilities
15:21:34.820 [ForkJoinPool-2-worker-1] DEBUG com.intuit.karate - request:
1 > HEAD https://geodata.nationaalgeoregister.nl/inspire/sr/wfs?request=GetCapabilities
1 > Accept-Encoding: gzip,deflate
1 > Connection: Keep-Alive
1 > Host: geodata.nationaalgeoregister.nl
1 > User-Agent: Apache-HttpClient/4.5.11 (Java/13.0.5)

15:21:35.041 [ForkJoinPool-2-worker-7] DEBUG com.intuit.karate - response time in milliseconds: 404.61
1 < 200
1 < Access-Control-Allow-Headers: SOAPAction,X-Requested-With,Content-Type,Origin,Authorization,Accept
1 < Access-Control-Allow-Methods: POST, GET, OPTIONS, HEAD
1 < Access-Control-Allow-Origin: *
1 < Access-Control-Max-Age: 1000
1 < Content-Length: 73
1 < Content-Type: text/html; charset=UTF-8
1 < Date: Mon, 26 Oct 2020 15:21:34 GMT
1 < Server: lighttpd/1.4.53
1 < X-Cnection: [close, close]

15:21:35.045 [pool-4-thread-1] INFO  com.intuit.karate.Runner - <<pass>> feature 84 of 367: tmp/junit17863174098671850733/Beheer-PDOK/Bodemkaart50000-versie2014/view/BRO---Bodemkaart-WMS/checkViewUrl.feature
---------------------------------------------------------
feature: tmp/junit17863174098671850733/Beheer-PDOK/Bodemkaart50000-versie2014/view/BRO---Bodemkaart-WMS/checkViewUrl.feature
report: target/surefire-reports/tmp.junit17863174098671850733.Beheer-PDOK.Bodemkaart50000-versie2014.view.BRO---Bodemkaart-WMS.checkViewUrl.json
scenarios:  1 | passed:  1 | failed:  0 | time: 0.4112
---------------------------------------------------------
15:21:35.049 [ForkJoinPool-2-worker-7] INFO  com.intuit.karate - karate.env system property was:  
15:21:35.050 [ForkJoinPool-2-worker-7] INFO  com.intuit.karate - [print] {
  "class": "metadata.Service",
  "electronicMailAddress": "[beheerPDOK@kadaster.nl, beheerPDOK@kadaster.nl]",
  "metadataStandardVersion": "Nederlands metadata profiel op ISO 19119 voor services 2.0",
  "operatesOn": "https://www.nationaalgeoregister.nl/geonetwork/srv/dut/csw?service=CSW&request=GetRecordById&version=2.0.2&outputSchema=http://www.isotc211.org/2005/gmd&elementSetName=full&id=791adbe3-772f-42cb-a3be-5a617bcecef0#MD_DataIdentification",
  "organisation": "Beheer PDOK",
  "serviceIdentifierCode": "635bdc85-c596-4afb-ab07-de20c662310c",
  "servicetype": "view",
  "title": "Zeegebieden (INSPIRE geharmoniseerd) WMS",
  "url": "https://geodata.nationaalgeoregister.nl/inspire/sr/wms?request=GetCapabilities"
}

15:21:35.050 [ForkJoinPool-2-worker-7] INFO  com.intuit.karate - [print] testing url:https://geodata.nationaalgeoregister.nl/inspire/sr/wms?request=GetCapabilities
15:21:35.051 [ForkJoinPool-2-worker-7] DEBUG com.intuit.karate - request:
1 > HEAD https://geodata.nationaalgeoregister.nl/inspire/sr/wms?request=GetCapabilities
1 > Accept-Encoding: gzip,deflate
1 > Connection: Keep-Alive
1 > Host: geodata.nationaalgeoregister.nl
1 > User-Agent: Apache-HttpClient/4.5.11 (Java/13.0.5)

15:21:35.104 [ForkJoinPool-2-worker-3] DEBUG com.intuit.karate - response time in milliseconds: 421.30
1 < 200
1 < Access-Control-Allow-Headers: SOAPAction,X-Requested-With,Content-Type,Origin,Authorization,Accept
1 < Access-Control-Allow-Methods: POST, GET, OPTIONS, HEAD
1 < Access-Control-Allow-Origin: *
1 < Access-Control-Max-Age: 1000
1 < Content-Disposition: inline; filename=geoserver-GetCapabilities.application
1 < Content-Type: application/xml
1 < Date: Mon, 26 Oct 2020 15:21:34 GMT
1 < X-Cnection: [close, close]

15:21:35.105 [ForkJoinPool-2-worker-3] ERROR com.intuit.karate - assertion failed: path: $['Content-Length'][0], actual: null, expected: '#notnull', reason: actual json-path does not exist
15:21:35.107 [pool-4-thread-4] INFO  com.intuit.karate.Runner - <<fail>> feature 85 of 367: tmp/junit17863174098671850733/Beheer-PDOK/Windsnelheden-op-100m-hoogte--m/s-/download/Windsnelheden-100m-hoogte-WFS/checkdownloadurl.feature
---------------------------------------------------------
feature: tmp/junit17863174098671850733/Beheer-PDOK/Windsnelheden-op-100m-hoogte--m/s-/download/Windsnelheden-100m-hoogte-WFS/checkdownloadurl.feature
report: target/surefire-reports/tmp.junit17863174098671850733.Beheer-PDOK.Windsnelheden-op-100m-hoogte--m.s-.download.Windsnelheden-100m-hoogte-WFS.checkdownloadurl.json
scenarios:  1 | passed:  0 | failed:  1 | time: 0.4242
---------------------------------------------------------
15:21:35.114 [ForkJoinPool-2-worker-3] INFO  com.intuit.karate - karate.env system property was:  
15:21:35.116 [ForkJoinPool-2-worker-3] INFO  com.intuit.karate - [print] {
  "class": "metadata.Service",
  "electronicMailAddress": "[beheerPDOK@kadaster.nl, beheerPDOK@kadaster.nl]",
  "metadataStandardVersion": "Nederlands metadata profiel op ISO 19119 voor services 2.0",
  "operatesOn": "http://nationaalgeoregister.nl/geonetwork/srv/dut/csw?service=CSW&version=2.0.2&request=GetRecordById&outputschema=http://www.isotc211.org/2005/gmd&elementsetname=full&id=aa3b5e6e-7baa-40c0-8972-3353e927ec2f#MD_DataIdentification",
  "organisation": "Beheer PDOK",
  "serviceIdentifierCode": "1c0dcc64-91aa-4d44-a9e3-54355556f5e7",
  "servicetype": "download",
  "title": "BAG WFS",
  "url": "https://geodata.nationaalgeoregister.nl/bag/wfs/v1_1?request=getCapabilities&service=WFS"
}

15:21:35.119 [ForkJoinPool-2-worker-3] INFO  com.intuit.karate - [print] testing url:https://geodata.nationaalgeoregister.nl/bag/wfs/v1_1?request=getCapabilities&service=WFS
15:21:35.121 [ForkJoinPool-2-worker-3] DEBUG com.intuit.karate - request:
1 > HEAD https://geodata.nationaalgeoregister.nl/bag/wfs/v1_1?request=getCapabilities&service=WFS
1 > Accept-Encoding: gzip,deflate
1 > Connection: Keep-Alive
1 > Host: geodata.nationaalgeoregister.nl
1 > User-Agent: Apache-HttpClient/4.5.11 (Java/13.0.5)

15:21:35.134 [ForkJoinPool-2-worker-5] DEBUG com.intuit.karate - response time in milliseconds: 445.63
1 < 200
1 < Access-Control-Allow-Headers: SOAPAction,X-Requested-With,Content-Type,Origin,Authorization,Accept
1 < Access-Control-Allow-Methods: POST, GET, OPTIONS, HEAD
1 < Access-Control-Allow-Origin: *
1 < Access-Control-Max-Age: 1000
1 < Content-Disposition: inline; filename=getcapabilities_1.3.0.xml
1 < Content-Type: text/xml
1 < Date: Mon, 26 Oct 2020 15:21:34 GMT
1 < X-Cnection: [close, close]

15:21:35.135 [ForkJoinPool-2-worker-5] ERROR com.intuit.karate - assertion failed: path: $['Content-Length'][0], actual: null, expected: '#notnull', reason: actual json-path does not exist
15:21:35.136 [pool-4-thread-3] INFO  com.intuit.karate.Runner - <<fail>> feature 86 of 367: tmp/junit17863174098671850733/Beheer-PDOK/Windsnelheden-op-100m-hoogte--m/s-/view/Windsnelheden-100m-hoogte-WMS/checkViewUrl.feature
---------------------------------------------------------
feature: tmp/junit17863174098671850733/Beheer-PDOK/Windsnelheden-op-100m-hoogte--m/s-/view/Windsnelheden-100m-hoogte-WMS/checkViewUrl.feature
report: target/surefire-reports/tmp.junit17863174098671850733.Beheer-PDOK.Windsnelheden-op-100m-hoogte--m.s-.view.Windsnelheden-100m-hoogte-WMS.checkViewUrl.json
scenarios:  1 | passed:  0 | failed:  1 | time: 0.4480
---------------------------------------------------------
15:21:35.140 [ForkJoinPool-2-worker-5] INFO  com.intuit.karate - karate.env system property was:  
15:21:35.145 [ForkJoinPool-2-worker-5] INFO  com.intuit.karate - [print] {
  "class": "metadata.Service",
  "electronicMailAddress": "[beheerPDOK@kadaster.nl, beheerPDOK@kadaster.nl]",
  "metadataStandardVersion": "Nederlands metadata profiel op ISO 19119 voor services 2.0",
  "operatesOn": "http://nationaalgeoregister.nl/geonetwork/srv/dut/csw?service=CSW&version=2.0.2&request=GetRecordById&outputschema=http://www.isotc211.org/2005/gmd&elementsetname=full&id=aa3b5e6e-7baa-40c0-8972-3353e927ec2f#MD_DataIdentification",
  "organisation": "Beheer PDOK",
  "serviceIdentifierCode": "9e2e977a-16a6-42a4-a208-c4f70704f383",
  "servicetype": "view",
  "title": "BAG WMS",
  "url": "https://geodata.nationaalgeoregister.nl/bag/wms/v1_1?request=getCapabilities&service=WMS"
}

15:21:35.145 [ForkJoinPool-2-worker-5] INFO  com.intuit.karate - [print] testing url:https://geodata.nationaalgeoregister.nl/bag/wms/v1_1?request=getCapabilities&service=WMS
15:21:35.149 [ForkJoinPool-2-worker-5] DEBUG com.intuit.karate - request:
1 > HEAD https://geodata.nationaalgeoregister.nl/bag/wms/v1_1?request=getCapabilities&service=WMS
1 > Accept-Encoding: gzip,deflate
1 > Connection: Keep-Alive
1 > Host: geodata.nationaalgeoregister.nl
1 > User-Agent: Apache-HttpClient/4.5.11 (Java/13.0.5)

15:21:35.221 [ForkJoinPool-2-worker-1] DEBUG com.intuit.karate - response time in milliseconds: 400.44
1 < 200
1 < Accept-Ranges: bytes
1 < Access-Control-Allow-Headers: SOAPAction,X-Requested-With,Content-Type,Origin,Authorization,Accept
1 < Access-Control-Allow-Methods: POST, GET, OPTIONS, HEAD
1 < Access-Control-Allow-Origin: *
1 < Access-Control-Max-Age: 1000
1 < Content-Type: application/xml
1 < Date: Mon, 26 Oct 2020 15:21:35 GMT
1 < ETag: "19004-5af58ad51b2ef-gzip"
1 < Last-Modified: Tue, 15 Sep 2020 11:44:43 GMT
1 < Vary: Accept-Encoding
1 < X-Cnection: [close, close]

15:21:35.222 [ForkJoinPool-2-worker-1] ERROR com.intuit.karate - assertion failed: path: $['Content-Length'][0], actual: null, expected: '#notnull', reason: actual json-path does not exist
15:21:35.224 [pool-4-thread-2] INFO  com.intuit.karate.Runner - <<fail>> feature 87 of 367: tmp/junit17863174098671850733/Beheer-PDOK/Zeegebieden--INSPIRE-geharmoniseerd-/download/Zeegebieden--INSPIRE-geharmoniseerd--WFS/checkdownloadurl.feature
---------------------------------------------------------
feature: tmp/junit17863174098671850733/Beheer-PDOK/Zeegebieden--INSPIRE-geharmoniseerd-/download/Zeegebieden--INSPIRE-geharmoniseerd--WFS/checkdownloadurl.feature
report: target/surefire-reports/tmp.junit17863174098671850733.Beheer-PDOK.Zeegebieden--INSPIRE-geharmoniseerd-.download.Zeegebieden--INSPIRE-geharmoniseerd--WFS.checkdownloadurl.json
scenarios:  1 | passed:  0 | failed:  1 | time: 0.4033
---------------------------------------------------------
15:21:35.230 [ForkJoinPool-2-worker-1] INFO  com.intuit.karate - karate.env system property was:  
15:21:35.233 [ForkJoinPool-2-worker-1] INFO  com.intuit.karate - [print] {
  "class": "metadata.Service",
  "electronicMailAddress": "[beheerPDOK@kadaster.nl, beheerPDOK@kadaster.nl]",
  "metadataStandardVersion": "Nederlands metadata profiel op ISO 19119 voor services 2.0",
  "operatesOn": "http://nationaalgeoregister.nl/geonetwork/srv/dut/csw?service=CSW&version=2.0.2&request=GetRecordById&outputschema=http://www.isotc211.org/2005/gmd&elementsetname=full&id=31de946d-85d4-4c93-bb97-e25f4ef1401a#MD_DataIdentification",
  "organisation": "Beheer PDOK",
  "serviceIdentifierCode": "97a7d966-7261-49d4-bc08-c4900981f092",
  "servicetype": "download",
  "title": "Vervoersnetwerken - Luchttransport (INSPIRE geharmoniseerd) WFS",
  "url": "https://geodata.nationaalgeoregister.nl/inspire/tn-a/wfs?request=GetCapabilities"
}

15:21:35.234 [ForkJoinPool-2-worker-1] INFO  com.intuit.karate - [print] testing url:https://geodata.nationaalgeoregister.nl/inspire/tn-a/wfs?request=GetCapabilities
15:21:35.234 [ForkJoinPool-2-worker-1] DEBUG com.intuit.karate - request:
1 > HEAD https://geodata.nationaalgeoregister.nl/inspire/tn-a/wfs?request=GetCapabilities
1 > Accept-Encoding: gzip,deflate
1 > Connection: Keep-Alive
1 > Host: geodata.nationaalgeoregister.nl
1 > User-Agent: Apache-HttpClient/4.5.11 (Java/13.0.5)

15:21:35.477 [ForkJoinPool-2-worker-7] DEBUG com.intuit.karate - response time in milliseconds: 425.55
1 < 200
1 < Access-Control-Allow-Headers: SOAPAction,X-Requested-With,Content-Type,Origin,Authorization,Accept
1 < Access-Control-Allow-Methods: POST, GET, OPTIONS, HEAD
1 < Access-Control-Allow-Origin: *
1 < Access-Control-Max-Age: 1000
1 < Content-Disposition: inline; filename=getcapabilities_1.3.0.xml
1 < Content-Type: text/xml
1 < Date: Mon, 26 Oct 2020 15:21:35 GMT
1 < X-Cnection: [close, close]

15:21:35.478 [ForkJoinPool-2-worker-7] ERROR com.intuit.karate - assertion failed: path: $['Content-Length'][0], actual: null, expected: '#notnull', reason: actual json-path does not exist
15:21:35.480 [pool-4-thread-1] INFO  com.intuit.karate.Runner - <<fail>> feature 88 of 367: tmp/junit17863174098671850733/Beheer-PDOK/Zeegebieden--INSPIRE-geharmoniseerd-/view/Zeegebieden--INSPIRE-geharmoniseerd--WMS/checkViewUrl.feature
---------------------------------------------------------
feature: tmp/junit17863174098671850733/Beheer-PDOK/Zeegebieden--INSPIRE-geharmoniseerd-/view/Zeegebieden--INSPIRE-geharmoniseerd--WMS/checkViewUrl.feature
report: target/surefire-reports/tmp.junit17863174098671850733.Beheer-PDOK.Zeegebieden--INSPIRE-geharmoniseerd-.view.Zeegebieden--INSPIRE-geharmoniseerd--WMS.checkViewUrl.json
scenarios:  1 | passed:  0 | failed:  1 | time: 0.4286
---------------------------------------------------------
15:21:35.489 [ForkJoinPool-2-worker-7] INFO  com.intuit.karate - karate.env system property was:  
15:21:35.490 [ForkJoinPool-2-worker-7] INFO  com.intuit.karate - [print] {
  "class": "metadata.Service",
  "electronicMailAddress": "[beheerPDOK@kadaster.nl, beheerPDOK@kadaster.nl]",
  "metadataStandardVersion": "Nederlands metadata profiel op ISO 19119 voor services 2.0",
  "operatesOn": "http://nationaalgeoregister.nl/geonetwork/srv/dut/csw?service=CSW&version=2.0.2&request=GetRecordById&outputschema=http://www.isotc211.org/2005/gmd&elementsetname=full&id=31de946d-85d4-4c93-bb97-e25f4ef1401a#MD_DataIdentification",
  "organisation": "Beheer PDOK",
  "serviceIdentifierCode": "d69fee4a-e3ff-47d4-919d-e55276a3fad9",
  "servicetype": "view",
  "title": "Vervoersnetwerken - Luchttransport (INSPIRE geharmoniseerd) WMS",
  "url": "https://geodata.nationaalgeoregister.nl/inspire/tn-a/wms?request=GetCapabilities"
}

15:21:35.491 [ForkJoinPool-2-worker-7] INFO  com.intuit.karate - [print] testing url:https://geodata.nationaalgeoregister.nl/inspire/tn-a/wms?request=GetCapabilities
15:21:35.491 [ForkJoinPool-2-worker-7] DEBUG com.intuit.karate - request:
1 > HEAD https://geodata.nationaalgeoregister.nl/inspire/tn-a/wms?request=GetCapabilities
1 > Accept-Encoding: gzip,deflate
1 > Connection: Keep-Alive
1 > Host: geodata.nationaalgeoregister.nl
1 > User-Agent: Apache-HttpClient/4.5.11 (Java/13.0.5)

15:21:35.525 [ForkJoinPool-2-worker-3] DEBUG com.intuit.karate - response time in milliseconds: 402.71
1 < 200
1 < Access-Control-Allow-Headers: SOAPAction,X-Requested-With,Content-Type,Origin,Authorization,Accept
1 < Access-Control-Allow-Methods: POST, GET, OPTIONS, HEAD
1 < Access-Control-Allow-Origin: *
1 < Access-Control-Max-Age: 1000
1 < Content-Length: 73
1 < Content-Type: text/html; charset=UTF-8
1 < Date: Mon, 26 Oct 2020 15:21:35 GMT
1 < Server: lighttpd/1.4.53
1 < X-Cnection: [close, close]

15:21:35.526 [ForkJoinPool-2-worker-3] ERROR com.intuit.karate - assertion failed: path: $['Content-Type'][0], actual: 'text/html; charset=UTF-8', expected: 'text/xml', reason: not equal
15:21:35.527 [pool-4-thread-4] INFO  com.intuit.karate.Runner - <<fail>> feature 89 of 367: tmp/junit17863174098671850733/Beheer-PDOK/BAG/download/BAG-WFS/checkdownloadurl.feature
---------------------------------------------------------
feature: tmp/junit17863174098671850733/Beheer-PDOK/BAG/download/BAG-WFS/checkdownloadurl.feature
report: target/surefire-reports/tmp.junit17863174098671850733.Beheer-PDOK.BAG.download.BAG-WFS.checkdownloadurl.json
scenarios:  1 | passed:  0 | failed:  1 | time: 0.4109
---------------------------------------------------------
15:21:35.530 [ForkJoinPool-2-worker-3] INFO  com.intuit.karate - karate.env system property was:  
15:21:35.541 [ForkJoinPool-2-worker-3] INFO  com.intuit.karate - [print] {
  "class": "metadata.Service",
  "electronicMailAddress": "[beheerPDOK@kadaster.nl, beheerPDOK@kadaster.nl]",
  "metadataStandardVersion": "Nederlands metadata profiel op ISO 19119 voor services 2.0",
  "operatesOn": "http://nationaalgeoregister.nl/geonetwork/srv/dut/csw?service=CSW&version=2.0.2&request=GetRecordById&outputschema=http://www.isotc211.org/2005/gmd&elementsetname=full&id=8f45b8ef-0ce8-463a-9059-5efdcecb785c#MD_DataIdentification",
  "organisation": "Beheer PDOK",
  "serviceIdentifierCode": "18bcfb8c-b73d-4e9c-8348-7ee6cd49ec79",
  "servicetype": "download",
  "title": "Vervoersnetwerken - Wegen (INSPIRE geharmoniseerd) - Kadaster WFS",
  "url": "https://geodata.nationaalgeoregister.nl/inspire/tn-ro/wfs?request=GetCapabilities&service=WFS"
}

15:21:35.541 [ForkJoinPool-2-worker-3] INFO  com.intuit.karate - [print] testing url:https://geodata.nationaalgeoregister.nl/inspire/tn-ro/wfs?request=GetCapabilities&service=WFS
15:21:35.542 [ForkJoinPool-2-worker-3] DEBUG com.intuit.karate - request:
1 > HEAD https://geodata.nationaalgeoregister.nl/inspire/tn-ro/wfs?request=GetCapabilities&service=WFS
1 > Accept-Encoding: gzip,deflate
1 > Connection: Keep-Alive
1 > Host: geodata.nationaalgeoregister.nl
1 > User-Agent: Apache-HttpClient/4.5.11 (Java/13.0.5)

15:21:35.542 [ForkJoinPool-2-worker-5] DEBUG com.intuit.karate - response time in milliseconds: 393.41
1 < 200
1 < Access-Control-Allow-Headers: SOAPAction,X-Requested-With,Content-Type,Origin,Authorization,Accept
1 < Access-Control-Allow-Methods: POST, GET, OPTIONS, HEAD
1 < Access-Control-Allow-Origin: *
1 < Access-Control-Max-Age: 1000
1 < Content-Length: 73
1 < Content-Type: text/html; charset=UTF-8
1 < Date: Mon, 26 Oct 2020 15:21:35 GMT
1 < Server: lighttpd/1.4.53
1 < X-Cnection: [close, close]

15:21:35.547 [pool-4-thread-3] INFO  com.intuit.karate.Runner - <<pass>> feature 90 of 367: tmp/junit17863174098671850733/Beheer-PDOK/BAG/view/BAG-WMS/checkViewUrl.feature
---------------------------------------------------------
feature: tmp/junit17863174098671850733/Beheer-PDOK/BAG/view/BAG-WMS/checkViewUrl.feature
report: target/surefire-reports/tmp.junit17863174098671850733.Beheer-PDOK.BAG.view.BAG-WMS.checkViewUrl.json
scenarios:  1 | passed:  1 | failed:  0 | time: 0.4053
---------------------------------------------------------
15:21:35.549 [ForkJoinPool-2-worker-5] INFO  com.intuit.karate - karate.env system property was:  
15:21:35.551 [ForkJoinPool-2-worker-5] INFO  com.intuit.karate - [print] {
  "class": "metadata.Service",
  "electronicMailAddress": "[beheerPDOK@kadaster.nl, beheerPDOK@kadaster.nl]",
  "metadataStandardVersion": "Nederlands metadata profiel op ISO 19119 voor services 2.0",
  "operatesOn": "http://nationaalgeoregister.nl/geonetwork/srv/dut/csw?service=CSW&version=2.0.2&request=GetRecordById&outputschema=http://www.isotc211.org/2005/gmd&elementsetname=full&id=8f45b8ef-0ce8-463a-9059-5efdcecb785c#MD_DataIdentification",
  "organisation": "Beheer PDOK",
  "serviceIdentifierCode": "ce4ac3b9-8291-498d-95de-79fe7b6f5259",
  "servicetype": "view",
  "title": "Vervoersnetwerken - Wegen (INSPIRE geharmoniseerd) - Kadaster WMS",
  "url": "https://geodata.nationaalgeoregister.nl/inspire/tn-ro/wms?request=GetCapabilities"
}

15:21:35.551 [ForkJoinPool-2-worker-5] INFO  com.intuit.karate - [print] testing url:https://geodata.nationaalgeoregister.nl/inspire/tn-ro/wms?request=GetCapabilities
15:21:35.552 [ForkJoinPool-2-worker-5] DEBUG com.intuit.karate - request:
1 > HEAD https://geodata.nationaalgeoregister.nl/inspire/tn-ro/wms?request=GetCapabilities
1 > Accept-Encoding: gzip,deflate
1 > Connection: Keep-Alive
1 > Host: geodata.nationaalgeoregister.nl
1 > User-Agent: Apache-HttpClient/4.5.11 (Java/13.0.5)

15:21:35.629 [ForkJoinPool-2-worker-1] DEBUG com.intuit.karate - response time in milliseconds: 394.50
1 < 200
1 < Accept-Ranges: bytes
1 < Access-Control-Allow-Headers: SOAPAction,X-Requested-With,Content-Type,Origin,Authorization,Accept
1 < Access-Control-Allow-Methods: POST, GET, OPTIONS, HEAD
1 < Access-Control-Allow-Origin: *
1 < Access-Control-Max-Age: 1000
1 < Content-Type: application/xml
1 < Date: Mon, 26 Oct 2020 15:21:35 GMT
1 < ETag: "19a18-5af58ad529196-gzip"
1 < Last-Modified: Tue, 15 Sep 2020 11:44:43 GMT
1 < Vary: Accept-Encoding
1 < X-Cnection: [close, close]

15:21:35.630 [ForkJoinPool-2-worker-1] ERROR com.intuit.karate - assertion failed: path: $['Content-Length'][0], actual: null, expected: '#notnull', reason: actual json-path does not exist
15:21:35.632 [pool-4-thread-2] INFO  com.intuit.karate.Runner - <<fail>> feature 91 of 367: tmp/junit17863174098671850733/Beheer-PDOK/Vervoersnetwerken---Luchttransport--INSPIRE-geharmoniseerd-/download/Vervoersnetwerken---Luchttransport--INSPIRE-geharmoniseerd--WFS/checkdownloadurl.feature
---------------------------------------------------------
feature: tmp/junit17863174098671850733/Beheer-PDOK/Vervoersnetwerken---Luchttransport--INSPIRE-geharmoniseerd-/download/Vervoersnetwerken---Luchttransport--INSPIRE-geharmoniseerd--WFS/checkdownloadurl.feature
report: target/surefire-reports/tmp.junit17863174098671850733.Beheer-PDOK.Vervoersnetwerken---Luchttransport--INSPIRE-geharmoniseerd-.download.Vervoersnetwerken---Luchttransport--INSPIRE-geharmoniseerd--WFS.checkdownloadurl.json
scenarios:  1 | passed:  0 | failed:  1 | time: 0.3976
---------------------------------------------------------
15:21:35.643 [ForkJoinPool-2-worker-1] INFO  com.intuit.karate - karate.env system property was:  
15:21:35.645 [ForkJoinPool-2-worker-1] INFO  com.intuit.karate - [print] {
  "class": "metadata.Service",
  "electronicMailAddress": "[beheerPDOK@kadaster.nl, beheerpdok@kadaster.nl]",
  "metadataStandardVersion": "Nederlands metadata profiel op ISO 19119 voor services 2.0",
  "operatesOn": "[http://nationaalgeoregister.nl/geonetwork/srv/en/csw?service=CSW&version=2.0.2&request=GetRecordById&outputschema=http://www.isotc211.org/2005/gmd&elementsetname=full&id=49ab8bee-b467-486a-96ca-b950443c453a#MD_DataIdentification, http://nationaalgeoregister.nl/geonetwork/srv/en/csw?service=CSW&version=2.0.2&request=GetRecordById&outputschema=http://www.isotc211.org/2005/gmd&elementsetname=full&id=f002bfc5-7d87-46b6-819e-8415422b65c9#MD_DataIdentification, http://nationaalgeoregister.nl/geonetwork/srv/en/csw?service=CSW&version=2.0.2&request=GetRecordById&outputschema=http://www.isotc211.org/2005/gmd&elementsetname=full&id=f0821bfe-5a0a-11e9-8647-d663bd873d93#MD_DataIdentification, http://nationaalgeoregister.nl/geonetwork/srv/en/csw?service=CSW&version=2.0.2&request=GetRecordById&outputschema=http://www.isotc211.org/2005/gmd&elementsetname=full&id=60a2a7c2-d5b3-4ad5-b562-c448695357fb#MD_DataIdentification, http://nationaalgeoregister.nl/geonetwork/srv/en/csw?service=CSW&version=2.0.2&request=GetRecordById&outputschema=http://www.isotc211.org/2005/gmd&elementsetname=full&id=c7d8d77b-8c47-4309-8c58-9b12b086407f#MD_DataIdentification, http://nationaalgeoregister.nl/geonetwork/srv/en/csw?service=CSW&version=2.0.2&request=GetRecordById&outputschema=http://www.isotc211.org/2005/gmd&elementsetname=full&id=ca94a0cb-7561-4a10-a7d6-b840e56c33ff#MD_DataIdentification, http://nationaalgeoregister.nl/geonetwork/srv/en/csw?service=CSW&version=2.0.2&request=GetRecordById&outputschema=http://www.isotc211.org/2005/gmd&elementsetname=full&id=cc408b2d-09a6-4b2b-9aa3-b46bfe2f00a5#MD_DataIdentification, http://nationaalgeoregister.nl/geonetwork/srv/en/csw?service=CSW&version=2.0.2&request=GetRecordById&outputschema=http://www.isotc211.org/2005/gmd&elementsetname=full&id=998ba1dc-f6a6-49a3-a021-51f30d9b1d0e#MD_DataIdentification, https://www.nationaalgeoregister.nl:443/geonetwork/srv/dut/csw?service=CSW&request=GetRecordById&version=2.0.2&outputSchema=http://www.isotc211.org/2005/gmd&elementSetName=full&id=49ab8bee-b467-486a-96ca-b950443c453a#MD_DataIdentification]",
  "organisation": "Beheer PDOK",
  "serviceIdentifierCode": "93c8762c-4cbb-42b0-9b02-89ef902e8880",
  "servicetype": "download",
  "title": "Beschermde gebieden - Provincies (INSPIRE geharmoniseerd) ATOM V1",
  "url": "https://geodata.nationaalgeoregister.nl/provincies/ps/atom/v1/index.xml"
}

15:21:35.652 [ForkJoinPool-2-worker-1] INFO  com.intuit.karate - [print] testing url:https://geodata.nationaalgeoregister.nl/provincies/ps/atom/v1/index.xml
15:21:35.653 [ForkJoinPool-2-worker-1] DEBUG com.intuit.karate - request:
1 > HEAD https://geodata.nationaalgeoregister.nl/provincies/ps/atom/v1/index.xml
1 > Accept-Encoding: gzip,deflate
1 > Connection: Keep-Alive
1 > Host: geodata.nationaalgeoregister.nl
1 > User-Agent: Apache-HttpClient/4.5.11 (Java/13.0.5)

15:21:35.964 [ForkJoinPool-2-worker-3] DEBUG com.intuit.karate - response time in milliseconds: 411.31
1 < 200
1 < Accept-Ranges: bytes
1 < Access-Control-Allow-Headers: SOAPAction,X-Requested-With,Content-Type,Origin,Authorization,Accept
1 < Access-Control-Allow-Methods: POST, GET, OPTIONS, HEAD
1 < Access-Control-Allow-Origin: *
1 < Access-Control-Max-Age: 1000
1 < Content-Type: application/xml
1 < Date: Mon, 26 Oct 2020 15:21:35 GMT
1 < ETag: "1c94e-5af58a6542a86-gzip"
1 < Last-Modified: Tue, 15 Sep 2020 11:42:46 GMT
1 < Vary: Accept-Encoding
1 < X-Cnection: [close, close]

15:21:35.964 [ForkJoinPool-2-worker-3] ERROR com.intuit.karate - assertion failed: path: $['Content-Length'][0], actual: null, expected: '#notnull', reason: actual json-path does not exist
15:21:35.966 [ForkJoinPool-2-worker-5] DEBUG com.intuit.karate - response time in milliseconds: 414.31
1 < 200
1 < Access-Control-Allow-Headers: SOAPAction,X-Requested-With,Content-Type,Origin,Authorization,Accept
1 < Access-Control-Allow-Methods: POST, GET, OPTIONS, HEAD
1 < Access-Control-Allow-Origin: *
1 < Access-Control-Max-Age: 1000
1 < Content-Disposition: inline; filename=getcapabilities_1.3.0.xml
1 < Content-Type: text/xml
1 < Date: Mon, 26 Oct 2020 15:21:35 GMT
1 < X-Cnection: [close, close]

15:21:35.967 [ForkJoinPool-2-worker-5] ERROR com.intuit.karate - assertion failed: path: $['Content-Length'][0], actual: null, expected: '#notnull', reason: actual json-path does not exist
15:21:35.967 [pool-4-thread-4] INFO  com.intuit.karate.Runner - <<fail>> feature 93 of 367: tmp/junit17863174098671850733/Beheer-PDOK/Vervoersnetwerken---Wegen--INSPIRE-geharmoniseerd-/download/Vervoersnetwerken---Wegen--INSPIRE-geharmoniseerd----Kadaster-WFS/checkdownloadurl.feature
---------------------------------------------------------
feature: tmp/junit17863174098671850733/Beheer-PDOK/Vervoersnetwerken---Wegen--INSPIRE-geharmoniseerd-/download/Vervoersnetwerken---Wegen--INSPIRE-geharmoniseerd----Kadaster-WFS/checkdownloadurl.feature
report: target/surefire-reports/tmp.junit17863174098671850733.Beheer-PDOK.Vervoersnetwerken---Wegen--INSPIRE-geharmoniseerd-.download.Vervoersnetwerken---Wegen--INSPIRE-geharmoniseerd----Kadaster-WFS.checkdownloadurl.json
scenarios:  1 | passed:  0 | failed:  1 | time: 0.4278
---------------------------------------------------------
15:21:35.971 [pool-4-thread-3] INFO  com.intuit.karate.Runner - <<fail>> feature 94 of 367: tmp/junit17863174098671850733/Beheer-PDOK/Vervoersnetwerken---Wegen--INSPIRE-geharmoniseerd-/view/Vervoersnetwerken---Wegen--INSPIRE-geharmoniseerd----Kadaster-WMS/checkViewUrl.feature
---------------------------------------------------------
feature: tmp/junit17863174098671850733/Beheer-PDOK/Vervoersnetwerken---Wegen--INSPIRE-geharmoniseerd-/view/Vervoersnetwerken---Wegen--INSPIRE-geharmoniseerd----Kadaster-WMS/checkViewUrl.feature
report: target/surefire-reports/tmp.junit17863174098671850733.Beheer-PDOK.Vervoersnetwerken---Wegen--INSPIRE-geharmoniseerd-.view.Vervoersnetwerken---Wegen--INSPIRE-geharmoniseerd----Kadaster-WMS.checkViewUrl.json
scenarios:  1 | passed:  0 | failed:  1 | time: 0.4195
---------------------------------------------------------
15:21:35.978 [ForkJoinPool-2-worker-5] INFO  com.intuit.karate - karate.env system property was:  
15:21:35.986 [ForkJoinPool-2-worker-3] INFO  com.intuit.karate - karate.env system property was:  
15:21:35.987 [ForkJoinPool-2-worker-3] INFO  com.intuit.karate - [print] {
  "class": "metadata.Service",
  "electronicMailAddress": "[beheerpdok@kadaster.nl, beheerpdok@kadaster.nl]",
  "metadataStandardVersion": "Nederlands metadata profiel op ISO 19119 voor services 2.0",
  "operatesOn": "[http://nationaalgeoregister.nl/geonetwork/srv/en/csw?service=CSW&version=2.0.2&request=GetRecordById&outputschema=http://www.isotc211.org/2005/gmd&elementsetname=full&id=49ab8bee-b467-486a-96ca-b950443c453a#MD_DataIdentification, http://nationaalgeoregister.nl/geonetwork/srv/en/csw?service=CSW&version=2.0.2&request=GetRecordById&outputschema=http://www.isotc211.org/2005/gmd&elementsetname=full&id=f002bfc5-7d87-46b6-819e-8415422b65c9#MD_DataIdentification, http://nationaalgeoregister.nl/geonetwork/srv/en/csw?service=CSW&version=2.0.2&request=GetRecordById&outputschema=http://www.isotc211.org/2005/gmd&elementsetname=full&id=f0821bfe-5a0a-11e9-8647-d663bd873d93#MD_DataIdentification, http://nationaalgeoregister.nl/geonetwork/srv/en/csw?service=CSW&version=2.0.2&request=GetRecordById&outputschema=http://www.isotc211.org/2005/gmd&elementsetname=full&id=60a2a7c2-d5b3-4ad5-b562-c448695357fb#MD_DataIdentification, http://nationaalgeoregister.nl/geonetwork/srv/en/csw?service=CSW&version=2.0.2&request=GetRecordById&outputschema=http://www.isotc211.org/2005/gmd&elementsetname=full&id=c7d8d77b-8c47-4309-8c58-9b12b086407f#MD_DataIdentification, http://nationaalgeoregister.nl/geonetwork/srv/en/csw?service=CSW&version=2.0.2&request=GetRecordById&outputschema=http://www.isotc211.org/2005/gmd&elementsetname=full&id=ca94a0cb-7561-4a10-a7d6-b840e56c33ff#MD_DataIdentification, http://nationaalgeoregister.nl/geonetwork/srv/en/csw?service=CSW&version=2.0.2&request=GetRecordById&outputschema=http://www.isotc211.org/2005/gmd&elementsetname=full&id=cc408b2d-09a6-4b2b-9aa3-b46bfe2f00a5#MD_DataIdentification, http://nationaalgeoregister.nl/geonetwork/srv/en/csw?service=CSW&version=2.0.2&request=GetRecordById&outputschema=http://www.isotc211.org/2005/gmd&elementsetname=full&id=998ba1dc-f6a6-49a3-a021-51f30d9b1d0e#MD_DataIdentification, https://www.nationaalgeoregister.nl:443/geonetwork/srv/dut/csw?service=CSW&request=GetRecordById&version=2.0.2&outputSchema=http://www.isotc211.org/2005/gmd&elementSetName=full&id=49ab8bee-b467-486a-96ca-b950443c453a#MD_DataIdentification]",
  "organisation": "Beheer PDOK",
  "serviceIdentifierCode": "25c69c01-8dfa-406f-bbcb-24feba25dcc6",
  "servicetype": "view",
  "title": "Beschermde gebieden - Provincies (INSPIRE geharmoniseerd) WMS V1",
  "url": "https://geodata.nationaalgeoregister.nl/provincies/ps/wms/v1?SERVICE=WMS&REQUEST=GetCapabilities"
}

15:21:35.991 [ForkJoinPool-2-worker-3] INFO  com.intuit.karate - [print] testing url:https://geodata.nationaalgeoregister.nl/provincies/ps/wms/v1?SERVICE=WMS&REQUEST=GetCapabilities
15:21:35.992 [ForkJoinPool-2-worker-3] DEBUG com.intuit.karate - request:
1 > HEAD https://geodata.nationaalgeoregister.nl/provincies/ps/wms/v1?SERVICE=WMS&REQUEST=GetCapabilities
1 > Accept-Encoding: gzip,deflate
1 > Connection: Keep-Alive
1 > Host: geodata.nationaalgeoregister.nl
1 > User-Agent: Apache-HttpClient/4.5.11 (Java/13.0.5)

15:21:35.988 [ForkJoinPool-2-worker-5] INFO  com.intuit.karate - [print] {
  "class": "metadata.Service",
  "electronicMailAddress": "[beheerPDOK@kadaster.nl, beheerPDOK@kadaster.nl]",
  "metadataStandardVersion": "Nederlands metadata profiel op ISO 19119 voor services 2.0",
  "operatesOn": "https://nationaalgeoregister.nl/geonetwork/srv/en/csw?service=CSW&version=2.0.2&request=GetRecordById&outputschema=http://www.isotc211.org/2005/gmd&elementsetname=full&id=6318009c-7b11-4ab9-9929-735584dfb692#MD_DataIdentification",
  "organisation": "Beheer PDOK",
  "serviceIdentifierCode": "e75b66ae-21b1-4303-aeb3-787608707b23",
  "servicetype": "download",
  "title": "Statistics Netherlands Land Use 2015 WFS (BBG 2015 INSPIRE geharmoniseerd)",
  "url": "https://geodata.nationaalgeoregister.nl/inspire/elu/wfs?request=GetCapabilities"
}

15:21:35.992 [ForkJoinPool-2-worker-5] INFO  com.intuit.karate - [print] testing url:https://geodata.nationaalgeoregister.nl/inspire/elu/wfs?request=GetCapabilities
15:21:35.993 [ForkJoinPool-2-worker-5] DEBUG com.intuit.karate - request:
1 > HEAD https://geodata.nationaalgeoregister.nl/inspire/elu/wfs?request=GetCapabilities
1 > Accept-Encoding: gzip,deflate
1 > Connection: Keep-Alive
1 > Host: geodata.nationaalgeoregister.nl
1 > User-Agent: Apache-HttpClient/4.5.11 (Java/13.0.5)

15:21:36.066 [ForkJoinPool-2-worker-1] DEBUG com.intuit.karate - response time in milliseconds: 410.70
1 < 200
1 < Accept-Ranges: bytes
1 < Access-Control-Allow-Headers: SOAPAction,X-Requested-With,Content-Type,Origin,Authorization,Accept
1 < Access-Control-Allow-Methods: POST, GET, OPTIONS, HEAD
1 < Access-Control-Allow-Origin: *
1 < Access-Control-Max-Age: 1000
1 < Content-Length: 11308
1 < Content-Security-Policy: block-all-mixed-content
1 < Content-Type: application/xml
1 < Date: Mon, 26 Oct 2020 15:21:36 GMT
1 < Etag: "6a5a193d3183c09bef2e90757c76cd43-1"
1 < Last-Modified: Wed, 20 Nov 2019 11:50:24 GMT
1 < Server: MinIO/RELEASE.2020-09-21T22-31-59Z
1 < Vary: Origin
1 < X-Amz-Bucket-Region: Amsterdam
1 < X-Amz-Request-Id: 164194060C75CCB4
1 < X-Cnection: [close, close]
1 < X-Xss-Protection: 1; mode=block

15:21:36.067 [ForkJoinPool-2-worker-1] ERROR com.intuit.karate - assertion failed: path: $['Content-Type'][0], actual: 'application/xml', expected: 'text/xml', reason: not equal
15:21:36.070 [pool-4-thread-2] INFO  com.intuit.karate.Runner - <<fail>> feature 95 of 367: tmp/junit17863174098671850733/Beheer-PDOK/Provinciale-monumenten/download/Beschermde-gebieden---Provincies--INSPIRE-geharmoniseerd--ATOM-V1/checkdownloadurl.feature
---------------------------------------------------------
feature: tmp/junit17863174098671850733/Beheer-PDOK/Provinciale-monumenten/download/Beschermde-gebieden---Provincies--INSPIRE-geharmoniseerd--ATOM-V1/checkdownloadurl.feature
report: target/surefire-reports/tmp.junit17863174098671850733.Beheer-PDOK.Provinciale-monumenten.download.Beschermde-gebieden---Provincies--INSPIRE-geharmoniseerd--ATOM-V1.checkdownloadurl.json
scenarios:  1 | passed:  0 | failed:  1 | time: 0.4227
---------------------------------------------------------
15:21:36.074 [ForkJoinPool-2-worker-1] INFO  com.intuit.karate - karate.env system property was:  
15:21:36.078 [ForkJoinPool-2-worker-1] INFO  com.intuit.karate - [print] {
  "class": "metadata.Service",
  "electronicMailAddress": "[beheerPDOK@kadaster.nl, beheerPDOK@kadaster.nl]",
  "metadataStandardVersion": "Nederlands metadata profiel op ISO 19119 voor services 2.0",
  "operatesOn": "https://nationaalgeoregister.nl/geonetwork/srv/en/csw?service=CSW&version=2.0.2&request=GetRecordById&outputschema=http://www.isotc211.org/2005/gmd&elementsetname=full&id=6318009c-7b11-4ab9-9929-735584dfb692#MD_DataIdentification",
  "organisation": "Beheer PDOK",
  "serviceIdentifierCode": "cea38797-ea4b-4969-b979-8d25eb543a6c",
  "servicetype": "view",
  "title": "Statistics Netherlands Land Use 2015 WMS (BBG 2015 INSPIRE geharmoniseerd)",
  "url": "https://geodata.nationaalgeoregister.nl/inspire/elu/wms?request=GetCapabilities"
}

15:21:36.080 [ForkJoinPool-2-worker-1] INFO  com.intuit.karate - [print] testing url:https://geodata.nationaalgeoregister.nl/inspire/elu/wms?request=GetCapabilities
15:21:36.083 [ForkJoinPool-2-worker-1] DEBUG com.intuit.karate - request:
1 > HEAD https://geodata.nationaalgeoregister.nl/inspire/elu/wms?request=GetCapabilities
1 > Accept-Encoding: gzip,deflate
1 > Connection: Keep-Alive
1 > Host: geodata.nationaalgeoregister.nl
1 > User-Agent: Apache-HttpClient/4.5.11 (Java/13.0.5)

15:21:36.383 [ForkJoinPool-2-worker-5] DEBUG com.intuit.karate - response time in milliseconds: 389.92
1 < 200
1 < Accept-Ranges: bytes
1 < Access-Control-Allow-Headers: SOAPAction,X-Requested-With,Content-Type,Origin,Authorization,Accept
1 < Access-Control-Allow-Methods: POST, GET, OPTIONS, HEAD
1 < Access-Control-Allow-Origin: *
1 < Access-Control-Max-Age: 1000
1 < Content-Type: application/xml
1 < Date: Mon, 26 Oct 2020 15:21:36 GMT
1 < ETag: "1a2f9-5af58a1acea00-gzip"
1 < Last-Modified: Tue, 15 Sep 2020 11:41:28 GMT
1 < Vary: Accept-Encoding
1 < X-Cnection: [close, close]

15:21:36.384 [ForkJoinPool-2-worker-5] ERROR com.intuit.karate - assertion failed: path: $['Content-Length'][0], actual: null, expected: '#notnull', reason: actual json-path does not exist
15:21:36.386 [pool-4-thread-3] INFO  com.intuit.karate.Runner - <<fail>> feature 97 of 367: tmp/junit17863174098671850733/Beheer-PDOK/Land-Use-2015/download/Statistics-Netherlands-Land-Use-2015-WFS--BBG-2015-INSPIRE-geharmoniseerd-/checkdownloadurl.feature
---------------------------------------------------------
feature: tmp/junit17863174098671850733/Beheer-PDOK/Land-Use-2015/download/Statistics-Netherlands-Land-Use-2015-WFS--BBG-2015-INSPIRE-geharmoniseerd-/checkdownloadurl.feature
report: target/surefire-reports/tmp.junit17863174098671850733.Beheer-PDOK.Land-Use-2015.download.Statistics-Netherlands-Land-Use-2015-WFS--BBG-2015-INSPIRE-geharmoniseerd-.checkdownloadurl.json
scenarios:  1 | passed:  0 | failed:  1 | time: 0.4013
---------------------------------------------------------
15:21:36.392 [ForkJoinPool-2-worker-5] INFO  com.intuit.karate - karate.env system property was:  
15:21:36.393 [ForkJoinPool-2-worker-5] INFO  com.intuit.karate - [print] {
  "class": "metadata.Service",
  "electronicMailAddress": "[beheer&pdok.nl, beheer@pdok.nl]",
  "metadataStandardVersion": "Nederlands metadata profiel op ISO 19119 voor services 2.0",
  "operatesOn": "[http://nationaalgeoregister.nl/geonetwork/srv/dut/csw?service=CSW&version=2.0.2&request=GetRecordById&outputschema=http://www.isotc211.org/2005/gmd&elementsetname=full&id=50eef6be-619d-4e16-9b92-48971109b636#MD_DataIdentification, http://nationaalgeoregister.nl/geonetwork/srv/dut/csw?service=CSW&version=2.0.2&request=GetRecordById&outputschema=http://www.isotc211.org/2005/gmd&elementsetname=full&id=8de2f5eb-b09f-4f6d-8397-8878a1b86238#MD_DataIdentification, https://www.nationaalgeoregister.nl:443/geonetwork/srv/dut/csw?service=CSW&request=GetRecordById&version=2.0.2&outputSchema=http://www.isotc211.org/2005/gmd&elementSetName=full&id=9b583730-e750-485a-9c0c-39bf9be72cf8#MD_DataIdentification, https://www.nationaalgeoregister.nl:443/geonetwork/srv/dut/csw?service=CSW&request=GetRecordById&version=2.0.2&outputSchema=http://www.isotc211.org/2005/gmd&elementSetName=full&id=a57cb859-c4fe-444c-adc6-be14cb2bbf36#MD_DataIdentification, https://www.nationaalgeoregister.nl:443/geonetwork/srv/dut/csw?service=CSW&request=GetRecordById&version=2.0.2&outputSchema=http://www.isotc211.org/2005/gmd&elementSetName=full&id=9b583730-e750-485a-9c0c-39bf9be72cf9#MD_DataIdentification, https://www.nationaalgeoregister.nl:443/geonetwork/srv/dut/csw?service=CSW&request=GetRecordById&version=2.0.2&outputSchema=http://www.isotc211.org/2005/gmd&elementSetName=full&id=a57cb859-c4fe-444c-adc6-be14cb2bbf38#MD_DataIdentification]",
  "organisation": "Beheer PDOK",
  "serviceIdentifierCode": "74620aa8-4fa2-414d-8350-50d93e500da8",
  "servicetype": "download",
  "title": "Geluidskaarten Rijkswegen WFS",
  "url": "https://geodata.nationaalgeoregister.nl/rwsgeluidskaarten/wfs?request=GetCapabilities"
}

15:21:36.399 [ForkJoinPool-2-worker-5] INFO  com.intuit.karate - [print] testing url:https://geodata.nationaalgeoregister.nl/rwsgeluidskaarten/wfs?request=GetCapabilities
15:21:36.400 [ForkJoinPool-2-worker-5] DEBUG com.intuit.karate - request:
1 > HEAD https://geodata.nationaalgeoregister.nl/rwsgeluidskaarten/wfs?request=GetCapabilities
1 > Accept-Encoding: gzip,deflate
1 > Connection: Keep-Alive
1 > Host: geodata.nationaalgeoregister.nl
1 > User-Agent: Apache-HttpClient/4.5.11 (Java/13.0.5)

15:21:36.421 [ForkJoinPool-2-worker-3] DEBUG com.intuit.karate - response time in milliseconds: 429.28
1 < 200
1 < Access-Control-Allow-Headers: SOAPAction,X-Requested-With,Content-Type,Origin,Authorization,Accept
1 < Access-Control-Allow-Methods: POST, GET, OPTIONS, HEAD
1 < Access-Control-Allow-Origin: *
1 < Access-Control-Max-Age: 1000
1 < Content-Length: 73
1 < Content-Type: text/html; charset=UTF-8
1 < Date: Mon, 26 Oct 2020 15:21:36 GMT
1 < Server: lighttpd/1.4.53
1 < X-Cnection: [close, close]

15:21:36.424 [pool-4-thread-4] INFO  com.intuit.karate.Runner - <<pass>> feature 96 of 367: tmp/junit17863174098671850733/Beheer-PDOK/Provinciale-monumenten/view/Beschermde-gebieden---Provincies--INSPIRE-geharmoniseerd--WMS-V1/checkViewUrl.feature
---------------------------------------------------------
feature: tmp/junit17863174098671850733/Beheer-PDOK/Provinciale-monumenten/view/Beschermde-gebieden---Provincies--INSPIRE-geharmoniseerd--WMS-V1/checkViewUrl.feature
report: target/surefire-reports/tmp.junit17863174098671850733.Beheer-PDOK.Provinciale-monumenten.view.Beschermde-gebieden---Provincies--INSPIRE-geharmoniseerd--WMS-V1.checkViewUrl.json
scenarios:  1 | passed:  1 | failed:  0 | time: 0.4362
---------------------------------------------------------
15:21:36.430 [ForkJoinPool-2-worker-3] INFO  com.intuit.karate - karate.env system property was:  
15:21:36.431 [ForkJoinPool-2-worker-3] INFO  com.intuit.karate - [print] {
  "class": "metadata.Service",
  "electronicMailAddress": "[beheerPDOK@kadaster.nl, beheerPDOK@kadaster.nl]",
  "metadataStandardVersion": "Nederlands metadata profiel op ISO 19119 voor services 2.0",
  "operatesOn": "[http://nationaalgeoregister.nl/geonetwork/srv/dut/csw?service=CSW&version=2.0.2&request=GetRecordById&outputschema=http://www.isotc211.org/2005/gmd&elementsetname=full&id=50eef6be-619d-4e16-9b92-48971109b636#MD_DataIdentification, http://nationaalgeoregister.nl/geonetwork/srv/dut/csw?service=CSW&version=2.0.2&request=GetRecordById&outputschema=http://www.isotc211.org/2005/gmd&elementsetname=full&id=8de2f5eb-b09f-4f6d-8397-8878a1b86238#MD_DataIdentification, https://www.nationaalgeoregister.nl:443/geonetwork/srv/dut/csw?service=CSW&request=GetRecordById&version=2.0.2&outputSchema=http://www.isotc211.org/2005/gmd&elementSetName=full&id=9b583730-e750-485a-9c0c-39bf9be72cf8#MD_DataIdentification, https://www.nationaalgeoregister.nl:443/geonetwork/srv/dut/csw?service=CSW&request=GetRecordById&version=2.0.2&outputSchema=http://www.isotc211.org/2005/gmd&elementSetName=full&id=a57cb859-c4fe-444c-adc6-be14cb2bbf36#MD_DataIdentification, https://www.nationaalgeoregister.nl:443/geonetwork/srv/dut/csw?service=CSW&request=GetRecordById&version=2.0.2&outputSchema=http://www.isotc211.org/2005/gmd&elementSetName=full&id=9b583730-e750-485a-9c0c-39bf9be72cf9#MD_DataIdentification, https://www.nationaalgeoregister.nl:443/geonetwork/srv/dut/csw?service=CSW&request=GetRecordById&version=2.0.2&outputSchema=http://www.isotc211.org/2005/gmd&elementSetName=full&id=a57cb859-c4fe-444c-adc6-be14cb2bbf38#MD_DataIdentification]",
  "organisation": "Beheer PDOK",
  "serviceIdentifierCode": "4b6752ae-65d6-44b5-98ef-1fc30f4fd92d",
  "servicetype": "view",
  "title": "Geluidskaarten Rijkswegen WMS",
  "url": "https://geodata.nationaalgeoregister.nl/rwsgeluidskaarten/wms?request=GetCapabilities"
}

15:21:36.434 [ForkJoinPool-2-worker-3] INFO  com.intuit.karate - [print] testing url:https://geodata.nationaalgeoregister.nl/rwsgeluidskaarten/wms?request=GetCapabilities
15:21:36.436 [ForkJoinPool-2-worker-3] DEBUG com.intuit.karate - request:
1 > HEAD https://geodata.nationaalgeoregister.nl/rwsgeluidskaarten/wms?request=GetCapabilities
1 > Accept-Encoding: gzip,deflate
1 > Connection: Keep-Alive
1 > Host: geodata.nationaalgeoregister.nl
1 > User-Agent: Apache-HttpClient/4.5.11 (Java/13.0.5)

15:21:36.483 [ForkJoinPool-2-worker-1] DEBUG com.intuit.karate - response time in milliseconds: 397.85
1 < 200
1 < Access-Control-Allow-Headers: SOAPAction,X-Requested-With,Content-Type,Origin,Authorization,Accept
1 < Access-Control-Allow-Methods: POST, GET, OPTIONS, HEAD
1 < Access-Control-Allow-Origin: *
1 < Access-Control-Max-Age: 1000
1 < Content-Disposition: inline; filename=getcapabilities_1.3.0.xml
1 < Content-Type: text/xml
1 < Date: Mon, 26 Oct 2020 15:21:36 GMT
1 < X-Cnection: [close, close]

15:21:36.484 [ForkJoinPool-2-worker-1] ERROR com.intuit.karate - assertion failed: path: $['Content-Length'][0], actual: null, expected: '#notnull', reason: actual json-path does not exist
15:21:36.485 [pool-4-thread-2] INFO  com.intuit.karate.Runner - <<fail>> feature 98 of 367: tmp/junit17863174098671850733/Beheer-PDOK/Land-Use-2015/view/Statistics-Netherlands-Land-Use-2015-WMS--BBG-2015-INSPIRE-geharmoniseerd-/checkViewUrl.feature
---------------------------------------------------------
feature: tmp/junit17863174098671850733/Beheer-PDOK/Land-Use-2015/view/Statistics-Netherlands-Land-Use-2015-WMS--BBG-2015-INSPIRE-geharmoniseerd-/checkViewUrl.feature
report: target/surefire-reports/tmp.junit17863174098671850733.Beheer-PDOK.Land-Use-2015.view.Statistics-Netherlands-Land-Use-2015-WMS--BBG-2015-INSPIRE-geharmoniseerd-.checkViewUrl.json
scenarios:  1 | passed:  0 | failed:  1 | time: 0.4066
---------------------------------------------------------
15:21:36.490 [ForkJoinPool-2-worker-1] INFO  com.intuit.karate - karate.env system property was:  
15:21:36.494 [ForkJoinPool-2-worker-1] INFO  com.intuit.karate - [print] {
  "class": "metadata.Service",
  "electronicMailAddress": "[beheerPDOK@kadaster.nl, beheerPDOK@kadaster.nl]",
  "metadataStandardVersion": "Nederlands metadata profiel op ISO 19119 voor services 2.0",
  "operatesOn": "http://nationaalgeoregister.nl/geonetwork/srv/dut/csw?service=CSW&version=2.0.2&request=GetRecordById&outputschema=http://www.isotc211.org/2005/gmd&elementsetname=full&id=247a1d15-0a67-40ce-85be-1403c08f15a8#MD_DataIdentification",
  "organisation": "Beheer PDOK",
  "serviceIdentifierCode": "d7d19437-f875-45b3-86cd-2fa3335479ec",
  "servicetype": "download",
  "title": "Beschermde Gebieden Nationale Parken (INSPIRE geharmoniseerd) WFS",
  "url": "https://geodata.nationaalgeoregister.nl/inspire/ps-rvo-np/wfs?request=GetCapabilities"
}

15:21:36.494 [ForkJoinPool-2-worker-1] INFO  com.intuit.karate - [print] testing url:https://geodata.nationaalgeoregister.nl/inspire/ps-rvo-np/wfs?request=GetCapabilities
15:21:36.495 [ForkJoinPool-2-worker-1] DEBUG com.intuit.karate - request:
1 > HEAD https://geodata.nationaalgeoregister.nl/inspire/ps-rvo-np/wfs?request=GetCapabilities
1 > Accept-Encoding: gzip,deflate
1 > Connection: Keep-Alive
1 > Host: geodata.nationaalgeoregister.nl
1 > User-Agent: Apache-HttpClient/4.5.11 (Java/13.0.5)

15:21:36.649 [ForkJoinPool-2-worker-7] DEBUG com.intuit.karate - response time in milliseconds: 1157.68
1 < 200
1 < Access-Control-Allow-Headers: SOAPAction,X-Requested-With,Content-Type,Origin,Authorization,Accept
1 < Access-Control-Allow-Methods: POST, GET, OPTIONS, HEAD
1 < Access-Control-Allow-Origin: *
1 < Access-Control-Max-Age: 1000
1 < Content-Disposition: inline; filename=getcapabilities_1.3.0.xml
1 < Content-Type: text/xml
1 < Date: Mon, 26 Oct 2020 15:21:36 GMT
1 < X-Cnection: [close, close]

15:21:36.650 [ForkJoinPool-2-worker-7] ERROR com.intuit.karate - assertion failed: path: $['Content-Length'][0], actual: null, expected: '#notnull', reason: actual json-path does not exist
15:21:36.652 [pool-4-thread-1] INFO  com.intuit.karate.Runner - <<fail>> feature 92 of 367: tmp/junit17863174098671850733/Beheer-PDOK/Vervoersnetwerken---Luchttransport--INSPIRE-geharmoniseerd-/view/Vervoersnetwerken---Luchttransport--INSPIRE-geharmoniseerd--WMS/checkViewUrl.feature
---------------------------------------------------------
feature: tmp/junit17863174098671850733/Beheer-PDOK/Vervoersnetwerken---Luchttransport--INSPIRE-geharmoniseerd-/view/Vervoersnetwerken---Luchttransport--INSPIRE-geharmoniseerd--WMS/checkViewUrl.feature
report: target/surefire-reports/tmp.junit17863174098671850733.Beheer-PDOK.Vervoersnetwerken---Luchttransport--INSPIRE-geharmoniseerd-.view.Vervoersnetwerken---Luchttransport--INSPIRE-geharmoniseerd--WMS.checkViewUrl.json
scenarios:  1 | passed:  0 | failed:  1 | time: 1.1606
---------------------------------------------------------
15:21:36.659 [ForkJoinPool-2-worker-7] INFO  com.intuit.karate - karate.env system property was:  
15:21:36.660 [ForkJoinPool-2-worker-7] INFO  com.intuit.karate - [print] {
  "class": "metadata.Service",
  "electronicMailAddress": "[beheerPDOK@kadaster.nl, beheerPDOK@kadaster.nl]",
  "metadataStandardVersion": "Nederlands metadata profiel op ISO 19119 voor services 2.0",
  "operatesOn": "https://nationaalgeoregister.nl/geonetwork/srv/dut/csw?service=CSW&version=2.0.2&request=GetRecordById&outputschema=http://www.isotc211.org/2005/gmd&elementsetname=full&id=247a1d15-0a67-40ce-85be-1403c08f15a8#MD_DataIdentification",
  "organisation": "Beheer PDOK",
  "serviceIdentifierCode": "89b35a6c-c099-456b-8eaf-2b83c7a35c74",
  "servicetype": "view",
  "title": "Beschermde Gebieden Nationale Parken (INSPIRE geharmoniseerd) WMS",
  "url": "https://geodata.nationaalgeoregister.nl/inspire/ps-rvo-np/wms?request=GetCapabilities"
}

15:21:36.660 [ForkJoinPool-2-worker-7] INFO  com.intuit.karate - [print] testing url:https://geodata.nationaalgeoregister.nl/inspire/ps-rvo-np/wms?request=GetCapabilities
15:21:36.661 [ForkJoinPool-2-worker-7] DEBUG com.intuit.karate - request:
1 > HEAD https://geodata.nationaalgeoregister.nl/inspire/ps-rvo-np/wms?request=GetCapabilities
1 > Accept-Encoding: gzip,deflate
1 > Connection: Keep-Alive
1 > Host: geodata.nationaalgeoregister.nl
1 > User-Agent: Apache-HttpClient/4.5.11 (Java/13.0.5)

15:21:36.795 [ForkJoinPool-2-worker-5] DEBUG com.intuit.karate - response time in milliseconds: 392.32
1 < 200
1 < Access-Control-Allow-Headers: SOAPAction,X-Requested-With,Content-Type,Origin,Authorization,Accept
1 < Access-Control-Allow-Methods: POST, GET, OPTIONS, HEAD
1 < Access-Control-Allow-Origin: *
1 < Access-Control-Max-Age: 1000
1 < Content-Length: 73
1 < Content-Type: text/html; charset=UTF-8
1 < Date: Mon, 26 Oct 2020 15:21:36 GMT
1 < X-Cnection: [close, close]

15:21:36.796 [ForkJoinPool-2-worker-5] ERROR com.intuit.karate - assertion failed: path: $['Content-Type'][0], actual: 'text/html; charset=UTF-8', expected: 'text/xml', reason: not equal
15:21:36.798 [pool-4-thread-3] INFO  com.intuit.karate.Runner - <<fail>> feature 99 of 367: tmp/junit17863174098671850733/Beheer-PDOK/Geluidbelasting-rijkswegen-in-Nederland-2016--24-uurs-gemiddelde-/download/Geluidskaarten-Rijkswegen-WFS/checkdownloadurl.feature
---------------------------------------------------------
feature: tmp/junit17863174098671850733/Beheer-PDOK/Geluidbelasting-rijkswegen-in-Nederland-2016--24-uurs-gemiddelde-/download/Geluidskaarten-Rijkswegen-WFS/checkdownloadurl.feature
report: target/surefire-reports/tmp.junit17863174098671850733.Beheer-PDOK.Geluidbelasting-rijkswegen-in-Nederland-2016--24-uurs-gemiddelde-.download.Geluidskaarten-Rijkswegen-WFS.checkdownloadurl.json
scenarios:  1 | passed:  0 | failed:  1 | time: 0.4035
---------------------------------------------------------
15:21:36.805 [ForkJoinPool-2-worker-5] INFO  com.intuit.karate - karate.env system property was:  
15:21:36.807 [ForkJoinPool-2-worker-5] INFO  com.intuit.karate - [print] {
  "class": "metadata.Service",
  "electronicMailAddress": "[beheerPDOK@kadaster.nl, beheerPDOK@kadaster.nl]",
  "metadataStandardVersion": "Nederlands metadata profiel op ISO 19119 voor services 2.0",
  "operatesOn": "https://www.nationaalgeoregister.nl:443/geonetwork/srv/dut/csw?service=CSW&request=GetRecordById&version=2.0.2&outputSchema=http://www.isotc211.org/2005/gmd&elementSetName=full&id=002d9127-c16d-4b8d-9f5e-102a8c8e36c4#MD_DataIdentification",
  "organisation": "Beheer PDOK",
  "serviceIdentifierCode": "42f5363b-cea7-4163-a4e9-bc2d1a7a243c",
  "servicetype": "download",
  "title": "Geluidblootstelling van het hoofdspoorwegennet Lnight WFS",
  "url": "https://geodata.nationaalgeoregister.nl/ienw/geluidskaartspoorwegennacht/v1/wfs?service=WFS&request=GetCapabilities"
}

15:21:36.812 [ForkJoinPool-2-worker-5] INFO  com.intuit.karate - [print] testing url:https://geodata.nationaalgeoregister.nl/ienw/geluidskaartspoorwegennacht/v1/wfs?service=WFS&request=GetCapabilities
15:21:36.813 [ForkJoinPool-2-worker-5] DEBUG com.intuit.karate - request:
1 > HEAD https://geodata.nationaalgeoregister.nl/ienw/geluidskaartspoorwegennacht/v1/wfs?service=WFS&request=GetCapabilities
1 > Accept-Encoding: gzip,deflate
1 > Connection: Keep-Alive
1 > Host: geodata.nationaalgeoregister.nl
1 > User-Agent: Apache-HttpClient/4.5.11 (Java/13.0.5)

15:21:36.848 [ForkJoinPool-2-worker-3] DEBUG com.intuit.karate - response time in milliseconds: 401.74
1 < 200
1 < Accept-Ranges: bytes
1 < Access-Control-Allow-Headers: SOAPAction,X-Requested-With,Content-Type,Origin,Authorization,Accept
1 < Access-Control-Allow-Methods: POST, GET, OPTIONS, HEAD
1 < Access-Control-Allow-Origin: *
1 < Access-Control-Max-Age: 1000
1 < Content-Type: application/xml
1 < Date: Mon, 26 Oct 2020 15:21:36 GMT
1 < ETag: "6b28-5af58ad5669f4-gzip"
1 < Last-Modified: Tue, 15 Sep 2020 11:44:43 GMT
1 < Vary: Accept-Encoding
1 < X-Cnection: [close, close]

15:21:36.848 [ForkJoinPool-2-worker-3] ERROR com.intuit.karate - assertion failed: path: $['Content-Length'][0], actual: null, expected: '#notnull', reason: actual json-path does not exist
15:21:36.850 [pool-4-thread-4] INFO  com.intuit.karate.Runner - <<fail>> feature 100 of 367: tmp/junit17863174098671850733/Beheer-PDOK/Geluidbelasting-rijkswegen-in-Nederland-2016--24-uurs-gemiddelde-/view/Geluidskaarten-Rijkswegen-WMS/checkViewUrl.feature
---------------------------------------------------------
feature: tmp/junit17863174098671850733/Beheer-PDOK/Geluidbelasting-rijkswegen-in-Nederland-2016--24-uurs-gemiddelde-/view/Geluidskaarten-Rijkswegen-WMS/checkViewUrl.feature
report: target/surefire-reports/tmp.junit17863174098671850733.Beheer-PDOK.Geluidbelasting-rijkswegen-in-Nederland-2016--24-uurs-gemiddelde-.view.Geluidskaarten-Rijkswegen-WMS.checkViewUrl.json
scenarios:  1 | passed:  0 | failed:  1 | time: 0.4179
---------------------------------------------------------
15:21:36.853 [ForkJoinPool-2-worker-3] INFO  com.intuit.karate - karate.env system property was:  
15:21:36.855 [ForkJoinPool-2-worker-3] INFO  com.intuit.karate - [print] {
  "class": "metadata.Service",
  "electronicMailAddress": "[beheerPDOK@kadaster.nl, beheerPDOK@kadaster.nl]",
  "metadataStandardVersion": "Nederlands metadata profiel op ISO 19119 voor services 2.0",
  "operatesOn": "https://www.nationaalgeoregister.nl:443/geonetwork/srv/dut/csw?service=CSW&request=GetRecordById&version=2.0.2&outputSchema=http://www.isotc211.org/2005/gmd&elementSetName=full&id=002d9127-c16d-4b8d-9f5e-102a8c8e36c4#MD_DataIdentification",
  "organisation": "Beheer PDOK",
  "serviceIdentifierCode": "6a129fd1-0988-4b8a-975a-6ff134b6754a",
  "servicetype": "view",
  "title": "Geluidblootstelling van het hoofdspoorwegennet Lnight WMS",
  "url": "https://geodata.nationaalgeoregister.nl/ienw/geluidskaartspoorwegennacht/v1/wms?request=GetCapabilities&service=wms"
}

15:21:36.862 [ForkJoinPool-2-worker-3] INFO  com.intuit.karate - [print] testing url:https://geodata.nationaalgeoregister.nl/ienw/geluidskaartspoorwegennacht/v1/wms?request=GetCapabilities&service=wms
15:21:36.863 [ForkJoinPool-2-worker-3] DEBUG com.intuit.karate - request:
1 > HEAD https://geodata.nationaalgeoregister.nl/ienw/geluidskaartspoorwegennacht/v1/wms?request=GetCapabilities&service=wms
1 > Accept-Encoding: gzip,deflate
1 > Connection: Keep-Alive
1 > Host: geodata.nationaalgeoregister.nl
1 > User-Agent: Apache-HttpClient/4.5.11 (Java/13.0.5)

15:21:36.895 [ForkJoinPool-2-worker-1] DEBUG com.intuit.karate - response time in milliseconds: 394.93
1 < 200
1 < Accept-Ranges: bytes
1 < Access-Control-Allow-Headers: SOAPAction,X-Requested-With,Content-Type,Origin,Authorization,Accept
1 < Access-Control-Allow-Methods: POST, GET, OPTIONS, HEAD
1 < Access-Control-Allow-Origin: *
1 < Access-Control-Max-Age: 1000
1 < Content-Type: application/xml
1 < Date: Mon, 26 Oct 2020 15:21:36 GMT
1 < ETag: "1ac36-5af58a651212b-gzip"
1 < Last-Modified: Tue, 15 Sep 2020 11:42:45 GMT
1 < Vary: Accept-Encoding
1 < X-Cnection: [close, close]

15:21:36.896 [ForkJoinPool-2-worker-1] ERROR com.intuit.karate - assertion failed: path: $['Content-Length'][0], actual: null, expected: '#notnull', reason: actual json-path does not exist
15:21:36.898 [pool-4-thread-2] INFO  com.intuit.karate.Runner - <<fail>> feature 101 of 367: tmp/junit17863174098671850733/Beheer-PDOK/Nationale-Parken--INSPIRE-Geharmoniseerd-/download/Beschermde-Gebieden-Nationale-Parken--INSPIRE-geharmoniseerd--WFS/checkdownloadurl.feature
---------------------------------------------------------
feature: tmp/junit17863174098671850733/Beheer-PDOK/Nationale-Parken--INSPIRE-Geharmoniseerd-/download/Beschermde-Gebieden-Nationale-Parken--INSPIRE-geharmoniseerd--WFS/checkdownloadurl.feature
report: target/surefire-reports/tmp.junit17863174098671850733.Beheer-PDOK.Nationale-Parken--INSPIRE-Geharmoniseerd-.download.Beschermde-Gebieden-Nationale-Parken--INSPIRE-geharmoniseerd--WFS.checkdownloadurl.json
scenarios:  1 | passed:  0 | failed:  1 | time: 0.4060
---------------------------------------------------------
15:21:36.904 [ForkJoinPool-2-worker-1] INFO  com.intuit.karate - karate.env system property was:  
15:21:36.907 [ForkJoinPool-2-worker-1] INFO  com.intuit.karate - [print] {
  "class": "metadata.Service",
  "electronicMailAddress": "[beheerpdok@kadaster.nl, beheer pdok@kadaster.nl]",
  "metadataStandardVersion": "Nederlands metadata profiel op ISO 19119 voor services 2.0",
  "operatesOn": "[https://www.nationaalgeoregister.nl:443/geonetwork/srv/dut/csw?service=CSW&request=GetRecordById&version=2.0.2&outputSchema=http://www.isotc211.org/2005/gmd&elementSetName=full&id=5a1adb58-0bbe-425d-b0fe-577a6c0a4228#MD_DataIdentification, https://www.nationaalgeoregister.nl:443/geonetwork/srv/dut/csw?service=CSW&request=GetRecordById&version=2.0.2&outputSchema=http://www.isotc211.org/2005/gmd&elementSetName=full&id=71c2b7d2-a1a8-4836-b8d4-7247d331b04d#MD_DataIdentification, https://www.nationaalgeoregister.nl:443/geonetwork/srv/dut/csw?service=CSW&request=GetRecordById&version=2.0.2&outputSchema=http://www.isotc211.org/2005/gmd&elementSetName=full&id=1462bbce-ccd3-4362-83d8-4535ca8f44eb#MD_DataIdentification, https://www.nationaalgeoregister.nl:443/geonetwork/srv/dut/csw?service=CSW&request=GetRecordById&version=2.0.2&outputSchema=http://www.isotc211.org/2005/gmd&elementSetName=full&id=f605a24f-60cd-4c40-94c8-2186aba3ddd0#MD_DataIdentification, https://www.nationaalgeoregister.nl:443/geonetwork/srv/dut/csw?service=CSW&request=GetRecordById&version=2.0.2&outputSchema=http://www.isotc211.org/2005/gmd&elementSetName=full&id=76091be7-358a-4a44-8182-b4139c96c6a4#MD_DataIdentification, https://www.nationaalgeoregister.nl:443/geonetwork/srv/dut/csw?service=CSW&request=GetRecordById&version=2.0.2&outputSchema=http://www.isotc211.org/2005/gmd&elementSetName=full&id=8829e5dd-c861-4639-a6c8-fdbb6e3440d2#MD_DataIdentification, https://www.nationaalgeoregister.nl:443/geonetwork/srv/dut/csw?service=CSW&request=GetRecordById&version=2.0.2&outputSchema=http://www.isotc211.org/2005/gmd&elementSetName=full&id=710c381c-ab2d-45d5-a45d-af2eba811e5f#MD_DataIdentification, https://www.nationaalgeoregister.nl:443/geonetwork/srv/dut/csw?service=CSW&request=GetRecordById&version=2.0.2&outputSchema=http://www.isotc211.org/2005/gmd&elementSetName=full&id=a9b7026e-0a81-4813-93bd-ba49e6f28502#MD_DataIdentification, https://www.nationaalgeoregister.nl:443/geonetwork/srv/dut/csw?service=CSW&request=GetRecordById&version=2.0.2&outputSchema=http://www.isotc211.org/2005/gmd&elementSetName=full&id=2e5f0f60-0f2f-4e17-96af-c913fe305ecb#MD_DataIdentification, https://www.nationaalgeoregister.nl:443/geonetwork/srv/dut/csw?service=CSW&request=GetRecordById&version=2.0.2&outputSchema=http://www.isotc211.org/2005/gmd&elementSetName=full&id=00d8c7c8-98ff-4b06-8f53-b44216e6e75c#MD_DataIdentification, https://www.nationaalgeoregister.nl:443/geonetwork/srv/dut/csw?service=CSW&request=GetRecordById&version=2.0.2&outputSchema=http://www.isotc211.org/2005/gmd&elementSetName=full&id=701d4eb8-8aae-4708-bba5-3edf6987676d#MD_DataIdentification, https://www.nationaalgeoregister.nl:443/geonetwork/srv/dut/csw?service=CSW&request=GetRecordById&version=2.0.2&outputSchema=http://www.isotc211.org/2005/gmd&elementSetName=full&id=17716ed7-ce0d-4bfd-8868-a398e5578a36#MD_DataIdentification, https://www.nationaalgeoregister.nl:443/geonetwork/srv/dut/csw?service=CSW&request=GetRecordById&version=2.0.2&outputSchema=http://www.isotc211.org/2005/gmd&elementSetName=full&id=29d5310f-dd0d-45ba-abad-b4ffc6b8785f#MD_DataIdentification, https://www.nationaalgeoregister.nl:443/geonetwork/srv/dut/csw?service=CSW&request=GetRecordById&version=2.0.2&outputSchema=http://www.isotc211.org/2005/gmd&elementSetName=full&id=831f7bd7-c2ae-4336-bd2f-47ab20d7cdb7#MD_DataIdentification, https://www.nationaalgeoregister.nl:443/geonetwork/srv/dut/csw?service=CSW&request=GetRecordById&version=2.0.2&outputSchema=http://www.isotc211.org/2005/gmd&elementSetName=full&id=0f297898-2640-44c2-bbe9-c0480da83794#MD_DataIdentification, https://www.nationaalgeoregister.nl:443/geonetwork/srv/dut/csw?service=CSW&request=GetRecordById&version=2.0.2&outputSchema=http://www.isotc211.org/2005/gmd&elementSetName=full&id=abaf1e22-55aa-4a11-a855-7ac963e4a82b#MD_DataIdentification, https://www.nationaalgeoregister.nl:443/geonetwork/srv/dut/csw?service=CSW&request=GetRecordById&version=2.0.2&outputSchema=http://www.isotc211.org/2005/gmd&elementSetName=full&id=07d73b60-dfd6-4c54-9c82-9fac70c6c48e#MD_DataIdentification, https://www.nationaalgeoregister.nl:443/geonetwork/srv/dut/csw?service=CSW&request=GetRecordById&version=2.0.2&outputSchema=http://www.isotc211.org/2005/gmd&elementSetName=full&id=d25fe199-2430-48fd-ad57-5b5f79f73cdf#MD_DataIdentification, https://www.nationaalgeoregister.nl:443/geonetwork/srv/dut/csw?service=CSW&request=GetRecordById&version=2.0.2&outputSchema=http://www.isotc211.org/2005/gmd&elementSetName=full&id=e536d943-ecff-4d7a-9500-cc31a263a6af#MD_DataIdentification, https://www.nationaalgeoregister.nl:443/geonetwork/srv/dut/csw?service=CSW&request=GetRecordById&version=2.0.2&outputSchema=http://www.isotc211.org/2005/gmd&elementSetName=full&id=bbece924-9aab-4e00-8392-bce36b8f494e#MD_DataIdentification, https://www.nationaalgeoregister.nl:443/geonetwork/srv/dut/csw?service=CSW&request=GetRecordById&version=2.0.2&outputSchema=http://www.isotc211.org/2005/gmd&elementSetName=full&id=c935f2ab-9b65-4dc4-94a0-73aeb840a941#MD_DataIdentification, https://www.nationaalgeoregister.nl:443/geonetwork/srv/dut/csw?service=CSW&request=GetRecordById&version=2.0.2&outputSchema=http://www.isotc211.org/2005/gmd&elementSetName=full&id=81ff84ec-42a4-4481-840b-12713bbb5d38#MD_DataIdentification, https://www.nationaalgeoregister.nl:443/geonetwork/srv/dut/csw?service=CSW&request=GetRecordById&version=2.0.2&outputSchema=http://www.isotc211.org/2005/gmd&elementSetName=full&id=af0c582f-9e6b-46e6-865a-fc3a2d5289b9#MD_DataIdentification, https://www.nationaalgeoregister.nl:443/geonetwork/srv/dut/csw?service=CSW&request=GetRecordById&version=2.0.2&outputSchema=http://www.isotc211.org/2005/gmd&elementSetName=full&id=3eebf700-5abf-42e4-826c-03cfb497e366#MD_DataIdentification, https://www.nationaalgeoregister.nl:443/geonetwork/srv/dut/csw?service=CSW&request=GetRecordById&version=2.0.2&outputSchema=http://www.isotc211.org/2005/gmd&elementSetName=full&id=9d9f1738-aced-47c9-aaa0-c62474a2dcfb#MD_DataIdentification, https://www.nationaalgeoregister.nl:443/geonetwork/srv/dut/csw?service=CSW&request=GetRecordById&version=2.0.2&outputSchema=http://www.isotc211.org/2005/gmd&elementSetName=full&id=8eee71f9-9365-490d-9484-00263c6fa35c#MD_DataIdentification, https://www.nationaalgeoregister.nl:443/geonetwork/srv/dut/csw?service=CSW&request=GetRecordById&version=2.0.2&outputSchema=http://www.isotc211.org/2005/gmd&elementSetName=full&id=4961d305-fbb5-426a-9ba3-53e1ca5f3b18#MD_DataIdentification, https://www.nationaalgeoregister.nl:443/geonetwork/srv/dut/csw?service=CSW&request=GetRecordById&version=2.0.2&outputSchema=http://www.isotc211.org/2005/gmd&elementSetName=full&id=2af8df10-81ba-434a-8125-34fe8f127cf9#MD_DataIdentification, https://www.nationaalgeoregister.nl:443/geonetwork/srv/dut/csw?service=CSW&request=GetRecordById&version=2.0.2&outputSchema=http://www.isotc211.org/2005/gmd&elementSetName=full&id=6cde2ce7-3ecd-4785-b7b8-d62c3381efe9#MD_DataIdentification, https://www.nationaalgeoregister.nl:443/geonetwork/srv/dut/csw?service=CSW&request=GetRecordById&version=2.0.2&outputSchema=http://www.isotc211.org/2005/gmd&elementSetName=full&id=3229e4d7-4bcd-4b94-819d-8e62de69ce2e#MD_DataIdentification, https://www.nationaalgeoregister.nl:443/geonetwork/srv/dut/csw?service=CSW&request=GetRecordById&version=2.0.2&outputSchema=http://www.isotc211.org/2005/gmd&elementSetName=full&id=5d0dc580-ba7a-4c3b-968b-199efd92d6cf#MD_DataIdentification, https://www.nationaalgeoregister.nl:443/geonetwork/srv/dut/csw?service=CSW&request=GetRecordById&version=2.0.2&outputSchema=http://www.isotc211.org/2005/gmd&elementSetName=full&id=bffcd5d9-02b4-4e7d-991f-a386611cad84#MD_DataIdentification, https://www.nationaalgeoregister.nl:443/geonetwork/srv/dut/csw?service=CSW&request=GetRecordById&version=2.0.2&outputSchema=http://www.isotc211.org/2005/gmd&elementSetName=full&id=effe1ab0-073d-437c-af13-df5c5e07d6cd#MD_DataIdentification]",
  "organisation": "Beheer PDOK",
  "serviceIdentifierCode": "9ff1a13c-d1e0-4150-8523-91cb489ae1a4",
  "servicetype": "download",
  "title": "INSPIRE download service PDOK",
  "url": "https://geodata.nationaalgeoregister.nl/atom/index.xml"
}

15:21:36.907 [ForkJoinPool-2-worker-1] INFO  com.intuit.karate - [print] testing url:https://geodata.nationaalgeoregister.nl/atom/index.xml
15:21:36.908 [ForkJoinPool-2-worker-1] DEBUG com.intuit.karate - request:
1 > HEAD https://geodata.nationaalgeoregister.nl/atom/index.xml
1 > Accept-Encoding: gzip,deflate
1 > Connection: Keep-Alive
1 > Host: geodata.nationaalgeoregister.nl
1 > User-Agent: Apache-HttpClient/4.5.11 (Java/13.0.5)

15:21:37.073 [ForkJoinPool-2-worker-7] DEBUG com.intuit.karate - response time in milliseconds: 410.81
1 < 200
1 < Access-Control-Allow-Headers: SOAPAction,X-Requested-With,Content-Type,Origin,Authorization,Accept
1 < Access-Control-Allow-Methods: POST, GET, OPTIONS, HEAD
1 < Access-Control-Allow-Origin: *
1 < Access-Control-Max-Age: 1000
1 < Content-Disposition: inline; filename=getcapabilities_1.3.0.xml
1 < Content-Type: text/xml
1 < Date: Mon, 26 Oct 2020 15:21:36 GMT
1 < X-Cnection: [close, close]

15:21:37.073 [ForkJoinPool-2-worker-7] ERROR com.intuit.karate - assertion failed: path: $['Content-Length'][0], actual: null, expected: '#notnull', reason: actual json-path does not exist
15:21:37.075 [pool-4-thread-1] INFO  com.intuit.karate.Runner - <<fail>> feature 102 of 367: tmp/junit17863174098671850733/Beheer-PDOK/Nationale-Parken--INSPIRE-Geharmoniseerd-/view/Beschermde-Gebieden-Nationale-Parken--INSPIRE-geharmoniseerd--WMS/checkViewUrl.feature
---------------------------------------------------------
feature: tmp/junit17863174098671850733/Beheer-PDOK/Nationale-Parken--INSPIRE-Geharmoniseerd-/view/Beschermde-Gebieden-Nationale-Parken--INSPIRE-geharmoniseerd--WMS/checkViewUrl.feature
report: target/surefire-reports/tmp.junit17863174098671850733.Beheer-PDOK.Nationale-Parken--INSPIRE-Geharmoniseerd-.view.Beschermde-Gebieden-Nationale-Parken--INSPIRE-geharmoniseerd--WMS.checkViewUrl.json
scenarios:  1 | passed:  0 | failed:  1 | time: 0.4145
---------------------------------------------------------
15:21:37.080 [ForkJoinPool-2-worker-7] INFO  com.intuit.karate - karate.env system property was:  
15:21:37.082 [ForkJoinPool-2-worker-7] INFO  com.intuit.karate - [print] {
  "class": "metadata.Service",
  "electronicMailAddress": "[beheerPDOK@kadaster.nl, beheerPDOK@kadaster.nl]",
  "metadataStandardVersion": "Nederlands metadata profiel op ISO 19119 voor services 2.0",
  "operatesOn": "http://nationaalgeoregister.nl/geonetwork/srv/dut/csw?service=CSW&version=2.0.2&request=GetRecordById&outputschema=http://www.isotc211.org/2005/gmd&elementsetname=full&id=710c381c-ab2d-45d5-a45d-af2eba811e5f#MD_DataIdentification",
  "organisation": "Beheer PDOK",
  "serviceIdentifierCode": "578f993f-4d0b-4c4a-a08b-dfa9e1d1376e",
  "servicetype": "download",
  "title": "Nationaal Hydrologisch Instrumentarium (NHI) netwerkschematisaties WFS",
  "url": "https://geodata.nationaalgeoregister.nl/nhi/wfs?request=GetCapabilities"
}

15:21:37.082 [ForkJoinPool-2-worker-7] INFO  com.intuit.karate - [print] testing url:https://geodata.nationaalgeoregister.nl/nhi/wfs?request=GetCapabilities
15:21:37.083 [ForkJoinPool-2-worker-7] DEBUG com.intuit.karate - request:
1 > HEAD https://geodata.nationaalgeoregister.nl/nhi/wfs?request=GetCapabilities
1 > Accept-Encoding: gzip,deflate
1 > Connection: Keep-Alive
1 > Host: geodata.nationaalgeoregister.nl
1 > User-Agent: Apache-HttpClient/4.5.11 (Java/13.0.5)

15:21:37.212 [ForkJoinPool-2-worker-5] DEBUG com.intuit.karate - response time in milliseconds: 397.25
1 < 200
1 < Access-Control-Allow-Headers: SOAPAction,X-Requested-With,Content-Type,Origin,Authorization,Accept
1 < Access-Control-Allow-Methods: POST, GET, OPTIONS, HEAD
1 < Access-Control-Allow-Origin: *
1 < Access-Control-Max-Age: 1000
1 < Content-Length: 73
1 < Content-Type: text/html; charset=UTF-8
1 < Date: Mon, 26 Oct 2020 15:21:37 GMT
1 < Server: lighttpd/1.4.53
1 < X-Cnection: [close, close]

15:21:37.213 [ForkJoinPool-2-worker-5] ERROR com.intuit.karate - assertion failed: path: $['Content-Type'][0], actual: 'text/html; charset=UTF-8', expected: 'text/xml', reason: not equal
15:21:37.214 [pool-4-thread-3] INFO  com.intuit.karate.Runner - <<fail>> feature 103 of 367: tmp/junit17863174098671850733/Beheer-PDOK/Geluidkaart-hoofdspoornet-2016--Lnight-/download/Geluidblootstelling-van-het-hoofdspoorwegennet-Lnight-WFS/checkdownloadurl.feature
---------------------------------------------------------
feature: tmp/junit17863174098671850733/Beheer-PDOK/Geluidkaart-hoofdspoornet-2016--Lnight-/download/Geluidblootstelling-van-het-hoofdspoorwegennet-Lnight-WFS/checkdownloadurl.feature
report: target/surefire-reports/tmp.junit17863174098671850733.Beheer-PDOK.Geluidkaart-hoofdspoornet-2016--Lnight-.download.Geluidblootstelling-van-het-hoofdspoorwegennet-Lnight-WFS.checkdownloadurl.json
scenarios:  1 | passed:  0 | failed:  1 | time: 0.4069
---------------------------------------------------------
15:21:37.218 [ForkJoinPool-2-worker-5] INFO  com.intuit.karate - karate.env system property was:  
15:21:37.222 [ForkJoinPool-2-worker-5] INFO  com.intuit.karate - [print] {
  "class": "metadata.Service",
  "electronicMailAddress": "[beheerPDOK@kadaster.nl, beheerPDOK@kadaster.nl]",
  "metadataStandardVersion": "Nederlands metadata profiel op ISO 19119 voor services 2.0",
  "operatesOn": "http://nationaalgeoregister.nl/geonetwork/srv/dut/csw?service=CSW&version=2.0.2&request=GetRecordById&outputschema=http://www.isotc211.org/2005/gmd&elementsetname=full&id=710c381c-ab2d-45d5-a45d-af2eba811e5f#MD_DataIdentification",
  "organisation": "Beheer PDOK",
  "serviceIdentifierCode": "8abcd2d1-3beb-43e5-a572-2b2da05a0a98",
  "servicetype": "view",
  "title": "Nationaal Hydrologisch Instrumentarium (NHI) netwerkschematisaties WMS",
  "url": "https://geodata.nationaalgeoregister.nl/nhi/wms?request=GetCapabilities"
}

15:21:37.223 [ForkJoinPool-2-worker-5] INFO  com.intuit.karate - [print] testing url:https://geodata.nationaalgeoregister.nl/nhi/wms?request=GetCapabilities
15:21:37.224 [ForkJoinPool-2-worker-5] DEBUG com.intuit.karate - request:
1 > HEAD https://geodata.nationaalgeoregister.nl/nhi/wms?request=GetCapabilities
1 > Accept-Encoding: gzip,deflate
1 > Connection: Keep-Alive
1 > Host: geodata.nationaalgeoregister.nl
1 > User-Agent: Apache-HttpClient/4.5.11 (Java/13.0.5)

15:21:37.259 [ForkJoinPool-2-worker-3] DEBUG com.intuit.karate - response time in milliseconds: 396.22
1 < 200
1 < Access-Control-Allow-Headers: SOAPAction,X-Requested-With,Content-Type,Origin,Authorization,Accept
1 < Access-Control-Allow-Methods: POST, GET, OPTIONS, HEAD
1 < Access-Control-Allow-Origin: *
1 < Access-Control-Max-Age: 1000
1 < Content-Length: 73
1 < Content-Type: text/html; charset=UTF-8
1 < Date: Mon, 26 Oct 2020 15:21:37 GMT
1 < Server: lighttpd/1.4.53
1 < X-Cnection: [close, close]

15:21:37.261 [pool-4-thread-4] INFO  com.intuit.karate.Runner - <<pass>> feature 104 of 367: tmp/junit17863174098671850733/Beheer-PDOK/Geluidkaart-hoofdspoornet-2016--Lnight-/view/Geluidblootstelling-van-het-hoofdspoorwegennet-Lnight-WMS/checkViewUrl.feature
---------------------------------------------------------
feature: tmp/junit17863174098671850733/Beheer-PDOK/Geluidkaart-hoofdspoornet-2016--Lnight-/view/Geluidblootstelling-van-het-hoofdspoorwegennet-Lnight-WMS/checkViewUrl.feature
report: target/surefire-reports/tmp.junit17863174098671850733.Beheer-PDOK.Geluidkaart-hoofdspoornet-2016--Lnight-.view.Geluidblootstelling-van-het-hoofdspoorwegennet-Lnight-WMS.checkViewUrl.json
scenarios:  1 | passed:  1 | failed:  0 | time: 0.4064
---------------------------------------------------------
15:21:37.266 [ForkJoinPool-2-worker-3] INFO  com.intuit.karate - karate.env system property was:  
15:21:37.267 [ForkJoinPool-2-worker-3] INFO  com.intuit.karate - [print] {
  "class": "metadata.Service",
  "electronicMailAddress": "[beheerpdok@kadaster.nl, beheerpdok@kadaster.nl]",
  "metadataStandardVersion": "Nederlands metadata profiel op ISO 19119 voor services 2.0",
  "operatesOn": "https://www.nationaalgeoregister.nl:443/geonetwork/srv/dut/csw?service=CSW&request=GetRecordById&version=2.0.2&outputSchema=http://www.isotc211.org/2005/gmd&elementSetName=full&id=76541ebb-a554-4540-a017-399d4bb4a860#MD_DataIdentification",
  "organisation": "Beheer PDOK",
  "serviceIdentifierCode": "037e55bd-a1dc-4fde-adfe-4610d3a3d5cb",
  "servicetype": "download",
  "title": "Population Distribution (INSPIRE geharmoniseerd) ATOM",
  "url": "https://service.pdok.nl/cbs/pd/atom/v1_0/index.xml"
}

15:21:37.269 [ForkJoinPool-2-worker-3] INFO  com.intuit.karate - [print] testing url:https://service.pdok.nl/cbs/pd/atom/v1_0/index.xml
15:21:37.270 [ForkJoinPool-2-worker-3] DEBUG com.intuit.karate - request:
1 > HEAD https://service.pdok.nl/cbs/pd/atom/v1_0/index.xml
1 > Accept-Encoding: gzip,deflate
1 > Connection: Keep-Alive
1 > Host: service.pdok.nl
1 > User-Agent: Apache-HttpClient/4.5.11 (Java/13.0.5)

15:21:37.313 [ForkJoinPool-2-worker-1] DEBUG com.intuit.karate - response time in milliseconds: 405.01
1 < 200
1 < Access-Control-Allow-Headers: SOAPAction,X-Requested-With,Content-Type,Origin,Authorization,Accept
1 < Access-Control-Allow-Methods: POST, GET, OPTIONS, HEAD
1 < Access-Control-Allow-Origin: *
1 < Access-Control-Max-Age: 1000
1 < Content-Length: 59006
1 < Content-Type: text/xml
1 < Date: Mon, 26 Oct 2020 15:21:37 GMT
1 < X-Cnection: [close, close]

15:21:37.318 [pool-4-thread-2] INFO  com.intuit.karate.Runner - <<pass>> feature 105 of 367: tmp/junit17863174098671850733/Beheer-PDOK/Nationaal-Hydrologisch-Instrumentarium--NHI----netwerkschematisatie/download/INSPIRE-download-service-PDOK/checkdownloadurl.feature
---------------------------------------------------------
feature: tmp/junit17863174098671850733/Beheer-PDOK/Nationaal-Hydrologisch-Instrumentarium--NHI----netwerkschematisatie/download/INSPIRE-download-service-PDOK/checkdownloadurl.feature
report: target/surefire-reports/tmp.junit17863174098671850733.Beheer-PDOK.Nationaal-Hydrologisch-Instrumentarium--NHI----netwerkschematisatie.download.INSPIRE-download-service-PDOK.checkdownloadurl.json
scenarios:  1 | passed:  1 | failed:  0 | time: 0.4124
---------------------------------------------------------
15:21:37.322 [ForkJoinPool-2-worker-1] INFO  com.intuit.karate - karate.env system property was:  
15:21:37.325 [ForkJoinPool-2-worker-1] INFO  com.intuit.karate - [print] {
  "class": "metadata.Service",
  "electronicMailAddress": "[beheerPDOK@kadaster.nl, beheerPDOK@kadaster.nl]",
  "metadataStandardVersion": "Nederlands metadata profiel op ISO 19119 voor services 2.0",
  "operatesOn": "https://www.nationaalgeoregister.nl:443/geonetwork/srv/dut/csw?service=CSW&request=GetRecordById&version=2.0.2&outputSchema=http://www.isotc211.org/2005/gmd&elementSetName=full&id=76541ebb-a554-4540-a017-399d4bb4a860#MD_DataIdentification",
  "organisation": "Beheer PDOK",
  "serviceIdentifierCode": "171b28f6-7ee7-46f9-b3b3-06d0baaa33db",
  "servicetype": "view",
  "title": "Population Distribution (INSPIRE geharmoniseerd) WMS",
  "url": "https://service.pdok.nl/cbs/pd/wms/v1_0?request=GetCapabilities&service=WMS"
}

15:21:37.326 [ForkJoinPool-2-worker-1] INFO  com.intuit.karate - [print] testing url:https://service.pdok.nl/cbs/pd/wms/v1_0?request=GetCapabilities&service=WMS
15:21:37.327 [ForkJoinPool-2-worker-1] DEBUG com.intuit.karate - request:
1 > HEAD https://service.pdok.nl/cbs/pd/wms/v1_0?request=GetCapabilities&service=WMS
1 > Accept-Encoding: gzip,deflate
1 > Connection: Keep-Alive
1 > Host: service.pdok.nl
1 > User-Agent: Apache-HttpClient/4.5.11 (Java/13.0.5)

15:21:37.519 [ForkJoinPool-2-worker-7] DEBUG com.intuit.karate - response time in milliseconds: 436.22
1 < 200
1 < Access-Control-Allow-Headers: SOAPAction,X-Requested-With,Content-Type,Origin,Authorization,Accept
1 < Access-Control-Allow-Methods: POST, GET, OPTIONS, HEAD
1 < Access-Control-Allow-Origin: *
1 < Access-Control-Max-Age: 1000
1 < Content-Disposition: inline; filename=geoserver-GetCapabilities.application
1 < Content-Type: application/xml
1 < Date: Mon, 26 Oct 2020 15:21:36 GMT
1 < X-Cnection: [close, close]

15:21:37.520 [ForkJoinPool-2-worker-7] ERROR com.intuit.karate - assertion failed: path: $['Content-Length'][0], actual: null, expected: '#notnull', reason: actual json-path does not exist
15:21:37.521 [pool-4-thread-1] INFO  com.intuit.karate.Runner - <<fail>> feature 106 of 367: tmp/junit17863174098671850733/Beheer-PDOK/Nationaal-Hydrologisch-Instrumentarium--NHI----netwerkschematisatie/download/Nationaal-Hydrologisch-Instrumentarium--NHI--netwerkschematisaties-WFS/checkdownloadurl.feature
---------------------------------------------------------
feature: tmp/junit17863174098671850733/Beheer-PDOK/Nationaal-Hydrologisch-Instrumentarium--NHI----netwerkschematisatie/download/Nationaal-Hydrologisch-Instrumentarium--NHI--netwerkschematisaties-WFS/checkdownloadurl.feature
report: target/surefire-reports/tmp.junit17863174098671850733.Beheer-PDOK.Nationaal-Hydrologisch-Instrumentarium--NHI----netwerkschematisatie.download.Nationaal-Hydrologisch-Instrumentarium--NHI--netwerkschematisaties-WFS.checkdownloadurl.json
scenarios:  1 | passed:  0 | failed:  1 | time: 0.4390
---------------------------------------------------------
15:21:37.526 [ForkJoinPool-2-worker-7] INFO  com.intuit.karate - karate.env system property was:  
15:21:37.528 [ForkJoinPool-2-worker-7] INFO  com.intuit.karate - [print] {
  "class": "metadata.Service",
  "electronicMailAddress": "[beheerPDOK@kadaster.nl, beheerPDOK@kadaster.nl]",
  "metadataStandardVersion": "Nederlands metadata profiel op ISO 19119 voor services 2.0",
  "operatesOn": "https://www.nationaalgeoregister.nl:443/geonetwork/srv/dut/csw?service=CSW&request=GetRecordById&version=2.0.2&outputSchema=http://www.isotc211.org/2005/gmd&elementSetName=full&id=76541ebb-a554-4540-a017-399d4bb4a860#MD_DataIdentification",
  "organisation": "Beheer PDOK",
  "serviceIdentifierCode": "008d85d1-460d-46f6-9af4-98afdedbc4dc",
  "servicetype": "other",
  "title": "Population Distribution (INSPIRE geharmoniseerd) WFS",
  "url": "http://service.pdok.nl/cbs/pd/wfs/v1_0?request=GetCapabilities&service=WFS"
}

15:21:37.531 [ForkJoinPool-2-worker-7] INFO  com.intuit.karate - [print] testing url:http://service.pdok.nl/cbs/pd/wfs/v1_0?request=GetCapabilities&service=WFS
15:21:37.532 [ForkJoinPool-2-worker-7] DEBUG com.intuit.karate - request:
1 > HEAD http://service.pdok.nl/cbs/pd/wfs/v1_0?request=GetCapabilities&service=WFS
1 > Accept-Encoding: gzip,deflate
1 > Connection: Keep-Alive
1 > Host: service.pdok.nl
1 > User-Agent: Apache-HttpClient/4.5.11 (Java/13.0.5)

15:21:37.688 [ForkJoinPool-2-worker-5] DEBUG com.intuit.karate - response time in milliseconds: 463.65
1 < 200
1 < Access-Control-Allow-Headers: SOAPAction,X-Requested-With,Content-Type,Origin,Authorization,Accept
1 < Access-Control-Allow-Methods: POST, GET, OPTIONS, HEAD
1 < Access-Control-Allow-Origin: *
1 < Access-Control-Max-Age: 1000
1 < Content-Disposition: inline; filename=getcapabilities_1.3.0.xml
1 < Content-Type: text/xml
1 < Date: Mon, 26 Oct 2020 15:21:36 GMT
1 < X-Cnection: [close, close]

15:21:37.689 [ForkJoinPool-2-worker-5] ERROR com.intuit.karate - assertion failed: path: $['Content-Length'][0], actual: null, expected: '#notnull', reason: actual json-path does not exist
15:21:37.691 [pool-4-thread-3] INFO  com.intuit.karate.Runner - <<fail>> feature 107 of 367: tmp/junit17863174098671850733/Beheer-PDOK/Nationaal-Hydrologisch-Instrumentarium--NHI----netwerkschematisatie/view/Nationaal-Hydrologisch-Instrumentarium--NHI--netwerkschematisaties-WMS/checkViewUrl.feature
---------------------------------------------------------
feature: tmp/junit17863174098671850733/Beheer-PDOK/Nationaal-Hydrologisch-Instrumentarium--NHI----netwerkschematisatie/view/Nationaal-Hydrologisch-Instrumentarium--NHI--netwerkschematisaties-WMS/checkViewUrl.feature
report: target/surefire-reports/tmp.junit17863174098671850733.Beheer-PDOK.Nationaal-Hydrologisch-Instrumentarium--NHI----netwerkschematisatie.view.Nationaal-Hydrologisch-Instrumentarium--NHI--netwerkschematisaties-WMS.checkViewUrl.json
scenarios:  1 | passed:  0 | failed:  1 | time: 0.4709
---------------------------------------------------------
15:21:37.696 [ForkJoinPool-2-worker-3] DEBUG com.intuit.karate - response time in milliseconds: 421.52
1 < 200
1 < Accept-Ranges: bytes
1 < Access-Control-Allow-Headers: Content-Type
1 < Access-Control-Allow-Method: GET,OPTIONS,HEAD
1 < Access-Control-Allow-Origin: *
1 < Content-Length: 6639
1 < Content-Type: text/xml
1 < Date: Mon, 26 Oct 2020 15:21:37 GMT
1 < Etag: "3537577304"
1 < Last-Modified: Wed, 21 Oct 2020 23:10:47 GMT
1 < Server: PDOK ATOM SERVER
1 < Strict-Transport-Security: max-age=3600; includeSubDomains; preload

15:21:37.698 [pool-4-thread-4] INFO  com.intuit.karate.Runner - <<pass>> feature 108 of 367: tmp/junit17863174098671850733/Beheer-PDOK/Population-Distribution-NL/download/Population-Distribution--INSPIRE-geharmoniseerd--ATOM/checkdownloadurl.feature
---------------------------------------------------------
feature: tmp/junit17863174098671850733/Beheer-PDOK/Population-Distribution-NL/download/Population-Distribution--INSPIRE-geharmoniseerd--ATOM/checkdownloadurl.feature
report: target/surefire-reports/tmp.junit17863174098671850733.Beheer-PDOK.Population-Distribution-NL.download.Population-Distribution--INSPIRE-geharmoniseerd--ATOM.checkdownloadurl.json
scenarios:  1 | passed:  1 | failed:  0 | time: 0.4302
---------------------------------------------------------
15:21:37.703 [ForkJoinPool-2-worker-3] INFO  com.intuit.karate - karate.env system property was:  
15:21:37.708 [ForkJoinPool-2-worker-7] DEBUG com.intuit.karate - response time in milliseconds: 175.39
1 < 302
1 < Connection: Keep-Alive
1 < Content-Length: 0
1 < Location: https://service.pdok.nl/cbs/pd/wfs/v1_0?request=GetCapabilities&service=WFS
1 < Server: BigIP

15:21:37.711 [ForkJoinPool-2-worker-7] DEBUG com.intuit.karate - request:
2 > HEAD http://service.pdok.nl/cbs/pd/wfs/v1_0?request=GetCapabilities&service=WFS
2 > Accept-Encoding: gzip,deflate
2 > Connection: Keep-Alive
2 > Host: service.pdok.nl
2 > User-Agent: Apache-HttpClient/4.5.11 (Java/13.0.5)

15:21:37.707 [ForkJoinPool-2-worker-5] INFO  com.intuit.karate - karate.env system property was:  
15:21:37.712 [ForkJoinPool-2-worker-5] INFO  com.intuit.karate - [print] {
  "class": "metadata.Service",
  "electronicMailAddress": "[beheerpdok@kadaster.nl, beheerpdok@kadaster.nl]",
  "metadataStandardVersion": "Nederlands metadata profiel op ISO 19119 voor services 2.0",
  "operatesOn": "http://nationaalgeoregister.nl/geonetwork/srv/dut/csw?service=CSW&version=2.0.2&request=GetRecordById&outputschema=http://www.isotc211.org/2005/gmd&elementsetname=full&id=ror-9d8e-4758-83fx-28b057f185f1#MD_DataIdentification",
  "organisation": "Beheer PDOK",
  "serviceIdentifierCode": "0898d4a9-8fe6-46e9-8855-1242d8028970",
  "servicetype": "download",
  "title": "Richtlijn Overstromingsrisico EU2018 ATOM",
  "url": "https://geodata.nationaalgeoregister.nl/rws/richtlijnoverstromingsrisico2018/atom/v1_0/index.xml"
}

15:21:37.714 [ForkJoinPool-2-worker-3] INFO  com.intuit.karate - [print] {
  "class": "metadata.Service",
  "electronicMailAddress": "[beheerPDOK@kadaster.nl, beheerPDOK@kadaster.nl]",
  "metadataStandardVersion": "Nederlands metadata profiel op ISO 19119 voor services 2.0",
  "operatesOn": "https://www.nationaalgeoregister.nl:443/geonetwork/srv/dut/csw?service=CSW&request=GetRecordById&version=2.0.2&outputSchema=http://www.isotc211.org/2005/gmd&elementSetName=full&id=10d1153e-778f-4995-9b6c-7c69b196cccb#MD_DataIdentification",
  "organisation": "Beheer PDOK",
  "serviceIdentifierCode": "e08079df-6c19-486e-916e-5c9948cfafea",
  "servicetype": "download",
  "title": "CBS Gebiedsindelingen (INSPIRE geharmoniseerd) WFS",
  "url": "https://geodata.nationaalgeoregister.nl/inspire/su-vector/wfs?&request=GetCapabilities&service=WFS"
}

15:21:37.717 [ForkJoinPool-2-worker-3] INFO  com.intuit.karate - [print] testing url:https://geodata.nationaalgeoregister.nl/inspire/su-vector/wfs?&request=GetCapabilities&service=WFS
15:21:37.717 [ForkJoinPool-2-worker-5] INFO  com.intuit.karate - [print] testing url:https://geodata.nationaalgeoregister.nl/rws/richtlijnoverstromingsrisico2018/atom/v1_0/index.xml
15:21:37.718 [ForkJoinPool-2-worker-3] DEBUG com.intuit.karate - request:
1 > HEAD https://geodata.nationaalgeoregister.nl/inspire/su-vector/wfs?&request=GetCapabilities&service=WFS
1 > Accept-Encoding: gzip,deflate
1 > Connection: Keep-Alive
1 > Host: geodata.nationaalgeoregister.nl
1 > User-Agent: Apache-HttpClient/4.5.11 (Java/13.0.5)

15:21:37.719 [ForkJoinPool-2-worker-5] DEBUG com.intuit.karate - request:
1 > HEAD https://geodata.nationaalgeoregister.nl/rws/richtlijnoverstromingsrisico2018/atom/v1_0/index.xml
1 > Accept-Encoding: gzip,deflate
1 > Connection: Keep-Alive
1 > Host: geodata.nationaalgeoregister.nl
1 > User-Agent: Apache-HttpClient/4.5.11 (Java/13.0.5)

15:21:37.908 [ForkJoinPool-2-worker-1] DEBUG com.intuit.karate - response time in milliseconds: 579.83
1 < 200
1 < Access-Control-Allow-Headers: Content-Type
1 < Access-Control-Allow-Method: GET,POST,OPTIONS
1 < Access-Control-Allow-Origin: *
1 < Content-Length: 15709
1 < Content-Type: text/xml; charset=UTF-8
1 < Date: Mon, 26 Oct 2020 15:21:37 GMT
1 < Server: lighttpd/1.4.53
1 < Strict-Transport-Security: max-age=3600; includeSubDomains; preload

15:21:37.910 [pool-4-thread-2] INFO  com.intuit.karate.Runner - <<pass>> feature 109 of 367: tmp/junit17863174098671850733/Beheer-PDOK/Population-Distribution-NL/view/Population-Distribution--INSPIRE-geharmoniseerd--WMS/checkViewUrl.feature
---------------------------------------------------------
feature: tmp/junit17863174098671850733/Beheer-PDOK/Population-Distribution-NL/view/Population-Distribution--INSPIRE-geharmoniseerd--WMS/checkViewUrl.feature
report: target/surefire-reports/tmp.junit17863174098671850733.Beheer-PDOK.Population-Distribution-NL.view.Population-Distribution--INSPIRE-geharmoniseerd--WMS.checkViewUrl.json
scenarios:  1 | passed:  1 | failed:  0 | time: 0.5849
---------------------------------------------------------
15:21:37.926 [ForkJoinPool-2-worker-1] INFO  com.intuit.karate - karate.env system property was:  
15:21:37.928 [ForkJoinPool-2-worker-1] INFO  com.intuit.karate - [print] {
  "class": "metadata.Service",
  "electronicMailAddress": "[beheerPDOK@kadaster.nl, beheerPDOK@kadaster.nl]",
  "metadataStandardVersion": "Nederlands metadata profiel op ISO 19119 voor services 2.0",
  "operatesOn": "https://www.nationaalgeoregister.nl:443/geonetwork/srv/dut/csw?service=CSW&request=GetRecordById&version=2.0.2&outputSchema=http://www.isotc211.org/2005/gmd&elementSetName=full&id=10d1153e-778f-4995-9b6c-7c69b196cccb#MD_DataIdentification",
  "organisation": "Beheer PDOK",
  "serviceIdentifierCode": "88a93a3b-d522-4c5d-9b0f-c6c39a118442",
  "servicetype": "view",
  "title": "CBS Gebiedsindelingen (INSPIRE geharmoniseerd) WMS",
  "url": "https://geodata.nationaalgeoregister.nl/inspire/su-vector/wms?&request=GetCapabilities&service=WMS"
}

15:21:37.931 [ForkJoinPool-2-worker-1] INFO  com.intuit.karate - [print] testing url:https://geodata.nationaalgeoregister.nl/inspire/su-vector/wms?&request=GetCapabilities&service=WMS
15:21:37.933 [ForkJoinPool-2-worker-1] DEBUG com.intuit.karate - request:
1 > HEAD https://geodata.nationaalgeoregister.nl/inspire/su-vector/wms?&request=GetCapabilities&service=WMS
1 > Accept-Encoding: gzip,deflate
1 > Connection: Keep-Alive
1 > Host: geodata.nationaalgeoregister.nl
1 > User-Agent: Apache-HttpClient/4.5.11 (Java/13.0.5)

15:21:38.111 [ForkJoinPool-2-worker-5] DEBUG com.intuit.karate - response time in milliseconds: 391.27
1 < 200
1 < Accept-Ranges: bytes
1 < Access-Control-Allow-Headers: SOAPAction,X-Requested-With,Content-Type,Origin,Authorization,Accept
1 < Access-Control-Allow-Methods: POST, GET, OPTIONS, HEAD
1 < Access-Control-Allow-Origin: *
1 < Access-Control-Max-Age: 1000
1 < Content-Length: 6231
1 < Content-Security-Policy: block-all-mixed-content
1 < Content-Type: text/xml
1 < Date: Mon, 26 Oct 2020 15:21:38 GMT
1 < Etag: "b86e14386658017070838b55827b24a4-1"
1 < Last-Modified: Thu, 16 Apr 2020 04:22:44 GMT
1 < Server: MinIO/RELEASE.2020-09-21T22-31-59Z
1 < Vary: Origin
1 < X-Amz-Bucket-Region: Amsterdam
1 < X-Amz-Request-Id: 164194068662E684
1 < X-Cnection: [close, close]
1 < X-Xss-Protection: 1; mode=block

15:21:38.113 [ForkJoinPool-2-worker-3] DEBUG com.intuit.karate - response time in milliseconds: 394.83
1 < 200
1 < Accept-Ranges: bytes
1 < Access-Control-Allow-Headers: SOAPAction,X-Requested-With,Content-Type,Origin,Authorization,Accept
1 < Access-Control-Allow-Methods: POST, GET, OPTIONS, HEAD
1 < Access-Control-Allow-Origin: *
1 < Access-Control-Max-Age: 1000
1 < Content-Type: application/xml
1 < Date: Mon, 26 Oct 2020 15:21:38 GMT
1 < ETag: "18264-5af58ad52204f-gzip"
1 < Last-Modified: Tue, 15 Sep 2020 11:44:43 GMT
1 < Vary: Accept-Encoding
1 < X-Cnection: [close, close]

15:21:38.113 [ForkJoinPool-2-worker-3] ERROR com.intuit.karate - assertion failed: path: $['Content-Length'][0], actual: null, expected: '#notnull', reason: actual json-path does not exist
15:21:38.115 [pool-4-thread-4] INFO  com.intuit.karate.Runner - <<fail>> feature 112 of 367: tmp/junit17863174098671850733/Beheer-PDOK/Statistical-Units-Vector/download/CBS-Gebiedsindelingen--INSPIRE-geharmoniseerd--WFS/checkdownloadurl.feature
15:21:38.115 [pool-4-thread-3] INFO  com.intuit.karate.Runner - <<pass>> feature 111 of 367: tmp/junit17863174098671850733/Beheer-PDOK/Richtlijn-Overstromingsrisico---historische-overstromingen-EU2018/download/Richtlijn-Overstromingsrisico-EU2018-ATOM/checkdownloadurl.feature
---------------------------------------------------------
feature: tmp/junit17863174098671850733/Beheer-PDOK/Statistical-Units-Vector/download/CBS-Gebiedsindelingen--INSPIRE-geharmoniseerd--WFS/checkdownloadurl.feature
report: target/surefire-reports/tmp.junit17863174098671850733.Beheer-PDOK.Statistical-Units-Vector.download.CBS-Gebiedsindelingen--INSPIRE-geharmoniseerd--WFS.checkdownloadurl.json
scenarios:  1 | passed:  0 | failed:  1 | time: 0.4002
---------------------------------------------------------
---------------------------------------------------------
feature: tmp/junit17863174098671850733/Beheer-PDOK/Richtlijn-Overstromingsrisico---historische-overstromingen-EU2018/download/Richtlijn-Overstromingsrisico-EU2018-ATOM/checkdownloadurl.feature
report: target/surefire-reports/tmp.junit17863174098671850733.Beheer-PDOK.Richtlijn-Overstromingsrisico---historische-overstromingen-EU2018.download.Richtlijn-Overstromingsrisico-EU2018-ATOM.checkdownloadurl.json
scenarios:  1 | passed:  1 | failed:  0 | time: 0.4006
---------------------------------------------------------
15:21:38.116 [ForkJoinPool-2-worker-7] DEBUG com.intuit.karate - response time in milliseconds: 405.36
2 < 200
2 < Access-Control-Allow-Headers: Content-Type
2 < Access-Control-Allow-Method: GET,POST,OPTIONS
2 < Access-Control-Allow-Origin: *
2 < Content-Length: 18387
2 < Content-Type: text/xml; charset=UTF-8
2 < Date: Mon, 26 Oct 2020 15:21:38 GMT
2 < Server: lighttpd/1.4.53
2 < Strict-Transport-Security: max-age=3600; includeSubDomains; preload

15:21:38.119 [ForkJoinPool-2-worker-7] INFO  com.intuit.karate - karate.env system property was:  
15:21:38.120 [ForkJoinPool-2-worker-7] INFO  com.intuit.karate - [print] {
  "class": "metadata.Service",
  "electronicMailAddress": "[beheer@kadaster.nl, beheerPDOK@kadaster.nl]",
  "metadataStandardVersion": "Nederlands metadata profiel op ISO 19119 voor services 2.0",
  "operatesOn": "http://nationaalgeoregister.nl/geonetwork/srv/dut/csw?service=CSW&version=2.0.2&request=GetRecordById&outputschema=http://www.isotc211.org/2005/gmd&elementsetname=full&id=f273941e-9c3b-43bc-b886-2d50d0bf9348#MD_DataIdentification",
  "organisation": "Beheer PDOK",
  "serviceIdentifierCode": "1fa220c2-5f2e-4943-a57e-c291cc35084b",
  "servicetype": "view",
  "title": "Habitatrichtlijn verspreidingsgebied van soorten WMS",
  "url": "https://geodata.nationaalgeoregister.nl/habitatrichtlijnverspreidingsgebieden/v2/wms?request=GetCapabilities"
}

15:21:38.120 [ForkJoinPool-2-worker-7] INFO  com.intuit.karate - [print] testing url:https://geodata.nationaalgeoregister.nl/habitatrichtlijnverspreidingsgebieden/v2/wms?request=GetCapabilities
15:21:38.126 [pool-4-thread-1] INFO  com.intuit.karate.Runner - <<pass>> feature 110 of 367: tmp/junit17863174098671850733/Beheer-PDOK/Population-Distribution-NL/other/Population-Distribution--INSPIRE-geharmoniseerd--WFS/checkOtherUrl.feature
---------------------------------------------------------
feature: tmp/junit17863174098671850733/Beheer-PDOK/Population-Distribution-NL/other/Population-Distribution--INSPIRE-geharmoniseerd--WFS/checkOtherUrl.feature
report: target/surefire-reports/tmp.junit17863174098671850733.Beheer-PDOK.Population-Distribution-NL.other.Population-Distribution--INSPIRE-geharmoniseerd--WFS.checkOtherUrl.json
scenarios:  1 | passed:  1 | failed:  0 | time: 0.5894
---------------------------------------------------------
15:21:38.129 [ForkJoinPool-2-worker-3] INFO  com.intuit.karate - karate.env system property was:  
15:21:38.134 [ForkJoinPool-2-worker-7] DEBUG com.intuit.karate - request:
1 > HEAD https://geodata.nationaalgeoregister.nl/habitatrichtlijnverspreidingsgebieden/v2/wms?request=GetCapabilities
1 > Accept-Encoding: gzip,deflate
1 > Connection: Keep-Alive
1 > Host: geodata.nationaalgeoregister.nl
1 > User-Agent: Apache-HttpClient/4.5.11 (Java/13.0.5)

15:21:38.135 [ForkJoinPool-2-worker-3] INFO  com.intuit.karate - [print] {
  "class": "metadata.Service",
  "electronicMailAddress": "[beheerPDOK@kadaster.nl, beheerPDOK@kadaster.nl]",
  "metadataStandardVersion": "Nederlands metadata profiel op ISO 19119 voor services 2.0",
  "operatesOn": "https://www.nationaalgeoregister.nl:443/geonetwork/srv/dut/csw?service=CSW&request=GetRecordById&version=2.0.2&outputSchema=http://www.isotc211.org/2005/gmd&elementSetName=full&id=5c37d29a-006d-4136-8989-adfc35a1d4a7#MD_DataIdentification",
  "organisation": "Beheer PDOK",
  "serviceIdentifierCode": "027e3f15-3b58-4570-97bb-779ce3ca947e",
  "servicetype": "download",
  "title": "CBS Wijken en Buurten 2019 versie 1 WFS",
  "url": "https://geodata.nationaalgeoregister.nl/wijkenbuurten2019/wfs?service=WFS&request=GetCapabilities"
}

15:21:38.135 [ForkJoinPool-2-worker-3] INFO  com.intuit.karate - [print] testing url:https://geodata.nationaalgeoregister.nl/wijkenbuurten2019/wfs?service=WFS&request=GetCapabilities
15:21:38.137 [ForkJoinPool-2-worker-5] INFO  com.intuit.karate - karate.env system property was:  
15:21:38.139 [ForkJoinPool-2-worker-5] INFO  com.intuit.karate - [print] {
  "class": "metadata.Service",
  "electronicMailAddress": "[beheerPDOK@kadaster.nl, beheerPDOK@kadaster.nl]",
  "metadataStandardVersion": "Nederlands metadata profiel op ISO 19119 voor services 2.0",
  "operatesOn": "http://nationaalgeoregister.nl/geonetwork/srv/dut/csw?service=CSW&version=2.0.2&request=GetRecordById&outputschema=http://www.isotc211.org/2005/gmd&elementsetname=full&id=f273941e-9c3b-43bc-b886-2d50d0bf9348#MD_DataIdentification",
  "organisation": "Beheer PDOK",
  "serviceIdentifierCode": "4f4c7848-1767-4c67-be08-87d45d07f313",
  "servicetype": "download",
  "title": "Habitatrichtlijn verspreidingsgebied van soorten WFS",
  "url": "https://geodata.nationaalgeoregister.nl/habitatrichtlijnverspreidingsgebieden/v2/wfs?request=GetCapabilities"
}

15:21:38.139 [ForkJoinPool-2-worker-5] INFO  com.intuit.karate - [print] testing url:https://geodata.nationaalgeoregister.nl/habitatrichtlijnverspreidingsgebieden/v2/wfs?request=GetCapabilities
15:21:38.140 [ForkJoinPool-2-worker-5] DEBUG com.intuit.karate - request:
1 > HEAD https://geodata.nationaalgeoregister.nl/habitatrichtlijnverspreidingsgebieden/v2/wfs?request=GetCapabilities
1 > Accept-Encoding: gzip,deflate
1 > Connection: Keep-Alive
1 > Host: geodata.nationaalgeoregister.nl
1 > User-Agent: Apache-HttpClient/4.5.11 (Java/13.0.5)

15:21:38.138 [ForkJoinPool-2-worker-3] DEBUG com.intuit.karate - request:
1 > HEAD https://geodata.nationaalgeoregister.nl/wijkenbuurten2019/wfs?service=WFS&request=GetCapabilities
1 > Accept-Encoding: gzip,deflate
1 > Connection: Keep-Alive
1 > Host: geodata.nationaalgeoregister.nl
1 > User-Agent: Apache-HttpClient/4.5.11 (Java/13.0.5)

15:21:38.366 [ForkJoinPool-2-worker-1] DEBUG com.intuit.karate - response time in milliseconds: 431.75
1 < 200
1 < Access-Control-Allow-Headers: SOAPAction,X-Requested-With,Content-Type,Origin,Authorization,Accept
1 < Access-Control-Allow-Methods: POST, GET, OPTIONS, HEAD
1 < Access-Control-Allow-Origin: *
1 < Access-Control-Max-Age: 1000
1 < Content-Disposition: inline; filename=getcapabilities_1.3.0.xml
1 < Content-Type: text/xml
1 < Date: Mon, 26 Oct 2020 15:21:38 GMT
1 < X-Cnection: [close, close]

15:21:38.367 [ForkJoinPool-2-worker-1] ERROR com.intuit.karate - assertion failed: path: $['Content-Length'][0], actual: null, expected: '#notnull', reason: actual json-path does not exist
15:21:38.369 [pool-4-thread-2] INFO  com.intuit.karate.Runner - <<fail>> feature 113 of 367: tmp/junit17863174098671850733/Beheer-PDOK/Statistical-Units-Vector/view/CBS-Gebiedsindelingen--INSPIRE-geharmoniseerd--WMS/checkViewUrl.feature
---------------------------------------------------------
feature: tmp/junit17863174098671850733/Beheer-PDOK/Statistical-Units-Vector/view/CBS-Gebiedsindelingen--INSPIRE-geharmoniseerd--WMS/checkViewUrl.feature
report: target/surefire-reports/tmp.junit17863174098671850733.Beheer-PDOK.Statistical-Units-Vector.view.CBS-Gebiedsindelingen--INSPIRE-geharmoniseerd--WMS.checkViewUrl.json
scenarios:  1 | passed:  0 | failed:  1 | time: 0.4394
---------------------------------------------------------
15:21:38.374 [ForkJoinPool-2-worker-1] INFO  com.intuit.karate - karate.env system property was:  
15:21:38.375 [ForkJoinPool-2-worker-1] INFO  com.intuit.karate - [print] {
  "class": "metadata.Service",
  "electronicMailAddress": "[beheerPDOK@kadaster.nl, beheerPDOK@kadaster.nl]",
  "metadataStandardVersion": "Nederlands metadata profiel op ISO 19119 voor services 2.0",
  "operatesOn": "https://www.nationaalgeoregister.nl:443/geonetwork/srv/dut/csw?service=CSW&request=GetRecordById&version=2.0.2&outputSchema=http://www.isotc211.org/2005/gmd&elementSetName=full&id=5c37d29a-006d-4136-8989-adfc35a1d4a7#MD_DataIdentification",
  "organisation": "Beheer PDOK",
  "serviceIdentifierCode": "3ac5737f-55ed-455d-8350-44af11b67fc3",
  "servicetype": "view",
  "title": "CBS Wijken en Buurten 2019 versie 1 WMS",
  "url": "https://geodata.nationaalgeoregister.nl/wijkenbuurten2019/wms?service=WMS&request=GetCapabilities"
}

15:21:38.377 [ForkJoinPool-2-worker-1] INFO  com.intuit.karate - [print] testing url:https://geodata.nationaalgeoregister.nl/wijkenbuurten2019/wms?service=WMS&request=GetCapabilities
15:21:38.378 [ForkJoinPool-2-worker-1] DEBUG com.intuit.karate - request:
1 > HEAD https://geodata.nationaalgeoregister.nl/wijkenbuurten2019/wms?service=WMS&request=GetCapabilities
1 > Accept-Encoding: gzip,deflate
1 > Connection: Keep-Alive
1 > Host: geodata.nationaalgeoregister.nl
1 > User-Agent: Apache-HttpClient/4.5.11 (Java/13.0.5)

15:21:38.548 [ForkJoinPool-2-worker-7] DEBUG com.intuit.karate - response time in milliseconds: 414.37
1 < 200
1 < Access-Control-Allow-Headers: SOAPAction,X-Requested-With,Content-Type,Origin,Authorization,Accept
1 < Access-Control-Allow-Methods: POST, GET, OPTIONS, HEAD
1 < Access-Control-Allow-Origin: *
1 < Access-Control-Max-Age: 1000
1 < Content-Length: 73
1 < Content-Type: text/html; charset=UTF-8
1 < Date: Mon, 26 Oct 2020 15:21:38 GMT
1 < Server: lighttpd/1.4.53
1 < X-Cnection: [close, close]

15:21:38.554 [pool-4-thread-3] INFO  com.intuit.karate.Runner - <<pass>> feature 115 of 367: tmp/junit17863174098671850733/Beheer-PDOK/Habitatrichtlijn-verspreidingsgebied-van-soorten/view/Habitatrichtlijn-verspreidingsgebied-van-soorten-WMS/checkViewUrl.feature
---------------------------------------------------------
feature: tmp/junit17863174098671850733/Beheer-PDOK/Habitatrichtlijn-verspreidingsgebied-van-soorten/view/Habitatrichtlijn-verspreidingsgebied-van-soorten-WMS/checkViewUrl.feature
report: target/surefire-reports/tmp.junit17863174098671850733.Beheer-PDOK.Habitatrichtlijn-verspreidingsgebied-van-soorten.view.Habitatrichtlijn-verspreidingsgebied-van-soorten-WMS.checkViewUrl.json
scenarios:  1 | passed:  1 | failed:  0 | time: 0.4321
---------------------------------------------------------
15:21:38.559 [ForkJoinPool-2-worker-7] INFO  com.intuit.karate - karate.env system property was:  
15:21:38.561 [ForkJoinPool-2-worker-7] INFO  com.intuit.karate - [print] {
  "class": "metadata.Service",
  "electronicMailAddress": "[beheerPDOK@kadaster.nl, beheerPDOK@kadaster.nl]",
  "metadataStandardVersion": "Nederlands metadata profiel op ISO 19119 voor services 2.0",
  "operatesOn": "http://nationaalgeoregister.nl/geonetwork/srv/dut/csw?service=CSW&version=2.0.2&request=GetRecordById&outputschema=http://www.isotc211.org/2005/gmd&elementsetname=full&id=d6b85d84-cdb9-4a6e-b799-cf8826e22a94#MD_DataIdentification",
  "organisation": "Beheer PDOK",
  "serviceIdentifierCode": "972edbaa-f860-4c48-b449-4f238a263472",
  "servicetype": "download",
  "title": "Potentiekaart restwarmte WFS",
  "url": "https://geodata.nationaalgeoregister.nl/restwarmte/wfs?request=GetCapabilities"
}

15:21:38.563 [ForkJoinPool-2-worker-7] INFO  com.intuit.karate - [print] testing url:https://geodata.nationaalgeoregister.nl/restwarmte/wfs?request=GetCapabilities
15:21:38.565 [ForkJoinPool-2-worker-7] DEBUG com.intuit.karate - request:
1 > HEAD https://geodata.nationaalgeoregister.nl/restwarmte/wfs?request=GetCapabilities
1 > Accept-Encoding: gzip,deflate
1 > Connection: Keep-Alive
1 > Host: geodata.nationaalgeoregister.nl
1 > User-Agent: Apache-HttpClient/4.5.11 (Java/13.0.5)

15:21:38.591 [ForkJoinPool-2-worker-5] DEBUG com.intuit.karate - response time in milliseconds: 450.56
1 < 200
1 < Access-Control-Allow-Headers: SOAPAction,X-Requested-With,Content-Type,Origin,Authorization,Accept
1 < Access-Control-Allow-Methods: POST, GET, OPTIONS, HEAD
1 < Access-Control-Allow-Origin: *
1 < Access-Control-Max-Age: 1000
1 < Content-Length: 73
1 < Content-Type: text/html; charset=UTF-8
1 < Date: Mon, 26 Oct 2020 15:21:38 GMT
1 < Server: lighttpd/1.4.53
1 < X-Cnection: [close, close]

15:21:38.591 [ForkJoinPool-2-worker-5] ERROR com.intuit.karate - assertion failed: path: $['Content-Type'][0], actual: 'text/html; charset=UTF-8', expected: 'text/xml', reason: not equal
15:21:38.593 [pool-4-thread-4] INFO  com.intuit.karate.Runner - <<fail>> feature 114 of 367: tmp/junit17863174098671850733/Beheer-PDOK/Habitatrichtlijn-verspreidingsgebied-van-soorten/download/Habitatrichtlijn-verspreidingsgebied-van-soorten-WFS/checkdownloadurl.feature
---------------------------------------------------------
feature: tmp/junit17863174098671850733/Beheer-PDOK/Habitatrichtlijn-verspreidingsgebied-van-soorten/download/Habitatrichtlijn-verspreidingsgebied-van-soorten-WFS/checkdownloadurl.feature
report: target/surefire-reports/tmp.junit17863174098671850733.Beheer-PDOK.Habitatrichtlijn-verspreidingsgebied-van-soorten.download.Habitatrichtlijn-verspreidingsgebied-van-soorten-WFS.checkdownloadurl.json
scenarios:  1 | passed:  0 | failed:  1 | time: 0.4530
---------------------------------------------------------
15:21:38.598 [ForkJoinPool-2-worker-5] INFO  com.intuit.karate - karate.env system property was:  
15:21:38.600 [ForkJoinPool-2-worker-5] INFO  com.intuit.karate - [print] {
  "class": "metadata.Service",
  "electronicMailAddress": "[beheerPDOK@kadaster.nl, beheerPDOK@kadaster.nl]",
  "metadataStandardVersion": "Nederlands metadata profiel op ISO 19119 voor services 2.0",
  "operatesOn": "http://nationaalgeoregister.nl/geonetwork/srv/dut/csw?service=CSW&version=2.0.2&request=GetRecordById&outputschema=http://www.isotc211.org/2005/gmd&elementsetname=full&id=d6b85d84-cdb9-4a6e-b799-cf8826e22a94#MD_DataIdentification",
  "organisation": "Beheer PDOK",
  "serviceIdentifierCode": "3dc373ae-fcf6-49c9-b315-9a2178bffe4a",
  "servicetype": "view",
  "title": "Potentiekaart restwarmte WMS",
  "url": "https://geodata.nationaalgeoregister.nl/restwarmte/wms?request=GetCapabilities"
}

15:21:38.604 [ForkJoinPool-2-worker-5] INFO  com.intuit.karate - [print] testing url:https://geodata.nationaalgeoregister.nl/restwarmte/wms?request=GetCapabilities
15:21:38.605 [ForkJoinPool-2-worker-5] DEBUG com.intuit.karate - request:
1 > HEAD https://geodata.nationaalgeoregister.nl/restwarmte/wms?request=GetCapabilities
1 > Accept-Encoding: gzip,deflate
1 > Connection: Keep-Alive
1 > Host: geodata.nationaalgeoregister.nl
1 > User-Agent: Apache-HttpClient/4.5.11 (Java/13.0.5)

15:21:38.611 [ForkJoinPool-2-worker-3] DEBUG com.intuit.karate - response time in milliseconds: 470.96
1 < 200
1 < Access-Control-Allow-Headers: SOAPAction,X-Requested-With,Content-Type,Origin,Authorization,Accept
1 < Access-Control-Allow-Methods: POST, GET, OPTIONS, HEAD
1 < Access-Control-Allow-Origin: *
1 < Access-Control-Max-Age: 1000
1 < Content-Disposition: inline; filename=geoserver-GetCapabilities.application
1 < Content-Type: application/xml
1 < Date: Mon, 26 Oct 2020 15:21:38 GMT
1 < X-Cnection: [close, close]

15:21:38.612 [ForkJoinPool-2-worker-3] ERROR com.intuit.karate - assertion failed: path: $['Content-Length'][0], actual: null, expected: '#notnull', reason: actual json-path does not exist
15:21:38.613 [pool-4-thread-1] INFO  com.intuit.karate.Runner - <<fail>> feature 116 of 367: tmp/junit17863174098671850733/Beheer-PDOK/Wijk--en-Buurtkaart-2019-versie-2/download/CBS-Wijken-en-Buurten-2019-versie-1-WFS/checkdownloadurl.feature
---------------------------------------------------------
feature: tmp/junit17863174098671850733/Beheer-PDOK/Wijk--en-Buurtkaart-2019-versie-2/download/CBS-Wijken-en-Buurten-2019-versie-1-WFS/checkdownloadurl.feature
report: target/surefire-reports/tmp.junit17863174098671850733.Beheer-PDOK.Wijk--en-Buurtkaart-2019-versie-2.download.CBS-Wijken-en-Buurten-2019-versie-1-WFS.checkdownloadurl.json
scenarios:  1 | passed:  0 | failed:  1 | time: 0.4826
---------------------------------------------------------
15:21:38.616 [ForkJoinPool-2-worker-3] INFO  com.intuit.karate - karate.env system property was:  
15:21:38.618 [ForkJoinPool-2-worker-3] INFO  com.intuit.karate - [print] {
  "class": "metadata.Service",
  "electronicMailAddress": "[beheerPDOK@kadaster.nl, beheerPDOK@kadaster.nl]",
  "metadataStandardVersion": "Nederlands metadata profiel op ISO 19119 voor services 2.0",
  "operatesOn": "[https://www.nationaalgeoregister.nl:443/geonetwork/srv/dut/csw?service=CSW&request=GetRecordById&version=2.0.2&outputSchema=http://www.isotc211.org/2005/gmd&elementSetName=full&id=1be28290-55fa-4486-b9d3-b9d147117863#MD_DataIdentification, https://www.nationaalgeoregister.nl:443/geonetwork/srv/dut/csw?service=CSW&request=GetRecordById&version=2.0.2&outputSchema=http://www.isotc211.org/2005/gmd&elementSetName=full&id=7c24ea89-074e-4c4f-91e3-d38e813e9cb6#MD_DataIdentification, https://www.nationaalgeoregister.nl:443/geonetwork/srv/dut/csw?service=CSW&request=GetRecordById&version=2.0.2&outputSchema=http://www.isotc211.org/2005/gmd&elementSetName=full&id=7f5d7945-8fa8-4d36-be4c-2fdb3c7d613b#MD_DataIdentification, https://www.nationaalgeoregister.nl:443/geonetwork/srv/dut/csw?service=CSW&request=GetRecordById&version=2.0.2&outputSchema=http://www.isotc211.org/2005/gmd&elementSetName=full&id=9ed6b8ed-254a-4745-a09a-3b57137d1b69#MD_DataIdentification]",
  "organisation": "Beheer PDOK",
  "serviceIdentifierCode": "d7a395a2-8673-4794-a5a6-fed6492cd580",
  "servicetype": "view",
  "title": "Luchtfoto Beeldmateriaal / PDOK 25 cm Infrarood WMS",
  "url": "https://geodata.nationaalgeoregister.nl/luchtfoto/infrarood/wms?request=GetCapabilities"
}

15:21:38.618 [ForkJoinPool-2-worker-3] INFO  com.intuit.karate - [print] testing url:https://geodata.nationaalgeoregister.nl/luchtfoto/infrarood/wms?request=GetCapabilities
15:21:38.619 [ForkJoinPool-2-worker-3] DEBUG com.intuit.karate - request:
1 > HEAD https://geodata.nationaalgeoregister.nl/luchtfoto/infrarood/wms?request=GetCapabilities
1 > Accept-Encoding: gzip,deflate
1 > Connection: Keep-Alive
1 > Host: geodata.nationaalgeoregister.nl
1 > User-Agent: Apache-HttpClient/4.5.11 (Java/13.0.5)

15:21:38.836 [ForkJoinPool-2-worker-1] DEBUG com.intuit.karate - response time in milliseconds: 457.56
1 < 200
1 < Access-Control-Allow-Headers: SOAPAction,X-Requested-With,Content-Type,Origin,Authorization,Accept
1 < Access-Control-Allow-Methods: POST, GET, OPTIONS, HEAD
1 < Access-Control-Allow-Origin: *
1 < Access-Control-Max-Age: 1000
1 < Content-Disposition: inline; filename=getcapabilities_1.3.0.xml
1 < Content-Type: text/xml
1 < Date: Mon, 26 Oct 2020 15:21:38 GMT
1 < X-Cnection: [close, close]

15:21:38.837 [ForkJoinPool-2-worker-1] ERROR com.intuit.karate - assertion failed: path: $['Content-Length'][0], actual: null, expected: '#notnull', reason: actual json-path does not exist
15:21:38.838 [pool-4-thread-2] INFO  com.intuit.karate.Runner - <<fail>> feature 117 of 367: tmp/junit17863174098671850733/Beheer-PDOK/Wijk--en-Buurtkaart-2019-versie-2/view/CBS-Wijken-en-Buurten-2019-versie-1-WMS/checkViewUrl.feature
---------------------------------------------------------
feature: tmp/junit17863174098671850733/Beheer-PDOK/Wijk--en-Buurtkaart-2019-versie-2/view/CBS-Wijken-en-Buurten-2019-versie-1-WMS/checkViewUrl.feature
report: target/surefire-reports/tmp.junit17863174098671850733.Beheer-PDOK.Wijk--en-Buurtkaart-2019-versie-2.view.CBS-Wijken-en-Buurten-2019-versie-1-WMS.checkViewUrl.json
scenarios:  1 | passed:  0 | failed:  1 | time: 0.4619
---------------------------------------------------------
15:21:38.844 [ForkJoinPool-2-worker-1] INFO  com.intuit.karate - karate.env system property was:  
15:21:38.846 [ForkJoinPool-2-worker-1] INFO  com.intuit.karate - [print] {
  "class": "metadata.Service",
  "electronicMailAddress": "[beheerPDOK@kadaster.nl, beheerPDOK@kadaster.nl]",
  "metadataStandardVersion": "Nederlands metadata profiel op ISO 19119 voor services 2.0",
  "operatesOn": "[https://www.nationaalgeoregister.nl:443/geonetwork/srv/dut/csw?service=CSW&request=GetRecordById&version=2.0.2&outputSchema=http://www.isotc211.org/2005/gmd&elementSetName=full&id=622a632a-c57b-44a2-83a4-e51223d5f15g#MD_DataIdentification, https://www.nationaalgeoregister.nl:443/geonetwork/srv/dut/csw?service=CSW&request=GetRecordById&version=2.0.2&outputSchema=http://www.isotc211.org/2005/gmd&elementSetName=full&id=2e31680f-68b5-4ff3-94a4-9c24109ffd5e#MD_DataIdentification, https://www.nationaalgeoregister.nl:443/geonetwork/srv/dut/csw?service=CSW&request=GetRecordById&version=2.0.2&outputSchema=http://www.isotc211.org/2005/gmd&elementSetName=full&id=krw-f7bb2351-9788-42ea-a58b-a5ee1842304e#MD_DataIdentification, https://www.nationaalgeoregister.nl:443/geonetwork/srv/dut/csw?service=CSW&request=GetRecordById&version=2.0.2&outputSchema=http://www.isotc211.org/2005/gmd&elementSetName=full&id=krw-782cab20-8328-45f1-a9b2-c27d07c14066#MD_DataIdentification]",
  "organisation": "Beheer PDOK",
  "serviceIdentifierCode": "e27e61d8-25b1-45ee-a2df-071312ba8a69",
  "servicetype": "download",
  "title": "Kaderrichtlijn Water actueel ATOM",
  "url": "https://geodata.nationaalgeoregister.nl/rws/kaderrichtlijnwateractueel/atom/v1_0/index.xml"
}

15:21:38.846 [ForkJoinPool-2-worker-1] INFO  com.intuit.karate - [print] testing url:https://geodata.nationaalgeoregister.nl/rws/kaderrichtlijnwateractueel/atom/v1_0/index.xml
15:21:38.847 [ForkJoinPool-2-worker-1] DEBUG com.intuit.karate - request:
1 > HEAD https://geodata.nationaalgeoregister.nl/rws/kaderrichtlijnwateractueel/atom/v1_0/index.xml
1 > Accept-Encoding: gzip,deflate
1 > Connection: Keep-Alive
1 > Host: geodata.nationaalgeoregister.nl
1 > User-Agent: Apache-HttpClient/4.5.11 (Java/13.0.5)

15:21:38.982 [ForkJoinPool-2-worker-7] DEBUG com.intuit.karate - response time in milliseconds: 414.72
1 < 200
1 < Access-Control-Allow-Headers: SOAPAction,X-Requested-With,Content-Type,Origin,Authorization,Accept
1 < Access-Control-Allow-Methods: POST, GET, OPTIONS, HEAD
1 < Access-Control-Allow-Origin: *
1 < Access-Control-Max-Age: 1000
1 < Content-Disposition: inline; filename=geoserver-GetCapabilities.application
1 < Content-Type: application/xml
1 < Date: Mon, 26 Oct 2020 15:21:38 GMT
1 < X-Cnection: [close, close]

15:21:38.983 [ForkJoinPool-2-worker-7] ERROR com.intuit.karate - assertion failed: path: $['Content-Length'][0], actual: null, expected: '#notnull', reason: actual json-path does not exist
15:21:38.985 [pool-4-thread-3] INFO  com.intuit.karate.Runner - <<fail>> feature 118 of 367: tmp/junit17863174098671850733/Beheer-PDOK/Ligging-industrie-en-CO2-emissies/download/Potentiekaart-restwarmte-WFS/checkdownloadurl.feature
---------------------------------------------------------
feature: tmp/junit17863174098671850733/Beheer-PDOK/Ligging-industrie-en-CO2-emissies/download/Potentiekaart-restwarmte-WFS/checkdownloadurl.feature
report: target/surefire-reports/tmp.junit17863174098671850733.Beheer-PDOK.Ligging-industrie-en-CO2-emissies.download.Potentiekaart-restwarmte-WFS.checkdownloadurl.json
scenarios:  1 | passed:  0 | failed:  1 | time: 0.4229
---------------------------------------------------------
15:21:38.990 [ForkJoinPool-2-worker-7] INFO  com.intuit.karate - karate.env system property was:  
15:21:38.991 [ForkJoinPool-2-worker-7] INFO  com.intuit.karate - [print] {
  "class": "metadata.Service",
  "electronicMailAddress": "[beheerpdok@kadaster.nl, beheerpdok@kadaster.nl]",
  "metadataStandardVersion": "Nederlands metadata profiel op ISO 19119 voor services 2.0",
  "operatesOn": "[http://nationaalgeoregister.nl/geonetwork/srv/en/csw?service=CSW&version=2.0.2&request=GetRecordById&outputschema=http://www.isotc211.org/2005/gmd&elementsetname=full&id=krw-782cab20-8328-45f1-a9b2-c27d07c14066#MD_DataIdentification, http://nationaalgeoregister.nl/geonetwork/srv/en/csw?service=CSW&version=2.0.2&request=GetRecordById&outputschema=http://www.isotc211.org/2005/gmd&elementsetname=full&id=622a632a-c57b-44a2-83a4-e51223d5f15g#MD_DataIdentification, http://nationaalgeoregister.nl/geonetwork/srv/en/csw?service=CSW&version=2.0.2&request=GetRecordById&outputschema=http://www.isotc211.org/2005/gmd&elementsetname=full&id=2e31680f-68b5-4ff3-94a4-9c24109ffd5e#MD_DataIdentification, http://nationaalgeoregister.nl/geonetwork/srv/en/csw?service=CSW&version=2.0.2&request=GetRecordById&outputschema=http://www.isotc211.org/2005/gmd&elementsetname=full&id=krw-f7bb2351-9788-42ea-a58b-a5ee1842304e#MD_DataIdentification]",
  "organisation": "Beheer PDOK",
  "serviceIdentifierCode": "d4e573b0-bd3b-4d7b-a97d-e65841e6e0b4",
  "servicetype": "view",
  "title": "Kaderrichtlijn Water actueel WMS",
  "url": "https://geodata.nationaalgeoregister.nl/rws/kaderrichtlijnwateractueel/wms/v1_0?service=WMS&request=GetCapabilities"
}

15:21:38.993 [ForkJoinPool-2-worker-7] INFO  com.intuit.karate - [print] testing url:https://geodata.nationaalgeoregister.nl/rws/kaderrichtlijnwateractueel/wms/v1_0?service=WMS&request=GetCapabilities
15:21:38.997 [ForkJoinPool-2-worker-7] DEBUG com.intuit.karate - request:
1 > HEAD https://geodata.nationaalgeoregister.nl/rws/kaderrichtlijnwateractueel/wms/v1_0?service=WMS&request=GetCapabilities
1 > Accept-Encoding: gzip,deflate
1 > Connection: Keep-Alive
1 > Host: geodata.nationaalgeoregister.nl
1 > User-Agent: Apache-HttpClient/4.5.11 (Java/13.0.5)

15:21:39.008 [ForkJoinPool-2-worker-3] DEBUG com.intuit.karate - response time in milliseconds: 386.63
1 < 200
1 < Accept-Ranges: bytes
1 < Access-Control-Allow-Headers: SOAPAction,X-Requested-With,Content-Type,Origin,Authorization,Accept
1 < Access-Control-Allow-Methods: POST, GET, OPTIONS, HEAD
1 < Access-Control-Allow-Origin: *
1 < Access-Control-Max-Age: 1000
1 < Content-Type: application/xml
1 < Date: Mon, 26 Oct 2020 15:21:38 GMT
1 < ETag: "22af-59fdeb24e1400-gzip"
1 < Last-Modified: Mon, 02 Mar 2020 12:55:06 GMT
1 < Vary: Accept-Encoding
1 < X-Cnection: [close, close]

15:21:39.008 [ForkJoinPool-2-worker-3] ERROR com.intuit.karate - assertion failed: path: $['Content-Length'][0], actual: null, expected: '#notnull', reason: actual json-path does not exist
15:21:39.009 [pool-4-thread-1] INFO  com.intuit.karate.Runner - <<fail>> feature 120 of 367: tmp/junit17863174098671850733/Beheer-PDOK/Luchtfoto-2018-25cm-CIR-open-data/view/Luchtfoto-Beeldmateriaal-/-PDOK-25-cm-Infrarood-WMS/checkViewUrl.feature
---------------------------------------------------------
feature: tmp/junit17863174098671850733/Beheer-PDOK/Luchtfoto-2018-25cm-CIR-open-data/view/Luchtfoto-Beeldmateriaal-/-PDOK-25-cm-Infrarood-WMS/checkViewUrl.feature
report: target/surefire-reports/tmp.junit17863174098671850733.Beheer-PDOK.Luchtfoto-2018-25cm-CIR-open-data.view.Luchtfoto-Beeldmateriaal-.-PDOK-25-cm-Infrarood-WMS.checkViewUrl.json
scenarios:  1 | passed:  0 | failed:  1 | time: 0.3913
---------------------------------------------------------
15:21:39.013 [ForkJoinPool-2-worker-3] INFO  com.intuit.karate - karate.env system property was:  
15:21:39.015 [ForkJoinPool-2-worker-3] INFO  com.intuit.karate - [print] {
  "class": "metadata.Service",
  "electronicMailAddress": "[beheerPDOK@kadaster.nl, beheerPDOK@kadaster.nl]",
  "metadataStandardVersion": "Nederlands metadata profiel op ISO 19119 voor services 2.0",
  "operatesOn": "[https://www.nationaalgeoregister.nl:443/geonetwork/srv/dut/csw?service=CSW&request=GetRecordById&version=2.0.2&outputSchema=http://www.isotc211.org/2005/gmd&elementSetName=full&id=1be28290-55fa-4486-b9d3-b9d147117863#MD_DataIdentification, https://www.nationaalgeoregister.nl:443/geonetwork/srv/dut/csw?service=CSW&request=GetRecordById&version=2.0.2&outputSchema=http://www.isotc211.org/2005/gmd&elementSetName=full&id=7c24ea89-074e-4c4f-91e3-d38e813e9cb6#MD_DataIdentification, https://www.nationaalgeoregister.nl:443/geonetwork/srv/dut/csw?service=CSW&request=GetRecordById&version=2.0.2&outputSchema=http://www.isotc211.org/2005/gmd&elementSetName=full&id=7f5d7945-8fa8-4d36-be4c-2fdb3c7d613b#MD_DataIdentification, https://www.nationaalgeoregister.nl:443/geonetwork/srv/dut/csw?service=CSW&request=GetRecordById&version=2.0.2&outputSchema=http://www.isotc211.org/2005/gmd&elementSetName=full&id=9ed6b8ed-254a-4745-a09a-3b57137d1b69#MD_DataIdentification]",
  "organisation": "Beheer PDOK",
  "serviceIdentifierCode": "d7a395a2-8673-4794-a5a6-fed6492cd580",
  "servicetype": "view",
  "title": "Luchtfoto Beeldmateriaal / PDOK 25 cm Infrarood WMS",
  "url": "https://geodata.nationaalgeoregister.nl/luchtfoto/infrarood/wms?request=GetCapabilities"
}

15:21:39.018 [ForkJoinPool-2-worker-3] INFO  com.intuit.karate - [print] testing url:https://geodata.nationaalgeoregister.nl/luchtfoto/infrarood/wms?request=GetCapabilities
15:21:39.019 [ForkJoinPool-2-worker-3] DEBUG com.intuit.karate - request:
1 > HEAD https://geodata.nationaalgeoregister.nl/luchtfoto/infrarood/wms?request=GetCapabilities
1 > Accept-Encoding: gzip,deflate
1 > Connection: Keep-Alive
1 > Host: geodata.nationaalgeoregister.nl
1 > User-Agent: Apache-HttpClient/4.5.11 (Java/13.0.5)

15:21:39.047 [ForkJoinPool-2-worker-5] DEBUG com.intuit.karate - response time in milliseconds: 438.86
1 < 200
1 < Access-Control-Allow-Headers: SOAPAction,X-Requested-With,Content-Type,Origin,Authorization,Accept
1 < Access-Control-Allow-Methods: POST, GET, OPTIONS, HEAD
1 < Access-Control-Allow-Origin: *
1 < Access-Control-Max-Age: 1000
1 < Content-Disposition: inline; filename=getcapabilities_1.3.0.xml
1 < Content-Type: text/xml
1 < Date: Mon, 26 Oct 2020 15:21:38 GMT
1 < X-Cnection: [close, close]

15:21:39.047 [ForkJoinPool-2-worker-5] ERROR com.intuit.karate - assertion failed: path: $['Content-Length'][0], actual: null, expected: '#notnull', reason: actual json-path does not exist
15:21:39.048 [pool-4-thread-4] INFO  com.intuit.karate.Runner - <<fail>> feature 119 of 367: tmp/junit17863174098671850733/Beheer-PDOK/Ligging-industrie-en-CO2-emissies/view/Potentiekaart-restwarmte-WMS/checkViewUrl.feature
---------------------------------------------------------
feature: tmp/junit17863174098671850733/Beheer-PDOK/Ligging-industrie-en-CO2-emissies/view/Potentiekaart-restwarmte-WMS/checkViewUrl.feature
report: target/surefire-reports/tmp.junit17863174098671850733.Beheer-PDOK.Ligging-industrie-en-CO2-emissies.view.Potentiekaart-restwarmte-WMS.checkViewUrl.json
scenarios:  1 | passed:  0 | failed:  1 | time: 0.4476
---------------------------------------------------------
15:21:39.054 [ForkJoinPool-2-worker-5] INFO  com.intuit.karate - karate.env system property was:  
15:21:39.055 [ForkJoinPool-2-worker-5] INFO  com.intuit.karate - [print] {
  "class": "metadata.Service",
  "electronicMailAddress": "[beheerPDOK@kadaster.nl, beheerPDOK@kadaster.nl]",
  "metadataStandardVersion": "Nederlands metadata profiel op ISO 19119 voor services 2.0",
  "operatesOn": "[https://www.nationaalgeoregister.nl:443/geonetwork/srv/dut/csw?service=CSW&request=GetRecordById&version=2.0.2&outputSchema=http://www.isotc211.org/2005/gmd&elementSetName=full&id=krw2006-c57b-44a2-83a4-e51223d5f15g#MD_DataIdentification, https://www.nationaalgeoregister.nl:443/geonetwork/srv/dut/csw?service=CSW&request=GetRecordById&version=2.0.2&outputSchema=http://www.isotc211.org/2005/gmd&elementSetName=full&id=krw2006-68b5-4ff3-94a4-9c24109ffd5e#MD_DataIdentification]",
  "organisation": "Beheer PDOK",
  "serviceIdentifierCode": "e91719b1-a139-42cf-8a1a-db78cd7477f8",
  "servicetype": "download",
  "title": "Kaderrichtlijn Water EU2009 ATOM",
  "url": "https://geodata.nationaalgeoregister.nl/rws/kaderrichtlijnwater2009/atom/v1_0/index.xml"
}

15:21:39.059 [ForkJoinPool-2-worker-5] INFO  com.intuit.karate - [print] testing url:https://geodata.nationaalgeoregister.nl/rws/kaderrichtlijnwater2009/atom/v1_0/index.xml
15:21:39.060 [ForkJoinPool-2-worker-5] DEBUG com.intuit.karate - request:
1 > HEAD https://geodata.nationaalgeoregister.nl/rws/kaderrichtlijnwater2009/atom/v1_0/index.xml
1 > Accept-Encoding: gzip,deflate
1 > Connection: Keep-Alive
1 > Host: geodata.nationaalgeoregister.nl
1 > User-Agent: Apache-HttpClient/4.5.11 (Java/13.0.5)

15:21:39.314 [ForkJoinPool-2-worker-1] DEBUG com.intuit.karate - response time in milliseconds: 466.84
1 < 200
1 < Accept-Ranges: bytes
1 < Access-Control-Allow-Headers: SOAPAction,X-Requested-With,Content-Type,Origin,Authorization,Accept
1 < Access-Control-Allow-Methods: POST, GET, OPTIONS, HEAD
1 < Access-Control-Allow-Origin: *
1 < Access-Control-Max-Age: 1000
1 < Content-Length: 7165
1 < Content-Security-Policy: block-all-mixed-content
1 < Content-Type: application/xml
1 < Date: Mon, 26 Oct 2020 15:21:39 GMT
1 < Etag: "a477efe52b464353930e4767fc4d3506-1"
1 < Last-Modified: Tue, 12 Nov 2019 10:10:42 GMT
1 < Server: MinIO/RELEASE.2020-09-21T22-31-59Z
1 < Vary: Origin
1 < X-Amz-Bucket-Region: Amsterdam
1 < X-Amz-Request-Id: 16419406CAAE5EDF
1 < X-Cnection: [close, close]
1 < X-Xss-Protection: 1; mode=block

15:21:39.315 [ForkJoinPool-2-worker-1] ERROR com.intuit.karate - assertion failed: path: $['Content-Type'][0], actual: 'application/xml', expected: 'text/xml', reason: not equal
15:21:39.317 [pool-4-thread-2] INFO  com.intuit.karate.Runner - <<fail>> feature 121 of 367: tmp/junit17863174098671850733/Beheer-PDOK/Kaderrichtlijn-Water---Stroomgebieddistricten-Nederland-2019-vlakken/download/Kaderrichtlijn-Water-actueel-ATOM/checkdownloadurl.feature
---------------------------------------------------------
feature: tmp/junit17863174098671850733/Beheer-PDOK/Kaderrichtlijn-Water---Stroomgebieddistricten-Nederland-2019-vlakken/download/Kaderrichtlijn-Water-actueel-ATOM/checkdownloadurl.feature
report: target/surefire-reports/tmp.junit17863174098671850733.Beheer-PDOK.Kaderrichtlijn-Water---Stroomgebieddistricten-Nederland-2019-vlakken.download.Kaderrichtlijn-Water-actueel-ATOM.checkdownloadurl.json
scenarios:  1 | passed:  0 | failed:  1 | time: 0.4698
---------------------------------------------------------
15:21:39.324 [ForkJoinPool-2-worker-1] INFO  com.intuit.karate - karate.env system property was:  
15:21:39.327 [ForkJoinPool-2-worker-1] INFO  com.intuit.karate - [print] {
  "class": "metadata.Service",
  "electronicMailAddress": "[beheerpdok@kadaster.nl, beheerpdok@kadaster.nl]",
  "metadataStandardVersion": "Nederlands metadata profiel op ISO 19119 voor services 2.0",
  "operatesOn": "[http://nationaalgeoregister.nl/geonetwork/srv/en/csw?service=CSW&version=2.0.2&request=GetRecordById&outputschema=http://www.isotc211.org/2005/gmd&elementsetname=full&id=krw2006-c57b-44a2-83a4-e51223d5f15g#MD_DataIdentification, http://nationaalgeoregister.nl/geonetwork/srv/en/csw?service=CSW&version=2.0.2&request=GetRecordById&outputschema=http://www.isotc211.org/2005/gmd&elementsetname=full&id=krw2006-68b5-4ff3-94a4-9c24109ffd5e#MD_DataIdentification]",
  "organisation": "Beheer PDOK",
  "serviceIdentifierCode": "7e450110-f643-4b73-9262-4f13966cffc6",
  "servicetype": "view",
  "title": "Kaderrichtlijn Water EU2009 WMS",
  "url": "https://geodata.nationaalgeoregister.nl/rws/kaderrichtlijnwater2009/wms/v1_0?service=WMS&request=GetCapabilities"
}

15:21:39.332 [ForkJoinPool-2-worker-1] INFO  com.intuit.karate - [print] testing url:https://geodata.nationaalgeoregister.nl/rws/kaderrichtlijnwater2009/wms/v1_0?service=WMS&request=GetCapabilities
15:21:39.334 [ForkJoinPool-2-worker-1] DEBUG com.intuit.karate - request:
1 > HEAD https://geodata.nationaalgeoregister.nl/rws/kaderrichtlijnwater2009/wms/v1_0?service=WMS&request=GetCapabilities
1 > Accept-Encoding: gzip,deflate
1 > Connection: Keep-Alive
1 > Host: geodata.nationaalgeoregister.nl
1 > User-Agent: Apache-HttpClient/4.5.11 (Java/13.0.5)

15:21:39.429 [ForkJoinPool-2-worker-3] DEBUG com.intuit.karate - response time in milliseconds: 409.53
1 < 200
1 < Accept-Ranges: bytes
1 < Access-Control-Allow-Headers: SOAPAction,X-Requested-With,Content-Type,Origin,Authorization,Accept
1 < Access-Control-Allow-Methods: POST, GET, OPTIONS, HEAD
1 < Access-Control-Allow-Origin: *
1 < Access-Control-Max-Age: 1000
1 < Content-Type: application/xml
1 < Date: Mon, 26 Oct 2020 15:21:39 GMT
1 < ETag: "22af-59fdeb7b20bac-gzip"
1 < Last-Modified: Mon, 02 Mar 2020 12:56:37 GMT
1 < Vary: Accept-Encoding
1 < X-Cnection: [close, close]

15:21:39.429 [ForkJoinPool-2-worker-3] ERROR com.intuit.karate - assertion failed: path: $['Content-Length'][0], actual: null, expected: '#notnull', reason: actual json-path does not exist
15:21:39.431 [pool-4-thread-1] INFO  com.intuit.karate.Runner - <<fail>> feature 123 of 367: tmp/junit17863174098671850733/Beheer-PDOK/Luchtfoto-2016-25cm-CIR-open-data/view/Luchtfoto-Beeldmateriaal-/-PDOK-25-cm-Infrarood-WMS/checkViewUrl.feature
---------------------------------------------------------
feature: tmp/junit17863174098671850733/Beheer-PDOK/Luchtfoto-2016-25cm-CIR-open-data/view/Luchtfoto-Beeldmateriaal-/-PDOK-25-cm-Infrarood-WMS/checkViewUrl.feature
report: target/surefire-reports/tmp.junit17863174098671850733.Beheer-PDOK.Luchtfoto-2016-25cm-CIR-open-data.view.Luchtfoto-Beeldmateriaal-.-PDOK-25-cm-Infrarood-WMS.checkViewUrl.json
scenarios:  1 | passed:  0 | failed:  1 | time: 0.4149
---------------------------------------------------------
15:21:39.436 [ForkJoinPool-2-worker-3] INFO  com.intuit.karate - karate.env system property was:  
15:21:39.450 [ForkJoinPool-2-worker-3] INFO  com.intuit.karate - [print] {
  "class": "metadata.Service",
  "electronicMailAddress": "[beheerpdok@kadaster.nl, beheer pdok@kadaster.nl]",
  "metadataStandardVersion": "Nederlands metadata profiel op ISO 19119 voor services 2.0",
  "operatesOn": "[https://www.nationaalgeoregister.nl:443/geonetwork/srv/dut/csw?service=CSW&request=GetRecordById&version=2.0.2&outputSchema=http://www.isotc211.org/2005/gmd&elementSetName=full&id=5a1adb58-0bbe-425d-b0fe-577a6c0a4228#MD_DataIdentification, https://www.nationaalgeoregister.nl:443/geonetwork/srv/dut/csw?service=CSW&request=GetRecordById&version=2.0.2&outputSchema=http://www.isotc211.org/2005/gmd&elementSetName=full&id=71c2b7d2-a1a8-4836-b8d4-7247d331b04d#MD_DataIdentification, https://www.nationaalgeoregister.nl:443/geonetwork/srv/dut/csw?service=CSW&request=GetRecordById&version=2.0.2&outputSchema=http://www.isotc211.org/2005/gmd&elementSetName=full&id=1462bbce-ccd3-4362-83d8-4535ca8f44eb#MD_DataIdentification, https://www.nationaalgeoregister.nl:443/geonetwork/srv/dut/csw?service=CSW&request=GetRecordById&version=2.0.2&outputSchema=http://www.isotc211.org/2005/gmd&elementSetName=full&id=f605a24f-60cd-4c40-94c8-2186aba3ddd0#MD_DataIdentification, https://www.nationaalgeoregister.nl:443/geonetwork/srv/dut/csw?service=CSW&request=GetRecordById&version=2.0.2&outputSchema=http://www.isotc211.org/2005/gmd&elementSetName=full&id=76091be7-358a-4a44-8182-b4139c96c6a4#MD_DataIdentification, https://www.nationaalgeoregister.nl:443/geonetwork/srv/dut/csw?service=CSW&request=GetRecordById&version=2.0.2&outputSchema=http://www.isotc211.org/2005/gmd&elementSetName=full&id=8829e5dd-c861-4639-a6c8-fdbb6e3440d2#MD_DataIdentification, https://www.nationaalgeoregister.nl:443/geonetwork/srv/dut/csw?service=CSW&request=GetRecordById&version=2.0.2&outputSchema=http://www.isotc211.org/2005/gmd&elementSetName=full&id=710c381c-ab2d-45d5-a45d-af2eba811e5f#MD_DataIdentification, https://www.nationaalgeoregister.nl:443/geonetwork/srv/dut/csw?service=CSW&request=GetRecordById&version=2.0.2&outputSchema=http://www.isotc211.org/2005/gmd&elementSetName=full&id=a9b7026e-0a81-4813-93bd-ba49e6f28502#MD_DataIdentification, https://www.nationaalgeoregister.nl:443/geonetwork/srv/dut/csw?service=CSW&request=GetRecordById&version=2.0.2&outputSchema=http://www.isotc211.org/2005/gmd&elementSetName=full&id=2e5f0f60-0f2f-4e17-96af-c913fe305ecb#MD_DataIdentification, https://www.nationaalgeoregister.nl:443/geonetwork/srv/dut/csw?service=CSW&request=GetRecordById&version=2.0.2&outputSchema=http://www.isotc211.org/2005/gmd&elementSetName=full&id=00d8c7c8-98ff-4b06-8f53-b44216e6e75c#MD_DataIdentification, https://www.nationaalgeoregister.nl:443/geonetwork/srv/dut/csw?service=CSW&request=GetRecordById&version=2.0.2&outputSchema=http://www.isotc211.org/2005/gmd&elementSetName=full&id=701d4eb8-8aae-4708-bba5-3edf6987676d#MD_DataIdentification, https://www.nationaalgeoregister.nl:443/geonetwork/srv/dut/csw?service=CSW&request=GetRecordById&version=2.0.2&outputSchema=http://www.isotc211.org/2005/gmd&elementSetName=full&id=17716ed7-ce0d-4bfd-8868-a398e5578a36#MD_DataIdentification, https://www.nationaalgeoregister.nl:443/geonetwork/srv/dut/csw?service=CSW&request=GetRecordById&version=2.0.2&outputSchema=http://www.isotc211.org/2005/gmd&elementSetName=full&id=29d5310f-dd0d-45ba-abad-b4ffc6b8785f#MD_DataIdentification, https://www.nationaalgeoregister.nl:443/geonetwork/srv/dut/csw?service=CSW&request=GetRecordById&version=2.0.2&outputSchema=http://www.isotc211.org/2005/gmd&elementSetName=full&id=831f7bd7-c2ae-4336-bd2f-47ab20d7cdb7#MD_DataIdentification, https://www.nationaalgeoregister.nl:443/geonetwork/srv/dut/csw?service=CSW&request=GetRecordById&version=2.0.2&outputSchema=http://www.isotc211.org/2005/gmd&elementSetName=full&id=0f297898-2640-44c2-bbe9-c0480da83794#MD_DataIdentification, https://www.nationaalgeoregister.nl:443/geonetwork/srv/dut/csw?service=CSW&request=GetRecordById&version=2.0.2&outputSchema=http://www.isotc211.org/2005/gmd&elementSetName=full&id=abaf1e22-55aa-4a11-a855-7ac963e4a82b#MD_DataIdentification, https://www.nationaalgeoregister.nl:443/geonetwork/srv/dut/csw?service=CSW&request=GetRecordById&version=2.0.2&outputSchema=http://www.isotc211.org/2005/gmd&elementSetName=full&id=07d73b60-dfd6-4c54-9c82-9fac70c6c48e#MD_DataIdentification, https://www.nationaalgeoregister.nl:443/geonetwork/srv/dut/csw?service=CSW&request=GetRecordById&version=2.0.2&outputSchema=http://www.isotc211.org/2005/gmd&elementSetName=full&id=d25fe199-2430-48fd-ad57-5b5f79f73cdf#MD_DataIdentification, https://www.nationaalgeoregister.nl:443/geonetwork/srv/dut/csw?service=CSW&request=GetRecordById&version=2.0.2&outputSchema=http://www.isotc211.org/2005/gmd&elementSetName=full&id=e536d943-ecff-4d7a-9500-cc31a263a6af#MD_DataIdentification, https://www.nationaalgeoregister.nl:443/geonetwork/srv/dut/csw?service=CSW&request=GetRecordById&version=2.0.2&outputSchema=http://www.isotc211.org/2005/gmd&elementSetName=full&id=bbece924-9aab-4e00-8392-bce36b8f494e#MD_DataIdentification, https://www.nationaalgeoregister.nl:443/geonetwork/srv/dut/csw?service=CSW&request=GetRecordById&version=2.0.2&outputSchema=http://www.isotc211.org/2005/gmd&elementSetName=full&id=c935f2ab-9b65-4dc4-94a0-73aeb840a941#MD_DataIdentification, https://www.nationaalgeoregister.nl:443/geonetwork/srv/dut/csw?service=CSW&request=GetRecordById&version=2.0.2&outputSchema=http://www.isotc211.org/2005/gmd&elementSetName=full&id=81ff84ec-42a4-4481-840b-12713bbb5d38#MD_DataIdentification, https://www.nationaalgeoregister.nl:443/geonetwork/srv/dut/csw?service=CSW&request=GetRecordById&version=2.0.2&outputSchema=http://www.isotc211.org/2005/gmd&elementSetName=full&id=af0c582f-9e6b-46e6-865a-fc3a2d5289b9#MD_DataIdentification, https://www.nationaalgeoregister.nl:443/geonetwork/srv/dut/csw?service=CSW&request=GetRecordById&version=2.0.2&outputSchema=http://www.isotc211.org/2005/gmd&elementSetName=full&id=3eebf700-5abf-42e4-826c-03cfb497e366#MD_DataIdentification, https://www.nationaalgeoregister.nl:443/geonetwork/srv/dut/csw?service=CSW&request=GetRecordById&version=2.0.2&outputSchema=http://www.isotc211.org/2005/gmd&elementSetName=full&id=9d9f1738-aced-47c9-aaa0-c62474a2dcfb#MD_DataIdentification, https://www.nationaalgeoregister.nl:443/geonetwork/srv/dut/csw?service=CSW&request=GetRecordById&version=2.0.2&outputSchema=http://www.isotc211.org/2005/gmd&elementSetName=full&id=8eee71f9-9365-490d-9484-00263c6fa35c#MD_DataIdentification, https://www.nationaalgeoregister.nl:443/geonetwork/srv/dut/csw?service=CSW&request=GetRecordById&version=2.0.2&outputSchema=http://www.isotc211.org/2005/gmd&elementSetName=full&id=4961d305-fbb5-426a-9ba3-53e1ca5f3b18#MD_DataIdentification, https://www.nationaalgeoregister.nl:443/geonetwork/srv/dut/csw?service=CSW&request=GetRecordById&version=2.0.2&outputSchema=http://www.isotc211.org/2005/gmd&elementSetName=full&id=2af8df10-81ba-434a-8125-34fe8f127cf9#MD_DataIdentification, https://www.nationaalgeoregister.nl:443/geonetwork/srv/dut/csw?service=CSW&request=GetRecordById&version=2.0.2&outputSchema=http://www.isotc211.org/2005/gmd&elementSetName=full&id=6cde2ce7-3ecd-4785-b7b8-d62c3381efe9#MD_DataIdentification, https://www.nationaalgeoregister.nl:443/geonetwork/srv/dut/csw?service=CSW&request=GetRecordById&version=2.0.2&outputSchema=http://www.isotc211.org/2005/gmd&elementSetName=full&id=3229e4d7-4bcd-4b94-819d-8e62de69ce2e#MD_DataIdentification, https://www.nationaalgeoregister.nl:443/geonetwork/srv/dut/csw?service=CSW&request=GetRecordById&version=2.0.2&outputSchema=http://www.isotc211.org/2005/gmd&elementSetName=full&id=5d0dc580-ba7a-4c3b-968b-199efd92d6cf#MD_DataIdentification, https://www.nationaalgeoregister.nl:443/geonetwork/srv/dut/csw?service=CSW&request=GetRecordById&version=2.0.2&outputSchema=http://www.isotc211.org/2005/gmd&elementSetName=full&id=bffcd5d9-02b4-4e7d-991f-a386611cad84#MD_DataIdentification, https://www.nationaalgeoregister.nl:443/geonetwork/srv/dut/csw?service=CSW&request=GetRecordById&version=2.0.2&outputSchema=http://www.isotc211.org/2005/gmd&elementSetName=full&id=effe1ab0-073d-437c-af13-df5c5e07d6cd#MD_DataIdentification]",
  "organisation": "Beheer PDOK",
  "serviceIdentifierCode": "9ff1a13c-d1e0-4150-8523-91cb489ae1a4",
  "servicetype": "download",
  "title": "INSPIRE download service PDOK",
  "url": "https://geodata.nationaalgeoregister.nl/atom/index.xml"
}

15:21:39.450 [ForkJoinPool-2-worker-3] INFO  com.intuit.karate - [print] testing url:https://geodata.nationaalgeoregister.nl/atom/index.xml
15:21:39.451 [ForkJoinPool-2-worker-3] DEBUG com.intuit.karate - request:
1 > HEAD https://geodata.nationaalgeoregister.nl/atom/index.xml
1 > Accept-Encoding: gzip,deflate
1 > Connection: Keep-Alive
1 > Host: geodata.nationaalgeoregister.nl
1 > User-Agent: Apache-HttpClient/4.5.11 (Java/13.0.5)

15:21:39.477 [ForkJoinPool-2-worker-5] DEBUG com.intuit.karate - response time in milliseconds: 415.94
1 < 200
1 < Accept-Ranges: bytes
1 < Access-Control-Allow-Headers: SOAPAction,X-Requested-With,Content-Type,Origin,Authorization,Accept
1 < Access-Control-Allow-Methods: POST, GET, OPTIONS, HEAD
1 < Access-Control-Allow-Origin: *
1 < Access-Control-Max-Age: 1000
1 < Content-Length: 4277
1 < Content-Security-Policy: block-all-mixed-content
1 < Content-Type: text/xml
1 < Date: Mon, 26 Oct 2020 15:21:39 GMT
1 < Etag: "5c262b5c1b0f1bdc5a11f94b82d3a6c1-1"
1 < Last-Modified: Fri, 01 Nov 2019 09:12:54 GMT
1 < Server: MinIO/RELEASE.2020-09-21T22-31-59Z
1 < Vary: Origin
1 < X-Amz-Bucket-Region: Amsterdam
1 < X-Amz-Request-Id: 16419406D78D8E41
1 < X-Cnection: [close, close]
1 < X-Xss-Protection: 1; mode=block

15:21:39.479 [pool-4-thread-4] INFO  com.intuit.karate.Runner - <<pass>> feature 124 of 367: tmp/junit17863174098671850733/Beheer-PDOK/Kaderrichtlijn-Water---Oppervlaktewaterlichamen-Nederland-EU2009-vlakken/download/Kaderrichtlijn-Water-EU2009-ATOM/checkdownloadurl.feature
---------------------------------------------------------
feature: tmp/junit17863174098671850733/Beheer-PDOK/Kaderrichtlijn-Water---Oppervlaktewaterlichamen-Nederland-EU2009-vlakken/download/Kaderrichtlijn-Water-EU2009-ATOM/checkdownloadurl.feature
report: target/surefire-reports/tmp.junit17863174098671850733.Beheer-PDOK.Kaderrichtlijn-Water---Oppervlaktewaterlichamen-Nederland-EU2009-vlakken.download.Kaderrichtlijn-Water-EU2009-ATOM.checkdownloadurl.json
scenarios:  1 | passed:  1 | failed:  0 | time: 0.4235
---------------------------------------------------------
15:21:39.484 [ForkJoinPool-2-worker-5] INFO  com.intuit.karate - karate.env system property was:  
15:21:39.487 [ForkJoinPool-2-worker-5] INFO  com.intuit.karate - [print] {
  "class": "metadata.Service",
  "electronicMailAddress": "[beheerPDOK@kadaster.nl, beheerPDOK@kadaster.nl]",
  "metadataStandardVersion": "Nederlands metadata profiel op ISO 19119 voor services 2.0",
  "operatesOn": "http://nationaalgeoregister.nl/geonetwork/srv/dut/csw?service=CSW&version=2.0.2&request=GetRecordById&outputschema=http://www.isotc211.org/2005/gmd&elementsetname=full&id=e536d943-ecff-4d7a-9500-cc31a263a6af#MD_DataIdentification",
  "organisation": "Beheer PDOK",
  "serviceIdentifierCode": "d293204f-6581-4b0a-811b-1dcce97adedd",
  "servicetype": "view",
  "title": "Publiekrechtelijke Beperking WMS",
  "url": "https://geodata.nationaalgeoregister.nl/publiekrechtelijkebeperking/wms?request=GetCapabilities"
}

15:21:39.488 [ForkJoinPool-2-worker-5] INFO  com.intuit.karate - [print] testing url:https://geodata.nationaalgeoregister.nl/publiekrechtelijkebeperking/wms?request=GetCapabilities
15:21:39.491 [ForkJoinPool-2-worker-5] DEBUG com.intuit.karate - request:
1 > HEAD https://geodata.nationaalgeoregister.nl/publiekrechtelijkebeperking/wms?request=GetCapabilities
1 > Accept-Encoding: gzip,deflate
1 > Connection: Keep-Alive
1 > Host: geodata.nationaalgeoregister.nl
1 > User-Agent: Apache-HttpClient/4.5.11 (Java/13.0.5)

15:21:39.526 [ForkJoinPool-2-worker-7] DEBUG com.intuit.karate - response time in milliseconds: 529.11
1 < 200
1 < Access-Control-Allow-Headers: SOAPAction,X-Requested-With,Content-Type,Origin,Authorization,Accept
1 < Access-Control-Allow-Methods: POST, GET, OPTIONS, HEAD
1 < Access-Control-Allow-Origin: *
1 < Access-Control-Max-Age: 1000
1 < Content-Length: 73
1 < Content-Type: text/html; charset=UTF-8
1 < Date: Mon, 26 Oct 2020 15:21:39 GMT
1 < Server: lighttpd/1.4.53
1 < X-Cnection: [close, close]

15:21:39.528 [pool-4-thread-3] INFO  com.intuit.karate.Runner - <<pass>> feature 122 of 367: tmp/junit17863174098671850733/Beheer-PDOK/Kaderrichtlijn-Water---Stroomgebieddistricten-Nederland-2019-vlakken/view/Kaderrichtlijn-Water-actueel-WMS/checkViewUrl.feature
---------------------------------------------------------
feature: tmp/junit17863174098671850733/Beheer-PDOK/Kaderrichtlijn-Water---Stroomgebieddistricten-Nederland-2019-vlakken/view/Kaderrichtlijn-Water-actueel-WMS/checkViewUrl.feature
report: target/surefire-reports/tmp.junit17863174098671850733.Beheer-PDOK.Kaderrichtlijn-Water---Stroomgebieddistricten-Nederland-2019-vlakken.view.Kaderrichtlijn-Water-actueel-WMS.checkViewUrl.json
scenarios:  1 | passed:  1 | failed:  0 | time: 0.5363
---------------------------------------------------------
15:21:39.532 [ForkJoinPool-2-worker-7] INFO  com.intuit.karate - karate.env system property was:  
15:21:39.533 [ForkJoinPool-2-worker-7] INFO  com.intuit.karate - [print] {
  "class": "metadata.Service",
  "electronicMailAddress": "[beheerpdok@kadaster.nl, beheer pdok@kadaster.nl]",
  "metadataStandardVersion": "Nederlands metadata profiel op ISO 19119 voor services 2.0",
  "operatesOn": "[https://www.nationaalgeoregister.nl:443/geonetwork/srv/dut/csw?service=CSW&request=GetRecordById&version=2.0.2&outputSchema=http://www.isotc211.org/2005/gmd&elementSetName=full&id=5a1adb58-0bbe-425d-b0fe-577a6c0a4228#MD_DataIdentification, https://www.nationaalgeoregister.nl:443/geonetwork/srv/dut/csw?service=CSW&request=GetRecordById&version=2.0.2&outputSchema=http://www.isotc211.org/2005/gmd&elementSetName=full&id=71c2b7d2-a1a8-4836-b8d4-7247d331b04d#MD_DataIdentification, https://www.nationaalgeoregister.nl:443/geonetwork/srv/dut/csw?service=CSW&request=GetRecordById&version=2.0.2&outputSchema=http://www.isotc211.org/2005/gmd&elementSetName=full&id=1462bbce-ccd3-4362-83d8-4535ca8f44eb#MD_DataIdentification, https://www.nationaalgeoregister.nl:443/geonetwork/srv/dut/csw?service=CSW&request=GetRecordById&version=2.0.2&outputSchema=http://www.isotc211.org/2005/gmd&elementSetName=full&id=f605a24f-60cd-4c40-94c8-2186aba3ddd0#MD_DataIdentification, https://www.nationaalgeoregister.nl:443/geonetwork/srv/dut/csw?service=CSW&request=GetRecordById&version=2.0.2&outputSchema=http://www.isotc211.org/2005/gmd&elementSetName=full&id=76091be7-358a-4a44-8182-b4139c96c6a4#MD_DataIdentification, https://www.nationaalgeoregister.nl:443/geonetwork/srv/dut/csw?service=CSW&request=GetRecordById&version=2.0.2&outputSchema=http://www.isotc211.org/2005/gmd&elementSetName=full&id=8829e5dd-c861-4639-a6c8-fdbb6e3440d2#MD_DataIdentification, https://www.nationaalgeoregister.nl:443/geonetwork/srv/dut/csw?service=CSW&request=GetRecordById&version=2.0.2&outputSchema=http://www.isotc211.org/2005/gmd&elementSetName=full&id=710c381c-ab2d-45d5-a45d-af2eba811e5f#MD_DataIdentification, https://www.nationaalgeoregister.nl:443/geonetwork/srv/dut/csw?service=CSW&request=GetRecordById&version=2.0.2&outputSchema=http://www.isotc211.org/2005/gmd&elementSetName=full&id=a9b7026e-0a81-4813-93bd-ba49e6f28502#MD_DataIdentification, https://www.nationaalgeoregister.nl:443/geonetwork/srv/dut/csw?service=CSW&request=GetRecordById&version=2.0.2&outputSchema=http://www.isotc211.org/2005/gmd&elementSetName=full&id=2e5f0f60-0f2f-4e17-96af-c913fe305ecb#MD_DataIdentification, https://www.nationaalgeoregister.nl:443/geonetwork/srv/dut/csw?service=CSW&request=GetRecordById&version=2.0.2&outputSchema=http://www.isotc211.org/2005/gmd&elementSetName=full&id=00d8c7c8-98ff-4b06-8f53-b44216e6e75c#MD_DataIdentification, https://www.nationaalgeoregister.nl:443/geonetwork/srv/dut/csw?service=CSW&request=GetRecordById&version=2.0.2&outputSchema=http://www.isotc211.org/2005/gmd&elementSetName=full&id=701d4eb8-8aae-4708-bba5-3edf6987676d#MD_DataIdentification, https://www.nationaalgeoregister.nl:443/geonetwork/srv/dut/csw?service=CSW&request=GetRecordById&version=2.0.2&outputSchema=http://www.isotc211.org/2005/gmd&elementSetName=full&id=17716ed7-ce0d-4bfd-8868-a398e5578a36#MD_DataIdentification, https://www.nationaalgeoregister.nl:443/geonetwork/srv/dut/csw?service=CSW&request=GetRecordById&version=2.0.2&outputSchema=http://www.isotc211.org/2005/gmd&elementSetName=full&id=29d5310f-dd0d-45ba-abad-b4ffc6b8785f#MD_DataIdentification, https://www.nationaalgeoregister.nl:443/geonetwork/srv/dut/csw?service=CSW&request=GetRecordById&version=2.0.2&outputSchema=http://www.isotc211.org/2005/gmd&elementSetName=full&id=831f7bd7-c2ae-4336-bd2f-47ab20d7cdb7#MD_DataIdentification, https://www.nationaalgeoregister.nl:443/geonetwork/srv/dut/csw?service=CSW&request=GetRecordById&version=2.0.2&outputSchema=http://www.isotc211.org/2005/gmd&elementSetName=full&id=0f297898-2640-44c2-bbe9-c0480da83794#MD_DataIdentification, https://www.nationaalgeoregister.nl:443/geonetwork/srv/dut/csw?service=CSW&request=GetRecordById&version=2.0.2&outputSchema=http://www.isotc211.org/2005/gmd&elementSetName=full&id=abaf1e22-55aa-4a11-a855-7ac963e4a82b#MD_DataIdentification, https://www.nationaalgeoregister.nl:443/geonetwork/srv/dut/csw?service=CSW&request=GetRecordById&version=2.0.2&outputSchema=http://www.isotc211.org/2005/gmd&elementSetName=full&id=07d73b60-dfd6-4c54-9c82-9fac70c6c48e#MD_DataIdentification, https://www.nationaalgeoregister.nl:443/geonetwork/srv/dut/csw?service=CSW&request=GetRecordById&version=2.0.2&outputSchema=http://www.isotc211.org/2005/gmd&elementSetName=full&id=d25fe199-2430-48fd-ad57-5b5f79f73cdf#MD_DataIdentification, https://www.nationaalgeoregister.nl:443/geonetwork/srv/dut/csw?service=CSW&request=GetRecordById&version=2.0.2&outputSchema=http://www.isotc211.org/2005/gmd&elementSetName=full&id=e536d943-ecff-4d7a-9500-cc31a263a6af#MD_DataIdentification, https://www.nationaalgeoregister.nl:443/geonetwork/srv/dut/csw?service=CSW&request=GetRecordById&version=2.0.2&outputSchema=http://www.isotc211.org/2005/gmd&elementSetName=full&id=bbece924-9aab-4e00-8392-bce36b8f494e#MD_DataIdentification, https://www.nationaalgeoregister.nl:443/geonetwork/srv/dut/csw?service=CSW&request=GetRecordById&version=2.0.2&outputSchema=http://www.isotc211.org/2005/gmd&elementSetName=full&id=c935f2ab-9b65-4dc4-94a0-73aeb840a941#MD_DataIdentification, https://www.nationaalgeoregister.nl:443/geonetwork/srv/dut/csw?service=CSW&request=GetRecordById&version=2.0.2&outputSchema=http://www.isotc211.org/2005/gmd&elementSetName=full&id=81ff84ec-42a4-4481-840b-12713bbb5d38#MD_DataIdentification, https://www.nationaalgeoregister.nl:443/geonetwork/srv/dut/csw?service=CSW&request=GetRecordById&version=2.0.2&outputSchema=http://www.isotc211.org/2005/gmd&elementSetName=full&id=af0c582f-9e6b-46e6-865a-fc3a2d5289b9#MD_DataIdentification, https://www.nationaalgeoregister.nl:443/geonetwork/srv/dut/csw?service=CSW&request=GetRecordById&version=2.0.2&outputSchema=http://www.isotc211.org/2005/gmd&elementSetName=full&id=3eebf700-5abf-42e4-826c-03cfb497e366#MD_DataIdentification, https://www.nationaalgeoregister.nl:443/geonetwork/srv/dut/csw?service=CSW&request=GetRecordById&version=2.0.2&outputSchema=http://www.isotc211.org/2005/gmd&elementSetName=full&id=9d9f1738-aced-47c9-aaa0-c62474a2dcfb#MD_DataIdentification, https://www.nationaalgeoregister.nl:443/geonetwork/srv/dut/csw?service=CSW&request=GetRecordById&version=2.0.2&outputSchema=http://www.isotc211.org/2005/gmd&elementSetName=full&id=8eee71f9-9365-490d-9484-00263c6fa35c#MD_DataIdentification, https://www.nationaalgeoregister.nl:443/geonetwork/srv/dut/csw?service=CSW&request=GetRecordById&version=2.0.2&outputSchema=http://www.isotc211.org/2005/gmd&elementSetName=full&id=4961d305-fbb5-426a-9ba3-53e1ca5f3b18#MD_DataIdentification, https://www.nationaalgeoregister.nl:443/geonetwork/srv/dut/csw?service=CSW&request=GetRecordById&version=2.0.2&outputSchema=http://www.isotc211.org/2005/gmd&elementSetName=full&id=2af8df10-81ba-434a-8125-34fe8f127cf9#MD_DataIdentification, https://www.nationaalgeoregister.nl:443/geonetwork/srv/dut/csw?service=CSW&request=GetRecordById&version=2.0.2&outputSchema=http://www.isotc211.org/2005/gmd&elementSetName=full&id=6cde2ce7-3ecd-4785-b7b8-d62c3381efe9#MD_DataIdentification, https://www.nationaalgeoregister.nl:443/geonetwork/srv/dut/csw?service=CSW&request=GetRecordById&version=2.0.2&outputSchema=http://www.isotc211.org/2005/gmd&elementSetName=full&id=3229e4d7-4bcd-4b94-819d-8e62de69ce2e#MD_DataIdentification, https://www.nationaalgeoregister.nl:443/geonetwork/srv/dut/csw?service=CSW&request=GetRecordById&version=2.0.2&outputSchema=http://www.isotc211.org/2005/gmd&elementSetName=full&id=5d0dc580-ba7a-4c3b-968b-199efd92d6cf#MD_DataIdentification, https://www.nationaalgeoregister.nl:443/geonetwork/srv/dut/csw?service=CSW&request=GetRecordById&version=2.0.2&outputSchema=http://www.isotc211.org/2005/gmd&elementSetName=full&id=bffcd5d9-02b4-4e7d-991f-a386611cad84#MD_DataIdentification, https://www.nationaalgeoregister.nl:443/geonetwork/srv/dut/csw?service=CSW&request=GetRecordById&version=2.0.2&outputSchema=http://www.isotc211.org/2005/gmd&elementSetName=full&id=effe1ab0-073d-437c-af13-df5c5e07d6cd#MD_DataIdentification]",
  "organisation": "Beheer PDOK",
  "serviceIdentifierCode": "9ff1a13c-d1e0-4150-8523-91cb489ae1a4",
  "servicetype": "download",
  "title": "INSPIRE download service PDOK",
  "url": "https://geodata.nationaalgeoregister.nl/atom/index.xml"
}

15:21:39.545 [ForkJoinPool-2-worker-7] INFO  com.intuit.karate - [print] testing url:https://geodata.nationaalgeoregister.nl/atom/index.xml
15:21:39.548 [ForkJoinPool-2-worker-7] DEBUG com.intuit.karate - request:
1 > HEAD https://geodata.nationaalgeoregister.nl/atom/index.xml
1 > Accept-Encoding: gzip,deflate
1 > Connection: Keep-Alive
1 > Host: geodata.nationaalgeoregister.nl
1 > User-Agent: Apache-HttpClient/4.5.11 (Java/13.0.5)

15:21:39.768 [ForkJoinPool-2-worker-1] DEBUG com.intuit.karate - response time in milliseconds: 433.16
1 < 200
1 < Access-Control-Allow-Headers: SOAPAction,X-Requested-With,Content-Type,Origin,Authorization,Accept
1 < Access-Control-Allow-Methods: POST, GET, OPTIONS, HEAD
1 < Access-Control-Allow-Origin: *
1 < Access-Control-Max-Age: 1000
1 < Content-Length: 73
1 < Content-Type: text/html; charset=UTF-8
1 < Date: Mon, 26 Oct 2020 15:21:39 GMT
1 < Server: lighttpd/1.4.53
1 < X-Cnection: [close, close]

15:21:39.771 [pool-4-thread-2] INFO  com.intuit.karate.Runner - <<pass>> feature 125 of 367: tmp/junit17863174098671850733/Beheer-PDOK/Kaderrichtlijn-Water---Oppervlaktewaterlichamen-Nederland-EU2009-vlakken/view/Kaderrichtlijn-Water-EU2009-WMS/checkViewUrl.feature
---------------------------------------------------------
feature: tmp/junit17863174098671850733/Beheer-PDOK/Kaderrichtlijn-Water---Oppervlaktewaterlichamen-Nederland-EU2009-vlakken/view/Kaderrichtlijn-Water-EU2009-WMS/checkViewUrl.feature
report: target/surefire-reports/tmp.junit17863174098671850733.Beheer-PDOK.Kaderrichtlijn-Water---Oppervlaktewaterlichamen-Nederland-EU2009-vlakken.view.Kaderrichtlijn-Water-EU2009-WMS.checkViewUrl.json
scenarios:  1 | passed:  1 | failed:  0 | time: 0.4432
---------------------------------------------------------
15:21:39.780 [ForkJoinPool-2-worker-1] INFO  com.intuit.karate - karate.env system property was:  
15:21:39.784 [ForkJoinPool-2-worker-1] INFO  com.intuit.karate - [print] {
  "class": "metadata.Service",
  "electronicMailAddress": "[beheerPDOK@kadaster.nl, beheerPDOK@kadaster.nl]",
  "metadataStandardVersion": "Nederlands metadata profiel op ISO 19119 voor services 2.0",
  "operatesOn": "[http://nationaalgeoregister.nl/geonetwork/srv/dut/csw?service=CSW&version=2.0.2&request=GetRecordById&outputschema=http://www.isotc211.org/2005/gmd&elementsetname=full&id=29d5310f-dd0d-45ba-abad-b4ffc6b8785f#MD_DataIdentification, http://nationaalgeoregister.nl/geonetwork/srv/dut/csw?service=CSW&version=2.0.2&request=GetRecordById&outputschema=http://www.isotc211.org/2005/gmd&elementsetname=full&id=af0c582f-9e6b-46e6-865a-fc3a2d5289b9#MD_DataIdentification, http://nationaalgeoregister.nl/geonetwork/srv/dut/csw?service=CSW&version=2.0.2&request=GetRecordById&outputschema=http://www.isotc211.org/2005/gmd&elementsetname=full&id=81ff84ec-42a4-4481-840b-12713bbb5d38#MD_DataIdentification, http://nationaalgeoregister.nl/geonetwork/srv/dut/csw?service=CSW&version=2.0.2&request=GetRecordById&outputschema=http://www.isotc211.org/2005/gmd&elementsetname=full&id=3eebf700-5abf-42e4-826c-03cfb497e366#MD_DataIdentification, http://nationaalgeoregister.nl/geonetwork/srv/dut/csw?service=CSW&version=2.0.2&request=GetRecordById&outputschema=http://www.isotc211.org/2005/gmd&elementsetname=full&id=4b282988-cb91-4bbc-b147-f653014917cb#MD_DataIdentification, http://nationaalgeoregister.nl/geonetwork/srv/dut/csw?service=CSW&version=2.0.2&request=GetRecordById&outputschema=http://www.isotc211.org/2005/gmd&elementsetname=full&id=0558a41c-b09a-47fa-b8db-9de6bfe4f494#MD_DataIdentification, http://nationaalgeoregister.nl/geonetwork/srv/dut/csw?service=CSW&version=2.0.2&request=GetRecordById&outputschema=http://www.isotc211.org/2005/gmd&elementsetname=full&id=9d9f1738-aced-47c9-aaa0-c62474a2dcfb#MD_DataIdentification]",
  "organisation": "Beheer PDOK",
  "serviceIdentifierCode": "94f241c2-43a2-42c3-8e9e-71976605aa0e",
  "servicetype": "view",
  "title": "TOP10NL WMS",
  "url": "https://geodata.nationaalgeoregister.nl/top10nlv2/wms?request=GetCapabilities"
}

15:21:39.790 [ForkJoinPool-2-worker-1] INFO  com.intuit.karate - [print] testing url:https://geodata.nationaalgeoregister.nl/top10nlv2/wms?request=GetCapabilities
15:21:39.791 [ForkJoinPool-2-worker-1] DEBUG com.intuit.karate - request:
1 > HEAD https://geodata.nationaalgeoregister.nl/top10nlv2/wms?request=GetCapabilities
1 > Accept-Encoding: gzip,deflate
1 > Connection: Keep-Alive
1 > Host: geodata.nationaalgeoregister.nl
1 > User-Agent: Apache-HttpClient/4.5.11 (Java/13.0.5)

15:21:39.845 [ForkJoinPool-2-worker-3] DEBUG com.intuit.karate - response time in milliseconds: 394.53
1 < 200
1 < Access-Control-Allow-Headers: SOAPAction,X-Requested-With,Content-Type,Origin,Authorization,Accept
1 < Access-Control-Allow-Methods: POST, GET, OPTIONS, HEAD
1 < Access-Control-Allow-Origin: *
1 < Access-Control-Max-Age: 1000
1 < Content-Length: 59006
1 < Content-Type: text/xml
1 < Date: Mon, 26 Oct 2020 15:21:39 GMT
1 < X-Cnection: [close, close]

15:21:39.848 [pool-4-thread-1] INFO  com.intuit.karate.Runner - <<pass>> feature 126 of 367: tmp/junit17863174098671850733/Beheer-PDOK/Publiekrechtelijke-beperkingen/download/INSPIRE-download-service-PDOK/checkdownloadurl.feature
---------------------------------------------------------
feature: tmp/junit17863174098671850733/Beheer-PDOK/Publiekrechtelijke-beperkingen/download/INSPIRE-download-service-PDOK/checkdownloadurl.feature
report: target/surefire-reports/tmp.junit17863174098671850733.Beheer-PDOK.Publiekrechtelijke-beperkingen.download.INSPIRE-download-service-PDOK.checkdownloadurl.json
scenarios:  1 | passed:  1 | failed:  0 | time: 0.4089
---------------------------------------------------------
15:21:39.853 [ForkJoinPool-2-worker-3] INFO  com.intuit.karate - karate.env system property was:  
15:21:39.860 [ForkJoinPool-2-worker-3] INFO  com.intuit.karate - [print] {
  "class": "metadata.Service",
  "electronicMailAddress": "[beheerpdok@kadaster.nl, beheer pdok@kadaster.nl]",
  "metadataStandardVersion": "Nederlands metadata profiel op ISO 19119 voor services 2.0",
  "operatesOn": "[https://www.nationaalgeoregister.nl:443/geonetwork/srv/dut/csw?service=CSW&request=GetRecordById&version=2.0.2&outputSchema=http://www.isotc211.org/2005/gmd&elementSetName=full&id=5a1adb58-0bbe-425d-b0fe-577a6c0a4228#MD_DataIdentification, https://www.nationaalgeoregister.nl:443/geonetwork/srv/dut/csw?service=CSW&request=GetRecordById&version=2.0.2&outputSchema=http://www.isotc211.org/2005/gmd&elementSetName=full&id=71c2b7d2-a1a8-4836-b8d4-7247d331b04d#MD_DataIdentification, https://www.nationaalgeoregister.nl:443/geonetwork/srv/dut/csw?service=CSW&request=GetRecordById&version=2.0.2&outputSchema=http://www.isotc211.org/2005/gmd&elementSetName=full&id=1462bbce-ccd3-4362-83d8-4535ca8f44eb#MD_DataIdentification, https://www.nationaalgeoregister.nl:443/geonetwork/srv/dut/csw?service=CSW&request=GetRecordById&version=2.0.2&outputSchema=http://www.isotc211.org/2005/gmd&elementSetName=full&id=f605a24f-60cd-4c40-94c8-2186aba3ddd0#MD_DataIdentification, https://www.nationaalgeoregister.nl:443/geonetwork/srv/dut/csw?service=CSW&request=GetRecordById&version=2.0.2&outputSchema=http://www.isotc211.org/2005/gmd&elementSetName=full&id=76091be7-358a-4a44-8182-b4139c96c6a4#MD_DataIdentification, https://www.nationaalgeoregister.nl:443/geonetwork/srv/dut/csw?service=CSW&request=GetRecordById&version=2.0.2&outputSchema=http://www.isotc211.org/2005/gmd&elementSetName=full&id=8829e5dd-c861-4639-a6c8-fdbb6e3440d2#MD_DataIdentification, https://www.nationaalgeoregister.nl:443/geonetwork/srv/dut/csw?service=CSW&request=GetRecordById&version=2.0.2&outputSchema=http://www.isotc211.org/2005/gmd&elementSetName=full&id=710c381c-ab2d-45d5-a45d-af2eba811e5f#MD_DataIdentification, https://www.nationaalgeoregister.nl:443/geonetwork/srv/dut/csw?service=CSW&request=GetRecordById&version=2.0.2&outputSchema=http://www.isotc211.org/2005/gmd&elementSetName=full&id=a9b7026e-0a81-4813-93bd-ba49e6f28502#MD_DataIdentification, https://www.nationaalgeoregister.nl:443/geonetwork/srv/dut/csw?service=CSW&request=GetRecordById&version=2.0.2&outputSchema=http://www.isotc211.org/2005/gmd&elementSetName=full&id=2e5f0f60-0f2f-4e17-96af-c913fe305ecb#MD_DataIdentification, https://www.nationaalgeoregister.nl:443/geonetwork/srv/dut/csw?service=CSW&request=GetRecordById&version=2.0.2&outputSchema=http://www.isotc211.org/2005/gmd&elementSetName=full&id=00d8c7c8-98ff-4b06-8f53-b44216e6e75c#MD_DataIdentification, https://www.nationaalgeoregister.nl:443/geonetwork/srv/dut/csw?service=CSW&request=GetRecordById&version=2.0.2&outputSchema=http://www.isotc211.org/2005/gmd&elementSetName=full&id=701d4eb8-8aae-4708-bba5-3edf6987676d#MD_DataIdentification, https://www.nationaalgeoregister.nl:443/geonetwork/srv/dut/csw?service=CSW&request=GetRecordById&version=2.0.2&outputSchema=http://www.isotc211.org/2005/gmd&elementSetName=full&id=17716ed7-ce0d-4bfd-8868-a398e5578a36#MD_DataIdentification, https://www.nationaalgeoregister.nl:443/geonetwork/srv/dut/csw?service=CSW&request=GetRecordById&version=2.0.2&outputSchema=http://www.isotc211.org/2005/gmd&elementSetName=full&id=29d5310f-dd0d-45ba-abad-b4ffc6b8785f#MD_DataIdentification, https://www.nationaalgeoregister.nl:443/geonetwork/srv/dut/csw?service=CSW&request=GetRecordById&version=2.0.2&outputSchema=http://www.isotc211.org/2005/gmd&elementSetName=full&id=831f7bd7-c2ae-4336-bd2f-47ab20d7cdb7#MD_DataIdentification, https://www.nationaalgeoregister.nl:443/geonetwork/srv/dut/csw?service=CSW&request=GetRecordById&version=2.0.2&outputSchema=http://www.isotc211.org/2005/gmd&elementSetName=full&id=0f297898-2640-44c2-bbe9-c0480da83794#MD_DataIdentification, https://www.nationaalgeoregister.nl:443/geonetwork/srv/dut/csw?service=CSW&request=GetRecordById&version=2.0.2&outputSchema=http://www.isotc211.org/2005/gmd&elementSetName=full&id=abaf1e22-55aa-4a11-a855-7ac963e4a82b#MD_DataIdentification, https://www.nationaalgeoregister.nl:443/geonetwork/srv/dut/csw?service=CSW&request=GetRecordById&version=2.0.2&outputSchema=http://www.isotc211.org/2005/gmd&elementSetName=full&id=07d73b60-dfd6-4c54-9c82-9fac70c6c48e#MD_DataIdentification, https://www.nationaalgeoregister.nl:443/geonetwork/srv/dut/csw?service=CSW&request=GetRecordById&version=2.0.2&outputSchema=http://www.isotc211.org/2005/gmd&elementSetName=full&id=d25fe199-2430-48fd-ad57-5b5f79f73cdf#MD_DataIdentification, https://www.nationaalgeoregister.nl:443/geonetwork/srv/dut/csw?service=CSW&request=GetRecordById&version=2.0.2&outputSchema=http://www.isotc211.org/2005/gmd&elementSetName=full&id=e536d943-ecff-4d7a-9500-cc31a263a6af#MD_DataIdentification, https://www.nationaalgeoregister.nl:443/geonetwork/srv/dut/csw?service=CSW&request=GetRecordById&version=2.0.2&outputSchema=http://www.isotc211.org/2005/gmd&elementSetName=full&id=bbece924-9aab-4e00-8392-bce36b8f494e#MD_DataIdentification, https://www.nationaalgeoregister.nl:443/geonetwork/srv/dut/csw?service=CSW&request=GetRecordById&version=2.0.2&outputSchema=http://www.isotc211.org/2005/gmd&elementSetName=full&id=c935f2ab-9b65-4dc4-94a0-73aeb840a941#MD_DataIdentification, https://www.nationaalgeoregister.nl:443/geonetwork/srv/dut/csw?service=CSW&request=GetRecordById&version=2.0.2&outputSchema=http://www.isotc211.org/2005/gmd&elementSetName=full&id=81ff84ec-42a4-4481-840b-12713bbb5d38#MD_DataIdentification, https://www.nationaalgeoregister.nl:443/geonetwork/srv/dut/csw?service=CSW&request=GetRecordById&version=2.0.2&outputSchema=http://www.isotc211.org/2005/gmd&elementSetName=full&id=af0c582f-9e6b-46e6-865a-fc3a2d5289b9#MD_DataIdentification, https://www.nationaalgeoregister.nl:443/geonetwork/srv/dut/csw?service=CSW&request=GetRecordById&version=2.0.2&outputSchema=http://www.isotc211.org/2005/gmd&elementSetName=full&id=3eebf700-5abf-42e4-826c-03cfb497e366#MD_DataIdentification, https://www.nationaalgeoregister.nl:443/geonetwork/srv/dut/csw?service=CSW&request=GetRecordById&version=2.0.2&outputSchema=http://www.isotc211.org/2005/gmd&elementSetName=full&id=9d9f1738-aced-47c9-aaa0-c62474a2dcfb#MD_DataIdentification, https://www.nationaalgeoregister.nl:443/geonetwork/srv/dut/csw?service=CSW&request=GetRecordById&version=2.0.2&outputSchema=http://www.isotc211.org/2005/gmd&elementSetName=full&id=8eee71f9-9365-490d-9484-00263c6fa35c#MD_DataIdentification, https://www.nationaalgeoregister.nl:443/geonetwork/srv/dut/csw?service=CSW&request=GetRecordById&version=2.0.2&outputSchema=http://www.isotc211.org/2005/gmd&elementSetName=full&id=4961d305-fbb5-426a-9ba3-53e1ca5f3b18#MD_DataIdentification, https://www.nationaalgeoregister.nl:443/geonetwork/srv/dut/csw?service=CSW&request=GetRecordById&version=2.0.2&outputSchema=http://www.isotc211.org/2005/gmd&elementSetName=full&id=2af8df10-81ba-434a-8125-34fe8f127cf9#MD_DataIdentification, https://www.nationaalgeoregister.nl:443/geonetwork/srv/dut/csw?service=CSW&request=GetRecordById&version=2.0.2&outputSchema=http://www.isotc211.org/2005/gmd&elementSetName=full&id=6cde2ce7-3ecd-4785-b7b8-d62c3381efe9#MD_DataIdentification, https://www.nationaalgeoregister.nl:443/geonetwork/srv/dut/csw?service=CSW&request=GetRecordById&version=2.0.2&outputSchema=http://www.isotc211.org/2005/gmd&elementSetName=full&id=3229e4d7-4bcd-4b94-819d-8e62de69ce2e#MD_DataIdentification, https://www.nationaalgeoregister.nl:443/geonetwork/srv/dut/csw?service=CSW&request=GetRecordById&version=2.0.2&outputSchema=http://www.isotc211.org/2005/gmd&elementSetName=full&id=5d0dc580-ba7a-4c3b-968b-199efd92d6cf#MD_DataIdentification, https://www.nationaalgeoregister.nl:443/geonetwork/srv/dut/csw?service=CSW&request=GetRecordById&version=2.0.2&outputSchema=http://www.isotc211.org/2005/gmd&elementSetName=full&id=bffcd5d9-02b4-4e7d-991f-a386611cad84#MD_DataIdentification, https://www.nationaalgeoregister.nl:443/geonetwork/srv/dut/csw?service=CSW&request=GetRecordById&version=2.0.2&outputSchema=http://www.isotc211.org/2005/gmd&elementSetName=full&id=effe1ab0-073d-437c-af13-df5c5e07d6cd#MD_DataIdentification]",
  "organisation": "Beheer PDOK",
  "serviceIdentifierCode": "9ff1a13c-d1e0-4150-8523-91cb489ae1a4",
  "servicetype": "download",
  "title": "INSPIRE download service PDOK",
  "url": "https://geodata.nationaalgeoregister.nl/atom/index.xml"
}

15:21:39.860 [ForkJoinPool-2-worker-3] INFO  com.intuit.karate - [print] testing url:https://geodata.nationaalgeoregister.nl/atom/index.xml
15:21:39.861 [ForkJoinPool-2-worker-3] DEBUG com.intuit.karate - request:
1 > HEAD https://geodata.nationaalgeoregister.nl/atom/index.xml
1 > Accept-Encoding: gzip,deflate
1 > Connection: Keep-Alive
1 > Host: geodata.nationaalgeoregister.nl
1 > User-Agent: Apache-HttpClient/4.5.11 (Java/13.0.5)

15:21:39.941 [ForkJoinPool-2-worker-5] DEBUG com.intuit.karate - response time in milliseconds: 450.11
1 < 200
1 < Access-Control-Allow-Headers: SOAPAction,X-Requested-With,Content-Type,Origin,Authorization,Accept
1 < Access-Control-Allow-Methods: POST, GET, OPTIONS, HEAD
1 < Access-Control-Allow-Origin: *
1 < Access-Control-Max-Age: 1000
1 < Content-Disposition: inline; filename=getcapabilities_1.3.0.xml
1 < Content-Type: text/xml
1 < Date: Mon, 26 Oct 2020 15:21:39 GMT
1 < X-Cnection: [close, close]

15:21:39.942 [ForkJoinPool-2-worker-5] ERROR com.intuit.karate - assertion failed: path: $['Content-Length'][0], actual: null, expected: '#notnull', reason: actual json-path does not exist
15:21:39.944 [pool-4-thread-4] INFO  com.intuit.karate.Runner - <<fail>> feature 127 of 367: tmp/junit17863174098671850733/Beheer-PDOK/Publiekrechtelijke-beperkingen/view/Publiekrechtelijke-Beperking-WMS/checkViewUrl.feature
---------------------------------------------------------
feature: tmp/junit17863174098671850733/Beheer-PDOK/Publiekrechtelijke-beperkingen/view/Publiekrechtelijke-Beperking-WMS/checkViewUrl.feature
report: target/surefire-reports/tmp.junit17863174098671850733.Beheer-PDOK.Publiekrechtelijke-beperkingen.view.Publiekrechtelijke-Beperking-WMS.checkViewUrl.json
scenarios:  1 | passed:  0 | failed:  1 | time: 0.4578
---------------------------------------------------------
15:21:39.950 [ForkJoinPool-2-worker-5] INFO  com.intuit.karate - karate.env system property was:  
15:21:39.953 [ForkJoinPool-2-worker-5] INFO  com.intuit.karate - [print] {
  "class": "metadata.Service",
  "electronicMailAddress": "[beheerPDOK@kadaster.nl, beheerPDOK@kadaster.nl]",
  "metadataStandardVersion": "Nederlands metadata profiel op ISO 19119 voor services 2.0",
  "operatesOn": "http://nationaalgeoregister.nl/geonetwork/srv/dut/csw?service=CSW&version=2.0.2&request=GetRecordById&outputschema=http://www.isotc211.org/2005/gmd&elementsetname=full&id=c935f2ab-9b65-4dc4-94a0-73aeb840a941#MD_DataIdentification",
  "organisation": "Beheer PDOK",
  "serviceIdentifierCode": "1bd24d1e-aa13-4395-809e-893570f7c651",
  "servicetype": "view",
  "title": "Overheidsdiensten WMS",
  "url": "https://geodata.nationaalgeoregister.nl/overheidsdiensten/wms?request=GetCapabilities"
}

15:21:39.955 [ForkJoinPool-2-worker-5] INFO  com.intuit.karate - [print] testing url:https://geodata.nationaalgeoregister.nl/overheidsdiensten/wms?request=GetCapabilities
15:21:39.956 [ForkJoinPool-2-worker-5] DEBUG com.intuit.karate - request:
1 > HEAD https://geodata.nationaalgeoregister.nl/overheidsdiensten/wms?request=GetCapabilities
1 > Accept-Encoding: gzip,deflate
1 > Connection: Keep-Alive
1 > Host: geodata.nationaalgeoregister.nl
1 > User-Agent: Apache-HttpClient/4.5.11 (Java/13.0.5)

15:21:39.965 [ForkJoinPool-2-worker-7] DEBUG com.intuit.karate - response time in milliseconds: 416.19
1 < 200
1 < Access-Control-Allow-Headers: SOAPAction,X-Requested-With,Content-Type,Origin,Authorization,Accept
1 < Access-Control-Allow-Methods: POST, GET, OPTIONS, HEAD
1 < Access-Control-Allow-Origin: *
1 < Access-Control-Max-Age: 1000
1 < Content-Length: 59006
1 < Content-Type: text/xml
1 < Date: Mon, 26 Oct 2020 15:21:39 GMT
1 < X-Cnection: [close, close]

15:21:39.967 [pool-4-thread-3] INFO  com.intuit.karate.Runner - <<pass>> feature 128 of 367: tmp/junit17863174098671850733/Beheer-PDOK/Vervoersnetwerken/download/INSPIRE-download-service-PDOK/checkdownloadurl.feature
---------------------------------------------------------
feature: tmp/junit17863174098671850733/Beheer-PDOK/Vervoersnetwerken/download/INSPIRE-download-service-PDOK/checkdownloadurl.feature
report: target/surefire-reports/tmp.junit17863174098671850733.Beheer-PDOK.Vervoersnetwerken.download.INSPIRE-download-service-PDOK.checkdownloadurl.json
scenarios:  1 | passed:  1 | failed:  0 | time: 0.4332
---------------------------------------------------------
15:21:39.971 [ForkJoinPool-2-worker-7] INFO  com.intuit.karate - karate.env system property was:  
15:21:39.972 [ForkJoinPool-2-worker-7] INFO  com.intuit.karate - [print] {
  "class": "metadata.Service",
  "electronicMailAddress": "[beheerPDOK@kadaster.nl, beheerPDOK@kadaster.nl]",
  "metadataStandardVersion": "Nederlands metadata profiel op ISO 19119 voor services 2.0",
  "operatesOn": "http://nationaalgeoregister.nl/geonetwork/srv/dut/csw?service=CSW&version=2.0.2&request=GetRecordById&outputschema=http://www.isotc211.org/2005/gmd&elementsetname=full&id=1c3afc74-cc34-44b7-938a-963e2350795a#MD_DataIdentification",
  "organisation": "Beheer PDOK",
  "serviceIdentifierCode": "58353cdf-b3a1-454e-9284-932a7e815e57",
  "servicetype": "download",
  "title": "Hydrografie - Physical Waters (INSPIRE geharmoniseerd) WFS",
  "url": "https://geodata.nationaalgeoregister.nl/inspire/hy-p/wfs?request=GetCapabilities"
}

15:21:39.972 [ForkJoinPool-2-worker-7] INFO  com.intuit.karate - [print] testing url:https://geodata.nationaalgeoregister.nl/inspire/hy-p/wfs?request=GetCapabilities
15:21:39.972 [ForkJoinPool-2-worker-7] DEBUG com.intuit.karate - request:
1 > HEAD https://geodata.nationaalgeoregister.nl/inspire/hy-p/wfs?request=GetCapabilities
1 > Accept-Encoding: gzip,deflate
1 > Connection: Keep-Alive
1 > Host: geodata.nationaalgeoregister.nl
1 > User-Agent: Apache-HttpClient/4.5.11 (Java/13.0.5)

15:21:40.211 [ForkJoinPool-2-worker-1] DEBUG com.intuit.karate - response time in milliseconds: 418.07
1 < 200
1 < Accept-Ranges: bytes
1 < Access-Control-Allow-Headers: SOAPAction,X-Requested-With,Content-Type,Origin,Authorization,Accept
1 < Access-Control-Allow-Methods: POST, GET, OPTIONS, HEAD
1 < Access-Control-Allow-Origin: *
1 < Access-Control-Max-Age: 1000
1 < Content-Type: application/xml
1 < Date: Mon, 26 Oct 2020 15:21:40 GMT
1 < ETag: "2b852-5af58a6649d86-gzip"
1 < Last-Modified: Tue, 15 Sep 2020 11:42:47 GMT
1 < Vary: Accept-Encoding
1 < X-Cnection: [close, close]

15:21:40.212 [ForkJoinPool-2-worker-1] ERROR com.intuit.karate - assertion failed: path: $['Content-Length'][0], actual: null, expected: '#notnull', reason: actual json-path does not exist
15:21:40.213 [pool-4-thread-2] INFO  com.intuit.karate.Runner - <<fail>> feature 129 of 367: tmp/junit17863174098671850733/Beheer-PDOK/Vervoersnetwerken/view/TOP10NL-WMS/checkViewUrl.feature
---------------------------------------------------------
feature: tmp/junit17863174098671850733/Beheer-PDOK/Vervoersnetwerken/view/TOP10NL-WMS/checkViewUrl.feature
report: target/surefire-reports/tmp.junit17863174098671850733.Beheer-PDOK.Vervoersnetwerken.view.TOP10NL-WMS.checkViewUrl.json
scenarios:  1 | passed:  0 | failed:  1 | time: 0.4290
---------------------------------------------------------
15:21:40.219 [ForkJoinPool-2-worker-1] INFO  com.intuit.karate - karate.env system property was:  
15:21:40.220 [ForkJoinPool-2-worker-1] INFO  com.intuit.karate - [print] {
  "class": "metadata.Service",
  "electronicMailAddress": "[beheerPDOK@kadaster.nl, beheerPDOK@kadaster.nl]",
  "metadataStandardVersion": "Nederlands metadata profiel op ISO 19119 voor services 2.0",
  "operatesOn": "http://nationaalgeoregister.nl/geonetwork/srv/dut/csw?service=CSW&version=2.0.2&request=GetRecordById&outputschema=http://www.isotc211.org/2005/gmd&elementsetname=full&id=1c3afc74-cc34-44b7-938a-963e2350795a#MD_DataIdentification",
  "organisation": "Beheer PDOK",
  "serviceIdentifierCode": "30f65c89-2246-49f8-8b50-0f1140d6f2aa",
  "servicetype": "view",
  "title": "Hydrografie - Physical Waters (INSPIRE geharmoniseerd) WMS",
  "url": "https://geodata.nationaalgeoregister.nl/inspire/hy-p/wms?request=GetCapabilities"
}

15:21:40.222 [ForkJoinPool-2-worker-1] INFO  com.intuit.karate - [print] testing url:https://geodata.nationaalgeoregister.nl/inspire/hy-p/wms?request=GetCapabilities
15:21:40.223 [ForkJoinPool-2-worker-1] DEBUG com.intuit.karate - request:
1 > HEAD https://geodata.nationaalgeoregister.nl/inspire/hy-p/wms?request=GetCapabilities
1 > Accept-Encoding: gzip,deflate
1 > Connection: Keep-Alive
1 > Host: geodata.nationaalgeoregister.nl
1 > User-Agent: Apache-HttpClient/4.5.11 (Java/13.0.5)

15:21:40.255 [ForkJoinPool-2-worker-3] DEBUG com.intuit.karate - response time in milliseconds: 394.04
1 < 200
1 < Access-Control-Allow-Headers: SOAPAction,X-Requested-With,Content-Type,Origin,Authorization,Accept
1 < Access-Control-Allow-Methods: POST, GET, OPTIONS, HEAD
1 < Access-Control-Allow-Origin: *
1 < Access-Control-Max-Age: 1000
1 < Content-Length: 59006
1 < Content-Type: text/xml
1 < Date: Mon, 26 Oct 2020 15:21:40 GMT
1 < X-Cnection: [close, close]

15:21:40.258 [pool-4-thread-1] INFO  com.intuit.karate.Runner - <<pass>> feature 130 of 367: tmp/junit17863174098671850733/Beheer-PDOK/Overheidsdiensten/download/INSPIRE-download-service-PDOK/checkdownloadurl.feature
---------------------------------------------------------
feature: tmp/junit17863174098671850733/Beheer-PDOK/Overheidsdiensten/download/INSPIRE-download-service-PDOK/checkdownloadurl.feature
report: target/surefire-reports/tmp.junit17863174098671850733.Beheer-PDOK.Overheidsdiensten.download.INSPIRE-download-service-PDOK.checkdownloadurl.json
scenarios:  1 | passed:  1 | failed:  0 | time: 0.4019
---------------------------------------------------------
15:21:40.262 [ForkJoinPool-2-worker-3] INFO  com.intuit.karate - karate.env system property was:  
15:21:40.264 [ForkJoinPool-2-worker-3] INFO  com.intuit.karate - [print] {
  "class": "metadata.Service",
  "electronicMailAddress": "[beheerPDOK@kadaster.nl, beheerPDOK@kadaster.nl]",
  "metadataStandardVersion": "Nederlands metadata profiel op ISO 19119 voor services 2.0",
  "operatesOn": "http://nationaalgeoregister.nl/geonetwork/srv/en/csw?service=CSW&version=2.0.2&request=GetRecordById&outputschema=http://www.isotc211.org/2005/gmd&elementsetname=full&id=ror-9d8e-4758-83fx-28b057f185g1#MD_DataIdentification",
  "organisation": "Beheer PDOK",
  "serviceIdentifierCode": "2ca26f5e-0b39-48a4-9e8d-7b9ffde9a5b0",
  "servicetype": "view",
  "title": "Richtlijn Overstromingsrisico EU2018 WMS",
  "url": "https://geodata.nationaalgeoregister.nl/rws/richtlijnoverstromingsrisico2018/wms/v1_0?request=GetCapabilities&service=WMS"
}

15:21:40.264 [ForkJoinPool-2-worker-3] INFO  com.intuit.karate - [print] testing url:https://geodata.nationaalgeoregister.nl/rws/richtlijnoverstromingsrisico2018/wms/v1_0?request=GetCapabilities&service=WMS
15:21:40.265 [ForkJoinPool-2-worker-3] DEBUG com.intuit.karate - request:
1 > HEAD https://geodata.nationaalgeoregister.nl/rws/richtlijnoverstromingsrisico2018/wms/v1_0?request=GetCapabilities&service=WMS
1 > Accept-Encoding: gzip,deflate
1 > Connection: Keep-Alive
1 > Host: geodata.nationaalgeoregister.nl
1 > User-Agent: Apache-HttpClient/4.5.11 (Java/13.0.5)

15:21:40.383 [ForkJoinPool-2-worker-7] DEBUG com.intuit.karate - response time in milliseconds: 409.90
1 < 200
1 < Accept-Ranges: bytes
1 < Access-Control-Allow-Headers: SOAPAction,X-Requested-With,Content-Type,Origin,Authorization,Accept
1 < Access-Control-Allow-Methods: POST, GET, OPTIONS, HEAD
1 < Access-Control-Allow-Origin: *
1 < Access-Control-Max-Age: 1000
1 < Content-Type: application/xml
1 < Date: Mon, 26 Oct 2020 15:21:40 GMT
1 < ETag: "1a31b-5af58ad4fedd0-gzip"
1 < Last-Modified: Tue, 15 Sep 2020 11:44:43 GMT
1 < Vary: Accept-Encoding
1 < X-Cnection: [close, close]

15:21:40.383 [ForkJoinPool-2-worker-7] ERROR com.intuit.karate - assertion failed: path: $['Content-Length'][0], actual: null, expected: '#notnull', reason: actual json-path does not exist
15:21:40.385 [pool-4-thread-3] INFO  com.intuit.karate.Runner - <<fail>> feature 132 of 367: tmp/junit17863174098671850733/Beheer-PDOK/Hydrografie---Physical-Waters--INSPIRE-geharmoniseerd-/download/Hydrografie---Physical-Waters--INSPIRE-geharmoniseerd--WFS/checkdownloadurl.feature
---------------------------------------------------------
feature: tmp/junit17863174098671850733/Beheer-PDOK/Hydrografie---Physical-Waters--INSPIRE-geharmoniseerd-/download/Hydrografie---Physical-Waters--INSPIRE-geharmoniseerd--WFS/checkdownloadurl.feature
report: target/surefire-reports/tmp.junit17863174098671850733.Beheer-PDOK.Hydrografie---Physical-Waters--INSPIRE-geharmoniseerd-.download.Hydrografie---Physical-Waters--INSPIRE-geharmoniseerd--WFS.checkdownloadurl.json
scenarios:  1 | passed:  0 | failed:  1 | time: 0.4122
---------------------------------------------------------
15:21:40.389 [ForkJoinPool-2-worker-7] INFO  com.intuit.karate - karate.env system property was:  
15:21:40.392 [ForkJoinPool-2-worker-7] INFO  com.intuit.karate - [print] {
  "class": "metadata.Service",
  "electronicMailAddress": "[beheerPDOK@kadaster.nl, beheerPDOK@kadaster.nl]",
  "metadataStandardVersion": "Nederlands metadata profiel op ISO 19119 voor services 2.0",
  "operatesOn": "http://nationaalgeoregister.nl/geonetwork/srv/en/csw?service=CSW&version=2.0.2&request=GetRecordById&outputschema=http://www.isotc211.org/2005/gmd&elementsetname=full&id=03671a9e-6aaf-464d-be99-9aad25cef9e3#MD_DataIdentification",
  "organisation": "Beheer PDOK",
  "serviceIdentifierCode": "82541a1f-2e4e-459f-ab2f-e97cac3ad040",
  "servicetype": "download",
  "title": "Habitatrichtlijn verspreidingsgebied van habitattypen WFS",
  "url": "https://geodata.nationaalgeoregister.nl/habitatrichtlijnverspreidingsgebiedtypen/wfs?request=GetCapabilities"
}

15:21:40.393 [ForkJoinPool-2-worker-7] INFO  com.intuit.karate - [print] testing url:https://geodata.nationaalgeoregister.nl/habitatrichtlijnverspreidingsgebiedtypen/wfs?request=GetCapabilities
15:21:40.394 [ForkJoinPool-2-worker-7] DEBUG com.intuit.karate - request:
1 > HEAD https://geodata.nationaalgeoregister.nl/habitatrichtlijnverspreidingsgebiedtypen/wfs?request=GetCapabilities
1 > Accept-Encoding: gzip,deflate
1 > Connection: Keep-Alive
1 > Host: geodata.nationaalgeoregister.nl
1 > User-Agent: Apache-HttpClient/4.5.11 (Java/13.0.5)

15:21:40.407 [ForkJoinPool-2-worker-5] DEBUG com.intuit.karate - response time in milliseconds: 451.33
1 < 200
1 < Access-Control-Allow-Headers: SOAPAction,X-Requested-With,Content-Type,Origin,Authorization,Accept
1 < Access-Control-Allow-Methods: POST, GET, OPTIONS, HEAD
1 < Access-Control-Allow-Origin: *
1 < Access-Control-Max-Age: 1000
1 < Content-Disposition: inline; filename=getcapabilities_1.3.0.xml
1 < Content-Type: text/xml
1 < Date: Mon, 26 Oct 2020 15:21:40 GMT
1 < X-Cnection: [close, close]

15:21:40.408 [ForkJoinPool-2-worker-5] ERROR com.intuit.karate - assertion failed: path: $['Content-Length'][0], actual: null, expected: '#notnull', reason: actual json-path does not exist
15:21:40.409 [pool-4-thread-4] INFO  com.intuit.karate.Runner - <<fail>> feature 131 of 367: tmp/junit17863174098671850733/Beheer-PDOK/Overheidsdiensten/view/Overheidsdiensten-WMS/checkViewUrl.feature
---------------------------------------------------------
feature: tmp/junit17863174098671850733/Beheer-PDOK/Overheidsdiensten/view/Overheidsdiensten-WMS/checkViewUrl.feature
report: target/surefire-reports/tmp.junit17863174098671850733.Beheer-PDOK.Overheidsdiensten.view.Overheidsdiensten-WMS.checkViewUrl.json
scenarios:  1 | passed:  0 | failed:  1 | time: 0.4571
---------------------------------------------------------
15:21:40.412 [ForkJoinPool-2-worker-5] INFO  com.intuit.karate - karate.env system property was:  
15:21:40.416 [ForkJoinPool-2-worker-5] INFO  com.intuit.karate - [print] {
  "class": "metadata.Service",
  "electronicMailAddress": "[beheerPDOK@kadaster.nl, beheerPDOK@kadaster.nl]",
  "metadataStandardVersion": "Nederlands metadata profiel op ISO 19119 voor services 2.0",
  "operatesOn": "http://nationaalgeoregister.nl/geonetwork/srv/en/csw?service=CSW&version=2.0.2&request=GetRecordById&outputschema=http://www.isotc211.org/2005/gmd&elementsetname=full&id=03671a9e-6aaf-464d-be99-9aad25cef9e3#MD_DataIdentification",
  "organisation": "Beheer PDOK",
  "serviceIdentifierCode": "9c5351c8-d8f4-41c2-9642-42a63496a6fe",
  "servicetype": "view",
  "title": "Habitatrichtlijn verspreidingsgebied van habitattypen WMS",
  "url": "https://geodata.nationaalgeoregister.nl/habitatrichtlijnverspreidingsgebiedtypen/wms?request=GetCapabilities"
}

15:21:40.416 [ForkJoinPool-2-worker-5] INFO  com.intuit.karate - [print] testing url:https://geodata.nationaalgeoregister.nl/habitatrichtlijnverspreidingsgebiedtypen/wms?request=GetCapabilities
15:21:40.417 [ForkJoinPool-2-worker-5] DEBUG com.intuit.karate - request:
1 > HEAD https://geodata.nationaalgeoregister.nl/habitatrichtlijnverspreidingsgebiedtypen/wms?request=GetCapabilities
1 > Accept-Encoding: gzip,deflate
1 > Connection: Keep-Alive
1 > Host: geodata.nationaalgeoregister.nl
1 > User-Agent: Apache-HttpClient/4.5.11 (Java/13.0.5)

15:21:40.624 [ForkJoinPool-2-worker-1] DEBUG com.intuit.karate - response time in milliseconds: 399.20
1 < 200
1 < Access-Control-Allow-Headers: SOAPAction,X-Requested-With,Content-Type,Origin,Authorization,Accept
1 < Access-Control-Allow-Methods: POST, GET, OPTIONS, HEAD
1 < Access-Control-Allow-Origin: *
1 < Access-Control-Max-Age: 1000
1 < Content-Disposition: inline; filename=getcapabilities_1.3.0.xml
1 < Content-Type: text/xml
1 < Date: Mon, 26 Oct 2020 15:21:40 GMT
1 < X-Cnection: [close, close]

15:21:40.625 [ForkJoinPool-2-worker-1] ERROR com.intuit.karate - assertion failed: path: $['Content-Length'][0], actual: null, expected: '#notnull', reason: actual json-path does not exist
15:21:40.626 [pool-4-thread-2] INFO  com.intuit.karate.Runner - <<fail>> feature 133 of 367: tmp/junit17863174098671850733/Beheer-PDOK/Hydrografie---Physical-Waters--INSPIRE-geharmoniseerd-/view/Hydrografie---Physical-Waters--INSPIRE-geharmoniseerd--WMS/checkViewUrl.feature
---------------------------------------------------------
feature: tmp/junit17863174098671850733/Beheer-PDOK/Hydrografie---Physical-Waters--INSPIRE-geharmoniseerd-/view/Hydrografie---Physical-Waters--INSPIRE-geharmoniseerd--WMS/checkViewUrl.feature
report: target/surefire-reports/tmp.junit17863174098671850733.Beheer-PDOK.Hydrografie---Physical-Waters--INSPIRE-geharmoniseerd-.view.Hydrografie---Physical-Waters--INSPIRE-geharmoniseerd--WMS.checkViewUrl.json
scenarios:  1 | passed:  0 | failed:  1 | time: 0.4050
---------------------------------------------------------
15:21:40.631 [ForkJoinPool-2-worker-1] INFO  com.intuit.karate - karate.env system property was:  
15:21:40.636 [ForkJoinPool-2-worker-1] INFO  com.intuit.karate - [print] {
  "class": "metadata.Service",
  "electronicMailAddress": "[beheer&pdok.nl, beheer@pdok.nl]",
  "metadataStandardVersion": "Nederlands metadata profiel op ISO 19119 voor services 2.0",
  "operatesOn": "[http://nationaalgeoregister.nl/geonetwork/srv/dut/csw?service=CSW&version=2.0.2&request=GetRecordById&outputschema=http://www.isotc211.org/2005/gmd&elementsetname=full&id=50eef6be-619d-4e16-9b92-48971109b636#MD_DataIdentification, http://nationaalgeoregister.nl/geonetwork/srv/dut/csw?service=CSW&version=2.0.2&request=GetRecordById&outputschema=http://www.isotc211.org/2005/gmd&elementsetname=full&id=8de2f5eb-b09f-4f6d-8397-8878a1b86238#MD_DataIdentification, https://www.nationaalgeoregister.nl:443/geonetwork/srv/dut/csw?service=CSW&request=GetRecordById&version=2.0.2&outputSchema=http://www.isotc211.org/2005/gmd&elementSetName=full&id=9b583730-e750-485a-9c0c-39bf9be72cf8#MD_DataIdentification, https://www.nationaalgeoregister.nl:443/geonetwork/srv/dut/csw?service=CSW&request=GetRecordById&version=2.0.2&outputSchema=http://www.isotc211.org/2005/gmd&elementSetName=full&id=a57cb859-c4fe-444c-adc6-be14cb2bbf36#MD_DataIdentification, https://www.nationaalgeoregister.nl:443/geonetwork/srv/dut/csw?service=CSW&request=GetRecordById&version=2.0.2&outputSchema=http://www.isotc211.org/2005/gmd&elementSetName=full&id=9b583730-e750-485a-9c0c-39bf9be72cf9#MD_DataIdentification, https://www.nationaalgeoregister.nl:443/geonetwork/srv/dut/csw?service=CSW&request=GetRecordById&version=2.0.2&outputSchema=http://www.isotc211.org/2005/gmd&elementSetName=full&id=a57cb859-c4fe-444c-adc6-be14cb2bbf38#MD_DataIdentification]",
  "organisation": "Beheer PDOK",
  "serviceIdentifierCode": "74620aa8-4fa2-414d-8350-50d93e500da8",
  "servicetype": "download",
  "title": "Geluidskaarten Rijkswegen WFS",
  "url": "https://geodata.nationaalgeoregister.nl/rwsgeluidskaarten/wfs?request=GetCapabilities"
}

15:21:40.641 [ForkJoinPool-2-worker-1] INFO  com.intuit.karate - [print] testing url:https://geodata.nationaalgeoregister.nl/rwsgeluidskaarten/wfs?request=GetCapabilities
15:21:40.642 [ForkJoinPool-2-worker-1] DEBUG com.intuit.karate - request:
1 > HEAD https://geodata.nationaalgeoregister.nl/rwsgeluidskaarten/wfs?request=GetCapabilities
1 > Accept-Encoding: gzip,deflate
1 > Connection: Keep-Alive
1 > Host: geodata.nationaalgeoregister.nl
1 > User-Agent: Apache-HttpClient/4.5.11 (Java/13.0.5)

15:21:40.661 [ForkJoinPool-2-worker-3] DEBUG com.intuit.karate - response time in milliseconds: 396.33
1 < 200
1 < Access-Control-Allow-Headers: SOAPAction,X-Requested-With,Content-Type,Origin,Authorization,Accept
1 < Access-Control-Allow-Methods: POST, GET, OPTIONS, HEAD
1 < Access-Control-Allow-Origin: *
1 < Access-Control-Max-Age: 1000
1 < Content-Length: 73
1 < Content-Type: text/html; charset=UTF-8
1 < Date: Mon, 26 Oct 2020 15:21:40 GMT
1 < Server: lighttpd/1.4.53
1 < X-Cnection: [close, close]

15:21:40.663 [pool-4-thread-1] INFO  com.intuit.karate.Runner - <<pass>> feature 134 of 367: tmp/junit17863174098671850733/Beheer-PDOK/Richtlijn-Overstromingsrisico---gebieden-met-Potentieel-Significant-Overstromingsrisico-EU2018-lijnen/view/Richtlijn-Overstromingsrisico-EU2018-WMS/checkViewUrl.feature
---------------------------------------------------------
feature: tmp/junit17863174098671850733/Beheer-PDOK/Richtlijn-Overstromingsrisico---gebieden-met-Potentieel-Significant-Overstromingsrisico-EU2018-lijnen/view/Richtlijn-Overstromingsrisico-EU2018-WMS/checkViewUrl.feature
report: target/surefire-reports/tmp.junit17863174098671850733.Beheer-PDOK.Richtlijn-Overstromingsrisico---gebieden-met-Potentieel-Significant-Overstromingsrisico-EU2018-lijnen.view.Richtlijn-Overstromingsrisico-EU2018-WMS.checkViewUrl.json
scenarios:  1 | passed:  1 | failed:  0 | time: 0.3987
---------------------------------------------------------
15:21:40.666 [ForkJoinPool-2-worker-3] INFO  com.intuit.karate - karate.env system property was:  
15:21:40.672 [ForkJoinPool-2-worker-3] INFO  com.intuit.karate - [print] {
  "class": "metadata.Service",
  "electronicMailAddress": "[beheerPDOK@kadaster.nl, beheerPDOK@kadaster.nl]",
  "metadataStandardVersion": "Nederlands metadata profiel op ISO 19119 voor services 2.0",
  "operatesOn": "[http://nationaalgeoregister.nl/geonetwork/srv/dut/csw?service=CSW&version=2.0.2&request=GetRecordById&outputschema=http://www.isotc211.org/2005/gmd&elementsetname=full&id=50eef6be-619d-4e16-9b92-48971109b636#MD_DataIdentification, http://nationaalgeoregister.nl/geonetwork/srv/dut/csw?service=CSW&version=2.0.2&request=GetRecordById&outputschema=http://www.isotc211.org/2005/gmd&elementsetname=full&id=8de2f5eb-b09f-4f6d-8397-8878a1b86238#MD_DataIdentification, https://www.nationaalgeoregister.nl:443/geonetwork/srv/dut/csw?service=CSW&request=GetRecordById&version=2.0.2&outputSchema=http://www.isotc211.org/2005/gmd&elementSetName=full&id=9b583730-e750-485a-9c0c-39bf9be72cf8#MD_DataIdentification, https://www.nationaalgeoregister.nl:443/geonetwork/srv/dut/csw?service=CSW&request=GetRecordById&version=2.0.2&outputSchema=http://www.isotc211.org/2005/gmd&elementSetName=full&id=a57cb859-c4fe-444c-adc6-be14cb2bbf36#MD_DataIdentification, https://www.nationaalgeoregister.nl:443/geonetwork/srv/dut/csw?service=CSW&request=GetRecordById&version=2.0.2&outputSchema=http://www.isotc211.org/2005/gmd&elementSetName=full&id=9b583730-e750-485a-9c0c-39bf9be72cf9#MD_DataIdentification, https://www.nationaalgeoregister.nl:443/geonetwork/srv/dut/csw?service=CSW&request=GetRecordById&version=2.0.2&outputSchema=http://www.isotc211.org/2005/gmd&elementSetName=full&id=a57cb859-c4fe-444c-adc6-be14cb2bbf38#MD_DataIdentification]",
  "organisation": "Beheer PDOK",
  "serviceIdentifierCode": "4b6752ae-65d6-44b5-98ef-1fc30f4fd92d",
  "servicetype": "view",
  "title": "Geluidskaarten Rijkswegen WMS",
  "url": "https://geodata.nationaalgeoregister.nl/rwsgeluidskaarten/wms?request=GetCapabilities"
}

15:21:40.672 [ForkJoinPool-2-worker-3] INFO  com.intuit.karate - [print] testing url:https://geodata.nationaalgeoregister.nl/rwsgeluidskaarten/wms?request=GetCapabilities
15:21:40.673 [ForkJoinPool-2-worker-3] DEBUG com.intuit.karate - request:
1 > HEAD https://geodata.nationaalgeoregister.nl/rwsgeluidskaarten/wms?request=GetCapabilities
1 > Accept-Encoding: gzip,deflate
1 > Connection: Keep-Alive
1 > Host: geodata.nationaalgeoregister.nl
1 > User-Agent: Apache-HttpClient/4.5.11 (Java/13.0.5)

15:21:40.786 [ForkJoinPool-2-worker-7] DEBUG com.intuit.karate - response time in milliseconds: 391.83
1 < 200
1 < Access-Control-Allow-Headers: SOAPAction,X-Requested-With,Content-Type,Origin,Authorization,Accept
1 < Access-Control-Allow-Methods: POST, GET, OPTIONS, HEAD
1 < Access-Control-Allow-Origin: *
1 < Access-Control-Max-Age: 1000
1 < Content-Length: 73
1 < Content-Type: text/html; charset=UTF-8
1 < Date: Mon, 26 Oct 2020 15:21:40 GMT
1 < Server: lighttpd/1.4.53
1 < X-Cnection: [close, close]

15:21:40.787 [ForkJoinPool-2-worker-7] ERROR com.intuit.karate - assertion failed: path: $['Content-Type'][0], actual: 'text/html; charset=UTF-8', expected: 'text/xml', reason: not equal
15:21:40.791 [pool-4-thread-3] INFO  com.intuit.karate.Runner - <<fail>> feature 135 of 367: tmp/junit17863174098671850733/Beheer-PDOK/Habitatrichtlijn-verspreidingsgebied-van-habitattypen/download/Habitatrichtlijn-verspreidingsgebied-van-habitattypen-WFS/checkdownloadurl.feature
---------------------------------------------------------
feature: tmp/junit17863174098671850733/Beheer-PDOK/Habitatrichtlijn-verspreidingsgebied-van-habitattypen/download/Habitatrichtlijn-verspreidingsgebied-van-habitattypen-WFS/checkdownloadurl.feature
report: target/surefire-reports/tmp.junit17863174098671850733.Beheer-PDOK.Habitatrichtlijn-verspreidingsgebied-van-habitattypen.download.Habitatrichtlijn-verspreidingsgebied-van-habitattypen-WFS.checkdownloadurl.json
scenarios:  1 | passed:  0 | failed:  1 | time: 0.3954
---------------------------------------------------------
15:21:40.795 [ForkJoinPool-2-worker-7] INFO  com.intuit.karate - karate.env system property was:  
15:21:40.797 [ForkJoinPool-2-worker-7] INFO  com.intuit.karate - [print] {
  "class": "metadata.Service",
  "electronicMailAddress": "[beheerPDOK@kadaster.nl, beheerPDOK@kadaster.nl]",
  "metadataStandardVersion": "Nederlands metadata profiel op ISO 19119 voor services 2.0",
  "operatesOn": "https://www.nationaalgeoregister.nl:443/geonetwork/srv/dut/csw?service=CSW&request=GetRecordById&version=2.0.2&outputSchema=http://www.isotc211.org/2005/gmd&elementSetName=full&id=58d39928-f502-48c9-a8c1-03244dc181bf#MD_DataIdentification",
  "organisation": "Beheer PDOK",
  "serviceIdentifierCode": "7827b68f-647e-46cc-a02a-cac48eaa5dda",
  "servicetype": "download",
  "title": "Geluidskaarten Schiphol 2016 lnight WFS",
  "url": "https://geodata.nationaalgeoregister.nl/ienw/geluidskaartschipholnacht/v2/wfs?request=GetCapabilities"
}

15:21:40.799 [ForkJoinPool-2-worker-7] INFO  com.intuit.karate - [print] testing url:https://geodata.nationaalgeoregister.nl/ienw/geluidskaartschipholnacht/v2/wfs?request=GetCapabilities
15:21:40.799 [ForkJoinPool-2-worker-7] DEBUG com.intuit.karate - request:
1 > HEAD https://geodata.nationaalgeoregister.nl/ienw/geluidskaartschipholnacht/v2/wfs?request=GetCapabilities
1 > Accept-Encoding: gzip,deflate
1 > Connection: Keep-Alive
1 > Host: geodata.nationaalgeoregister.nl
1 > User-Agent: Apache-HttpClient/4.5.11 (Java/13.0.5)

15:21:40.809 [ForkJoinPool-2-worker-5] DEBUG com.intuit.karate - response time in milliseconds: 391.90
1 < 200
1 < Access-Control-Allow-Headers: SOAPAction,X-Requested-With,Content-Type,Origin,Authorization,Accept
1 < Access-Control-Allow-Methods: POST, GET, OPTIONS, HEAD
1 < Access-Control-Allow-Origin: *
1 < Access-Control-Max-Age: 1000
1 < Content-Length: 73
1 < Content-Type: text/html; charset=UTF-8
1 < Date: Mon, 26 Oct 2020 15:21:40 GMT
1 < Server: lighttpd/1.4.53
1 < X-Cnection: [close, close]

15:21:40.811 [pool-4-thread-4] INFO  com.intuit.karate.Runner - <<pass>> feature 136 of 367: tmp/junit17863174098671850733/Beheer-PDOK/Habitatrichtlijn-verspreidingsgebied-van-habitattypen/view/Habitatrichtlijn-verspreidingsgebied-van-habitattypen-WMS/checkViewUrl.feature
---------------------------------------------------------
feature: tmp/junit17863174098671850733/Beheer-PDOK/Habitatrichtlijn-verspreidingsgebied-van-habitattypen/view/Habitatrichtlijn-verspreidingsgebied-van-habitattypen-WMS/checkViewUrl.feature
report: target/surefire-reports/tmp.junit17863174098671850733.Beheer-PDOK.Habitatrichtlijn-verspreidingsgebied-van-habitattypen.view.Habitatrichtlijn-verspreidingsgebied-van-habitattypen-WMS.checkViewUrl.json
scenarios:  1 | passed:  1 | failed:  0 | time: 0.3966
---------------------------------------------------------
15:21:40.814 [ForkJoinPool-2-worker-5] INFO  com.intuit.karate - karate.env system property was:  
15:21:40.815 [ForkJoinPool-2-worker-5] INFO  com.intuit.karate - [print] {
  "class": "metadata.Service",
  "electronicMailAddress": "[beheerPDOK@kadaster.nl, beheerPDOK@kadaster.nl]",
  "metadataStandardVersion": "Nederlands metadata profiel op ISO 19119 voor services 2.0",
  "operatesOn": "https://www.nationaalgeoregister.nl:443/geonetwork/srv/dut/csw?service=CSW&request=GetRecordById&version=2.0.2&outputSchema=http://www.isotc211.org/2005/gmd&elementSetName=full&id=58d39928-f502-48c9-a8c1-03244dc181bf#MD_DataIdentification",
  "organisation": "Beheer PDOK",
  "serviceIdentifierCode": "c474b492-da63-4a33-9bdd-b3709ce2cd6c",
  "servicetype": "view",
  "title": "Geluidskaarten Schiphol 2016 lnight WMS",
  "url": "https://geodata.nationaalgeoregister.nl/ienw/geluidskaartschipholnacht/v2/wms?request=GetCapabilities"
}

15:21:40.815 [ForkJoinPool-2-worker-5] INFO  com.intuit.karate - [print] testing url:https://geodata.nationaalgeoregister.nl/ienw/geluidskaartschipholnacht/v2/wms?request=GetCapabilities
15:21:40.815 [ForkJoinPool-2-worker-5] DEBUG com.intuit.karate - request:
1 > HEAD https://geodata.nationaalgeoregister.nl/ienw/geluidskaartschipholnacht/v2/wms?request=GetCapabilities
1 > Accept-Encoding: gzip,deflate
1 > Connection: Keep-Alive
1 > Host: geodata.nationaalgeoregister.nl
1 > User-Agent: Apache-HttpClient/4.5.11 (Java/13.0.5)

15:21:41.055 [ForkJoinPool-2-worker-1] DEBUG com.intuit.karate - response time in milliseconds: 411.03
1 < 200
1 < Access-Control-Allow-Headers: SOAPAction,X-Requested-With,Content-Type,Origin,Authorization,Accept
1 < Access-Control-Allow-Methods: POST, GET, OPTIONS, HEAD
1 < Access-Control-Allow-Origin: *
1 < Access-Control-Max-Age: 1000
1 < Content-Length: 73
1 < Content-Type: text/html; charset=UTF-8
1 < Date: Mon, 26 Oct 2020 15:21:41 GMT
1 < X-Cnection: [close, close]

15:21:41.056 [ForkJoinPool-2-worker-1] ERROR com.intuit.karate - assertion failed: path: $['Content-Type'][0], actual: 'text/html; charset=UTF-8', expected: 'text/xml', reason: not equal
15:21:41.058 [pool-4-thread-2] INFO  com.intuit.karate.Runner - <<fail>> feature 137 of 367: tmp/junit17863174098671850733/Beheer-PDOK/Geluidbelasting-rijkswegen-in-Nederland-2011--24-uurs-gemiddelde-/download/Geluidskaarten-Rijkswegen-WFS/checkdownloadurl.feature
---------------------------------------------------------
feature: tmp/junit17863174098671850733/Beheer-PDOK/Geluidbelasting-rijkswegen-in-Nederland-2011--24-uurs-gemiddelde-/download/Geluidskaarten-Rijkswegen-WFS/checkdownloadurl.feature
report: target/surefire-reports/tmp.junit17863174098671850733.Beheer-PDOK.Geluidbelasting-rijkswegen-in-Nederland-2011--24-uurs-gemiddelde-.download.Geluidskaarten-Rijkswegen-WFS.checkdownloadurl.json
scenarios:  1 | passed:  0 | failed:  1 | time: 0.4207
---------------------------------------------------------
15:21:41.063 [ForkJoinPool-2-worker-1] INFO  com.intuit.karate - karate.env system property was:  
15:21:41.064 [ForkJoinPool-2-worker-1] INFO  com.intuit.karate - [print] {
  "class": "metadata.Service",
  "electronicMailAddress": "[beheerPDOK@kadaster.nl, beheerPDOK@kadaster.nl]",
  "metadataStandardVersion": "Nederlands metadata profiel op ISO 19119 voor services 2.0",
  "operatesOn": "http://nationaalgeoregister.nl/geonetwork/srv/dut/csw?service=CSW&version=2.0.2&request=GetRecordById&outputschema=http://www.isotc211.org/2005/gmd&elementsetname=full&id=ffefc3dc-dc8f-4589-ae22-a60bebcdf5cb#MD_DataIdentification",
  "organisation": "Beheer PDOK",
  "serviceIdentifierCode": "feabca04-e3fd-4802-96f2-583d328e30ad",
  "servicetype": "download",
  "title": "CBS Wijken en Buurten 2018 versie 1 WFS",
  "url": "https://geodata.nationaalgeoregister.nl/wijkenbuurten2018/wfs?request=GetCapabilities"
}

15:21:41.064 [ForkJoinPool-2-worker-1] INFO  com.intuit.karate - [print] testing url:https://geodata.nationaalgeoregister.nl/wijkenbuurten2018/wfs?request=GetCapabilities
15:21:41.065 [ForkJoinPool-2-worker-1] DEBUG com.intuit.karate - request:
1 > HEAD https://geodata.nationaalgeoregister.nl/wijkenbuurten2018/wfs?request=GetCapabilities
1 > Accept-Encoding: gzip,deflate
1 > Connection: Keep-Alive
1 > Host: geodata.nationaalgeoregister.nl
1 > User-Agent: Apache-HttpClient/4.5.11 (Java/13.0.5)

15:21:41.073 [ForkJoinPool-2-worker-3] DEBUG com.intuit.karate - response time in milliseconds: 400.25
1 < 200
1 < Accept-Ranges: bytes
1 < Access-Control-Allow-Headers: SOAPAction,X-Requested-With,Content-Type,Origin,Authorization,Accept
1 < Access-Control-Allow-Methods: POST, GET, OPTIONS, HEAD
1 < Access-Control-Allow-Origin: *
1 < Access-Control-Max-Age: 1000
1 < Content-Type: application/xml
1 < Date: Mon, 26 Oct 2020 15:21:41 GMT
1 < ETag: "6b28-5af58a658d5db-gzip"
1 < Last-Modified: Tue, 15 Sep 2020 11:42:46 GMT
1 < Vary: Accept-Encoding
1 < X-Cnection: [close, close]

15:21:41.074 [ForkJoinPool-2-worker-3] ERROR com.intuit.karate - assertion failed: path: $['Content-Length'][0], actual: null, expected: '#notnull', reason: actual json-path does not exist
15:21:41.075 [pool-4-thread-1] INFO  com.intuit.karate.Runner - <<fail>> feature 138 of 367: tmp/junit17863174098671850733/Beheer-PDOK/Geluidbelasting-rijkswegen-in-Nederland-2011--24-uurs-gemiddelde-/view/Geluidskaarten-Rijkswegen-WMS/checkViewUrl.feature
---------------------------------------------------------
feature: tmp/junit17863174098671850733/Beheer-PDOK/Geluidbelasting-rijkswegen-in-Nederland-2011--24-uurs-gemiddelde-/view/Geluidskaarten-Rijkswegen-WMS/checkViewUrl.feature
report: target/surefire-reports/tmp.junit17863174098671850733.Beheer-PDOK.Geluidbelasting-rijkswegen-in-Nederland-2011--24-uurs-gemiddelde-.view.Geluidskaarten-Rijkswegen-WMS.checkViewUrl.json
scenarios:  1 | passed:  0 | failed:  1 | time: 0.4026
---------------------------------------------------------
15:21:41.078 [ForkJoinPool-2-worker-3] INFO  com.intuit.karate - karate.env system property was:  
15:21:41.079 [ForkJoinPool-2-worker-3] INFO  com.intuit.karate - [print] {
  "class": "metadata.Service",
  "electronicMailAddress": "[beheerPDOK@kadaster.nl, beheerPDOK@kadaster.nl]",
  "metadataStandardVersion": "Nederlands metadata profiel op ISO 19119 voor services 2.0",
  "operatesOn": "http://nationaalgeoregister.nl/geonetwork/srv/en/csw?service=CSW&version=2.0.2&request=GetRecordById&outputschema=http://www.isotc211.org/2005/gmd&elementsetname=full&id=ffefc3dc-dc8f-4589-ae22-a60bebcdf5cb#MD_DataIdentification",
  "organisation": "Beheer PDOK",
  "serviceIdentifierCode": "a035801a-3256-4a36-9f81-02421aacee17",
  "servicetype": "view",
  "title": "CBS Wijken en Buurten 2018 versie 1 WMS",
  "url": "https://geodata.nationaalgeoregister.nl/wijkenbuurten2018/wms?request=GetCapabilities"
}

15:21:41.079 [ForkJoinPool-2-worker-3] INFO  com.intuit.karate - [print] testing url:https://geodata.nationaalgeoregister.nl/wijkenbuurten2018/wms?request=GetCapabilities
15:21:41.081 [ForkJoinPool-2-worker-3] DEBUG com.intuit.karate - request:
1 > HEAD https://geodata.nationaalgeoregister.nl/wijkenbuurten2018/wms?request=GetCapabilities
1 > Accept-Encoding: gzip,deflate
1 > Connection: Keep-Alive
1 > Host: geodata.nationaalgeoregister.nl
1 > User-Agent: Apache-HttpClient/4.5.11 (Java/13.0.5)

15:21:41.189 [ForkJoinPool-2-worker-7] DEBUG com.intuit.karate - response time in milliseconds: 389.31
1 < 200
1 < Access-Control-Allow-Headers: SOAPAction,X-Requested-With,Content-Type,Origin,Authorization,Accept
1 < Access-Control-Allow-Methods: POST, GET, OPTIONS, HEAD
1 < Access-Control-Allow-Origin: *
1 < Access-Control-Max-Age: 1000
1 < Content-Length: 73
1 < Content-Type: text/html; charset=UTF-8
1 < Date: Mon, 26 Oct 2020 15:21:41 GMT
1 < Server: lighttpd/1.4.53
1 < X-Cnection: [close, close]

15:21:41.190 [ForkJoinPool-2-worker-7] ERROR com.intuit.karate - assertion failed: path: $['Content-Type'][0], actual: 'text/html; charset=UTF-8', expected: 'text/xml', reason: not equal
15:21:41.191 [pool-4-thread-3] INFO  com.intuit.karate.Runner - <<fail>> feature 139 of 367: tmp/junit17863174098671850733/Beheer-PDOK/Geluidkaart-Schiphol-2016--Lnight-/download/Geluidskaarten-Schiphol-2016-lnight-WFS/checkdownloadurl.feature
---------------------------------------------------------
feature: tmp/junit17863174098671850733/Beheer-PDOK/Geluidkaart-Schiphol-2016--Lnight-/download/Geluidskaarten-Schiphol-2016-lnight-WFS/checkdownloadurl.feature
report: target/surefire-reports/tmp.junit17863174098671850733.Beheer-PDOK.Geluidkaart-Schiphol-2016--Lnight-.download.Geluidskaarten-Schiphol-2016-lnight-WFS.checkdownloadurl.json
scenarios:  1 | passed:  0 | failed:  1 | time: 0.3944
---------------------------------------------------------
15:21:41.197 [ForkJoinPool-2-worker-7] INFO  com.intuit.karate - karate.env system property was:  
15:21:41.198 [ForkJoinPool-2-worker-7] INFO  com.intuit.karate - [print] {
  "class": "metadata.Service",
  "electronicMailAddress": "[beheerPDOK@kadaster.nl, beheerPDOK@kadaster.nl]",
  "metadataStandardVersion": "Nederlands metadata profiel op ISO 19119 voor services 2.0",
  "operatesOn": "http://nationaalgeoregister.nl/geonetwork/srv/dut/csw?service=CSW&version=2.0.2&request=GetRecordById&outputschema=http://www.isotc211.org/2005/gmd&elementsetname=full&id=6c06740d-058f-4a12-bb3f-bf68efd03d09#MD_DataIdentification",
  "organisation": "Beheer PDOK",
  "serviceIdentifierCode": "5bb85b77-fffd-449b-bd61-f076fe07cc4b",
  "servicetype": "download",
  "title": "Vervoersnetwerken - Kabelbanen (INSPIRE geharmoniseerd) WFS",
  "url": "https://geodata.nationaalgeoregister.nl/inspire/tn-c/wfs?request=GetCapabilities"
}

15:21:41.198 [ForkJoinPool-2-worker-7] INFO  com.intuit.karate - [print] testing url:https://geodata.nationaalgeoregister.nl/inspire/tn-c/wfs?request=GetCapabilities
15:21:41.201 [ForkJoinPool-2-worker-7] DEBUG com.intuit.karate - request:
1 > HEAD https://geodata.nationaalgeoregister.nl/inspire/tn-c/wfs?request=GetCapabilities
1 > Accept-Encoding: gzip,deflate
1 > Connection: Keep-Alive
1 > Host: geodata.nationaalgeoregister.nl
1 > User-Agent: Apache-HttpClient/4.5.11 (Java/13.0.5)

15:21:41.423 [ForkJoinPool-2-worker-5] DEBUG com.intuit.karate - response time in milliseconds: 607.66
1 < 200
1 < Access-Control-Allow-Headers: SOAPAction,X-Requested-With,Content-Type,Origin,Authorization,Accept
1 < Access-Control-Allow-Methods: POST, GET, OPTIONS, HEAD
1 < Access-Control-Allow-Origin: *
1 < Access-Control-Max-Age: 1000
1 < Content-Length: 73
1 < Content-Type: text/html; charset=UTF-8
1 < Date: Mon, 26 Oct 2020 15:21:41 GMT
1 < Server: lighttpd/1.4.53
1 < X-Cnection: [close, close]

15:21:41.426 [pool-4-thread-4] INFO  com.intuit.karate.Runner - <<pass>> feature 140 of 367: tmp/junit17863174098671850733/Beheer-PDOK/Geluidkaart-Schiphol-2016--Lnight-/view/Geluidskaarten-Schiphol-2016-lnight-WMS/checkViewUrl.feature
---------------------------------------------------------
feature: tmp/junit17863174098671850733/Beheer-PDOK/Geluidkaart-Schiphol-2016--Lnight-/view/Geluidskaarten-Schiphol-2016-lnight-WMS/checkViewUrl.feature
report: target/surefire-reports/tmp.junit17863174098671850733.Beheer-PDOK.Geluidkaart-Schiphol-2016--Lnight-.view.Geluidskaarten-Schiphol-2016-lnight-WMS.checkViewUrl.json
scenarios:  1 | passed:  1 | failed:  0 | time: 0.6103
---------------------------------------------------------
15:21:41.431 [ForkJoinPool-2-worker-5] INFO  com.intuit.karate - karate.env system property was:  
15:21:41.433 [ForkJoinPool-2-worker-5] INFO  com.intuit.karate - [print] {
  "class": "metadata.Service",
  "electronicMailAddress": "[beheerPDOK@kadaster.nl, beheerPDOK@kadaster.nl]",
  "metadataStandardVersion": "Nederlands metadata profiel op ISO 19119 voor services 2.0",
  "operatesOn": "http://nationaalgeoregister.nl/geonetwork/srv/dut/csw?service=CSW&version=2.0.2&request=GetRecordById&outputschema=http://www.isotc211.org/2005/gmd&elementsetname=full&id=6c06740d-058f-4a12-bb3f-bf68efd03d09#MD_DataIdentification",
  "organisation": "Beheer PDOK",
  "serviceIdentifierCode": "09588464-071b-47be-8cbe-d15f2e1f9634",
  "servicetype": "view",
  "title": "Vervoersnetwerken - Kabelbanen (INSPIRE geharmoniseerd) WMS",
  "url": "https://geodata.nationaalgeoregister.nl/inspire/tn-c/wms?request=GetCapabilities"
}

15:21:41.433 [ForkJoinPool-2-worker-5] INFO  com.intuit.karate - [print] testing url:https://geodata.nationaalgeoregister.nl/inspire/tn-c/wms?request=GetCapabilities
15:21:41.434 [ForkJoinPool-2-worker-5] DEBUG com.intuit.karate - request:
1 > HEAD https://geodata.nationaalgeoregister.nl/inspire/tn-c/wms?request=GetCapabilities
1 > Accept-Encoding: gzip,deflate
1 > Connection: Keep-Alive
1 > Host: geodata.nationaalgeoregister.nl
1 > User-Agent: Apache-HttpClient/4.5.11 (Java/13.0.5)

15:21:41.595 [ForkJoinPool-2-worker-7] DEBUG com.intuit.karate - response time in milliseconds: 394.11
1 < 200
1 < Accept-Ranges: bytes
1 < Access-Control-Allow-Headers: SOAPAction,X-Requested-With,Content-Type,Origin,Authorization,Accept
1 < Access-Control-Allow-Methods: POST, GET, OPTIONS, HEAD
1 < Access-Control-Allow-Origin: *
1 < Access-Control-Max-Age: 1000
1 < Content-Type: application/xml
1 < Date: Mon, 26 Oct 2020 15:21:41 GMT
1 < ETag: "18202-5af58ad52cc2e-gzip"
1 < Last-Modified: Tue, 15 Sep 2020 11:44:43 GMT
1 < Vary: Accept-Encoding
1 < X-Cnection: [close, close]

15:21:41.595 [ForkJoinPool-2-worker-7] ERROR com.intuit.karate - assertion failed: path: $['Content-Length'][0], actual: null, expected: '#notnull', reason: actual json-path does not exist
15:21:41.597 [pool-4-thread-3] INFO  com.intuit.karate.Runner - <<fail>> feature 143 of 367: tmp/junit17863174098671850733/Beheer-PDOK/Vervoersnetwerken---Kabelbanen--INSPIRE-geharmoniseerd-/download/Vervoersnetwerken---Kabelbanen--INSPIRE-geharmoniseerd--WFS/checkdownloadurl.feature
---------------------------------------------------------
feature: tmp/junit17863174098671850733/Beheer-PDOK/Vervoersnetwerken---Kabelbanen--INSPIRE-geharmoniseerd-/download/Vervoersnetwerken---Kabelbanen--INSPIRE-geharmoniseerd--WFS/checkdownloadurl.feature
report: target/surefire-reports/tmp.junit17863174098671850733.Beheer-PDOK.Vervoersnetwerken---Kabelbanen--INSPIRE-geharmoniseerd-.download.Vervoersnetwerken---Kabelbanen--INSPIRE-geharmoniseerd--WFS.checkdownloadurl.json
scenarios:  1 | passed:  0 | failed:  1 | time: 0.3984
---------------------------------------------------------
15:21:41.600 [ForkJoinPool-2-worker-7] INFO  com.intuit.karate - karate.env system property was:  
15:21:41.602 [ForkJoinPool-2-worker-7] INFO  com.intuit.karate - [print] {
  "class": "metadata.Service",
  "electronicMailAddress": "[beheerPDOK@kadaster.nl, beheerPDOK@kadaster.nl]",
  "metadataStandardVersion": "Nederlands metadata profiel op ISO 19119 voor services 2.0",
  "operatesOn": "[https://www.nationaalgeoregister.nl:443/geonetwork/srv/dut/csw?service=CSW&request=GetRecordById&version=2.0.2&outputSchema=http://www.isotc211.org/2005/gmd&elementSetName=full&id=c3c004ad-5387-4b00-a225-9afbcaa5d31b#MD_DataIdentification, https://www.nationaalgeoregister.nl:443/geonetwork/srv/dut/csw?service=CSW&request=GetRecordById&version=2.0.2&outputSchema=http://www.isotc211.org/2005/gmd&elementSetName=full&id=c3c004ad-5387-4b00-a225-9afbcaa5d31b#MD_DataIdentification, https://www.nationaalgeoregister.nl:443/geonetwork/srv/dut/csw?service=CSW&request=GetRecordById&version=2.0.2&outputSchema=http://www.isotc211.org/2005/gmd&elementSetName=full&id=c3c004ad-5387-4b00-a225-9afbcaa5d31b#MD_DataIdentification]",
  "organisation": "Beheer PDOK",
  "serviceIdentifierCode": "e264c1e4-90fe-4968-bbf2-7019f6095348",
  "servicetype": "download",
  "title": "Geluidblootstelling van het hoofdspoorwegennet Lden WFS",
  "url": "https://geodata.nationaalgeoregister.nl/ienw/geluidskaartspoorwegenetmaal/v1/wfs?request=GetCapabilities&service=WFS"
}

15:21:41.607 [ForkJoinPool-2-worker-7] INFO  com.intuit.karate - [print] testing url:https://geodata.nationaalgeoregister.nl/ienw/geluidskaartspoorwegenetmaal/v1/wfs?request=GetCapabilities&service=WFS
15:21:41.610 [ForkJoinPool-2-worker-7] DEBUG com.intuit.karate - request:
1 > HEAD https://geodata.nationaalgeoregister.nl/ienw/geluidskaartspoorwegenetmaal/v1/wfs?request=GetCapabilities&service=WFS
1 > Accept-Encoding: gzip,deflate
1 > Connection: Keep-Alive
1 > Host: geodata.nationaalgeoregister.nl
1 > User-Agent: Apache-HttpClient/4.5.11 (Java/13.0.5)

15:21:41.862 [ForkJoinPool-2-worker-5] DEBUG com.intuit.karate - response time in milliseconds: 427.19
1 < 200
1 < Access-Control-Allow-Headers: SOAPAction,X-Requested-With,Content-Type,Origin,Authorization,Accept
1 < Access-Control-Allow-Methods: POST, GET, OPTIONS, HEAD
1 < Access-Control-Allow-Origin: *
1 < Access-Control-Max-Age: 1000
1 < Content-Disposition: inline; filename=getcapabilities_1.3.0.xml
1 < Content-Type: text/xml
1 < Date: Mon, 26 Oct 2020 15:21:41 GMT
1 < X-Cnection: [close, close]

15:21:41.872 [ForkJoinPool-2-worker-5] ERROR com.intuit.karate - assertion failed: path: $['Content-Length'][0], actual: null, expected: '#notnull', reason: actual json-path does not exist
15:21:41.874 [pool-4-thread-4] INFO  com.intuit.karate.Runner - <<fail>> feature 144 of 367: tmp/junit17863174098671850733/Beheer-PDOK/Vervoersnetwerken---Kabelbanen--INSPIRE-geharmoniseerd-/view/Vervoersnetwerken---Kabelbanen--INSPIRE-geharmoniseerd--WMS/checkViewUrl.feature
---------------------------------------------------------
feature: tmp/junit17863174098671850733/Beheer-PDOK/Vervoersnetwerken---Kabelbanen--INSPIRE-geharmoniseerd-/view/Vervoersnetwerken---Kabelbanen--INSPIRE-geharmoniseerd--WMS/checkViewUrl.feature
report: target/surefire-reports/tmp.junit17863174098671850733.Beheer-PDOK.Vervoersnetwerken---Kabelbanen--INSPIRE-geharmoniseerd-.view.Vervoersnetwerken---Kabelbanen--INSPIRE-geharmoniseerd--WMS.checkViewUrl.json
scenarios:  1 | passed:  0 | failed:  1 | time: 0.4298
---------------------------------------------------------
15:21:41.879 [ForkJoinPool-2-worker-5] INFO  com.intuit.karate - karate.env system property was:  
15:21:41.881 [ForkJoinPool-2-worker-5] INFO  com.intuit.karate - [print] {
  "class": "metadata.Service",
  "electronicMailAddress": "[beheerPDOK@kadaster.nl, beheerPDOK@kadaster.nl]",
  "metadataStandardVersion": "Nederlands metadata profiel op ISO 19119 voor services 2.0",
  "operatesOn": "https://www.nationaalgeoregister.nl:443/geonetwork/srv/dut/csw?service=CSW&request=GetRecordById&version=2.0.2&outputSchema=http://www.isotc211.org/2005/gmd&elementSetName=full&id=c3c004ad-5387-4b00-a225-9afbcaa5d31b#MD_DataIdentification",
  "organisation": "Beheer PDOK",
  "serviceIdentifierCode": "62dc32f1-853c-416a-876b-6e083554f1b6",
  "servicetype": "view",
  "title": "Geluidblootstelling van het hoofdspoorwegennet Lden WMS",
  "url": "https://geodata.nationaalgeoregister.nl/ienw/geluidskaartspoorwegenetmaal/v1/wms?request=GetCapabilities&service=wms"
}

15:21:41.883 [ForkJoinPool-2-worker-5] INFO  com.intuit.karate - [print] testing url:https://geodata.nationaalgeoregister.nl/ienw/geluidskaartspoorwegenetmaal/v1/wms?request=GetCapabilities&service=wms
15:21:41.884 [ForkJoinPool-2-worker-5] DEBUG com.intuit.karate - request:
1 > HEAD https://geodata.nationaalgeoregister.nl/ienw/geluidskaartspoorwegenetmaal/v1/wms?request=GetCapabilities&service=wms
1 > Accept-Encoding: gzip,deflate
1 > Connection: Keep-Alive
1 > Host: geodata.nationaalgeoregister.nl
1 > User-Agent: Apache-HttpClient/4.5.11 (Java/13.0.5)

15:21:41.890 [ForkJoinPool-2-worker-1] DEBUG com.intuit.karate - response time in milliseconds: 825.27
1 < 200
1 < Access-Control-Allow-Headers: SOAPAction,X-Requested-With,Content-Type,Origin,Authorization,Accept
1 < Access-Control-Allow-Methods: POST, GET, OPTIONS, HEAD
1 < Access-Control-Allow-Origin: *
1 < Access-Control-Max-Age: 1000
1 < Content-Disposition: inline; filename=geoserver-GetCapabilities.application
1 < Content-Type: application/xml
1 < Date: Mon, 26 Oct 2020 15:21:41 GMT
1 < X-Cnection: [close, close]

15:21:41.891 [ForkJoinPool-2-worker-1] ERROR com.intuit.karate - assertion failed: path: $['Content-Length'][0], actual: null, expected: '#notnull', reason: actual json-path does not exist
15:21:41.892 [pool-4-thread-2] INFO  com.intuit.karate.Runner - <<fail>> feature 141 of 367: tmp/junit17863174098671850733/Beheer-PDOK/Wijk--en-Buurtkaart-2018-versie-3/download/CBS-Wijken-en-Buurten-2018-versie-1-WFS/checkdownloadurl.feature
---------------------------------------------------------
feature: tmp/junit17863174098671850733/Beheer-PDOK/Wijk--en-Buurtkaart-2018-versie-3/download/CBS-Wijken-en-Buurten-2018-versie-1-WFS/checkdownloadurl.feature
report: target/surefire-reports/tmp.junit17863174098671850733.Beheer-PDOK.Wijk--en-Buurtkaart-2018-versie-3.download.CBS-Wijken-en-Buurten-2018-versie-1-WFS.checkdownloadurl.json
scenarios:  1 | passed:  0 | failed:  1 | time: 0.8274
---------------------------------------------------------
15:21:41.899 [ForkJoinPool-2-worker-1] INFO  com.intuit.karate - karate.env system property was:  
15:21:41.901 [ForkJoinPool-2-worker-1] INFO  com.intuit.karate - [print] {
  "class": "metadata.Service",
  "electronicMailAddress": "[beheerPDOK@kadaster.nl, beheerPDOK@kadaster.nl]",
  "metadataStandardVersion": "Nederlands metadata profiel op ISO 19119 voor services 2.0",
  "operatesOn": "[https://www.nationaalgeoregister.nl:443/geonetwork/srv/dut/csw?service=CSW&request=GetRecordById&version=2.0.2&outputSchema=http://www.isotc211.org/2005/gmd&elementSetName=full&id=krw2006-c57b-44a2-83a4-e51223d5f15g#MD_DataIdentification, https://www.nationaalgeoregister.nl:443/geonetwork/srv/dut/csw?service=CSW&request=GetRecordById&version=2.0.2&outputSchema=http://www.isotc211.org/2005/gmd&elementSetName=full&id=krw2006-68b5-4ff3-94a4-9c24109ffd5e#MD_DataIdentification]",
  "organisation": "Beheer PDOK",
  "serviceIdentifierCode": "e91719b1-a139-42cf-8a1a-db78cd7477f8",
  "servicetype": "download",
  "title": "Kaderrichtlijn Water EU2009 ATOM",
  "url": "https://geodata.nationaalgeoregister.nl/rws/kaderrichtlijnwater2009/atom/v1_0/index.xml"
}

15:21:41.903 [ForkJoinPool-2-worker-1] INFO  com.intuit.karate - [print] testing url:https://geodata.nationaalgeoregister.nl/rws/kaderrichtlijnwater2009/atom/v1_0/index.xml
15:21:41.904 [ForkJoinPool-2-worker-1] DEBUG com.intuit.karate - request:
1 > HEAD https://geodata.nationaalgeoregister.nl/rws/kaderrichtlijnwater2009/atom/v1_0/index.xml
1 > Accept-Encoding: gzip,deflate
1 > Connection: Keep-Alive
1 > Host: geodata.nationaalgeoregister.nl
1 > User-Agent: Apache-HttpClient/4.5.11 (Java/13.0.5)

15:21:41.964 [ForkJoinPool-2-worker-3] DEBUG com.intuit.karate - response time in milliseconds: 881.98
1 < 200
1 < Access-Control-Allow-Headers: SOAPAction,X-Requested-With,Content-Type,Origin,Authorization,Accept
1 < Access-Control-Allow-Methods: POST, GET, OPTIONS, HEAD
1 < Access-Control-Allow-Origin: *
1 < Access-Control-Max-Age: 1000
1 < Content-Disposition: inline; filename=getcapabilities_1.3.0.xml
1 < Content-Type: text/xml
1 < Date: Mon, 26 Oct 2020 15:21:41 GMT
1 < X-Cnection: [close, close]

15:21:41.964 [ForkJoinPool-2-worker-3] ERROR com.intuit.karate - assertion failed: path: $['Content-Length'][0], actual: null, expected: '#notnull', reason: actual json-path does not exist
15:21:41.966 [pool-4-thread-1] INFO  com.intuit.karate.Runner - <<fail>> feature 142 of 367: tmp/junit17863174098671850733/Beheer-PDOK/Wijk--en-Buurtkaart-2018-versie-3/view/CBS-Wijken-en-Buurten-2018-versie-1-WMS/checkViewUrl.feature
---------------------------------------------------------
feature: tmp/junit17863174098671850733/Beheer-PDOK/Wijk--en-Buurtkaart-2018-versie-3/view/CBS-Wijken-en-Buurten-2018-versie-1-WMS/checkViewUrl.feature
report: target/surefire-reports/tmp.junit17863174098671850733.Beheer-PDOK.Wijk--en-Buurtkaart-2018-versie-3.view.CBS-Wijken-en-Buurten-2018-versie-1-WMS.checkViewUrl.json
scenarios:  1 | passed:  0 | failed:  1 | time: 0.8858
---------------------------------------------------------
15:21:41.974 [ForkJoinPool-2-worker-3] INFO  com.intuit.karate - karate.env system property was:  
15:21:41.977 [ForkJoinPool-2-worker-3] INFO  com.intuit.karate - [print] {
  "class": "metadata.Service",
  "electronicMailAddress": "[beheerpdok@kadaster.nl, beheerpdok@kadaster.nl]",
  "metadataStandardVersion": "Nederlands metadata profiel op ISO 19119 voor services 2.0",
  "operatesOn": "[http://nationaalgeoregister.nl/geonetwork/srv/en/csw?service=CSW&version=2.0.2&request=GetRecordById&outputschema=http://www.isotc211.org/2005/gmd&elementsetname=full&id=krw2006-c57b-44a2-83a4-e51223d5f15g#MD_DataIdentification, http://nationaalgeoregister.nl/geonetwork/srv/en/csw?service=CSW&version=2.0.2&request=GetRecordById&outputschema=http://www.isotc211.org/2005/gmd&elementsetname=full&id=krw2006-68b5-4ff3-94a4-9c24109ffd5e#MD_DataIdentification]",
  "organisation": "Beheer PDOK",
  "serviceIdentifierCode": "7e450110-f643-4b73-9262-4f13966cffc6",
  "servicetype": "view",
  "title": "Kaderrichtlijn Water EU2009 WMS",
  "url": "https://geodata.nationaalgeoregister.nl/rws/kaderrichtlijnwater2009/wms/v1_0?service=WMS&request=GetCapabilities"
}

15:21:41.977 [ForkJoinPool-2-worker-3] INFO  com.intuit.karate - [print] testing url:https://geodata.nationaalgeoregister.nl/rws/kaderrichtlijnwater2009/wms/v1_0?service=WMS&request=GetCapabilities
15:21:41.977 [ForkJoinPool-2-worker-3] DEBUG com.intuit.karate - request:
1 > HEAD https://geodata.nationaalgeoregister.nl/rws/kaderrichtlijnwater2009/wms/v1_0?service=WMS&request=GetCapabilities
1 > Accept-Encoding: gzip,deflate
1 > Connection: Keep-Alive
1 > Host: geodata.nationaalgeoregister.nl
1 > User-Agent: Apache-HttpClient/4.5.11 (Java/13.0.5)

15:21:42.012 [ForkJoinPool-2-worker-7] DEBUG com.intuit.karate - response time in milliseconds: 402.19
1 < 200
1 < Access-Control-Allow-Headers: SOAPAction,X-Requested-With,Content-Type,Origin,Authorization,Accept
1 < Access-Control-Allow-Methods: POST, GET, OPTIONS, HEAD
1 < Access-Control-Allow-Origin: *
1 < Access-Control-Max-Age: 1000
1 < Content-Length: 73
1 < Content-Type: text/html; charset=UTF-8
1 < Date: Mon, 26 Oct 2020 15:21:41 GMT
1 < Server: lighttpd/1.4.53
1 < X-Cnection: [close, close]

15:21:42.013 [ForkJoinPool-2-worker-7] ERROR com.intuit.karate - assertion failed: path: $['Content-Type'][0], actual: 'text/html; charset=UTF-8', expected: 'text/xml', reason: not equal
15:21:42.015 [pool-4-thread-3] INFO  com.intuit.karate.Runner - <<fail>> feature 145 of 367: tmp/junit17863174098671850733/Beheer-PDOK/Geluidkaart-hoofdspoornet-2016--Lden-/download/Geluidblootstelling-van-het-hoofdspoorwegennet-Lden-WFS/checkdownloadurl.feature
---------------------------------------------------------
feature: tmp/junit17863174098671850733/Beheer-PDOK/Geluidkaart-hoofdspoornet-2016--Lden-/download/Geluidblootstelling-van-het-hoofdspoorwegennet-Lden-WFS/checkdownloadurl.feature
report: target/surefire-reports/tmp.junit17863174098671850733.Beheer-PDOK.Geluidkaart-hoofdspoornet-2016--Lden-.download.Geluidblootstelling-van-het-hoofdspoorwegennet-Lden-WFS.checkdownloadurl.json
scenarios:  1 | passed:  0 | failed:  1 | time: 0.4121
---------------------------------------------------------
15:21:42.018 [ForkJoinPool-2-worker-7] INFO  com.intuit.karate - karate.env system property was:  
15:21:42.019 [ForkJoinPool-2-worker-7] INFO  com.intuit.karate - [print] {
  "class": "metadata.Service",
  "electronicMailAddress": "[beheerPDOK@kadaster.nl, beheerPDOK@kadaster.nl]",
  "metadataStandardVersion": "Nederlands metadata profiel op ISO 19119 voor services 2.0",
  "operatesOn": "https://nationaalgeoregister.nl/geonetwork/srv/en/csw?service=CSW&version=2.0.2&request=GetRecordById&outputschema=http://www.isotc211.org/2005/gmd&elementsetname=full&id=dc5b522e-3e14-4738-9e8e-2401e1b19ef2#MD_DataIdentification",
  "organisation": "Beheer PDOK",
  "serviceIdentifierCode": "5856173c-e58d-4b4c-8f9b-046ee1f20c1c",
  "servicetype": "download",
  "title": "Potentieel koude en warmte uit open en gesloten WKO systemen (GJ/ha.jaar) WFS",
  "url": "https://geodata.nationaalgeoregister.nl/wko/wfs?request=Getcapabilities"
}

15:21:42.019 [ForkJoinPool-2-worker-7] INFO  com.intuit.karate - [print] testing url:https://geodata.nationaalgeoregister.nl/wko/wfs?request=Getcapabilities
15:21:42.020 [ForkJoinPool-2-worker-7] DEBUG com.intuit.karate - request:
1 > HEAD https://geodata.nationaalgeoregister.nl/wko/wfs?request=Getcapabilities
1 > Accept-Encoding: gzip,deflate
1 > Connection: Keep-Alive
1 > Host: geodata.nationaalgeoregister.nl
1 > User-Agent: Apache-HttpClient/4.5.11 (Java/13.0.5)

15:21:42.293 [ForkJoinPool-2-worker-1] DEBUG com.intuit.karate - response time in milliseconds: 388.61
1 < 200
1 < Accept-Ranges: bytes
1 < Access-Control-Allow-Headers: SOAPAction,X-Requested-With,Content-Type,Origin,Authorization,Accept
1 < Access-Control-Allow-Methods: POST, GET, OPTIONS, HEAD
1 < Access-Control-Allow-Origin: *
1 < Access-Control-Max-Age: 1000
1 < Content-Length: 4277
1 < Content-Security-Policy: block-all-mixed-content
1 < Content-Type: text/xml
1 < Date: Mon, 26 Oct 2020 15:21:42 GMT
1 < Etag: "5c262b5c1b0f1bdc5a11f94b82d3a6c1-1"
1 < Last-Modified: Fri, 01 Nov 2019 09:12:54 GMT
1 < Server: MinIO/RELEASE.2020-09-21T22-31-59Z
1 < Vary: Origin
1 < X-Amz-Bucket-Region: Amsterdam
1 < X-Amz-Request-Id: 164194077FB2206F
1 < X-Cnection: [close, close]
1 < X-Xss-Protection: 1; mode=block

15:21:42.296 [ForkJoinPool-2-worker-5] DEBUG com.intuit.karate - response time in milliseconds: 411.36
1 < 200
1 < Access-Control-Allow-Headers: SOAPAction,X-Requested-With,Content-Type,Origin,Authorization,Accept
1 < Access-Control-Allow-Methods: POST, GET, OPTIONS, HEAD
1 < Access-Control-Allow-Origin: *
1 < Access-Control-Max-Age: 1000
1 < Content-Length: 73
1 < Content-Type: text/html; charset=UTF-8
1 < Date: Mon, 26 Oct 2020 15:21:42 GMT
1 < Server: lighttpd/1.4.53
1 < X-Cnection: [close, close]

15:21:42.296 [pool-4-thread-2] INFO  com.intuit.karate.Runner - <<pass>> feature 147 of 367: tmp/junit17863174098671850733/Beheer-PDOK/Kaderrichtlijn-Water---Oppervlaktewaterlichamen-Nederland-EU2009-lijnen/download/Kaderrichtlijn-Water-EU2009-ATOM/checkdownloadurl.feature
---------------------------------------------------------
feature: tmp/junit17863174098671850733/Beheer-PDOK/Kaderrichtlijn-Water---Oppervlaktewaterlichamen-Nederland-EU2009-lijnen/download/Kaderrichtlijn-Water-EU2009-ATOM/checkdownloadurl.feature
report: target/surefire-reports/tmp.junit17863174098671850733.Beheer-PDOK.Kaderrichtlijn-Water---Oppervlaktewaterlichamen-Nederland-EU2009-lijnen.download.Kaderrichtlijn-Water-EU2009-ATOM.checkdownloadurl.json
scenarios:  1 | passed:  1 | failed:  0 | time: 0.3949
---------------------------------------------------------
15:21:42.299 [pool-4-thread-4] INFO  com.intuit.karate.Runner - <<pass>> feature 146 of 367: tmp/junit17863174098671850733/Beheer-PDOK/Geluidkaart-hoofdspoornet-2016--Lden-/view/Geluidblootstelling-van-het-hoofdspoorwegennet-Lden-WMS/checkViewUrl.feature
---------------------------------------------------------
feature: tmp/junit17863174098671850733/Beheer-PDOK/Geluidkaart-hoofdspoornet-2016--Lden-/view/Geluidblootstelling-van-het-hoofdspoorwegennet-Lden-WMS/checkViewUrl.feature
report: target/surefire-reports/tmp.junit17863174098671850733.Beheer-PDOK.Geluidkaart-hoofdspoornet-2016--Lden-.view.Geluidblootstelling-van-het-hoofdspoorwegennet-Lden-WMS.checkViewUrl.json
scenarios:  1 | passed:  1 | failed:  0 | time: 0.4168
---------------------------------------------------------
15:21:42.302 [ForkJoinPool-2-worker-5] INFO  com.intuit.karate - karate.env system property was:  
15:21:42.303 [ForkJoinPool-2-worker-5] INFO  com.intuit.karate - [print] {
  "class": "metadata.Service",
  "electronicMailAddress": "[beheerPDOK@kadaster.nl, beheerPDOK@kadaster.nl]",
  "metadataStandardVersion": "Nederlands metadata profiel op ISO 19119 voor services 2.0",
  "operatesOn": "[https://www.nationaalgeoregister.nl:443/geonetwork/srv/dut/csw?service=CSW&request=GetRecordById&version=2.0.2&outputSchema=http://www.isotc211.org/2005/gmd&elementSetName=full&id=622a632a-c57b-44a2-83a4-e51223d5f15g#MD_DataIdentification, https://www.nationaalgeoregister.nl:443/geonetwork/srv/dut/csw?service=CSW&request=GetRecordById&version=2.0.2&outputSchema=http://www.isotc211.org/2005/gmd&elementSetName=full&id=2e31680f-68b5-4ff3-94a4-9c24109ffd5e#MD_DataIdentification, https://www.nationaalgeoregister.nl:443/geonetwork/srv/dut/csw?service=CSW&request=GetRecordById&version=2.0.2&outputSchema=http://www.isotc211.org/2005/gmd&elementSetName=full&id=krw-f7bb2351-9788-42ea-a58b-a5ee1842304e#MD_DataIdentification, https://www.nationaalgeoregister.nl:443/geonetwork/srv/dut/csw?service=CSW&request=GetRecordById&version=2.0.2&outputSchema=http://www.isotc211.org/2005/gmd&elementSetName=full&id=krw-782cab20-8328-45f1-a9b2-c27d07c14066#MD_DataIdentification]",
  "organisation": "Beheer PDOK",
  "serviceIdentifierCode": "e27e61d8-25b1-45ee-a2df-071312ba8a69",
  "servicetype": "download",
  "title": "Kaderrichtlijn Water actueel ATOM",
  "url": "https://geodata.nationaalgeoregister.nl/rws/kaderrichtlijnwateractueel/atom/v1_0/index.xml"
}

15:21:42.305 [ForkJoinPool-2-worker-5] INFO  com.intuit.karate - [print] testing url:https://geodata.nationaalgeoregister.nl/rws/kaderrichtlijnwateractueel/atom/v1_0/index.xml
15:21:42.306 [ForkJoinPool-2-worker-5] DEBUG com.intuit.karate - request:
1 > HEAD https://geodata.nationaalgeoregister.nl/rws/kaderrichtlijnwateractueel/atom/v1_0/index.xml
1 > Accept-Encoding: gzip,deflate
1 > Connection: Keep-Alive
1 > Host: geodata.nationaalgeoregister.nl
1 > User-Agent: Apache-HttpClient/4.5.11 (Java/13.0.5)

15:21:42.305 [ForkJoinPool-2-worker-1] INFO  com.intuit.karate - karate.env system property was:  
15:21:42.307 [ForkJoinPool-2-worker-1] INFO  com.intuit.karate - [print] {
  "class": "metadata.Service",
  "electronicMailAddress": "[beheerPDOK@kadaster.nl, beheerPDOK@kadaster.nl]",
  "metadataStandardVersion": "Nederlands metadata profiel op ISO 19119 voor services 2.0",
  "operatesOn": "https://nationaalgeoregister.nl/geonetwork/srv/en/csw?service=CSW&version=2.0.2&request=GetRecordById&outputschema=http://www.isotc211.org/2005/gmd&elementsetname=full&id=dc5b522e-3e14-4738-9e8e-2401e1b19ef2#MD_DataIdentification",
  "organisation": "Beheer PDOK",
  "serviceIdentifierCode": "1c9b43c3-064d-40c3-aa7c-879b7376ef6f",
  "servicetype": "view",
  "title": "Potentieel koude en warmte uit open en gesloten WKO systemen (GJ/ha.jaar) WMS",
  "url": "https://geodata.nationaalgeoregister.nl/wko/wms?request=GetCapabilities"
}

15:21:42.312 [ForkJoinPool-2-worker-1] INFO  com.intuit.karate - [print] testing url:https://geodata.nationaalgeoregister.nl/wko/wms?request=GetCapabilities
15:21:42.313 [ForkJoinPool-2-worker-1] DEBUG com.intuit.karate - request:
1 > HEAD https://geodata.nationaalgeoregister.nl/wko/wms?request=GetCapabilities
1 > Accept-Encoding: gzip,deflate
1 > Connection: Keep-Alive
1 > Host: geodata.nationaalgeoregister.nl
1 > User-Agent: Apache-HttpClient/4.5.11 (Java/13.0.5)

15:21:42.494 [ForkJoinPool-2-worker-7] DEBUG com.intuit.karate - response time in milliseconds: 474.00
1 < 200
1 < Access-Control-Allow-Headers: SOAPAction,X-Requested-With,Content-Type,Origin,Authorization,Accept
1 < Access-Control-Allow-Methods: POST, GET, OPTIONS, HEAD
1 < Access-Control-Allow-Origin: *
1 < Access-Control-Max-Age: 1000
1 < Content-Type: text/html;charset=UTF-8
1 < Date: Mon, 26 Oct 2020 15:21:42 GMT
1 < X-Cnection: [close, close]

15:21:42.494 [ForkJoinPool-2-worker-7] ERROR com.intuit.karate - assertion failed: path: $['Content-Length'][0], actual: null, expected: '#notnull', reason: actual json-path does not exist
15:21:42.496 [pool-4-thread-3] INFO  com.intuit.karate.Runner - <<fail>> feature 149 of 367: tmp/junit17863174098671850733/Beheer-PDOK/Potentieel-koude-en-warmte-uit-open-en-gesloten-WKO-systemen--GJ/ha-jaar-/download/Potentieel-koude-en-warmte-uit-open-en-gesloten-WKO-systemen--GJ/ha-jaar--WFS/checkdownloadurl.feature
---------------------------------------------------------
feature: tmp/junit17863174098671850733/Beheer-PDOK/Potentieel-koude-en-warmte-uit-open-en-gesloten-WKO-systemen--GJ/ha-jaar-/download/Potentieel-koude-en-warmte-uit-open-en-gesloten-WKO-systemen--GJ/ha-jaar--WFS/checkdownloadurl.feature
report: target/surefire-reports/tmp.junit17863174098671850733.Beheer-PDOK.Potentieel-koude-en-warmte-uit-open-en-gesloten-WKO-systemen--GJ.ha-jaar-.download.Potentieel-koude-en-warmte-uit-open-en-gesloten-WKO-systemen--GJ.ha-jaar--WFS.checkdownloadurl.json
scenarios:  1 | passed:  0 | failed:  1 | time: 0.4763
---------------------------------------------------------
15:21:42.500 [ForkJoinPool-2-worker-7] INFO  com.intuit.karate - karate.env system property was:  
15:21:42.503 [ForkJoinPool-2-worker-7] INFO  com.intuit.karate - [print] {
  "class": "metadata.Service",
  "electronicMailAddress": "[beheerpdok@kadaster.nl, beheerpdok@kadaster.nl]",
  "metadataStandardVersion": "Nederlands metadata profiel op ISO 19119 voor services 2.0",
  "operatesOn": "[http://nationaalgeoregister.nl/geonetwork/srv/en/csw?service=CSW&version=2.0.2&request=GetRecordById&outputschema=http://www.isotc211.org/2005/gmd&elementsetname=full&id=krw-782cab20-8328-45f1-a9b2-c27d07c14066#MD_DataIdentification, http://nationaalgeoregister.nl/geonetwork/srv/en/csw?service=CSW&version=2.0.2&request=GetRecordById&outputschema=http://www.isotc211.org/2005/gmd&elementsetname=full&id=622a632a-c57b-44a2-83a4-e51223d5f15g#MD_DataIdentification, http://nationaalgeoregister.nl/geonetwork/srv/en/csw?service=CSW&version=2.0.2&request=GetRecordById&outputschema=http://www.isotc211.org/2005/gmd&elementsetname=full&id=2e31680f-68b5-4ff3-94a4-9c24109ffd5e#MD_DataIdentification, http://nationaalgeoregister.nl/geonetwork/srv/en/csw?service=CSW&version=2.0.2&request=GetRecordById&outputschema=http://www.isotc211.org/2005/gmd&elementsetname=full&id=krw-f7bb2351-9788-42ea-a58b-a5ee1842304e#MD_DataIdentification]",
  "organisation": "Beheer PDOK",
  "serviceIdentifierCode": "d4e573b0-bd3b-4d7b-a97d-e65841e6e0b4",
  "servicetype": "view",
  "title": "Kaderrichtlijn Water actueel WMS",
  "url": "https://geodata.nationaalgeoregister.nl/rws/kaderrichtlijnwateractueel/wms/v1_0?service=WMS&request=GetCapabilities"
}

15:21:42.503 [ForkJoinPool-2-worker-7] INFO  com.intuit.karate - [print] testing url:https://geodata.nationaalgeoregister.nl/rws/kaderrichtlijnwateractueel/wms/v1_0?service=WMS&request=GetCapabilities
15:21:42.503 [ForkJoinPool-2-worker-7] DEBUG com.intuit.karate - request:
1 > HEAD https://geodata.nationaalgeoregister.nl/rws/kaderrichtlijnwateractueel/wms/v1_0?service=WMS&request=GetCapabilities
1 > Accept-Encoding: gzip,deflate
1 > Connection: Keep-Alive
1 > Host: geodata.nationaalgeoregister.nl
1 > User-Agent: Apache-HttpClient/4.5.11 (Java/13.0.5)

15:21:42.676 [ForkJoinPool-2-worker-3] DEBUG com.intuit.karate - response time in milliseconds: 698.70
1 < 200
1 < Access-Control-Allow-Headers: SOAPAction,X-Requested-With,Content-Type,Origin,Authorization,Accept
1 < Access-Control-Allow-Methods: POST, GET, OPTIONS, HEAD
1 < Access-Control-Allow-Origin: *
1 < Access-Control-Max-Age: 1000
1 < Content-Length: 73
1 < Content-Type: text/html; charset=UTF-8
1 < Date: Mon, 26 Oct 2020 15:21:42 GMT
1 < Server: lighttpd/1.4.53
1 < X-Cnection: [close, close]

15:21:42.681 [pool-4-thread-1] INFO  com.intuit.karate.Runner - <<pass>> feature 148 of 367: tmp/junit17863174098671850733/Beheer-PDOK/Kaderrichtlijn-Water---Oppervlaktewaterlichamen-Nederland-EU2009-lijnen/view/Kaderrichtlijn-Water-EU2009-WMS/checkViewUrl.feature
---------------------------------------------------------
feature: tmp/junit17863174098671850733/Beheer-PDOK/Kaderrichtlijn-Water---Oppervlaktewaterlichamen-Nederland-EU2009-lijnen/view/Kaderrichtlijn-Water-EU2009-WMS/checkViewUrl.feature
report: target/surefire-reports/tmp.junit17863174098671850733.Beheer-PDOK.Kaderrichtlijn-Water---Oppervlaktewaterlichamen-Nederland-EU2009-lijnen.view.Kaderrichtlijn-Water-EU2009-WMS.checkViewUrl.json
scenarios:  1 | passed:  1 | failed:  0 | time: 0.7012
---------------------------------------------------------
15:21:42.686 [ForkJoinPool-2-worker-3] INFO  com.intuit.karate - karate.env system property was:  
15:21:42.688 [ForkJoinPool-2-worker-3] INFO  com.intuit.karate - [print] {
  "class": "metadata.Service",
  "electronicMailAddress": "[beheerPDOK@kadaster.nl, beheerPDOK@kadaster.nl]",
  "metadataStandardVersion": "Nederlands metadata profiel op ISO 19119 voor services 2.0",
  "operatesOn": "http://nationaalgeoregister.nl/geonetwork/srv/dut/csw?service=CSW&version=2.0.2&request=GetRecordById&outputschema=http://www.isotc211.org/2005/gmd&elementsetname=full&id=c5c4a6d6-b850-473c-8ab5-af9c2c550809#MD_DataIdentification",
  "organisation": "Beheer PDOK",
  "serviceIdentifierCode": "35359958-c40a-486f-9cf5-567a94de905e",
  "servicetype": "download",
  "title": "Bestuurlijke Grenzen WFS",
  "url": "https://geodata.nationaalgeoregister.nl/bestuurlijkegrenzen/wfs?request=GetCapabilities"
}

15:21:42.695 [ForkJoinPool-2-worker-3] INFO  com.intuit.karate - [print] testing url:https://geodata.nationaalgeoregister.nl/bestuurlijkegrenzen/wfs?request=GetCapabilities
15:21:42.696 [ForkJoinPool-2-worker-3] DEBUG com.intuit.karate - request:
1 > HEAD https://geodata.nationaalgeoregister.nl/bestuurlijkegrenzen/wfs?request=GetCapabilities
1 > Accept-Encoding: gzip,deflate
1 > Connection: Keep-Alive
1 > Host: geodata.nationaalgeoregister.nl
1 > User-Agent: Apache-HttpClient/4.5.11 (Java/13.0.5)

15:21:42.708 [ForkJoinPool-2-worker-5] DEBUG com.intuit.karate - response time in milliseconds: 401.81
1 < 200
1 < Accept-Ranges: bytes
1 < Access-Control-Allow-Headers: SOAPAction,X-Requested-With,Content-Type,Origin,Authorization,Accept
1 < Access-Control-Allow-Methods: POST, GET, OPTIONS, HEAD
1 < Access-Control-Allow-Origin: *
1 < Access-Control-Max-Age: 1000
1 < Content-Length: 7165
1 < Content-Security-Policy: block-all-mixed-content
1 < Content-Type: application/xml
1 < Date: Mon, 26 Oct 2020 15:21:42 GMT
1 < Etag: "a477efe52b464353930e4767fc4d3506-1"
1 < Last-Modified: Tue, 12 Nov 2019 10:10:42 GMT
1 < Server: MinIO/RELEASE.2020-09-21T22-31-59Z
1 < Vary: Origin
1 < X-Amz-Bucket-Region: Amsterdam
1 < X-Amz-Request-Id: 16419407985B699F
1 < X-Cnection: [close, close]
1 < X-Xss-Protection: 1; mode=block

15:21:42.708 [ForkJoinPool-2-worker-5] ERROR com.intuit.karate - assertion failed: path: $['Content-Type'][0], actual: 'application/xml', expected: 'text/xml', reason: not equal
15:21:42.710 [pool-4-thread-4] INFO  com.intuit.karate.Runner - <<fail>> feature 151 of 367: tmp/junit17863174098671850733/Beheer-PDOK/Kaderrichtlijn-Water---Deelstroomgebieden-Nederland-2019-vlakken/download/Kaderrichtlijn-Water-actueel-ATOM/checkdownloadurl.feature
---------------------------------------------------------
feature: tmp/junit17863174098671850733/Beheer-PDOK/Kaderrichtlijn-Water---Deelstroomgebieden-Nederland-2019-vlakken/download/Kaderrichtlijn-Water-actueel-ATOM/checkdownloadurl.feature
report: target/surefire-reports/tmp.junit17863174098671850733.Beheer-PDOK.Kaderrichtlijn-Water---Deelstroomgebieden-Nederland-2019-vlakken.download.Kaderrichtlijn-Water-actueel-ATOM.checkdownloadurl.json
scenarios:  1 | passed:  0 | failed:  1 | time: 0.4059
---------------------------------------------------------
15:21:42.713 [ForkJoinPool-2-worker-5] INFO  com.intuit.karate - karate.env system property was:  
15:21:42.714 [ForkJoinPool-2-worker-5] INFO  com.intuit.karate - [print] {
  "class": "metadata.Service",
  "electronicMailAddress": "[beheerPDOK@kadaster.nl, beheerPDOK@kadaster.nl]",
  "metadataStandardVersion": "Nederlands metadata profiel op ISO 19119 voor services 2.0",
  "operatesOn": "http://nationaalgeoregister.nl/geonetwork/srv/dut/csw?service=CSW&version=2.0.2&request=GetRecordById&outputschema=http://www.isotc211.org/2005/gmd&elementsetname=full&id=c5c4a6d6-b850-473c-8ab5-af9c2c550809#MD_DataIdentification",
  "organisation": "Beheer PDOK",
  "serviceIdentifierCode": "c6fa88ab-e440-414b-a773-793c4ce6d8df",
  "servicetype": "view",
  "title": "Bestuurlijke grenzen WMS",
  "url": "https://geodata.nationaalgeoregister.nl/bestuurlijkegrenzen/wms?request=GetCapabilities"
}

15:21:42.714 [ForkJoinPool-2-worker-5] INFO  com.intuit.karate - [print] testing url:https://geodata.nationaalgeoregister.nl/bestuurlijkegrenzen/wms?request=GetCapabilities
15:21:42.715 [ForkJoinPool-2-worker-5] DEBUG com.intuit.karate - request:
1 > HEAD https://geodata.nationaalgeoregister.nl/bestuurlijkegrenzen/wms?request=GetCapabilities
1 > Accept-Encoding: gzip,deflate
1 > Connection: Keep-Alive
1 > Host: geodata.nationaalgeoregister.nl
1 > User-Agent: Apache-HttpClient/4.5.11 (Java/13.0.5)

15:21:42.777 [ForkJoinPool-2-worker-1] DEBUG com.intuit.karate - response time in milliseconds: 464.29
1 < 200
1 < Access-Control-Allow-Headers: SOAPAction,X-Requested-With,Content-Type,Origin,Authorization,Accept
1 < Access-Control-Allow-Methods: POST, GET, OPTIONS, HEAD
1 < Access-Control-Allow-Origin: *
1 < Access-Control-Max-Age: 1000
1 < Content-Type: text/html;charset=UTF-8
1 < Date: Mon, 26 Oct 2020 15:21:42 GMT
1 < X-Cnection: [close, close]

15:21:42.778 [ForkJoinPool-2-worker-1] ERROR com.intuit.karate - assertion failed: path: $['Content-Length'][0], actual: null, expected: '#notnull', reason: actual json-path does not exist
15:21:42.780 [pool-4-thread-2] INFO  com.intuit.karate.Runner - <<fail>> feature 150 of 367: tmp/junit17863174098671850733/Beheer-PDOK/Potentieel-koude-en-warmte-uit-open-en-gesloten-WKO-systemen--GJ/ha-jaar-/view/Potentieel-koude-en-warmte-uit-open-en-gesloten-WKO-systemen--GJ/ha-jaar--WMS/checkViewUrl.feature
---------------------------------------------------------
feature: tmp/junit17863174098671850733/Beheer-PDOK/Potentieel-koude-en-warmte-uit-open-en-gesloten-WKO-systemen--GJ/ha-jaar-/view/Potentieel-koude-en-warmte-uit-open-en-gesloten-WKO-systemen--GJ/ha-jaar--WMS/checkViewUrl.feature
report: target/surefire-reports/tmp.junit17863174098671850733.Beheer-PDOK.Potentieel-koude-en-warmte-uit-open-en-gesloten-WKO-systemen--GJ.ha-jaar-.view.Potentieel-koude-en-warmte-uit-open-en-gesloten-WKO-systemen--GJ.ha-jaar--WMS.checkViewUrl.json
scenarios:  1 | passed:  0 | failed:  1 | time: 0.4711
---------------------------------------------------------
15:21:42.784 [ForkJoinPool-2-worker-1] INFO  com.intuit.karate - karate.env system property was:  
15:21:42.787 [ForkJoinPool-2-worker-1] INFO  com.intuit.karate - [print] {
  "class": "metadata.Service",
  "electronicMailAddress": "[beheerPDOK@kadaster.nl, beheerPDOK@kadaster.nl]",
  "metadataStandardVersion": "Nederlands metadata profiel op ISO 19119 voor services 2.0",
  "operatesOn": "http://nationaalgeoregister.nl/geonetwork/srv/dut/csw?service=CSW&version=2.0.2&request=GetRecordById&outputschema=http://www.isotc211.org/2005/gmd&elementsetname=full&id=b4ae622c-6201-49d8-bd2e-f7fce9206a1e#MD_DataIdentification",
  "organisation": "Beheer PDOK",
  "serviceIdentifierCode": "0e2580b7-2a15-41a2-b1b6-361265e4f5f4",
  "servicetype": "download",
  "title": "Gebouwen (INSPIRE geharmoniseerd) WFS",
  "url": "https://geodata.nationaalgeoregister.nl/inspire/bu/wfs?request=GetCapabilities&service=WFS"
}

15:21:42.789 [ForkJoinPool-2-worker-1] INFO  com.intuit.karate - [print] testing url:https://geodata.nationaalgeoregister.nl/inspire/bu/wfs?request=GetCapabilities&service=WFS
15:21:42.795 [ForkJoinPool-2-worker-1] DEBUG com.intuit.karate - request:
1 > HEAD https://geodata.nationaalgeoregister.nl/inspire/bu/wfs?request=GetCapabilities&service=WFS
1 > Accept-Encoding: gzip,deflate
1 > Connection: Keep-Alive
1 > Host: geodata.nationaalgeoregister.nl
1 > User-Agent: Apache-HttpClient/4.5.11 (Java/13.0.5)

15:21:42.930 [ForkJoinPool-2-worker-7] DEBUG com.intuit.karate - response time in milliseconds: 426.28
1 < 200
1 < Access-Control-Allow-Headers: SOAPAction,X-Requested-With,Content-Type,Origin,Authorization,Accept
1 < Access-Control-Allow-Methods: POST, GET, OPTIONS, HEAD
1 < Access-Control-Allow-Origin: *
1 < Access-Control-Max-Age: 1000
1 < Content-Length: 73
1 < Content-Type: text/html; charset=UTF-8
1 < Date: Mon, 26 Oct 2020 15:21:42 GMT
1 < Server: lighttpd/1.4.53
1 < X-Cnection: [close, close]

15:21:42.933 [pool-4-thread-3] INFO  com.intuit.karate.Runner - <<pass>> feature 152 of 367: tmp/junit17863174098671850733/Beheer-PDOK/Kaderrichtlijn-Water---Deelstroomgebieden-Nederland-2019-vlakken/view/Kaderrichtlijn-Water-actueel-WMS/checkViewUrl.feature
---------------------------------------------------------
feature: tmp/junit17863174098671850733/Beheer-PDOK/Kaderrichtlijn-Water---Deelstroomgebieden-Nederland-2019-vlakken/view/Kaderrichtlijn-Water-actueel-WMS/checkViewUrl.feature
report: target/surefire-reports/tmp.junit17863174098671850733.Beheer-PDOK.Kaderrichtlijn-Water---Deelstroomgebieden-Nederland-2019-vlakken.view.Kaderrichtlijn-Water-actueel-WMS.checkViewUrl.json
scenarios:  1 | passed:  1 | failed:  0 | time: 0.4287
---------------------------------------------------------
15:21:42.938 [ForkJoinPool-2-worker-7] INFO  com.intuit.karate - karate.env system property was:  
15:21:42.939 [ForkJoinPool-2-worker-7] INFO  com.intuit.karate - [print] {
  "class": "metadata.Service",
  "electronicMailAddress": "[beheerPDOK@kadaster.nl, beheerPDOK@kadaster.nl]",
  "metadataStandardVersion": "Nederlands metadata profiel op ISO 19119 voor services 2.0",
  "operatesOn": "http://nationaalgeoregister.nl/geonetwork/srv/dut/csw?service=CSW&version=2.0.2&request=GetRecordById&outputschema=http://www.isotc211.org/2005/gmd&elementsetname=full&id=b4ae622c-6201-49d8-bd2e-f7fce9206a1e#MD_DataIdentification",
  "organisation": "Beheer PDOK",
  "serviceIdentifierCode": "5be14ec9-9bb3-4395-a061-e7e78d04a527",
  "servicetype": "view",
  "title": "Gebouwen (INSPIRE geharmoniseerd) WMS",
  "url": "https://geodata.nationaalgeoregister.nl/inspire/bu/wms?request=GetCapabilities"
}

15:21:42.939 [ForkJoinPool-2-worker-7] INFO  com.intuit.karate - [print] testing url:https://geodata.nationaalgeoregister.nl/inspire/bu/wms?request=GetCapabilities
15:21:42.942 [ForkJoinPool-2-worker-7] DEBUG com.intuit.karate - request:
1 > HEAD https://geodata.nationaalgeoregister.nl/inspire/bu/wms?request=GetCapabilities
1 > Accept-Encoding: gzip,deflate
1 > Connection: Keep-Alive
1 > Host: geodata.nationaalgeoregister.nl
1 > User-Agent: Apache-HttpClient/4.5.11 (Java/13.0.5)

15:21:43.112 [ForkJoinPool-2-worker-3] DEBUG com.intuit.karate - response time in milliseconds: 415.16
1 < 200
1 < Access-Control-Allow-Headers: SOAPAction,X-Requested-With,Content-Type,Origin,Authorization,Accept
1 < Access-Control-Allow-Methods: POST, GET, OPTIONS, HEAD
1 < Access-Control-Allow-Origin: *
1 < Access-Control-Max-Age: 1000
1 < Content-Disposition: inline; filename=geoserver-GetCapabilities.application
1 < Content-Type: application/xml
1 < Date: Mon, 26 Oct 2020 15:21:42 GMT
1 < X-Cnection: [close, close]

15:21:43.113 [ForkJoinPool-2-worker-3] ERROR com.intuit.karate - assertion failed: path: $['Content-Length'][0], actual: null, expected: '#notnull', reason: actual json-path does not exist
15:21:43.115 [pool-4-thread-1] INFO  com.intuit.karate.Runner - <<fail>> feature 153 of 367: tmp/junit17863174098671850733/Beheer-PDOK/Administratieve-Eenheden/download/Bestuurlijke-Grenzen-WFS/checkdownloadurl.feature
---------------------------------------------------------
feature: tmp/junit17863174098671850733/Beheer-PDOK/Administratieve-Eenheden/download/Bestuurlijke-Grenzen-WFS/checkdownloadurl.feature
report: target/surefire-reports/tmp.junit17863174098671850733.Beheer-PDOK.Administratieve-Eenheden.download.Bestuurlijke-Grenzen-WFS.checkdownloadurl.json
scenarios:  1 | passed:  0 | failed:  1 | time: 0.4254
---------------------------------------------------------
15:21:43.121 [ForkJoinPool-2-worker-3] INFO  com.intuit.karate - karate.env system property was:  
15:21:43.122 [ForkJoinPool-2-worker-3] INFO  com.intuit.karate - [print] {
  "class": "metadata.Service",
  "electronicMailAddress": "[beheerpdok@kadaster.nl, beheerpdok@kadaster.nl]",
  "metadataStandardVersion": "Nederlands metadata profiel op ISO 19119 voor services 2.0",
  "operatesOn": "https://nationaalgeoregister.nl/geonetwork/srv/dut/csw?SERVICE=CSW&version=2.0.2&REQUEST=GetRecordById&ID=a29917b9-3426-4041-a11b-69bcb2256904&OUTPUTSCHEMA=http://www.isotc211.org/2005/gmd&ELEMENTSETNAME=full#MD_DataIdentification",
  "organisation": "Beheer PDOK",
  "serviceIdentifierCode": "ff9315c8-f25a-4d01-9245-5cf058314ebf",
  "servicetype": "download",
  "title": "Kadastrale Kaart v4 WFS",
  "url": "https://geodata.nationaalgeoregister.nl/kadastralekaart/wfs/v4_0?request=GetCapabilities"
}

15:21:43.124 [ForkJoinPool-2-worker-3] INFO  com.intuit.karate - [print] testing url:https://geodata.nationaalgeoregister.nl/kadastralekaart/wfs/v4_0?request=GetCapabilities
15:21:43.125 [ForkJoinPool-2-worker-3] DEBUG com.intuit.karate - request:
1 > HEAD https://geodata.nationaalgeoregister.nl/kadastralekaart/wfs/v4_0?request=GetCapabilities
1 > Accept-Encoding: gzip,deflate
1 > Connection: Keep-Alive
1 > Host: geodata.nationaalgeoregister.nl
1 > User-Agent: Apache-HttpClient/4.5.11 (Java/13.0.5)

15:21:43.177 [ForkJoinPool-2-worker-5] DEBUG com.intuit.karate - response time in milliseconds: 461.66
1 < 200
1 < Access-Control-Allow-Headers: SOAPAction,X-Requested-With,Content-Type,Origin,Authorization,Accept
1 < Access-Control-Allow-Methods: POST, GET, OPTIONS, HEAD
1 < Access-Control-Allow-Origin: *
1 < Access-Control-Max-Age: 1000
1 < Content-Disposition: inline; filename=getcapabilities_1.3.0.xml
1 < Content-Type: text/xml
1 < Date: Mon, 26 Oct 2020 15:21:42 GMT
1 < X-Cnection: [close, close]

15:21:43.177 [ForkJoinPool-2-worker-5] ERROR com.intuit.karate - assertion failed: path: $['Content-Length'][0], actual: null, expected: '#notnull', reason: actual json-path does not exist
15:21:43.179 [pool-4-thread-4] INFO  com.intuit.karate.Runner - <<fail>> feature 154 of 367: tmp/junit17863174098671850733/Beheer-PDOK/Administratieve-Eenheden/view/Bestuurlijke-grenzen-WMS/checkViewUrl.feature
---------------------------------------------------------
feature: tmp/junit17863174098671850733/Beheer-PDOK/Administratieve-Eenheden/view/Bestuurlijke-grenzen-WMS/checkViewUrl.feature
report: target/surefire-reports/tmp.junit17863174098671850733.Beheer-PDOK.Administratieve-Eenheden.view.Bestuurlijke-grenzen-WMS.checkViewUrl.json
scenarios:  1 | passed:  0 | failed:  1 | time: 0.4637
---------------------------------------------------------
15:21:43.182 [ForkJoinPool-2-worker-5] INFO  com.intuit.karate - karate.env system property was:  
15:21:43.185 [ForkJoinPool-2-worker-1] DEBUG com.intuit.karate - response time in milliseconds: 389.42
1 < 200
1 < Accept-Ranges: bytes
1 < Access-Control-Allow-Headers: SOAPAction,X-Requested-With,Content-Type,Origin,Authorization,Accept
1 < Access-Control-Allow-Methods: POST, GET, OPTIONS, HEAD
1 < Access-Control-Allow-Origin: *
1 < Access-Control-Max-Age: 1000
1 < Content-Type: application/xml
1 < Date: Mon, 26 Oct 2020 15:21:43 GMT
1 < ETag: "18b3f-5af58ad4eefe9-gzip"
1 < Last-Modified: Tue, 15 Sep 2020 11:44:43 GMT
1 < Vary: Accept-Encoding
1 < X-Cnection: [close, close]

15:21:43.193 [ForkJoinPool-2-worker-5] INFO  com.intuit.karate - [print] {
  "class": "metadata.Service",
  "electronicMailAddress": "[beheerpdok@kadaster.nl, beheerpdok@kadaster.nl]",
  "metadataStandardVersion": "Nederlands metadata profiel op ISO 19119 voor services 2.0",
  "operatesOn": "https://nationaalgeoregister.nl/geonetwork/srv/dut/csw?SERVICE=CSW&version=2.0.2&REQUEST=GetRecordById&ID=a29917b9-3426-4041-a11b-69bcb2256904&OUTPUTSCHEMA=http://www.isotc211.org/2005/gmd&ELEMENTSETNAME=full#MD_DataIdentification",
  "organisation": "Beheer PDOK",
  "serviceIdentifierCode": "97cf6a64-9cfc-4ce6-9741-2db44fd27fca",
  "servicetype": "view",
  "title": "Kadastrale Kaart v4 WMS",
  "url": "https://geodata.nationaalgeoregister.nl/kadastralekaart/wms/v4_0?request=GetCapabilities&service=WMS"
}

15:21:43.201 [ForkJoinPool-2-worker-5] INFO  com.intuit.karate - [print] testing url:https://geodata.nationaalgeoregister.nl/kadastralekaart/wms/v4_0?request=GetCapabilities&service=WMS
15:21:43.202 [ForkJoinPool-2-worker-5] DEBUG com.intuit.karate - request:
1 > HEAD https://geodata.nationaalgeoregister.nl/kadastralekaart/wms/v4_0?request=GetCapabilities&service=WMS
1 > Accept-Encoding: gzip,deflate
1 > Connection: Keep-Alive
1 > Host: geodata.nationaalgeoregister.nl
1 > User-Agent: Apache-HttpClient/4.5.11 (Java/13.0.5)

15:21:43.202 [ForkJoinPool-2-worker-1] ERROR com.intuit.karate - assertion failed: path: $['Content-Length'][0], actual: null, expected: '#notnull', reason: actual json-path does not exist
15:21:43.203 [pool-4-thread-2] INFO  com.intuit.karate.Runner - <<fail>> feature 155 of 367: tmp/junit17863174098671850733/Beheer-PDOK/Gebouwen--INSPIRE-geharmoniseerd-/download/Gebouwen--INSPIRE-geharmoniseerd--WFS/checkdownloadurl.feature
---------------------------------------------------------
feature: tmp/junit17863174098671850733/Beheer-PDOK/Gebouwen--INSPIRE-geharmoniseerd-/download/Gebouwen--INSPIRE-geharmoniseerd--WFS/checkdownloadurl.feature
report: target/surefire-reports/tmp.junit17863174098671850733.Beheer-PDOK.Gebouwen--INSPIRE-geharmoniseerd-.download.Gebouwen--INSPIRE-geharmoniseerd--WFS.checkdownloadurl.json
scenarios:  1 | passed:  0 | failed:  1 | time: 0.4138
---------------------------------------------------------
15:21:43.206 [ForkJoinPool-2-worker-1] INFO  com.intuit.karate - karate.env system property was:  
15:21:43.207 [ForkJoinPool-2-worker-1] INFO  com.intuit.karate - [print] {
  "class": "metadata.Service",
  "electronicMailAddress": "[beheerPDOK@kadaster.nl, beheerpdok@kadaster.nl]",
  "metadataStandardVersion": "Nederlands metadata profiel op ISO 19119 voor services 2.0",
  "operatesOn": "http://nationaalgeoregister.nl/geonetwork/srv/dut/csw?service=CSW&version=2.0.2&request=GetRecordById&outputschema=http://www.isotc211.org/2005/gmd&elementsetname=full&id=3703b249-a0eb-484e-ba7a-10e31a55bcec#MD_DataIdentification",
  "organisation": "Beheer PDOK",
  "serviceIdentifierCode": "d2a05dd5-98e8-4f9c-8ba2-7fe2d5c7c507",
  "servicetype": "download",
  "title": "Spreiding van soorten - Invasieve Exoten (INSPIRE geharmoniseerd) ATOM V1",
  "url": "https://geodata.nationaalgeoregister.nl/rvo/inspire/invasieve-exoten/atom/v1_0/index.xml"
}

15:21:43.207 [ForkJoinPool-2-worker-1] INFO  com.intuit.karate - [print] testing url:https://geodata.nationaalgeoregister.nl/rvo/inspire/invasieve-exoten/atom/v1_0/index.xml
15:21:43.208 [ForkJoinPool-2-worker-1] DEBUG com.intuit.karate - request:
1 > HEAD https://geodata.nationaalgeoregister.nl/rvo/inspire/invasieve-exoten/atom/v1_0/index.xml
1 > Accept-Encoding: gzip,deflate
1 > Connection: Keep-Alive
1 > Host: geodata.nationaalgeoregister.nl
1 > User-Agent: Apache-HttpClient/4.5.11 (Java/13.0.5)

15:21:43.346 [ForkJoinPool-2-worker-7] DEBUG com.intuit.karate - response time in milliseconds: 403.86
1 < 200
1 < Access-Control-Allow-Headers: SOAPAction,X-Requested-With,Content-Type,Origin,Authorization,Accept
1 < Access-Control-Allow-Methods: POST, GET, OPTIONS, HEAD
1 < Access-Control-Allow-Origin: *
1 < Access-Control-Max-Age: 1000
1 < Content-Disposition: inline; filename=getcapabilities_1.3.0.xml
1 < Content-Type: text/xml
1 < Date: Mon, 26 Oct 2020 15:21:42 GMT
1 < X-Cnection: [close, close]

15:21:43.346 [ForkJoinPool-2-worker-7] ERROR com.intuit.karate - assertion failed: path: $['Content-Length'][0], actual: null, expected: '#notnull', reason: actual json-path does not exist
15:21:43.348 [pool-4-thread-3] INFO  com.intuit.karate.Runner - <<fail>> feature 156 of 367: tmp/junit17863174098671850733/Beheer-PDOK/Gebouwen--INSPIRE-geharmoniseerd-/view/Gebouwen--INSPIRE-geharmoniseerd--WMS/checkViewUrl.feature
---------------------------------------------------------
feature: tmp/junit17863174098671850733/Beheer-PDOK/Gebouwen--INSPIRE-geharmoniseerd-/view/Gebouwen--INSPIRE-geharmoniseerd--WMS/checkViewUrl.feature
report: target/surefire-reports/tmp.junit17863174098671850733.Beheer-PDOK.Gebouwen--INSPIRE-geharmoniseerd-.view.Gebouwen--INSPIRE-geharmoniseerd--WMS.checkViewUrl.json
scenarios:  1 | passed:  0 | failed:  1 | time: 0.4079
---------------------------------------------------------
15:21:43.353 [ForkJoinPool-2-worker-7] INFO  com.intuit.karate - karate.env system property was:  
15:21:43.354 [ForkJoinPool-2-worker-7] INFO  com.intuit.karate - [print] {
  "class": "metadata.Service",
  "electronicMailAddress": "[beheerPDOK@kadaster.nl, beheerPDOK@kadaster.nl]",
  "metadataStandardVersion": "Nederlands metadata profiel op ISO 19119 voor services 2.0",
  "operatesOn": "https://www.nationaalgeoregister.nl/geonetwork/srv/dut/csw?service=CSW&request=GetRecordById&version=2.0.2&outputSchema=http://www.isotc211.org/2005/gmd&elementSetName=full&id=3703b249-a0eb-484e-ba7a-10e31a55bcec#MD_DataIdentification",
  "organisation": "Beheer PDOK",
  "serviceIdentifierCode": "b196f948-5d87-4eb4-9854-a93841c3877f",
  "servicetype": "view",
  "title": "Spreiding van soorten - Invasieve Exoten (INSPIRE geharmoniseerd) WMS V1",
  "url": "https://geodata.nationaalgeoregister.nl/rvo/invasieve-exoten/wms/v1_0?request=GetCapabilities&service=wms"
}

15:21:43.354 [ForkJoinPool-2-worker-7] INFO  com.intuit.karate - [print] testing url:https://geodata.nationaalgeoregister.nl/rvo/invasieve-exoten/wms/v1_0?request=GetCapabilities&service=wms
15:21:43.355 [ForkJoinPool-2-worker-7] DEBUG com.intuit.karate - request:
1 > HEAD https://geodata.nationaalgeoregister.nl/rvo/invasieve-exoten/wms/v1_0?request=GetCapabilities&service=wms
1 > Accept-Encoding: gzip,deflate
1 > Connection: Keep-Alive
1 > Host: geodata.nationaalgeoregister.nl
1 > User-Agent: Apache-HttpClient/4.5.11 (Java/13.0.5)

15:21:43.528 [ForkJoinPool-2-worker-3] DEBUG com.intuit.karate - response time in milliseconds: 402.24
1 < 200
1 < Access-Control-Allow-Headers: SOAPAction,X-Requested-With,Content-Type,Origin,Authorization,Accept
1 < Access-Control-Allow-Methods: POST, GET, OPTIONS, HEAD
1 < Access-Control-Allow-Origin: *
1 < Access-Control-Max-Age: 1000
1 < Content-Length: 22281
1 < Content-Type: text/xml; charset=UTF-8
1 < Date: Mon, 26 Oct 2020 15:21:43 GMT
1 < Server: lighttpd/1.4.53
1 < X-Cnection: [close, close]

15:21:43.529 [ForkJoinPool-2-worker-3] ERROR com.intuit.karate - assertion failed: path: $['Content-Type'][0], actual: 'text/xml; charset=UTF-8', expected: 'text/xml', reason: not equal
15:21:43.531 [pool-4-thread-1] INFO  com.intuit.karate.Runner - <<fail>> feature 157 of 367: tmp/junit17863174098671850733/Beheer-PDOK/Kadastrale-kaart-v4/download/Kadastrale-Kaart-v4-WFS/checkdownloadurl.feature
---------------------------------------------------------
feature: tmp/junit17863174098671850733/Beheer-PDOK/Kadastrale-kaart-v4/download/Kadastrale-Kaart-v4-WFS/checkdownloadurl.feature
report: target/surefire-reports/tmp.junit17863174098671850733.Beheer-PDOK.Kadastrale-kaart-v4.download.Kadastrale-Kaart-v4-WFS.checkdownloadurl.json
scenarios:  1 | passed:  0 | failed:  1 | time: 0.4072
---------------------------------------------------------
15:21:43.538 [ForkJoinPool-2-worker-3] INFO  com.intuit.karate - karate.env system property was:  
15:21:43.539 [ForkJoinPool-2-worker-3] INFO  com.intuit.karate - [print] {
  "class": "metadata.Service",
  "electronicMailAddress": "[beheerpdok@kadaster.nl, beheerpdok@kadaster.nl]",
  "metadataStandardVersion": "Nederlands metadata profiel op ISO 19119 voor services 2.0",
  "operatesOn": "https://nationaalgeoregister.nl/geonetwork/srv/dut/csw?SERVICE=CSW&version=2.0.2&REQUEST=GetRecordById&ID=3703b249-a0eb-484e-ba7a-10e31a55bcec&OUTPUTSCHEMA=http://www.isotc211.org/2005/gmd&ELEMENTSETNAME=full#MD_DataIdentification",
  "organisation": "Beheer PDOK",
  "serviceIdentifierCode": "93a9571d-1754-47ee-a8f9-92633abfab3a",
  "servicetype": "other",
  "title": "Spreiding van soorten - Invasieve Exoten WFS V1",
  "url": "https://geodata.nationaalgeoregister.nl/rvo/invasieve-exoten/wfs/v1_0?request=GetCapabilities&service=WFS"
}

15:21:43.539 [ForkJoinPool-2-worker-3] INFO  com.intuit.karate - [print] testing url:https://geodata.nationaalgeoregister.nl/rvo/invasieve-exoten/wfs/v1_0?request=GetCapabilities&service=WFS
15:21:43.540 [ForkJoinPool-2-worker-3] DEBUG com.intuit.karate - request:
1 > HEAD https://geodata.nationaalgeoregister.nl/rvo/invasieve-exoten/wfs/v1_0?request=GetCapabilities&service=WFS
1 > Accept-Encoding: gzip,deflate
1 > Connection: Keep-Alive
1 > Host: geodata.nationaalgeoregister.nl
1 > User-Agent: Apache-HttpClient/4.5.11 (Java/13.0.5)

15:21:43.602 [ForkJoinPool-2-worker-1] DEBUG com.intuit.karate - response time in milliseconds: 394.34
1 < 200
1 < Accept-Ranges: bytes
1 < Access-Control-Allow-Headers: SOAPAction,X-Requested-With,Content-Type,Origin,Authorization,Accept
1 < Access-Control-Allow-Methods: POST, GET, OPTIONS, HEAD
1 < Access-Control-Allow-Origin: *
1 < Access-Control-Max-Age: 1000
1 < Content-Length: 2779
1 < Content-Security-Policy: block-all-mixed-content
1 < Content-Type: text/xml
1 < Date: Mon, 26 Oct 2020 15:21:43 GMT
1 < Etag: "468f384d0392b84cca8695000403950f-1"
1 < Last-Modified: Mon, 16 Mar 2020 07:06:39 GMT
1 < Server: MinIO/RELEASE.2020-09-21T22-31-59Z
1 < Vary: Origin
1 < X-Amz-Bucket-Region: Amsterdam
1 < X-Amz-Request-Id: 16419407CDB81A4F
1 < X-Cnection: [close, close]
1 < X-Xss-Protection: 1; mode=block

15:21:43.605 [pool-4-thread-2] INFO  com.intuit.karate.Runner - <<pass>> feature 159 of 367: tmp/junit17863174098671850733/Beheer-PDOK/Invasieve-Exoten--INSPIRE-Geharmoniseerd-/download/Spreiding-van-soorten---Invasieve-Exoten--INSPIRE-geharmoniseerd--ATOM-V1/checkdownloadurl.feature
---------------------------------------------------------
feature: tmp/junit17863174098671850733/Beheer-PDOK/Invasieve-Exoten--INSPIRE-Geharmoniseerd-/download/Spreiding-van-soorten---Invasieve-Exoten--INSPIRE-geharmoniseerd--ATOM-V1/checkdownloadurl.feature
report: target/surefire-reports/tmp.junit17863174098671850733.Beheer-PDOK.Invasieve-Exoten--INSPIRE-Geharmoniseerd-.download.Spreiding-van-soorten---Invasieve-Exoten--INSPIRE-geharmoniseerd--ATOM-V1.checkdownloadurl.json
scenarios:  1 | passed:  1 | failed:  0 | time: 0.3968
---------------------------------------------------------
15:21:43.609 [ForkJoinPool-2-worker-1] INFO  com.intuit.karate - karate.env system property was:  
15:21:43.610 [ForkJoinPool-2-worker-1] INFO  com.intuit.karate - [print] {
  "class": "metadata.Service",
  "electronicMailAddress": "[beheerPDOK@kadaster.nl, beheerpdok@kadaster.nl]",
  "metadataStandardVersion": "Nederlands metadata profiel op ISO 19119 voor services 2.0",
  "operatesOn": "[http://nationaalgeoregister.nl/geonetwork/srv/en/csw?service=CSW&version=2.0.2&request=GetRecordById&outputschema=http://www.isotc211.org/2005/gmd&elementsetname=full&id=49ab8bee-b467-486a-96ca-b950443c453a#MD_DataIdentification, http://nationaalgeoregister.nl/geonetwork/srv/en/csw?service=CSW&version=2.0.2&request=GetRecordById&outputschema=http://www.isotc211.org/2005/gmd&elementsetname=full&id=f002bfc5-7d87-46b6-819e-8415422b65c9#MD_DataIdentification, http://nationaalgeoregister.nl/geonetwork/srv/en/csw?service=CSW&version=2.0.2&request=GetRecordById&outputschema=http://www.isotc211.org/2005/gmd&elementsetname=full&id=f0821bfe-5a0a-11e9-8647-d663bd873d93#MD_DataIdentification, http://nationaalgeoregister.nl/geonetwork/srv/en/csw?service=CSW&version=2.0.2&request=GetRecordById&outputschema=http://www.isotc211.org/2005/gmd&elementsetname=full&id=60a2a7c2-d5b3-4ad5-b562-c448695357fb#MD_DataIdentification, http://nationaalgeoregister.nl/geonetwork/srv/en/csw?service=CSW&version=2.0.2&request=GetRecordById&outputschema=http://www.isotc211.org/2005/gmd&elementsetname=full&id=c7d8d77b-8c47-4309-8c58-9b12b086407f#MD_DataIdentification, http://nationaalgeoregister.nl/geonetwork/srv/en/csw?service=CSW&version=2.0.2&request=GetRecordById&outputschema=http://www.isotc211.org/2005/gmd&elementsetname=full&id=ca94a0cb-7561-4a10-a7d6-b840e56c33ff#MD_DataIdentification, http://nationaalgeoregister.nl/geonetwork/srv/en/csw?service=CSW&version=2.0.2&request=GetRecordById&outputschema=http://www.isotc211.org/2005/gmd&elementsetname=full&id=cc408b2d-09a6-4b2b-9aa3-b46bfe2f00a5#MD_DataIdentification, http://nationaalgeoregister.nl/geonetwork/srv/en/csw?service=CSW&version=2.0.2&request=GetRecordById&outputschema=http://www.isotc211.org/2005/gmd&elementsetname=full&id=998ba1dc-f6a6-49a3-a021-51f30d9b1d0e#MD_DataIdentification, https://www.nationaalgeoregister.nl:443/geonetwork/srv/dut/csw?service=CSW&request=GetRecordById&version=2.0.2&outputSchema=http://www.isotc211.org/2005/gmd&elementSetName=full&id=49ab8bee-b467-486a-96ca-b950443c453a#MD_DataIdentification]",
  "organisation": "Beheer PDOK",
  "serviceIdentifierCode": "93c8762c-4cbb-42b0-9b02-89ef902e8880",
  "servicetype": "download",
  "title": "Beschermde gebieden - Provincies (INSPIRE geharmoniseerd) ATOM V1",
  "url": "https://geodata.nationaalgeoregister.nl/provincies/ps/atom/v1/index.xml"
}

15:21:43.610 [ForkJoinPool-2-worker-1] INFO  com.intuit.karate - [print] testing url:https://geodata.nationaalgeoregister.nl/provincies/ps/atom/v1/index.xml
15:21:43.611 [ForkJoinPool-2-worker-1] DEBUG com.intuit.karate - request:
1 > HEAD https://geodata.nationaalgeoregister.nl/provincies/ps/atom/v1/index.xml
1 > Accept-Encoding: gzip,deflate
1 > Connection: Keep-Alive
1 > Host: geodata.nationaalgeoregister.nl
1 > User-Agent: Apache-HttpClient/4.5.11 (Java/13.0.5)

15:21:43.647 [ForkJoinPool-2-worker-5] DEBUG com.intuit.karate - response time in milliseconds: 445.59
1 < 200
1 < Access-Control-Allow-Headers: SOAPAction,X-Requested-With,Content-Type,Origin,Authorization,Accept
1 < Access-Control-Allow-Methods: POST, GET, OPTIONS, HEAD
1 < Access-Control-Allow-Origin: *
1 < Access-Control-Max-Age: 1000
1 < Content-Length: 36659
1 < Content-Type: text/xml; charset=UTF-8
1 < Date: Mon, 26 Oct 2020 15:21:43 GMT
1 < Server: lighttpd/1.4.53
1 < X-Cnection: [close, close]

15:21:43.650 [pool-4-thread-4] INFO  com.intuit.karate.Runner - <<pass>> feature 158 of 367: tmp/junit17863174098671850733/Beheer-PDOK/Kadastrale-kaart-v4/view/Kadastrale-Kaart-v4-WMS/checkViewUrl.feature
---------------------------------------------------------
feature: tmp/junit17863174098671850733/Beheer-PDOK/Kadastrale-kaart-v4/view/Kadastrale-Kaart-v4-WMS/checkViewUrl.feature
report: target/surefire-reports/tmp.junit17863174098671850733.Beheer-PDOK.Kadastrale-kaart-v4.view.Kadastrale-Kaart-v4-WMS.checkViewUrl.json
scenarios:  1 | passed:  1 | failed:  0 | time: 0.4558
---------------------------------------------------------
15:21:43.655 [ForkJoinPool-2-worker-5] INFO  com.intuit.karate - karate.env system property was:  
15:21:43.656 [ForkJoinPool-2-worker-5] INFO  com.intuit.karate - [print] {
  "class": "metadata.Service",
  "electronicMailAddress": "[beheerpdok@kadaster.nl, beheerpdok@kadaster.nl]",
  "metadataStandardVersion": "Nederlands metadata profiel op ISO 19119 voor services 2.0",
  "operatesOn": "[http://nationaalgeoregister.nl/geonetwork/srv/en/csw?service=CSW&version=2.0.2&request=GetRecordById&outputschema=http://www.isotc211.org/2005/gmd&elementsetname=full&id=49ab8bee-b467-486a-96ca-b950443c453a#MD_DataIdentification, http://nationaalgeoregister.nl/geonetwork/srv/en/csw?service=CSW&version=2.0.2&request=GetRecordById&outputschema=http://www.isotc211.org/2005/gmd&elementsetname=full&id=f002bfc5-7d87-46b6-819e-8415422b65c9#MD_DataIdentification, http://nationaalgeoregister.nl/geonetwork/srv/en/csw?service=CSW&version=2.0.2&request=GetRecordById&outputschema=http://www.isotc211.org/2005/gmd&elementsetname=full&id=f0821bfe-5a0a-11e9-8647-d663bd873d93#MD_DataIdentification, http://nationaalgeoregister.nl/geonetwork/srv/en/csw?service=CSW&version=2.0.2&request=GetRecordById&outputschema=http://www.isotc211.org/2005/gmd&elementsetname=full&id=60a2a7c2-d5b3-4ad5-b562-c448695357fb#MD_DataIdentification, http://nationaalgeoregister.nl/geonetwork/srv/en/csw?service=CSW&version=2.0.2&request=GetRecordById&outputschema=http://www.isotc211.org/2005/gmd&elementsetname=full&id=c7d8d77b-8c47-4309-8c58-9b12b086407f#MD_DataIdentification, http://nationaalgeoregister.nl/geonetwork/srv/en/csw?service=CSW&version=2.0.2&request=GetRecordById&outputschema=http://www.isotc211.org/2005/gmd&elementsetname=full&id=ca94a0cb-7561-4a10-a7d6-b840e56c33ff#MD_DataIdentification, http://nationaalgeoregister.nl/geonetwork/srv/en/csw?service=CSW&version=2.0.2&request=GetRecordById&outputschema=http://www.isotc211.org/2005/gmd&elementsetname=full&id=cc408b2d-09a6-4b2b-9aa3-b46bfe2f00a5#MD_DataIdentification, http://nationaalgeoregister.nl/geonetwork/srv/en/csw?service=CSW&version=2.0.2&request=GetRecordById&outputschema=http://www.isotc211.org/2005/gmd&elementsetname=full&id=998ba1dc-f6a6-49a3-a021-51f30d9b1d0e#MD_DataIdentification, https://www.nationaalgeoregister.nl:443/geonetwork/srv/dut/csw?service=CSW&request=GetRecordById&version=2.0.2&outputSchema=http://www.isotc211.org/2005/gmd&elementSetName=full&id=49ab8bee-b467-486a-96ca-b950443c453a#MD_DataIdentification]",
  "organisation": "Beheer PDOK",
  "serviceIdentifierCode": "25c69c01-8dfa-406f-bbcb-24feba25dcc6",
  "servicetype": "view",
  "title": "Beschermde gebieden - Provincies (INSPIRE geharmoniseerd) WMS V1",
  "url": "https://geodata.nationaalgeoregister.nl/provincies/ps/wms/v1?SERVICE=WMS&REQUEST=GetCapabilities"
}

15:21:43.661 [ForkJoinPool-2-worker-5] INFO  com.intuit.karate - [print] testing url:https://geodata.nationaalgeoregister.nl/provincies/ps/wms/v1?SERVICE=WMS&REQUEST=GetCapabilities
15:21:43.662 [ForkJoinPool-2-worker-5] DEBUG com.intuit.karate - request:
1 > HEAD https://geodata.nationaalgeoregister.nl/provincies/ps/wms/v1?SERVICE=WMS&REQUEST=GetCapabilities
1 > Accept-Encoding: gzip,deflate
1 > Connection: Keep-Alive
1 > Host: geodata.nationaalgeoregister.nl
1 > User-Agent: Apache-HttpClient/4.5.11 (Java/13.0.5)

15:21:43.755 [ForkJoinPool-2-worker-7] DEBUG com.intuit.karate - response time in milliseconds: 398.08
1 < 200
1 < Access-Control-Allow-Headers: SOAPAction,X-Requested-With,Content-Type,Origin,Authorization,Accept
1 < Access-Control-Allow-Methods: POST, GET, OPTIONS, HEAD
1 < Access-Control-Allow-Origin: *
1 < Access-Control-Max-Age: 1000
1 < Content-Length: 73
1 < Content-Type: text/html; charset=UTF-8
1 < Date: Mon, 26 Oct 2020 15:21:43 GMT
1 < Server: lighttpd/1.4.53
1 < X-Cnection: [close, close]

15:21:43.757 [pool-4-thread-3] INFO  com.intuit.karate.Runner - <<pass>> feature 160 of 367: tmp/junit17863174098671850733/Beheer-PDOK/Invasieve-Exoten--INSPIRE-Geharmoniseerd-/view/Spreiding-van-soorten---Invasieve-Exoten--INSPIRE-geharmoniseerd--WMS-V1/checkViewUrl.feature
---------------------------------------------------------
feature: tmp/junit17863174098671850733/Beheer-PDOK/Invasieve-Exoten--INSPIRE-Geharmoniseerd-/view/Spreiding-van-soorten---Invasieve-Exoten--INSPIRE-geharmoniseerd--WMS-V1/checkViewUrl.feature
report: target/surefire-reports/tmp.junit17863174098671850733.Beheer-PDOK.Invasieve-Exoten--INSPIRE-Geharmoniseerd-.view.Spreiding-van-soorten---Invasieve-Exoten--INSPIRE-geharmoniseerd--WMS-V1.checkViewUrl.json
scenarios:  1 | passed:  1 | failed:  0 | time: 0.4024
---------------------------------------------------------
15:21:43.760 [ForkJoinPool-2-worker-7] INFO  com.intuit.karate - karate.env system property was:  
15:21:43.761 [ForkJoinPool-2-worker-7] INFO  com.intuit.karate - [print] {
  "class": "metadata.Service",
  "electronicMailAddress": "[beheerPDOK@kadaster.nl, beheerPDOK@kadaster.nl]",
  "metadataStandardVersion": "Nederlands metadata profiel op ISO 19119 voor services 2.0",
  "operatesOn": "https://www.nationaalgeoregister.nl/geonetwork/srv/dut/csw?service=CSW&request=GetRecordById&version=2.0.2&outputSchema=http://www.isotc211.org/2005/gmd&elementSetName=full&id=e80ad426-1392-4349-9f80-14dae5f1bf57#MD_DataIdentification",
  "organisation": "Beheer PDOK",
  "serviceIdentifierCode": "d7bc97fa-6b4a-4321-a7c4-cd621bc0be77",
  "servicetype": "download",
  "title": "Kadastrale Percelen (INSPIRE geharmoniseerd) WFS",
  "url": "https://geodata.nationaalgeoregister.nl/inspire/cp/wfs?request=GetCapabilities"
}

15:21:43.761 [ForkJoinPool-2-worker-7] INFO  com.intuit.karate - [print] testing url:https://geodata.nationaalgeoregister.nl/inspire/cp/wfs?request=GetCapabilities
15:21:43.762 [ForkJoinPool-2-worker-7] DEBUG com.intuit.karate - request:
1 > HEAD https://geodata.nationaalgeoregister.nl/inspire/cp/wfs?request=GetCapabilities
1 > Accept-Encoding: gzip,deflate
1 > Connection: Keep-Alive
1 > Host: geodata.nationaalgeoregister.nl
1 > User-Agent: Apache-HttpClient/4.5.11 (Java/13.0.5)

15:21:43.929 [ForkJoinPool-2-worker-3] DEBUG com.intuit.karate - response time in milliseconds: 388.55
1 < 200
1 < Access-Control-Allow-Headers: SOAPAction,X-Requested-With,Content-Type,Origin,Authorization,Accept
1 < Access-Control-Allow-Methods: POST, GET, OPTIONS, HEAD
1 < Access-Control-Allow-Origin: *
1 < Access-Control-Max-Age: 1000
1 < Content-Length: 73
1 < Content-Type: text/html; charset=UTF-8
1 < Date: Mon, 26 Oct 2020 15:21:43 GMT
1 < Server: lighttpd/1.4.53
1 < X-Cnection: [close, close]

15:21:43.931 [pool-4-thread-1] INFO  com.intuit.karate.Runner - <<pass>> feature 161 of 367: tmp/junit17863174098671850733/Beheer-PDOK/Invasieve-Exoten--INSPIRE-Geharmoniseerd-/other/Spreiding-van-soorten---Invasieve-Exoten-WFS-V1/checkOtherUrl.feature
---------------------------------------------------------
feature: tmp/junit17863174098671850733/Beheer-PDOK/Invasieve-Exoten--INSPIRE-Geharmoniseerd-/other/Spreiding-van-soorten---Invasieve-Exoten-WFS-V1/checkOtherUrl.feature
report: target/surefire-reports/tmp.junit17863174098671850733.Beheer-PDOK.Invasieve-Exoten--INSPIRE-Geharmoniseerd-.other.Spreiding-van-soorten---Invasieve-Exoten-WFS-V1.checkOtherUrl.json
scenarios:  1 | passed:  1 | failed:  0 | time: 0.3916
---------------------------------------------------------
15:21:43.937 [ForkJoinPool-2-worker-3] INFO  com.intuit.karate - karate.env system property was:  
15:21:43.939 [ForkJoinPool-2-worker-3] INFO  com.intuit.karate - [print] {
  "class": "metadata.Service",
  "electronicMailAddress": "[beheerpdok@kadaster.nl, beheerpdok@kadaster.nl]",
  "metadataStandardVersion": "Nederlands metadata profiel op ISO 19119 voor services 2.0",
  "operatesOn": "https://nationaalgeoregister.nl/geonetwork/srv/dut/csw?service=CSW&request=GetRecordById&version=2.0.2&outputSchema=http://www.isotc211.org/2005/gmd&elementSetName=full&id=e80ad426-1392-4349-9f80-14dae5f1bf57#MD_DataIdentification",
  "organisation": "Beheer PDOK",
  "serviceIdentifierCode": "e222648d-d19e-4a99-a67d-2af1c9aabd75",
  "servicetype": "download",
  "title": "Cadastral parcels (INSPIRE geharmoniseerd) ATOM",
  "url": "https://service.pdok.nl/kadaster/cp/atom/v1_0/index.xml"
}

15:21:43.942 [ForkJoinPool-2-worker-3] INFO  com.intuit.karate - [print] testing url:https://service.pdok.nl/kadaster/cp/atom/v1_0/index.xml
15:21:43.944 [ForkJoinPool-2-worker-3] DEBUG com.intuit.karate - request:
1 > HEAD https://service.pdok.nl/kadaster/cp/atom/v1_0/index.xml
1 > Accept-Encoding: gzip,deflate
1 > Connection: Keep-Alive
1 > Host: service.pdok.nl
1 > User-Agent: Apache-HttpClient/4.5.11 (Java/13.0.5)

15:21:44.025 [ForkJoinPool-2-worker-1] DEBUG com.intuit.karate - response time in milliseconds: 413.51
1 < 200
1 < Accept-Ranges: bytes
1 < Access-Control-Allow-Headers: SOAPAction,X-Requested-With,Content-Type,Origin,Authorization,Accept
1 < Access-Control-Allow-Methods: POST, GET, OPTIONS, HEAD
1 < Access-Control-Allow-Origin: *
1 < Access-Control-Max-Age: 1000
1 < Content-Length: 11308
1 < Content-Security-Policy: block-all-mixed-content
1 < Content-Type: application/xml
1 < Date: Mon, 26 Oct 2020 15:21:43 GMT
1 < Etag: "6a5a193d3183c09bef2e90757c76cd43-1"
1 < Last-Modified: Wed, 20 Nov 2019 11:50:24 GMT
1 < Server: MinIO/RELEASE.2020-09-21T22-31-59Z
1 < Vary: Origin
1 < X-Amz-Bucket-Region: Amsterdam
1 < X-Amz-Request-Id: 16419407E6EEA106
1 < X-Cnection: [close, close]
1 < X-Xss-Protection: 1; mode=block

15:21:44.026 [ForkJoinPool-2-worker-1] ERROR com.intuit.karate - assertion failed: path: $['Content-Type'][0], actual: 'application/xml', expected: 'text/xml', reason: not equal
15:21:44.046 [pool-4-thread-2] INFO  com.intuit.karate.Runner - <<fail>> feature 162 of 367: tmp/junit17863174098671850733/Beheer-PDOK/Natuurnetwerk-Nederland/download/Beschermde-gebieden---Provincies--INSPIRE-geharmoniseerd--ATOM-V1/checkdownloadurl.feature
---------------------------------------------------------
feature: tmp/junit17863174098671850733/Beheer-PDOK/Natuurnetwerk-Nederland/download/Beschermde-gebieden---Provincies--INSPIRE-geharmoniseerd--ATOM-V1/checkdownloadurl.feature
report: target/surefire-reports/tmp.junit17863174098671850733.Beheer-PDOK.Natuurnetwerk-Nederland.download.Beschermde-gebieden---Provincies--INSPIRE-geharmoniseerd--ATOM-V1.checkdownloadurl.json
scenarios:  1 | passed:  0 | failed:  1 | time: 0.4165
---------------------------------------------------------
15:21:44.050 [ForkJoinPool-2-worker-1] INFO  com.intuit.karate - karate.env system property was:  
15:21:44.053 [ForkJoinPool-2-worker-1] INFO  com.intuit.karate - [print] {
  "class": "metadata.Service",
  "electronicMailAddress": "[beheerPDOK@kadaster.nl, beheerPDOK@kadaster.nl]",
  "metadataStandardVersion": "Nederlands metadata profiel op ISO 19119 voor services 2.0",
  "operatesOn": "https://www.nationaalgeoregister.nl/geonetwork/srv/dut/csw?service=CSW&request=GetRecordById&version=2.0.2&outputSchema=http://www.isotc211.org/2005/gmd&elementSetName=full&id=e80ad426-1392-4349-9f80-14dae5f1bf57#MD_DataIdentification",
  "organisation": "Beheer PDOK",
  "serviceIdentifierCode": "1cb58f52-c397-4cec-aba3-45358db3c4c9",
  "servicetype": "view",
  "title": "Kadastrale Percelen (INSPIRE geharmoniseerd) WMS",
  "url": "https://geodata.nationaalgeoregister.nl/inspire/cp/wms?request=GetCapabilities"
}

15:21:44.053 [ForkJoinPool-2-worker-1] INFO  com.intuit.karate - [print] testing url:https://geodata.nationaalgeoregister.nl/inspire/cp/wms?request=GetCapabilities
15:21:44.054 [ForkJoinPool-2-worker-1] DEBUG com.intuit.karate - request:
1 > HEAD https://geodata.nationaalgeoregister.nl/inspire/cp/wms?request=GetCapabilities
1 > Accept-Encoding: gzip,deflate
1 > Connection: Keep-Alive
1 > Host: geodata.nationaalgeoregister.nl
1 > User-Agent: Apache-HttpClient/4.5.11 (Java/13.0.5)

15:21:44.166 [ForkJoinPool-2-worker-7] DEBUG com.intuit.karate - response time in milliseconds: 404.23
1 < 200
1 < Accept-Ranges: bytes
1 < Access-Control-Allow-Headers: SOAPAction,X-Requested-With,Content-Type,Origin,Authorization,Accept
1 < Access-Control-Allow-Methods: POST, GET, OPTIONS, HEAD
1 < Access-Control-Allow-Origin: *
1 < Access-Control-Max-Age: 1000
1 < Content-Type: application/xml
1 < Date: Mon, 26 Oct 2020 15:21:44 GMT
1 < ETag: "18664-5af58ad4f2e69-gzip"
1 < Last-Modified: Tue, 15 Sep 2020 11:44:43 GMT
1 < Vary: Accept-Encoding
1 < X-Cnection: [close, close]

15:21:44.166 [ForkJoinPool-2-worker-7] ERROR com.intuit.karate - assertion failed: path: $['Content-Length'][0], actual: null, expected: '#notnull', reason: actual json-path does not exist
15:21:44.168 [pool-4-thread-3] INFO  com.intuit.karate.Runner - <<fail>> feature 164 of 367: tmp/junit17863174098671850733/Beheer-PDOK/Kadastrale-Percelen--INSPIRE-geharmoniseerd-/download/Kadastrale-Percelen--INSPIRE-geharmoniseerd--WFS/checkdownloadurl.feature
---------------------------------------------------------
feature: tmp/junit17863174098671850733/Beheer-PDOK/Kadastrale-Percelen--INSPIRE-geharmoniseerd-/download/Kadastrale-Percelen--INSPIRE-geharmoniseerd--WFS/checkdownloadurl.feature
report: target/surefire-reports/tmp.junit17863174098671850733.Beheer-PDOK.Kadastrale-Percelen--INSPIRE-geharmoniseerd-.download.Kadastrale-Percelen--INSPIRE-geharmoniseerd--WFS.checkdownloadurl.json
scenarios:  1 | passed:  0 | failed:  1 | time: 0.4064
---------------------------------------------------------
15:21:44.172 [ForkJoinPool-2-worker-7] INFO  com.intuit.karate - karate.env system property was:  
15:21:44.174 [ForkJoinPool-2-worker-7] INFO  com.intuit.karate - [print] {
  "class": "metadata.Service",
  "electronicMailAddress": "[beheerpdok@kadaster.nl, beheerpdok@kadaster.nl]",
  "metadataStandardVersion": "Nederlands metadata profiel op ISO 19119 voor services 2.1.0",
  "operatesOn": "https://nationaalgeoregister.nl/geonetwork/srv/dut/csw?service=CSW&request=GetRecordById&version=2.0.2&outputSchema=http://www.isotc211.org/2005/gmd&elementSetName=full&id=e80ad426-1392-4349-9f80-14dae5f1bf57#MD_DataIdentification",
  "organisation": "Beheer PDOK",
  "serviceIdentifierCode": "e258f171-6f56-4d4d-8311-027b30213c2d",
  "servicetype": "view",
  "title": "Cadastral parcels (INSPIRE geharmoniseerd) WMS",
  "url": "https://service.pdok.nl/kadaster/cp/wms/v1_0?request=GetCapabilities&service=WMS"
}

15:21:44.175 [ForkJoinPool-2-worker-7] INFO  com.intuit.karate - [print] testing url:https://service.pdok.nl/kadaster/cp/wms/v1_0?request=GetCapabilities&service=WMS
15:21:44.176 [ForkJoinPool-2-worker-7] DEBUG com.intuit.karate - request:
1 > HEAD https://service.pdok.nl/kadaster/cp/wms/v1_0?request=GetCapabilities&service=WMS
1 > Accept-Encoding: gzip,deflate
1 > Connection: Keep-Alive
1 > Host: service.pdok.nl
1 > User-Agent: Apache-HttpClient/4.5.11 (Java/13.0.5)

15:21:44.220 [ForkJoinPool-2-worker-5] DEBUG com.intuit.karate - response time in milliseconds: 558.20
1 < 200
1 < Access-Control-Allow-Headers: SOAPAction,X-Requested-With,Content-Type,Origin,Authorization,Accept
1 < Access-Control-Allow-Methods: POST, GET, OPTIONS, HEAD
1 < Access-Control-Allow-Origin: *
1 < Access-Control-Max-Age: 1000
1 < Content-Length: 73
1 < Content-Type: text/html; charset=UTF-8
1 < Date: Mon, 26 Oct 2020 15:21:44 GMT
1 < Server: lighttpd/1.4.53
1 < X-Cnection: [close, close]

15:21:44.222 [pool-4-thread-4] INFO  com.intuit.karate.Runner - <<pass>> feature 163 of 367: tmp/junit17863174098671850733/Beheer-PDOK/Natuurnetwerk-Nederland/view/Beschermde-gebieden---Provincies--INSPIRE-geharmoniseerd--WMS-V1/checkViewUrl.feature
---------------------------------------------------------
feature: tmp/junit17863174098671850733/Beheer-PDOK/Natuurnetwerk-Nederland/view/Beschermde-gebieden---Provincies--INSPIRE-geharmoniseerd--WMS-V1/checkViewUrl.feature
report: target/surefire-reports/tmp.junit17863174098671850733.Beheer-PDOK.Natuurnetwerk-Nederland.view.Beschermde-gebieden---Provincies--INSPIRE-geharmoniseerd--WMS-V1.checkViewUrl.json
scenarios:  1 | passed:  1 | failed:  0 | time: 0.5655
---------------------------------------------------------
15:21:44.225 [ForkJoinPool-2-worker-5] INFO  com.intuit.karate - karate.env system property was:  
15:21:44.227 [ForkJoinPool-2-worker-5] INFO  com.intuit.karate - [print] {
  "class": "metadata.Service",
  "electronicMailAddress": "[beheerpdok@kadaster.nl, beheer pdok@kadaster.nl]",
  "metadataStandardVersion": "Nederlands metadata profiel op ISO 19119 voor services 2.0",
  "operatesOn": "[https://www.nationaalgeoregister.nl:443/geonetwork/srv/dut/csw?service=CSW&request=GetRecordById&version=2.0.2&outputSchema=http://www.isotc211.org/2005/gmd&elementSetName=full&id=5a1adb58-0bbe-425d-b0fe-577a6c0a4228#MD_DataIdentification, https://www.nationaalgeoregister.nl:443/geonetwork/srv/dut/csw?service=CSW&request=GetRecordById&version=2.0.2&outputSchema=http://www.isotc211.org/2005/gmd&elementSetName=full&id=71c2b7d2-a1a8-4836-b8d4-7247d331b04d#MD_DataIdentification, https://www.nationaalgeoregister.nl:443/geonetwork/srv/dut/csw?service=CSW&request=GetRecordById&version=2.0.2&outputSchema=http://www.isotc211.org/2005/gmd&elementSetName=full&id=1462bbce-ccd3-4362-83d8-4535ca8f44eb#MD_DataIdentification, https://www.nationaalgeoregister.nl:443/geonetwork/srv/dut/csw?service=CSW&request=GetRecordById&version=2.0.2&outputSchema=http://www.isotc211.org/2005/gmd&elementSetName=full&id=f605a24f-60cd-4c40-94c8-2186aba3ddd0#MD_DataIdentification, https://www.nationaalgeoregister.nl:443/geonetwork/srv/dut/csw?service=CSW&request=GetRecordById&version=2.0.2&outputSchema=http://www.isotc211.org/2005/gmd&elementSetName=full&id=76091be7-358a-4a44-8182-b4139c96c6a4#MD_DataIdentification, https://www.nationaalgeoregister.nl:443/geonetwork/srv/dut/csw?service=CSW&request=GetRecordById&version=2.0.2&outputSchema=http://www.isotc211.org/2005/gmd&elementSetName=full&id=8829e5dd-c861-4639-a6c8-fdbb6e3440d2#MD_DataIdentification, https://www.nationaalgeoregister.nl:443/geonetwork/srv/dut/csw?service=CSW&request=GetRecordById&version=2.0.2&outputSchema=http://www.isotc211.org/2005/gmd&elementSetName=full&id=710c381c-ab2d-45d5-a45d-af2eba811e5f#MD_DataIdentification, https://www.nationaalgeoregister.nl:443/geonetwork/srv/dut/csw?service=CSW&request=GetRecordById&version=2.0.2&outputSchema=http://www.isotc211.org/2005/gmd&elementSetName=full&id=a9b7026e-0a81-4813-93bd-ba49e6f28502#MD_DataIdentification, https://www.nationaalgeoregister.nl:443/geonetwork/srv/dut/csw?service=CSW&request=GetRecordById&version=2.0.2&outputSchema=http://www.isotc211.org/2005/gmd&elementSetName=full&id=2e5f0f60-0f2f-4e17-96af-c913fe305ecb#MD_DataIdentification, https://www.nationaalgeoregister.nl:443/geonetwork/srv/dut/csw?service=CSW&request=GetRecordById&version=2.0.2&outputSchema=http://www.isotc211.org/2005/gmd&elementSetName=full&id=00d8c7c8-98ff-4b06-8f53-b44216e6e75c#MD_DataIdentification, https://www.nationaalgeoregister.nl:443/geonetwork/srv/dut/csw?service=CSW&request=GetRecordById&version=2.0.2&outputSchema=http://www.isotc211.org/2005/gmd&elementSetName=full&id=701d4eb8-8aae-4708-bba5-3edf6987676d#MD_DataIdentification, https://www.nationaalgeoregister.nl:443/geonetwork/srv/dut/csw?service=CSW&request=GetRecordById&version=2.0.2&outputSchema=http://www.isotc211.org/2005/gmd&elementSetName=full&id=17716ed7-ce0d-4bfd-8868-a398e5578a36#MD_DataIdentification, https://www.nationaalgeoregister.nl:443/geonetwork/srv/dut/csw?service=CSW&request=GetRecordById&version=2.0.2&outputSchema=http://www.isotc211.org/2005/gmd&elementSetName=full&id=29d5310f-dd0d-45ba-abad-b4ffc6b8785f#MD_DataIdentification, https://www.nationaalgeoregister.nl:443/geonetwork/srv/dut/csw?service=CSW&request=GetRecordById&version=2.0.2&outputSchema=http://www.isotc211.org/2005/gmd&elementSetName=full&id=831f7bd7-c2ae-4336-bd2f-47ab20d7cdb7#MD_DataIdentification, https://www.nationaalgeoregister.nl:443/geonetwork/srv/dut/csw?service=CSW&request=GetRecordById&version=2.0.2&outputSchema=http://www.isotc211.org/2005/gmd&elementSetName=full&id=0f297898-2640-44c2-bbe9-c0480da83794#MD_DataIdentification, https://www.nationaalgeoregister.nl:443/geonetwork/srv/dut/csw?service=CSW&request=GetRecordById&version=2.0.2&outputSchema=http://www.isotc211.org/2005/gmd&elementSetName=full&id=abaf1e22-55aa-4a11-a855-7ac963e4a82b#MD_DataIdentification, https://www.nationaalgeoregister.nl:443/geonetwork/srv/dut/csw?service=CSW&request=GetRecordById&version=2.0.2&outputSchema=http://www.isotc211.org/2005/gmd&elementSetName=full&id=07d73b60-dfd6-4c54-9c82-9fac70c6c48e#MD_DataIdentification, https://www.nationaalgeoregister.nl:443/geonetwork/srv/dut/csw?service=CSW&request=GetRecordById&version=2.0.2&outputSchema=http://www.isotc211.org/2005/gmd&elementSetName=full&id=d25fe199-2430-48fd-ad57-5b5f79f73cdf#MD_DataIdentification, https://www.nationaalgeoregister.nl:443/geonetwork/srv/dut/csw?service=CSW&request=GetRecordById&version=2.0.2&outputSchema=http://www.isotc211.org/2005/gmd&elementSetName=full&id=e536d943-ecff-4d7a-9500-cc31a263a6af#MD_DataIdentification, https://www.nationaalgeoregister.nl:443/geonetwork/srv/dut/csw?service=CSW&request=GetRecordById&version=2.0.2&outputSchema=http://www.isotc211.org/2005/gmd&elementSetName=full&id=bbece924-9aab-4e00-8392-bce36b8f494e#MD_DataIdentification, https://www.nationaalgeoregister.nl:443/geonetwork/srv/dut/csw?service=CSW&request=GetRecordById&version=2.0.2&outputSchema=http://www.isotc211.org/2005/gmd&elementSetName=full&id=c935f2ab-9b65-4dc4-94a0-73aeb840a941#MD_DataIdentification, https://www.nationaalgeoregister.nl:443/geonetwork/srv/dut/csw?service=CSW&request=GetRecordById&version=2.0.2&outputSchema=http://www.isotc211.org/2005/gmd&elementSetName=full&id=81ff84ec-42a4-4481-840b-12713bbb5d38#MD_DataIdentification, https://www.nationaalgeoregister.nl:443/geonetwork/srv/dut/csw?service=CSW&request=GetRecordById&version=2.0.2&outputSchema=http://www.isotc211.org/2005/gmd&elementSetName=full&id=af0c582f-9e6b-46e6-865a-fc3a2d5289b9#MD_DataIdentification, https://www.nationaalgeoregister.nl:443/geonetwork/srv/dut/csw?service=CSW&request=GetRecordById&version=2.0.2&outputSchema=http://www.isotc211.org/2005/gmd&elementSetName=full&id=3eebf700-5abf-42e4-826c-03cfb497e366#MD_DataIdentification, https://www.nationaalgeoregister.nl:443/geonetwork/srv/dut/csw?service=CSW&request=GetRecordById&version=2.0.2&outputSchema=http://www.isotc211.org/2005/gmd&elementSetName=full&id=9d9f1738-aced-47c9-aaa0-c62474a2dcfb#MD_DataIdentification, https://www.nationaalgeoregister.nl:443/geonetwork/srv/dut/csw?service=CSW&request=GetRecordById&version=2.0.2&outputSchema=http://www.isotc211.org/2005/gmd&elementSetName=full&id=8eee71f9-9365-490d-9484-00263c6fa35c#MD_DataIdentification, https://www.nationaalgeoregister.nl:443/geonetwork/srv/dut/csw?service=CSW&request=GetRecordById&version=2.0.2&outputSchema=http://www.isotc211.org/2005/gmd&elementSetName=full&id=4961d305-fbb5-426a-9ba3-53e1ca5f3b18#MD_DataIdentification, https://www.nationaalgeoregister.nl:443/geonetwork/srv/dut/csw?service=CSW&request=GetRecordById&version=2.0.2&outputSchema=http://www.isotc211.org/2005/gmd&elementSetName=full&id=2af8df10-81ba-434a-8125-34fe8f127cf9#MD_DataIdentification, https://www.nationaalgeoregister.nl:443/geonetwork/srv/dut/csw?service=CSW&request=GetRecordById&version=2.0.2&outputSchema=http://www.isotc211.org/2005/gmd&elementSetName=full&id=6cde2ce7-3ecd-4785-b7b8-d62c3381efe9#MD_DataIdentification, https://www.nationaalgeoregister.nl:443/geonetwork/srv/dut/csw?service=CSW&request=GetRecordById&version=2.0.2&outputSchema=http://www.isotc211.org/2005/gmd&elementSetName=full&id=3229e4d7-4bcd-4b94-819d-8e62de69ce2e#MD_DataIdentification, https://www.nationaalgeoregister.nl:443/geonetwork/srv/dut/csw?service=CSW&request=GetRecordById&version=2.0.2&outputSchema=http://www.isotc211.org/2005/gmd&elementSetName=full&id=5d0dc580-ba7a-4c3b-968b-199efd92d6cf#MD_DataIdentification, https://www.nationaalgeoregister.nl:443/geonetwork/srv/dut/csw?service=CSW&request=GetRecordById&version=2.0.2&outputSchema=http://www.isotc211.org/2005/gmd&elementSetName=full&id=bffcd5d9-02b4-4e7d-991f-a386611cad84#MD_DataIdentification, https://www.nationaalgeoregister.nl:443/geonetwork/srv/dut/csw?service=CSW&request=GetRecordById&version=2.0.2&outputSchema=http://www.isotc211.org/2005/gmd&elementSetName=full&id=effe1ab0-073d-437c-af13-df5c5e07d6cd#MD_DataIdentification]",
  "organisation": "Beheer PDOK",
  "serviceIdentifierCode": "9ff1a13c-d1e0-4150-8523-91cb489ae1a4",
  "servicetype": "download",
  "title": "INSPIRE download service PDOK",
  "url": "https://geodata.nationaalgeoregister.nl/atom/index.xml"
}

15:21:44.228 [ForkJoinPool-2-worker-5] INFO  com.intuit.karate - [print] testing url:https://geodata.nationaalgeoregister.nl/atom/index.xml
15:21:44.228 [ForkJoinPool-2-worker-5] DEBUG com.intuit.karate - request:
1 > HEAD https://geodata.nationaalgeoregister.nl/atom/index.xml
1 > Accept-Encoding: gzip,deflate
1 > Connection: Keep-Alive
1 > Host: geodata.nationaalgeoregister.nl
1 > User-Agent: Apache-HttpClient/4.5.11 (Java/13.0.5)

15:21:44.346 [ForkJoinPool-2-worker-3] DEBUG com.intuit.karate - response time in milliseconds: 399.64
1 < 200
1 < Accept-Ranges: bytes
1 < Access-Control-Allow-Headers: Content-Type
1 < Access-Control-Allow-Method: GET,OPTIONS,HEAD
1 < Access-Control-Allow-Origin: *
1 < Content-Length: 3316
1 < Content-Type: text/xml
1 < Date: Mon, 26 Oct 2020 15:21:44 GMT
1 < Etag: "1697998640"
1 < Last-Modified: Wed, 21 Oct 2020 23:11:25 GMT
1 < Server: PDOK ATOM SERVER
1 < Strict-Transport-Security: max-age=3600; includeSubDomains; preload

15:21:44.349 [pool-4-thread-1] INFO  com.intuit.karate.Runner - <<pass>> feature 165 of 367: tmp/junit17863174098671850733/Beheer-PDOK/Kadastrale-Percelen--INSPIRE-geharmoniseerd-/download/Cadastral-parcels--INSPIRE-geharmoniseerd--ATOM/checkdownloadurl.feature
---------------------------------------------------------
feature: tmp/junit17863174098671850733/Beheer-PDOK/Kadastrale-Percelen--INSPIRE-geharmoniseerd-/download/Cadastral-parcels--INSPIRE-geharmoniseerd--ATOM/checkdownloadurl.feature
report: target/surefire-reports/tmp.junit17863174098671850733.Beheer-PDOK.Kadastrale-Percelen--INSPIRE-geharmoniseerd-.download.Cadastral-parcels--INSPIRE-geharmoniseerd--ATOM.checkdownloadurl.json
scenarios:  1 | passed:  1 | failed:  0 | time: 0.4090
---------------------------------------------------------
15:21:44.353 [ForkJoinPool-2-worker-3] INFO  com.intuit.karate - karate.env system property was:  
15:21:44.359 [ForkJoinPool-2-worker-3] INFO  com.intuit.karate - [print] {
  "class": "metadata.Service",
  "electronicMailAddress": "[beheerPDOK@kadaster.nl, beheerPDOK@kadaster.nl]",
  "metadataStandardVersion": "Nederlands metadata profiel op ISO 19119 voor services 2.0",
  "operatesOn": "http://nationaalgeoregister.nl/geonetwork/srv/dut/csw?service=CSW&version=2.0.2&request=GetRecordById&outputschema=http://www.isotc211.org/2005/gmd&elementsetname=full&id=71c2b7d2-a1a8-4836-b8d4-7247d331b04d#MD_DataIdentification",
  "organisation": "Beheer PDOK",
  "serviceIdentifierCode": "c226f573-4b39-4cbd-b84b-01f308e70972",
  "servicetype": "download",
  "title": "CBS Provincies WFS",
  "url": "https://geodata.nationaalgeoregister.nl/cbsprovincies/wfs?request=GetCapabilities"
}

15:21:44.360 [ForkJoinPool-2-worker-3] INFO  com.intuit.karate - [print] testing url:https://geodata.nationaalgeoregister.nl/cbsprovincies/wfs?request=GetCapabilities
15:21:44.360 [ForkJoinPool-2-worker-3] DEBUG com.intuit.karate - request:
1 > HEAD https://geodata.nationaalgeoregister.nl/cbsprovincies/wfs?request=GetCapabilities
1 > Accept-Encoding: gzip,deflate
1 > Connection: Keep-Alive
1 > Host: geodata.nationaalgeoregister.nl
1 > User-Agent: Apache-HttpClient/4.5.11 (Java/13.0.5)

15:21:44.478 [ForkJoinPool-2-worker-1] DEBUG com.intuit.karate - response time in milliseconds: 423.61
1 < 404
1 < Access-Control-Allow-Headers: SOAPAction,X-Requested-With,Content-Type,Origin,Authorization,Accept
1 < Access-Control-Allow-Methods: POST, GET, OPTIONS, HEAD
1 < Access-Control-Allow-Origin: *
1 < Access-Control-Max-Age: 1000
1 < Content-Type: application/json;charset=UTF-8
1 < Date: Mon, 26 Oct 2020 15:21:44 GMT
1 < Transfer-Encoding: chunked
1 < X-Cnection: [close, close]

15:21:44.478 [ForkJoinPool-2-worker-1] ERROR com.intuit.karate - status code was: 404, expected: 200, response time: 424, url: https://geodata.nationaalgeoregister.nl/inspire/cp/wms?request=GetCapabilities, response: 
15:21:44.480 [pool-4-thread-2] INFO  com.intuit.karate.Runner - <<fail>> feature 166 of 367: tmp/junit17863174098671850733/Beheer-PDOK/Kadastrale-Percelen--INSPIRE-geharmoniseerd-/view/Kadastrale-Percelen--INSPIRE-geharmoniseerd--WMS/checkViewUrl.feature
---------------------------------------------------------
feature: tmp/junit17863174098671850733/Beheer-PDOK/Kadastrale-Percelen--INSPIRE-geharmoniseerd-/view/Kadastrale-Percelen--INSPIRE-geharmoniseerd--WMS/checkViewUrl.feature
report: target/surefire-reports/tmp.junit17863174098671850733.Beheer-PDOK.Kadastrale-Percelen--INSPIRE-geharmoniseerd-.view.Kadastrale-Percelen--INSPIRE-geharmoniseerd--WMS.checkViewUrl.json
scenarios:  1 | passed:  0 | failed:  1 | time: 0.4286
---------------------------------------------------------
15:21:44.485 [ForkJoinPool-2-worker-1] INFO  com.intuit.karate - karate.env system property was:  
15:21:44.486 [ForkJoinPool-2-worker-1] INFO  com.intuit.karate - [print] {
  "class": "metadata.Service",
  "electronicMailAddress": "[beheerPDOK@kadaster.nl, beheerPDOK@kadaster.nl]",
  "metadataStandardVersion": "Nederlands metadata profiel op ISO 19119 voor services 2.0",
  "operatesOn": "http://nationaalgeoregister.nl/geonetwork/srv/dut/csw?service=CSW&version=2.0.2&request=GetRecordById&outputschema=http://www.isotc211.org/2005/gmd&elementsetname=full&id=71c2b7d2-a1a8-4836-b8d4-7247d331b04d#MD_DataIdentification",
  "organisation": "Beheer PDOK",
  "serviceIdentifierCode": "9699058e-707e-41df-93b5-ff75654d32b2",
  "servicetype": "view",
  "title": "CBS Provincies WMS",
  "url": "https://geodata.nationaalgeoregister.nl/cbsprovincies/wms?request=GetCapabilities"
}

15:21:44.487 [ForkJoinPool-2-worker-1] INFO  com.intuit.karate - [print] testing url:https://geodata.nationaalgeoregister.nl/cbsprovincies/wms?request=GetCapabilities
15:21:44.487 [ForkJoinPool-2-worker-1] DEBUG com.intuit.karate - request:
1 > HEAD https://geodata.nationaalgeoregister.nl/cbsprovincies/wms?request=GetCapabilities
1 > Accept-Encoding: gzip,deflate
1 > Connection: Keep-Alive
1 > Host: geodata.nationaalgeoregister.nl
1 > User-Agent: Apache-HttpClient/4.5.11 (Java/13.0.5)

15:21:44.542 [ForkJoinPool-2-worker-7] DEBUG com.intuit.karate - response time in milliseconds: 363.68
1 < 200
1 < Access-Control-Allow-Headers: Content-Type
1 < Access-Control-Allow-Method: GET,POST,OPTIONS
1 < Access-Control-Allow-Origin: *
1 < Content-Length: 9425
1 < Content-Type: text/xml; charset=UTF-8
1 < Date: Mon, 26 Oct 2020 15:21:44 GMT
1 < Server: lighttpd/1.4.53
1 < Strict-Transport-Security: max-age=3600; includeSubDomains; preload

15:21:44.544 [pool-4-thread-3] INFO  com.intuit.karate.Runner - <<pass>> feature 167 of 367: tmp/junit17863174098671850733/Beheer-PDOK/Kadastrale-Percelen--INSPIRE-geharmoniseerd-/view/Cadastral-parcels--INSPIRE-geharmoniseerd--WMS/checkViewUrl.feature
---------------------------------------------------------
feature: tmp/junit17863174098671850733/Beheer-PDOK/Kadastrale-Percelen--INSPIRE-geharmoniseerd-/view/Cadastral-parcels--INSPIRE-geharmoniseerd--WMS/checkViewUrl.feature
report: target/surefire-reports/tmp.junit17863174098671850733.Beheer-PDOK.Kadastrale-Percelen--INSPIRE-geharmoniseerd-.view.Cadastral-parcels--INSPIRE-geharmoniseerd--WMS.checkViewUrl.json
scenarios:  1 | passed:  1 | failed:  0 | time: 0.3696
---------------------------------------------------------
15:21:44.547 [ForkJoinPool-2-worker-7] INFO  com.intuit.karate - karate.env system property was:  
15:21:44.548 [ForkJoinPool-2-worker-7] INFO  com.intuit.karate - [print] {
  "class": "metadata.Service",
  "electronicMailAddress": "[beheerPDOK@kadaster.nl, beheerpdok@kadaster.nl]",
  "metadataStandardVersion": "Nederlands metadata profiel op ISO 19119 voor services 2.0",
  "operatesOn": "[http://nationaalgeoregister.nl/geonetwork/srv/en/csw?service=CSW&version=2.0.2&request=GetRecordById&outputschema=http://www.isotc211.org/2005/gmd&elementsetname=full&id=49ab8bee-b467-486a-96ca-b950443c453a#MD_DataIdentification, http://nationaalgeoregister.nl/geonetwork/srv/en/csw?service=CSW&version=2.0.2&request=GetRecordById&outputschema=http://www.isotc211.org/2005/gmd&elementsetname=full&id=f002bfc5-7d87-46b6-819e-8415422b65c9#MD_DataIdentification, http://nationaalgeoregister.nl/geonetwork/srv/en/csw?service=CSW&version=2.0.2&request=GetRecordById&outputschema=http://www.isotc211.org/2005/gmd&elementsetname=full&id=f0821bfe-5a0a-11e9-8647-d663bd873d93#MD_DataIdentification, http://nationaalgeoregister.nl/geonetwork/srv/en/csw?service=CSW&version=2.0.2&request=GetRecordById&outputschema=http://www.isotc211.org/2005/gmd&elementsetname=full&id=60a2a7c2-d5b3-4ad5-b562-c448695357fb#MD_DataIdentification, http://nationaalgeoregister.nl/geonetwork/srv/en/csw?service=CSW&version=2.0.2&request=GetRecordById&outputschema=http://www.isotc211.org/2005/gmd&elementsetname=full&id=c7d8d77b-8c47-4309-8c58-9b12b086407f#MD_DataIdentification, http://nationaalgeoregister.nl/geonetwork/srv/en/csw?service=CSW&version=2.0.2&request=GetRecordById&outputschema=http://www.isotc211.org/2005/gmd&elementsetname=full&id=ca94a0cb-7561-4a10-a7d6-b840e56c33ff#MD_DataIdentification, http://nationaalgeoregister.nl/geonetwork/srv/en/csw?service=CSW&version=2.0.2&request=GetRecordById&outputschema=http://www.isotc211.org/2005/gmd&elementsetname=full&id=cc408b2d-09a6-4b2b-9aa3-b46bfe2f00a5#MD_DataIdentification, http://nationaalgeoregister.nl/geonetwork/srv/en/csw?service=CSW&version=2.0.2&request=GetRecordById&outputschema=http://www.isotc211.org/2005/gmd&elementsetname=full&id=998ba1dc-f6a6-49a3-a021-51f30d9b1d0e#MD_DataIdentification, https://www.nationaalgeoregister.nl:443/geonetwork/srv/dut/csw?service=CSW&request=GetRecordById&version=2.0.2&outputSchema=http://www.isotc211.org/2005/gmd&elementSetName=full&id=49ab8bee-b467-486a-96ca-b950443c453a#MD_DataIdentification]",
  "organisation": "Beheer PDOK",
  "serviceIdentifierCode": "93c8762c-4cbb-42b0-9b02-89ef902e8880",
  "servicetype": "download",
  "title": "Beschermde gebieden - Provincies (INSPIRE geharmoniseerd) ATOM V1",
  "url": "https://geodata.nationaalgeoregister.nl/provincies/ps/atom/v1/index.xml"
}

15:21:44.548 [ForkJoinPool-2-worker-7] INFO  com.intuit.karate - [print] testing url:https://geodata.nationaalgeoregister.nl/provincies/ps/atom/v1/index.xml
15:21:44.551 [ForkJoinPool-2-worker-7] DEBUG com.intuit.karate - request:
1 > HEAD https://geodata.nationaalgeoregister.nl/provincies/ps/atom/v1/index.xml
1 > Accept-Encoding: gzip,deflate
1 > Connection: Keep-Alive
1 > Host: geodata.nationaalgeoregister.nl
1 > User-Agent: Apache-HttpClient/4.5.11 (Java/13.0.5)

15:21:44.628 [ForkJoinPool-2-worker-5] DEBUG com.intuit.karate - response time in milliseconds: 400.02
1 < 200
1 < Access-Control-Allow-Headers: SOAPAction,X-Requested-With,Content-Type,Origin,Authorization,Accept
1 < Access-Control-Allow-Methods: POST, GET, OPTIONS, HEAD
1 < Access-Control-Allow-Origin: *
1 < Access-Control-Max-Age: 1000
1 < Content-Length: 59006
1 < Content-Type: text/xml
1 < Date: Mon, 26 Oct 2020 15:21:44 GMT
1 < X-Cnection: [close, close]

15:21:44.631 [pool-4-thread-4] INFO  com.intuit.karate.Runner - <<pass>> feature 168 of 367: tmp/junit17863174098671850733/Beheer-PDOK/CBS-Provincies-2012/download/INSPIRE-download-service-PDOK/checkdownloadurl.feature
---------------------------------------------------------
feature: tmp/junit17863174098671850733/Beheer-PDOK/CBS-Provincies-2012/download/INSPIRE-download-service-PDOK/checkdownloadurl.feature
report: target/surefire-reports/tmp.junit17863174098671850733.Beheer-PDOK.CBS-Provincies-2012.download.INSPIRE-download-service-PDOK.checkdownloadurl.json
scenarios:  1 | passed:  1 | failed:  0 | time: 0.4034
---------------------------------------------------------
15:21:44.637 [ForkJoinPool-2-worker-5] INFO  com.intuit.karate - karate.env system property was:  
15:21:44.639 [ForkJoinPool-2-worker-5] INFO  com.intuit.karate - [print] {
  "class": "metadata.Service",
  "electronicMailAddress": "[beheerpdok@kadaster.nl, beheerpdok@kadaster.nl]",
  "metadataStandardVersion": "Nederlands metadata profiel op ISO 19119 voor services 2.0",
  "operatesOn": "[http://nationaalgeoregister.nl/geonetwork/srv/en/csw?service=CSW&version=2.0.2&request=GetRecordById&outputschema=http://www.isotc211.org/2005/gmd&elementsetname=full&id=49ab8bee-b467-486a-96ca-b950443c453a#MD_DataIdentification, http://nationaalgeoregister.nl/geonetwork/srv/en/csw?service=CSW&version=2.0.2&request=GetRecordById&outputschema=http://www.isotc211.org/2005/gmd&elementsetname=full&id=f002bfc5-7d87-46b6-819e-8415422b65c9#MD_DataIdentification, http://nationaalgeoregister.nl/geonetwork/srv/en/csw?service=CSW&version=2.0.2&request=GetRecordById&outputschema=http://www.isotc211.org/2005/gmd&elementsetname=full&id=f0821bfe-5a0a-11e9-8647-d663bd873d93#MD_DataIdentification, http://nationaalgeoregister.nl/geonetwork/srv/en/csw?service=CSW&version=2.0.2&request=GetRecordById&outputschema=http://www.isotc211.org/2005/gmd&elementsetname=full&id=60a2a7c2-d5b3-4ad5-b562-c448695357fb#MD_DataIdentification, http://nationaalgeoregister.nl/geonetwork/srv/en/csw?service=CSW&version=2.0.2&request=GetRecordById&outputschema=http://www.isotc211.org/2005/gmd&elementsetname=full&id=c7d8d77b-8c47-4309-8c58-9b12b086407f#MD_DataIdentification, http://nationaalgeoregister.nl/geonetwork/srv/en/csw?service=CSW&version=2.0.2&request=GetRecordById&outputschema=http://www.isotc211.org/2005/gmd&elementsetname=full&id=ca94a0cb-7561-4a10-a7d6-b840e56c33ff#MD_DataIdentification, http://nationaalgeoregister.nl/geonetwork/srv/en/csw?service=CSW&version=2.0.2&request=GetRecordById&outputschema=http://www.isotc211.org/2005/gmd&elementsetname=full&id=cc408b2d-09a6-4b2b-9aa3-b46bfe2f00a5#MD_DataIdentification, http://nationaalgeoregister.nl/geonetwork/srv/en/csw?service=CSW&version=2.0.2&request=GetRecordById&outputschema=http://www.isotc211.org/2005/gmd&elementsetname=full&id=998ba1dc-f6a6-49a3-a021-51f30d9b1d0e#MD_DataIdentification, https://www.nationaalgeoregister.nl:443/geonetwork/srv/dut/csw?service=CSW&request=GetRecordById&version=2.0.2&outputSchema=http://www.isotc211.org/2005/gmd&elementSetName=full&id=49ab8bee-b467-486a-96ca-b950443c453a#MD_DataIdentification]",
  "organisation": "Beheer PDOK",
  "serviceIdentifierCode": "25c69c01-8dfa-406f-bbcb-24feba25dcc6",
  "servicetype": "view",
  "title": "Beschermde gebieden - Provincies (INSPIRE geharmoniseerd) WMS V1",
  "url": "https://geodata.nationaalgeoregister.nl/provincies/ps/wms/v1?SERVICE=WMS&REQUEST=GetCapabilities"
}

15:21:44.645 [ForkJoinPool-2-worker-5] INFO  com.intuit.karate - [print] testing url:https://geodata.nationaalgeoregister.nl/provincies/ps/wms/v1?SERVICE=WMS&REQUEST=GetCapabilities
15:21:44.647 [ForkJoinPool-2-worker-5] DEBUG com.intuit.karate - request:
1 > HEAD https://geodata.nationaalgeoregister.nl/provincies/ps/wms/v1?SERVICE=WMS&REQUEST=GetCapabilities
1 > Accept-Encoding: gzip,deflate
1 > Connection: Keep-Alive
1 > Host: geodata.nationaalgeoregister.nl
1 > User-Agent: Apache-HttpClient/4.5.11 (Java/13.0.5)

15:21:44.807 [ForkJoinPool-2-worker-3] DEBUG com.intuit.karate - response time in milliseconds: 445.48
1 < 200
1 < Access-Control-Allow-Headers: SOAPAction,X-Requested-With,Content-Type,Origin,Authorization,Accept
1 < Access-Control-Allow-Methods: POST, GET, OPTIONS, HEAD
1 < Access-Control-Allow-Origin: *
1 < Access-Control-Max-Age: 1000
1 < Content-Disposition: inline; filename=geoserver-GetCapabilities.application
1 < Content-Type: application/xml
1 < Date: Mon, 26 Oct 2020 15:21:44 GMT
1 < X-Cnection: [close, close]

15:21:44.807 [ForkJoinPool-2-worker-3] ERROR com.intuit.karate - assertion failed: path: $['Content-Length'][0], actual: null, expected: '#notnull', reason: actual json-path does not exist
15:21:44.809 [pool-4-thread-1] INFO  com.intuit.karate.Runner - <<fail>> feature 169 of 367: tmp/junit17863174098671850733/Beheer-PDOK/CBS-Provincies-2012/download/CBS-Provincies-WFS/checkdownloadurl.feature
---------------------------------------------------------
feature: tmp/junit17863174098671850733/Beheer-PDOK/CBS-Provincies-2012/download/CBS-Provincies-WFS/checkdownloadurl.feature
report: target/surefire-reports/tmp.junit17863174098671850733.Beheer-PDOK.CBS-Provincies-2012.download.CBS-Provincies-WFS.checkdownloadurl.json
scenarios:  1 | passed:  0 | failed:  1 | time: 0.4495
---------------------------------------------------------
15:21:44.812 [ForkJoinPool-2-worker-3] INFO  com.intuit.karate - karate.env system property was:  
15:21:44.813 [ForkJoinPool-2-worker-3] INFO  com.intuit.karate - [print] {
  "class": "metadata.Service",
  "electronicMailAddress": "[beheerPDOK@kadaster.nl, beheerPDOK@kadaster.nl]",
  "metadataStandardVersion": "Nederlands metadata profiel op ISO 19119 voor services 2.0",
  "operatesOn": "https://nationaalgeoregister.nl/geonetwork/srv/en/csw?service=CSW&version=2.0.2&request=GetRecordById&outputschema=http://www.isotc211.org/2005/gmd&elementsetname=full&id=29c17585-e702-463f-a5dc-99d34b17d333#MD_DataIdentification",
  "organisation": "Beheer PDOK",
  "serviceIdentifierCode": "3ebe56dc-5f09-4fb3-b224-55c2db4ca2fd",
  "servicetype": "download",
  "title": "RD info WFS",
  "url": "https://geodata.nationaalgeoregister.nl/rdinfo/wfs?request=GetCapabilities&service=WFS"
}

15:21:44.813 [ForkJoinPool-2-worker-3] INFO  com.intuit.karate - [print] testing url:https://geodata.nationaalgeoregister.nl/rdinfo/wfs?request=GetCapabilities&service=WFS
15:21:44.814 [ForkJoinPool-2-worker-3] DEBUG com.intuit.karate - request:
1 > HEAD https://geodata.nationaalgeoregister.nl/rdinfo/wfs?request=GetCapabilities&service=WFS
1 > Accept-Encoding: gzip,deflate
1 > Connection: Keep-Alive
1 > Host: geodata.nationaalgeoregister.nl
1 > User-Agent: Apache-HttpClient/4.5.11 (Java/13.0.5)

15:21:45.015 [ForkJoinPool-2-worker-7] DEBUG com.intuit.karate - response time in milliseconds: 464.23
1 < 200
1 < Accept-Ranges: bytes
1 < Access-Control-Allow-Headers: SOAPAction,X-Requested-With,Content-Type,Origin,Authorization,Accept
1 < Access-Control-Allow-Methods: POST, GET, OPTIONS, HEAD
1 < Access-Control-Allow-Origin: *
1 < Access-Control-Max-Age: 1000
1 < Content-Length: 11308
1 < Content-Security-Policy: block-all-mixed-content
1 < Content-Type: application/xml
1 < Date: Mon, 26 Oct 2020 15:21:44 GMT
1 < Etag: "6a5a193d3183c09bef2e90757c76cd43-1"
1 < Last-Modified: Wed, 20 Nov 2019 11:50:24 GMT
1 < Server: MinIO/RELEASE.2020-09-21T22-31-59Z
1 < Vary: Origin
1 < X-Amz-Bucket-Region: Amsterdam
1 < X-Amz-Request-Id: 164194081E073400
1 < X-Cnection: [close, close]
1 < X-Xss-Protection: 1; mode=block

15:21:45.016 [ForkJoinPool-2-worker-7] ERROR com.intuit.karate - assertion failed: path: $['Content-Type'][0], actual: 'application/xml', expected: 'text/xml', reason: not equal
15:21:45.018 [pool-4-thread-3] INFO  com.intuit.karate.Runner - <<fail>> feature 171 of 367: tmp/junit17863174098671850733/Beheer-PDOK/Aardkundige-waarden/download/Beschermde-gebieden---Provincies--INSPIRE-geharmoniseerd--ATOM-V1/checkdownloadurl.feature
---------------------------------------------------------
feature: tmp/junit17863174098671850733/Beheer-PDOK/Aardkundige-waarden/download/Beschermde-gebieden---Provincies--INSPIRE-geharmoniseerd--ATOM-V1/checkdownloadurl.feature
report: target/surefire-reports/tmp.junit17863174098671850733.Beheer-PDOK.Aardkundige-waarden.download.Beschermde-gebieden---Provincies--INSPIRE-geharmoniseerd--ATOM-V1.checkdownloadurl.json
scenarios:  1 | passed:  0 | failed:  1 | time: 0.4686
---------------------------------------------------------
15:21:45.021 [ForkJoinPool-2-worker-1] DEBUG com.intuit.karate - response time in milliseconds: 533.61
1 < 200
1 < Access-Control-Allow-Headers: SOAPAction,X-Requested-With,Content-Type,Origin,Authorization,Accept
1 < Access-Control-Allow-Methods: POST, GET, OPTIONS, HEAD
1 < Access-Control-Allow-Origin: *
1 < Access-Control-Max-Age: 1000
1 < Content-Disposition: inline; filename=getcapabilities_1.3.0.xml
1 < Content-Type: text/xml
1 < Date: Mon, 26 Oct 2020 15:21:44 GMT
1 < X-Cnection: [close, close]

15:21:45.021 [ForkJoinPool-2-worker-1] ERROR com.intuit.karate - assertion failed: path: $['Content-Length'][0], actual: null, expected: '#notnull', reason: actual json-path does not exist
15:21:45.023 [pool-4-thread-2] INFO  com.intuit.karate.Runner - <<fail>> feature 170 of 367: tmp/junit17863174098671850733/Beheer-PDOK/CBS-Provincies-2012/view/CBS-Provincies-WMS/checkViewUrl.feature
---------------------------------------------------------
feature: tmp/junit17863174098671850733/Beheer-PDOK/CBS-Provincies-2012/view/CBS-Provincies-WMS/checkViewUrl.feature
report: target/surefire-reports/tmp.junit17863174098671850733.Beheer-PDOK.CBS-Provincies-2012.view.CBS-Provincies-WMS.checkViewUrl.json
scenarios:  1 | passed:  0 | failed:  1 | time: 0.5358
---------------------------------------------------------
15:21:45.025 [ForkJoinPool-2-worker-1] INFO  com.intuit.karate - karate.env system property was:  
15:21:45.027 [ForkJoinPool-2-worker-7] INFO  com.intuit.karate - karate.env system property was:  
15:21:45.030 [ForkJoinPool-2-worker-7] INFO  com.intuit.karate - [print] {
  "class": "metadata.Service",
  "electronicMailAddress": "[beheerPDOK@kadaster.nl, BeheerPDOK@kadaster.nl]",
  "metadataStandardVersion": "Nederlands metadata profiel op ISO 19119 voor services 2.0",
  "operatesOn": "http://nationaalgeoregister.nl/geonetwork/srv/dut/csw?service=CSW&version=2.0.2&request=GetRecordById&outputschema=http://www.isotc211.org/2005/gmd&elementsetname=full&id=29c17585-e702-463f-a5dc-99d34b17d333#MD_DataIdentification",
  "organisation": "Beheer PDOK",
  "serviceIdentifierCode": "609d0c9e-173f-4f90-b020-c91ab3a0b6ef",
  "servicetype": "view",
  "title": "RD info WMS",
  "url": "https://geodata.nationaalgeoregister.nl/rdinfo/wms?request=GetCapabilities"
}

15:21:45.030 [ForkJoinPool-2-worker-7] INFO  com.intuit.karate - [print] testing url:https://geodata.nationaalgeoregister.nl/rdinfo/wms?request=GetCapabilities
15:21:45.031 [ForkJoinPool-2-worker-7] DEBUG com.intuit.karate - request:
1 > HEAD https://geodata.nationaalgeoregister.nl/rdinfo/wms?request=GetCapabilities
1 > Accept-Encoding: gzip,deflate
1 > Connection: Keep-Alive
1 > Host: geodata.nationaalgeoregister.nl
1 > User-Agent: Apache-HttpClient/4.5.11 (Java/13.0.5)

15:21:45.032 [ForkJoinPool-2-worker-1] INFO  com.intuit.karate - [print] {
  "class": "metadata.Service",
  "electronicMailAddress": "[beheerPDOK@kadaster.nl, beheerPDOK@kadaster.nl]",
  "metadataStandardVersion": "Nederlands metadata profiel op ISO 19119 voor services 2.0",
  "operatesOn": "http://nationaalgeoregister.nl/geonetwork/srv/en/csw?service=CSW&version=2.0.2&request=GetRecordById&outputschema=http://www.isotc211.org/2005/gmd&elementsetname=full&id=2d3dd6d2-2d2b-4b5f-9e30-86e19ed77a56#MD_DataIdentification",
  "organisation": "Beheer PDOK",
  "serviceIdentifierCode": "25a99d92-ea8a-4163-82ab-3521c9b0c96b",
  "servicetype": "download",
  "title": "CBS Bestand Bodemgebruik 2015 WFS",
  "url": "https://geodata.nationaalgeoregister.nl/bestandbodemgebruik2015/wfs?request=GetCapabilities"
}

15:21:45.033 [ForkJoinPool-2-worker-1] INFO  com.intuit.karate - [print] testing url:https://geodata.nationaalgeoregister.nl/bestandbodemgebruik2015/wfs?request=GetCapabilities
15:21:45.034 [ForkJoinPool-2-worker-5] DEBUG com.intuit.karate - response time in milliseconds: 385.71
1 < 200
1 < Access-Control-Allow-Headers: SOAPAction,X-Requested-With,Content-Type,Origin,Authorization,Accept
1 < Access-Control-Allow-Methods: POST, GET, OPTIONS, HEAD
1 < Access-Control-Allow-Origin: *
1 < Access-Control-Max-Age: 1000
1 < Content-Length: 73
1 < Content-Type: text/html; charset=UTF-8
1 < Date: Mon, 26 Oct 2020 15:21:44 GMT
1 < Server: lighttpd/1.4.53
1 < X-Cnection: [close, close]

15:21:45.035 [pool-4-thread-4] INFO  com.intuit.karate.Runner - <<pass>> feature 172 of 367: tmp/junit17863174098671850733/Beheer-PDOK/Aardkundige-waarden/view/Beschermde-gebieden---Provincies--INSPIRE-geharmoniseerd--WMS-V1/checkViewUrl.feature
---------------------------------------------------------
feature: tmp/junit17863174098671850733/Beheer-PDOK/Aardkundige-waarden/view/Beschermde-gebieden---Provincies--INSPIRE-geharmoniseerd--WMS-V1/checkViewUrl.feature
report: target/surefire-reports/tmp.junit17863174098671850733.Beheer-PDOK.Aardkundige-waarden.view.Beschermde-gebieden---Provincies--INSPIRE-geharmoniseerd--WMS-V1.checkViewUrl.json
scenarios:  1 | passed:  1 | failed:  0 | time: 0.3961
---------------------------------------------------------
15:21:45.036 [ForkJoinPool-2-worker-1] DEBUG com.intuit.karate - request:
1 > HEAD https://geodata.nationaalgeoregister.nl/bestandbodemgebruik2015/wfs?request=GetCapabilities
1 > Accept-Encoding: gzip,deflate
1 > Connection: Keep-Alive
1 > Host: geodata.nationaalgeoregister.nl
1 > User-Agent: Apache-HttpClient/4.5.11 (Java/13.0.5)

15:21:45.037 [ForkJoinPool-2-worker-5] INFO  com.intuit.karate - karate.env system property was:  
15:21:45.038 [ForkJoinPool-2-worker-5] INFO  com.intuit.karate - [print] {
  "class": "metadata.Service",
  "electronicMailAddress": "[beheerPDOK@kadaster.nl, beheerPDOK@kadaster.nl]",
  "metadataStandardVersion": "Nederlands metadata profiel op ISO 19119 voor services 2.0",
  "operatesOn": "http://nationaalgeoregister.nl/geonetwork/srv/en/csw?service=CSW&version=2.0.2&request=GetRecordById&outputschema=http://www.isotc211.org/2005/gmd&elementsetname=full&id=2d3dd6d2-2d2b-4b5f-9e30-86e19ed77a56#MD_DataIdentification",
  "organisation": "Beheer PDOK",
  "serviceIdentifierCode": "1ec5b9c9-4b4d-4b6a-930e-6e5198d9b2bb",
  "servicetype": "download",
  "title": "CBS Bestand Bodemgebruik 2015 ATOM",
  "url": "https://geodata.nationaalgeoregister.nl/bestandbodemgebruik2015/atom/bestandbodemgebruik2015.xml"
}

15:21:45.039 [ForkJoinPool-2-worker-5] INFO  com.intuit.karate - [print] testing url:https://geodata.nationaalgeoregister.nl/bestandbodemgebruik2015/atom/bestandbodemgebruik2015.xml
15:21:45.039 [ForkJoinPool-2-worker-5] DEBUG com.intuit.karate - request:
1 > HEAD https://geodata.nationaalgeoregister.nl/bestandbodemgebruik2015/atom/bestandbodemgebruik2015.xml
1 > Accept-Encoding: gzip,deflate
1 > Connection: Keep-Alive
1 > Host: geodata.nationaalgeoregister.nl
1 > User-Agent: Apache-HttpClient/4.5.11 (Java/13.0.5)

15:21:45.208 [ForkJoinPool-2-worker-3] DEBUG com.intuit.karate - response time in milliseconds: 392.81
1 < 200
1 < Access-Control-Allow-Headers: SOAPAction,X-Requested-With,Content-Type,Origin,Authorization,Accept
1 < Access-Control-Allow-Methods: POST, GET, OPTIONS, HEAD
1 < Access-Control-Allow-Origin: *
1 < Access-Control-Max-Age: 1000
1 < Content-Length: 73
1 < Content-Type: text/html; charset=UTF-8
1 < Date: Mon, 26 Oct 2020 15:21:45 GMT
1 < X-Cnection: [close, close]

15:21:45.208 [ForkJoinPool-2-worker-3] ERROR com.intuit.karate - assertion failed: path: $['Content-Type'][0], actual: 'text/html; charset=UTF-8', expected: 'text/xml', reason: not equal
15:21:45.210 [pool-4-thread-1] INFO  com.intuit.karate.Runner - <<fail>> feature 173 of 367: tmp/junit17863174098671850733/Beheer-PDOK/RDinfo/download/RD-info-WFS/checkdownloadurl.feature
---------------------------------------------------------
feature: tmp/junit17863174098671850733/Beheer-PDOK/RDinfo/download/RD-info-WFS/checkdownloadurl.feature
report: target/surefire-reports/tmp.junit17863174098671850733.Beheer-PDOK.RDinfo.download.RD-info-WFS.checkdownloadurl.json
scenarios:  1 | passed:  0 | failed:  1 | time: 0.3960
---------------------------------------------------------
15:21:45.217 [ForkJoinPool-2-worker-3] INFO  com.intuit.karate - karate.env system property was:  
15:21:45.218 [ForkJoinPool-2-worker-3] INFO  com.intuit.karate - [print] {
  "class": "metadata.Service",
  "electronicMailAddress": "[beheerPDOK@kadaster.nl, beheerPDOK@kadaster.nl]",
  "metadataStandardVersion": "Nederlands metadata profiel op ISO 19119 voor services 2.0",
  "operatesOn": "http://nationaalgeoregister.nl/geonetwork/srv/en/csw?service=CSW&version=2.0.2&request=GetRecordById&outputschema=http://www.isotc211.org/2005/gmd&elementsetname=full&id=2d3dd6d2-2d2b-4b5f-9e30-86e19ed77a56#MD_DataIdentification",
  "organisation": "Beheer PDOK",
  "serviceIdentifierCode": "db1e010a-96f8-453e-b63c-9c27d6273157",
  "servicetype": "view",
  "title": "CBS Bestand Bodemgebruik 2015 WMS",
  "url": "https://geodata.nationaalgeoregister.nl/bestandbodemgebruik2015/wms?request=GetCapabilities"
}

15:21:45.219 [ForkJoinPool-2-worker-3] INFO  com.intuit.karate - [print] testing url:https://geodata.nationaalgeoregister.nl/bestandbodemgebruik2015/wms?request=GetCapabilities
15:21:45.220 [ForkJoinPool-2-worker-3] DEBUG com.intuit.karate - request:
1 > HEAD https://geodata.nationaalgeoregister.nl/bestandbodemgebruik2015/wms?request=GetCapabilities
1 > Accept-Encoding: gzip,deflate
1 > Connection: Keep-Alive
1 > Host: geodata.nationaalgeoregister.nl
1 > User-Agent: Apache-HttpClient/4.5.11 (Java/13.0.5)

15:21:45.433 [ForkJoinPool-2-worker-7] DEBUG com.intuit.karate - response time in milliseconds: 401.39
1 < 200
1 < Access-Control-Allow-Headers: SOAPAction,X-Requested-With,Content-Type,Origin,Authorization,Accept
1 < Access-Control-Allow-Methods: POST, GET, OPTIONS, HEAD
1 < Access-Control-Allow-Origin: *
1 < Access-Control-Max-Age: 1000
1 < Content-Length: 73
1 < Content-Type: text/html; charset=UTF-8
1 < Date: Mon, 26 Oct 2020 15:21:45 GMT
1 < X-Cnection: [close, close]

15:21:45.435 [pool-4-thread-3] INFO  com.intuit.karate.Runner - <<pass>> feature 174 of 367: tmp/junit17863174098671850733/Beheer-PDOK/RDinfo/view/RD-info-WMS/checkViewUrl.feature
---------------------------------------------------------
feature: tmp/junit17863174098671850733/Beheer-PDOK/RDinfo/view/RD-info-WMS/checkViewUrl.feature
report: target/surefire-reports/tmp.junit17863174098671850733.Beheer-PDOK.RDinfo.view.RD-info-WMS.checkViewUrl.json
scenarios:  1 | passed:  1 | failed:  0 | time: 0.4050
---------------------------------------------------------
15:21:45.439 [ForkJoinPool-2-worker-5] DEBUG com.intuit.karate - response time in milliseconds: 399.93
1 < 200
1 < Access-Control-Allow-Headers: SOAPAction,X-Requested-With,Content-Type,Origin,Authorization,Accept
1 < Access-Control-Allow-Methods: POST, GET, OPTIONS, HEAD
1 < Access-Control-Allow-Origin: *
1 < Access-Control-Max-Age: 1000
1 < Content-Length: 1855
1 < Content-Type: text/xml
1 < Date: Mon, 26 Oct 2020 15:21:45 GMT
1 < X-Cnection: [close, close]

15:21:45.440 [ForkJoinPool-2-worker-7] INFO  com.intuit.karate - karate.env system property was:  
15:21:45.440 [ForkJoinPool-2-worker-5] ERROR com.intuit.karate - assertion failed: assert evaluated to false: filesize > 2000
15:21:45.441 [pool-4-thread-4] INFO  com.intuit.karate.Runner - <<fail>> feature 176 of 367: tmp/junit17863174098671850733/Beheer-PDOK/Bestand-Bodemgebruik-2015/download/CBS-Bestand-Bodemgebruik-2015-ATOM/checkdownloadurl.feature
---------------------------------------------------------
feature: tmp/junit17863174098671850733/Beheer-PDOK/Bestand-Bodemgebruik-2015/download/CBS-Bestand-Bodemgebruik-2015-ATOM/checkdownloadurl.feature
report: target/surefire-reports/tmp.junit17863174098671850733.Beheer-PDOK.Bestand-Bodemgebruik-2015.download.CBS-Bestand-Bodemgebruik-2015-ATOM.checkdownloadurl.json
scenarios:  1 | passed:  0 | failed:  1 | time: 0.4020
---------------------------------------------------------
15:21:45.443 [ForkJoinPool-2-worker-1] DEBUG com.intuit.karate - response time in milliseconds: 407.20
1 < 200
1 < Access-Control-Allow-Headers: SOAPAction,X-Requested-With,Content-Type,Origin,Authorization,Accept
1 < Access-Control-Allow-Methods: POST, GET, OPTIONS, HEAD
1 < Access-Control-Allow-Origin: *
1 < Access-Control-Max-Age: 1000
1 < Content-Length: 73
1 < Content-Type: text/html; charset=UTF-8
1 < Date: Mon, 26 Oct 2020 15:21:45 GMT
1 < X-Cnection: [close, close]

15:21:45.443 [ForkJoinPool-2-worker-1] ERROR com.intuit.karate - assertion failed: path: $['Content-Type'][0], actual: 'text/html; charset=UTF-8', expected: 'text/xml', reason: not equal
15:21:45.444 [ForkJoinPool-2-worker-5] INFO  com.intuit.karate - karate.env system property was:  
15:21:45.450 [ForkJoinPool-2-worker-5] INFO  com.intuit.karate - [print] {
  "class": "metadata.Service",
  "electronicMailAddress": "[beheerpdok@kadaster.nl, beheerpdok@kadaster.nl]",
  "metadataStandardVersion": "Nederlands metadata profiel op ISO 19119 voor services 2.0",
  "operatesOn": "https://www.nationaalgeoregister.nl/geonetwork/srv/dut/csw?service=CSW&version=2.0.2&request=GetRecordById&outputschema=http://www.isotc211.org/2005/gmd&elementsetname=full&id=3387ef8a-9237-453a-aa4e-585d1e193550#MD_DataIdentification",
  "organisation": "Beheer PDOK",
  "serviceIdentifierCode": "7ab53b91-9df1-4c39-ba0e-06ec80ce512b",
  "servicetype": "view",
  "title": "Beschermde gebieden - CDDA (INSPIRE geharmoniseerd) WMS",
  "url": "https://geodata.nationaalgeoregister.nl/inspire/ps-cdda/wms?request=GetCapabilities"
}

15:21:45.450 [ForkJoinPool-2-worker-5] INFO  com.intuit.karate - [print] testing url:https://geodata.nationaalgeoregister.nl/inspire/ps-cdda/wms?request=GetCapabilities
15:21:45.451 [ForkJoinPool-2-worker-5] DEBUG com.intuit.karate - request:
1 > HEAD https://geodata.nationaalgeoregister.nl/inspire/ps-cdda/wms?request=GetCapabilities
1 > Accept-Encoding: gzip,deflate
1 > Connection: Keep-Alive
1 > Host: geodata.nationaalgeoregister.nl
1 > User-Agent: Apache-HttpClient/4.5.11 (Java/13.0.5)

15:21:45.444 [ForkJoinPool-2-worker-7] INFO  com.intuit.karate - [print] {
  "class": "metadata.Service",
  "electronicMailAddress": "[beheerPDOK@kadaster.nl, beheerPDOK@kadaster.nl]",
  "metadataStandardVersion": "Nederlands metadata profiel op ISO 19119 voor services 2.0",
  "operatesOn": "https://nationaalgeoregister.nl/geonetwork/srv/en/csw?service=CSW&version=2.0.2&request=GetRecordById&outputschema=http://www.isotc211.org/2005/gmd&elementsetname=full&id=3387ef8a-9237-453a-aa4e-585d1e193550#MD_DataIdentification",
  "organisation": "Beheer PDOK",
  "serviceIdentifierCode": "b023459a-9f0e-4d53-8059-a794119abbed",
  "servicetype": "download",
  "title": "Beschermde gebieden - CDDA (INSPIRE geharmoniseerd) WFS",
  "url": "https://geodata.nationaalgeoregister.nl/inspire/ps-cdda/wfs?request=GetCapabilities"
}

15:21:45.445 [pool-4-thread-2] INFO  com.intuit.karate.Runner - <<fail>> feature 175 of 367: tmp/junit17863174098671850733/Beheer-PDOK/Bestand-Bodemgebruik-2015/download/CBS-Bestand-Bodemgebruik-2015-WFS/checkdownloadurl.feature
---------------------------------------------------------
feature: tmp/junit17863174098671850733/Beheer-PDOK/Bestand-Bodemgebruik-2015/download/CBS-Bestand-Bodemgebruik-2015-WFS/checkdownloadurl.feature
report: target/surefire-reports/tmp.junit17863174098671850733.Beheer-PDOK.Bestand-Bodemgebruik-2015.download.CBS-Bestand-Bodemgebruik-2015-WFS.checkdownloadurl.json
scenarios:  1 | passed:  0 | failed:  1 | time: 0.4150
---------------------------------------------------------
15:21:45.454 [ForkJoinPool-2-worker-1] INFO  com.intuit.karate - karate.env system property was:  
15:21:45.454 [ForkJoinPool-2-worker-1] INFO  com.intuit.karate - [print] {
  "class": "metadata.Service",
  "electronicMailAddress": "[beheerPDOK@kadaster.nl, beheerPDOK@kadaster.nl]",
  "metadataStandardVersion": "Nederlands metadata profiel op ISO 19119 voor services 2.0",
  "operatesOn": "http://nationaalgeoregister.nl/geonetwork/srv/dut/csw?service=CSW&version=2.0.2&request=GetRecordById&outputschema=http://www.isotc211.org/2005/gmd&elementsetname=full&id=5951efa2-1ff3-4763-a966-a2f5497679ee#MD_DataIdentification",
  "organisation": "Beheer PDOK",
  "serviceIdentifierCode": "ec73f245-66ce-4144-ac27-5966c80a4b3a",
  "servicetype": "download",
  "title": "Vervoersnetwerken - Waterwegen (INSPIRE geharmoniseerd) WFS",
  "url": "https://geodata.nationaalgeoregister.nl/inspire/tn-w/wfs?request=GetCapabilities"
}

15:21:45.455 [ForkJoinPool-2-worker-1] INFO  com.intuit.karate - [print] testing url:https://geodata.nationaalgeoregister.nl/inspire/tn-w/wfs?request=GetCapabilities
15:21:45.455 [ForkJoinPool-2-worker-1] DEBUG com.intuit.karate - request:
1 > HEAD https://geodata.nationaalgeoregister.nl/inspire/tn-w/wfs?request=GetCapabilities
1 > Accept-Encoding: gzip,deflate
1 > Connection: Keep-Alive
1 > Host: geodata.nationaalgeoregister.nl
1 > User-Agent: Apache-HttpClient/4.5.11 (Java/13.0.5)

15:21:45.456 [ForkJoinPool-2-worker-7] INFO  com.intuit.karate - [print] testing url:https://geodata.nationaalgeoregister.nl/inspire/ps-cdda/wfs?request=GetCapabilities
15:21:45.456 [ForkJoinPool-2-worker-7] DEBUG com.intuit.karate - request:
1 > HEAD https://geodata.nationaalgeoregister.nl/inspire/ps-cdda/wfs?request=GetCapabilities
1 > Accept-Encoding: gzip,deflate
1 > Connection: Keep-Alive
1 > Host: geodata.nationaalgeoregister.nl
1 > User-Agent: Apache-HttpClient/4.5.11 (Java/13.0.5)

15:21:45.633 [ForkJoinPool-2-worker-3] DEBUG com.intuit.karate - response time in milliseconds: 406.94
1 < 200
1 < Access-Control-Allow-Headers: SOAPAction,X-Requested-With,Content-Type,Origin,Authorization,Accept
1 < Access-Control-Allow-Methods: POST, GET, OPTIONS, HEAD
1 < Access-Control-Allow-Origin: *
1 < Access-Control-Max-Age: 1000
1 < Content-Length: 73
1 < Content-Type: text/html; charset=UTF-8
1 < Date: Mon, 26 Oct 2020 15:21:45 GMT
1 < X-Cnection: [close, close]

15:21:45.635 [pool-4-thread-1] INFO  com.intuit.karate.Runner - <<pass>> feature 177 of 367: tmp/junit17863174098671850733/Beheer-PDOK/Bestand-Bodemgebruik-2015/view/CBS-Bestand-Bodemgebruik-2015-WMS/checkViewUrl.feature
---------------------------------------------------------
feature: tmp/junit17863174098671850733/Beheer-PDOK/Bestand-Bodemgebruik-2015/view/CBS-Bestand-Bodemgebruik-2015-WMS/checkViewUrl.feature
report: target/surefire-reports/tmp.junit17863174098671850733.Beheer-PDOK.Bestand-Bodemgebruik-2015.view.CBS-Bestand-Bodemgebruik-2015-WMS.checkViewUrl.json
scenarios:  1 | passed:  1 | failed:  0 | time: 0.4163
---------------------------------------------------------
15:21:45.640 [ForkJoinPool-2-worker-3] INFO  com.intuit.karate - karate.env system property was:  
15:21:45.651 [ForkJoinPool-2-worker-3] INFO  com.intuit.karate - [print] {
  "class": "metadata.Service",
  "electronicMailAddress": "[beheerPDOK@kadaster.nl, beheerPDOK@kadaster.nl]",
  "metadataStandardVersion": "Nederlands metadata profiel op ISO 19119 voor services 2.0",
  "operatesOn": "http://nationaalgeoregister.nl/geonetwork/srv/dut/csw?service=CSW&version=2.0.2&request=GetRecordById&outputschema=http://www.isotc211.org/2005/gmd&elementsetname=full&id=5951efa2-1ff3-4763-a966-a2f5497679ee#MD_DataIdentification",
  "organisation": "Beheer PDOK",
  "serviceIdentifierCode": "3d759186-7cee-4218-aa44-165f3922fbbb",
  "servicetype": "view",
  "title": "Vervoersnetwerken - Waterwegen (INSPIRE geharmoniseerd) WMS",
  "url": "https://geodata.nationaalgeoregister.nl/inspire/tn-w/wms?request=GetCapabilities"
}

15:21:45.651 [ForkJoinPool-2-worker-3] INFO  com.intuit.karate - [print] testing url:https://geodata.nationaalgeoregister.nl/inspire/tn-w/wms?request=GetCapabilities
15:21:45.652 [ForkJoinPool-2-worker-3] DEBUG com.intuit.karate - request:
1 > HEAD https://geodata.nationaalgeoregister.nl/inspire/tn-w/wms?request=GetCapabilities
1 > Accept-Encoding: gzip,deflate
1 > Connection: Keep-Alive
1 > Host: geodata.nationaalgeoregister.nl
1 > User-Agent: Apache-HttpClient/4.5.11 (Java/13.0.5)

15:21:45.850 [ForkJoinPool-2-worker-1] DEBUG com.intuit.karate - response time in milliseconds: 394.42
1 < 200
1 < Accept-Ranges: bytes
1 < Access-Control-Allow-Headers: SOAPAction,X-Requested-With,Content-Type,Origin,Authorization,Accept
1 < Access-Control-Allow-Methods: POST, GET, OPTIONS, HEAD
1 < Access-Control-Allow-Origin: *
1 < Access-Control-Max-Age: 1000
1 < Content-Type: application/xml
1 < Date: Mon, 26 Oct 2020 15:21:45 GMT
1 < ETag: "19224-5af58ad5383c6-gzip"
1 < Last-Modified: Tue, 15 Sep 2020 11:44:43 GMT
1 < Vary: Accept-Encoding
1 < X-Cnection: [close, close]

15:21:45.850 [ForkJoinPool-2-worker-1] ERROR com.intuit.karate - assertion failed: path: $['Content-Length'][0], actual: null, expected: '#notnull', reason: actual json-path does not exist
15:21:45.852 [pool-4-thread-2] INFO  com.intuit.karate.Runner - <<fail>> feature 180 of 367: tmp/junit17863174098671850733/Beheer-PDOK/Vervoersnetwerken---Waterwegen--INSPIRE-geharmoniseerd-/download/Vervoersnetwerken---Waterwegen--INSPIRE-geharmoniseerd--WFS/checkdownloadurl.feature
---------------------------------------------------------
feature: tmp/junit17863174098671850733/Beheer-PDOK/Vervoersnetwerken---Waterwegen--INSPIRE-geharmoniseerd-/download/Vervoersnetwerken---Waterwegen--INSPIRE-geharmoniseerd--WFS/checkdownloadurl.feature
report: target/surefire-reports/tmp.junit17863174098671850733.Beheer-PDOK.Vervoersnetwerken---Waterwegen--INSPIRE-geharmoniseerd-.download.Vervoersnetwerken---Waterwegen--INSPIRE-geharmoniseerd--WFS.checkdownloadurl.json
scenarios:  1 | passed:  0 | failed:  1 | time: 0.3963
---------------------------------------------------------
15:21:45.855 [ForkJoinPool-2-worker-5] DEBUG com.intuit.karate - response time in milliseconds: 403.84
1 < 200
1 < Access-Control-Allow-Headers: SOAPAction,X-Requested-With,Content-Type,Origin,Authorization,Accept
1 < Access-Control-Allow-Methods: POST, GET, OPTIONS, HEAD
1 < Access-Control-Allow-Origin: *
1 < Access-Control-Max-Age: 1000
1 < Content-Disposition: inline; filename=getcapabilities_1.3.0.xml
1 < Content-Type: text/xml
1 < Date: Mon, 26 Oct 2020 15:21:45 GMT
1 < X-Cnection: [close, close]

15:21:45.855 [ForkJoinPool-2-worker-5] ERROR com.intuit.karate - assertion failed: path: $['Content-Length'][0], actual: null, expected: '#notnull', reason: actual json-path does not exist
15:21:45.856 [ForkJoinPool-2-worker-1] INFO  com.intuit.karate - karate.env system property was:  
15:21:45.856 [pool-4-thread-4] INFO  com.intuit.karate.Runner - <<fail>> feature 179 of 367: tmp/junit17863174098671850733/Beheer-PDOK/Nationaal-Beschermde-Gebieden--CDDA---INSPIRE-geharmoniseerd-/view/Beschermde-gebieden---CDDA--INSPIRE-geharmoniseerd--WMS/checkViewUrl.feature
---------------------------------------------------------
feature: tmp/junit17863174098671850733/Beheer-PDOK/Nationaal-Beschermde-Gebieden--CDDA---INSPIRE-geharmoniseerd-/view/Beschermde-gebieden---CDDA--INSPIRE-geharmoniseerd--WMS/checkViewUrl.feature
report: target/surefire-reports/tmp.junit17863174098671850733.Beheer-PDOK.Nationaal-Beschermde-Gebieden--CDDA---INSPIRE-geharmoniseerd-.view.Beschermde-gebieden---CDDA--INSPIRE-geharmoniseerd--WMS.checkViewUrl.json
scenarios:  1 | passed:  0 | failed:  1 | time: 0.4058
---------------------------------------------------------
15:21:45.857 [ForkJoinPool-2-worker-1] INFO  com.intuit.karate - [print] {
  "class": "metadata.Service",
  "electronicMailAddress": "[beheerPDOK@kadaster.nl, beheerPDOK@kadaster.nl]",
  "metadataStandardVersion": "Nederlands metadata profiel op ISO 19119 voor services 2.0",
  "operatesOn": "http://nationaalgeoregister.nl/geonetwork/srv/dut/csw?service=CSW&version=2.0.2&request=GetRecordById&outputschema=http://www.isotc211.org/2005/gmd&elementsetname=full&id=4783ea4f-6b8c-4600-8af0-516f3556cfe9#MD_DataIdentification",
  "organisation": "Beheer PDOK",
  "serviceIdentifierCode": "c374d556-7b6e-459b-83c7-74da6ad90a59",
  "servicetype": "download",
  "title": "Schelpdierwater WFS",
  "url": "https://geodata.nationaalgeoregister.nl/schelpdierwater/wfs?request=GetCapabilities&service=WFS"
}

15:21:45.857 [ForkJoinPool-2-worker-1] INFO  com.intuit.karate - [print] testing url:https://geodata.nationaalgeoregister.nl/schelpdierwater/wfs?request=GetCapabilities&service=WFS
15:21:45.858 [ForkJoinPool-2-worker-1] DEBUG com.intuit.karate - request:
1 > HEAD https://geodata.nationaalgeoregister.nl/schelpdierwater/wfs?request=GetCapabilities&service=WFS
1 > Accept-Encoding: gzip,deflate
1 > Connection: Keep-Alive
1 > Host: geodata.nationaalgeoregister.nl
1 > User-Agent: Apache-HttpClient/4.5.11 (Java/13.0.5)

15:21:45.858 [ForkJoinPool-2-worker-7] DEBUG com.intuit.karate - response time in milliseconds: 402.12
1 < 200
1 < Accept-Ranges: bytes
1 < Access-Control-Allow-Headers: SOAPAction,X-Requested-With,Content-Type,Origin,Authorization,Accept
1 < Access-Control-Allow-Methods: POST, GET, OPTIONS, HEAD
1 < Access-Control-Allow-Origin: *
1 < Access-Control-Max-Age: 1000
1 < Content-Type: application/xml
1 < Date: Mon, 26 Oct 2020 15:21:45 GMT
1 < ETag: "1840e-5af58ad506ad0-gzip"
1 < Last-Modified: Tue, 15 Sep 2020 11:44:43 GMT
1 < Vary: Accept-Encoding
1 < X-Cnection: [close, close]

15:21:45.858 [ForkJoinPool-2-worker-5] INFO  com.intuit.karate - karate.env system property was:  
15:21:45.859 [ForkJoinPool-2-worker-7] ERROR com.intuit.karate - assertion failed: path: $['Content-Length'][0], actual: null, expected: '#notnull', reason: actual json-path does not exist
15:21:45.860 [pool-4-thread-3] INFO  com.intuit.karate.Runner - <<fail>> feature 178 of 367: tmp/junit17863174098671850733/Beheer-PDOK/Nationaal-Beschermde-Gebieden--CDDA---INSPIRE-geharmoniseerd-/download/Beschermde-gebieden---CDDA--INSPIRE-geharmoniseerd--WFS/checkdownloadurl.feature
---------------------------------------------------------
feature: tmp/junit17863174098671850733/Beheer-PDOK/Nationaal-Beschermde-Gebieden--CDDA---INSPIRE-geharmoniseerd-/download/Beschermde-gebieden---CDDA--INSPIRE-geharmoniseerd--WFS/checkdownloadurl.feature
report: target/surefire-reports/tmp.junit17863174098671850733.Beheer-PDOK.Nationaal-Beschermde-Gebieden--CDDA---INSPIRE-geharmoniseerd-.download.Beschermde-gebieden---CDDA--INSPIRE-geharmoniseerd--WFS.checkdownloadurl.json
scenarios:  1 | passed:  0 | failed:  1 | time: 0.4187
---------------------------------------------------------
15:21:45.861 [ForkJoinPool-2-worker-5] INFO  com.intuit.karate - [print] {
  "class": "metadata.Service",
  "electronicMailAddress": "[beheerPDOK@kadaster.nl, beheerPDOK@kadaster.nl]",
  "metadataStandardVersion": "Nederlands metadata profiel op ISO 19119 voor services 2.0",
  "operatesOn": "http://nationaalgeoregister.nl/geonetwork/srv/dut/csw?service=CSW&version=2.0.2&request=GetRecordById&outputschema=http://www.isotc211.org/2005/gmd&elementsetname=full&id=4783ea4f-6b8c-4600-8af0-516f3556cfe9#MD_DataIdentification",
  "organisation": "Beheer PDOK",
  "serviceIdentifierCode": "f76bdce5-344e-415f-8f2c-972755e80b65",
  "servicetype": "view",
  "title": "Schelpdierwater WMS",
  "url": "https://geodata.nationaalgeoregister.nl/schelpdierwater/wms?request=GetCapabilities&service=WMS"
}

15:21:45.861 [ForkJoinPool-2-worker-5] INFO  com.intuit.karate - [print] testing url:https://geodata.nationaalgeoregister.nl/schelpdierwater/wms?request=GetCapabilities&service=WMS
15:21:45.862 [ForkJoinPool-2-worker-5] DEBUG com.intuit.karate - request:
1 > HEAD https://geodata.nationaalgeoregister.nl/schelpdierwater/wms?request=GetCapabilities&service=WMS
1 > Accept-Encoding: gzip,deflate
1 > Connection: Keep-Alive
1 > Host: geodata.nationaalgeoregister.nl
1 > User-Agent: Apache-HttpClient/4.5.11 (Java/13.0.5)

15:21:45.869 [ForkJoinPool-2-worker-7] INFO  com.intuit.karate - karate.env system property was:  
15:21:45.874 [ForkJoinPool-2-worker-7] INFO  com.intuit.karate - [print] {
  "class": "metadata.Service",
  "electronicMailAddress": "[beheerPDOK@kadaster.nl, beheerPDOK@kadaster.nl]",
  "metadataStandardVersion": "Nederlands metadata profiel op ISO 19119 voor services 2.0",
  "operatesOn": "[https://www.nationaalgeoregister.nl:443/geonetwork/srv/dut/csw?service=CSW&request=GetRecordById&version=2.0.2&outputSchema=http://www.isotc211.org/2005/gmd&elementSetName=full&id=krm-a905-9d8e-4758-83fa-28b057f185e3#MD_DataIdentification, https://www.nationaalgeoregister.nl:443/geonetwork/srv/dut/csw?service=CSW&request=GetRecordById&version=2.0.2&outputSchema=http://www.isotc211.org/2005/gmd&elementSetName=full&id=krm-a905-9d8e-4758-83fa-28b057f185e4#MD_DataIdentification]",
  "organisation": "Beheer PDOK",
  "serviceIdentifierCode": "641a0f48-872b-4470-b130-e3d28e6bfdfb",
  "servicetype": "download",
  "title": "Kaderrichtlijn Mariene Strategie EU2018 ATOM",
  "url": "https://geodata.nationaalgeoregister.nl/rws/kaderrichtlijnmarienestrategie2018/atom/v1_0/index.xml"
}

15:21:45.881 [ForkJoinPool-2-worker-7] INFO  com.intuit.karate - [print] testing url:https://geodata.nationaalgeoregister.nl/rws/kaderrichtlijnmarienestrategie2018/atom/v1_0/index.xml
15:21:45.882 [ForkJoinPool-2-worker-7] DEBUG com.intuit.karate - request:
1 > HEAD https://geodata.nationaalgeoregister.nl/rws/kaderrichtlijnmarienestrategie2018/atom/v1_0/index.xml
1 > Accept-Encoding: gzip,deflate
1 > Connection: Keep-Alive
1 > Host: geodata.nationaalgeoregister.nl
1 > User-Agent: Apache-HttpClient/4.5.11 (Java/13.0.5)

15:21:46.070 [ForkJoinPool-2-worker-3] DEBUG com.intuit.karate - response time in milliseconds: 418.69
1 < 200
1 < Access-Control-Allow-Headers: SOAPAction,X-Requested-With,Content-Type,Origin,Authorization,Accept
1 < Access-Control-Allow-Methods: POST, GET, OPTIONS, HEAD
1 < Access-Control-Allow-Origin: *
1 < Access-Control-Max-Age: 1000
1 < Content-Disposition: inline; filename=getcapabilities_1.3.0.xml
1 < Content-Type: text/xml
1 < Date: Mon, 26 Oct 2020 15:21:45 GMT
1 < X-Cnection: [close, close]

15:21:46.071 [ForkJoinPool-2-worker-3] ERROR com.intuit.karate - assertion failed: path: $['Content-Length'][0], actual: null, expected: '#notnull', reason: actual json-path does not exist
15:21:46.072 [pool-4-thread-1] INFO  com.intuit.karate.Runner - <<fail>> feature 181 of 367: tmp/junit17863174098671850733/Beheer-PDOK/Vervoersnetwerken---Waterwegen--INSPIRE-geharmoniseerd-/view/Vervoersnetwerken---Waterwegen--INSPIRE-geharmoniseerd--WMS/checkViewUrl.feature
---------------------------------------------------------
feature: tmp/junit17863174098671850733/Beheer-PDOK/Vervoersnetwerken---Waterwegen--INSPIRE-geharmoniseerd-/view/Vervoersnetwerken---Waterwegen--INSPIRE-geharmoniseerd--WMS/checkViewUrl.feature
report: target/surefire-reports/tmp.junit17863174098671850733.Beheer-PDOK.Vervoersnetwerken---Waterwegen--INSPIRE-geharmoniseerd-.view.Vervoersnetwerken---Waterwegen--INSPIRE-geharmoniseerd--WMS.checkViewUrl.json
scenarios:  1 | passed:  0 | failed:  1 | time: 0.4308
---------------------------------------------------------
15:21:46.077 [ForkJoinPool-2-worker-3] INFO  com.intuit.karate - karate.env system property was:  
15:21:46.078 [ForkJoinPool-2-worker-3] INFO  com.intuit.karate - [print] {
  "class": "metadata.Service",
  "electronicMailAddress": "[beheerPDOK@kadaster.nl, beheerPDOK@kadaster.nl]",
  "metadataStandardVersion": "Nederlands metadata profiel op ISO 19119 voor services 2.0",
  "operatesOn": "[https://www.nationaalgeoregister.nl:443/geonetwork/srv/dut/csw?service=CSW&request=GetRecordById&version=2.0.2&outputSchema=http://www.isotc211.org/2005/gmd&elementSetName=full&id=krm-a905-9d8e-4758-83fa-28b057f185e4#MD_DataIdentification, https://www.nationaalgeoregister.nl:443/geonetwork/srv/dut/csw?service=CSW&request=GetRecordById&version=2.0.2&outputSchema=http://www.isotc211.org/2005/gmd&elementSetName=full&id=krm-a905-9d8e-4758-83fa-28b057f185e3#MD_DataIdentification]",
  "organisation": "Beheer PDOK",
  "serviceIdentifierCode": "4041f923-6b77-4816-bf46-437e85416c31",
  "servicetype": "view",
  "title": "Kaderrichtlijn Mariene Strategie 2018 WMS",
  "url": "https://geodata.nationaalgeoregister.nl/rws/kaderrichtlijnmarienestrategie2018/wms/v1_0?SERVICE=WMS&REQUEST=GetCapabilities"
}

15:21:46.078 [ForkJoinPool-2-worker-3] INFO  com.intuit.karate - [print] testing url:https://geodata.nationaalgeoregister.nl/rws/kaderrichtlijnmarienestrategie2018/wms/v1_0?SERVICE=WMS&REQUEST=GetCapabilities
15:21:46.079 [ForkJoinPool-2-worker-3] DEBUG com.intuit.karate - request:
1 > HEAD https://geodata.nationaalgeoregister.nl/rws/kaderrichtlijnmarienestrategie2018/wms/v1_0?SERVICE=WMS&REQUEST=GetCapabilities
1 > Accept-Encoding: gzip,deflate
1 > Connection: Keep-Alive
1 > Host: geodata.nationaalgeoregister.nl
1 > User-Agent: Apache-HttpClient/4.5.11 (Java/13.0.5)

15:21:46.260 [ForkJoinPool-2-worker-5] DEBUG com.intuit.karate - response time in milliseconds: 397.61
1 < 200
1 < Access-Control-Allow-Headers: SOAPAction,X-Requested-With,Content-Type,Origin,Authorization,Accept
1 < Access-Control-Allow-Methods: POST, GET, OPTIONS, HEAD
1 < Access-Control-Allow-Origin: *
1 < Access-Control-Max-Age: 1000
1 < Content-Length: 73
1 < Content-Type: text/html; charset=UTF-8
1 < Date: Mon, 26 Oct 2020 15:21:46 GMT
1 < Server: lighttpd/1.4.53
1 < X-Cnection: [close, close]

15:21:46.263 [ForkJoinPool-2-worker-1] DEBUG com.intuit.karate - response time in milliseconds: 404.54
1 < 200
1 < Access-Control-Allow-Headers: SOAPAction,X-Requested-With,Content-Type,Origin,Authorization,Accept
1 < Access-Control-Allow-Methods: POST, GET, OPTIONS, HEAD
1 < Access-Control-Allow-Origin: *
1 < Access-Control-Max-Age: 1000
1 < Content-Length: 73
1 < Content-Type: text/html; charset=UTF-8
1 < Date: Mon, 26 Oct 2020 15:21:46 GMT
1 < Server: lighttpd/1.4.53
1 < X-Cnection: [close, close]

15:21:46.263 [ForkJoinPool-2-worker-1] ERROR com.intuit.karate - assertion failed: path: $['Content-Type'][0], actual: 'text/html; charset=UTF-8', expected: 'text/xml', reason: not equal
15:21:46.266 [pool-4-thread-2] INFO  com.intuit.karate.Runner - <<fail>> feature 182 of 367: tmp/junit17863174098671850733/Beheer-PDOK/Kaderrichtlijn-Water---Register-Beschermd-Gebied---Schelpdierwater-2008/download/Schelpdierwater-WFS/checkdownloadurl.feature
---------------------------------------------------------
feature: tmp/junit17863174098671850733/Beheer-PDOK/Kaderrichtlijn-Water---Register-Beschermd-Gebied---Schelpdierwater-2008/download/Schelpdierwater-WFS/checkdownloadurl.feature
report: target/surefire-reports/tmp.junit17863174098671850733.Beheer-PDOK.Kaderrichtlijn-Water---Register-Beschermd-Gebied---Schelpdierwater-2008.download.Schelpdierwater-WFS.checkdownloadurl.json
scenarios:  1 | passed:  0 | failed:  1 | time: 0.4072
---------------------------------------------------------
15:21:46.268 [pool-4-thread-4] INFO  com.intuit.karate.Runner - <<pass>> feature 183 of 367: tmp/junit17863174098671850733/Beheer-PDOK/Kaderrichtlijn-Water---Register-Beschermd-Gebied---Schelpdierwater-2008/view/Schelpdierwater-WMS/checkViewUrl.feature
---------------------------------------------------------
feature: tmp/junit17863174098671850733/Beheer-PDOK/Kaderrichtlijn-Water---Register-Beschermd-Gebied---Schelpdierwater-2008/view/Schelpdierwater-WMS/checkViewUrl.feature
report: target/surefire-reports/tmp.junit17863174098671850733.Beheer-PDOK.Kaderrichtlijn-Water---Register-Beschermd-Gebied---Schelpdierwater-2008.view.Schelpdierwater-WMS.checkViewUrl.json
scenarios:  1 | passed:  1 | failed:  0 | time: 0.4017
---------------------------------------------------------
15:21:46.281 [ForkJoinPool-2-worker-5] INFO  com.intuit.karate - karate.env system property was:  
15:21:46.283 [ForkJoinPool-2-worker-5] INFO  com.intuit.karate - [print] {
  "class": "metadata.Service",
  "electronicMailAddress": "[beheerpdok@kadaster.nl, beheer pdok@kadaster.nl]",
  "metadataStandardVersion": "Nederlands metadata profiel op ISO 19119 voor services 2.0",
  "operatesOn": "[https://www.nationaalgeoregister.nl:443/geonetwork/srv/dut/csw?service=CSW&request=GetRecordById&version=2.0.2&outputSchema=http://www.isotc211.org/2005/gmd&elementSetName=full&id=5a1adb58-0bbe-425d-b0fe-577a6c0a4228#MD_DataIdentification, https://www.nationaalgeoregister.nl:443/geonetwork/srv/dut/csw?service=CSW&request=GetRecordById&version=2.0.2&outputSchema=http://www.isotc211.org/2005/gmd&elementSetName=full&id=71c2b7d2-a1a8-4836-b8d4-7247d331b04d#MD_DataIdentification, https://www.nationaalgeoregister.nl:443/geonetwork/srv/dut/csw?service=CSW&request=GetRecordById&version=2.0.2&outputSchema=http://www.isotc211.org/2005/gmd&elementSetName=full&id=1462bbce-ccd3-4362-83d8-4535ca8f44eb#MD_DataIdentification, https://www.nationaalgeoregister.nl:443/geonetwork/srv/dut/csw?service=CSW&request=GetRecordById&version=2.0.2&outputSchema=http://www.isotc211.org/2005/gmd&elementSetName=full&id=f605a24f-60cd-4c40-94c8-2186aba3ddd0#MD_DataIdentification, https://www.nationaalgeoregister.nl:443/geonetwork/srv/dut/csw?service=CSW&request=GetRecordById&version=2.0.2&outputSchema=http://www.isotc211.org/2005/gmd&elementSetName=full&id=76091be7-358a-4a44-8182-b4139c96c6a4#MD_DataIdentification, https://www.nationaalgeoregister.nl:443/geonetwork/srv/dut/csw?service=CSW&request=GetRecordById&version=2.0.2&outputSchema=http://www.isotc211.org/2005/gmd&elementSetName=full&id=8829e5dd-c861-4639-a6c8-fdbb6e3440d2#MD_DataIdentification, https://www.nationaalgeoregister.nl:443/geonetwork/srv/dut/csw?service=CSW&request=GetRecordById&version=2.0.2&outputSchema=http://www.isotc211.org/2005/gmd&elementSetName=full&id=710c381c-ab2d-45d5-a45d-af2eba811e5f#MD_DataIdentification, https://www.nationaalgeoregister.nl:443/geonetwork/srv/dut/csw?service=CSW&request=GetRecordById&version=2.0.2&outputSchema=http://www.isotc211.org/2005/gmd&elementSetName=full&id=a9b7026e-0a81-4813-93bd-ba49e6f28502#MD_DataIdentification, https://www.nationaalgeoregister.nl:443/geonetwork/srv/dut/csw?service=CSW&request=GetRecordById&version=2.0.2&outputSchema=http://www.isotc211.org/2005/gmd&elementSetName=full&id=2e5f0f60-0f2f-4e17-96af-c913fe305ecb#MD_DataIdentification, https://www.nationaalgeoregister.nl:443/geonetwork/srv/dut/csw?service=CSW&request=GetRecordById&version=2.0.2&outputSchema=http://www.isotc211.org/2005/gmd&elementSetName=full&id=00d8c7c8-98ff-4b06-8f53-b44216e6e75c#MD_DataIdentification, https://www.nationaalgeoregister.nl:443/geonetwork/srv/dut/csw?service=CSW&request=GetRecordById&version=2.0.2&outputSchema=http://www.isotc211.org/2005/gmd&elementSetName=full&id=701d4eb8-8aae-4708-bba5-3edf6987676d#MD_DataIdentification, https://www.nationaalgeoregister.nl:443/geonetwork/srv/dut/csw?service=CSW&request=GetRecordById&version=2.0.2&outputSchema=http://www.isotc211.org/2005/gmd&elementSetName=full&id=17716ed7-ce0d-4bfd-8868-a398e5578a36#MD_DataIdentification, https://www.nationaalgeoregister.nl:443/geonetwork/srv/dut/csw?service=CSW&request=GetRecordById&version=2.0.2&outputSchema=http://www.isotc211.org/2005/gmd&elementSetName=full&id=29d5310f-dd0d-45ba-abad-b4ffc6b8785f#MD_DataIdentification, https://www.nationaalgeoregister.nl:443/geonetwork/srv/dut/csw?service=CSW&request=GetRecordById&version=2.0.2&outputSchema=http://www.isotc211.org/2005/gmd&elementSetName=full&id=831f7bd7-c2ae-4336-bd2f-47ab20d7cdb7#MD_DataIdentification, https://www.nationaalgeoregister.nl:443/geonetwork/srv/dut/csw?service=CSW&request=GetRecordById&version=2.0.2&outputSchema=http://www.isotc211.org/2005/gmd&elementSetName=full&id=0f297898-2640-44c2-bbe9-c0480da83794#MD_DataIdentification, https://www.nationaalgeoregister.nl:443/geonetwork/srv/dut/csw?service=CSW&request=GetRecordById&version=2.0.2&outputSchema=http://www.isotc211.org/2005/gmd&elementSetName=full&id=abaf1e22-55aa-4a11-a855-7ac963e4a82b#MD_DataIdentification, https://www.nationaalgeoregister.nl:443/geonetwork/srv/dut/csw?service=CSW&request=GetRecordById&version=2.0.2&outputSchema=http://www.isotc211.org/2005/gmd&elementSetName=full&id=07d73b60-dfd6-4c54-9c82-9fac70c6c48e#MD_DataIdentification, https://www.nationaalgeoregister.nl:443/geonetwork/srv/dut/csw?service=CSW&request=GetRecordById&version=2.0.2&outputSchema=http://www.isotc211.org/2005/gmd&elementSetName=full&id=d25fe199-2430-48fd-ad57-5b5f79f73cdf#MD_DataIdentification, https://www.nationaalgeoregister.nl:443/geonetwork/srv/dut/csw?service=CSW&request=GetRecordById&version=2.0.2&outputSchema=http://www.isotc211.org/2005/gmd&elementSetName=full&id=e536d943-ecff-4d7a-9500-cc31a263a6af#MD_DataIdentification, https://www.nationaalgeoregister.nl:443/geonetwork/srv/dut/csw?service=CSW&request=GetRecordById&version=2.0.2&outputSchema=http://www.isotc211.org/2005/gmd&elementSetName=full&id=bbece924-9aab-4e00-8392-bce36b8f494e#MD_DataIdentification, https://www.nationaalgeoregister.nl:443/geonetwork/srv/dut/csw?service=CSW&request=GetRecordById&version=2.0.2&outputSchema=http://www.isotc211.org/2005/gmd&elementSetName=full&id=c935f2ab-9b65-4dc4-94a0-73aeb840a941#MD_DataIdentification, https://www.nationaalgeoregister.nl:443/geonetwork/srv/dut/csw?service=CSW&request=GetRecordById&version=2.0.2&outputSchema=http://www.isotc211.org/2005/gmd&elementSetName=full&id=81ff84ec-42a4-4481-840b-12713bbb5d38#MD_DataIdentification, https://www.nationaalgeoregister.nl:443/geonetwork/srv/dut/csw?service=CSW&request=GetRecordById&version=2.0.2&outputSchema=http://www.isotc211.org/2005/gmd&elementSetName=full&id=af0c582f-9e6b-46e6-865a-fc3a2d5289b9#MD_DataIdentification, https://www.nationaalgeoregister.nl:443/geonetwork/srv/dut/csw?service=CSW&request=GetRecordById&version=2.0.2&outputSchema=http://www.isotc211.org/2005/gmd&elementSetName=full&id=3eebf700-5abf-42e4-826c-03cfb497e366#MD_DataIdentification, https://www.nationaalgeoregister.nl:443/geonetwork/srv/dut/csw?service=CSW&request=GetRecordById&version=2.0.2&outputSchema=http://www.isotc211.org/2005/gmd&elementSetName=full&id=9d9f1738-aced-47c9-aaa0-c62474a2dcfb#MD_DataIdentification, https://www.nationaalgeoregister.nl:443/geonetwork/srv/dut/csw?service=CSW&request=GetRecordById&version=2.0.2&outputSchema=http://www.isotc211.org/2005/gmd&elementSetName=full&id=8eee71f9-9365-490d-9484-00263c6fa35c#MD_DataIdentification, https://www.nationaalgeoregister.nl:443/geonetwork/srv/dut/csw?service=CSW&request=GetRecordById&version=2.0.2&outputSchema=http://www.isotc211.org/2005/gmd&elementSetName=full&id=4961d305-fbb5-426a-9ba3-53e1ca5f3b18#MD_DataIdentification, https://www.nationaalgeoregister.nl:443/geonetwork/srv/dut/csw?service=CSW&request=GetRecordById&version=2.0.2&outputSchema=http://www.isotc211.org/2005/gmd&elementSetName=full&id=2af8df10-81ba-434a-8125-34fe8f127cf9#MD_DataIdentification, https://www.nationaalgeoregister.nl:443/geonetwork/srv/dut/csw?service=CSW&request=GetRecordById&version=2.0.2&outputSchema=http://www.isotc211.org/2005/gmd&elementSetName=full&id=6cde2ce7-3ecd-4785-b7b8-d62c3381efe9#MD_DataIdentification, https://www.nationaalgeoregister.nl:443/geonetwork/srv/dut/csw?service=CSW&request=GetRecordById&version=2.0.2&outputSchema=http://www.isotc211.org/2005/gmd&elementSetName=full&id=3229e4d7-4bcd-4b94-819d-8e62de69ce2e#MD_DataIdentification, https://www.nationaalgeoregister.nl:443/geonetwork/srv/dut/csw?service=CSW&request=GetRecordById&version=2.0.2&outputSchema=http://www.isotc211.org/2005/gmd&elementSetName=full&id=5d0dc580-ba7a-4c3b-968b-199efd92d6cf#MD_DataIdentification, https://www.nationaalgeoregister.nl:443/geonetwork/srv/dut/csw?service=CSW&request=GetRecordById&version=2.0.2&outputSchema=http://www.isotc211.org/2005/gmd&elementSetName=full&id=bffcd5d9-02b4-4e7d-991f-a386611cad84#MD_DataIdentification, https://www.nationaalgeoregister.nl:443/geonetwork/srv/dut/csw?service=CSW&request=GetRecordById&version=2.0.2&outputSchema=http://www.isotc211.org/2005/gmd&elementSetName=full&id=effe1ab0-073d-437c-af13-df5c5e07d6cd#MD_DataIdentification]",
  "organisation": "Beheer PDOK",
  "serviceIdentifierCode": "9ff1a13c-d1e0-4150-8523-91cb489ae1a4",
  "servicetype": "download",
  "title": "INSPIRE download service PDOK",
  "url": "https://geodata.nationaalgeoregister.nl/atom/index.xml"
}

15:21:46.284 [ForkJoinPool-2-worker-5] INFO  com.intuit.karate - [print] testing url:https://geodata.nationaalgeoregister.nl/atom/index.xml
15:21:46.289 [ForkJoinPool-2-worker-5] DEBUG com.intuit.karate - request:
1 > HEAD https://geodata.nationaalgeoregister.nl/atom/index.xml
1 > Accept-Encoding: gzip,deflate
1 > Connection: Keep-Alive
1 > Host: geodata.nationaalgeoregister.nl
1 > User-Agent: Apache-HttpClient/4.5.11 (Java/13.0.5)

15:21:46.282 [ForkJoinPool-2-worker-1] INFO  com.intuit.karate - karate.env system property was:  
15:21:46.291 [ForkJoinPool-2-worker-1] INFO  com.intuit.karate - [print] {
  "class": "metadata.Service",
  "electronicMailAddress": "[beheerPDOK@kadaster.nl, beheerPDOK@kadaster.nl]",
  "metadataStandardVersion": "Nederlands metadata profiel op ISO 19119 voor services 2.0",
  "operatesOn": "[http://nationaalgeoregister.nl/geonetwork/srv/dut/csw?service=CSW&version=2.0.2&request=GetRecordById&outputschema=http://www.isotc211.org/2005/gmd&elementsetname=full&id=29d5310f-dd0d-45ba-abad-b4ffc6b8785f#MD_DataIdentification, http://nationaalgeoregister.nl/geonetwork/srv/dut/csw?service=CSW&version=2.0.2&request=GetRecordById&outputschema=http://www.isotc211.org/2005/gmd&elementsetname=full&id=af0c582f-9e6b-46e6-865a-fc3a2d5289b9#MD_DataIdentification, http://nationaalgeoregister.nl/geonetwork/srv/dut/csw?service=CSW&version=2.0.2&request=GetRecordById&outputschema=http://www.isotc211.org/2005/gmd&elementsetname=full&id=81ff84ec-42a4-4481-840b-12713bbb5d38#MD_DataIdentification, http://nationaalgeoregister.nl/geonetwork/srv/dut/csw?service=CSW&version=2.0.2&request=GetRecordById&outputschema=http://www.isotc211.org/2005/gmd&elementsetname=full&id=3eebf700-5abf-42e4-826c-03cfb497e366#MD_DataIdentification, http://nationaalgeoregister.nl/geonetwork/srv/dut/csw?service=CSW&version=2.0.2&request=GetRecordById&outputschema=http://www.isotc211.org/2005/gmd&elementsetname=full&id=4b282988-cb91-4bbc-b147-f653014917cb#MD_DataIdentification, http://nationaalgeoregister.nl/geonetwork/srv/dut/csw?service=CSW&version=2.0.2&request=GetRecordById&outputschema=http://www.isotc211.org/2005/gmd&elementsetname=full&id=0558a41c-b09a-47fa-b8db-9de6bfe4f494#MD_DataIdentification, http://nationaalgeoregister.nl/geonetwork/srv/dut/csw?service=CSW&version=2.0.2&request=GetRecordById&outputschema=http://www.isotc211.org/2005/gmd&elementsetname=full&id=9d9f1738-aced-47c9-aaa0-c62474a2dcfb#MD_DataIdentification]",
  "organisation": "Beheer PDOK",
  "serviceIdentifierCode": "94f241c2-43a2-42c3-8e9e-71976605aa0e",
  "servicetype": "view",
  "title": "TOP10NL WMS",
  "url": "https://geodata.nationaalgeoregister.nl/top10nlv2/wms?request=GetCapabilities"
}

15:21:46.291 [ForkJoinPool-2-worker-1] INFO  com.intuit.karate - [print] testing url:https://geodata.nationaalgeoregister.nl/top10nlv2/wms?request=GetCapabilities
15:21:46.292 [ForkJoinPool-2-worker-1] DEBUG com.intuit.karate - request:
1 > HEAD https://geodata.nationaalgeoregister.nl/top10nlv2/wms?request=GetCapabilities
1 > Accept-Encoding: gzip,deflate
1 > Connection: Keep-Alive
1 > Host: geodata.nationaalgeoregister.nl
1 > User-Agent: Apache-HttpClient/4.5.11 (Java/13.0.5)

15:21:46.430 [ForkJoinPool-2-worker-7] DEBUG com.intuit.karate - response time in milliseconds: 548.02
1 < 200
1 < Accept-Ranges: bytes
1 < Access-Control-Allow-Headers: SOAPAction,X-Requested-With,Content-Type,Origin,Authorization,Accept
1 < Access-Control-Allow-Methods: POST, GET, OPTIONS, HEAD
1 < Access-Control-Allow-Origin: *
1 < Access-Control-Max-Age: 1000
1 < Content-Length: 4327
1 < Content-Security-Policy: block-all-mixed-content
1 < Content-Type: text/xml
1 < Date: Mon, 26 Oct 2020 15:21:46 GMT
1 < Etag: "2b808852de163596115b571d04ab8e33-1"
1 < Last-Modified: Tue, 26 Nov 2019 15:47:04 GMT
1 < Server: MinIO/RELEASE.2020-09-21T22-31-59Z
1 < Vary: Origin
1 < X-Amz-Bucket-Region: Amsterdam
1 < X-Amz-Request-Id: 1641940875558EF1
1 < X-Cnection: [close, close]
1 < X-Xss-Protection: 1; mode=block

15:21:46.432 [pool-4-thread-3] INFO  com.intuit.karate.Runner - <<pass>> feature 184 of 367: tmp/junit17863174098671850733/Beheer-PDOK/Kaderrichtlijn-Mariene-Strategie---Mariene-wateren-Nederland-EU2018/download/Kaderrichtlijn-Mariene-Strategie-EU2018-ATOM/checkdownloadurl.feature
---------------------------------------------------------
feature: tmp/junit17863174098671850733/Beheer-PDOK/Kaderrichtlijn-Mariene-Strategie---Mariene-wateren-Nederland-EU2018/download/Kaderrichtlijn-Mariene-Strategie-EU2018-ATOM/checkdownloadurl.feature
report: target/surefire-reports/tmp.junit17863174098671850733.Beheer-PDOK.Kaderrichtlijn-Mariene-Strategie---Mariene-wateren-Nederland-EU2018.download.Kaderrichtlijn-Mariene-Strategie-EU2018-ATOM.checkdownloadurl.json
scenarios:  1 | passed:  1 | failed:  0 | time: 0.5566
---------------------------------------------------------
15:21:46.436 [ForkJoinPool-2-worker-7] INFO  com.intuit.karate - karate.env system property was:  
15:21:46.440 [ForkJoinPool-2-worker-7] INFO  com.intuit.karate - [print] {
  "class": "metadata.Service",
  "electronicMailAddress": "[beheerPDOK@kadaster.nl, beheerPDOK@kadaster.nl]",
  "metadataStandardVersion": "Nederlands metadata profiel op ISO 19119 voor services 2.0",
  "operatesOn": "http://www.nationaalgeoregister.nl/geonetwork/srv/eng/csw?service=CSW&request=GetRecordById&version=2.0.2&outputSchema=http://www.isotc211.org/2005/gmd&elementSetName=full&id=76091be7-358a-4a44-8182-b4139c96c6a4#MD_DataIdentification",
  "organisation": "Beheer PDOK",
  "serviceIdentifierCode": "a8ad0d7d-ea9e-4261-bc92-772e99a41387",
  "servicetype": "download",
  "title": "Adressen V2 WFS",
  "url": "https://geodata.nationaalgeoregister.nl/inspireadressen/v2/wfs?service=wfs&request=GetCapabilities"
}

15:21:46.441 [ForkJoinPool-2-worker-7] INFO  com.intuit.karate - [print] testing url:https://geodata.nationaalgeoregister.nl/inspireadressen/v2/wfs?service=wfs&request=GetCapabilities
15:21:46.441 [ForkJoinPool-2-worker-7] DEBUG com.intuit.karate - request:
1 > HEAD https://geodata.nationaalgeoregister.nl/inspireadressen/v2/wfs?service=wfs&request=GetCapabilities
1 > Accept-Encoding: gzip,deflate
1 > Connection: Keep-Alive
1 > Host: geodata.nationaalgeoregister.nl
1 > User-Agent: Apache-HttpClient/4.5.11 (Java/13.0.5)

15:21:46.487 [ForkJoinPool-2-worker-3] DEBUG com.intuit.karate - response time in milliseconds: 408.14
1 < 200
1 < Access-Control-Allow-Headers: SOAPAction,X-Requested-With,Content-Type,Origin,Authorization,Accept
1 < Access-Control-Allow-Methods: POST, GET, OPTIONS, HEAD
1 < Access-Control-Allow-Origin: *
1 < Access-Control-Max-Age: 1000
1 < Content-Length: 73
1 < Content-Type: text/html; charset=UTF-8
1 < Date: Mon, 26 Oct 2020 15:21:46 GMT
1 < Server: lighttpd/1.4.53
1 < X-Cnection: [close, close]

15:21:46.489 [pool-4-thread-1] INFO  com.intuit.karate.Runner - <<pass>> feature 185 of 367: tmp/junit17863174098671850733/Beheer-PDOK/Kaderrichtlijn-Mariene-Strategie---Mariene-wateren-Nederland-EU2018/view/Kaderrichtlijn-Mariene-Strategie-2018-WMS/checkViewUrl.feature
---------------------------------------------------------
feature: tmp/junit17863174098671850733/Beheer-PDOK/Kaderrichtlijn-Mariene-Strategie---Mariene-wateren-Nederland-EU2018/view/Kaderrichtlijn-Mariene-Strategie-2018-WMS/checkViewUrl.feature
report: target/surefire-reports/tmp.junit17863174098671850733.Beheer-PDOK.Kaderrichtlijn-Mariene-Strategie---Mariene-wateren-Nederland-EU2018.view.Kaderrichtlijn-Mariene-Strategie-2018-WMS.checkViewUrl.json
scenarios:  1 | passed:  1 | failed:  0 | time: 0.4103
---------------------------------------------------------
15:21:46.493 [ForkJoinPool-2-worker-3] INFO  com.intuit.karate - karate.env system property was:  
15:21:46.494 [ForkJoinPool-2-worker-3] INFO  com.intuit.karate - [print] {
  "class": "metadata.Service",
  "electronicMailAddress": "[beheerPDOK@kadaster.nl, beheerPDOK@kadaster.nl]",
  "metadataStandardVersion": "Nederlands metadata profiel op ISO 19119 voor services 2.0",
  "operatesOn": "http://nationaalgeoregister.nl/geonetwork/srv/dut/csw?service=CSW&version=2.0.2&request=GetRecordById&outputschema=http://www.isotc211.org/2005/gmd&elementsetname=full&id=76091be7-358a-4a44-8182-b4139c96c6a4#MD_DataIdentification",
  "organisation": "Beheer PDOK",
  "serviceIdentifierCode": "f1dadc2c-6de2-415a-a2b7-aaf057ddda43",
  "servicetype": "view",
  "title": "Adressen V2 WMS",
  "url": "https://geodata.nationaalgeoregister.nl/inspireadressen/v2/wms?request=GetCapabilities"
}

15:21:46.494 [ForkJoinPool-2-worker-3] INFO  com.intuit.karate - [print] testing url:https://geodata.nationaalgeoregister.nl/inspireadressen/v2/wms?request=GetCapabilities
15:21:46.494 [ForkJoinPool-2-worker-3] DEBUG com.intuit.karate - request:
1 > HEAD https://geodata.nationaalgeoregister.nl/inspireadressen/v2/wms?request=GetCapabilities
1 > Accept-Encoding: gzip,deflate
1 > Connection: Keep-Alive
1 > Host: geodata.nationaalgeoregister.nl
1 > User-Agent: Apache-HttpClient/4.5.11 (Java/13.0.5)

15:21:46.693 [ForkJoinPool-2-worker-1] DEBUG com.intuit.karate - response time in milliseconds: 401.14
1 < 200
1 < Accept-Ranges: bytes
1 < Access-Control-Allow-Headers: SOAPAction,X-Requested-With,Content-Type,Origin,Authorization,Accept
1 < Access-Control-Allow-Methods: POST, GET, OPTIONS, HEAD
1 < Access-Control-Allow-Origin: *
1 < Access-Control-Max-Age: 1000
1 < Content-Type: application/xml
1 < Date: Mon, 26 Oct 2020 15:21:46 GMT
1 < ETag: "2b852-5af58ad5c5979-gzip"
1 < Last-Modified: Tue, 15 Sep 2020 11:44:44 GMT
1 < Vary: Accept-Encoding
1 < X-Cnection: [close, close]

15:21:46.694 [ForkJoinPool-2-worker-1] ERROR com.intuit.karate - assertion failed: path: $['Content-Length'][0], actual: null, expected: '#notnull', reason: actual json-path does not exist
15:21:46.696 [pool-4-thread-2] INFO  com.intuit.karate.Runner - <<fail>> feature 186 of 367: tmp/junit17863174098671850733/Beheer-PDOK/Hydrografie/view/TOP10NL-WMS/checkViewUrl.feature
---------------------------------------------------------
feature: tmp/junit17863174098671850733/Beheer-PDOK/Hydrografie/view/TOP10NL-WMS/checkViewUrl.feature
report: target/surefire-reports/tmp.junit17863174098671850733.Beheer-PDOK.Hydrografie.view.TOP10NL-WMS.checkViewUrl.json
scenarios:  1 | passed:  0 | failed:  1 | time: 0.4038
---------------------------------------------------------
15:21:46.701 [ForkJoinPool-2-worker-1] INFO  com.intuit.karate - karate.env system property was:  
15:21:46.702 [ForkJoinPool-2-worker-1] INFO  com.intuit.karate - [print] {
  "class": "metadata.Service",
  "electronicMailAddress": "[beheerPDOK@kadaster.nl, beheerPDOK@kadaster.nl]",
  "metadataStandardVersion": "Nederlands metadata profiel op ISO 19119 voor services 2.0",
  "operatesOn": "[https://www.nationaalgeoregister.nl:443/geonetwork/srv/dut/csw?service=CSW&request=GetRecordById&version=2.0.2&outputSchema=http://www.isotc211.org/2005/gmd&elementSetName=full&id=1be28290-55fa-4486-b9d3-b9d147117863#MD_DataIdentification, https://www.nationaalgeoregister.nl:443/geonetwork/srv/dut/csw?service=CSW&request=GetRecordById&version=2.0.2&outputSchema=http://www.isotc211.org/2005/gmd&elementSetName=full&id=7c24ea89-074e-4c4f-91e3-d38e813e9cb6#MD_DataIdentification, https://www.nationaalgeoregister.nl:443/geonetwork/srv/dut/csw?service=CSW&request=GetRecordById&version=2.0.2&outputSchema=http://www.isotc211.org/2005/gmd&elementSetName=full&id=7f5d7945-8fa8-4d36-be4c-2fdb3c7d613b#MD_DataIdentification, https://www.nationaalgeoregister.nl:443/geonetwork/srv/dut/csw?service=CSW&request=GetRecordById&version=2.0.2&outputSchema=http://www.isotc211.org/2005/gmd&elementSetName=full&id=9ed6b8ed-254a-4745-a09a-3b57137d1b69#MD_DataIdentification]",
  "organisation": "Beheer PDOK",
  "serviceIdentifierCode": "d7a395a2-8673-4794-a5a6-fed6492cd580",
  "servicetype": "view",
  "title": "Luchtfoto Beeldmateriaal / PDOK 25 cm Infrarood WMS",
  "url": "https://geodata.nationaalgeoregister.nl/luchtfoto/infrarood/wms?request=GetCapabilities"
}

15:21:46.703 [ForkJoinPool-2-worker-1] INFO  com.intuit.karate - [print] testing url:https://geodata.nationaalgeoregister.nl/luchtfoto/infrarood/wms?request=GetCapabilities
15:21:46.703 [ForkJoinPool-2-worker-1] DEBUG com.intuit.karate - request:
1 > HEAD https://geodata.nationaalgeoregister.nl/luchtfoto/infrarood/wms?request=GetCapabilities
1 > Accept-Encoding: gzip,deflate
1 > Connection: Keep-Alive
1 > Host: geodata.nationaalgeoregister.nl
1 > User-Agent: Apache-HttpClient/4.5.11 (Java/13.0.5)

15:21:46.719 [ForkJoinPool-2-worker-5] DEBUG com.intuit.karate - response time in milliseconds: 426.91
1 < 200
1 < Access-Control-Allow-Headers: SOAPAction,X-Requested-With,Content-Type,Origin,Authorization,Accept
1 < Access-Control-Allow-Methods: POST, GET, OPTIONS, HEAD
1 < Access-Control-Allow-Origin: *
1 < Access-Control-Max-Age: 1000
1 < Content-Length: 59006
1 < Content-Type: text/xml
1 < Date: Mon, 26 Oct 2020 15:21:46 GMT
1 < X-Cnection: [close, close]

15:21:46.721 [pool-4-thread-4] INFO  com.intuit.karate.Runner - <<pass>> feature 187 of 367: tmp/junit17863174098671850733/Beheer-PDOK/Adressen/download/INSPIRE-download-service-PDOK/checkdownloadurl.feature
---------------------------------------------------------
feature: tmp/junit17863174098671850733/Beheer-PDOK/Adressen/download/INSPIRE-download-service-PDOK/checkdownloadurl.feature
report: target/surefire-reports/tmp.junit17863174098671850733.Beheer-PDOK.Adressen.download.INSPIRE-download-service-PDOK.checkdownloadurl.json
scenarios:  1 | passed:  1 | failed:  0 | time: 0.4377
---------------------------------------------------------
15:21:46.724 [ForkJoinPool-2-worker-5] INFO  com.intuit.karate - karate.env system property was:  
15:21:46.725 [ForkJoinPool-2-worker-5] INFO  com.intuit.karate - [print] {
  "class": "metadata.Service",
  "electronicMailAddress": "[beheerPDOK@kadaster.nl, beheerPDOK@kadaster.nl]",
  "metadataStandardVersion": "Nederlands metadata profiel op ISO 19119 voor services 2.0",
  "operatesOn": "http://nationaalgeoregister.nl/geonetwork/srv/dut/csw?service=CSW&version=2.0.2&request=GetRecordById&outputschema=http://www.isotc211.org/2005/gmd&elementsetname=full&id=7939fd42-cf88-42c5-ab3b-232cf232a3ac#MD_DataIdentification",
  "organisation": "Beheer PDOK",
  "serviceIdentifierCode": "fff9d7cf-9929-4dde-98b8-06ceda7e5610",
  "servicetype": "download",
  "title": "Actueel Hoogtebestand Nederland 2 (AHN2) WCS",
  "url": "https://geodata.nationaalgeoregister.nl/ahn2/wcs?request=GetCapabilities&service=WCS"
}

15:21:46.725 [ForkJoinPool-2-worker-5] INFO  com.intuit.karate - [print] testing url:https://geodata.nationaalgeoregister.nl/ahn2/wcs?request=GetCapabilities&service=WCS
15:21:46.725 [ForkJoinPool-2-worker-5] DEBUG com.intuit.karate - request:
1 > HEAD https://geodata.nationaalgeoregister.nl/ahn2/wcs?request=GetCapabilities&service=WCS
1 > Accept-Encoding: gzip,deflate
1 > Connection: Keep-Alive
1 > Host: geodata.nationaalgeoregister.nl
1 > User-Agent: Apache-HttpClient/4.5.11 (Java/13.0.5)

15:21:46.847 [ForkJoinPool-2-worker-7] DEBUG com.intuit.karate - response time in milliseconds: 405.75
1 < 200
1 < Access-Control-Allow-Headers: SOAPAction,X-Requested-With,Content-Type,Origin,Authorization,Accept
1 < Access-Control-Allow-Methods: POST, GET, OPTIONS, HEAD
1 < Access-Control-Allow-Origin: *
1 < Access-Control-Max-Age: 1000
1 < Content-Length: 73
1 < Content-Type: text/html; charset=UTF-8
1 < Date: Mon, 26 Oct 2020 15:21:46 GMT
1 < Server: lighttpd/1.4.53
1 < X-Cnection: [close, close]

15:21:46.848 [ForkJoinPool-2-worker-7] ERROR com.intuit.karate - assertion failed: path: $['Content-Type'][0], actual: 'text/html; charset=UTF-8', expected: 'text/xml', reason: not equal
15:21:46.850 [pool-4-thread-3] INFO  com.intuit.karate.Runner - <<fail>> feature 188 of 367: tmp/junit17863174098671850733/Beheer-PDOK/Adressen/download/Adressen-V2-WFS/checkdownloadurl.feature
---------------------------------------------------------
feature: tmp/junit17863174098671850733/Beheer-PDOK/Adressen/download/Adressen-V2-WFS/checkdownloadurl.feature
report: target/surefire-reports/tmp.junit17863174098671850733.Beheer-PDOK.Adressen.download.Adressen-V2-WFS.checkdownloadurl.json
scenarios:  1 | passed:  0 | failed:  1 | time: 0.4111
---------------------------------------------------------
15:21:46.856 [ForkJoinPool-2-worker-7] INFO  com.intuit.karate - karate.env system property was:  
15:21:46.858 [ForkJoinPool-2-worker-7] INFO  com.intuit.karate - [print] {
  "class": "metadata.Service",
  "electronicMailAddress": "[beheerPDOK@kadaster.nl, beheerPDOK@kadaster.nl]",
  "metadataStandardVersion": "Nederlands metadata profiel op ISO 19119 voor services 2.0",
  "operatesOn": "https://www.nationaalgeoregister.nl:443/geonetwork/srv/dut/csw?service=CSW&request=GetRecordById&version=2.0.2&outputSchema=http://www.isotc211.org/2005/gmd&elementSetName=full&id=7939fd42-cf88-42c5-ab3b-232cf232a3ac#MD_DataIdentification",
  "organisation": "Beheer PDOK",
  "serviceIdentifierCode": "7a914681-61bd-4f67-902b-45037a00c469",
  "servicetype": "view",
  "title": "Actueel Hoogtebestand Nederland 2 (AHN2) WMS",
  "url": "https://geodata.nationaalgeoregister.nl/ahn2/wms?request=GetCapabilities"
}

15:21:46.859 [ForkJoinPool-2-worker-7] INFO  com.intuit.karate - [print] testing url:https://geodata.nationaalgeoregister.nl/ahn2/wms?request=GetCapabilities
15:21:46.860 [ForkJoinPool-2-worker-7] DEBUG com.intuit.karate - request:
1 > HEAD https://geodata.nationaalgeoregister.nl/ahn2/wms?request=GetCapabilities
1 > Accept-Encoding: gzip,deflate
1 > Connection: Keep-Alive
1 > Host: geodata.nationaalgeoregister.nl
1 > User-Agent: Apache-HttpClient/4.5.11 (Java/13.0.5)

15:21:46.887 [ForkJoinPool-2-worker-3] DEBUG com.intuit.karate - response time in milliseconds: 392.67
1 < 200
1 < Access-Control-Allow-Headers: SOAPAction,X-Requested-With,Content-Type,Origin,Authorization,Accept
1 < Access-Control-Allow-Methods: POST, GET, OPTIONS, HEAD
1 < Access-Control-Allow-Origin: *
1 < Access-Control-Max-Age: 1000
1 < Content-Length: 73
1 < Content-Type: text/html; charset=UTF-8
1 < Date: Mon, 26 Oct 2020 15:21:46 GMT
1 < Server: lighttpd/1.4.53
1 < X-Cnection: [close, close]

15:21:46.889 [pool-4-thread-1] INFO  com.intuit.karate.Runner - <<pass>> feature 189 of 367: tmp/junit17863174098671850733/Beheer-PDOK/Adressen/view/Adressen-V2-WMS/checkViewUrl.feature
---------------------------------------------------------
feature: tmp/junit17863174098671850733/Beheer-PDOK/Adressen/view/Adressen-V2-WMS/checkViewUrl.feature
report: target/surefire-reports/tmp.junit17863174098671850733.Beheer-PDOK.Adressen.view.Adressen-V2-WMS.checkViewUrl.json
scenarios:  1 | passed:  1 | failed:  0 | time: 0.3946
---------------------------------------------------------
15:21:46.892 [ForkJoinPool-2-worker-3] INFO  com.intuit.karate - karate.env system property was:  
15:21:46.893 [ForkJoinPool-2-worker-3] INFO  com.intuit.karate - [print] {
  "class": "metadata.Service",
  "electronicMailAddress": "[beheerPDOK@kadaster.nl, beheerPDOK@kadaster.nl]",
  "metadataStandardVersion": "Nederlands metadata profiel op ISO 19119 voor services 2.0",
  "operatesOn": "[https://www.nationaalgeoregister.nl:443/geonetwork/srv/dut/csw?service=CSW&request=GetRecordById&version=2.0.2&outputSchema=http://www.isotc211.org/2005/gmd&elementSetName=full&id=110f9ec6-4464-462e-9765-83d90cefbeag#MD_DataIdentification, https://www.nationaalgeoregister.nl:443/geonetwork/srv/dut/csw?service=CSW&request=GetRecordById&version=2.0.2&outputSchema=http://www.isotc211.org/2005/gmd&elementSetName=full&id=110f9ec6-4464-462e-9765-83d90cefbead#MD_DataIdentification]",
  "organisation": "Beheer PDOK",
  "serviceIdentifierCode": "ddf33bff-8de3-4cca-b6f5-24d18daa502f",
  "servicetype": "download",
  "title": "Kaderrichtlijn Water EU2015 ATOM",
  "url": "https://geodata.nationaalgeoregister.nl/rws/kaderrichtlijnwater2015/atom/v1_0/index.xml"
}

15:21:46.894 [ForkJoinPool-2-worker-3] INFO  com.intuit.karate - [print] testing url:https://geodata.nationaalgeoregister.nl/rws/kaderrichtlijnwater2015/atom/v1_0/index.xml
15:21:46.894 [ForkJoinPool-2-worker-3] DEBUG com.intuit.karate - request:
1 > HEAD https://geodata.nationaalgeoregister.nl/rws/kaderrichtlijnwater2015/atom/v1_0/index.xml
1 > Accept-Encoding: gzip,deflate
1 > Connection: Keep-Alive
1 > Host: geodata.nationaalgeoregister.nl
1 > User-Agent: Apache-HttpClient/4.5.11 (Java/13.0.5)

15:21:47.094 [ForkJoinPool-2-worker-1] DEBUG com.intuit.karate - response time in milliseconds: 390.61
1 < 200
1 < Accept-Ranges: bytes
1 < Access-Control-Allow-Headers: SOAPAction,X-Requested-With,Content-Type,Origin,Authorization,Accept
1 < Access-Control-Allow-Methods: POST, GET, OPTIONS, HEAD
1 < Access-Control-Allow-Origin: *
1 < Access-Control-Max-Age: 1000
1 < Content-Type: application/xml
1 < Date: Mon, 26 Oct 2020 15:21:47 GMT
1 < ETag: "22af-59fdeb7b20bac-gzip"
1 < Last-Modified: Mon, 02 Mar 2020 12:56:37 GMT
1 < Vary: Accept-Encoding
1 < X-Cnection: [close, close]

15:21:47.095 [ForkJoinPool-2-worker-1] ERROR com.intuit.karate - assertion failed: path: $['Content-Length'][0], actual: null, expected: '#notnull', reason: actual json-path does not exist
15:21:47.096 [pool-4-thread-2] INFO  com.intuit.karate.Runner - <<fail>> feature 190 of 367: tmp/junit17863174098671850733/Beheer-PDOK/Luchtfoto-2017-25cm-CIR-open-data/view/Luchtfoto-Beeldmateriaal-/-PDOK-25-cm-Infrarood-WMS/checkViewUrl.feature
---------------------------------------------------------
feature: tmp/junit17863174098671850733/Beheer-PDOK/Luchtfoto-2017-25cm-CIR-open-data/view/Luchtfoto-Beeldmateriaal-/-PDOK-25-cm-Infrarood-WMS/checkViewUrl.feature
report: target/surefire-reports/tmp.junit17863174098671850733.Beheer-PDOK.Luchtfoto-2017-25cm-CIR-open-data.view.Luchtfoto-Beeldmateriaal-.-PDOK-25-cm-Infrarood-WMS.checkViewUrl.json
scenarios:  1 | passed:  0 | failed:  1 | time: 0.3929
---------------------------------------------------------
15:21:47.100 [ForkJoinPool-2-worker-1] INFO  com.intuit.karate - karate.env system property was:  
15:21:47.102 [ForkJoinPool-2-worker-1] INFO  com.intuit.karate - [print] {
  "class": "metadata.Service",
  "electronicMailAddress": "[beheerpdok@kadaster.nl, beheerpdok@kadaster.nl]",
  "metadataStandardVersion": "Nederlands metadata profiel op ISO 19119 voor services 2.0",
  "operatesOn": "[http://nationaalgeoregister.nl/geonetwork/srv/en/csw?service=CSW&version=2.0.2&request=GetRecordById&outputschema=http://www.isotc211.org/2005/gmd&elementsetname=full&id=110f9ec6-4464-462e-9765-83d90cefbeag#MD_DataIdentification, http://nationaalgeoregister.nl/geonetwork/srv/en/csw?service=CSW&version=2.0.2&request=GetRecordById&outputschema=http://www.isotc211.org/2005/gmd&elementsetname=full&id=110f9ec6-4464-462e-9765-83d90cefbead#MD_DataIdentification]",
  "organisation": "Beheer PDOK",
  "serviceIdentifierCode": "7681eb19-a914-4dc7-9208-c2a131dca06d",
  "servicetype": "view",
  "title": "Kaderrichtlijn Water EU2015 WMS",
  "url": "https://geodata.nationaalgeoregister.nl/rws/kaderrichtlijnwater2015/wms/v1_0?service=WMS&request=GetCapabilities"
}

15:21:47.105 [ForkJoinPool-2-worker-1] INFO  com.intuit.karate - [print] testing url:https://geodata.nationaalgeoregister.nl/rws/kaderrichtlijnwater2015/wms/v1_0?service=WMS&request=GetCapabilities
15:21:47.107 [ForkJoinPool-2-worker-1] DEBUG com.intuit.karate - request:
1 > HEAD https://geodata.nationaalgeoregister.nl/rws/kaderrichtlijnwater2015/wms/v1_0?service=WMS&request=GetCapabilities
1 > Accept-Encoding: gzip,deflate
1 > Connection: Keep-Alive
1 > Host: geodata.nationaalgeoregister.nl
1 > User-Agent: Apache-HttpClient/4.5.11 (Java/13.0.5)

15:21:47.140 [ForkJoinPool-2-worker-5] DEBUG com.intuit.karate - response time in milliseconds: 414.20
1 < 200
1 < Access-Control-Allow-Headers: SOAPAction,X-Requested-With,Content-Type,Origin,Authorization,Accept
1 < Access-Control-Allow-Methods: POST, GET, OPTIONS, HEAD
1 < Access-Control-Allow-Origin: *
1 < Access-Control-Max-Age: 1000
1 < Content-Length: 73
1 < Content-Type: text/html; charset=UTF-8
1 < Date: Mon, 26 Oct 2020 15:21:47 GMT
1 < Server: lighttpd/1.4.53
1 < X-Cnection: [close, close]

15:21:47.140 [ForkJoinPool-2-worker-5] ERROR com.intuit.karate - assertion failed: path: $['Content-Type'][0], actual: 'text/html; charset=UTF-8', expected: 'text/xml', reason: not equal
15:21:47.142 [pool-4-thread-4] INFO  com.intuit.karate.Runner - <<fail>> feature 191 of 367: tmp/junit17863174098671850733/Beheer-PDOK/Actueel-Hoogtebestand-Nederland-2--AHN2-/download/Actueel-Hoogtebestand-Nederland-2--AHN2--WCS/checkdownloadurl.feature
---------------------------------------------------------
feature: tmp/junit17863174098671850733/Beheer-PDOK/Actueel-Hoogtebestand-Nederland-2--AHN2-/download/Actueel-Hoogtebestand-Nederland-2--AHN2--WCS/checkdownloadurl.feature
report: target/surefire-reports/tmp.junit17863174098671850733.Beheer-PDOK.Actueel-Hoogtebestand-Nederland-2--AHN2-.download.Actueel-Hoogtebestand-Nederland-2--AHN2--WCS.checkdownloadurl.json
scenarios:  1 | passed:  0 | failed:  1 | time: 0.4163
---------------------------------------------------------
15:21:47.145 [ForkJoinPool-2-worker-5] INFO  com.intuit.karate - karate.env system property was:  
15:21:47.146 [ForkJoinPool-2-worker-5] INFO  com.intuit.karate - [print] {
  "class": "metadata.Service",
  "electronicMailAddress": "[beheerPDOK@kadaster.nl, beheerPDOK@kadaster.nl]",
  "metadataStandardVersion": "Nederlands metadata profiel op ISO 19119 voor services 2.0",
  "operatesOn": "http://nationaalgeoregister.nl/geonetwork/srv/dut/csw?service=CSW&version=2.0.2&request=GetRecordById&outputschema=http://www.isotc211.org/2005/gmd&elementsetname=full&id=db8d613f-5edc-4467-9cc0-e2dcfb9d64a8#MD_DataIdentification",
  "organisation": "Beheer PDOK",
  "serviceIdentifierCode": "40c4ec8c-14b2-4104-982b-c0ebfd5397c4",
  "servicetype": "download",
  "title": "Statistical Units Grid (INSPIRE geharmoniseerd) WFS",
  "url": "https://geodata.nationaalgeoregister.nl/inspire/su-grid/wfs?request=GetCapabilities"
}

15:21:47.148 [ForkJoinPool-2-worker-5] INFO  com.intuit.karate - [print] testing url:https://geodata.nationaalgeoregister.nl/inspire/su-grid/wfs?request=GetCapabilities
15:21:47.149 [ForkJoinPool-2-worker-5] DEBUG com.intuit.karate - request:
1 > HEAD https://geodata.nationaalgeoregister.nl/inspire/su-grid/wfs?request=GetCapabilities
1 > Accept-Encoding: gzip,deflate
1 > Connection: Keep-Alive
1 > Host: geodata.nationaalgeoregister.nl
1 > User-Agent: Apache-HttpClient/4.5.11 (Java/13.0.5)

15:21:47.259 [ForkJoinPool-2-worker-7] DEBUG com.intuit.karate - response time in milliseconds: 398.72
1 < 200
1 < Accept-Ranges: bytes
1 < Access-Control-Allow-Headers: SOAPAction,X-Requested-With,Content-Type,Origin,Authorization,Accept
1 < Access-Control-Allow-Methods: POST, GET, OPTIONS, HEAD
1 < Access-Control-Allow-Origin: *
1 < Access-Control-Max-Age: 1000
1 < Content-Type: application/xml
1 < Date: Mon, 26 Oct 2020 15:21:47 GMT
1 < ETag: "51e0-5af58a645c6e0-gzip"
1 < Last-Modified: Tue, 15 Sep 2020 11:42:45 GMT
1 < Vary: Accept-Encoding
1 < X-Cnection: [close, close]

15:21:47.259 [ForkJoinPool-2-worker-7] ERROR com.intuit.karate - assertion failed: path: $['Content-Length'][0], actual: null, expected: '#notnull', reason: actual json-path does not exist
15:21:47.261 [pool-4-thread-3] INFO  com.intuit.karate.Runner - <<fail>> feature 192 of 367: tmp/junit17863174098671850733/Beheer-PDOK/Actueel-Hoogtebestand-Nederland-2--AHN2-/view/Actueel-Hoogtebestand-Nederland-2--AHN2--WMS/checkViewUrl.feature
---------------------------------------------------------
feature: tmp/junit17863174098671850733/Beheer-PDOK/Actueel-Hoogtebestand-Nederland-2--AHN2-/view/Actueel-Hoogtebestand-Nederland-2--AHN2--WMS/checkViewUrl.feature
report: target/surefire-reports/tmp.junit17863174098671850733.Beheer-PDOK.Actueel-Hoogtebestand-Nederland-2--AHN2-.view.Actueel-Hoogtebestand-Nederland-2--AHN2--WMS.checkViewUrl.json
scenarios:  1 | passed:  0 | failed:  1 | time: 0.4020
---------------------------------------------------------
15:21:47.269 [ForkJoinPool-2-worker-7] INFO  com.intuit.karate - karate.env system property was:  
15:21:47.270 [ForkJoinPool-2-worker-7] INFO  com.intuit.karate - [print] {
  "class": "metadata.Service",
  "electronicMailAddress": "[beheerPDOK@kadaster.nl, beheerPDOK@kadaster.nl]",
  "metadataStandardVersion": "Nederlands metadata profiel op ISO 19119 voor services 2.0",
  "operatesOn": "http://nationaalgeoregister.nl/geonetwork/srv/dut/csw?service=CSW&version=2.0.2&request=GetRecordById&outputschema=http://www.isotc211.org/2005/gmd&elementsetname=full&id=db8d613f-5edc-4467-9cc0-e2dcfb9d64a8#MD_DataIdentification",
  "organisation": "Beheer PDOK",
  "serviceIdentifierCode": "a7ed73f4-e16d-46a3-befa-603370cfb6e8",
  "servicetype": "view",
  "title": "Statistical Units Grid (INSPIRE geharmoniseerd) WMS",
  "url": "https://geodata.nationaalgeoregister.nl/inspire/su-grid/wms?request=GetCapabilities"
}

15:21:47.270 [ForkJoinPool-2-worker-7] INFO  com.intuit.karate - [print] testing url:https://geodata.nationaalgeoregister.nl/inspire/su-grid/wms?request=GetCapabilities
15:21:47.270 [ForkJoinPool-2-worker-7] DEBUG com.intuit.karate - request:
1 > HEAD https://geodata.nationaalgeoregister.nl/inspire/su-grid/wms?request=GetCapabilities
1 > Accept-Encoding: gzip,deflate
1 > Connection: Keep-Alive
1 > Host: geodata.nationaalgeoregister.nl
1 > User-Agent: Apache-HttpClient/4.5.11 (Java/13.0.5)

15:21:47.316 [ForkJoinPool-2-worker-3] DEBUG com.intuit.karate - response time in milliseconds: 422.11
1 < 200
1 < Accept-Ranges: bytes
1 < Access-Control-Allow-Headers: SOAPAction,X-Requested-With,Content-Type,Origin,Authorization,Accept
1 < Access-Control-Allow-Methods: POST, GET, OPTIONS, HEAD
1 < Access-Control-Allow-Origin: *
1 < Access-Control-Max-Age: 1000
1 < Content-Length: 4237
1 < Content-Security-Policy: block-all-mixed-content
1 < Content-Type: text/xml
1 < Date: Mon, 26 Oct 2020 15:21:47 GMT
1 < Etag: "0d9adcb43d973daed7753314ef78d57b-1"
1 < Last-Modified: Fri, 01 Nov 2019 09:11:44 GMT
1 < Server: MinIO/RELEASE.2020-09-21T22-31-59Z
1 < Vary: Origin
1 < X-Amz-Bucket-Region: Amsterdam
1 < X-Amz-Request-Id: 16419408AAE32B74
1 < X-Cnection: [close, close]
1 < X-Xss-Protection: 1; mode=block

15:21:47.318 [pool-4-thread-1] INFO  com.intuit.karate.Runner - <<pass>> feature 193 of 367: tmp/junit17863174098671850733/Beheer-PDOK/Kaderrichtlijn-Water---Oppervlaktewaterlichamen-Nederland-EU2015-vlakken/download/Kaderrichtlijn-Water-EU2015-ATOM/checkdownloadurl.feature
---------------------------------------------------------
feature: tmp/junit17863174098671850733/Beheer-PDOK/Kaderrichtlijn-Water---Oppervlaktewaterlichamen-Nederland-EU2015-vlakken/download/Kaderrichtlijn-Water-EU2015-ATOM/checkdownloadurl.feature
report: target/surefire-reports/tmp.junit17863174098671850733.Beheer-PDOK.Kaderrichtlijn-Water---Oppervlaktewaterlichamen-Nederland-EU2015-vlakken.download.Kaderrichtlijn-Water-EU2015-ATOM.checkdownloadurl.json
scenarios:  1 | passed:  1 | failed:  0 | time: 0.4243
---------------------------------------------------------
15:21:47.321 [ForkJoinPool-2-worker-3] INFO  com.intuit.karate - karate.env system property was:  
15:21:47.323 [ForkJoinPool-2-worker-3] INFO  com.intuit.karate - [print] {
  "class": "metadata.Service",
  "electronicMailAddress": "[beheerPDOK@kadaster.nl, beheerPDOK@kadaster.nl]",
  "metadataStandardVersion": "Nederlands metadata profiel op ISO 19119 voor services 2.0",
  "operatesOn": "http://nationaalgeoregister.nl/geonetwork/srv/dut/csw?service=CSW&version=2.0.2&request=GetRecordById&outputschema=http://www.isotc211.org/2005/gmd&elementsetname=full&id=3a7dd0a6-d130-4c4c-b0ba-24365cf036e2#MD_DataIdentification",
  "organisation": "Beheer PDOK",
  "serviceIdentifierCode": "86cb5bcc-a199-43e2-9e03-2d0fe8bdfa3f",
  "servicetype": "download",
  "title": "Vervoersnetwerken - spoorwegen (INSPIRE geharmoniseerd) WFS",
  "url": "https://geodata.nationaalgeoregister.nl/inspire/tn-ra/wfs?request=GetCapabilities&service=WFS"
}

15:21:47.323 [ForkJoinPool-2-worker-3] INFO  com.intuit.karate - [print] testing url:https://geodata.nationaalgeoregister.nl/inspire/tn-ra/wfs?request=GetCapabilities&service=WFS
15:21:47.324 [ForkJoinPool-2-worker-3] DEBUG com.intuit.karate - request:
1 > HEAD https://geodata.nationaalgeoregister.nl/inspire/tn-ra/wfs?request=GetCapabilities&service=WFS
1 > Accept-Encoding: gzip,deflate
1 > Connection: Keep-Alive
1 > Host: geodata.nationaalgeoregister.nl
1 > User-Agent: Apache-HttpClient/4.5.11 (Java/13.0.5)

15:21:47.501 [ForkJoinPool-2-worker-1] DEBUG com.intuit.karate - response time in milliseconds: 391.69
1 < 200
1 < Access-Control-Allow-Headers: SOAPAction,X-Requested-With,Content-Type,Origin,Authorization,Accept
1 < Access-Control-Allow-Methods: POST, GET, OPTIONS, HEAD
1 < Access-Control-Allow-Origin: *
1 < Access-Control-Max-Age: 1000
1 < Content-Length: 73
1 < Content-Type: text/html; charset=UTF-8
1 < Date: Mon, 26 Oct 2020 15:21:47 GMT
1 < Server: lighttpd/1.4.53
1 < X-Cnection: [close, close]

15:21:47.504 [pool-4-thread-2] INFO  com.intuit.karate.Runner - <<pass>> feature 194 of 367: tmp/junit17863174098671850733/Beheer-PDOK/Kaderrichtlijn-Water---Oppervlaktewaterlichamen-Nederland-EU2015-vlakken/view/Kaderrichtlijn-Water-EU2015-WMS/checkViewUrl.feature
---------------------------------------------------------
feature: tmp/junit17863174098671850733/Beheer-PDOK/Kaderrichtlijn-Water---Oppervlaktewaterlichamen-Nederland-EU2015-vlakken/view/Kaderrichtlijn-Water-EU2015-WMS/checkViewUrl.feature
report: target/surefire-reports/tmp.junit17863174098671850733.Beheer-PDOK.Kaderrichtlijn-Water---Oppervlaktewaterlichamen-Nederland-EU2015-vlakken.view.Kaderrichtlijn-Water-EU2015-WMS.checkViewUrl.json
scenarios:  1 | passed:  1 | failed:  0 | time: 0.3987
---------------------------------------------------------
15:21:47.509 [ForkJoinPool-2-worker-1] INFO  com.intuit.karate - karate.env system property was:  
15:21:47.511 [ForkJoinPool-2-worker-1] INFO  com.intuit.karate - [print] {
  "class": "metadata.Service",
  "electronicMailAddress": "[beheerPDOK@kadaster.nl, beheerPDOK@kadaster.nl]",
  "metadataStandardVersion": "Nederlands metadata profiel op ISO 19119 voor services 2.0",
  "operatesOn": "http://nationaalgeoregister.nl/geonetwork/srv/dut/csw?service=CSW&version=2.0.2&request=GetRecordById&outputschema=http://www.isotc211.org/2005/gmd&elementsetname=full&id=3a7dd0a6-d130-4c4c-b0ba-24365cf036e2#MD_DataIdentification",
  "organisation": "Beheer PDOK",
  "serviceIdentifierCode": "65f9628b-0a58-4348-8fff-c2d02788acdb",
  "servicetype": "view",
  "title": "Vervoersnetwerken - spoorwegen (INSPIRE geharmoniseerd) WMS",
  "url": "https://geodata.nationaalgeoregister.nl/inspire/tn-ra/wms?request=GetCapabilities"
}

15:21:47.517 [ForkJoinPool-2-worker-1] INFO  com.intuit.karate - [print] testing url:https://geodata.nationaalgeoregister.nl/inspire/tn-ra/wms?request=GetCapabilities
15:21:47.518 [ForkJoinPool-2-worker-1] DEBUG com.intuit.karate - request:
1 > HEAD https://geodata.nationaalgeoregister.nl/inspire/tn-ra/wms?request=GetCapabilities
1 > Accept-Encoding: gzip,deflate
1 > Connection: Keep-Alive
1 > Host: geodata.nationaalgeoregister.nl
1 > User-Agent: Apache-HttpClient/4.5.11 (Java/13.0.5)

15:21:47.565 [ForkJoinPool-2-worker-5] DEBUG com.intuit.karate - response time in milliseconds: 415.27
1 < 200
1 < Accept-Ranges: bytes
1 < Access-Control-Allow-Headers: SOAPAction,X-Requested-With,Content-Type,Origin,Authorization,Accept
1 < Access-Control-Allow-Methods: POST, GET, OPTIONS, HEAD
1 < Access-Control-Allow-Origin: *
1 < Access-Control-Max-Age: 1000
1 < Content-Type: application/xml
1 < Date: Mon, 26 Oct 2020 15:21:47 GMT
1 < ETag: "184b1-5af58ad51e99f-gzip"
1 < Last-Modified: Tue, 15 Sep 2020 11:44:43 GMT
1 < Vary: Accept-Encoding
1 < X-Cnection: [close, close]

15:21:47.566 [ForkJoinPool-2-worker-5] ERROR com.intuit.karate - assertion failed: path: $['Content-Length'][0], actual: null, expected: '#notnull', reason: actual json-path does not exist
15:21:47.570 [pool-4-thread-4] INFO  com.intuit.karate.Runner - <<fail>> feature 195 of 367: tmp/junit17863174098671850733/Beheer-PDOK/Statistical-Units-Grid/download/Statistical-Units-Grid--INSPIRE-geharmoniseerd--WFS/checkdownloadurl.feature
---------------------------------------------------------
feature: tmp/junit17863174098671850733/Beheer-PDOK/Statistical-Units-Grid/download/Statistical-Units-Grid--INSPIRE-geharmoniseerd--WFS/checkdownloadurl.feature
report: target/surefire-reports/tmp.junit17863174098671850733.Beheer-PDOK.Statistical-Units-Grid.download.Statistical-Units-Grid--INSPIRE-geharmoniseerd--WFS.checkdownloadurl.json
scenarios:  1 | passed:  0 | failed:  1 | time: 0.4208
---------------------------------------------------------
15:21:47.575 [ForkJoinPool-2-worker-5] INFO  com.intuit.karate - karate.env system property was:  
15:21:47.576 [ForkJoinPool-2-worker-5] INFO  com.intuit.karate - [print] {
  "class": "metadata.Service",
  "electronicMailAddress": "[beheerPDOK@kadaster.nl, beheerPDOK@kadaster.nl]",
  "metadataStandardVersion": "Nederlands metadata profiel op ISO 19119 voor services 2.0",
  "operatesOn": "[https://www.nationaalgeoregister.nl:443/geonetwork/srv/dut/csw?service=CSW&request=GetRecordById&version=2.0.2&outputSchema=http://www.isotc211.org/2005/gmd&elementSetName=full&id=uwwtd-9d8e-4758-83fa-28b057f185e3#MD_DataIdentification, https://www.nationaalgeoregister.nl:443/geonetwork/srv/dut/csw?service=CSW&request=GetRecordById&version=2.0.2&outputSchema=http://www.isotc211.org/2005/gmd&elementSetName=full&id=uwwtd-9d8e-4758-83fa-28b057f185e2#MD_DataIdentification, https://www.nationaalgeoregister.nl:443/geonetwork/srv/dut/csw?service=CSW&request=GetRecordById&version=2.0.2&outputSchema=http://www.isotc211.org/2005/gmd&elementSetName=full&id=uwwtd-9d8e-4758-83fa-28b057f185e1#MD_DataIdentification]",
  "organisation": "Beheer PDOK",
  "serviceIdentifierCode": "280cee65-1b66-4973-a569-75122e0b745b",
  "servicetype": "download",
  "title": "Richtlijn Stedelijk Afvalwater EU2015 WFS",
  "url": "https://geodata.nationaalgeoregister.nl/rws/richtlijnstedelijkafvalwater2015/wfs/v1_0?request=GetCapabilities&service=WFS"
}

15:21:47.577 [ForkJoinPool-2-worker-5] INFO  com.intuit.karate - [print] testing url:https://geodata.nationaalgeoregister.nl/rws/richtlijnstedelijkafvalwater2015/wfs/v1_0?request=GetCapabilities&service=WFS
15:21:47.580 [ForkJoinPool-2-worker-5] DEBUG com.intuit.karate - request:
1 > HEAD https://geodata.nationaalgeoregister.nl/rws/richtlijnstedelijkafvalwater2015/wfs/v1_0?request=GetCapabilities&service=WFS
1 > Accept-Encoding: gzip,deflate
1 > Connection: Keep-Alive
1 > Host: geodata.nationaalgeoregister.nl
1 > User-Agent: Apache-HttpClient/4.5.11 (Java/13.0.5)

15:21:47.675 [ForkJoinPool-2-worker-7] DEBUG com.intuit.karate - response time in milliseconds: 404.35
1 < 200
1 < Access-Control-Allow-Headers: SOAPAction,X-Requested-With,Content-Type,Origin,Authorization,Accept
1 < Access-Control-Allow-Methods: POST, GET, OPTIONS, HEAD
1 < Access-Control-Allow-Origin: *
1 < Access-Control-Max-Age: 1000
1 < Content-Disposition: inline; filename=getcapabilities_1.3.0.xml
1 < Content-Type: text/xml
1 < Date: Mon, 26 Oct 2020 15:21:47 GMT
1 < X-Cnection: [close, close]

15:21:47.675 [ForkJoinPool-2-worker-7] ERROR com.intuit.karate - assertion failed: path: $['Content-Length'][0], actual: null, expected: '#notnull', reason: actual json-path does not exist
15:21:47.677 [pool-4-thread-3] INFO  com.intuit.karate.Runner - <<fail>> feature 196 of 367: tmp/junit17863174098671850733/Beheer-PDOK/Statistical-Units-Grid/view/Statistical-Units-Grid--INSPIRE-geharmoniseerd--WMS/checkViewUrl.feature
---------------------------------------------------------
feature: tmp/junit17863174098671850733/Beheer-PDOK/Statistical-Units-Grid/view/Statistical-Units-Grid--INSPIRE-geharmoniseerd--WMS/checkViewUrl.feature
report: target/surefire-reports/tmp.junit17863174098671850733.Beheer-PDOK.Statistical-Units-Grid.view.Statistical-Units-Grid--INSPIRE-geharmoniseerd--WMS.checkViewUrl.json
scenarios:  1 | passed:  0 | failed:  1 | time: 0.4066
---------------------------------------------------------
15:21:47.680 [ForkJoinPool-2-worker-7] INFO  com.intuit.karate - karate.env system property was:  
15:21:47.681 [ForkJoinPool-2-worker-7] INFO  com.intuit.karate - [print] {
  "class": "metadata.Service",
  "electronicMailAddress": "[beheerPDOK@kadaster.nl, beheerPDOK@kadaster.nl]",
  "metadataStandardVersion": "Nederlands metadata profiel op ISO 19119 voor services 2.0",
  "operatesOn": "[https://www.nationaalgeoregister.nl:443/geonetwork/srv/dut/csw?service=CSW&request=GetRecordById&version=2.0.2&outputSchema=http://www.isotc211.org/2005/gmd&elementSetName=full&id=uwwtd-9d8e-4758-83fa-28b057f185e3#MD_DataIdentification, https://www.nationaalgeoregister.nl:443/geonetwork/srv/dut/csw?service=CSW&request=GetRecordById&version=2.0.2&outputSchema=http://www.isotc211.org/2005/gmd&elementSetName=full&id=uwwtd-9d8e-4758-83fa-28b057f185e2#MD_DataIdentification, https://www.nationaalgeoregister.nl:443/geonetwork/srv/dut/csw?service=CSW&request=GetRecordById&version=2.0.2&outputSchema=http://www.isotc211.org/2005/gmd&elementSetName=full&id=uwwtd-9d8e-4758-83fa-28b057f185e1#MD_DataIdentification]",
  "organisation": "Beheer PDOK",
  "serviceIdentifierCode": "c21c6bf5-8899-4b46-8986-0f65eca05ed0",
  "servicetype": "download",
  "title": "Richtlijn Stedelijk Afvalwater EU2015 ATOM",
  "url": "https://geodata.nationaalgeoregister.nl/rws/richtlijnstedelijkafvalwater2015/atom/v1_0/index.xml"
}

15:21:47.681 [ForkJoinPool-2-worker-7] INFO  com.intuit.karate - [print] testing url:https://geodata.nationaalgeoregister.nl/rws/richtlijnstedelijkafvalwater2015/atom/v1_0/index.xml
15:21:47.681 [ForkJoinPool-2-worker-7] DEBUG com.intuit.karate - request:
1 > HEAD https://geodata.nationaalgeoregister.nl/rws/richtlijnstedelijkafvalwater2015/atom/v1_0/index.xml
1 > Accept-Encoding: gzip,deflate
1 > Connection: Keep-Alive
1 > Host: geodata.nationaalgeoregister.nl
1 > User-Agent: Apache-HttpClient/4.5.11 (Java/13.0.5)

15:21:47.731 [ForkJoinPool-2-worker-3] DEBUG com.intuit.karate - response time in milliseconds: 406.22
1 < 200
1 < Accept-Ranges: bytes
1 < Access-Control-Allow-Headers: SOAPAction,X-Requested-With,Content-Type,Origin,Authorization,Accept
1 < Access-Control-Allow-Methods: POST, GET, OPTIONS, HEAD
1 < Access-Control-Allow-Origin: *
1 < Access-Control-Max-Age: 1000
1 < Content-Type: application/xml
1 < Date: Mon, 26 Oct 2020 15:21:47 GMT
1 < ETag: "1a4aa-5af58ad530e96-gzip"
1 < Last-Modified: Tue, 15 Sep 2020 11:44:43 GMT
1 < Vary: Accept-Encoding
1 < X-Cnection: [close, close]

15:21:47.731 [ForkJoinPool-2-worker-3] ERROR com.intuit.karate - assertion failed: path: $['Content-Length'][0], actual: null, expected: '#notnull', reason: actual json-path does not exist
15:21:47.732 [pool-4-thread-1] INFO  com.intuit.karate.Runner - <<fail>> feature 197 of 367: tmp/junit17863174098671850733/Beheer-PDOK/Vervoersnetwerken---Spoorwegen--INSPIRE-geharmoniseerd-/download/Vervoersnetwerken---spoorwegen--INSPIRE-geharmoniseerd--WFS/checkdownloadurl.feature
---------------------------------------------------------
feature: tmp/junit17863174098671850733/Beheer-PDOK/Vervoersnetwerken---Spoorwegen--INSPIRE-geharmoniseerd-/download/Vervoersnetwerken---spoorwegen--INSPIRE-geharmoniseerd--WFS/checkdownloadurl.feature
report: target/surefire-reports/tmp.junit17863174098671850733.Beheer-PDOK.Vervoersnetwerken---Spoorwegen--INSPIRE-geharmoniseerd-.download.Vervoersnetwerken---spoorwegen--INSPIRE-geharmoniseerd--WFS.checkdownloadurl.json
scenarios:  1 | passed:  0 | failed:  1 | time: 0.4090
---------------------------------------------------------
15:21:47.735 [ForkJoinPool-2-worker-3] INFO  com.intuit.karate - karate.env system property was:  
15:21:47.736 [ForkJoinPool-2-worker-3] INFO  com.intuit.karate - [print] {
  "class": "metadata.Service",
  "electronicMailAddress": "[beheerPDOK@kadaster.nl, beheerPDOK@kadaster.nl]",
  "metadataStandardVersion": "Nederlands metadata profiel op ISO 19119 voor services 2.0",
  "operatesOn": "[https://www.nationaalgeoregister.nl:443/geonetwork/srv/dut/csw?service=CSW&request=GetRecordById&version=2.0.2&outputSchema=http://www.isotc211.org/2005/gmd&elementSetName=full&id=uwwtd-9d8e-4758-83fa-28b057f185e1#MD_DataIdentification, https://www.nationaalgeoregister.nl:443/geonetwork/srv/dut/csw?service=CSW&request=GetRecordById&version=2.0.2&outputSchema=http://www.isotc211.org/2005/gmd&elementSetName=full&id=uwwtd-9d8e-4758-83fa-28b057f185e2#MD_DataIdentification, https://www.nationaalgeoregister.nl:443/geonetwork/srv/dut/csw?service=CSW&request=GetRecordById&version=2.0.2&outputSchema=http://www.isotc211.org/2005/gmd&elementSetName=full&id=uwwtd-9d8e-4758-83fa-28b057f185e3#MD_DataIdentification]",
  "organisation": "Beheer PDOK",
  "serviceIdentifierCode": "108fec55-e467-4d04-ab35-fd0d7060e3e2",
  "servicetype": "view",
  "title": "Richtlijn Stedelijk Afvalwater EU2015 WMS",
  "url": "https://geodata.nationaalgeoregister.nl/rws/richtlijnstedelijkafvalwater2015/wms/v1_0?request=GetCapabilities&service=WMS"
}

15:21:47.736 [ForkJoinPool-2-worker-3] INFO  com.intuit.karate - [print] testing url:https://geodata.nationaalgeoregister.nl/rws/richtlijnstedelijkafvalwater2015/wms/v1_0?request=GetCapabilities&service=WMS
15:21:47.736 [ForkJoinPool-2-worker-3] DEBUG com.intuit.karate - request:
1 > HEAD https://geodata.nationaalgeoregister.nl/rws/richtlijnstedelijkafvalwater2015/wms/v1_0?request=GetCapabilities&service=WMS
1 > Accept-Encoding: gzip,deflate
1 > Connection: Keep-Alive
1 > Host: geodata.nationaalgeoregister.nl
1 > User-Agent: Apache-HttpClient/4.5.11 (Java/13.0.5)

15:21:47.929 [ForkJoinPool-2-worker-1] DEBUG com.intuit.karate - response time in milliseconds: 409.85
1 < 200
1 < Access-Control-Allow-Headers: SOAPAction,X-Requested-With,Content-Type,Origin,Authorization,Accept
1 < Access-Control-Allow-Methods: POST, GET, OPTIONS, HEAD
1 < Access-Control-Allow-Origin: *
1 < Access-Control-Max-Age: 1000
1 < Content-Disposition: inline; filename=getcapabilities_1.3.0.xml
1 < Content-Type: text/xml
1 < Date: Mon, 26 Oct 2020 15:21:47 GMT
1 < X-Cnection: [close, close]

15:21:47.930 [ForkJoinPool-2-worker-1] ERROR com.intuit.karate - assertion failed: path: $['Content-Length'][0], actual: null, expected: '#notnull', reason: actual json-path does not exist
15:21:47.931 [pool-4-thread-2] INFO  com.intuit.karate.Runner - <<fail>> feature 198 of 367: tmp/junit17863174098671850733/Beheer-PDOK/Vervoersnetwerken---Spoorwegen--INSPIRE-geharmoniseerd-/view/Vervoersnetwerken---spoorwegen--INSPIRE-geharmoniseerd--WMS/checkViewUrl.feature
---------------------------------------------------------
feature: tmp/junit17863174098671850733/Beheer-PDOK/Vervoersnetwerken---Spoorwegen--INSPIRE-geharmoniseerd-/view/Vervoersnetwerken---spoorwegen--INSPIRE-geharmoniseerd--WMS/checkViewUrl.feature
report: target/surefire-reports/tmp.junit17863174098671850733.Beheer-PDOK.Vervoersnetwerken---Spoorwegen--INSPIRE-geharmoniseerd-.view.Vervoersnetwerken---spoorwegen--INSPIRE-geharmoniseerd--WMS.checkViewUrl.json
scenarios:  1 | passed:  0 | failed:  1 | time: 0.4204
---------------------------------------------------------
15:21:47.939 [ForkJoinPool-2-worker-1] INFO  com.intuit.karate - karate.env system property was:  
15:21:47.941 [ForkJoinPool-2-worker-1] INFO  com.intuit.karate - [print] {
  "class": "metadata.Service",
  "electronicMailAddress": "[beheerpdok@kadaster.nl, beheer pdok@kadaster.nl]",
  "metadataStandardVersion": "Nederlands metadata profiel op ISO 19119 voor services 2.0",
  "operatesOn": "[https://www.nationaalgeoregister.nl:443/geonetwork/srv/dut/csw?service=CSW&request=GetRecordById&version=2.0.2&outputSchema=http://www.isotc211.org/2005/gmd&elementSetName=full&id=5a1adb58-0bbe-425d-b0fe-577a6c0a4228#MD_DataIdentification, https://www.nationaalgeoregister.nl:443/geonetwork/srv/dut/csw?service=CSW&request=GetRecordById&version=2.0.2&outputSchema=http://www.isotc211.org/2005/gmd&elementSetName=full&id=71c2b7d2-a1a8-4836-b8d4-7247d331b04d#MD_DataIdentification, https://www.nationaalgeoregister.nl:443/geonetwork/srv/dut/csw?service=CSW&request=GetRecordById&version=2.0.2&outputSchema=http://www.isotc211.org/2005/gmd&elementSetName=full&id=1462bbce-ccd3-4362-83d8-4535ca8f44eb#MD_DataIdentification, https://www.nationaalgeoregister.nl:443/geonetwork/srv/dut/csw?service=CSW&request=GetRecordById&version=2.0.2&outputSchema=http://www.isotc211.org/2005/gmd&elementSetName=full&id=f605a24f-60cd-4c40-94c8-2186aba3ddd0#MD_DataIdentification, https://www.nationaalgeoregister.nl:443/geonetwork/srv/dut/csw?service=CSW&request=GetRecordById&version=2.0.2&outputSchema=http://www.isotc211.org/2005/gmd&elementSetName=full&id=76091be7-358a-4a44-8182-b4139c96c6a4#MD_DataIdentification, https://www.nationaalgeoregister.nl:443/geonetwork/srv/dut/csw?service=CSW&request=GetRecordById&version=2.0.2&outputSchema=http://www.isotc211.org/2005/gmd&elementSetName=full&id=8829e5dd-c861-4639-a6c8-fdbb6e3440d2#MD_DataIdentification, https://www.nationaalgeoregister.nl:443/geonetwork/srv/dut/csw?service=CSW&request=GetRecordById&version=2.0.2&outputSchema=http://www.isotc211.org/2005/gmd&elementSetName=full&id=710c381c-ab2d-45d5-a45d-af2eba811e5f#MD_DataIdentification, https://www.nationaalgeoregister.nl:443/geonetwork/srv/dut/csw?service=CSW&request=GetRecordById&version=2.0.2&outputSchema=http://www.isotc211.org/2005/gmd&elementSetName=full&id=a9b7026e-0a81-4813-93bd-ba49e6f28502#MD_DataIdentification, https://www.nationaalgeoregister.nl:443/geonetwork/srv/dut/csw?service=CSW&request=GetRecordById&version=2.0.2&outputSchema=http://www.isotc211.org/2005/gmd&elementSetName=full&id=2e5f0f60-0f2f-4e17-96af-c913fe305ecb#MD_DataIdentification, https://www.nationaalgeoregister.nl:443/geonetwork/srv/dut/csw?service=CSW&request=GetRecordById&version=2.0.2&outputSchema=http://www.isotc211.org/2005/gmd&elementSetName=full&id=00d8c7c8-98ff-4b06-8f53-b44216e6e75c#MD_DataIdentification, https://www.nationaalgeoregister.nl:443/geonetwork/srv/dut/csw?service=CSW&request=GetRecordById&version=2.0.2&outputSchema=http://www.isotc211.org/2005/gmd&elementSetName=full&id=701d4eb8-8aae-4708-bba5-3edf6987676d#MD_DataIdentification, https://www.nationaalgeoregister.nl:443/geonetwork/srv/dut/csw?service=CSW&request=GetRecordById&version=2.0.2&outputSchema=http://www.isotc211.org/2005/gmd&elementSetName=full&id=17716ed7-ce0d-4bfd-8868-a398e5578a36#MD_DataIdentification, https://www.nationaalgeoregister.nl:443/geonetwork/srv/dut/csw?service=CSW&request=GetRecordById&version=2.0.2&outputSchema=http://www.isotc211.org/2005/gmd&elementSetName=full&id=29d5310f-dd0d-45ba-abad-b4ffc6b8785f#MD_DataIdentification, https://www.nationaalgeoregister.nl:443/geonetwork/srv/dut/csw?service=CSW&request=GetRecordById&version=2.0.2&outputSchema=http://www.isotc211.org/2005/gmd&elementSetName=full&id=831f7bd7-c2ae-4336-bd2f-47ab20d7cdb7#MD_DataIdentification, https://www.nationaalgeoregister.nl:443/geonetwork/srv/dut/csw?service=CSW&request=GetRecordById&version=2.0.2&outputSchema=http://www.isotc211.org/2005/gmd&elementSetName=full&id=0f297898-2640-44c2-bbe9-c0480da83794#MD_DataIdentification, https://www.nationaalgeoregister.nl:443/geonetwork/srv/dut/csw?service=CSW&request=GetRecordById&version=2.0.2&outputSchema=http://www.isotc211.org/2005/gmd&elementSetName=full&id=abaf1e22-55aa-4a11-a855-7ac963e4a82b#MD_DataIdentification, https://www.nationaalgeoregister.nl:443/geonetwork/srv/dut/csw?service=CSW&request=GetRecordById&version=2.0.2&outputSchema=http://www.isotc211.org/2005/gmd&elementSetName=full&id=07d73b60-dfd6-4c54-9c82-9fac70c6c48e#MD_DataIdentification, https://www.nationaalgeoregister.nl:443/geonetwork/srv/dut/csw?service=CSW&request=GetRecordById&version=2.0.2&outputSchema=http://www.isotc211.org/2005/gmd&elementSetName=full&id=d25fe199-2430-48fd-ad57-5b5f79f73cdf#MD_DataIdentification, https://www.nationaalgeoregister.nl:443/geonetwork/srv/dut/csw?service=CSW&request=GetRecordById&version=2.0.2&outputSchema=http://www.isotc211.org/2005/gmd&elementSetName=full&id=e536d943-ecff-4d7a-9500-cc31a263a6af#MD_DataIdentification, https://www.nationaalgeoregister.nl:443/geonetwork/srv/dut/csw?service=CSW&request=GetRecordById&version=2.0.2&outputSchema=http://www.isotc211.org/2005/gmd&elementSetName=full&id=bbece924-9aab-4e00-8392-bce36b8f494e#MD_DataIdentification, https://www.nationaalgeoregister.nl:443/geonetwork/srv/dut/csw?service=CSW&request=GetRecordById&version=2.0.2&outputSchema=http://www.isotc211.org/2005/gmd&elementSetName=full&id=c935f2ab-9b65-4dc4-94a0-73aeb840a941#MD_DataIdentification, https://www.nationaalgeoregister.nl:443/geonetwork/srv/dut/csw?service=CSW&request=GetRecordById&version=2.0.2&outputSchema=http://www.isotc211.org/2005/gmd&elementSetName=full&id=81ff84ec-42a4-4481-840b-12713bbb5d38#MD_DataIdentification, https://www.nationaalgeoregister.nl:443/geonetwork/srv/dut/csw?service=CSW&request=GetRecordById&version=2.0.2&outputSchema=http://www.isotc211.org/2005/gmd&elementSetName=full&id=af0c582f-9e6b-46e6-865a-fc3a2d5289b9#MD_DataIdentification, https://www.nationaalgeoregister.nl:443/geonetwork/srv/dut/csw?service=CSW&request=GetRecordById&version=2.0.2&outputSchema=http://www.isotc211.org/2005/gmd&elementSetName=full&id=3eebf700-5abf-42e4-826c-03cfb497e366#MD_DataIdentification, https://www.nationaalgeoregister.nl:443/geonetwork/srv/dut/csw?service=CSW&request=GetRecordById&version=2.0.2&outputSchema=http://www.isotc211.org/2005/gmd&elementSetName=full&id=9d9f1738-aced-47c9-aaa0-c62474a2dcfb#MD_DataIdentification, https://www.nationaalgeoregister.nl:443/geonetwork/srv/dut/csw?service=CSW&request=GetRecordById&version=2.0.2&outputSchema=http://www.isotc211.org/2005/gmd&elementSetName=full&id=8eee71f9-9365-490d-9484-00263c6fa35c#MD_DataIdentification, https://www.nationaalgeoregister.nl:443/geonetwork/srv/dut/csw?service=CSW&request=GetRecordById&version=2.0.2&outputSchema=http://www.isotc211.org/2005/gmd&elementSetName=full&id=4961d305-fbb5-426a-9ba3-53e1ca5f3b18#MD_DataIdentification, https://www.nationaalgeoregister.nl:443/geonetwork/srv/dut/csw?service=CSW&request=GetRecordById&version=2.0.2&outputSchema=http://www.isotc211.org/2005/gmd&elementSetName=full&id=2af8df10-81ba-434a-8125-34fe8f127cf9#MD_DataIdentification, https://www.nationaalgeoregister.nl:443/geonetwork/srv/dut/csw?service=CSW&request=GetRecordById&version=2.0.2&outputSchema=http://www.isotc211.org/2005/gmd&elementSetName=full&id=6cde2ce7-3ecd-4785-b7b8-d62c3381efe9#MD_DataIdentification, https://www.nationaalgeoregister.nl:443/geonetwork/srv/dut/csw?service=CSW&request=GetRecordById&version=2.0.2&outputSchema=http://www.isotc211.org/2005/gmd&elementSetName=full&id=3229e4d7-4bcd-4b94-819d-8e62de69ce2e#MD_DataIdentification, https://www.nationaalgeoregister.nl:443/geonetwork/srv/dut/csw?service=CSW&request=GetRecordById&version=2.0.2&outputSchema=http://www.isotc211.org/2005/gmd&elementSetName=full&id=5d0dc580-ba7a-4c3b-968b-199efd92d6cf#MD_DataIdentification, https://www.nationaalgeoregister.nl:443/geonetwork/srv/dut/csw?service=CSW&request=GetRecordById&version=2.0.2&outputSchema=http://www.isotc211.org/2005/gmd&elementSetName=full&id=bffcd5d9-02b4-4e7d-991f-a386611cad84#MD_DataIdentification, https://www.nationaalgeoregister.nl:443/geonetwork/srv/dut/csw?service=CSW&request=GetRecordById&version=2.0.2&outputSchema=http://www.isotc211.org/2005/gmd&elementSetName=full&id=effe1ab0-073d-437c-af13-df5c5e07d6cd#MD_DataIdentification]",
  "organisation": "Beheer PDOK",
  "serviceIdentifierCode": "9ff1a13c-d1e0-4150-8523-91cb489ae1a4",
  "servicetype": "download",
  "title": "INSPIRE download service PDOK",
  "url": "https://geodata.nationaalgeoregister.nl/atom/index.xml"
}

15:21:47.950 [ForkJoinPool-2-worker-1] INFO  com.intuit.karate - [print] testing url:https://geodata.nationaalgeoregister.nl/atom/index.xml
15:21:47.950 [ForkJoinPool-2-worker-1] DEBUG com.intuit.karate - request:
1 > HEAD https://geodata.nationaalgeoregister.nl/atom/index.xml
1 > Accept-Encoding: gzip,deflate
1 > Connection: Keep-Alive
1 > Host: geodata.nationaalgeoregister.nl
1 > User-Agent: Apache-HttpClient/4.5.11 (Java/13.0.5)

15:21:47.998 [ForkJoinPool-2-worker-5] DEBUG com.intuit.karate - response time in milliseconds: 418.27
1 < 200
1 < Access-Control-Allow-Headers: SOAPAction,X-Requested-With,Content-Type,Origin,Authorization,Accept
1 < Access-Control-Allow-Methods: POST, GET, OPTIONS, HEAD
1 < Access-Control-Allow-Origin: *
1 < Access-Control-Max-Age: 1000
1 < Content-Length: 73
1 < Content-Type: text/html; charset=UTF-8
1 < Date: Mon, 26 Oct 2020 15:21:47 GMT
1 < Server: lighttpd/1.4.53
1 < X-Cnection: [close, close]

15:21:47.999 [ForkJoinPool-2-worker-5] ERROR com.intuit.karate - assertion failed: path: $['Content-Type'][0], actual: 'text/html; charset=UTF-8', expected: 'text/xml', reason: not equal
15:21:48.000 [pool-4-thread-4] INFO  com.intuit.karate.Runner - <<fail>> feature 199 of 367: tmp/junit17863174098671850733/Beheer-PDOK/Richtlijn-Stedelijk-Afvalwater---agglomeraties-Nederland-EU2015/download/Richtlijn-Stedelijk-Afvalwater-EU2015-WFS/checkdownloadurl.feature
---------------------------------------------------------
feature: tmp/junit17863174098671850733/Beheer-PDOK/Richtlijn-Stedelijk-Afvalwater---agglomeraties-Nederland-EU2015/download/Richtlijn-Stedelijk-Afvalwater-EU2015-WFS/checkdownloadurl.feature
report: target/surefire-reports/tmp.junit17863174098671850733.Beheer-PDOK.Richtlijn-Stedelijk-Afvalwater---agglomeraties-Nederland-EU2015.download.Richtlijn-Stedelijk-Afvalwater-EU2015-WFS.checkdownloadurl.json
scenarios:  1 | passed:  0 | failed:  1 | time: 0.4237
---------------------------------------------------------
15:21:48.016 [ForkJoinPool-2-worker-5] INFO  com.intuit.karate - karate.env system property was:  
15:21:48.019 [ForkJoinPool-2-worker-5] INFO  com.intuit.karate - [print] {
  "class": "metadata.Service",
  "electronicMailAddress": "[beheerPDOK@kadaster.nl, beheerPDOK@kadaster.nl]",
  "metadataStandardVersion": "Nederlands metadata profiel op ISO 19119 voor services 2.0",
  "operatesOn": "[http://nationaalgeoregister.nl/geonetwork/srv/dut/csw?service=CSW&version=2.0.2&request=GetRecordById&outputschema=http://www.isotc211.org/2005/gmd&elementsetname=full&id=29d5310f-dd0d-45ba-abad-b4ffc6b8785f#MD_DataIdentification, http://nationaalgeoregister.nl/geonetwork/srv/dut/csw?service=CSW&version=2.0.2&request=GetRecordById&outputschema=http://www.isotc211.org/2005/gmd&elementsetname=full&id=af0c582f-9e6b-46e6-865a-fc3a2d5289b9#MD_DataIdentification, http://nationaalgeoregister.nl/geonetwork/srv/dut/csw?service=CSW&version=2.0.2&request=GetRecordById&outputschema=http://www.isotc211.org/2005/gmd&elementsetname=full&id=81ff84ec-42a4-4481-840b-12713bbb5d38#MD_DataIdentification, http://nationaalgeoregister.nl/geonetwork/srv/dut/csw?service=CSW&version=2.0.2&request=GetRecordById&outputschema=http://www.isotc211.org/2005/gmd&elementsetname=full&id=3eebf700-5abf-42e4-826c-03cfb497e366#MD_DataIdentification, http://nationaalgeoregister.nl/geonetwork/srv/dut/csw?service=CSW&version=2.0.2&request=GetRecordById&outputschema=http://www.isotc211.org/2005/gmd&elementsetname=full&id=4b282988-cb91-4bbc-b147-f653014917cb#MD_DataIdentification, http://nationaalgeoregister.nl/geonetwork/srv/dut/csw?service=CSW&version=2.0.2&request=GetRecordById&outputschema=http://www.isotc211.org/2005/gmd&elementsetname=full&id=0558a41c-b09a-47fa-b8db-9de6bfe4f494#MD_DataIdentification, http://nationaalgeoregister.nl/geonetwork/srv/dut/csw?service=CSW&version=2.0.2&request=GetRecordById&outputschema=http://www.isotc211.org/2005/gmd&elementsetname=full&id=9d9f1738-aced-47c9-aaa0-c62474a2dcfb#MD_DataIdentification]",
  "organisation": "Beheer PDOK",
  "serviceIdentifierCode": "94f241c2-43a2-42c3-8e9e-71976605aa0e",
  "servicetype": "view",
  "title": "TOP10NL WMS",
  "url": "https://geodata.nationaalgeoregister.nl/top10nlv2/wms?request=GetCapabilities"
}

15:21:48.020 [ForkJoinPool-2-worker-5] INFO  com.intuit.karate - [print] testing url:https://geodata.nationaalgeoregister.nl/top10nlv2/wms?request=GetCapabilities
15:21:48.020 [ForkJoinPool-2-worker-5] DEBUG com.intuit.karate - request:
1 > HEAD https://geodata.nationaalgeoregister.nl/top10nlv2/wms?request=GetCapabilities
1 > Accept-Encoding: gzip,deflate
1 > Connection: Keep-Alive
1 > Host: geodata.nationaalgeoregister.nl
1 > User-Agent: Apache-HttpClient/4.5.11 (Java/13.0.5)

15:21:48.095 [ForkJoinPool-2-worker-7] DEBUG com.intuit.karate - response time in milliseconds: 413.83
1 < 200
1 < Accept-Ranges: bytes
1 < Access-Control-Allow-Headers: SOAPAction,X-Requested-With,Content-Type,Origin,Authorization,Accept
1 < Access-Control-Allow-Methods: POST, GET, OPTIONS, HEAD
1 < Access-Control-Allow-Origin: *
1 < Access-Control-Max-Age: 1000
1 < Content-Length: 5631
1 < Content-Security-Policy: block-all-mixed-content
1 < Content-Type: application/xml
1 < Date: Mon, 26 Oct 2020 15:21:48 GMT
1 < Etag: "49a033f09fcd1b18ab009d70bb5f15ba-1"
1 < Last-Modified: Tue, 08 Oct 2019 09:07:54 GMT
1 < Server: MinIO/RELEASE.2020-09-21T22-31-59Z
1 < Vary: Origin
1 < X-Amz-Bucket-Region: Amsterdam
1 < X-Amz-Request-Id: 16419408D93509F3
1 < X-Cnection: [close, close]
1 < X-Xss-Protection: 1; mode=block

15:21:48.096 [ForkJoinPool-2-worker-7] ERROR com.intuit.karate - assertion failed: path: $['Content-Type'][0], actual: 'application/xml', expected: 'text/xml', reason: not equal
15:21:48.098 [pool-4-thread-3] INFO  com.intuit.karate.Runner - <<fail>> feature 200 of 367: tmp/junit17863174098671850733/Beheer-PDOK/Richtlijn-Stedelijk-Afvalwater---agglomeraties-Nederland-EU2015/download/Richtlijn-Stedelijk-Afvalwater-EU2015-ATOM/checkdownloadurl.feature
---------------------------------------------------------
feature: tmp/junit17863174098671850733/Beheer-PDOK/Richtlijn-Stedelijk-Afvalwater---agglomeraties-Nederland-EU2015/download/Richtlijn-Stedelijk-Afvalwater-EU2015-ATOM/checkdownloadurl.feature
report: target/surefire-reports/tmp.junit17863174098671850733.Beheer-PDOK.Richtlijn-Stedelijk-Afvalwater---agglomeraties-Nederland-EU2015.download.Richtlijn-Stedelijk-Afvalwater-EU2015-ATOM.checkdownloadurl.json
scenarios:  1 | passed:  0 | failed:  1 | time: 0.4162
---------------------------------------------------------
15:21:48.101 [ForkJoinPool-2-worker-7] INFO  com.intuit.karate - karate.env system property was:  
15:21:48.102 [ForkJoinPool-2-worker-7] INFO  com.intuit.karate - [print] {
  "class": "metadata.Service",
  "electronicMailAddress": "[beheer&pdok.nl, beheer@pdok.nl]",
  "metadataStandardVersion": "Nederlands metadata profiel op ISO 19119 voor services 2.0",
  "operatesOn": "[http://nationaalgeoregister.nl/geonetwork/srv/dut/csw?service=CSW&version=2.0.2&request=GetRecordById&outputschema=http://www.isotc211.org/2005/gmd&elementsetname=full&id=50eef6be-619d-4e16-9b92-48971109b636#MD_DataIdentification, http://nationaalgeoregister.nl/geonetwork/srv/dut/csw?service=CSW&version=2.0.2&request=GetRecordById&outputschema=http://www.isotc211.org/2005/gmd&elementsetname=full&id=8de2f5eb-b09f-4f6d-8397-8878a1b86238#MD_DataIdentification, https://www.nationaalgeoregister.nl:443/geonetwork/srv/dut/csw?service=CSW&request=GetRecordById&version=2.0.2&outputSchema=http://www.isotc211.org/2005/gmd&elementSetName=full&id=9b583730-e750-485a-9c0c-39bf9be72cf8#MD_DataIdentification, https://www.nationaalgeoregister.nl:443/geonetwork/srv/dut/csw?service=CSW&request=GetRecordById&version=2.0.2&outputSchema=http://www.isotc211.org/2005/gmd&elementSetName=full&id=a57cb859-c4fe-444c-adc6-be14cb2bbf36#MD_DataIdentification, https://www.nationaalgeoregister.nl:443/geonetwork/srv/dut/csw?service=CSW&request=GetRecordById&version=2.0.2&outputSchema=http://www.isotc211.org/2005/gmd&elementSetName=full&id=9b583730-e750-485a-9c0c-39bf9be72cf9#MD_DataIdentification, https://www.nationaalgeoregister.nl:443/geonetwork/srv/dut/csw?service=CSW&request=GetRecordById&version=2.0.2&outputSchema=http://www.isotc211.org/2005/gmd&elementSetName=full&id=a57cb859-c4fe-444c-adc6-be14cb2bbf38#MD_DataIdentification]",
  "organisation": "Beheer PDOK",
  "serviceIdentifierCode": "74620aa8-4fa2-414d-8350-50d93e500da8",
  "servicetype": "download",
  "title": "Geluidskaarten Rijkswegen WFS",
  "url": "https://geodata.nationaalgeoregister.nl/rwsgeluidskaarten/wfs?request=GetCapabilities"
}

15:21:48.105 [ForkJoinPool-2-worker-7] INFO  com.intuit.karate - [print] testing url:https://geodata.nationaalgeoregister.nl/rwsgeluidskaarten/wfs?request=GetCapabilities
15:21:48.106 [ForkJoinPool-2-worker-7] DEBUG com.intuit.karate - request:
1 > HEAD https://geodata.nationaalgeoregister.nl/rwsgeluidskaarten/wfs?request=GetCapabilities
1 > Accept-Encoding: gzip,deflate
1 > Connection: Keep-Alive
1 > Host: geodata.nationaalgeoregister.nl
1 > User-Agent: Apache-HttpClient/4.5.11 (Java/13.0.5)

15:21:48.139 [ForkJoinPool-2-worker-3] DEBUG com.intuit.karate - response time in milliseconds: 402.13
1 < 200
1 < Access-Control-Allow-Headers: SOAPAction,X-Requested-With,Content-Type,Origin,Authorization,Accept
1 < Access-Control-Allow-Methods: POST, GET, OPTIONS, HEAD
1 < Access-Control-Allow-Origin: *
1 < Access-Control-Max-Age: 1000
1 < Content-Length: 73
1 < Content-Type: text/html; charset=UTF-8
1 < Date: Mon, 26 Oct 2020 15:21:48 GMT
1 < Server: lighttpd/1.4.53
1 < X-Cnection: [close, close]

15:21:48.146 [pool-4-thread-1] INFO  com.intuit.karate.Runner - <<pass>> feature 201 of 367: tmp/junit17863174098671850733/Beheer-PDOK/Richtlijn-Stedelijk-Afvalwater---agglomeraties-Nederland-EU2015/view/Richtlijn-Stedelijk-Afvalwater-EU2015-WMS/checkViewUrl.feature
---------------------------------------------------------
feature: tmp/junit17863174098671850733/Beheer-PDOK/Richtlijn-Stedelijk-Afvalwater---agglomeraties-Nederland-EU2015/view/Richtlijn-Stedelijk-Afvalwater-EU2015-WMS/checkViewUrl.feature
report: target/surefire-reports/tmp.junit17863174098671850733.Beheer-PDOK.Richtlijn-Stedelijk-Afvalwater---agglomeraties-Nederland-EU2015.view.Richtlijn-Stedelijk-Afvalwater-EU2015-WMS.checkViewUrl.json
scenarios:  1 | passed:  1 | failed:  0 | time: 0.4043
---------------------------------------------------------
15:21:48.150 [ForkJoinPool-2-worker-3] INFO  com.intuit.karate - karate.env system property was:  
15:21:48.152 [ForkJoinPool-2-worker-3] INFO  com.intuit.karate - [print] {
  "class": "metadata.Service",
  "electronicMailAddress": "[beheerPDOK@kadaster.nl, beheerPDOK@kadaster.nl]",
  "metadataStandardVersion": "Nederlands metadata profiel op ISO 19119 voor services 2.0",
  "operatesOn": "[http://nationaalgeoregister.nl/geonetwork/srv/dut/csw?service=CSW&version=2.0.2&request=GetRecordById&outputschema=http://www.isotc211.org/2005/gmd&elementsetname=full&id=50eef6be-619d-4e16-9b92-48971109b636#MD_DataIdentification, http://nationaalgeoregister.nl/geonetwork/srv/dut/csw?service=CSW&version=2.0.2&request=GetRecordById&outputschema=http://www.isotc211.org/2005/gmd&elementsetname=full&id=8de2f5eb-b09f-4f6d-8397-8878a1b86238#MD_DataIdentification, https://www.nationaalgeoregister.nl:443/geonetwork/srv/dut/csw?service=CSW&request=GetRecordById&version=2.0.2&outputSchema=http://www.isotc211.org/2005/gmd&elementSetName=full&id=9b583730-e750-485a-9c0c-39bf9be72cf8#MD_DataIdentification, https://www.nationaalgeoregister.nl:443/geonetwork/srv/dut/csw?service=CSW&request=GetRecordById&version=2.0.2&outputSchema=http://www.isotc211.org/2005/gmd&elementSetName=full&id=a57cb859-c4fe-444c-adc6-be14cb2bbf36#MD_DataIdentification, https://www.nationaalgeoregister.nl:443/geonetwork/srv/dut/csw?service=CSW&request=GetRecordById&version=2.0.2&outputSchema=http://www.isotc211.org/2005/gmd&elementSetName=full&id=9b583730-e750-485a-9c0c-39bf9be72cf9#MD_DataIdentification, https://www.nationaalgeoregister.nl:443/geonetwork/srv/dut/csw?service=CSW&request=GetRecordById&version=2.0.2&outputSchema=http://www.isotc211.org/2005/gmd&elementSetName=full&id=a57cb859-c4fe-444c-adc6-be14cb2bbf38#MD_DataIdentification]",
  "organisation": "Beheer PDOK",
  "serviceIdentifierCode": "4b6752ae-65d6-44b5-98ef-1fc30f4fd92d",
  "servicetype": "view",
  "title": "Geluidskaarten Rijkswegen WMS",
  "url": "https://geodata.nationaalgeoregister.nl/rwsgeluidskaarten/wms?request=GetCapabilities"
}

15:21:48.157 [ForkJoinPool-2-worker-3] INFO  com.intuit.karate - [print] testing url:https://geodata.nationaalgeoregister.nl/rwsgeluidskaarten/wms?request=GetCapabilities
15:21:48.158 [ForkJoinPool-2-worker-3] DEBUG com.intuit.karate - request:
1 > HEAD https://geodata.nationaalgeoregister.nl/rwsgeluidskaarten/wms?request=GetCapabilities
1 > Accept-Encoding: gzip,deflate
1 > Connection: Keep-Alive
1 > Host: geodata.nationaalgeoregister.nl
1 > User-Agent: Apache-HttpClient/4.5.11 (Java/13.0.5)

15:21:48.353 [ForkJoinPool-2-worker-1] DEBUG com.intuit.karate - response time in milliseconds: 402.81
1 < 200
1 < Access-Control-Allow-Headers: SOAPAction,X-Requested-With,Content-Type,Origin,Authorization,Accept
1 < Access-Control-Allow-Methods: POST, GET, OPTIONS, HEAD
1 < Access-Control-Allow-Origin: *
1 < Access-Control-Max-Age: 1000
1 < Content-Length: 59006
1 < Content-Type: text/xml
1 < Date: Mon, 26 Oct 2020 15:21:48 GMT
1 < X-Cnection: [close, close]

15:21:48.355 [pool-4-thread-2] INFO  com.intuit.karate.Runner - <<pass>> feature 202 of 367: tmp/junit17863174098671850733/Beheer-PDOK/TOP10NL/download/INSPIRE-download-service-PDOK/checkdownloadurl.feature
---------------------------------------------------------
feature: tmp/junit17863174098671850733/Beheer-PDOK/TOP10NL/download/INSPIRE-download-service-PDOK/checkdownloadurl.feature
report: target/surefire-reports/tmp.junit17863174098671850733.Beheer-PDOK.TOP10NL.download.INSPIRE-download-service-PDOK.checkdownloadurl.json
scenarios:  1 | passed:  1 | failed:  0 | time: 0.4145
---------------------------------------------------------
15:21:48.359 [ForkJoinPool-2-worker-1] INFO  com.intuit.karate - karate.env system property was:  
15:21:48.361 [ForkJoinPool-2-worker-1] INFO  com.intuit.karate - [print] {
  "class": "metadata.Service",
  "electronicMailAddress": "[beheerPDOK@kadaster.nl, beheerPDOK@kadaster.nl]",
  "metadataStandardVersion": "Nederlands metadata profiel op ISO 19119 voor services 2.0",
  "operatesOn": "http://nationaalgeoregister.nl/geonetwork/srv/dut/csw?service=CSW&version=2.0.2&request=GetRecordById&outputschema=http://www.isotc211.org/2005/gmd&elementsetname=full&id=3d59fd06-9aec-4744-91e7-65e119f74569#MD_DataIdentification",
  "organisation": "Beheer PDOK",
  "serviceIdentifierCode": "aaf53e6f-fe99-4a86-a61c-50b128412d80",
  "servicetype": "download",
  "title": "Mossel- en oesterhabitats WFS",
  "url": "https://geodata.nationaalgeoregister.nl/mosselenoesterhabitats/wfs?request=GetCapabilities"
}

15:21:48.364 [ForkJoinPool-2-worker-1] INFO  com.intuit.karate - [print] testing url:https://geodata.nationaalgeoregister.nl/mosselenoesterhabitats/wfs?request=GetCapabilities
15:21:48.366 [ForkJoinPool-2-worker-1] DEBUG com.intuit.karate - request:
1 > HEAD https://geodata.nationaalgeoregister.nl/mosselenoesterhabitats/wfs?request=GetCapabilities
1 > Accept-Encoding: gzip,deflate
1 > Connection: Keep-Alive
1 > Host: geodata.nationaalgeoregister.nl
1 > User-Agent: Apache-HttpClient/4.5.11 (Java/13.0.5)

15:21:48.438 [ForkJoinPool-2-worker-5] DEBUG com.intuit.karate - response time in milliseconds: 416.86
1 < 200
1 < Accept-Ranges: bytes
1 < Access-Control-Allow-Headers: SOAPAction,X-Requested-With,Content-Type,Origin,Authorization,Accept
1 < Access-Control-Allow-Methods: POST, GET, OPTIONS, HEAD
1 < Access-Control-Allow-Origin: *
1 < Access-Control-Max-Age: 1000
1 < Content-Type: application/xml
1 < Date: Mon, 26 Oct 2020 15:21:48 GMT
1 < ETag: "2b852-5af58a6649d86-gzip"
1 < Last-Modified: Tue, 15 Sep 2020 11:42:47 GMT
1 < Vary: Accept-Encoding
1 < X-Cnection: [close, close]

15:21:48.438 [ForkJoinPool-2-worker-5] ERROR com.intuit.karate - assertion failed: path: $['Content-Length'][0], actual: null, expected: '#notnull', reason: actual json-path does not exist
15:21:48.440 [pool-4-thread-4] INFO  com.intuit.karate.Runner - <<fail>> feature 203 of 367: tmp/junit17863174098671850733/Beheer-PDOK/TOP10NL/view/TOP10NL-WMS/checkViewUrl.feature
---------------------------------------------------------
feature: tmp/junit17863174098671850733/Beheer-PDOK/TOP10NL/view/TOP10NL-WMS/checkViewUrl.feature
report: target/surefire-reports/tmp.junit17863174098671850733.Beheer-PDOK.TOP10NL.view.TOP10NL-WMS.checkViewUrl.json
scenarios:  1 | passed:  0 | failed:  1 | time: 0.4222
---------------------------------------------------------
15:21:48.443 [ForkJoinPool-2-worker-5] INFO  com.intuit.karate - karate.env system property was:  
15:21:48.444 [ForkJoinPool-2-worker-5] INFO  com.intuit.karate - [print] {
  "class": "metadata.Service",
  "electronicMailAddress": "[beheerPDOK@kadaster.nl, beheerPDOK@kadaster.nl]",
  "metadataStandardVersion": "Nederlands metadata profiel op ISO 19119 voor services 2.0",
  "operatesOn": "http://nationaalgeoregister.nl/geonetwork/srv/dut/csw?service=CSW&version=2.0.2&request=GetRecordById&outputschema=http://www.isotc211.org/2005/gmd&elementsetname=full&id=3d59fd06-9aec-4744-91e7-65e119f74569#MD_DataIdentification",
  "organisation": "Beheer PDOK",
  "serviceIdentifierCode": "0bc2bcb8-558b-446b-b4e2-381b13d483a8",
  "servicetype": "view",
  "title": "Mossel- en oesterhabitats WMS",
  "url": "https://geodata.nationaalgeoregister.nl/mosselenoesterhabitats/wms?request=GetCapabilities"
}

15:21:48.444 [ForkJoinPool-2-worker-5] INFO  com.intuit.karate - [print] testing url:https://geodata.nationaalgeoregister.nl/mosselenoesterhabitats/wms?request=GetCapabilities
15:21:48.445 [ForkJoinPool-2-worker-5] DEBUG com.intuit.karate - request:
1 > HEAD https://geodata.nationaalgeoregister.nl/mosselenoesterhabitats/wms?request=GetCapabilities
1 > Accept-Encoding: gzip,deflate
1 > Connection: Keep-Alive
1 > Host: geodata.nationaalgeoregister.nl
1 > User-Agent: Apache-HttpClient/4.5.11 (Java/13.0.5)

15:21:48.508 [ForkJoinPool-2-worker-7] DEBUG com.intuit.karate - response time in milliseconds: 401.96
1 < 200
1 < Access-Control-Allow-Headers: SOAPAction,X-Requested-With,Content-Type,Origin,Authorization,Accept
1 < Access-Control-Allow-Methods: POST, GET, OPTIONS, HEAD
1 < Access-Control-Allow-Origin: *
1 < Access-Control-Max-Age: 1000
1 < Content-Length: 73
1 < Content-Type: text/html; charset=UTF-8
1 < Date: Mon, 26 Oct 2020 15:21:48 GMT
1 < X-Cnection: [close, close]

15:21:48.509 [ForkJoinPool-2-worker-7] ERROR com.intuit.karate - assertion failed: path: $['Content-Type'][0], actual: 'text/html; charset=UTF-8', expected: 'text/xml', reason: not equal
15:21:48.511 [pool-4-thread-3] INFO  com.intuit.karate.Runner - <<fail>> feature 204 of 367: tmp/junit17863174098671850733/Beheer-PDOK/Geluidbelasting-rijkswegen-in-Nederland-2006--nacht-gemiddelde-/download/Geluidskaarten-Rijkswegen-WFS/checkdownloadurl.feature
---------------------------------------------------------
feature: tmp/junit17863174098671850733/Beheer-PDOK/Geluidbelasting-rijkswegen-in-Nederland-2006--nacht-gemiddelde-/download/Geluidskaarten-Rijkswegen-WFS/checkdownloadurl.feature
report: target/surefire-reports/tmp.junit17863174098671850733.Beheer-PDOK.Geluidbelasting-rijkswegen-in-Nederland-2006--nacht-gemiddelde-.download.Geluidskaarten-Rijkswegen-WFS.checkdownloadurl.json
scenarios:  1 | passed:  0 | failed:  1 | time: 0.4083
---------------------------------------------------------
15:21:48.514 [ForkJoinPool-2-worker-7] INFO  com.intuit.karate - karate.env system property was:  
15:21:48.520 [ForkJoinPool-2-worker-7] INFO  com.intuit.karate - [print] {
  "class": "metadata.Service",
  "electronicMailAddress": "[beheerPDOK@kadaster.nl, beheerPDOK@kadaster.nl]",
  "metadataStandardVersion": "Nederlands metadata profiel op ISO 19119 voor services 2.0",
  "operatesOn": "https://www.nationaalgeoregister.nl:443/geonetwork/srv/dut/csw?service=CSW&version=2.0.2&request=GetRecordById&outputschema=http://www.isotc211.org/2005/gmd&elementsetname=full&id=83dab947-387b-49df-8ad2-32bb10d46d38#MD_DataIdentification",
  "organisation": "Beheer PDOK",
  "serviceIdentifierCode": "80e015fa-f0e1-487e-a7e8-84a5ba7c4e7a",
  "servicetype": "download",
  "title": "Geluidskaarten Schiphol 2016 lden WFS",
  "url": "https://geodata.nationaalgeoregister.nl/ienw/geluidskaartschipholetmaal/v2/wfs?request=GetCapabilities"
}

15:21:48.520 [ForkJoinPool-2-worker-7] INFO  com.intuit.karate - [print] testing url:https://geodata.nationaalgeoregister.nl/ienw/geluidskaartschipholetmaal/v2/wfs?request=GetCapabilities
15:21:48.521 [ForkJoinPool-2-worker-7] DEBUG com.intuit.karate - request:
1 > HEAD https://geodata.nationaalgeoregister.nl/ienw/geluidskaartschipholetmaal/v2/wfs?request=GetCapabilities
1 > Accept-Encoding: gzip,deflate
1 > Connection: Keep-Alive
1 > Host: geodata.nationaalgeoregister.nl
1 > User-Agent: Apache-HttpClient/4.5.11 (Java/13.0.5)

15:21:48.565 [ForkJoinPool-2-worker-3] DEBUG com.intuit.karate - response time in milliseconds: 406.71
1 < 200
1 < Accept-Ranges: bytes
1 < Access-Control-Allow-Headers: SOAPAction,X-Requested-With,Content-Type,Origin,Authorization,Accept
1 < Access-Control-Allow-Methods: POST, GET, OPTIONS, HEAD
1 < Access-Control-Allow-Origin: *
1 < Access-Control-Max-Age: 1000
1 < Content-Type: application/xml
1 < Date: Mon, 26 Oct 2020 15:21:48 GMT
1 < ETag: "6b28-5af58ad5669f4-gzip"
1 < Last-Modified: Tue, 15 Sep 2020 11:44:43 GMT
1 < Vary: Accept-Encoding
1 < X-Cnection: [close, close]

15:21:48.565 [ForkJoinPool-2-worker-3] ERROR com.intuit.karate - assertion failed: path: $['Content-Length'][0], actual: null, expected: '#notnull', reason: actual json-path does not exist
15:21:48.566 [pool-4-thread-1] INFO  com.intuit.karate.Runner - <<fail>> feature 205 of 367: tmp/junit17863174098671850733/Beheer-PDOK/Geluidbelasting-rijkswegen-in-Nederland-2006--nacht-gemiddelde-/view/Geluidskaarten-Rijkswegen-WMS/checkViewUrl.feature
---------------------------------------------------------
feature: tmp/junit17863174098671850733/Beheer-PDOK/Geluidbelasting-rijkswegen-in-Nederland-2006--nacht-gemiddelde-/view/Geluidskaarten-Rijkswegen-WMS/checkViewUrl.feature
report: target/surefire-reports/tmp.junit17863174098671850733.Beheer-PDOK.Geluidbelasting-rijkswegen-in-Nederland-2006--nacht-gemiddelde-.view.Geluidskaarten-Rijkswegen-WMS.checkViewUrl.json
scenarios:  1 | passed:  0 | failed:  1 | time: 0.4135
---------------------------------------------------------
15:21:48.570 [ForkJoinPool-2-worker-3] INFO  com.intuit.karate - karate.env system property was:  
15:21:48.572 [ForkJoinPool-2-worker-3] INFO  com.intuit.karate - [print] {
  "class": "metadata.Service",
  "electronicMailAddress": "[beheerPDOK@kadaster.nl, beheerPDOK@kadaster.nl]",
  "metadataStandardVersion": "Nederlands metadata profiel op ISO 19119 voor services 2.0",
  "operatesOn": "http://nationaalgeoregister.nl/geonetwork/srv/dut/csw?service=CSW&version=2.0.2&request=GetRecordById&outputschema=http://www.isotc211.org/2005/gmd&elementsetname=full&id=83dab947-387b-49df-8ad2-32bb10d46d38#MD_DataIdentification",
  "organisation": "Beheer PDOK",
  "serviceIdentifierCode": "a1ed8a00-da07-472e-9627-99175d437c94",
  "servicetype": "view",
  "title": "Geluidskaarten Schiphol 2016 lden WMS",
  "url": "https://geodata.nationaalgeoregister.nl/ienw/geluidskaartschipholetmaal/v2/wms?request=GetCapabilities"
}

15:21:48.572 [ForkJoinPool-2-worker-3] INFO  com.intuit.karate - [print] testing url:https://geodata.nationaalgeoregister.nl/ienw/geluidskaartschipholetmaal/v2/wms?request=GetCapabilities
15:21:48.573 [ForkJoinPool-2-worker-3] DEBUG com.intuit.karate - request:
1 > HEAD https://geodata.nationaalgeoregister.nl/ienw/geluidskaartschipholetmaal/v2/wms?request=GetCapabilities
1 > Accept-Encoding: gzip,deflate
1 > Connection: Keep-Alive
1 > Host: geodata.nationaalgeoregister.nl
1 > User-Agent: Apache-HttpClient/4.5.11 (Java/13.0.5)

15:21:48.931 [ForkJoinPool-2-worker-7] DEBUG com.intuit.karate - response time in milliseconds: 410.50
1 < 200
1 < Access-Control-Allow-Headers: SOAPAction,X-Requested-With,Content-Type,Origin,Authorization,Accept
1 < Access-Control-Allow-Methods: POST, GET, OPTIONS, HEAD
1 < Access-Control-Allow-Origin: *
1 < Access-Control-Max-Age: 1000
1 < Content-Length: 73
1 < Content-Type: text/html; charset=UTF-8
1 < Date: Mon, 26 Oct 2020 15:21:48 GMT
1 < Server: lighttpd/1.4.53
1 < X-Cnection: [close, close]

15:21:48.932 [ForkJoinPool-2-worker-7] ERROR com.intuit.karate - assertion failed: path: $['Content-Type'][0], actual: 'text/html; charset=UTF-8', expected: 'text/xml', reason: not equal
15:21:48.935 [pool-4-thread-3] INFO  com.intuit.karate.Runner - <<fail>> feature 208 of 367: tmp/junit17863174098671850733/Beheer-PDOK/Geluidkaart-Schiphol-2016--Lden-/download/Geluidskaarten-Schiphol-2016-lden-WFS/checkdownloadurl.feature
---------------------------------------------------------
feature: tmp/junit17863174098671850733/Beheer-PDOK/Geluidkaart-Schiphol-2016--Lden-/download/Geluidskaarten-Schiphol-2016-lden-WFS/checkdownloadurl.feature
report: target/surefire-reports/tmp.junit17863174098671850733.Beheer-PDOK.Geluidkaart-Schiphol-2016--Lden-.download.Geluidskaarten-Schiphol-2016-lden-WFS.checkdownloadurl.json
scenarios:  1 | passed:  0 | failed:  1 | time: 0.4133
---------------------------------------------------------
15:21:48.938 [ForkJoinPool-2-worker-5] DEBUG com.intuit.karate - response time in milliseconds: 490.39
1 < 200
1 < Access-Control-Allow-Headers: SOAPAction,X-Requested-With,Content-Type,Origin,Authorization,Accept
1 < Access-Control-Allow-Methods: POST, GET, OPTIONS, HEAD
1 < Access-Control-Allow-Origin: *
1 < Access-Control-Max-Age: 1000
1 < Content-Disposition: inline; filename=getcapabilities_1.3.0.xml
1 < Content-Type: text/xml
1 < Date: Mon, 26 Oct 2020 15:21:48 GMT
1 < X-Cnection: [close, close]

15:21:48.938 [ForkJoinPool-2-worker-5] ERROR com.intuit.karate - assertion failed: path: $['Content-Length'][0], actual: null, expected: '#notnull', reason: actual json-path does not exist
15:21:48.940 [pool-4-thread-4] INFO  com.intuit.karate.Runner - <<fail>> feature 207 of 367: tmp/junit17863174098671850733/Beheer-PDOK/Mossel--en-oesterhabitats--AS-IS-/view/Mossel--en-oesterhabitats-WMS/checkViewUrl.feature
---------------------------------------------------------
feature: tmp/junit17863174098671850733/Beheer-PDOK/Mossel--en-oesterhabitats--AS-IS-/view/Mossel--en-oesterhabitats-WMS/checkViewUrl.feature
report: target/surefire-reports/tmp.junit17863174098671850733.Beheer-PDOK.Mossel--en-oesterhabitats--AS-IS-.view.Mossel--en-oesterhabitats-WMS.checkViewUrl.json
scenarios:  1 | passed:  0 | failed:  1 | time: 0.4948
---------------------------------------------------------
15:21:48.948 [ForkJoinPool-2-worker-1] DEBUG com.intuit.karate - response time in milliseconds: 581.11
1 < 200
1 < Access-Control-Allow-Headers: SOAPAction,X-Requested-With,Content-Type,Origin,Authorization,Accept
1 < Access-Control-Allow-Methods: POST, GET, OPTIONS, HEAD
1 < Access-Control-Allow-Origin: *
1 < Access-Control-Max-Age: 1000
1 < Content-Disposition: inline; filename=geoserver-GetCapabilities.application
1 < Content-Type: application/xml
1 < Date: Mon, 26 Oct 2020 15:21:48 GMT
1 < X-Cnection: [close, close]

15:21:48.948 [ForkJoinPool-2-worker-1] ERROR com.intuit.karate - assertion failed: path: $['Content-Length'][0], actual: null, expected: '#notnull', reason: actual json-path does not exist
15:21:48.950 [pool-4-thread-2] INFO  com.intuit.karate.Runner - <<fail>> feature 206 of 367: tmp/junit17863174098671850733/Beheer-PDOK/Mossel--en-oesterhabitats--AS-IS-/download/Mossel--en-oesterhabitats-WFS/checkdownloadurl.feature
---------------------------------------------------------
feature: tmp/junit17863174098671850733/Beheer-PDOK/Mossel--en-oesterhabitats--AS-IS-/download/Mossel--en-oesterhabitats-WFS/checkdownloadurl.feature
report: target/surefire-reports/tmp.junit17863174098671850733.Beheer-PDOK.Mossel--en-oesterhabitats--AS-IS-.download.Mossel--en-oesterhabitats-WFS.checkdownloadurl.json
scenarios:  1 | passed:  0 | failed:  1 | time: 0.5879
---------------------------------------------------------
15:21:48.954 [ForkJoinPool-2-worker-1] INFO  com.intuit.karate - karate.env system property was:  
15:21:48.954 [ForkJoinPool-2-worker-1] INFO  com.intuit.karate - [print] {
  "class": "metadata.Service",
  "electronicMailAddress": "[beheer&pdok.nl, beheer@pdok.nl]",
  "metadataStandardVersion": "Nederlands metadata profiel op ISO 19119 voor services 2.0",
  "operatesOn": "[http://nationaalgeoregister.nl/geonetwork/srv/dut/csw?service=CSW&version=2.0.2&request=GetRecordById&outputschema=http://www.isotc211.org/2005/gmd&elementsetname=full&id=50eef6be-619d-4e16-9b92-48971109b636#MD_DataIdentification, http://nationaalgeoregister.nl/geonetwork/srv/dut/csw?service=CSW&version=2.0.2&request=GetRecordById&outputschema=http://www.isotc211.org/2005/gmd&elementsetname=full&id=8de2f5eb-b09f-4f6d-8397-8878a1b86238#MD_DataIdentification, https://www.nationaalgeoregister.nl:443/geonetwork/srv/dut/csw?service=CSW&request=GetRecordById&version=2.0.2&outputSchema=http://www.isotc211.org/2005/gmd&elementSetName=full&id=9b583730-e750-485a-9c0c-39bf9be72cf8#MD_DataIdentification, https://www.nationaalgeoregister.nl:443/geonetwork/srv/dut/csw?service=CSW&request=GetRecordById&version=2.0.2&outputSchema=http://www.isotc211.org/2005/gmd&elementSetName=full&id=a57cb859-c4fe-444c-adc6-be14cb2bbf36#MD_DataIdentification, https://www.nationaalgeoregister.nl:443/geonetwork/srv/dut/csw?service=CSW&request=GetRecordById&version=2.0.2&outputSchema=http://www.isotc211.org/2005/gmd&elementSetName=full&id=9b583730-e750-485a-9c0c-39bf9be72cf9#MD_DataIdentification, https://www.nationaalgeoregister.nl:443/geonetwork/srv/dut/csw?service=CSW&request=GetRecordById&version=2.0.2&outputSchema=http://www.isotc211.org/2005/gmd&elementSetName=full&id=a57cb859-c4fe-444c-adc6-be14cb2bbf38#MD_DataIdentification]",
  "organisation": "Beheer PDOK",
  "serviceIdentifierCode": "74620aa8-4fa2-414d-8350-50d93e500da8",
  "servicetype": "download",
  "title": "Geluidskaarten Rijkswegen WFS",
  "url": "https://geodata.nationaalgeoregister.nl/rwsgeluidskaarten/wfs?request=GetCapabilities"
}

15:21:48.955 [ForkJoinPool-2-worker-1] INFO  com.intuit.karate - [print] testing url:https://geodata.nationaalgeoregister.nl/rwsgeluidskaarten/wfs?request=GetCapabilities
15:21:48.955 [ForkJoinPool-2-worker-1] DEBUG com.intuit.karate - request:
1 > HEAD https://geodata.nationaalgeoregister.nl/rwsgeluidskaarten/wfs?request=GetCapabilities
1 > Accept-Encoding: gzip,deflate
1 > Connection: Keep-Alive
1 > Host: geodata.nationaalgeoregister.nl
1 > User-Agent: Apache-HttpClient/4.5.11 (Java/13.0.5)

15:21:48.959 [ForkJoinPool-2-worker-7] INFO  com.intuit.karate - karate.env system property was:  
15:21:48.960 [ForkJoinPool-2-worker-5] INFO  com.intuit.karate - karate.env system property was:  
15:21:48.962 [ForkJoinPool-2-worker-5] INFO  com.intuit.karate - [print] {
  "class": "metadata.Service",
  "electronicMailAddress": "[beheerPDOK@kadaster.nl, beheerPDOK@kadaster.nl]",
  "metadataStandardVersion": "Nederlands metadata profiel op ISO 19119 voor services 2.0",
  "operatesOn": "[http://nationaalgeoregister.nl/geonetwork/srv/dut/csw?service=CSW&version=2.0.2&request=GetRecordById&outputschema=http://www.isotc211.org/2005/gmd&elementsetname=full&id=50eef6be-619d-4e16-9b92-48971109b636#MD_DataIdentification, http://nationaalgeoregister.nl/geonetwork/srv/dut/csw?service=CSW&version=2.0.2&request=GetRecordById&outputschema=http://www.isotc211.org/2005/gmd&elementsetname=full&id=8de2f5eb-b09f-4f6d-8397-8878a1b86238#MD_DataIdentification, https://www.nationaalgeoregister.nl:443/geonetwork/srv/dut/csw?service=CSW&request=GetRecordById&version=2.0.2&outputSchema=http://www.isotc211.org/2005/gmd&elementSetName=full&id=9b583730-e750-485a-9c0c-39bf9be72cf8#MD_DataIdentification, https://www.nationaalgeoregister.nl:443/geonetwork/srv/dut/csw?service=CSW&request=GetRecordById&version=2.0.2&outputSchema=http://www.isotc211.org/2005/gmd&elementSetName=full&id=a57cb859-c4fe-444c-adc6-be14cb2bbf36#MD_DataIdentification, https://www.nationaalgeoregister.nl:443/geonetwork/srv/dut/csw?service=CSW&request=GetRecordById&version=2.0.2&outputSchema=http://www.isotc211.org/2005/gmd&elementSetName=full&id=9b583730-e750-485a-9c0c-39bf9be72cf9#MD_DataIdentification, https://www.nationaalgeoregister.nl:443/geonetwork/srv/dut/csw?service=CSW&request=GetRecordById&version=2.0.2&outputSchema=http://www.isotc211.org/2005/gmd&elementSetName=full&id=a57cb859-c4fe-444c-adc6-be14cb2bbf38#MD_DataIdentification]",
  "organisation": "Beheer PDOK",
  "serviceIdentifierCode": "4b6752ae-65d6-44b5-98ef-1fc30f4fd92d",
  "servicetype": "view",
  "title": "Geluidskaarten Rijkswegen WMS",
  "url": "https://geodata.nationaalgeoregister.nl/rwsgeluidskaarten/wms?request=GetCapabilities"
}

15:21:48.963 [ForkJoinPool-2-worker-5] INFO  com.intuit.karate - [print] testing url:https://geodata.nationaalgeoregister.nl/rwsgeluidskaarten/wms?request=GetCapabilities
15:21:48.967 [ForkJoinPool-2-worker-5] DEBUG com.intuit.karate - request:
1 > HEAD https://geodata.nationaalgeoregister.nl/rwsgeluidskaarten/wms?request=GetCapabilities
1 > Accept-Encoding: gzip,deflate
1 > Connection: Keep-Alive
1 > Host: geodata.nationaalgeoregister.nl
1 > User-Agent: Apache-HttpClient/4.5.11 (Java/13.0.5)

15:21:48.962 [ForkJoinPool-2-worker-7] INFO  com.intuit.karate - [print] {
  "class": "metadata.Service",
  "electronicMailAddress": "[beheer&pdok.nl, beheer@pdok.nl]",
  "metadataStandardVersion": "Nederlands metadata profiel op ISO 19119 voor services 2.0",
  "operatesOn": "[http://nationaalgeoregister.nl/geonetwork/srv/dut/csw?service=CSW&version=2.0.2&request=GetRecordById&outputschema=http://www.isotc211.org/2005/gmd&elementsetname=full&id=50eef6be-619d-4e16-9b92-48971109b636#MD_DataIdentification, http://nationaalgeoregister.nl/geonetwork/srv/dut/csw?service=CSW&version=2.0.2&request=GetRecordById&outputschema=http://www.isotc211.org/2005/gmd&elementsetname=full&id=8de2f5eb-b09f-4f6d-8397-8878a1b86238#MD_DataIdentification, https://www.nationaalgeoregister.nl:443/geonetwork/srv/dut/csw?service=CSW&request=GetRecordById&version=2.0.2&outputSchema=http://www.isotc211.org/2005/gmd&elementSetName=full&id=9b583730-e750-485a-9c0c-39bf9be72cf8#MD_DataIdentification, https://www.nationaalgeoregister.nl:443/geonetwork/srv/dut/csw?service=CSW&request=GetRecordById&version=2.0.2&outputSchema=http://www.isotc211.org/2005/gmd&elementSetName=full&id=a57cb859-c4fe-444c-adc6-be14cb2bbf36#MD_DataIdentification, https://www.nationaalgeoregister.nl:443/geonetwork/srv/dut/csw?service=CSW&request=GetRecordById&version=2.0.2&outputSchema=http://www.isotc211.org/2005/gmd&elementSetName=full&id=9b583730-e750-485a-9c0c-39bf9be72cf9#MD_DataIdentification, https://www.nationaalgeoregister.nl:443/geonetwork/srv/dut/csw?service=CSW&request=GetRecordById&version=2.0.2&outputSchema=http://www.isotc211.org/2005/gmd&elementSetName=full&id=a57cb859-c4fe-444c-adc6-be14cb2bbf38#MD_DataIdentification]",
  "organisation": "Beheer PDOK",
  "serviceIdentifierCode": "74620aa8-4fa2-414d-8350-50d93e500da8",
  "servicetype": "download",
  "title": "Geluidskaarten Rijkswegen WFS",
  "url": "https://geodata.nationaalgeoregister.nl/rwsgeluidskaarten/wfs?request=GetCapabilities"
}

15:21:48.968 [ForkJoinPool-2-worker-7] INFO  com.intuit.karate - [print] testing url:https://geodata.nationaalgeoregister.nl/rwsgeluidskaarten/wfs?request=GetCapabilities
15:21:48.968 [ForkJoinPool-2-worker-7] DEBUG com.intuit.karate - request:
1 > HEAD https://geodata.nationaalgeoregister.nl/rwsgeluidskaarten/wfs?request=GetCapabilities
1 > Accept-Encoding: gzip,deflate
1 > Connection: Keep-Alive
1 > Host: geodata.nationaalgeoregister.nl
1 > User-Agent: Apache-HttpClient/4.5.11 (Java/13.0.5)

15:21:48.975 [ForkJoinPool-2-worker-3] DEBUG com.intuit.karate - response time in milliseconds: 400.46
1 < 200
1 < Access-Control-Allow-Headers: SOAPAction,X-Requested-With,Content-Type,Origin,Authorization,Accept
1 < Access-Control-Allow-Methods: POST, GET, OPTIONS, HEAD
1 < Access-Control-Allow-Origin: *
1 < Access-Control-Max-Age: 1000
1 < Content-Length: 73
1 < Content-Type: text/html; charset=UTF-8
1 < Date: Mon, 26 Oct 2020 15:21:48 GMT
1 < Server: lighttpd/1.4.53
1 < X-Cnection: [close, close]

15:21:48.976 [pool-4-thread-1] INFO  com.intuit.karate.Runner - <<pass>> feature 209 of 367: tmp/junit17863174098671850733/Beheer-PDOK/Geluidkaart-Schiphol-2016--Lden-/view/Geluidskaarten-Schiphol-2016-lden-WMS/checkViewUrl.feature
---------------------------------------------------------
feature: tmp/junit17863174098671850733/Beheer-PDOK/Geluidkaart-Schiphol-2016--Lden-/view/Geluidskaarten-Schiphol-2016-lden-WMS/checkViewUrl.feature
report: target/surefire-reports/tmp.junit17863174098671850733.Beheer-PDOK.Geluidkaart-Schiphol-2016--Lden-.view.Geluidskaarten-Schiphol-2016-lden-WMS.checkViewUrl.json
scenarios:  1 | passed:  1 | failed:  0 | time: 0.4051
---------------------------------------------------------
15:21:48.979 [ForkJoinPool-2-worker-3] INFO  com.intuit.karate - karate.env system property was:  
15:21:48.980 [ForkJoinPool-2-worker-3] INFO  com.intuit.karate - [print] {
  "class": "metadata.Service",
  "electronicMailAddress": "[beheerPDOK@kadaster.nl, beheerPDOK@kadaster.nl]",
  "metadataStandardVersion": "Nederlands metadata profiel op ISO 19119 voor services 2.0",
  "operatesOn": "[http://nationaalgeoregister.nl/geonetwork/srv/dut/csw?service=CSW&version=2.0.2&request=GetRecordById&outputschema=http://www.isotc211.org/2005/gmd&elementsetname=full&id=50eef6be-619d-4e16-9b92-48971109b636#MD_DataIdentification, http://nationaalgeoregister.nl/geonetwork/srv/dut/csw?service=CSW&version=2.0.2&request=GetRecordById&outputschema=http://www.isotc211.org/2005/gmd&elementsetname=full&id=8de2f5eb-b09f-4f6d-8397-8878a1b86238#MD_DataIdentification, https://www.nationaalgeoregister.nl:443/geonetwork/srv/dut/csw?service=CSW&request=GetRecordById&version=2.0.2&outputSchema=http://www.isotc211.org/2005/gmd&elementSetName=full&id=9b583730-e750-485a-9c0c-39bf9be72cf8#MD_DataIdentification, https://www.nationaalgeoregister.nl:443/geonetwork/srv/dut/csw?service=CSW&request=GetRecordById&version=2.0.2&outputSchema=http://www.isotc211.org/2005/gmd&elementSetName=full&id=a57cb859-c4fe-444c-adc6-be14cb2bbf36#MD_DataIdentification, https://www.nationaalgeoregister.nl:443/geonetwork/srv/dut/csw?service=CSW&request=GetRecordById&version=2.0.2&outputSchema=http://www.isotc211.org/2005/gmd&elementSetName=full&id=9b583730-e750-485a-9c0c-39bf9be72cf9#MD_DataIdentification, https://www.nationaalgeoregister.nl:443/geonetwork/srv/dut/csw?service=CSW&request=GetRecordById&version=2.0.2&outputSchema=http://www.isotc211.org/2005/gmd&elementSetName=full&id=a57cb859-c4fe-444c-adc6-be14cb2bbf38#MD_DataIdentification]",
  "organisation": "Beheer PDOK",
  "serviceIdentifierCode": "4b6752ae-65d6-44b5-98ef-1fc30f4fd92d",
  "servicetype": "view",
  "title": "Geluidskaarten Rijkswegen WMS",
  "url": "https://geodata.nationaalgeoregister.nl/rwsgeluidskaarten/wms?request=GetCapabilities"
}

15:21:48.980 [ForkJoinPool-2-worker-3] INFO  com.intuit.karate - [print] testing url:https://geodata.nationaalgeoregister.nl/rwsgeluidskaarten/wms?request=GetCapabilities
15:21:48.981 [ForkJoinPool-2-worker-3] DEBUG com.intuit.karate - request:
1 > HEAD https://geodata.nationaalgeoregister.nl/rwsgeluidskaarten/wms?request=GetCapabilities
1 > Accept-Encoding: gzip,deflate
1 > Connection: Keep-Alive
1 > Host: geodata.nationaalgeoregister.nl
1 > User-Agent: Apache-HttpClient/4.5.11 (Java/13.0.5)

15:21:49.352 [ForkJoinPool-2-worker-1] DEBUG com.intuit.karate - response time in milliseconds: 396.91
1 < 200
1 < Access-Control-Allow-Headers: SOAPAction,X-Requested-With,Content-Type,Origin,Authorization,Accept
1 < Access-Control-Allow-Methods: POST, GET, OPTIONS, HEAD
1 < Access-Control-Allow-Origin: *
1 < Access-Control-Max-Age: 1000
1 < Content-Length: 73
1 < Content-Type: text/html; charset=UTF-8
1 < Date: Mon, 26 Oct 2020 15:21:49 GMT
1 < X-Cnection: [close, close]

15:21:49.353 [ForkJoinPool-2-worker-1] ERROR com.intuit.karate - assertion failed: path: $['Content-Type'][0], actual: 'text/html; charset=UTF-8', expected: 'text/xml', reason: not equal
15:21:49.355 [pool-4-thread-2] INFO  com.intuit.karate.Runner - <<fail>> feature 212 of 367: tmp/junit17863174098671850733/Beheer-PDOK/Geluidbelasting-rijkswegen-in-Nederland-2006--24-uurs-gemiddelde-/download/Geluidskaarten-Rijkswegen-WFS/checkdownloadurl.feature
---------------------------------------------------------
feature: tmp/junit17863174098671850733/Beheer-PDOK/Geluidbelasting-rijkswegen-in-Nederland-2006--24-uurs-gemiddelde-/download/Geluidskaarten-Rijkswegen-WFS/checkdownloadurl.feature
report: target/surefire-reports/tmp.junit17863174098671850733.Beheer-PDOK.Geluidbelasting-rijkswegen-in-Nederland-2006--24-uurs-gemiddelde-.download.Geluidskaarten-Rijkswegen-WFS.checkdownloadurl.json
scenarios:  1 | passed:  0 | failed:  1 | time: 0.3992
---------------------------------------------------------
15:21:49.359 [ForkJoinPool-2-worker-1] INFO  com.intuit.karate - karate.env system property was:  
15:21:49.362 [ForkJoinPool-2-worker-1] INFO  com.intuit.karate - [print] {
  "class": "metadata.Service",
  "electronicMailAddress": "[beheerPDOK@kadaster.nl, beheerPDOK@kadaster.nl]",
  "metadataStandardVersion": "Nederlands metadata profiel op ISO 19119 voor services 2.0",
  "operatesOn": "[http://nationaalgeoregister.nl/geonetwork/srv/dut/csw?service=CSW&version=2.0.2&request=GetRecordById&outputschema=http://www.isotc211.org/2005/gmd&elementsetname=full&id=be1b1514-8d1f-48e1-9624-fee9b784138b#MD_DataIdentification, http://nationaalgeoregister.nl/geonetwork/srv/dut/csw?service=CSW&version=2.0.2&request=GetRecordById&outputschema=http://www.isotc211.org/2005/gmd&elementsetname=full&id=db60a314-5583-437d-a2ff-1e59cc57704e#MD_DataIdentification]",
  "organisation": "Beheer PDOK",
  "serviceIdentifierCode": "62c0d0a5-5826-406d-a625-d84bc5fec800",
  "servicetype": "download",
  "title": "Noordzee Vaarwegmarkeringen WFS",
  "url": "https://geodata.nationaalgeoregister.nl/noordzeevaarwegmarkeringenrd/wfs?request=GetCapabilities&service=WFS"
}

15:21:49.362 [ForkJoinPool-2-worker-1] INFO  com.intuit.karate - [print] testing url:https://geodata.nationaalgeoregister.nl/noordzeevaarwegmarkeringenrd/wfs?request=GetCapabilities&service=WFS
15:21:49.363 [ForkJoinPool-2-worker-1] DEBUG com.intuit.karate - request:
1 > HEAD https://geodata.nationaalgeoregister.nl/noordzeevaarwegmarkeringenrd/wfs?request=GetCapabilities&service=WFS
1 > Accept-Encoding: gzip,deflate
1 > Connection: Keep-Alive
1 > Host: geodata.nationaalgeoregister.nl
1 > User-Agent: Apache-HttpClient/4.5.11 (Java/13.0.5)

15:21:49.369 [ForkJoinPool-2-worker-7] DEBUG com.intuit.karate - response time in milliseconds: 400.42
1 < 200
1 < Access-Control-Allow-Headers: SOAPAction,X-Requested-With,Content-Type,Origin,Authorization,Accept
1 < Access-Control-Allow-Methods: POST, GET, OPTIONS, HEAD
1 < Access-Control-Allow-Origin: *
1 < Access-Control-Max-Age: 1000
1 < Content-Length: 73
1 < Content-Type: text/html; charset=UTF-8
1 < Date: Mon, 26 Oct 2020 15:21:49 GMT
1 < X-Cnection: [close, close]

15:21:49.375 [ForkJoinPool-2-worker-7] ERROR com.intuit.karate - assertion failed: path: $['Content-Type'][0], actual: 'text/html; charset=UTF-8', expected: 'text/xml', reason: not equal
15:21:49.376 [pool-4-thread-3] INFO  com.intuit.karate.Runner - <<fail>> feature 210 of 367: tmp/junit17863174098671850733/Beheer-PDOK/Geluidbelasting-rijkswegen-in-Nederland-2011--nacht-gemiddelde-/download/Geluidskaarten-Rijkswegen-WFS/checkdownloadurl.feature
---------------------------------------------------------
feature: tmp/junit17863174098671850733/Beheer-PDOK/Geluidbelasting-rijkswegen-in-Nederland-2011--nacht-gemiddelde-/download/Geluidskaarten-Rijkswegen-WFS/checkdownloadurl.feature
report: target/surefire-reports/tmp.junit17863174098671850733.Beheer-PDOK.Geluidbelasting-rijkswegen-in-Nederland-2011--nacht-gemiddelde-.download.Geluidskaarten-Rijkswegen-WFS.checkdownloadurl.json
scenarios:  1 | passed:  0 | failed:  1 | time: 0.4144
---------------------------------------------------------
15:21:49.380 [ForkJoinPool-2-worker-5] DEBUG com.intuit.karate - response time in milliseconds: 412.26
1 < 200
1 < Accept-Ranges: bytes
1 < Access-Control-Allow-Headers: SOAPAction,X-Requested-With,Content-Type,Origin,Authorization,Accept
1 < Access-Control-Allow-Methods: POST, GET, OPTIONS, HEAD
1 < Access-Control-Allow-Origin: *
1 < Access-Control-Max-Age: 1000
1 < Content-Type: application/xml
1 < Date: Mon, 26 Oct 2020 15:21:49 GMT
1 < ETag: "6b28-5af58ad5669f4-gzip"
1 < Last-Modified: Tue, 15 Sep 2020 11:44:43 GMT
1 < Vary: Accept-Encoding
1 < X-Cnection: [close, close]

15:21:49.380 [ForkJoinPool-2-worker-5] ERROR com.intuit.karate - assertion failed: path: $['Content-Length'][0], actual: null, expected: '#notnull', reason: actual json-path does not exist
15:21:49.381 [pool-4-thread-4] INFO  com.intuit.karate.Runner - <<fail>> feature 211 of 367: tmp/junit17863174098671850733/Beheer-PDOK/Geluidbelasting-rijkswegen-in-Nederland-2011--nacht-gemiddelde-/view/Geluidskaarten-Rijkswegen-WMS/checkViewUrl.feature
---------------------------------------------------------
feature: tmp/junit17863174098671850733/Beheer-PDOK/Geluidbelasting-rijkswegen-in-Nederland-2011--nacht-gemiddelde-/view/Geluidskaarten-Rijkswegen-WMS/checkViewUrl.feature
report: target/surefire-reports/tmp.junit17863174098671850733.Beheer-PDOK.Geluidbelasting-rijkswegen-in-Nederland-2011--nacht-gemiddelde-.view.Geluidskaarten-Rijkswegen-WMS.checkViewUrl.json
scenarios:  1 | passed:  0 | failed:  1 | time: 0.4191
---------------------------------------------------------
15:21:49.384 [ForkJoinPool-2-worker-5] INFO  com.intuit.karate - karate.env system property was:  
15:21:49.384 [ForkJoinPool-2-worker-5] INFO  com.intuit.karate - [print] {
  "class": "metadata.Service",
  "electronicMailAddress": "[beheerPDOK@kadaster.nl, beheerPDOK@kadaster.nl]",
  "metadataStandardVersion": "Nederlands metadata profiel op ISO 19119 voor services 2.0",
  "operatesOn": "http://nationaalgeoregister.nl/geonetwork/srv/en/csw?service=CSW&version=2.0.2&request=GetRecordById&outputschema=http://www.isotc211.org/2005/gmd&elementsetname=full&id=280ed37a-b8d2-4ac5-8567-04d84fad3a41#MD_DataIdentification",
  "organisation": "Beheer PDOK",
  "serviceIdentifierCode": "1601e160-91e8-4091-9aca-10294f819d42",
  "servicetype": "download",
  "title": "Natura2000 (INSPIRE geharmoniseerd) WFS",
  "url": "https://geodata.nationaalgeoregister.nl/inspire/ps-natura2000/wfs?request=GetCapabilities"
}

15:21:49.385 [ForkJoinPool-2-worker-5] INFO  com.intuit.karate - [print] testing url:https://geodata.nationaalgeoregister.nl/inspire/ps-natura2000/wfs?request=GetCapabilities
15:21:49.385 [ForkJoinPool-2-worker-7] INFO  com.intuit.karate - karate.env system property was:  
15:21:49.385 [ForkJoinPool-2-worker-5] DEBUG com.intuit.karate - request:
1 > HEAD https://geodata.nationaalgeoregister.nl/inspire/ps-natura2000/wfs?request=GetCapabilities
1 > Accept-Encoding: gzip,deflate
1 > Connection: Keep-Alive
1 > Host: geodata.nationaalgeoregister.nl
1 > User-Agent: Apache-HttpClient/4.5.11 (Java/13.0.5)

15:21:49.386 [ForkJoinPool-2-worker-7] INFO  com.intuit.karate - [print] {
  "class": "metadata.Service",
  "electronicMailAddress": "[beheerPDOK@kadaster.nl, beheerPDOK@kadaster.nl]",
  "metadataStandardVersion": "Nederlands metadata profiel op ISO 19119 voor services 2.0",
  "operatesOn": "[http://nationaalgeoregister.nl/geonetwork/srv/dut/csw?service=CSW&version=2.0.2&request=GetRecordById&outputschema=http://www.isotc211.org/2005/gmd&elementsetname=full&id=be1b1514-8d1f-48e1-9624-fee9b784138b#MD_DataIdentification, http://nationaalgeoregister.nl/geonetwork/srv/dut/csw?service=CSW&version=2.0.2&request=GetRecordById&outputschema=http://www.isotc211.org/2005/gmd&elementsetname=full&id=db60a314-5583-437d-a2ff-1e59cc57704e#MD_DataIdentification]",
  "organisation": "Beheer PDOK",
  "serviceIdentifierCode": "918388cf-9d8c-4264-b108-3e375bde0d52",
  "servicetype": "view",
  "title": "Noordzee Vaarwegmarkeringen WMS",
  "url": "https://geodata.nationaalgeoregister.nl/noordzeevaarwegmarkeringenrd/wms?request=GetCapabilities"
}

15:21:49.386 [ForkJoinPool-2-worker-7] INFO  com.intuit.karate - [print] testing url:https://geodata.nationaalgeoregister.nl/noordzeevaarwegmarkeringenrd/wms?request=GetCapabilities
15:21:49.386 [ForkJoinPool-2-worker-7] DEBUG com.intuit.karate - request:
1 > HEAD https://geodata.nationaalgeoregister.nl/noordzeevaarwegmarkeringenrd/wms?request=GetCapabilities
1 > Accept-Encoding: gzip,deflate
1 > Connection: Keep-Alive
1 > Host: geodata.nationaalgeoregister.nl
1 > User-Agent: Apache-HttpClient/4.5.11 (Java/13.0.5)

15:21:49.391 [ForkJoinPool-2-worker-3] DEBUG com.intuit.karate - response time in milliseconds: 410.14
1 < 200
1 < Accept-Ranges: bytes
1 < Access-Control-Allow-Headers: SOAPAction,X-Requested-With,Content-Type,Origin,Authorization,Accept
1 < Access-Control-Allow-Methods: POST, GET, OPTIONS, HEAD
1 < Access-Control-Allow-Origin: *
1 < Access-Control-Max-Age: 1000
1 < Content-Type: application/xml
1 < Date: Mon, 26 Oct 2020 15:21:49 GMT
1 < ETag: "6b28-5af58a658d5db-gzip"
1 < Last-Modified: Tue, 15 Sep 2020 11:42:46 GMT
1 < Vary: Accept-Encoding
1 < X-Cnection: [close, close]

15:21:49.391 [ForkJoinPool-2-worker-3] ERROR com.intuit.karate - assertion failed: path: $['Content-Length'][0], actual: null, expected: '#notnull', reason: actual json-path does not exist
15:21:49.392 [pool-4-thread-1] INFO  com.intuit.karate.Runner - <<fail>> feature 213 of 367: tmp/junit17863174098671850733/Beheer-PDOK/Geluidbelasting-rijkswegen-in-Nederland-2006--24-uurs-gemiddelde-/view/Geluidskaarten-Rijkswegen-WMS/checkViewUrl.feature
---------------------------------------------------------
feature: tmp/junit17863174098671850733/Beheer-PDOK/Geluidbelasting-rijkswegen-in-Nederland-2006--24-uurs-gemiddelde-/view/Geluidskaarten-Rijkswegen-WMS/checkViewUrl.feature
report: target/surefire-reports/tmp.junit17863174098671850733.Beheer-PDOK.Geluidbelasting-rijkswegen-in-Nederland-2006--24-uurs-gemiddelde-.view.Geluidskaarten-Rijkswegen-WMS.checkViewUrl.json
scenarios:  1 | passed:  0 | failed:  1 | time: 0.4120
---------------------------------------------------------
15:21:49.395 [ForkJoinPool-2-worker-3] INFO  com.intuit.karate - karate.env system property was:  
15:21:49.396 [ForkJoinPool-2-worker-3] INFO  com.intuit.karate - [print] {
  "class": "metadata.Service",
  "electronicMailAddress": "[beheerPDOK@kadaster.nl, beheerPDOK@kadaster.nl]",
  "metadataStandardVersion": "Nederlands metadata profiel op ISO 19119 voor services 2.0",
  "operatesOn": "http://nationaalgeoregister.nl/geonetwork/srv/en/csw?service=CSW&version=2.0.2&request=GetRecordById&outputschema=http://www.isotc211.org/2005/gmd&elementsetname=full&id=280ed37a-b8d2-4ac5-8567-04d84fad3a41#MD_DataIdentification",
  "organisation": "Beheer PDOK",
  "serviceIdentifierCode": "a7aeddf2-3b37-4668-9c75-de93d9326276",
  "servicetype": "view",
  "title": "Natura2000 (INSPIRE geharmoniseerd) WMS",
  "url": "https://geodata.nationaalgeoregister.nl/inspire/ps-natura2000/wms?request=Getcapabilities"
}

15:21:49.396 [ForkJoinPool-2-worker-3] INFO  com.intuit.karate - [print] testing url:https://geodata.nationaalgeoregister.nl/inspire/ps-natura2000/wms?request=Getcapabilities
15:21:49.396 [ForkJoinPool-2-worker-3] DEBUG com.intuit.karate - request:
1 > HEAD https://geodata.nationaalgeoregister.nl/inspire/ps-natura2000/wms?request=Getcapabilities
1 > Accept-Encoding: gzip,deflate
1 > Connection: Keep-Alive
1 > Host: geodata.nationaalgeoregister.nl
1 > User-Agent: Apache-HttpClient/4.5.11 (Java/13.0.5)

15:21:49.762 [ForkJoinPool-2-worker-1] DEBUG com.intuit.karate - response time in milliseconds: 398.58
1 < 200
1 < Access-Control-Allow-Headers: SOAPAction,X-Requested-With,Content-Type,Origin,Authorization,Accept
1 < Access-Control-Allow-Methods: POST, GET, OPTIONS, HEAD
1 < Access-Control-Allow-Origin: *
1 < Access-Control-Max-Age: 1000
1 < Content-Length: 73
1 < Content-Type: text/html; charset=UTF-8
1 < Date: Mon, 26 Oct 2020 15:21:49 GMT
1 < X-Cnection: [close, close]

15:21:49.763 [ForkJoinPool-2-worker-1] ERROR com.intuit.karate - assertion failed: path: $['Content-Type'][0], actual: 'text/html; charset=UTF-8', expected: 'text/xml', reason: not equal
15:21:49.766 [pool-4-thread-2] INFO  com.intuit.karate.Runner - <<fail>> feature 214 of 367: tmp/junit17863174098671850733/Beheer-PDOK/Vaarwegmarkeringen-Nederland/download/Noordzee-Vaarwegmarkeringen-WFS/checkdownloadurl.feature
---------------------------------------------------------
feature: tmp/junit17863174098671850733/Beheer-PDOK/Vaarwegmarkeringen-Nederland/download/Noordzee-Vaarwegmarkeringen-WFS/checkdownloadurl.feature
report: target/surefire-reports/tmp.junit17863174098671850733.Beheer-PDOK.Vaarwegmarkeringen-Nederland.download.Noordzee-Vaarwegmarkeringen-WFS.checkdownloadurl.json
scenarios:  1 | passed:  0 | failed:  1 | time: 0.4053
---------------------------------------------------------
15:21:49.769 [ForkJoinPool-2-worker-1] INFO  com.intuit.karate - karate.env system property was:  
15:21:49.771 [ForkJoinPool-2-worker-1] INFO  com.intuit.karate - [print] {
  "class": "metadata.Service",
  "electronicMailAddress": "[beheerPDOK@kadaster.nl, beheerpdok@kadaster.nl]",
  "metadataStandardVersion": "Nederlands metadata profiel op ISO 19119 voor services 2.0",
  "operatesOn": "[http://nationaalgeoregister.nl/geonetwork/srv/en/csw?service=CSW&version=2.0.2&request=GetRecordById&outputschema=http://www.isotc211.org/2005/gmd&elementsetname=full&id=49ab8bee-b467-486a-96ca-b950443c453a#MD_DataIdentification, http://nationaalgeoregister.nl/geonetwork/srv/en/csw?service=CSW&version=2.0.2&request=GetRecordById&outputschema=http://www.isotc211.org/2005/gmd&elementsetname=full&id=f002bfc5-7d87-46b6-819e-8415422b65c9#MD_DataIdentification, http://nationaalgeoregister.nl/geonetwork/srv/en/csw?service=CSW&version=2.0.2&request=GetRecordById&outputschema=http://www.isotc211.org/2005/gmd&elementsetname=full&id=f0821bfe-5a0a-11e9-8647-d663bd873d93#MD_DataIdentification, http://nationaalgeoregister.nl/geonetwork/srv/en/csw?service=CSW&version=2.0.2&request=GetRecordById&outputschema=http://www.isotc211.org/2005/gmd&elementsetname=full&id=60a2a7c2-d5b3-4ad5-b562-c448695357fb#MD_DataIdentification, http://nationaalgeoregister.nl/geonetwork/srv/en/csw?service=CSW&version=2.0.2&request=GetRecordById&outputschema=http://www.isotc211.org/2005/gmd&elementsetname=full&id=c7d8d77b-8c47-4309-8c58-9b12b086407f#MD_DataIdentification, http://nationaalgeoregister.nl/geonetwork/srv/en/csw?service=CSW&version=2.0.2&request=GetRecordById&outputschema=http://www.isotc211.org/2005/gmd&elementsetname=full&id=ca94a0cb-7561-4a10-a7d6-b840e56c33ff#MD_DataIdentification, http://nationaalgeoregister.nl/geonetwork/srv/en/csw?service=CSW&version=2.0.2&request=GetRecordById&outputschema=http://www.isotc211.org/2005/gmd&elementsetname=full&id=cc408b2d-09a6-4b2b-9aa3-b46bfe2f00a5#MD_DataIdentification, http://nationaalgeoregister.nl/geonetwork/srv/en/csw?service=CSW&version=2.0.2&request=GetRecordById&outputschema=http://www.isotc211.org/2005/gmd&elementsetname=full&id=998ba1dc-f6a6-49a3-a021-51f30d9b1d0e#MD_DataIdentification, https://www.nationaalgeoregister.nl:443/geonetwork/srv/dut/csw?service=CSW&request=GetRecordById&version=2.0.2&outputSchema=http://www.isotc211.org/2005/gmd&elementSetName=full&id=49ab8bee-b467-486a-96ca-b950443c453a#MD_DataIdentification]",
  "organisation": "Beheer PDOK",
  "serviceIdentifierCode": "93c8762c-4cbb-42b0-9b02-89ef902e8880",
  "servicetype": "download",
  "title": "Beschermde gebieden - Provincies (INSPIRE geharmoniseerd) ATOM V1",
  "url": "https://geodata.nationaalgeoregister.nl/provincies/ps/atom/v1/index.xml"
}

15:21:49.771 [ForkJoinPool-2-worker-1] INFO  com.intuit.karate - [print] testing url:https://geodata.nationaalgeoregister.nl/provincies/ps/atom/v1/index.xml
15:21:49.771 [ForkJoinPool-2-worker-1] DEBUG com.intuit.karate - request:
1 > HEAD https://geodata.nationaalgeoregister.nl/provincies/ps/atom/v1/index.xml
1 > Accept-Encoding: gzip,deflate
1 > Connection: Keep-Alive
1 > Host: geodata.nationaalgeoregister.nl
1 > User-Agent: Apache-HttpClient/4.5.11 (Java/13.0.5)

15:21:49.781 [ForkJoinPool-2-worker-5] DEBUG com.intuit.karate - response time in milliseconds: 396.08
1 < 200
1 < Accept-Ranges: bytes
1 < Access-Control-Allow-Headers: SOAPAction,X-Requested-With,Content-Type,Origin,Authorization,Accept
1 < Access-Control-Allow-Methods: POST, GET, OPTIONS, HEAD
1 < Access-Control-Allow-Origin: *
1 < Access-Control-Max-Age: 1000
1 < Content-Type: application/xml
1 < Date: Mon, 26 Oct 2020 15:21:49 GMT
1 < ETag: "25c56-5af58a650948b-gzip"
1 < Last-Modified: Tue, 15 Sep 2020 11:42:45 GMT
1 < Vary: Accept-Encoding
1 < X-Cnection: [close, close]

15:21:49.782 [ForkJoinPool-2-worker-5] ERROR com.intuit.karate - assertion failed: path: $['Content-Length'][0], actual: null, expected: '#notnull', reason: actual json-path does not exist
15:21:49.783 [pool-4-thread-4] INFO  com.intuit.karate.Runner - <<fail>> feature 216 of 367: tmp/junit17863174098671850733/Beheer-PDOK/Natura-2000--INSPIRE-geharmoniseerd-/download/Natura2000--INSPIRE-geharmoniseerd--WFS/checkdownloadurl.feature
---------------------------------------------------------
feature: tmp/junit17863174098671850733/Beheer-PDOK/Natura-2000--INSPIRE-geharmoniseerd-/download/Natura2000--INSPIRE-geharmoniseerd--WFS/checkdownloadurl.feature
report: target/surefire-reports/tmp.junit17863174098671850733.Beheer-PDOK.Natura-2000--INSPIRE-geharmoniseerd-.download.Natura2000--INSPIRE-geharmoniseerd--WFS.checkdownloadurl.json
scenarios:  1 | passed:  0 | failed:  1 | time: 0.3981
---------------------------------------------------------
15:21:49.787 [ForkJoinPool-2-worker-5] INFO  com.intuit.karate - karate.env system property was:  
15:21:49.788 [ForkJoinPool-2-worker-7] DEBUG com.intuit.karate - response time in milliseconds: 401.85
1 < 200
1 < Access-Control-Allow-Headers: SOAPAction,X-Requested-With,Content-Type,Origin,Authorization,Accept
1 < Access-Control-Allow-Methods: POST, GET, OPTIONS, HEAD
1 < Access-Control-Allow-Origin: *
1 < Access-Control-Max-Age: 1000
1 < Content-Length: 73
1 < Content-Type: text/html; charset=UTF-8
1 < Date: Mon, 26 Oct 2020 15:21:49 GMT
1 < X-Cnection: [close, close]

15:21:49.790 [pool-4-thread-3] INFO  com.intuit.karate.Runner - <<pass>> feature 215 of 367: tmp/junit17863174098671850733/Beheer-PDOK/Vaarwegmarkeringen-Nederland/view/Noordzee-Vaarwegmarkeringen-WMS/checkViewUrl.feature
---------------------------------------------------------
feature: tmp/junit17863174098671850733/Beheer-PDOK/Vaarwegmarkeringen-Nederland/view/Noordzee-Vaarwegmarkeringen-WMS/checkViewUrl.feature
report: target/surefire-reports/tmp.junit17863174098671850733.Beheer-PDOK.Vaarwegmarkeringen-Nederland.view.Noordzee-Vaarwegmarkeringen-WMS.checkViewUrl.json
scenarios:  1 | passed:  1 | failed:  0 | time: 0.4037
---------------------------------------------------------
15:21:49.792 [ForkJoinPool-2-worker-7] INFO  com.intuit.karate - karate.env system property was:  
15:21:49.793 [ForkJoinPool-2-worker-7] INFO  com.intuit.karate - [print] {
  "class": "metadata.Service",
  "electronicMailAddress": "[beheerPDOK@kadaster.nl, beheerPDOK@kadaster.nl]",
  "metadataStandardVersion": "Nederlands metadata profiel op ISO 19119 voor services 2.0",
  "operatesOn": "http://nationaalgeoregister.nl/geonetwork/srv/dut/csw?service=CSW&version=2.0.2&request=GetRecordById&outputschema=http://www.isotc211.org/2005/gmd&elementsetname=full&id=7dd1fd45-ace5-41e0-93a6-64e3be231717#MD_DataIdentification",
  "organisation": "Beheer PDOK",
  "serviceIdentifierCode": "1d568785-efdd-429d-b491-56f785c3656a",
  "servicetype": "download",
  "title": "Administratieve Eenheden (INSPIRE geharmoniseerd) WFS",
  "url": "https://geodata.nationaalgeoregister.nl/inspire/au/wfs?request=GetCapabilities"
}

15:21:49.793 [ForkJoinPool-2-worker-7] INFO  com.intuit.karate - [print] testing url:https://geodata.nationaalgeoregister.nl/inspire/au/wfs?request=GetCapabilities
15:21:49.794 [ForkJoinPool-2-worker-7] DEBUG com.intuit.karate - request:
1 > HEAD https://geodata.nationaalgeoregister.nl/inspire/au/wfs?request=GetCapabilities
1 > Accept-Encoding: gzip,deflate
1 > Connection: Keep-Alive
1 > Host: geodata.nationaalgeoregister.nl
1 > User-Agent: Apache-HttpClient/4.5.11 (Java/13.0.5)

15:21:49.792 [ForkJoinPool-2-worker-5] INFO  com.intuit.karate - [print] {
  "class": "metadata.Service",
  "electronicMailAddress": "[beheerpdok@kadaster.nl, beheerpdok@kadaster.nl]",
  "metadataStandardVersion": "Nederlands metadata profiel op ISO 19119 voor services 2.0",
  "operatesOn": "[http://nationaalgeoregister.nl/geonetwork/srv/en/csw?service=CSW&version=2.0.2&request=GetRecordById&outputschema=http://www.isotc211.org/2005/gmd&elementsetname=full&id=49ab8bee-b467-486a-96ca-b950443c453a#MD_DataIdentification, http://nationaalgeoregister.nl/geonetwork/srv/en/csw?service=CSW&version=2.0.2&request=GetRecordById&outputschema=http://www.isotc211.org/2005/gmd&elementsetname=full&id=f002bfc5-7d87-46b6-819e-8415422b65c9#MD_DataIdentification, http://nationaalgeoregister.nl/geonetwork/srv/en/csw?service=CSW&version=2.0.2&request=GetRecordById&outputschema=http://www.isotc211.org/2005/gmd&elementsetname=full&id=f0821bfe-5a0a-11e9-8647-d663bd873d93#MD_DataIdentification, http://nationaalgeoregister.nl/geonetwork/srv/en/csw?service=CSW&version=2.0.2&request=GetRecordById&outputschema=http://www.isotc211.org/2005/gmd&elementsetname=full&id=60a2a7c2-d5b3-4ad5-b562-c448695357fb#MD_DataIdentification, http://nationaalgeoregister.nl/geonetwork/srv/en/csw?service=CSW&version=2.0.2&request=GetRecordById&outputschema=http://www.isotc211.org/2005/gmd&elementsetname=full&id=c7d8d77b-8c47-4309-8c58-9b12b086407f#MD_DataIdentification, http://nationaalgeoregister.nl/geonetwork/srv/en/csw?service=CSW&version=2.0.2&request=GetRecordById&outputschema=http://www.isotc211.org/2005/gmd&elementsetname=full&id=ca94a0cb-7561-4a10-a7d6-b840e56c33ff#MD_DataIdentification, http://nationaalgeoregister.nl/geonetwork/srv/en/csw?service=CSW&version=2.0.2&request=GetRecordById&outputschema=http://www.isotc211.org/2005/gmd&elementsetname=full&id=cc408b2d-09a6-4b2b-9aa3-b46bfe2f00a5#MD_DataIdentification, http://nationaalgeoregister.nl/geonetwork/srv/en/csw?service=CSW&version=2.0.2&request=GetRecordById&outputschema=http://www.isotc211.org/2005/gmd&elementsetname=full&id=998ba1dc-f6a6-49a3-a021-51f30d9b1d0e#MD_DataIdentification, https://www.nationaalgeoregister.nl:443/geonetwork/srv/dut/csw?service=CSW&request=GetRecordById&version=2.0.2&outputSchema=http://www.isotc211.org/2005/gmd&elementSetName=full&id=49ab8bee-b467-486a-96ca-b950443c453a#MD_DataIdentification]",
  "organisation": "Beheer PDOK",
  "serviceIdentifierCode": "25c69c01-8dfa-406f-bbcb-24feba25dcc6",
  "servicetype": "view",
  "title": "Beschermde gebieden - Provincies (INSPIRE geharmoniseerd) WMS V1",
  "url": "https://geodata.nationaalgeoregister.nl/provincies/ps/wms/v1?SERVICE=WMS&REQUEST=GetCapabilities"
}

15:21:49.794 [ForkJoinPool-2-worker-5] INFO  com.intuit.karate - [print] testing url:https://geodata.nationaalgeoregister.nl/provincies/ps/wms/v1?SERVICE=WMS&REQUEST=GetCapabilities
15:21:49.795 [ForkJoinPool-2-worker-5] DEBUG com.intuit.karate - request:
1 > HEAD https://geodata.nationaalgeoregister.nl/provincies/ps/wms/v1?SERVICE=WMS&REQUEST=GetCapabilities
1 > Accept-Encoding: gzip,deflate
1 > Connection: Keep-Alive
1 > Host: geodata.nationaalgeoregister.nl
1 > User-Agent: Apache-HttpClient/4.5.11 (Java/13.0.5)

15:21:49.814 [ForkJoinPool-2-worker-3] DEBUG com.intuit.karate - response time in milliseconds: 417.71
1 < 200
1 < Access-Control-Allow-Headers: SOAPAction,X-Requested-With,Content-Type,Origin,Authorization,Accept
1 < Access-Control-Allow-Methods: POST, GET, OPTIONS, HEAD
1 < Access-Control-Allow-Origin: *
1 < Access-Control-Max-Age: 1000
1 < Content-Disposition: inline; filename=getcapabilities_1.3.0.xml
1 < Content-Type: text/xml
1 < Date: Mon, 26 Oct 2020 15:21:49 GMT
1 < X-Cnection: [close, close]

15:21:49.814 [ForkJoinPool-2-worker-3] ERROR com.intuit.karate - assertion failed: path: $['Content-Length'][0], actual: null, expected: '#notnull', reason: actual json-path does not exist
15:21:49.816 [pool-4-thread-1] INFO  com.intuit.karate.Runner - <<fail>> feature 217 of 367: tmp/junit17863174098671850733/Beheer-PDOK/Natura-2000--INSPIRE-geharmoniseerd-/view/Natura2000--INSPIRE-geharmoniseerd--WMS/checkViewUrl.feature
---------------------------------------------------------
feature: tmp/junit17863174098671850733/Beheer-PDOK/Natura-2000--INSPIRE-geharmoniseerd-/view/Natura2000--INSPIRE-geharmoniseerd--WMS/checkViewUrl.feature
report: target/surefire-reports/tmp.junit17863174098671850733.Beheer-PDOK.Natura-2000--INSPIRE-geharmoniseerd-.view.Natura2000--INSPIRE-geharmoniseerd--WMS.checkViewUrl.json
scenarios:  1 | passed:  0 | failed:  1 | time: 0.4195
---------------------------------------------------------
15:21:49.818 [ForkJoinPool-2-worker-3] INFO  com.intuit.karate - karate.env system property was:  
15:21:49.819 [ForkJoinPool-2-worker-3] INFO  com.intuit.karate - [print] {
  "class": "metadata.Service",
  "electronicMailAddress": "[beheerpdok@kadaster.nl, beheerpdok@kadaster.nl]",
  "metadataStandardVersion": "Nederlands metadata profiel op ISO 19119 voor services 2.0",
  "operatesOn": "http://nationaalgeoregister.nl/geonetwork/srv/dut/csw?service=CSW&version=2.0.2&request=GetRecordById&outputschema=http://www.isotc211.org/2005/gmd&elementsetname=full&id=7dd1fd45-ace5-41e0-93a6-64e3be231717#MD_DataIdentification",
  "organisation": "Beheer PDOK",
  "serviceIdentifierCode": "6de8b875-c4c2-4469-ac80-0782bb67f285",
  "servicetype": "view",
  "title": "Administratieve Eenheden (INSPIRE geharmoniseerd) WMS",
  "url": "https://geodata.nationaalgeoregister.nl/inspire/au/wms?request=GetCapabilities&service=WMS"
}

15:21:49.820 [ForkJoinPool-2-worker-3] INFO  com.intuit.karate - [print] testing url:https://geodata.nationaalgeoregister.nl/inspire/au/wms?request=GetCapabilities&service=WMS
15:21:49.820 [ForkJoinPool-2-worker-3] DEBUG com.intuit.karate - request:
1 > HEAD https://geodata.nationaalgeoregister.nl/inspire/au/wms?request=GetCapabilities&service=WMS
1 > Accept-Encoding: gzip,deflate
1 > Connection: Keep-Alive
1 > Host: geodata.nationaalgeoregister.nl
1 > User-Agent: Apache-HttpClient/4.5.11 (Java/13.0.5)

15:21:50.193 [ForkJoinPool-2-worker-5] DEBUG com.intuit.karate - response time in milliseconds: 398.49
1 < 200
1 < Access-Control-Allow-Headers: SOAPAction,X-Requested-With,Content-Type,Origin,Authorization,Accept
1 < Access-Control-Allow-Methods: POST, GET, OPTIONS, HEAD
1 < Access-Control-Allow-Origin: *
1 < Access-Control-Max-Age: 1000
1 < Content-Length: 73
1 < Content-Type: text/html; charset=UTF-8
1 < Date: Mon, 26 Oct 2020 15:21:50 GMT
1 < Server: lighttpd/1.4.53
1 < X-Cnection: [close, close]

15:21:50.199 [pool-4-thread-4] INFO  com.intuit.karate.Runner - <<pass>> feature 219 of 367: tmp/junit17863174098671850733/Beheer-PDOK/NB-wetgebieden-buiten-Natura-2000/view/Beschermde-gebieden---Provincies--INSPIRE-geharmoniseerd--WMS-V1/checkViewUrl.feature
---------------------------------------------------------
feature: tmp/junit17863174098671850733/Beheer-PDOK/NB-wetgebieden-buiten-Natura-2000/view/Beschermde-gebieden---Provincies--INSPIRE-geharmoniseerd--WMS-V1/checkViewUrl.feature
report: target/surefire-reports/tmp.junit17863174098671850733.Beheer-PDOK.NB-wetgebieden-buiten-Natura-2000.view.Beschermde-gebieden---Provincies--INSPIRE-geharmoniseerd--WMS-V1.checkViewUrl.json
scenarios:  1 | passed:  1 | failed:  0 | time: 0.4095
---------------------------------------------------------
15:21:50.202 [ForkJoinPool-2-worker-7] DEBUG com.intuit.karate - response time in milliseconds: 407.92
1 < 200
1 < Accept-Ranges: bytes
1 < Access-Control-Allow-Headers: SOAPAction,X-Requested-With,Content-Type,Origin,Authorization,Accept
1 < Access-Control-Allow-Methods: POST, GET, OPTIONS, HEAD
1 < Access-Control-Allow-Origin: *
1 < Access-Control-Max-Age: 1000
1 < Content-Type: application/xml
1 < Date: Mon, 26 Oct 2020 15:21:50 GMT
1 < ETag: "18765-5af58a64cc00f-gzip"
1 < Last-Modified: Tue, 15 Sep 2020 11:42:45 GMT
1 < Vary: Accept-Encoding
1 < X-Cnection: [close, close]

15:21:50.202 [ForkJoinPool-2-worker-7] ERROR com.intuit.karate - assertion failed: path: $['Content-Length'][0], actual: null, expected: '#notnull', reason: actual json-path does not exist
15:21:50.208 [pool-4-thread-3] INFO  com.intuit.karate.Runner - <<fail>> feature 220 of 367: tmp/junit17863174098671850733/Beheer-PDOK/Administratieve-Eenheden--INSPIRE-geharmoniseerd-/download/Administratieve-Eenheden--INSPIRE-geharmoniseerd--WFS/checkdownloadurl.feature
---------------------------------------------------------
feature: tmp/junit17863174098671850733/Beheer-PDOK/Administratieve-Eenheden--INSPIRE-geharmoniseerd-/download/Administratieve-Eenheden--INSPIRE-geharmoniseerd--WFS/checkdownloadurl.feature
report: target/surefire-reports/tmp.junit17863174098671850733.Beheer-PDOK.Administratieve-Eenheden--INSPIRE-geharmoniseerd-.download.Administratieve-Eenheden--INSPIRE-geharmoniseerd--WFS.checkdownloadurl.json
scenarios:  1 | passed:  0 | failed:  1 | time: 0.4098
---------------------------------------------------------
15:21:50.210 [ForkJoinPool-2-worker-7] INFO  com.intuit.karate - karate.env system property was:  
15:21:50.211 [ForkJoinPool-2-worker-5] INFO  com.intuit.karate - karate.env system property was:  
15:21:50.211 [ForkJoinPool-2-worker-7] INFO  com.intuit.karate - [print] {
  "class": "metadata.Service",
  "electronicMailAddress": "[beheerPDOK@kadaster.nl, beheerPDOK@kadaster.nl]",
  "metadataStandardVersion": "Nederlands metadata profiel op ISO 19119 voor services 2.0",
  "operatesOn": "http://nationaalgeoregister.nl/geonetwork/srv/dut/csw?service=CSW&version=2.0.2&request=GetRecordById&outputschema=http://www.isotc211.org/2005/gmd&elementsetname=full&id=fcefa13c-44e2-4953-b6d6-1ddceebc57fc#MD_DataIdentification",
  "organisation": "Beheer PDOK",
  "serviceIdentifierCode": "e69bb2e9-eff4-4fb3-86a6-057cf628e761",
  "servicetype": "view",
  "title": "Vogelrichtlijn verspreiding van soorten WMS",
  "url": "https://geodata.nationaalgeoregister.nl/vogelrichtlijnverspreidingsoorten/wms?request=GetCapabilities"
}

15:21:50.212 [ForkJoinPool-2-worker-7] INFO  com.intuit.karate - [print] testing url:https://geodata.nationaalgeoregister.nl/vogelrichtlijnverspreidingsoorten/wms?request=GetCapabilities
15:21:50.212 [ForkJoinPool-2-worker-7] DEBUG com.intuit.karate - request:
1 > HEAD https://geodata.nationaalgeoregister.nl/vogelrichtlijnverspreidingsoorten/wms?request=GetCapabilities
1 > Accept-Encoding: gzip,deflate
1 > Connection: Keep-Alive
1 > Host: geodata.nationaalgeoregister.nl
1 > User-Agent: Apache-HttpClient/4.5.11 (Java/13.0.5)

15:21:50.216 [ForkJoinPool-2-worker-5] INFO  com.intuit.karate - [print] {
  "class": "metadata.Service",
  "electronicMailAddress": "[beheerPDOK@kadaster.nl, beheerPDOK@kadaster.nl]",
  "metadataStandardVersion": "Nederlands metadata profiel op ISO 19119 voor services 2.0",
  "operatesOn": "http://nationaalgeoregister.nl/geonetwork/srv/dut/csw?service=CSW&version=2.0.2&request=GetRecordById&outputschema=http://www.isotc211.org/2005/gmd&elementsetname=full&id=fcefa13c-44e2-4953-b6d6-1ddceebc57fc#MD_DataIdentification",
  "organisation": "Beheer PDOK",
  "serviceIdentifierCode": "37e05521-c323-4dbe-aba4-de1178ba44a5",
  "servicetype": "download",
  "title": "Vogelrichtlijn verspreiding van soorten WFS",
  "url": "https://geodata.nationaalgeoregister.nl/vogelrichtlijnverspreidingsoorten/wfs?request=GetCapabilities"
}

15:21:50.218 [ForkJoinPool-2-worker-5] INFO  com.intuit.karate - [print] testing url:https://geodata.nationaalgeoregister.nl/vogelrichtlijnverspreidingsoorten/wfs?request=GetCapabilities
15:21:50.220 [ForkJoinPool-2-worker-5] DEBUG com.intuit.karate - request:
1 > HEAD https://geodata.nationaalgeoregister.nl/vogelrichtlijnverspreidingsoorten/wfs?request=GetCapabilities
1 > Accept-Encoding: gzip,deflate
1 > Connection: Keep-Alive
1 > Host: geodata.nationaalgeoregister.nl
1 > User-Agent: Apache-HttpClient/4.5.11 (Java/13.0.5)

15:21:50.220 [ForkJoinPool-2-worker-3] DEBUG com.intuit.karate - response time in milliseconds: 399.71
1 < 200
1 < Access-Control-Allow-Headers: SOAPAction,X-Requested-With,Content-Type,Origin,Authorization,Accept
1 < Access-Control-Allow-Methods: POST, GET, OPTIONS, HEAD
1 < Access-Control-Allow-Origin: *
1 < Access-Control-Max-Age: 1000
1 < Content-Disposition: inline; filename=getcapabilities_1.3.0.xml
1 < Content-Type: text/xml
1 < Date: Mon, 26 Oct 2020 15:21:49 GMT
1 < X-Cnection: [close, close]

15:21:50.220 [ForkJoinPool-2-worker-3] ERROR com.intuit.karate - assertion failed: path: $['Content-Length'][0], actual: null, expected: '#notnull', reason: actual json-path does not exist
15:21:50.221 [pool-4-thread-1] INFO  com.intuit.karate.Runner - <<fail>> feature 221 of 367: tmp/junit17863174098671850733/Beheer-PDOK/Administratieve-Eenheden--INSPIRE-geharmoniseerd-/view/Administratieve-Eenheden--INSPIRE-geharmoniseerd--WMS/checkViewUrl.feature
---------------------------------------------------------
feature: tmp/junit17863174098671850733/Beheer-PDOK/Administratieve-Eenheden--INSPIRE-geharmoniseerd-/view/Administratieve-Eenheden--INSPIRE-geharmoniseerd--WMS/checkViewUrl.feature
report: target/surefire-reports/tmp.junit17863174098671850733.Beheer-PDOK.Administratieve-Eenheden--INSPIRE-geharmoniseerd-.view.Administratieve-Eenheden--INSPIRE-geharmoniseerd--WMS.checkViewUrl.json
scenarios:  1 | passed:  0 | failed:  1 | time: 0.4015
---------------------------------------------------------
15:21:50.231 [ForkJoinPool-2-worker-3] INFO  com.intuit.karate - karate.env system property was:  
15:21:50.232 [ForkJoinPool-2-worker-3] INFO  com.intuit.karate - [print] {
  "class": "metadata.Service",
  "electronicMailAddress": "[beheerPDOK@kadaster.nl, beheerPDOK@kadaster.nl]",
  "metadataStandardVersion": "Nederlands metadata profiel op ISO 19119 voor services 2.0",
  "operatesOn": "https://www.nationaalgeoregister.nl:443/geonetwork/srv/dut/csw?service=CSW&request=GetRecordById&version=2.0.2&outputSchema=http://www.isotc211.org/2005/gmd&elementSetName=full&id=fe0e1e5f-512f-4bb1-bbf8-4028d3dfa24f#MD_DataIdentification",
  "organisation": "Beheer PDOK",
  "serviceIdentifierCode": "6b608d4e-5628-4d59-97fc-0322c57357b2",
  "servicetype": "download",
  "title": "Schelpdierenpercelen WFS",
  "url": "https://geodata.nationaalgeoregister.nl/schelpdierenpercelen/wfs?request=GetCapabilities"
}

15:21:50.232 [ForkJoinPool-2-worker-3] INFO  com.intuit.karate - [print] testing url:https://geodata.nationaalgeoregister.nl/schelpdierenpercelen/wfs?request=GetCapabilities
15:21:50.233 [ForkJoinPool-2-worker-3] DEBUG com.intuit.karate - request:
1 > HEAD https://geodata.nationaalgeoregister.nl/schelpdierenpercelen/wfs?request=GetCapabilities
1 > Accept-Encoding: gzip,deflate
1 > Connection: Keep-Alive
1 > Host: geodata.nationaalgeoregister.nl
1 > User-Agent: Apache-HttpClient/4.5.11 (Java/13.0.5)

15:21:50.456 [ForkJoinPool-2-worker-1] DEBUG com.intuit.karate - response time in milliseconds: 684.33
1 < 200
1 < Accept-Ranges: bytes
1 < Access-Control-Allow-Headers: SOAPAction,X-Requested-With,Content-Type,Origin,Authorization,Accept
1 < Access-Control-Allow-Methods: POST, GET, OPTIONS, HEAD
1 < Access-Control-Allow-Origin: *
1 < Access-Control-Max-Age: 1000
1 < Content-Length: 11308
1 < Content-Security-Policy: block-all-mixed-content
1 < Content-Type: application/xml
1 < Date: Mon, 26 Oct 2020 15:21:50 GMT
1 < Etag: "6a5a193d3183c09bef2e90757c76cd43-1"
1 < Last-Modified: Wed, 20 Nov 2019 11:50:24 GMT
1 < Server: MinIO/RELEASE.2020-09-21T22-31-59Z
1 < Vary: Origin
1 < X-Amz-Bucket-Region: Amsterdam
1 < X-Amz-Request-Id: 1641940957A08F6E
1 < X-Cnection: [close, close]
1 < X-Xss-Protection: 1; mode=block

15:21:50.457 [ForkJoinPool-2-worker-1] ERROR com.intuit.karate - assertion failed: path: $['Content-Type'][0], actual: 'application/xml', expected: 'text/xml', reason: not equal
15:21:50.458 [pool-4-thread-2] INFO  com.intuit.karate.Runner - <<fail>> feature 218 of 367: tmp/junit17863174098671850733/Beheer-PDOK/NB-wetgebieden-buiten-Natura-2000/download/Beschermde-gebieden---Provincies--INSPIRE-geharmoniseerd--ATOM-V1/checkdownloadurl.feature
---------------------------------------------------------
feature: tmp/junit17863174098671850733/Beheer-PDOK/NB-wetgebieden-buiten-Natura-2000/download/Beschermde-gebieden---Provincies--INSPIRE-geharmoniseerd--ATOM-V1/checkdownloadurl.feature
report: target/surefire-reports/tmp.junit17863174098671850733.Beheer-PDOK.NB-wetgebieden-buiten-Natura-2000.download.Beschermde-gebieden---Provincies--INSPIRE-geharmoniseerd--ATOM-V1.checkdownloadurl.json
scenarios:  1 | passed:  0 | failed:  1 | time: 0.6867
---------------------------------------------------------
15:21:50.461 [ForkJoinPool-2-worker-1] INFO  com.intuit.karate - karate.env system property was:  
15:21:50.462 [ForkJoinPool-2-worker-1] INFO  com.intuit.karate - [print] {
  "class": "metadata.Service",
  "electronicMailAddress": "[beheerPDOK@kadaster.nl, beheerPDOK@kadaster.nl]",
  "metadataStandardVersion": "Nederlands metadata profiel op ISO 19119 voor services 2.0",
  "operatesOn": "http://nationaalgeoregister.nl/geonetwork/srv/dut/csw?service=CSW&version=2.0.2&request=GetRecordById&outputschema=http://www.isotc211.org/2005/gmd&elementsetname=full&id=fe0e1e5f-512f-4bb1-bbf8-4028d3dfa24f#MD_DataIdentification",
  "organisation": "Beheer PDOK",
  "serviceIdentifierCode": "3d01c1ca-973c-4652-baa5-39458bb9e181",
  "servicetype": "view",
  "title": "Schelpdierenpercelen WMS",
  "url": "https://geodata.nationaalgeoregister.nl/schelpdierenpercelen/wms?request=GetCapabilities"
}

15:21:50.462 [ForkJoinPool-2-worker-1] INFO  com.intuit.karate - [print] testing url:https://geodata.nationaalgeoregister.nl/schelpdierenpercelen/wms?request=GetCapabilities
15:21:50.463 [ForkJoinPool-2-worker-1] DEBUG com.intuit.karate - request:
1 > HEAD https://geodata.nationaalgeoregister.nl/schelpdierenpercelen/wms?request=GetCapabilities
1 > Accept-Encoding: gzip,deflate
1 > Connection: Keep-Alive
1 > Host: geodata.nationaalgeoregister.nl
1 > User-Agent: Apache-HttpClient/4.5.11 (Java/13.0.5)

15:21:50.626 [ForkJoinPool-2-worker-7] DEBUG com.intuit.karate - response time in milliseconds: 413.52
1 < 200
1 < Access-Control-Allow-Headers: SOAPAction,X-Requested-With,Content-Type,Origin,Authorization,Accept
1 < Access-Control-Allow-Methods: POST, GET, OPTIONS, HEAD
1 < Access-Control-Allow-Origin: *
1 < Access-Control-Max-Age: 1000
1 < Content-Length: 73
1 < Content-Type: text/html; charset=UTF-8
1 < Date: Mon, 26 Oct 2020 15:21:50 GMT
1 < Server: lighttpd/1.4.53
1 < X-Cnection: [close, close]

15:21:50.628 [pool-4-thread-3] INFO  com.intuit.karate.Runner - <<pass>> feature 223 of 367: tmp/junit17863174098671850733/Beheer-PDOK/Vogelrichtlijn-verspreiding-van-soorten/view/Vogelrichtlijn-verspreiding-van-soorten-WMS/checkViewUrl.feature
---------------------------------------------------------
feature: tmp/junit17863174098671850733/Beheer-PDOK/Vogelrichtlijn-verspreiding-van-soorten/view/Vogelrichtlijn-verspreiding-van-soorten-WMS/checkViewUrl.feature
report: target/surefire-reports/tmp.junit17863174098671850733.Beheer-PDOK.Vogelrichtlijn-verspreiding-van-soorten.view.Vogelrichtlijn-verspreiding-van-soorten-WMS.checkViewUrl.json
scenarios:  1 | passed:  1 | failed:  0 | time: 0.4158
---------------------------------------------------------
15:21:50.633 [ForkJoinPool-2-worker-7] INFO  com.intuit.karate - karate.env system property was:  
15:21:50.634 [ForkJoinPool-2-worker-7] INFO  com.intuit.karate - [print] {
  "class": "metadata.Service",
  "electronicMailAddress": "[beheerPDOK@kadaster.nl, beheerPDOK@kadaster.nl]",
  "metadataStandardVersion": "Nederlands metadata profiel op ISO 19119 voor services 2.0",
  "operatesOn": "https://www.nationaalgeoregister.nl:443/geonetwork/srv/dut/csw?service=CSW&request=GetRecordById&version=2.0.2&outputSchema=http://www.isotc211.org/2005/gmd&elementSetName=full&id=a5f961e9-ebdd-41e2-b8e8-ab33ed340a83#MD_DataIdentification",
  "organisation": "Beheer PDOK",
  "serviceIdentifierCode": "68d14b1c-71ad-4ce7-8267-45787a80c2d4",
  "servicetype": "download",
  "title": "Adressen (INSPIRE geharmoniseerd) WFS",
  "url": "https://geodata.nationaalgeoregister.nl/inspire/ad/wfs?request=GetCapabilities&service=WFS"
}

15:21:50.635 [ForkJoinPool-2-worker-7] INFO  com.intuit.karate - [print] testing url:https://geodata.nationaalgeoregister.nl/inspire/ad/wfs?request=GetCapabilities&service=WFS
15:21:50.637 [ForkJoinPool-2-worker-5] DEBUG com.intuit.karate - response time in milliseconds: 414.24
1 < 200
1 < Access-Control-Allow-Headers: SOAPAction,X-Requested-With,Content-Type,Origin,Authorization,Accept
1 < Access-Control-Allow-Methods: POST, GET, OPTIONS, HEAD
1 < Access-Control-Allow-Origin: *
1 < Access-Control-Max-Age: 1000
1 < Content-Length: 73
1 < Content-Type: text/html; charset=UTF-8
1 < Date: Mon, 26 Oct 2020 15:21:50 GMT
1 < Server: lighttpd/1.4.53
1 < X-Cnection: [close, close]

15:21:50.638 [ForkJoinPool-2-worker-5] ERROR com.intuit.karate - assertion failed: path: $['Content-Type'][0], actual: 'text/html; charset=UTF-8', expected: 'text/xml', reason: not equal
15:21:50.639 [pool-4-thread-4] INFO  com.intuit.karate.Runner - <<fail>> feature 222 of 367: tmp/junit17863174098671850733/Beheer-PDOK/Vogelrichtlijn-verspreiding-van-soorten/download/Vogelrichtlijn-verspreiding-van-soorten-WFS/checkdownloadurl.feature
---------------------------------------------------------
feature: tmp/junit17863174098671850733/Beheer-PDOK/Vogelrichtlijn-verspreiding-van-soorten/download/Vogelrichtlijn-verspreiding-van-soorten-WFS/checkdownloadurl.feature
report: target/surefire-reports/tmp.junit17863174098671850733.Beheer-PDOK.Vogelrichtlijn-verspreiding-van-soorten.download.Vogelrichtlijn-verspreiding-van-soorten-WFS.checkdownloadurl.json
scenarios:  1 | passed:  0 | failed:  1 | time: 0.4264
---------------------------------------------------------
15:21:50.641 [ForkJoinPool-2-worker-5] INFO  com.intuit.karate - karate.env system property was:  
15:21:50.642 [ForkJoinPool-2-worker-5] INFO  com.intuit.karate - [print] {
  "class": "metadata.Service",
  "electronicMailAddress": "[beheerPDOK@kadaster.nl, beheerPDOK@kadaster.nl]",
  "metadataStandardVersion": "Nederlands metadata profiel op ISO 19119 voor services 2.0",
  "operatesOn": "https://www.nationaalgeoregister.nl:443/geonetwork/srv/dut/csw?service=CSW&request=GetRecordById&version=2.0.2&outputSchema=http://www.isotc211.org/2005/gmd&elementSetName=full&id=a5f961e9-ebdd-41e2-b8e8-ab33ed340a83#MD_DataIdentification",
  "organisation": "Beheer PDOK",
  "serviceIdentifierCode": "5b40b9b4-fcb2-4553-bcab-34824c43c992",
  "servicetype": "view",
  "title": "Adressen (INSPIRE geharmoniseerd) WMS",
  "url": "https://geodata.nationaalgeoregister.nl/inspire/ad/wms?request=GetCapabilities"
}

15:21:50.642 [ForkJoinPool-2-worker-5] INFO  com.intuit.karate - [print] testing url:https://geodata.nationaalgeoregister.nl/inspire/ad/wms?request=GetCapabilities
15:21:50.643 [ForkJoinPool-2-worker-5] DEBUG com.intuit.karate - request:
1 > HEAD https://geodata.nationaalgeoregister.nl/inspire/ad/wms?request=GetCapabilities
1 > Accept-Encoding: gzip,deflate
1 > Connection: Keep-Alive
1 > Host: geodata.nationaalgeoregister.nl
1 > User-Agent: Apache-HttpClient/4.5.11 (Java/13.0.5)

15:21:50.644 [ForkJoinPool-2-worker-7] DEBUG com.intuit.karate - request:
1 > HEAD https://geodata.nationaalgeoregister.nl/inspire/ad/wfs?request=GetCapabilities&service=WFS
1 > Accept-Encoding: gzip,deflate
1 > Connection: Keep-Alive
1 > Host: geodata.nationaalgeoregister.nl
1 > User-Agent: Apache-HttpClient/4.5.11 (Java/13.0.5)

15:21:50.678 [ForkJoinPool-2-worker-3] DEBUG com.intuit.karate - response time in milliseconds: 444.24
1 < 200
1 < Access-Control-Allow-Headers: SOAPAction,X-Requested-With,Content-Type,Origin,Authorization,Accept
1 < Access-Control-Allow-Methods: POST, GET, OPTIONS, HEAD
1 < Access-Control-Allow-Origin: *
1 < Access-Control-Max-Age: 1000
1 < Content-Disposition: inline; filename=geoserver-GetCapabilities.application
1 < Content-Type: application/xml
1 < Date: Mon, 26 Oct 2020 15:21:49 GMT
1 < X-Cnection: [close, close]

15:21:50.678 [ForkJoinPool-2-worker-3] ERROR com.intuit.karate - assertion failed: path: $['Content-Length'][0], actual: null, expected: '#notnull', reason: actual json-path does not exist
15:21:50.679 [pool-4-thread-1] INFO  com.intuit.karate.Runner - <<fail>> feature 224 of 367: tmp/junit17863174098671850733/Beheer-PDOK/Schelpdierpercelen/download/Schelpdierenpercelen-WFS/checkdownloadurl.feature
---------------------------------------------------------
feature: tmp/junit17863174098671850733/Beheer-PDOK/Schelpdierpercelen/download/Schelpdierenpercelen-WFS/checkdownloadurl.feature
report: target/surefire-reports/tmp.junit17863174098671850733.Beheer-PDOK.Schelpdierpercelen.download.Schelpdierenpercelen-WFS.checkdownloadurl.json
scenarios:  1 | passed:  0 | failed:  1 | time: 0.4464
---------------------------------------------------------
15:21:50.683 [ForkJoinPool-2-worker-3] INFO  com.intuit.karate - karate.env system property was:  
15:21:50.685 [ForkJoinPool-2-worker-3] INFO  com.intuit.karate - [print] {
  "class": "metadata.Service",
  "electronicMailAddress": "[beheerPDOK@kadaster.nl, beheerpdok@kadaster.nl]",
  "metadataStandardVersion": "Nederlands metadata profiel op ISO 19119 voor services 2.0",
  "operatesOn": "[http://nationaalgeoregister.nl/geonetwork/srv/en/csw?service=CSW&version=2.0.2&request=GetRecordById&outputschema=http://www.isotc211.org/2005/gmd&elementsetname=full&id=49ab8bee-b467-486a-96ca-b950443c453a#MD_DataIdentification, http://nationaalgeoregister.nl/geonetwork/srv/en/csw?service=CSW&version=2.0.2&request=GetRecordById&outputschema=http://www.isotc211.org/2005/gmd&elementsetname=full&id=f002bfc5-7d87-46b6-819e-8415422b65c9#MD_DataIdentification, http://nationaalgeoregister.nl/geonetwork/srv/en/csw?service=CSW&version=2.0.2&request=GetRecordById&outputschema=http://www.isotc211.org/2005/gmd&elementsetname=full&id=f0821bfe-5a0a-11e9-8647-d663bd873d93#MD_DataIdentification, http://nationaalgeoregister.nl/geonetwork/srv/en/csw?service=CSW&version=2.0.2&request=GetRecordById&outputschema=http://www.isotc211.org/2005/gmd&elementsetname=full&id=60a2a7c2-d5b3-4ad5-b562-c448695357fb#MD_DataIdentification, http://nationaalgeoregister.nl/geonetwork/srv/en/csw?service=CSW&version=2.0.2&request=GetRecordById&outputschema=http://www.isotc211.org/2005/gmd&elementsetname=full&id=c7d8d77b-8c47-4309-8c58-9b12b086407f#MD_DataIdentification, http://nationaalgeoregister.nl/geonetwork/srv/en/csw?service=CSW&version=2.0.2&request=GetRecordById&outputschema=http://www.isotc211.org/2005/gmd&elementsetname=full&id=ca94a0cb-7561-4a10-a7d6-b840e56c33ff#MD_DataIdentification, http://nationaalgeoregister.nl/geonetwork/srv/en/csw?service=CSW&version=2.0.2&request=GetRecordById&outputschema=http://www.isotc211.org/2005/gmd&elementsetname=full&id=cc408b2d-09a6-4b2b-9aa3-b46bfe2f00a5#MD_DataIdentification, http://nationaalgeoregister.nl/geonetwork/srv/en/csw?service=CSW&version=2.0.2&request=GetRecordById&outputschema=http://www.isotc211.org/2005/gmd&elementsetname=full&id=998ba1dc-f6a6-49a3-a021-51f30d9b1d0e#MD_DataIdentification, https://www.nationaalgeoregister.nl:443/geonetwork/srv/dut/csw?service=CSW&request=GetRecordById&version=2.0.2&outputSchema=http://www.isotc211.org/2005/gmd&elementSetName=full&id=49ab8bee-b467-486a-96ca-b950443c453a#MD_DataIdentification]",
  "organisation": "Beheer PDOK",
  "serviceIdentifierCode": "93c8762c-4cbb-42b0-9b02-89ef902e8880",
  "servicetype": "download",
  "title": "Beschermde gebieden - Provincies (INSPIRE geharmoniseerd) ATOM V1",
  "url": "https://geodata.nationaalgeoregister.nl/provincies/ps/atom/v1/index.xml"
}

15:21:50.689 [ForkJoinPool-2-worker-3] INFO  com.intuit.karate - [print] testing url:https://geodata.nationaalgeoregister.nl/provincies/ps/atom/v1/index.xml
15:21:50.690 [ForkJoinPool-2-worker-3] DEBUG com.intuit.karate - request:
1 > HEAD https://geodata.nationaalgeoregister.nl/provincies/ps/atom/v1/index.xml
1 > Accept-Encoding: gzip,deflate
1 > Connection: Keep-Alive
1 > Host: geodata.nationaalgeoregister.nl
1 > User-Agent: Apache-HttpClient/4.5.11 (Java/13.0.5)

15:21:50.907 [ForkJoinPool-2-worker-1] DEBUG com.intuit.karate - response time in milliseconds: 440.88
1 < 200
1 < Access-Control-Allow-Headers: SOAPAction,X-Requested-With,Content-Type,Origin,Authorization,Accept
1 < Access-Control-Allow-Methods: POST, GET, OPTIONS, HEAD
1 < Access-Control-Allow-Origin: *
1 < Access-Control-Max-Age: 1000
1 < Content-Disposition: inline; filename=getcapabilities_1.3.0.xml
1 < Content-Type: text/xml
1 < Date: Mon, 26 Oct 2020 15:21:50 GMT
1 < X-Cnection: [close, close]

15:21:50.908 [ForkJoinPool-2-worker-1] ERROR com.intuit.karate - assertion failed: path: $['Content-Length'][0], actual: null, expected: '#notnull', reason: actual json-path does not exist
15:21:50.910 [pool-4-thread-2] INFO  com.intuit.karate.Runner - <<fail>> feature 225 of 367: tmp/junit17863174098671850733/Beheer-PDOK/Schelpdierpercelen/view/Schelpdierenpercelen-WMS/checkViewUrl.feature
---------------------------------------------------------
feature: tmp/junit17863174098671850733/Beheer-PDOK/Schelpdierpercelen/view/Schelpdierenpercelen-WMS/checkViewUrl.feature
report: target/surefire-reports/tmp.junit17863174098671850733.Beheer-PDOK.Schelpdierpercelen.view.Schelpdierenpercelen-WMS.checkViewUrl.json
scenarios:  1 | passed:  0 | failed:  1 | time: 0.4462
---------------------------------------------------------
15:21:50.914 [ForkJoinPool-2-worker-1] INFO  com.intuit.karate - karate.env system property was:  
15:21:50.916 [ForkJoinPool-2-worker-1] INFO  com.intuit.karate - [print] {
  "class": "metadata.Service",
  "electronicMailAddress": "[beheerpdok@kadaster.nl, beheerpdok@kadaster.nl]",
  "metadataStandardVersion": "Nederlands metadata profiel op ISO 19119 voor services 2.0",
  "operatesOn": "[http://nationaalgeoregister.nl/geonetwork/srv/en/csw?service=CSW&version=2.0.2&request=GetRecordById&outputschema=http://www.isotc211.org/2005/gmd&elementsetname=full&id=49ab8bee-b467-486a-96ca-b950443c453a#MD_DataIdentification, http://nationaalgeoregister.nl/geonetwork/srv/en/csw?service=CSW&version=2.0.2&request=GetRecordById&outputschema=http://www.isotc211.org/2005/gmd&elementsetname=full&id=f002bfc5-7d87-46b6-819e-8415422b65c9#MD_DataIdentification, http://nationaalgeoregister.nl/geonetwork/srv/en/csw?service=CSW&version=2.0.2&request=GetRecordById&outputschema=http://www.isotc211.org/2005/gmd&elementsetname=full&id=f0821bfe-5a0a-11e9-8647-d663bd873d93#MD_DataIdentification, http://nationaalgeoregister.nl/geonetwork/srv/en/csw?service=CSW&version=2.0.2&request=GetRecordById&outputschema=http://www.isotc211.org/2005/gmd&elementsetname=full&id=60a2a7c2-d5b3-4ad5-b562-c448695357fb#MD_DataIdentification, http://nationaalgeoregister.nl/geonetwork/srv/en/csw?service=CSW&version=2.0.2&request=GetRecordById&outputschema=http://www.isotc211.org/2005/gmd&elementsetname=full&id=c7d8d77b-8c47-4309-8c58-9b12b086407f#MD_DataIdentification, http://nationaalgeoregister.nl/geonetwork/srv/en/csw?service=CSW&version=2.0.2&request=GetRecordById&outputschema=http://www.isotc211.org/2005/gmd&elementsetname=full&id=ca94a0cb-7561-4a10-a7d6-b840e56c33ff#MD_DataIdentification, http://nationaalgeoregister.nl/geonetwork/srv/en/csw?service=CSW&version=2.0.2&request=GetRecordById&outputschema=http://www.isotc211.org/2005/gmd&elementsetname=full&id=cc408b2d-09a6-4b2b-9aa3-b46bfe2f00a5#MD_DataIdentification, http://nationaalgeoregister.nl/geonetwork/srv/en/csw?service=CSW&version=2.0.2&request=GetRecordById&outputschema=http://www.isotc211.org/2005/gmd&elementsetname=full&id=998ba1dc-f6a6-49a3-a021-51f30d9b1d0e#MD_DataIdentification, https://www.nationaalgeoregister.nl:443/geonetwork/srv/dut/csw?service=CSW&request=GetRecordById&version=2.0.2&outputSchema=http://www.isotc211.org/2005/gmd&elementSetName=full&id=49ab8bee-b467-486a-96ca-b950443c453a#MD_DataIdentification]",
  "organisation": "Beheer PDOK",
  "serviceIdentifierCode": "25c69c01-8dfa-406f-bbcb-24feba25dcc6",
  "servicetype": "view",
  "title": "Beschermde gebieden - Provincies (INSPIRE geharmoniseerd) WMS V1",
  "url": "https://geodata.nationaalgeoregister.nl/provincies/ps/wms/v1?SERVICE=WMS&REQUEST=GetCapabilities"
}

15:21:50.916 [ForkJoinPool-2-worker-1] INFO  com.intuit.karate - [print] testing url:https://geodata.nationaalgeoregister.nl/provincies/ps/wms/v1?SERVICE=WMS&REQUEST=GetCapabilities
15:21:50.917 [ForkJoinPool-2-worker-1] DEBUG com.intuit.karate - request:
1 > HEAD https://geodata.nationaalgeoregister.nl/provincies/ps/wms/v1?SERVICE=WMS&REQUEST=GetCapabilities
1 > Accept-Encoding: gzip,deflate
1 > Connection: Keep-Alive
1 > Host: geodata.nationaalgeoregister.nl
1 > User-Agent: Apache-HttpClient/4.5.11 (Java/13.0.5)

15:21:51.038 [ForkJoinPool-2-worker-7] DEBUG com.intuit.karate - response time in milliseconds: 392.88
1 < 200
1 < Accept-Ranges: bytes
1 < Access-Control-Allow-Headers: SOAPAction,X-Requested-With,Content-Type,Origin,Authorization,Accept
1 < Access-Control-Allow-Methods: POST, GET, OPTIONS, HEAD
1 < Access-Control-Allow-Origin: *
1 < Access-Control-Max-Age: 1000
1 < Content-Type: application/xml
1 < Date: Mon, 26 Oct 2020 15:21:50 GMT
1 < ETag: "18f53-5af58a64c5e67-gzip"
1 < Last-Modified: Tue, 15 Sep 2020 11:42:45 GMT
1 < Vary: Accept-Encoding
1 < X-Cnection: [close, close]

15:21:51.038 [ForkJoinPool-2-worker-7] ERROR com.intuit.karate - assertion failed: path: $['Content-Length'][0], actual: null, expected: '#notnull', reason: actual json-path does not exist
15:21:51.040 [pool-4-thread-3] INFO  com.intuit.karate.Runner - <<fail>> feature 226 of 367: tmp/junit17863174098671850733/Beheer-PDOK/Adressen--INSPIRE-geharmoniseerd-/download/Adressen--INSPIRE-geharmoniseerd--WFS/checkdownloadurl.feature
---------------------------------------------------------
feature: tmp/junit17863174098671850733/Beheer-PDOK/Adressen--INSPIRE-geharmoniseerd-/download/Adressen--INSPIRE-geharmoniseerd--WFS/checkdownloadurl.feature
report: target/surefire-reports/tmp.junit17863174098671850733.Beheer-PDOK.Adressen--INSPIRE-geharmoniseerd-.download.Adressen--INSPIRE-geharmoniseerd--WFS.checkdownloadurl.json
scenarios:  1 | passed:  0 | failed:  1 | time: 0.4052
---------------------------------------------------------
15:21:51.044 [ForkJoinPool-2-worker-7] INFO  com.intuit.karate - karate.env system property was:  
15:21:51.045 [ForkJoinPool-2-worker-7] INFO  com.intuit.karate - [print] {
  "class": "metadata.Service",
  "electronicMailAddress": "[beheer&pdok.nl, beheer@pdok.nl]",
  "metadataStandardVersion": "Nederlands metadata profiel op ISO 19119 voor services 2.0",
  "operatesOn": "[http://nationaalgeoregister.nl/geonetwork/srv/dut/csw?service=CSW&version=2.0.2&request=GetRecordById&outputschema=http://www.isotc211.org/2005/gmd&elementsetname=full&id=50eef6be-619d-4e16-9b92-48971109b636#MD_DataIdentification, http://nationaalgeoregister.nl/geonetwork/srv/dut/csw?service=CSW&version=2.0.2&request=GetRecordById&outputschema=http://www.isotc211.org/2005/gmd&elementsetname=full&id=8de2f5eb-b09f-4f6d-8397-8878a1b86238#MD_DataIdentification, https://www.nationaalgeoregister.nl:443/geonetwork/srv/dut/csw?service=CSW&request=GetRecordById&version=2.0.2&outputSchema=http://www.isotc211.org/2005/gmd&elementSetName=full&id=9b583730-e750-485a-9c0c-39bf9be72cf8#MD_DataIdentification, https://www.nationaalgeoregister.nl:443/geonetwork/srv/dut/csw?service=CSW&request=GetRecordById&version=2.0.2&outputSchema=http://www.isotc211.org/2005/gmd&elementSetName=full&id=a57cb859-c4fe-444c-adc6-be14cb2bbf36#MD_DataIdentification, https://www.nationaalgeoregister.nl:443/geonetwork/srv/dut/csw?service=CSW&request=GetRecordById&version=2.0.2&outputSchema=http://www.isotc211.org/2005/gmd&elementSetName=full&id=9b583730-e750-485a-9c0c-39bf9be72cf9#MD_DataIdentification, https://www.nationaalgeoregister.nl:443/geonetwork/srv/dut/csw?service=CSW&request=GetRecordById&version=2.0.2&outputSchema=http://www.isotc211.org/2005/gmd&elementSetName=full&id=a57cb859-c4fe-444c-adc6-be14cb2bbf38#MD_DataIdentification]",
  "organisation": "Beheer PDOK",
  "serviceIdentifierCode": "74620aa8-4fa2-414d-8350-50d93e500da8",
  "servicetype": "download",
  "title": "Geluidskaarten Rijkswegen WFS",
  "url": "https://geodata.nationaalgeoregister.nl/rwsgeluidskaarten/wfs?request=GetCapabilities"
}

15:21:51.045 [ForkJoinPool-2-worker-7] INFO  com.intuit.karate - [print] testing url:https://geodata.nationaalgeoregister.nl/rwsgeluidskaarten/wfs?request=GetCapabilities
15:21:51.053 [ForkJoinPool-2-worker-7] DEBUG com.intuit.karate - request:
1 > HEAD https://geodata.nationaalgeoregister.nl/rwsgeluidskaarten/wfs?request=GetCapabilities
1 > Accept-Encoding: gzip,deflate
1 > Connection: Keep-Alive
1 > Host: geodata.nationaalgeoregister.nl
1 > User-Agent: Apache-HttpClient/4.5.11 (Java/13.0.5)

15:21:51.058 [ForkJoinPool-2-worker-5] DEBUG com.intuit.karate - response time in milliseconds: 414.91
1 < 200
1 < Access-Control-Allow-Headers: SOAPAction,X-Requested-With,Content-Type,Origin,Authorization,Accept
1 < Access-Control-Allow-Methods: POST, GET, OPTIONS, HEAD
1 < Access-Control-Allow-Origin: *
1 < Access-Control-Max-Age: 1000
1 < Content-Disposition: inline; filename=getcapabilities_1.3.0.xml
1 < Content-Type: text/xml
1 < Date: Mon, 26 Oct 2020 15:21:51 GMT
1 < X-Cnection: [close, close]

15:21:51.058 [ForkJoinPool-2-worker-5] ERROR com.intuit.karate - assertion failed: path: $['Content-Length'][0], actual: null, expected: '#notnull', reason: actual json-path does not exist
15:21:51.059 [pool-4-thread-4] INFO  com.intuit.karate.Runner - <<fail>> feature 227 of 367: tmp/junit17863174098671850733/Beheer-PDOK/Adressen--INSPIRE-geharmoniseerd-/view/Adressen--INSPIRE-geharmoniseerd--WMS/checkViewUrl.feature
---------------------------------------------------------
feature: tmp/junit17863174098671850733/Beheer-PDOK/Adressen--INSPIRE-geharmoniseerd-/view/Adressen--INSPIRE-geharmoniseerd--WMS/checkViewUrl.feature
report: target/surefire-reports/tmp.junit17863174098671850733.Beheer-PDOK.Adressen--INSPIRE-geharmoniseerd-.view.Adressen--INSPIRE-geharmoniseerd--WMS.checkViewUrl.json
scenarios:  1 | passed:  0 | failed:  1 | time: 0.4171
---------------------------------------------------------
15:21:51.062 [ForkJoinPool-2-worker-5] INFO  com.intuit.karate - karate.env system property was:  
15:21:51.063 [ForkJoinPool-2-worker-5] INFO  com.intuit.karate - [print] {
  "class": "metadata.Service",
  "electronicMailAddress": "[beheerPDOK@kadaster.nl, beheerPDOK@kadaster.nl]",
  "metadataStandardVersion": "Nederlands metadata profiel op ISO 19119 voor services 2.0",
  "operatesOn": "[http://nationaalgeoregister.nl/geonetwork/srv/dut/csw?service=CSW&version=2.0.2&request=GetRecordById&outputschema=http://www.isotc211.org/2005/gmd&elementsetname=full&id=50eef6be-619d-4e16-9b92-48971109b636#MD_DataIdentification, http://nationaalgeoregister.nl/geonetwork/srv/dut/csw?service=CSW&version=2.0.2&request=GetRecordById&outputschema=http://www.isotc211.org/2005/gmd&elementsetname=full&id=8de2f5eb-b09f-4f6d-8397-8878a1b86238#MD_DataIdentification, https://www.nationaalgeoregister.nl:443/geonetwork/srv/dut/csw?service=CSW&request=GetRecordById&version=2.0.2&outputSchema=http://www.isotc211.org/2005/gmd&elementSetName=full&id=9b583730-e750-485a-9c0c-39bf9be72cf8#MD_DataIdentification, https://www.nationaalgeoregister.nl:443/geonetwork/srv/dut/csw?service=CSW&request=GetRecordById&version=2.0.2&outputSchema=http://www.isotc211.org/2005/gmd&elementSetName=full&id=a57cb859-c4fe-444c-adc6-be14cb2bbf36#MD_DataIdentification, https://www.nationaalgeoregister.nl:443/geonetwork/srv/dut/csw?service=CSW&request=GetRecordById&version=2.0.2&outputSchema=http://www.isotc211.org/2005/gmd&elementSetName=full&id=9b583730-e750-485a-9c0c-39bf9be72cf9#MD_DataIdentification, https://www.nationaalgeoregister.nl:443/geonetwork/srv/dut/csw?service=CSW&request=GetRecordById&version=2.0.2&outputSchema=http://www.isotc211.org/2005/gmd&elementSetName=full&id=a57cb859-c4fe-444c-adc6-be14cb2bbf38#MD_DataIdentification]",
  "organisation": "Beheer PDOK",
  "serviceIdentifierCode": "4b6752ae-65d6-44b5-98ef-1fc30f4fd92d",
  "servicetype": "view",
  "title": "Geluidskaarten Rijkswegen WMS",
  "url": "https://geodata.nationaalgeoregister.nl/rwsgeluidskaarten/wms?request=GetCapabilities"
}

15:21:51.063 [ForkJoinPool-2-worker-5] INFO  com.intuit.karate - [print] testing url:https://geodata.nationaalgeoregister.nl/rwsgeluidskaarten/wms?request=GetCapabilities
15:21:51.063 [ForkJoinPool-2-worker-5] DEBUG com.intuit.karate - request:
1 > HEAD https://geodata.nationaalgeoregister.nl/rwsgeluidskaarten/wms?request=GetCapabilities
1 > Accept-Encoding: gzip,deflate
1 > Connection: Keep-Alive
1 > Host: geodata.nationaalgeoregister.nl
1 > User-Agent: Apache-HttpClient/4.5.11 (Java/13.0.5)

15:21:51.077 [ForkJoinPool-2-worker-3] DEBUG com.intuit.karate - response time in milliseconds: 387.08
1 < 200
1 < Accept-Ranges: bytes
1 < Access-Control-Allow-Headers: SOAPAction,X-Requested-With,Content-Type,Origin,Authorization,Accept
1 < Access-Control-Allow-Methods: POST, GET, OPTIONS, HEAD
1 < Access-Control-Allow-Origin: *
1 < Access-Control-Max-Age: 1000
1 < Content-Length: 11308
1 < Content-Security-Policy: block-all-mixed-content
1 < Content-Type: application/xml
1 < Date: Mon, 26 Oct 2020 15:21:51 GMT
1 < Etag: "6a5a193d3183c09bef2e90757c76cd43-1"
1 < Last-Modified: Wed, 20 Nov 2019 11:50:24 GMT
1 < Server: MinIO/RELEASE.2020-09-21T22-31-59Z
1 < Vary: Origin
1 < X-Amz-Bucket-Region: Amsterdam
1 < X-Amz-Request-Id: 164194098B4C7828
1 < X-Cnection: [close, close]
1 < X-Xss-Protection: 1; mode=block

15:21:51.077 [ForkJoinPool-2-worker-3] ERROR com.intuit.karate - assertion failed: path: $['Content-Type'][0], actual: 'application/xml', expected: 'text/xml', reason: not equal
15:21:51.078 [pool-4-thread-1] INFO  com.intuit.karate.Runner - <<fail>> feature 228 of 367: tmp/junit17863174098671850733/Beheer-PDOK/Nationale-Landschappen/download/Beschermde-gebieden---Provincies--INSPIRE-geharmoniseerd--ATOM-V1/checkdownloadurl.feature
---------------------------------------------------------
feature: tmp/junit17863174098671850733/Beheer-PDOK/Nationale-Landschappen/download/Beschermde-gebieden---Provincies--INSPIRE-geharmoniseerd--ATOM-V1/checkdownloadurl.feature
report: target/surefire-reports/tmp.junit17863174098671850733.Beheer-PDOK.Nationale-Landschappen.download.Beschermde-gebieden---Provincies--INSPIRE-geharmoniseerd--ATOM-V1.checkdownloadurl.json
scenarios:  1 | passed:  0 | failed:  1 | time: 0.3927
---------------------------------------------------------
15:21:51.082 [ForkJoinPool-2-worker-3] INFO  com.intuit.karate - karate.env system property was:  
15:21:51.083 [ForkJoinPool-2-worker-3] INFO  com.intuit.karate - [print] {
  "class": "metadata.Service",
  "electronicMailAddress": "[beheerpdok@kadaster.nl, beheer pdok@kadaster.nl]",
  "metadataStandardVersion": "Nederlands metadata profiel op ISO 19119 voor services 2.0",
  "operatesOn": "[https://www.nationaalgeoregister.nl:443/geonetwork/srv/dut/csw?service=CSW&request=GetRecordById&version=2.0.2&outputSchema=http://www.isotc211.org/2005/gmd&elementSetName=full&id=5a1adb58-0bbe-425d-b0fe-577a6c0a4228#MD_DataIdentification, https://www.nationaalgeoregister.nl:443/geonetwork/srv/dut/csw?service=CSW&request=GetRecordById&version=2.0.2&outputSchema=http://www.isotc211.org/2005/gmd&elementSetName=full&id=71c2b7d2-a1a8-4836-b8d4-7247d331b04d#MD_DataIdentification, https://www.nationaalgeoregister.nl:443/geonetwork/srv/dut/csw?service=CSW&request=GetRecordById&version=2.0.2&outputSchema=http://www.isotc211.org/2005/gmd&elementSetName=full&id=1462bbce-ccd3-4362-83d8-4535ca8f44eb#MD_DataIdentification, https://www.nationaalgeoregister.nl:443/geonetwork/srv/dut/csw?service=CSW&request=GetRecordById&version=2.0.2&outputSchema=http://www.isotc211.org/2005/gmd&elementSetName=full&id=f605a24f-60cd-4c40-94c8-2186aba3ddd0#MD_DataIdentification, https://www.nationaalgeoregister.nl:443/geonetwork/srv/dut/csw?service=CSW&request=GetRecordById&version=2.0.2&outputSchema=http://www.isotc211.org/2005/gmd&elementSetName=full&id=76091be7-358a-4a44-8182-b4139c96c6a4#MD_DataIdentification, https://www.nationaalgeoregister.nl:443/geonetwork/srv/dut/csw?service=CSW&request=GetRecordById&version=2.0.2&outputSchema=http://www.isotc211.org/2005/gmd&elementSetName=full&id=8829e5dd-c861-4639-a6c8-fdbb6e3440d2#MD_DataIdentification, https://www.nationaalgeoregister.nl:443/geonetwork/srv/dut/csw?service=CSW&request=GetRecordById&version=2.0.2&outputSchema=http://www.isotc211.org/2005/gmd&elementSetName=full&id=710c381c-ab2d-45d5-a45d-af2eba811e5f#MD_DataIdentification, https://www.nationaalgeoregister.nl:443/geonetwork/srv/dut/csw?service=CSW&request=GetRecordById&version=2.0.2&outputSchema=http://www.isotc211.org/2005/gmd&elementSetName=full&id=a9b7026e-0a81-4813-93bd-ba49e6f28502#MD_DataIdentification, https://www.nationaalgeoregister.nl:443/geonetwork/srv/dut/csw?service=CSW&request=GetRecordById&version=2.0.2&outputSchema=http://www.isotc211.org/2005/gmd&elementSetName=full&id=2e5f0f60-0f2f-4e17-96af-c913fe305ecb#MD_DataIdentification, https://www.nationaalgeoregister.nl:443/geonetwork/srv/dut/csw?service=CSW&request=GetRecordById&version=2.0.2&outputSchema=http://www.isotc211.org/2005/gmd&elementSetName=full&id=00d8c7c8-98ff-4b06-8f53-b44216e6e75c#MD_DataIdentification, https://www.nationaalgeoregister.nl:443/geonetwork/srv/dut/csw?service=CSW&request=GetRecordById&version=2.0.2&outputSchema=http://www.isotc211.org/2005/gmd&elementSetName=full&id=701d4eb8-8aae-4708-bba5-3edf6987676d#MD_DataIdentification, https://www.nationaalgeoregister.nl:443/geonetwork/srv/dut/csw?service=CSW&request=GetRecordById&version=2.0.2&outputSchema=http://www.isotc211.org/2005/gmd&elementSetName=full&id=17716ed7-ce0d-4bfd-8868-a398e5578a36#MD_DataIdentification, https://www.nationaalgeoregister.nl:443/geonetwork/srv/dut/csw?service=CSW&request=GetRecordById&version=2.0.2&outputSchema=http://www.isotc211.org/2005/gmd&elementSetName=full&id=29d5310f-dd0d-45ba-abad-b4ffc6b8785f#MD_DataIdentification, https://www.nationaalgeoregister.nl:443/geonetwork/srv/dut/csw?service=CSW&request=GetRecordById&version=2.0.2&outputSchema=http://www.isotc211.org/2005/gmd&elementSetName=full&id=831f7bd7-c2ae-4336-bd2f-47ab20d7cdb7#MD_DataIdentification, https://www.nationaalgeoregister.nl:443/geonetwork/srv/dut/csw?service=CSW&request=GetRecordById&version=2.0.2&outputSchema=http://www.isotc211.org/2005/gmd&elementSetName=full&id=0f297898-2640-44c2-bbe9-c0480da83794#MD_DataIdentification, https://www.nationaalgeoregister.nl:443/geonetwork/srv/dut/csw?service=CSW&request=GetRecordById&version=2.0.2&outputSchema=http://www.isotc211.org/2005/gmd&elementSetName=full&id=abaf1e22-55aa-4a11-a855-7ac963e4a82b#MD_DataIdentification, https://www.nationaalgeoregister.nl:443/geonetwork/srv/dut/csw?service=CSW&request=GetRecordById&version=2.0.2&outputSchema=http://www.isotc211.org/2005/gmd&elementSetName=full&id=07d73b60-dfd6-4c54-9c82-9fac70c6c48e#MD_DataIdentification, https://www.nationaalgeoregister.nl:443/geonetwork/srv/dut/csw?service=CSW&request=GetRecordById&version=2.0.2&outputSchema=http://www.isotc211.org/2005/gmd&elementSetName=full&id=d25fe199-2430-48fd-ad57-5b5f79f73cdf#MD_DataIdentification, https://www.nationaalgeoregister.nl:443/geonetwork/srv/dut/csw?service=CSW&request=GetRecordById&version=2.0.2&outputSchema=http://www.isotc211.org/2005/gmd&elementSetName=full&id=e536d943-ecff-4d7a-9500-cc31a263a6af#MD_DataIdentification, https://www.nationaalgeoregister.nl:443/geonetwork/srv/dut/csw?service=CSW&request=GetRecordById&version=2.0.2&outputSchema=http://www.isotc211.org/2005/gmd&elementSetName=full&id=bbece924-9aab-4e00-8392-bce36b8f494e#MD_DataIdentification, https://www.nationaalgeoregister.nl:443/geonetwork/srv/dut/csw?service=CSW&request=GetRecordById&version=2.0.2&outputSchema=http://www.isotc211.org/2005/gmd&elementSetName=full&id=c935f2ab-9b65-4dc4-94a0-73aeb840a941#MD_DataIdentification, https://www.nationaalgeoregister.nl:443/geonetwork/srv/dut/csw?service=CSW&request=GetRecordById&version=2.0.2&outputSchema=http://www.isotc211.org/2005/gmd&elementSetName=full&id=81ff84ec-42a4-4481-840b-12713bbb5d38#MD_DataIdentification, https://www.nationaalgeoregister.nl:443/geonetwork/srv/dut/csw?service=CSW&request=GetRecordById&version=2.0.2&outputSchema=http://www.isotc211.org/2005/gmd&elementSetName=full&id=af0c582f-9e6b-46e6-865a-fc3a2d5289b9#MD_DataIdentification, https://www.nationaalgeoregister.nl:443/geonetwork/srv/dut/csw?service=CSW&request=GetRecordById&version=2.0.2&outputSchema=http://www.isotc211.org/2005/gmd&elementSetName=full&id=3eebf700-5abf-42e4-826c-03cfb497e366#MD_DataIdentification, https://www.nationaalgeoregister.nl:443/geonetwork/srv/dut/csw?service=CSW&request=GetRecordById&version=2.0.2&outputSchema=http://www.isotc211.org/2005/gmd&elementSetName=full&id=9d9f1738-aced-47c9-aaa0-c62474a2dcfb#MD_DataIdentification, https://www.nationaalgeoregister.nl:443/geonetwork/srv/dut/csw?service=CSW&request=GetRecordById&version=2.0.2&outputSchema=http://www.isotc211.org/2005/gmd&elementSetName=full&id=8eee71f9-9365-490d-9484-00263c6fa35c#MD_DataIdentification, https://www.nationaalgeoregister.nl:443/geonetwork/srv/dut/csw?service=CSW&request=GetRecordById&version=2.0.2&outputSchema=http://www.isotc211.org/2005/gmd&elementSetName=full&id=4961d305-fbb5-426a-9ba3-53e1ca5f3b18#MD_DataIdentification, https://www.nationaalgeoregister.nl:443/geonetwork/srv/dut/csw?service=CSW&request=GetRecordById&version=2.0.2&outputSchema=http://www.isotc211.org/2005/gmd&elementSetName=full&id=2af8df10-81ba-434a-8125-34fe8f127cf9#MD_DataIdentification, https://www.nationaalgeoregister.nl:443/geonetwork/srv/dut/csw?service=CSW&request=GetRecordById&version=2.0.2&outputSchema=http://www.isotc211.org/2005/gmd&elementSetName=full&id=6cde2ce7-3ecd-4785-b7b8-d62c3381efe9#MD_DataIdentification, https://www.nationaalgeoregister.nl:443/geonetwork/srv/dut/csw?service=CSW&request=GetRecordById&version=2.0.2&outputSchema=http://www.isotc211.org/2005/gmd&elementSetName=full&id=3229e4d7-4bcd-4b94-819d-8e62de69ce2e#MD_DataIdentification, https://www.nationaalgeoregister.nl:443/geonetwork/srv/dut/csw?service=CSW&request=GetRecordById&version=2.0.2&outputSchema=http://www.isotc211.org/2005/gmd&elementSetName=full&id=5d0dc580-ba7a-4c3b-968b-199efd92d6cf#MD_DataIdentification, https://www.nationaalgeoregister.nl:443/geonetwork/srv/dut/csw?service=CSW&request=GetRecordById&version=2.0.2&outputSchema=http://www.isotc211.org/2005/gmd&elementSetName=full&id=bffcd5d9-02b4-4e7d-991f-a386611cad84#MD_DataIdentification, https://www.nationaalgeoregister.nl:443/geonetwork/srv/dut/csw?service=CSW&request=GetRecordById&version=2.0.2&outputSchema=http://www.isotc211.org/2005/gmd&elementSetName=full&id=effe1ab0-073d-437c-af13-df5c5e07d6cd#MD_DataIdentification]",
  "organisation": "Beheer PDOK",
  "serviceIdentifierCode": "9ff1a13c-d1e0-4150-8523-91cb489ae1a4",
  "servicetype": "download",
  "title": "INSPIRE download service PDOK",
  "url": "https://geodata.nationaalgeoregister.nl/atom/index.xml"
}

15:21:51.084 [ForkJoinPool-2-worker-3] INFO  com.intuit.karate - [print] testing url:https://geodata.nationaalgeoregister.nl/atom/index.xml
15:21:51.084 [ForkJoinPool-2-worker-3] DEBUG com.intuit.karate - request:
1 > HEAD https://geodata.nationaalgeoregister.nl/atom/index.xml
1 > Accept-Encoding: gzip,deflate
1 > Connection: Keep-Alive
1 > Host: geodata.nationaalgeoregister.nl
1 > User-Agent: Apache-HttpClient/4.5.11 (Java/13.0.5)

15:21:51.319 [ForkJoinPool-2-worker-1] DEBUG com.intuit.karate - response time in milliseconds: 402.17
1 < 200
1 < Access-Control-Allow-Headers: SOAPAction,X-Requested-With,Content-Type,Origin,Authorization,Accept
1 < Access-Control-Allow-Methods: POST, GET, OPTIONS, HEAD
1 < Access-Control-Allow-Origin: *
1 < Access-Control-Max-Age: 1000
1 < Content-Length: 73
1 < Content-Type: text/html; charset=UTF-8
1 < Date: Mon, 26 Oct 2020 15:21:51 GMT
1 < Server: lighttpd/1.4.53
1 < X-Cnection: [close, close]

15:21:51.321 [pool-4-thread-2] INFO  com.intuit.karate.Runner - <<pass>> feature 229 of 367: tmp/junit17863174098671850733/Beheer-PDOK/Nationale-Landschappen/view/Beschermde-gebieden---Provincies--INSPIRE-geharmoniseerd--WMS-V1/checkViewUrl.feature
---------------------------------------------------------
feature: tmp/junit17863174098671850733/Beheer-PDOK/Nationale-Landschappen/view/Beschermde-gebieden---Provincies--INSPIRE-geharmoniseerd--WMS-V1/checkViewUrl.feature
report: target/surefire-reports/tmp.junit17863174098671850733.Beheer-PDOK.Nationale-Landschappen.view.Beschermde-gebieden---Provincies--INSPIRE-geharmoniseerd--WMS-V1.checkViewUrl.json
scenarios:  1 | passed:  1 | failed:  0 | time: 0.4045
---------------------------------------------------------
15:21:51.325 [ForkJoinPool-2-worker-1] INFO  com.intuit.karate - karate.env system property was:  
15:21:51.326 [ForkJoinPool-2-worker-1] INFO  com.intuit.karate - [print] {
  "class": "metadata.Service",
  "electronicMailAddress": "[beheerPDOK@kadaster.nl, beheerPDOK@kadaster.nl]",
  "metadataStandardVersion": "Nederlands metadata profiel op ISO 19119 voor services 2.0",
  "operatesOn": "http://www.nationaalgeoregister.nl/geonetwork/srv/dut/csw?service=CSW&request=GetRecordById&version=2.0.2&outputSchema=http://www.isotc211.org/2005/gmd&elementSetName=full&id=5a1adb58-0bbe-425d-b0fe-577a6c0a4228#MD_DataIdentification",
  "organisation": "Beheer PDOK",
  "serviceIdentifierCode": "f20e948e-9e22-4b5a-96a1-f3cc1d16b808",
  "servicetype": "download",
  "title": "Actueel Hoogtebestand Nederland 1 (AHN1) WCS",
  "url": "https://geodata.nationaalgeoregister.nl/ahn1/wcs?request=GetCapabilities&service=wcs"
}

15:21:51.326 [ForkJoinPool-2-worker-1] INFO  com.intuit.karate - [print] testing url:https://geodata.nationaalgeoregister.nl/ahn1/wcs?request=GetCapabilities&service=wcs
15:21:51.327 [ForkJoinPool-2-worker-1] DEBUG com.intuit.karate - request:
1 > HEAD https://geodata.nationaalgeoregister.nl/ahn1/wcs?request=GetCapabilities&service=wcs
1 > Accept-Encoding: gzip,deflate
1 > Connection: Keep-Alive
1 > Host: geodata.nationaalgeoregister.nl
1 > User-Agent: Apache-HttpClient/4.5.11 (Java/13.0.5)

15:21:51.457 [ForkJoinPool-2-worker-7] DEBUG com.intuit.karate - response time in milliseconds: 404.11
1 < 200
1 < Access-Control-Allow-Headers: SOAPAction,X-Requested-With,Content-Type,Origin,Authorization,Accept
1 < Access-Control-Allow-Methods: POST, GET, OPTIONS, HEAD
1 < Access-Control-Allow-Origin: *
1 < Access-Control-Max-Age: 1000
1 < Content-Length: 73
1 < Content-Type: text/html; charset=UTF-8
1 < Date: Mon, 26 Oct 2020 15:21:51 GMT
1 < X-Cnection: [close, close]

15:21:51.458 [ForkJoinPool-2-worker-7] ERROR com.intuit.karate - assertion failed: path: $['Content-Type'][0], actual: 'text/html; charset=UTF-8', expected: 'text/xml', reason: not equal
15:21:51.460 [pool-4-thread-3] INFO  com.intuit.karate.Runner - <<fail>> feature 230 of 367: tmp/junit17863174098671850733/Beheer-PDOK/Geluidbelasting-rijkswegen-in-Nederland-2016--nacht-gemiddelde-/download/Geluidskaarten-Rijkswegen-WFS/checkdownloadurl.feature
---------------------------------------------------------
feature: tmp/junit17863174098671850733/Beheer-PDOK/Geluidbelasting-rijkswegen-in-Nederland-2016--nacht-gemiddelde-/download/Geluidskaarten-Rijkswegen-WFS/checkdownloadurl.feature
report: target/surefire-reports/tmp.junit17863174098671850733.Beheer-PDOK.Geluidbelasting-rijkswegen-in-Nederland-2016--nacht-gemiddelde-.download.Geluidskaarten-Rijkswegen-WFS.checkdownloadurl.json
scenarios:  1 | passed:  0 | failed:  1 | time: 0.4137
---------------------------------------------------------
15:21:51.462 [ForkJoinPool-2-worker-5] DEBUG com.intuit.karate - response time in milliseconds: 398.24
1 < 200
1 < Accept-Ranges: bytes
1 < Access-Control-Allow-Headers: SOAPAction,X-Requested-With,Content-Type,Origin,Authorization,Accept
1 < Access-Control-Allow-Methods: POST, GET, OPTIONS, HEAD
1 < Access-Control-Allow-Origin: *
1 < Access-Control-Max-Age: 1000
1 < Content-Type: application/xml
1 < Date: Mon, 26 Oct 2020 15:21:51 GMT
1 < ETag: "6b28-5af58a658d5db-gzip"
1 < Last-Modified: Tue, 15 Sep 2020 11:42:46 GMT
1 < Vary: Accept-Encoding
1 < X-Cnection: [close, close]

15:21:51.462 [ForkJoinPool-2-worker-5] ERROR com.intuit.karate - assertion failed: path: $['Content-Length'][0], actual: null, expected: '#notnull', reason: actual json-path does not exist
15:21:51.464 [pool-4-thread-4] INFO  com.intuit.karate.Runner - <<fail>> feature 231 of 367: tmp/junit17863174098671850733/Beheer-PDOK/Geluidbelasting-rijkswegen-in-Nederland-2016--nacht-gemiddelde-/view/Geluidskaarten-Rijkswegen-WMS/checkViewUrl.feature
---------------------------------------------------------
feature: tmp/junit17863174098671850733/Beheer-PDOK/Geluidbelasting-rijkswegen-in-Nederland-2016--nacht-gemiddelde-/view/Geluidskaarten-Rijkswegen-WMS/checkViewUrl.feature
report: target/surefire-reports/tmp.junit17863174098671850733.Beheer-PDOK.Geluidbelasting-rijkswegen-in-Nederland-2016--nacht-gemiddelde-.view.Geluidskaarten-Rijkswegen-WMS.checkViewUrl.json
scenarios:  1 | passed:  0 | failed:  1 | time: 0.4001
---------------------------------------------------------
15:21:51.464 [ForkJoinPool-2-worker-7] INFO  com.intuit.karate - karate.env system property was:  
15:21:51.468 [ForkJoinPool-2-worker-7] INFO  com.intuit.karate - [print] {
  "class": "metadata.Service",
  "electronicMailAddress": "[beheerPDOK@kadaster.nl, beheerPDOK@kadaster.nl]",
  "metadataStandardVersion": "Nederlands metadata profiel op ISO 19119 voor services 2.0",
  "operatesOn": "[http://nationaalgeoregister.nl/geonetwork/srv/dut/csw?service=CSW&version=2.0.2&request=GetRecordById&outputschema=http://www.isotc211.org/2005/gmd&elementsetname=full&id=5a1adb58-0bbe-425d-b0fe-577a6c0a4228#MD_DataIdentification, http://nationaalgeoregister.nl/geonetwork/srv/dut/csw?service=CSW&version=2.0.2&request=GetRecordById&outputschema=http://www.isotc211.org/2005/gmd&elementsetname=full&id=b9dd8575-3c1c-41f4-add5-c4f5f2b67179#MD_DataIdentification, https://www.nationaalgeoregister.nl/geonetwork/srv/dut/csw?service=CSW&request=GetRecordById&version=2.0.2&outputSchema=http://www.isotc211.org/2005/gmd&elementSetName=full&id=00fd1fc4-c190-4fa6-a68f-606c64a16679#MD_DataIdentification, https://www.nationaalgeoregister.nl/geonetwork/srv/dut/csw?service=CSW&request=GetRecordById&version=2.0.2&outputSchema=http://www.isotc211.org/2005/gmd&elementSetName=full&id=00b0a2bf-57ce-44c9-b94c-f6c9a41f5c61#MD_DataIdentification, https://www.nationaalgeoregister.n/geonetwork/srv/dut/csw?service=CSW&request=GetRecordById&version=2.0.2&outputSchema=http://www.isotc211.org/2005/gmd&elementSetName=full&id=da237167-7f87-4310-ad64-614233de7a42#MD_DataIdentification]",
  "organisation": "Beheer PDOK",
  "serviceIdentifierCode": "c3ee15e4-38bf-4d54-9c0b-cfe0e609d448",
  "servicetype": "view",
  "title": "Actueel Hoogtebestand Nederland 1 (AHN1) WMS",
  "url": "https://geodata.nationaalgeoregister.nl/ahn1/wms?request=GetCapabilities"
}

15:21:51.468 [ForkJoinPool-2-worker-7] INFO  com.intuit.karate - [print] testing url:https://geodata.nationaalgeoregister.nl/ahn1/wms?request=GetCapabilities
15:21:51.469 [ForkJoinPool-2-worker-5] INFO  com.intuit.karate - karate.env system property was:  
15:21:51.470 [ForkJoinPool-2-worker-5] INFO  com.intuit.karate - [print] {
  "class": "metadata.Service",
  "electronicMailAddress": "[beheerPDOK@kadaster.nl, beheerPDOK@kadaster.nl]",
  "metadataStandardVersion": "Nederlands metadata profiel op ISO 19119 voor services 2.0",
  "operatesOn": "http://nationaalgeoregister.nl/geonetwork/srv/dut/csw?service=CSW&version=2.0.2&request=GetRecordById&outputschema=http://www.isotc211.org/2005/gmd&elementsetname=full&id=26103042-50a1-4ee5-9c5b-857a2f8b7680#MD_DataIdentification",
  "organisation": "Beheer PDOK",
  "serviceIdentifierCode": "dcb7f0d7-d70b-4eab-9a46-7af98de860bd",
  "servicetype": "download",
  "title": "CBS Wijken en Buurten 2017 WFS",
  "url": "https://geodata.nationaalgeoregister.nl/wijkenbuurten2017/wfs?request=GetCapabilities"
}

15:21:51.470 [ForkJoinPool-2-worker-5] INFO  com.intuit.karate - [print] testing url:https://geodata.nationaalgeoregister.nl/wijkenbuurten2017/wfs?request=GetCapabilities
15:21:51.472 [ForkJoinPool-2-worker-7] DEBUG com.intuit.karate - request:
1 > HEAD https://geodata.nationaalgeoregister.nl/ahn1/wms?request=GetCapabilities
1 > Accept-Encoding: gzip,deflate
1 > Connection: Keep-Alive
1 > Host: geodata.nationaalgeoregister.nl
1 > User-Agent: Apache-HttpClient/4.5.11 (Java/13.0.5)

15:21:51.472 [ForkJoinPool-2-worker-5] DEBUG com.intuit.karate - request:
1 > HEAD https://geodata.nationaalgeoregister.nl/wijkenbuurten2017/wfs?request=GetCapabilities
1 > Accept-Encoding: gzip,deflate
1 > Connection: Keep-Alive
1 > Host: geodata.nationaalgeoregister.nl
1 > User-Agent: Apache-HttpClient/4.5.11 (Java/13.0.5)

15:21:51.487 [ForkJoinPool-2-worker-3] DEBUG com.intuit.karate - response time in milliseconds: 402.80
1 < 200
1 < Access-Control-Allow-Headers: SOAPAction,X-Requested-With,Content-Type,Origin,Authorization,Accept
1 < Access-Control-Allow-Methods: POST, GET, OPTIONS, HEAD
1 < Access-Control-Allow-Origin: *
1 < Access-Control-Max-Age: 1000
1 < Content-Length: 59006
1 < Content-Type: text/xml
1 < Date: Mon, 26 Oct 2020 15:21:51 GMT
1 < X-Cnection: [close, close]

15:21:51.489 [pool-4-thread-1] INFO  com.intuit.karate.Runner - <<pass>> feature 232 of 367: tmp/junit17863174098671850733/Beheer-PDOK/Actueel-Hoogtebestand-Nederland-1--AHN1-/download/INSPIRE-download-service-PDOK/checkdownloadurl.feature
---------------------------------------------------------
feature: tmp/junit17863174098671850733/Beheer-PDOK/Actueel-Hoogtebestand-Nederland-1--AHN1-/download/INSPIRE-download-service-PDOK/checkdownloadurl.feature
report: target/surefire-reports/tmp.junit17863174098671850733.Beheer-PDOK.Actueel-Hoogtebestand-Nederland-1--AHN1-.download.INSPIRE-download-service-PDOK.checkdownloadurl.json
scenarios:  1 | passed:  1 | failed:  0 | time: 0.4050
---------------------------------------------------------
15:21:51.491 [ForkJoinPool-2-worker-3] INFO  com.intuit.karate - karate.env system property was:  
15:21:51.492 [ForkJoinPool-2-worker-3] INFO  com.intuit.karate - [print] {
  "class": "metadata.Service",
  "electronicMailAddress": "[beheerPDOK@kadaster.nl, beheerPDOK@kadaster.nl]",
  "metadataStandardVersion": "Nederlands metadata profiel op ISO 19119 voor services 2.0",
  "operatesOn": "http://nationaalgeoregister.nl/geonetwork/srv/dut/csw?service=CSW&version=2.0.2&request=GetRecordById&outputschema=http://www.isotc211.org/2005/gmd&elementsetname=full&id=26103042-50a1-4ee5-9c5b-857a2f8b7680#MD_DataIdentification",
  "organisation": "Beheer PDOK",
  "serviceIdentifierCode": "ca9f6d28-b548-41dc-a862-52daa86d1834",
  "servicetype": "view",
  "title": "CBS Wijken en Buurten 2017 WMS",
  "url": "https://geodata.nationaalgeoregister.nl/wijkenbuurten2017/wms?request=GetCapabilities"
}

15:21:51.492 [ForkJoinPool-2-worker-3] INFO  com.intuit.karate - [print] testing url:https://geodata.nationaalgeoregister.nl/wijkenbuurten2017/wms?request=GetCapabilities
15:21:51.493 [ForkJoinPool-2-worker-3] DEBUG com.intuit.karate - request:
1 > HEAD https://geodata.nationaalgeoregister.nl/wijkenbuurten2017/wms?request=GetCapabilities
1 > Accept-Encoding: gzip,deflate
1 > Connection: Keep-Alive
1 > Host: geodata.nationaalgeoregister.nl
1 > User-Agent: Apache-HttpClient/4.5.11 (Java/13.0.5)

15:21:51.720 [ForkJoinPool-2-worker-1] DEBUG com.intuit.karate - response time in milliseconds: 392.91
1 < 200
1 < Access-Control-Allow-Headers: SOAPAction,X-Requested-With,Content-Type,Origin,Authorization,Accept
1 < Access-Control-Allow-Methods: POST, GET, OPTIONS, HEAD
1 < Access-Control-Allow-Origin: *
1 < Access-Control-Max-Age: 1000
1 < Content-Length: 73
1 < Content-Type: text/html; charset=UTF-8
1 < Date: Mon, 26 Oct 2020 15:21:51 GMT
1 < Server: lighttpd/1.4.53
1 < X-Cnection: [close, close]

15:21:51.721 [ForkJoinPool-2-worker-1] ERROR com.intuit.karate - assertion failed: path: $['Content-Type'][0], actual: 'text/html; charset=UTF-8', expected: 'text/xml', reason: not equal
15:21:51.723 [pool-4-thread-2] INFO  com.intuit.karate.Runner - <<fail>> feature 233 of 367: tmp/junit17863174098671850733/Beheer-PDOK/Actueel-Hoogtebestand-Nederland-1--AHN1-/download/Actueel-Hoogtebestand-Nederland-1--AHN1--WCS/checkdownloadurl.feature
---------------------------------------------------------
feature: tmp/junit17863174098671850733/Beheer-PDOK/Actueel-Hoogtebestand-Nederland-1--AHN1-/download/Actueel-Hoogtebestand-Nederland-1--AHN1--WCS/checkdownloadurl.feature
report: target/surefire-reports/tmp.junit17863174098671850733.Beheer-PDOK.Actueel-Hoogtebestand-Nederland-1--AHN1-.download.Actueel-Hoogtebestand-Nederland-1--AHN1--WCS.checkdownloadurl.json
scenarios:  1 | passed:  0 | failed:  1 | time: 0.3954
---------------------------------------------------------
15:21:51.728 [ForkJoinPool-2-worker-1] INFO  com.intuit.karate - karate.env system property was:  
15:21:51.729 [ForkJoinPool-2-worker-1] INFO  com.intuit.karate - [print] {
  "class": "metadata.Service",
  "electronicMailAddress": "[beheerPDOK@kadaster.nl, beheerPDOK@kadaster.nl]",
  "metadataStandardVersion": "Nederlands metadata profiel op ISO 19119 voor services 2.0",
  "operatesOn": "[https://www.nationaalgeoregister.nl:443/geonetwork/srv/dut/csw?service=CSW&request=GetRecordById&version=2.0.2&outputSchema=http://www.isotc211.org/2005/gmd&elementSetName=full&id=110f9ec6-4464-462e-9765-83d90cefbeag#MD_DataIdentification, https://www.nationaalgeoregister.nl:443/geonetwork/srv/dut/csw?service=CSW&request=GetRecordById&version=2.0.2&outputSchema=http://www.isotc211.org/2005/gmd&elementSetName=full&id=110f9ec6-4464-462e-9765-83d90cefbead#MD_DataIdentification]",
  "organisation": "Beheer PDOK",
  "serviceIdentifierCode": "ddf33bff-8de3-4cca-b6f5-24d18daa502f",
  "servicetype": "download",
  "title": "Kaderrichtlijn Water EU2015 ATOM",
  "url": "https://geodata.nationaalgeoregister.nl/rws/kaderrichtlijnwater2015/atom/v1_0/index.xml"
}

15:21:51.729 [ForkJoinPool-2-worker-1] INFO  com.intuit.karate - [print] testing url:https://geodata.nationaalgeoregister.nl/rws/kaderrichtlijnwater2015/atom/v1_0/index.xml
15:21:51.730 [ForkJoinPool-2-worker-1] DEBUG com.intuit.karate - request:
1 > HEAD https://geodata.nationaalgeoregister.nl/rws/kaderrichtlijnwater2015/atom/v1_0/index.xml
1 > Accept-Encoding: gzip,deflate
1 > Connection: Keep-Alive
1 > Host: geodata.nationaalgeoregister.nl
1 > User-Agent: Apache-HttpClient/4.5.11 (Java/13.0.5)

15:21:51.877 [ForkJoinPool-2-worker-7] DEBUG com.intuit.karate - response time in milliseconds: 404.28
1 < 200
1 < Accept-Ranges: bytes
1 < Access-Control-Allow-Headers: SOAPAction,X-Requested-With,Content-Type,Origin,Authorization,Accept
1 < Access-Control-Allow-Methods: POST, GET, OPTIONS, HEAD
1 < Access-Control-Allow-Origin: *
1 < Access-Control-Max-Age: 1000
1 < Content-Type: application/xml
1 < Date: Mon, 26 Oct 2020 15:21:51 GMT
1 < ETag: "65ee-5af58a6456538-gzip"
1 < Last-Modified: Tue, 15 Sep 2020 11:42:45 GMT
1 < Vary: Accept-Encoding
1 < X-Cnection: [close, close]

15:21:51.877 [ForkJoinPool-2-worker-7] ERROR com.intuit.karate - assertion failed: path: $['Content-Length'][0], actual: null, expected: '#notnull', reason: actual json-path does not exist
15:21:51.879 [pool-4-thread-3] INFO  com.intuit.karate.Runner - <<fail>> feature 234 of 367: tmp/junit17863174098671850733/Beheer-PDOK/Actueel-Hoogtebestand-Nederland-1--AHN1-/view/Actueel-Hoogtebestand-Nederland-1--AHN1--WMS/checkViewUrl.feature
---------------------------------------------------------
feature: tmp/junit17863174098671850733/Beheer-PDOK/Actueel-Hoogtebestand-Nederland-1--AHN1-/view/Actueel-Hoogtebestand-Nederland-1--AHN1--WMS/checkViewUrl.feature
report: target/surefire-reports/tmp.junit17863174098671850733.Beheer-PDOK.Actueel-Hoogtebestand-Nederland-1--AHN1-.view.Actueel-Hoogtebestand-Nederland-1--AHN1--WMS.checkViewUrl.json
scenarios:  1 | passed:  0 | failed:  1 | time: 0.4131
---------------------------------------------------------
15:21:51.882 [ForkJoinPool-2-worker-7] INFO  com.intuit.karate - karate.env system property was:  
15:21:51.883 [ForkJoinPool-2-worker-7] INFO  com.intuit.karate - [print] {
  "class": "metadata.Service",
  "electronicMailAddress": "[beheerpdok@kadaster.nl, beheerpdok@kadaster.nl]",
  "metadataStandardVersion": "Nederlands metadata profiel op ISO 19119 voor services 2.0",
  "operatesOn": "[http://nationaalgeoregister.nl/geonetwork/srv/en/csw?service=CSW&version=2.0.2&request=GetRecordById&outputschema=http://www.isotc211.org/2005/gmd&elementsetname=full&id=110f9ec6-4464-462e-9765-83d90cefbeag#MD_DataIdentification, http://nationaalgeoregister.nl/geonetwork/srv/en/csw?service=CSW&version=2.0.2&request=GetRecordById&outputschema=http://www.isotc211.org/2005/gmd&elementsetname=full&id=110f9ec6-4464-462e-9765-83d90cefbead#MD_DataIdentification]",
  "organisation": "Beheer PDOK",
  "serviceIdentifierCode": "7681eb19-a914-4dc7-9208-c2a131dca06d",
  "servicetype": "view",
  "title": "Kaderrichtlijn Water EU2015 WMS",
  "url": "https://geodata.nationaalgeoregister.nl/rws/kaderrichtlijnwater2015/wms/v1_0?service=WMS&request=GetCapabilities"
}

15:21:51.884 [ForkJoinPool-2-worker-7] INFO  com.intuit.karate - [print] testing url:https://geodata.nationaalgeoregister.nl/rws/kaderrichtlijnwater2015/wms/v1_0?service=WMS&request=GetCapabilities
15:21:51.884 [ForkJoinPool-2-worker-7] DEBUG com.intuit.karate - request:
1 > HEAD https://geodata.nationaalgeoregister.nl/rws/kaderrichtlijnwater2015/wms/v1_0?service=WMS&request=GetCapabilities
1 > Accept-Encoding: gzip,deflate
1 > Connection: Keep-Alive
1 > Host: geodata.nationaalgeoregister.nl
1 > User-Agent: Apache-HttpClient/4.5.11 (Java/13.0.5)

15:21:51.895 [ForkJoinPool-2-worker-5] DEBUG com.intuit.karate - response time in milliseconds: 422.44
1 < 200
1 < Access-Control-Allow-Headers: SOAPAction,X-Requested-With,Content-Type,Origin,Authorization,Accept
1 < Access-Control-Allow-Methods: POST, GET, OPTIONS, HEAD
1 < Access-Control-Allow-Origin: *
1 < Access-Control-Max-Age: 1000
1 < Content-Disposition: inline; filename=geoserver-GetCapabilities.application
1 < Content-Type: application/xml
1 < Date: Mon, 26 Oct 2020 15:21:50 GMT
1 < X-Cnection: [close, close]

15:21:51.895 [ForkJoinPool-2-worker-5] ERROR com.intuit.karate - assertion failed: path: $['Content-Length'][0], actual: null, expected: '#notnull', reason: actual json-path does not exist
15:21:51.897 [pool-4-thread-4] INFO  com.intuit.karate.Runner - <<fail>> feature 235 of 367: tmp/junit17863174098671850733/Beheer-PDOK/Wijk--en-Buurtkaart-2017-versie-3/download/CBS-Wijken-en-Buurten-2017-WFS/checkdownloadurl.feature
---------------------------------------------------------
feature: tmp/junit17863174098671850733/Beheer-PDOK/Wijk--en-Buurtkaart-2017-versie-3/download/CBS-Wijken-en-Buurten-2017-WFS/checkdownloadurl.feature
report: target/surefire-reports/tmp.junit17863174098671850733.Beheer-PDOK.Wijk--en-Buurtkaart-2017-versie-3.download.CBS-Wijken-en-Buurten-2017-WFS.checkdownloadurl.json
scenarios:  1 | passed:  0 | failed:  1 | time: 0.4254
---------------------------------------------------------
15:21:51.899 [ForkJoinPool-2-worker-5] INFO  com.intuit.karate - karate.env system property was:  
15:21:51.900 [ForkJoinPool-2-worker-5] INFO  com.intuit.karate - [print] {
  "class": "metadata.Service",
  "electronicMailAddress": "[beheerpdok@kadaster.nl, beheer pdok@kadaster.nl]",
  "metadataStandardVersion": "Nederlands metadata profiel op ISO 19119 voor services 2.0",
  "operatesOn": "[https://www.nationaalgeoregister.nl:443/geonetwork/srv/dut/csw?service=CSW&request=GetRecordById&version=2.0.2&outputSchema=http://www.isotc211.org/2005/gmd&elementSetName=full&id=5a1adb58-0bbe-425d-b0fe-577a6c0a4228#MD_DataIdentification, https://www.nationaalgeoregister.nl:443/geonetwork/srv/dut/csw?service=CSW&request=GetRecordById&version=2.0.2&outputSchema=http://www.isotc211.org/2005/gmd&elementSetName=full&id=71c2b7d2-a1a8-4836-b8d4-7247d331b04d#MD_DataIdentification, https://www.nationaalgeoregister.nl:443/geonetwork/srv/dut/csw?service=CSW&request=GetRecordById&version=2.0.2&outputSchema=http://www.isotc211.org/2005/gmd&elementSetName=full&id=1462bbce-ccd3-4362-83d8-4535ca8f44eb#MD_DataIdentification, https://www.nationaalgeoregister.nl:443/geonetwork/srv/dut/csw?service=CSW&request=GetRecordById&version=2.0.2&outputSchema=http://www.isotc211.org/2005/gmd&elementSetName=full&id=f605a24f-60cd-4c40-94c8-2186aba3ddd0#MD_DataIdentification, https://www.nationaalgeoregister.nl:443/geonetwork/srv/dut/csw?service=CSW&request=GetRecordById&version=2.0.2&outputSchema=http://www.isotc211.org/2005/gmd&elementSetName=full&id=76091be7-358a-4a44-8182-b4139c96c6a4#MD_DataIdentification, https://www.nationaalgeoregister.nl:443/geonetwork/srv/dut/csw?service=CSW&request=GetRecordById&version=2.0.2&outputSchema=http://www.isotc211.org/2005/gmd&elementSetName=full&id=8829e5dd-c861-4639-a6c8-fdbb6e3440d2#MD_DataIdentification, https://www.nationaalgeoregister.nl:443/geonetwork/srv/dut/csw?service=CSW&request=GetRecordById&version=2.0.2&outputSchema=http://www.isotc211.org/2005/gmd&elementSetName=full&id=710c381c-ab2d-45d5-a45d-af2eba811e5f#MD_DataIdentification, https://www.nationaalgeoregister.nl:443/geonetwork/srv/dut/csw?service=CSW&request=GetRecordById&version=2.0.2&outputSchema=http://www.isotc211.org/2005/gmd&elementSetName=full&id=a9b7026e-0a81-4813-93bd-ba49e6f28502#MD_DataIdentification, https://www.nationaalgeoregister.nl:443/geonetwork/srv/dut/csw?service=CSW&request=GetRecordById&version=2.0.2&outputSchema=http://www.isotc211.org/2005/gmd&elementSetName=full&id=2e5f0f60-0f2f-4e17-96af-c913fe305ecb#MD_DataIdentification, https://www.nationaalgeoregister.nl:443/geonetwork/srv/dut/csw?service=CSW&request=GetRecordById&version=2.0.2&outputSchema=http://www.isotc211.org/2005/gmd&elementSetName=full&id=00d8c7c8-98ff-4b06-8f53-b44216e6e75c#MD_DataIdentification, https://www.nationaalgeoregister.nl:443/geonetwork/srv/dut/csw?service=CSW&request=GetRecordById&version=2.0.2&outputSchema=http://www.isotc211.org/2005/gmd&elementSetName=full&id=701d4eb8-8aae-4708-bba5-3edf6987676d#MD_DataIdentification, https://www.nationaalgeoregister.nl:443/geonetwork/srv/dut/csw?service=CSW&request=GetRecordById&version=2.0.2&outputSchema=http://www.isotc211.org/2005/gmd&elementSetName=full&id=17716ed7-ce0d-4bfd-8868-a398e5578a36#MD_DataIdentification, https://www.nationaalgeoregister.nl:443/geonetwork/srv/dut/csw?service=CSW&request=GetRecordById&version=2.0.2&outputSchema=http://www.isotc211.org/2005/gmd&elementSetName=full&id=29d5310f-dd0d-45ba-abad-b4ffc6b8785f#MD_DataIdentification, https://www.nationaalgeoregister.nl:443/geonetwork/srv/dut/csw?service=CSW&request=GetRecordById&version=2.0.2&outputSchema=http://www.isotc211.org/2005/gmd&elementSetName=full&id=831f7bd7-c2ae-4336-bd2f-47ab20d7cdb7#MD_DataIdentification, https://www.nationaalgeoregister.nl:443/geonetwork/srv/dut/csw?service=CSW&request=GetRecordById&version=2.0.2&outputSchema=http://www.isotc211.org/2005/gmd&elementSetName=full&id=0f297898-2640-44c2-bbe9-c0480da83794#MD_DataIdentification, https://www.nationaalgeoregister.nl:443/geonetwork/srv/dut/csw?service=CSW&request=GetRecordById&version=2.0.2&outputSchema=http://www.isotc211.org/2005/gmd&elementSetName=full&id=abaf1e22-55aa-4a11-a855-7ac963e4a82b#MD_DataIdentification, https://www.nationaalgeoregister.nl:443/geonetwork/srv/dut/csw?service=CSW&request=GetRecordById&version=2.0.2&outputSchema=http://www.isotc211.org/2005/gmd&elementSetName=full&id=07d73b60-dfd6-4c54-9c82-9fac70c6c48e#MD_DataIdentification, https://www.nationaalgeoregister.nl:443/geonetwork/srv/dut/csw?service=CSW&request=GetRecordById&version=2.0.2&outputSchema=http://www.isotc211.org/2005/gmd&elementSetName=full&id=d25fe199-2430-48fd-ad57-5b5f79f73cdf#MD_DataIdentification, https://www.nationaalgeoregister.nl:443/geonetwork/srv/dut/csw?service=CSW&request=GetRecordById&version=2.0.2&outputSchema=http://www.isotc211.org/2005/gmd&elementSetName=full&id=e536d943-ecff-4d7a-9500-cc31a263a6af#MD_DataIdentification, https://www.nationaalgeoregister.nl:443/geonetwork/srv/dut/csw?service=CSW&request=GetRecordById&version=2.0.2&outputSchema=http://www.isotc211.org/2005/gmd&elementSetName=full&id=bbece924-9aab-4e00-8392-bce36b8f494e#MD_DataIdentification, https://www.nationaalgeoregister.nl:443/geonetwork/srv/dut/csw?service=CSW&request=GetRecordById&version=2.0.2&outputSchema=http://www.isotc211.org/2005/gmd&elementSetName=full&id=c935f2ab-9b65-4dc4-94a0-73aeb840a941#MD_DataIdentification, https://www.nationaalgeoregister.nl:443/geonetwork/srv/dut/csw?service=CSW&request=GetRecordById&version=2.0.2&outputSchema=http://www.isotc211.org/2005/gmd&elementSetName=full&id=81ff84ec-42a4-4481-840b-12713bbb5d38#MD_DataIdentification, https://www.nationaalgeoregister.nl:443/geonetwork/srv/dut/csw?service=CSW&request=GetRecordById&version=2.0.2&outputSchema=http://www.isotc211.org/2005/gmd&elementSetName=full&id=af0c582f-9e6b-46e6-865a-fc3a2d5289b9#MD_DataIdentification, https://www.nationaalgeoregister.nl:443/geonetwork/srv/dut/csw?service=CSW&request=GetRecordById&version=2.0.2&outputSchema=http://www.isotc211.org/2005/gmd&elementSetName=full&id=3eebf700-5abf-42e4-826c-03cfb497e366#MD_DataIdentification, https://www.nationaalgeoregister.nl:443/geonetwork/srv/dut/csw?service=CSW&request=GetRecordById&version=2.0.2&outputSchema=http://www.isotc211.org/2005/gmd&elementSetName=full&id=9d9f1738-aced-47c9-aaa0-c62474a2dcfb#MD_DataIdentification, https://www.nationaalgeoregister.nl:443/geonetwork/srv/dut/csw?service=CSW&request=GetRecordById&version=2.0.2&outputSchema=http://www.isotc211.org/2005/gmd&elementSetName=full&id=8eee71f9-9365-490d-9484-00263c6fa35c#MD_DataIdentification, https://www.nationaalgeoregister.nl:443/geonetwork/srv/dut/csw?service=CSW&request=GetRecordById&version=2.0.2&outputSchema=http://www.isotc211.org/2005/gmd&elementSetName=full&id=4961d305-fbb5-426a-9ba3-53e1ca5f3b18#MD_DataIdentification, https://www.nationaalgeoregister.nl:443/geonetwork/srv/dut/csw?service=CSW&request=GetRecordById&version=2.0.2&outputSchema=http://www.isotc211.org/2005/gmd&elementSetName=full&id=2af8df10-81ba-434a-8125-34fe8f127cf9#MD_DataIdentification, https://www.nationaalgeoregister.nl:443/geonetwork/srv/dut/csw?service=CSW&request=GetRecordById&version=2.0.2&outputSchema=http://www.isotc211.org/2005/gmd&elementSetName=full&id=6cde2ce7-3ecd-4785-b7b8-d62c3381efe9#MD_DataIdentification, https://www.nationaalgeoregister.nl:443/geonetwork/srv/dut/csw?service=CSW&request=GetRecordById&version=2.0.2&outputSchema=http://www.isotc211.org/2005/gmd&elementSetName=full&id=3229e4d7-4bcd-4b94-819d-8e62de69ce2e#MD_DataIdentification, https://www.nationaalgeoregister.nl:443/geonetwork/srv/dut/csw?service=CSW&request=GetRecordById&version=2.0.2&outputSchema=http://www.isotc211.org/2005/gmd&elementSetName=full&id=5d0dc580-ba7a-4c3b-968b-199efd92d6cf#MD_DataIdentification, https://www.nationaalgeoregister.nl:443/geonetwork/srv/dut/csw?service=CSW&request=GetRecordById&version=2.0.2&outputSchema=http://www.isotc211.org/2005/gmd&elementSetName=full&id=bffcd5d9-02b4-4e7d-991f-a386611cad84#MD_DataIdentification, https://www.nationaalgeoregister.nl:443/geonetwork/srv/dut/csw?service=CSW&request=GetRecordById&version=2.0.2&outputSchema=http://www.isotc211.org/2005/gmd&elementSetName=full&id=effe1ab0-073d-437c-af13-df5c5e07d6cd#MD_DataIdentification]",
  "organisation": "Beheer PDOK",
  "serviceIdentifierCode": "9ff1a13c-d1e0-4150-8523-91cb489ae1a4",
  "servicetype": "download",
  "title": "INSPIRE download service PDOK",
  "url": "https://geodata.nationaalgeoregister.nl/atom/index.xml"
}

15:21:51.905 [ForkJoinPool-2-worker-5] INFO  com.intuit.karate - [print] testing url:https://geodata.nationaalgeoregister.nl/atom/index.xml
15:21:51.905 [ForkJoinPool-2-worker-5] DEBUG com.intuit.karate - request:
1 > HEAD https://geodata.nationaalgeoregister.nl/atom/index.xml
1 > Accept-Encoding: gzip,deflate
1 > Connection: Keep-Alive
1 > Host: geodata.nationaalgeoregister.nl
1 > User-Agent: Apache-HttpClient/4.5.11 (Java/13.0.5)

15:21:52.141 [ForkJoinPool-2-worker-3] DEBUG com.intuit.karate - response time in milliseconds: 648.31
1 < 200
1 < Access-Control-Allow-Headers: SOAPAction,X-Requested-With,Content-Type,Origin,Authorization,Accept
1 < Access-Control-Allow-Methods: POST, GET, OPTIONS, HEAD
1 < Access-Control-Allow-Origin: *
1 < Access-Control-Max-Age: 1000
1 < Content-Disposition: inline; filename=getcapabilities_1.3.0.xml
1 < Content-Type: text/xml
1 < Date: Mon, 26 Oct 2020 15:21:52 GMT
1 < X-Cnection: [close, close]

15:21:52.142 [ForkJoinPool-2-worker-3] ERROR com.intuit.karate - assertion failed: path: $['Content-Length'][0], actual: null, expected: '#notnull', reason: actual json-path does not exist
15:21:52.143 [pool-4-thread-1] INFO  com.intuit.karate.Runner - <<fail>> feature 236 of 367: tmp/junit17863174098671850733/Beheer-PDOK/Wijk--en-Buurtkaart-2017-versie-3/view/CBS-Wijken-en-Buurten-2017-WMS/checkViewUrl.feature
---------------------------------------------------------
feature: tmp/junit17863174098671850733/Beheer-PDOK/Wijk--en-Buurtkaart-2017-versie-3/view/CBS-Wijken-en-Buurten-2017-WMS/checkViewUrl.feature
report: target/surefire-reports/tmp.junit17863174098671850733.Beheer-PDOK.Wijk--en-Buurtkaart-2017-versie-3.view.CBS-Wijken-en-Buurten-2017-WMS.checkViewUrl.json
scenarios:  1 | passed:  0 | failed:  1 | time: 0.6502
---------------------------------------------------------
15:21:52.151 [ForkJoinPool-2-worker-3] INFO  com.intuit.karate - karate.env system property was:  
15:21:52.156 [ForkJoinPool-2-worker-3] INFO  com.intuit.karate - [print] {
  "class": "metadata.Service",
  "electronicMailAddress": "[beheerPDOK@kadaster.nl, beheerPDOK@kadaster.nl]",
  "metadataStandardVersion": "Nederlands metadata profiel op ISO 19119 voor services 2.0",
  "operatesOn": "http://nationaalgeoregister.nl/geonetwork/srv/dut/csw?service=CSW&version=2.0.2&request=GetRecordById&outputschema=http://www.isotc211.org/2005/gmd&elementsetname=full&id=17716ed7-ce0d-4bfd-8868-a398e5578a36#MD_DataIdentification",
  "organisation": "Beheer PDOK",
  "serviceIdentifierCode": "6c62e0a5-c215-4e47-94b0-a239e264417d",
  "servicetype": "view",
  "title": "Ruimtelijke plannen WMS",
  "url": "https://geodata.nationaalgeoregister.nl/plu/wms?request=GetCapabilities"
}

15:21:52.159 [ForkJoinPool-2-worker-3] INFO  com.intuit.karate - [print] testing url:https://geodata.nationaalgeoregister.nl/plu/wms?request=GetCapabilities
15:21:52.160 [ForkJoinPool-2-worker-3] DEBUG com.intuit.karate - request:
1 > HEAD https://geodata.nationaalgeoregister.nl/plu/wms?request=GetCapabilities
1 > Accept-Encoding: gzip,deflate
1 > Connection: Keep-Alive
1 > Host: geodata.nationaalgeoregister.nl
1 > User-Agent: Apache-HttpClient/4.5.11 (Java/13.0.5)

15:21:52.216 [ForkJoinPool-2-worker-1] DEBUG com.intuit.karate - response time in milliseconds: 485.89
1 < 200
1 < Accept-Ranges: bytes
1 < Access-Control-Allow-Headers: SOAPAction,X-Requested-With,Content-Type,Origin,Authorization,Accept
1 < Access-Control-Allow-Methods: POST, GET, OPTIONS, HEAD
1 < Access-Control-Allow-Origin: *
1 < Access-Control-Max-Age: 1000
1 < Content-Length: 4237
1 < Content-Security-Policy: block-all-mixed-content
1 < Content-Type: text/xml
1 < Date: Mon, 26 Oct 2020 15:21:52 GMT
1 < Etag: "0d9adcb43d973daed7753314ef78d57b-1"
1 < Last-Modified: Fri, 01 Nov 2019 09:11:44 GMT
1 < Server: MinIO/RELEASE.2020-09-21T22-31-59Z
1 < Vary: Origin
1 < X-Amz-Bucket-Region: Amsterdam
1 < X-Amz-Request-Id: 16419409CED4F0A9
1 < X-Cnection: [close, close]
1 < X-Xss-Protection: 1; mode=block

15:21:52.218 [pool-4-thread-2] INFO  com.intuit.karate.Runner - <<pass>> feature 237 of 367: tmp/junit17863174098671850733/Beheer-PDOK/Kaderrichtlijn-Water---Oppervlaktewaterlichamen-Nederland-EU2015-lijnen/download/Kaderrichtlijn-Water-EU2015-ATOM/checkdownloadurl.feature
---------------------------------------------------------
feature: tmp/junit17863174098671850733/Beheer-PDOK/Kaderrichtlijn-Water---Oppervlaktewaterlichamen-Nederland-EU2015-lijnen/download/Kaderrichtlijn-Water-EU2015-ATOM/checkdownloadurl.feature
report: target/surefire-reports/tmp.junit17863174098671850733.Beheer-PDOK.Kaderrichtlijn-Water---Oppervlaktewaterlichamen-Nederland-EU2015-lijnen.download.Kaderrichtlijn-Water-EU2015-ATOM.checkdownloadurl.json
scenarios:  1 | passed:  1 | failed:  0 | time: 0.4883
---------------------------------------------------------
15:21:52.222 [ForkJoinPool-2-worker-1] INFO  com.intuit.karate - karate.env system property was:  
15:21:52.223 [ForkJoinPool-2-worker-1] INFO  com.intuit.karate - [print] {
  "class": "metadata.Service",
  "electronicMailAddress": "[beheerPDOK@kadaster.nl, beheerPDOK@kadaster.nl]",
  "metadataStandardVersion": "Nederlands metadata profiel op ISO 19119 voor services 2.0",
  "operatesOn": "https://nationaalgeoregister.nl/geonetwork/srv/dut/csw?service=CSW&version=2.0.2&request=GetRecordById&outputschema=http://www.isotc211.org/2005/gmd&elementsetname=full&id=eu-cb527d-f6db-4835-b0cd-deb245241254#MD_DataIdentification",
  "organisation": "Beheer PDOK",
  "serviceIdentifierCode": "018a28a5-1019-4747-b031-f66ffc1c6ae7",
  "servicetype": "download",
  "title": "Vervoersnetwerken Wegen RWS (INSPIRE geharmoniseerd) WFS",
  "url": "https://geodata.nationaalgeoregister.nl/nl/rws/tn-ro/wfs?request=GetCapabilities"
}

15:21:52.223 [ForkJoinPool-2-worker-1] INFO  com.intuit.karate - [print] testing url:https://geodata.nationaalgeoregister.nl/nl/rws/tn-ro/wfs?request=GetCapabilities
15:21:52.224 [ForkJoinPool-2-worker-1] DEBUG com.intuit.karate - request:
1 > HEAD https://geodata.nationaalgeoregister.nl/nl/rws/tn-ro/wfs?request=GetCapabilities
1 > Accept-Encoding: gzip,deflate
1 > Connection: Keep-Alive
1 > Host: geodata.nationaalgeoregister.nl
1 > User-Agent: Apache-HttpClient/4.5.11 (Java/13.0.5)

15:21:52.286 [ForkJoinPool-2-worker-7] DEBUG com.intuit.karate - response time in milliseconds: 402.06
1 < 200
1 < Access-Control-Allow-Headers: SOAPAction,X-Requested-With,Content-Type,Origin,Authorization,Accept
1 < Access-Control-Allow-Methods: POST, GET, OPTIONS, HEAD
1 < Access-Control-Allow-Origin: *
1 < Access-Control-Max-Age: 1000
1 < Content-Length: 73
1 < Content-Type: text/html; charset=UTF-8
1 < Date: Mon, 26 Oct 2020 15:21:52 GMT
1 < Server: lighttpd/1.4.53
1 < X-Cnection: [close, close]

15:21:52.289 [pool-4-thread-3] INFO  com.intuit.karate.Runner - <<pass>> feature 238 of 367: tmp/junit17863174098671850733/Beheer-PDOK/Kaderrichtlijn-Water---Oppervlaktewaterlichamen-Nederland-EU2015-lijnen/view/Kaderrichtlijn-Water-EU2015-WMS/checkViewUrl.feature
---------------------------------------------------------
feature: tmp/junit17863174098671850733/Beheer-PDOK/Kaderrichtlijn-Water---Oppervlaktewaterlichamen-Nederland-EU2015-lijnen/view/Kaderrichtlijn-Water-EU2015-WMS/checkViewUrl.feature
report: target/surefire-reports/tmp.junit17863174098671850733.Beheer-PDOK.Kaderrichtlijn-Water---Oppervlaktewaterlichamen-Nederland-EU2015-lijnen.view.Kaderrichtlijn-Water-EU2015-WMS.checkViewUrl.json
scenarios:  1 | passed:  1 | failed:  0 | time: 0.4042
---------------------------------------------------------
15:21:52.293 [ForkJoinPool-2-worker-7] INFO  com.intuit.karate - karate.env system property was:  
15:21:52.294 [ForkJoinPool-2-worker-7] INFO  com.intuit.karate - [print] {
  "class": "metadata.Service",
  "electronicMailAddress": "[beheerPDOK@kadaster.nl, beheerPDOK@kadaster.nl]",
  "metadataStandardVersion": "Nederlands metadata profiel op ISO 19119 voor services 1.2",
  "operatesOn": "http://nationaalgeoregister.nl/geonetwork/srv/dut/csw?service=CSW&version=2.0.2&request=GetRecordById&outputschema=http://www.isotc211.org/2005/gmd&elementsetname=full&id=eu-cb527d-f6db-4835-b0cd-deb245241254",
  "organisation": "Beheer PDOK",
  "serviceIdentifierCode": "32655f4b-551b-42c8-b071-95738d0f5daa",
  "servicetype": "download",
  "title": "Inspire nl vervoersnetwerken - gemeenschappelijk elementen WFS",
  "url": "https://geodata.nationaalgeoregister.nl/nl/rws/tn-cte/wfs?"
}

15:21:52.295 [ForkJoinPool-2-worker-7] INFO  com.intuit.karate - [print] testing url:https://geodata.nationaalgeoregister.nl/nl/rws/tn-cte/wfs?
15:21:52.295 [ForkJoinPool-2-worker-7] DEBUG com.intuit.karate - request:
1 > HEAD https://geodata.nationaalgeoregister.nl/nl/rws/tn-cte/wfs?
1 > Accept-Encoding: gzip,deflate
1 > Connection: Keep-Alive
1 > Host: geodata.nationaalgeoregister.nl
1 > User-Agent: Apache-HttpClient/4.5.11 (Java/13.0.5)

15:21:52.304 [ForkJoinPool-2-worker-5] DEBUG com.intuit.karate - response time in milliseconds: 398.48
1 < 200
1 < Access-Control-Allow-Headers: SOAPAction,X-Requested-With,Content-Type,Origin,Authorization,Accept
1 < Access-Control-Allow-Methods: POST, GET, OPTIONS, HEAD
1 < Access-Control-Allow-Origin: *
1 < Access-Control-Max-Age: 1000
1 < Content-Length: 59006
1 < Content-Type: text/xml
1 < Date: Mon, 26 Oct 2020 15:21:51 GMT
1 < X-Cnection: [close, close]

15:21:52.306 [pool-4-thread-4] INFO  com.intuit.karate.Runner - <<pass>> feature 239 of 367: tmp/junit17863174098671850733/Beheer-PDOK/Ruimtelijke-plannen-Wro--Ruimtelijkeplannen-nl/download/INSPIRE-download-service-PDOK/checkdownloadurl.feature
---------------------------------------------------------
feature: tmp/junit17863174098671850733/Beheer-PDOK/Ruimtelijke-plannen-Wro--Ruimtelijkeplannen-nl/download/INSPIRE-download-service-PDOK/checkdownloadurl.feature
report: target/surefire-reports/tmp.junit17863174098671850733.Beheer-PDOK.Ruimtelijke-plannen-Wro--Ruimtelijkeplannen-nl.download.INSPIRE-download-service-PDOK.checkdownloadurl.json
scenarios:  1 | passed:  1 | failed:  0 | time: 0.4048
---------------------------------------------------------
15:21:52.308 [ForkJoinPool-2-worker-5] INFO  com.intuit.karate - karate.env system property was:  
15:21:52.309 [ForkJoinPool-2-worker-5] INFO  com.intuit.karate - [print] {
  "class": "metadata.Service",
  "electronicMailAddress": "[beheerPDOK@kadaster.nl, beheerPDOK@kadaster.nl]",
  "metadataStandardVersion": "Nederlands metadata profiel op ISO 19119 voor services 2.0",
  "operatesOn": "https://nationaalgeoregister.nl/geonetwork/srv/dut/csw?service=CSW&version=2.0.2&request=GetRecordById&outputschema=http://www.isotc211.org/2005/gmd&elementsetname=full&id=eu-cb527d-f6db-4835-b0cd-deb245241254#MD_DataIdentification",
  "organisation": "Beheer PDOK",
  "serviceIdentifierCode": "4fb15e0d-d88f-40f1-b407-3d3edcf7e184",
  "servicetype": "view",
  "title": "Vervoersnetwerken Wegen RWS (INSPIRE geharmoniseerd) WMS",
  "url": "https://geodata.nationaalgeoregister.nl/nl/rws/tn-ro/wms?request=GetCapabilities"
}

15:21:52.309 [ForkJoinPool-2-worker-5] INFO  com.intuit.karate - [print] testing url:https://geodata.nationaalgeoregister.nl/nl/rws/tn-ro/wms?request=GetCapabilities
15:21:52.310 [ForkJoinPool-2-worker-5] DEBUG com.intuit.karate - request:
1 > HEAD https://geodata.nationaalgeoregister.nl/nl/rws/tn-ro/wms?request=GetCapabilities
1 > Accept-Encoding: gzip,deflate
1 > Connection: Keep-Alive
1 > Host: geodata.nationaalgeoregister.nl
1 > User-Agent: Apache-HttpClient/4.5.11 (Java/13.0.5)

15:21:52.625 [ForkJoinPool-2-worker-1] DEBUG com.intuit.karate - response time in milliseconds: 400.75
1 < 200
1 < Accept-Ranges: bytes
1 < Access-Control-Allow-Headers: SOAPAction,X-Requested-With,Content-Type,Origin,Authorization,Accept
1 < Access-Control-Allow-Methods: POST, GET, OPTIONS, HEAD
1 < Access-Control-Allow-Origin: *
1 < Access-Control-Max-Age: 1000
1 < Content-Type: application/xml
1 < Date: Mon, 26 Oct 2020 15:21:52 GMT
1 < ETag: "1943a-5af58a6554f7f-gzip"
1 < Last-Modified: Tue, 15 Sep 2020 11:42:46 GMT
1 < Vary: Accept-Encoding
1 < X-Cnection: [close, close]

15:21:52.625 [ForkJoinPool-2-worker-1] ERROR com.intuit.karate - assertion failed: path: $['Content-Length'][0], actual: null, expected: '#notnull', reason: actual json-path does not exist
15:21:52.627 [pool-4-thread-2] INFO  com.intuit.karate.Runner - <<fail>> feature 241 of 367: tmp/junit17863174098671850733/Beheer-PDOK/Vervoersnetwerken---Wegen--INSPIRE-geharmoniseerd----RWS/download/Vervoersnetwerken-Wegen-RWS--INSPIRE-geharmoniseerd--WFS/checkdownloadurl.feature
---------------------------------------------------------
feature: tmp/junit17863174098671850733/Beheer-PDOK/Vervoersnetwerken---Wegen--INSPIRE-geharmoniseerd----RWS/download/Vervoersnetwerken-Wegen-RWS--INSPIRE-geharmoniseerd--WFS/checkdownloadurl.feature
report: target/surefire-reports/tmp.junit17863174098671850733.Beheer-PDOK.Vervoersnetwerken---Wegen--INSPIRE-geharmoniseerd----RWS.download.Vervoersnetwerken-Wegen-RWS--INSPIRE-geharmoniseerd--WFS.checkdownloadurl.json
scenarios:  1 | passed:  0 | failed:  1 | time: 0.4031
---------------------------------------------------------
15:21:52.634 [ForkJoinPool-2-worker-1] INFO  com.intuit.karate - karate.env system property was:  
15:21:52.636 [ForkJoinPool-2-worker-1] INFO  com.intuit.karate - [print] {
  "class": "metadata.Service",
  "electronicMailAddress": "[beheerPDOK@kadaster.nl, beheerPDOK@kadaster.nl]",
  "metadataStandardVersion": "Nederlands metadata profiel op ISO 19119 voor services 2.0",
  "operatesOn": "https://nationaalgeoregister.nl/geonetwork/srv/dut/csw?service=CSW&version=2.0.2&request=GetRecordById&outputschema=http://www.isotc211.org/2005/gmd&elementsetname=full&id=1a40eb6f-4f33-4e15-a0b1-2d350ad2636e#MD_DataIdentification",
  "organisation": "Beheer PDOK",
  "serviceIdentifierCode": "7e87a655-c4eb-404d-9d0a-efa2dccef7cc",
  "servicetype": "download",
  "title": "Geografische Namen (INSPIRE geharmoniseerd) WFS",
  "url": "https://geodata.nationaalgeoregister.nl/inspire/gn/wfs?&request=GetCapabilities&service=WFS"
}

15:21:52.637 [ForkJoinPool-2-worker-1] INFO  com.intuit.karate - [print] testing url:https://geodata.nationaalgeoregister.nl/inspire/gn/wfs?&request=GetCapabilities&service=WFS
15:21:52.637 [ForkJoinPool-2-worker-1] DEBUG com.intuit.karate - request:
1 > HEAD https://geodata.nationaalgeoregister.nl/inspire/gn/wfs?&request=GetCapabilities&service=WFS
1 > Accept-Encoding: gzip,deflate
1 > Connection: Keep-Alive
1 > Host: geodata.nationaalgeoregister.nl
1 > User-Agent: Apache-HttpClient/4.5.11 (Java/13.0.5)

15:21:52.684 [ForkJoinPool-2-worker-3] DEBUG com.intuit.karate - response time in milliseconds: 522.26
1 < 200
1 < Access-Control-Allow-Headers: SOAPAction,X-Requested-With,Content-Type,Origin,Authorization,Accept
1 < Access-Control-Allow-Methods: POST, GET, OPTIONS, HEAD
1 < Access-Control-Allow-Origin: *
1 < Access-Control-Max-Age: 1000
1 < Content-Disposition: inline; filename=getcapabilities_1.3.0.xml
1 < Content-Type: text/xml
1 < Date: Mon, 26 Oct 2020 15:21:52 GMT
1 < X-Cnection: [close, close]

15:21:52.684 [ForkJoinPool-2-worker-3] ERROR com.intuit.karate - assertion failed: path: $['Content-Length'][0], actual: null, expected: '#notnull', reason: actual json-path does not exist
15:21:52.686 [pool-4-thread-1] INFO  com.intuit.karate.Runner - <<fail>> feature 240 of 367: tmp/junit17863174098671850733/Beheer-PDOK/Ruimtelijke-plannen-Wro--Ruimtelijkeplannen-nl/view/Ruimtelijke-plannen-WMS/checkViewUrl.feature
---------------------------------------------------------
feature: tmp/junit17863174098671850733/Beheer-PDOK/Ruimtelijke-plannen-Wro--Ruimtelijkeplannen-nl/view/Ruimtelijke-plannen-WMS/checkViewUrl.feature
report: target/surefire-reports/tmp.junit17863174098671850733.Beheer-PDOK.Ruimtelijke-plannen-Wro--Ruimtelijkeplannen-nl.view.Ruimtelijke-plannen-WMS.checkViewUrl.json
scenarios:  1 | passed:  0 | failed:  1 | time: 0.5292
---------------------------------------------------------
15:21:52.690 [ForkJoinPool-2-worker-3] INFO  com.intuit.karate - karate.env system property was:  
15:21:52.691 [ForkJoinPool-2-worker-3] INFO  com.intuit.karate - [print] {
  "class": "metadata.Service",
  "electronicMailAddress": "[beheerPDOK@kadaster.nl, beheerPDOK@kadaster.nl]",
  "metadataStandardVersion": "Nederlands metadata profiel op ISO 19119 voor services 2.0",
  "operatesOn": "https://nationaalgeoregister.nl/geonetwork/srv/dut/csw?service=CSW&version=2.0.2&request=GetRecordById&outputschema=http://www.isotc211.org/2005/gmd&elementsetname=full&id=1a40eb6f-4f33-4e15-a0b1-2d350ad2636e#MD_DataIdentification",
  "organisation": "Beheer PDOK",
  "serviceIdentifierCode": "ce963e61-779f-470f-a99d-48d9796e5ba3",
  "servicetype": "view",
  "title": "Geografische Namen (INSPIRE geharmoniseerd) WMS",
  "url": "https://geodata.nationaalgeoregister.nl/inspire/gn/wms?request=GetCapabilities"
}

15:21:52.691 [ForkJoinPool-2-worker-3] INFO  com.intuit.karate - [print] testing url:https://geodata.nationaalgeoregister.nl/inspire/gn/wms?request=GetCapabilities
15:21:52.692 [ForkJoinPool-2-worker-3] DEBUG com.intuit.karate - request:
1 > HEAD https://geodata.nationaalgeoregister.nl/inspire/gn/wms?request=GetCapabilities
1 > Accept-Encoding: gzip,deflate
1 > Connection: Keep-Alive
1 > Host: geodata.nationaalgeoregister.nl
1 > User-Agent: Apache-HttpClient/4.5.11 (Java/13.0.5)

15:21:52.717 [ForkJoinPool-2-worker-7] DEBUG com.intuit.karate - response time in milliseconds: 421.12
1 < 400
1 < Access-Control-Allow-Headers: SOAPAction,X-Requested-With,Content-Type,Origin,Authorization,Accept
1 < Access-Control-Allow-Methods: POST, GET, OPTIONS, HEAD
1 < Access-Control-Allow-Origin: *
1 < Access-Control-Max-Age: 1000
1 < Content-Type: application/xml
1 < Date: Mon, 26 Oct 2020 15:21:52 GMT
1 < X-Cnection: [close, close]

15:21:52.717 [ForkJoinPool-2-worker-7] ERROR com.intuit.karate - status code was: 400, expected: 200, response time: 421, url: https://geodata.nationaalgeoregister.nl/nl/rws/tn-cte/wfs?, response: 
15:21:52.718 [pool-4-thread-3] INFO  com.intuit.karate.Runner - <<fail>> feature 242 of 367: tmp/junit17863174098671850733/Beheer-PDOK/Vervoersnetwerken---Wegen--INSPIRE-geharmoniseerd----RWS/download/Inspire-nl-vervoersnetwerken---gemeenschappelijk-elementen-WFS/checkdownloadurl.feature
---------------------------------------------------------
feature: tmp/junit17863174098671850733/Beheer-PDOK/Vervoersnetwerken---Wegen--INSPIRE-geharmoniseerd----RWS/download/Inspire-nl-vervoersnetwerken---gemeenschappelijk-elementen-WFS/checkdownloadurl.feature
report: target/surefire-reports/tmp.junit17863174098671850733.Beheer-PDOK.Vervoersnetwerken---Wegen--INSPIRE-geharmoniseerd----RWS.download.Inspire-nl-vervoersnetwerken---gemeenschappelijk-elementen-WFS.checkdownloadurl.json
scenarios:  1 | passed:  0 | failed:  1 | time: 0.4237
---------------------------------------------------------
15:21:52.719 [ForkJoinPool-2-worker-5] DEBUG com.intuit.karate - response time in milliseconds: 409.37
1 < 200
1 < Access-Control-Allow-Headers: SOAPAction,X-Requested-With,Content-Type,Origin,Authorization,Accept
1 < Access-Control-Allow-Methods: POST, GET, OPTIONS, HEAD
1 < Access-Control-Allow-Origin: *
1 < Access-Control-Max-Age: 1000
1 < Content-Disposition: inline; filename=getcapabilities_1.3.0.xml
1 < Content-Type: text/xml
1 < Date: Mon, 26 Oct 2020 15:21:52 GMT
1 < X-Cnection: [close, close]

15:21:52.720 [ForkJoinPool-2-worker-5] ERROR com.intuit.karate - assertion failed: path: $['Content-Length'][0], actual: null, expected: '#notnull', reason: actual json-path does not exist
15:21:52.721 [ForkJoinPool-2-worker-5] INFO  com.intuit.karate - karate.env system property was:  
15:21:52.722 [pool-4-thread-4] INFO  com.intuit.karate.Runner - <<fail>> feature 243 of 367: tmp/junit17863174098671850733/Beheer-PDOK/Vervoersnetwerken---Wegen--INSPIRE-geharmoniseerd----RWS/view/Vervoersnetwerken-Wegen-RWS--INSPIRE-geharmoniseerd--WMS/checkViewUrl.feature
---------------------------------------------------------
feature: tmp/junit17863174098671850733/Beheer-PDOK/Vervoersnetwerken---Wegen--INSPIRE-geharmoniseerd----RWS/view/Vervoersnetwerken-Wegen-RWS--INSPIRE-geharmoniseerd--WMS/checkViewUrl.feature
report: target/surefire-reports/tmp.junit17863174098671850733.Beheer-PDOK.Vervoersnetwerken---Wegen--INSPIRE-geharmoniseerd----RWS.view.Vervoersnetwerken-Wegen-RWS--INSPIRE-geharmoniseerd--WMS.checkViewUrl.json
scenarios:  1 | passed:  0 | failed:  1 | time: 0.4114
---------------------------------------------------------
15:21:52.722 [ForkJoinPool-2-worker-5] INFO  com.intuit.karate - [print] {
  "class": "metadata.Service",
  "electronicMailAddress": "[beheerpdok@kadaster.nl, beheerpdok@kadaster.nl]",
  "metadataStandardVersion": "Nederlands metadata profiel op ISO 19119 voor services 2.0",
  "operatesOn": "https://nationaalgeoregister.nl/geonetwork/srv/dut/csw?SERVICE=CSW&version=2.0.2&REQUEST=GetRecordById&ID=493ab81b-75f8-4205-b030-6b2fd9eb4295&OUTPUTSCHEMA=http://www.isotc211.org/2005/gmd&ELEMENTSETNAME=full#MD_DataIdentification",
  "organisation": "Beheer PDOK",
  "serviceIdentifierCode": "0080a9ce-b836-45bc-8fdf-07dcbe97101d",
  "servicetype": "download",
  "title": "INSPIRE downloadservice geharmoniseerde Beschermde Gebieden - Cultuurhistorie ATOM",
  "url": "https://service.pdok.nl/rce/ps-ch/atom/v1_0/index.xml"
}

15:21:52.722 [ForkJoinPool-2-worker-5] INFO  com.intuit.karate - [print] testing url:https://service.pdok.nl/rce/ps-ch/atom/v1_0/index.xml
15:21:52.723 [ForkJoinPool-2-worker-5] DEBUG com.intuit.karate - request:
1 > HEAD https://service.pdok.nl/rce/ps-ch/atom/v1_0/index.xml
1 > Accept-Encoding: gzip,deflate
1 > Connection: Keep-Alive
1 > Host: service.pdok.nl
1 > User-Agent: Apache-HttpClient/4.5.11 (Java/13.0.5)

15:21:52.725 [ForkJoinPool-2-worker-7] INFO  com.intuit.karate - karate.env system property was:  
15:21:52.726 [ForkJoinPool-2-worker-7] INFO  com.intuit.karate - [print] {
  "class": "metadata.Service",
  "electronicMailAddress": "[beheerPDOK@kadaster.nl, beheerPDOK@kadaster.nl]",
  "metadataStandardVersion": "Nederlands metadata profiel op ISO 19119 voor services 2.0",
  "operatesOn": "http://nationaalgeoregister.nl/geonetwork/srv/en/csw?service=CSW&version=2.0.2&request=GetRecordById&outputschema=http://www.isotc211.org/2005/gmd&elementsetname=full&id=493ab81b-75f8-4205-b030-6b2fd9eb4295#MD_DataIdentification",
  "organisation": "Beheer PDOK",
  "serviceIdentifierCode": "101a2cc7-bb53-4a16-98f9-bab1f4745b01",
  "servicetype": "download",
  "title": "Beschermde Gebieden - Cultuurhistorie (INSPIRE geharmoniseerd) WFS",
  "url": "https://service.pdok.nl/rce/ps-ch/wfs/v1_0?request=GetCapabilities&service=wfs"
}

15:21:52.726 [ForkJoinPool-2-worker-7] INFO  com.intuit.karate - [print] testing url:https://service.pdok.nl/rce/ps-ch/wfs/v1_0?request=GetCapabilities&service=wfs
15:21:52.726 [ForkJoinPool-2-worker-7] DEBUG com.intuit.karate - request:
1 > HEAD https://service.pdok.nl/rce/ps-ch/wfs/v1_0?request=GetCapabilities&service=wfs
1 > Accept-Encoding: gzip,deflate
1 > Connection: Keep-Alive
1 > Host: service.pdok.nl
1 > User-Agent: Apache-HttpClient/4.5.11 (Java/13.0.5)

15:21:53.033 [ForkJoinPool-2-worker-1] DEBUG com.intuit.karate - response time in milliseconds: 395.41
1 < 200
1 < Accept-Ranges: bytes
1 < Access-Control-Allow-Headers: SOAPAction,X-Requested-With,Content-Type,Origin,Authorization,Accept
1 < Access-Control-Allow-Methods: POST, GET, OPTIONS, HEAD
1 < Access-Control-Allow-Origin: *
1 < Access-Control-Max-Age: 1000
1 < Content-Type: application/xml
1 < Date: Mon, 26 Oct 2020 15:21:52 GMT
1 < ETag: "18178-5af58a64e98b9-gzip"
1 < Last-Modified: Tue, 15 Sep 2020 11:42:45 GMT
1 < Vary: Accept-Encoding
1 < X-Cnection: [close, close]

15:21:53.033 [ForkJoinPool-2-worker-1] ERROR com.intuit.karate - assertion failed: path: $['Content-Length'][0], actual: null, expected: '#notnull', reason: actual json-path does not exist
15:21:53.035 [pool-4-thread-2] INFO  com.intuit.karate.Runner - <<fail>> feature 244 of 367: tmp/junit17863174098671850733/Beheer-PDOK/Geografische-Namen--INSPIRE-geharmoniseerd-/download/Geografische-Namen--INSPIRE-geharmoniseerd--WFS/checkdownloadurl.feature
---------------------------------------------------------
feature: tmp/junit17863174098671850733/Beheer-PDOK/Geografische-Namen--INSPIRE-geharmoniseerd-/download/Geografische-Namen--INSPIRE-geharmoniseerd--WFS/checkdownloadurl.feature
report: target/surefire-reports/tmp.junit17863174098671850733.Beheer-PDOK.Geografische-Namen--INSPIRE-geharmoniseerd-.download.Geografische-Namen--INSPIRE-geharmoniseerd--WFS.checkdownloadurl.json
scenarios:  1 | passed:  0 | failed:  1 | time: 0.3981
---------------------------------------------------------
15:21:53.044 [ForkJoinPool-2-worker-1] INFO  com.intuit.karate - karate.env system property was:  
15:21:53.046 [ForkJoinPool-2-worker-1] INFO  com.intuit.karate - [print] {
  "class": "metadata.Service",
  "electronicMailAddress": "[beheerPDOK@kadaster.nl, beheerPDOK@kadaster.nl]",
  "metadataStandardVersion": "Nederlands metadata profiel op ISO 19119 voor services 2.0",
  "operatesOn": "https://www.nationaalgeoregister.nl:443/geonetwork/srv/dut/csw?service=CSW&request=GetRecordById&version=2.0.2&outputSchema=http://www.isotc211.org/2005/gmd&elementSetName=full&id=493ab81b-75f8-4205-b030-6b2fd9eb4295#MD_DataIdentification",
  "organisation": "Beheer PDOK",
  "serviceIdentifierCode": "7b8f44b5-6eae-4113-a835-84b8678c3dd5",
  "servicetype": "view",
  "title": "Beschermde Gebieden - Cultuurhistorie (INSPIRE geharmoniseerd) WMS",
  "url": "https://service.pdok.nl/rce/ps-ch/wms/v1_0?request=GetCapabilities&service=WMS"
}

15:21:53.050 [ForkJoinPool-2-worker-1] INFO  com.intuit.karate - [print] testing url:https://service.pdok.nl/rce/ps-ch/wms/v1_0?request=GetCapabilities&service=WMS
15:21:53.052 [ForkJoinPool-2-worker-1] DEBUG com.intuit.karate - request:
1 > HEAD https://service.pdok.nl/rce/ps-ch/wms/v1_0?request=GetCapabilities&service=WMS
1 > Accept-Encoding: gzip,deflate
1 > Connection: Keep-Alive
1 > Host: service.pdok.nl
1 > User-Agent: Apache-HttpClient/4.5.11 (Java/13.0.5)

15:21:53.092 [ForkJoinPool-2-worker-5] DEBUG com.intuit.karate - response time in milliseconds: 368.92
1 < 200
1 < Accept-Ranges: bytes
1 < Access-Control-Allow-Headers: Content-Type
1 < Access-Control-Allow-Method: GET,OPTIONS,HEAD
1 < Access-Control-Allow-Origin: *
1 < Content-Length: 3377
1 < Content-Type: text/xml
1 < Date: Mon, 26 Oct 2020 15:21:53 GMT
1 < Etag: "597345435"
1 < Last-Modified: Mon, 26 Oct 2020 04:49:38 GMT
1 < Server: PDOK ATOM SERVER
1 < Strict-Transport-Security: max-age=3600; includeSubDomains; preload

15:21:53.094 [pool-4-thread-3] INFO  com.intuit.karate.Runner - <<pass>> feature 246 of 367: tmp/junit17863174098671850733/Beheer-PDOK/INSPIRE-geharmoniseerde-Beschermde-Gebieden---Cultuur-Historie/download/INSPIRE-downloadservice-geharmoniseerde-Beschermde-Gebieden---Cultuurhistorie-ATOM/checkdownloadurl.feature
---------------------------------------------------------
feature: tmp/junit17863174098671850733/Beheer-PDOK/INSPIRE-geharmoniseerde-Beschermde-Gebieden---Cultuur-Historie/download/INSPIRE-downloadservice-geharmoniseerde-Beschermde-Gebieden---Cultuurhistorie-ATOM/checkdownloadurl.feature
report: target/surefire-reports/tmp.junit17863174098671850733.Beheer-PDOK.INSPIRE-geharmoniseerde-Beschermde-Gebieden---Cultuur-Historie.download.INSPIRE-downloadservice-geharmoniseerde-Beschermde-Gebieden---Cultuurhistorie-ATOM.checkdownloadurl.json
scenarios:  1 | passed:  1 | failed:  0 | time: 0.3709
---------------------------------------------------------
15:21:53.096 [ForkJoinPool-2-worker-7] DEBUG com.intuit.karate - response time in milliseconds: 369.49
1 < 200
1 < Access-Control-Allow-Headers: Content-Type
1 < Access-Control-Allow-Method: GET,POST,OPTIONS
1 < Access-Control-Allow-Origin: *
1 < Content-Length: 16933
1 < Content-Type: text/xml; charset=UTF-8
1 < Date: Mon, 26 Oct 2020 15:21:53 GMT
1 < Server: lighttpd/1.4.53
1 < Strict-Transport-Security: max-age=3600; includeSubDomains; preload

15:21:53.096 [ForkJoinPool-2-worker-7] ERROR com.intuit.karate - assertion failed: path: $['Content-Type'][0], actual: 'text/xml; charset=UTF-8', expected: 'text/xml', reason: not equal
15:21:53.097 [pool-4-thread-4] INFO  com.intuit.karate.Runner - <<fail>> feature 247 of 367: tmp/junit17863174098671850733/Beheer-PDOK/INSPIRE-geharmoniseerde-Beschermde-Gebieden---Cultuur-Historie/download/Beschermde-Gebieden---Cultuurhistorie--INSPIRE-geharmoniseerd--WFS/checkdownloadurl.feature
---------------------------------------------------------
feature: tmp/junit17863174098671850733/Beheer-PDOK/INSPIRE-geharmoniseerde-Beschermde-Gebieden---Cultuur-Historie/download/Beschermde-Gebieden---Cultuurhistorie--INSPIRE-geharmoniseerd--WFS/checkdownloadurl.feature
report: target/surefire-reports/tmp.junit17863174098671850733.Beheer-PDOK.INSPIRE-geharmoniseerde-Beschermde-Gebieden---Cultuur-Historie.download.Beschermde-Gebieden---Cultuurhistorie--INSPIRE-geharmoniseerd--WFS.checkdownloadurl.json
scenarios:  1 | passed:  0 | failed:  1 | time: 0.3712
---------------------------------------------------------
15:21:53.099 [ForkJoinPool-2-worker-3] DEBUG com.intuit.karate - response time in milliseconds: 406.80
1 < 200
1 < Access-Control-Allow-Headers: SOAPAction,X-Requested-With,Content-Type,Origin,Authorization,Accept
1 < Access-Control-Allow-Methods: POST, GET, OPTIONS, HEAD
1 < Access-Control-Allow-Origin: *
1 < Access-Control-Max-Age: 1000
1 < Content-Disposition: inline; filename=getcapabilities_1.3.0.xml
1 < Content-Type: text/xml
1 < Date: Mon, 26 Oct 2020 15:21:53 GMT
1 < X-Cnection: [close, close]

15:21:53.099 [ForkJoinPool-2-worker-3] ERROR com.intuit.karate - assertion failed: path: $['Content-Length'][0], actual: null, expected: '#notnull', reason: actual json-path does not exist
15:21:53.100 [pool-4-thread-1] INFO  com.intuit.karate.Runner - <<fail>> feature 245 of 367: tmp/junit17863174098671850733/Beheer-PDOK/Geografische-Namen--INSPIRE-geharmoniseerd-/view/Geografische-Namen--INSPIRE-geharmoniseerd--WMS/checkViewUrl.feature
---------------------------------------------------------
feature: tmp/junit17863174098671850733/Beheer-PDOK/Geografische-Namen--INSPIRE-geharmoniseerd-/view/Geografische-Namen--INSPIRE-geharmoniseerd--WMS/checkViewUrl.feature
report: target/surefire-reports/tmp.junit17863174098671850733.Beheer-PDOK.Geografische-Namen--INSPIRE-geharmoniseerd-.view.Geografische-Namen--INSPIRE-geharmoniseerd--WMS.checkViewUrl.json
scenarios:  1 | passed:  0 | failed:  1 | time: 0.4089
---------------------------------------------------------
15:21:53.100 [ForkJoinPool-2-worker-7] INFO  com.intuit.karate - karate.env system property was:  
15:21:53.101 [ForkJoinPool-2-worker-7] INFO  com.intuit.karate - [print] {
  "class": "metadata.Service",
  "electronicMailAddress": "[beheerpdok@kadaster.nl, beheerpdok@kadaster.nl]",
  "metadataStandardVersion": "Nederlands metadata profiel op ISO 19119 voor services 2.0",
  "operatesOn": "[http://nationaalgeoregister.nl/geonetwork/srv/en/csw?service=CSW&version=2.0.2&request=GetRecordById&outputschema=http://www.isotc211.org/2005/gmd&elementsetname=full&id=49ab8bee-b467-486a-96ca-b950443c453a#MD_DataIdentification, http://nationaalgeoregister.nl/geonetwork/srv/en/csw?service=CSW&version=2.0.2&request=GetRecordById&outputschema=http://www.isotc211.org/2005/gmd&elementsetname=full&id=f002bfc5-7d87-46b6-819e-8415422b65c9#MD_DataIdentification, http://nationaalgeoregister.nl/geonetwork/srv/en/csw?service=CSW&version=2.0.2&request=GetRecordById&outputschema=http://www.isotc211.org/2005/gmd&elementsetname=full&id=f0821bfe-5a0a-11e9-8647-d663bd873d93#MD_DataIdentification, http://nationaalgeoregister.nl/geonetwork/srv/en/csw?service=CSW&version=2.0.2&request=GetRecordById&outputschema=http://www.isotc211.org/2005/gmd&elementsetname=full&id=60a2a7c2-d5b3-4ad5-b562-c448695357fb#MD_DataIdentification, http://nationaalgeoregister.nl/geonetwork/srv/en/csw?service=CSW&version=2.0.2&request=GetRecordById&outputschema=http://www.isotc211.org/2005/gmd&elementsetname=full&id=c7d8d77b-8c47-4309-8c58-9b12b086407f#MD_DataIdentification, http://nationaalgeoregister.nl/geonetwork/srv/en/csw?service=CSW&version=2.0.2&request=GetRecordById&outputschema=http://www.isotc211.org/2005/gmd&elementsetname=full&id=ca94a0cb-7561-4a10-a7d6-b840e56c33ff#MD_DataIdentification, http://nationaalgeoregister.nl/geonetwork/srv/en/csw?service=CSW&version=2.0.2&request=GetRecordById&outputschema=http://www.isotc211.org/2005/gmd&elementsetname=full&id=cc408b2d-09a6-4b2b-9aa3-b46bfe2f00a5#MD_DataIdentification, http://nationaalgeoregister.nl/geonetwork/srv/en/csw?service=CSW&version=2.0.2&request=GetRecordById&outputschema=http://www.isotc211.org/2005/gmd&elementsetname=full&id=998ba1dc-f6a6-49a3-a021-51f30d9b1d0e#MD_DataIdentification, https://www.nationaalgeoregister.nl:443/geonetwork/srv/dut/csw?service=CSW&request=GetRecordById&version=2.0.2&outputSchema=http://www.isotc211.org/2005/gmd&elementSetName=full&id=49ab8bee-b467-486a-96ca-b950443c453a#MD_DataIdentification]",
  "organisation": "Beheer PDOK",
  "serviceIdentifierCode": "25c69c01-8dfa-406f-bbcb-24feba25dcc6",
  "servicetype": "view",
  "title": "Beschermde gebieden - Provincies (INSPIRE geharmoniseerd) WMS V1",
  "url": "https://geodata.nationaalgeoregister.nl/provincies/ps/wms/v1?SERVICE=WMS&REQUEST=GetCapabilities"
}

15:21:53.101 [ForkJoinPool-2-worker-7] INFO  com.intuit.karate - [print] testing url:https://geodata.nationaalgeoregister.nl/provincies/ps/wms/v1?SERVICE=WMS&REQUEST=GetCapabilities
15:21:53.102 [ForkJoinPool-2-worker-7] DEBUG com.intuit.karate - request:
1 > HEAD https://geodata.nationaalgeoregister.nl/provincies/ps/wms/v1?SERVICE=WMS&REQUEST=GetCapabilities
1 > Accept-Encoding: gzip,deflate
1 > Connection: Keep-Alive
1 > Host: geodata.nationaalgeoregister.nl
1 > User-Agent: Apache-HttpClient/4.5.11 (Java/13.0.5)

15:21:53.105 [ForkJoinPool-2-worker-3] INFO  com.intuit.karate - karate.env system property was:  
15:21:53.106 [ForkJoinPool-2-worker-3] INFO  com.intuit.karate - [print] {
  "class": "metadata.Service",
  "electronicMailAddress": "[beheerPDOK@kadaster.nl, beheerPDOK@kadaster.nl]",
  "metadataStandardVersion": "Nederlands metadata profiel op ISO 19119 voor services 2.0",
  "operatesOn": "[https://www.nationaalgeoregister.nl:443/geonetwork/srv/dut/csw?service=CSW&request=GetRecordById&version=2.0.2&outputSchema=http://www.isotc211.org/2005/gmd&elementSetName=full&id=1be28290-55fa-4486-b9d3-b9d147117863#MD_DataIdentification, https://www.nationaalgeoregister.nl:443/geonetwork/srv/dut/csw?service=CSW&request=GetRecordById&version=2.0.2&outputSchema=http://www.isotc211.org/2005/gmd&elementSetName=full&id=7c24ea89-074e-4c4f-91e3-d38e813e9cb6#MD_DataIdentification, https://www.nationaalgeoregister.nl:443/geonetwork/srv/dut/csw?service=CSW&request=GetRecordById&version=2.0.2&outputSchema=http://www.isotc211.org/2005/gmd&elementSetName=full&id=7f5d7945-8fa8-4d36-be4c-2fdb3c7d613b#MD_DataIdentification, https://www.nationaalgeoregister.nl:443/geonetwork/srv/dut/csw?service=CSW&request=GetRecordById&version=2.0.2&outputSchema=http://www.isotc211.org/2005/gmd&elementSetName=full&id=9ed6b8ed-254a-4745-a09a-3b57137d1b69#MD_DataIdentification]",
  "organisation": "Beheer PDOK",
  "serviceIdentifierCode": "d7a395a2-8673-4794-a5a6-fed6492cd580",
  "servicetype": "view",
  "title": "Luchtfoto Beeldmateriaal / PDOK 25 cm Infrarood WMS",
  "url": "https://geodata.nationaalgeoregister.nl/luchtfoto/infrarood/wms?request=GetCapabilities"
}

15:21:53.106 [ForkJoinPool-2-worker-3] INFO  com.intuit.karate - [print] testing url:https://geodata.nationaalgeoregister.nl/luchtfoto/infrarood/wms?request=GetCapabilities
15:21:53.107 [ForkJoinPool-2-worker-3] DEBUG com.intuit.karate - request:
1 > HEAD https://geodata.nationaalgeoregister.nl/luchtfoto/infrarood/wms?request=GetCapabilities
1 > Accept-Encoding: gzip,deflate
1 > Connection: Keep-Alive
1 > Host: geodata.nationaalgeoregister.nl
1 > User-Agent: Apache-HttpClient/4.5.11 (Java/13.0.5)

15:21:53.107 [ForkJoinPool-2-worker-5] INFO  com.intuit.karate - karate.env system property was:  
15:21:53.109 [ForkJoinPool-2-worker-5] INFO  com.intuit.karate - [print] {
  "class": "metadata.Service",
  "electronicMailAddress": "[beheerPDOK@kadaster.nl, beheerpdok@kadaster.nl]",
  "metadataStandardVersion": "Nederlands metadata profiel op ISO 19119 voor services 2.0",
  "operatesOn": "[http://nationaalgeoregister.nl/geonetwork/srv/en/csw?service=CSW&version=2.0.2&request=GetRecordById&outputschema=http://www.isotc211.org/2005/gmd&elementsetname=full&id=49ab8bee-b467-486a-96ca-b950443c453a#MD_DataIdentification, http://nationaalgeoregister.nl/geonetwork/srv/en/csw?service=CSW&version=2.0.2&request=GetRecordById&outputschema=http://www.isotc211.org/2005/gmd&elementsetname=full&id=f002bfc5-7d87-46b6-819e-8415422b65c9#MD_DataIdentification, http://nationaalgeoregister.nl/geonetwork/srv/en/csw?service=CSW&version=2.0.2&request=GetRecordById&outputschema=http://www.isotc211.org/2005/gmd&elementsetname=full&id=f0821bfe-5a0a-11e9-8647-d663bd873d93#MD_DataIdentification, http://nationaalgeoregister.nl/geonetwork/srv/en/csw?service=CSW&version=2.0.2&request=GetRecordById&outputschema=http://www.isotc211.org/2005/gmd&elementsetname=full&id=60a2a7c2-d5b3-4ad5-b562-c448695357fb#MD_DataIdentification, http://nationaalgeoregister.nl/geonetwork/srv/en/csw?service=CSW&version=2.0.2&request=GetRecordById&outputschema=http://www.isotc211.org/2005/gmd&elementsetname=full&id=c7d8d77b-8c47-4309-8c58-9b12b086407f#MD_DataIdentification, http://nationaalgeoregister.nl/geonetwork/srv/en/csw?service=CSW&version=2.0.2&request=GetRecordById&outputschema=http://www.isotc211.org/2005/gmd&elementsetname=full&id=ca94a0cb-7561-4a10-a7d6-b840e56c33ff#MD_DataIdentification, http://nationaalgeoregister.nl/geonetwork/srv/en/csw?service=CSW&version=2.0.2&request=GetRecordById&outputschema=http://www.isotc211.org/2005/gmd&elementsetname=full&id=cc408b2d-09a6-4b2b-9aa3-b46bfe2f00a5#MD_DataIdentification, http://nationaalgeoregister.nl/geonetwork/srv/en/csw?service=CSW&version=2.0.2&request=GetRecordById&outputschema=http://www.isotc211.org/2005/gmd&elementsetname=full&id=998ba1dc-f6a6-49a3-a021-51f30d9b1d0e#MD_DataIdentification, https://www.nationaalgeoregister.nl:443/geonetwork/srv/dut/csw?service=CSW&request=GetRecordById&version=2.0.2&outputSchema=http://www.isotc211.org/2005/gmd&elementSetName=full&id=49ab8bee-b467-486a-96ca-b950443c453a#MD_DataIdentification]",
  "organisation": "Beheer PDOK",
  "serviceIdentifierCode": "93c8762c-4cbb-42b0-9b02-89ef902e8880",
  "servicetype": "download",
  "title": "Beschermde gebieden - Provincies (INSPIRE geharmoniseerd) ATOM V1",
  "url": "https://geodata.nationaalgeoregister.nl/provincies/ps/atom/v1/index.xml"
}

15:21:53.109 [ForkJoinPool-2-worker-5] INFO  com.intuit.karate - [print] testing url:https://geodata.nationaalgeoregister.nl/provincies/ps/atom/v1/index.xml
15:21:53.110 [ForkJoinPool-2-worker-5] DEBUG com.intuit.karate - request:
1 > HEAD https://geodata.nationaalgeoregister.nl/provincies/ps/atom/v1/index.xml
1 > Accept-Encoding: gzip,deflate
1 > Connection: Keep-Alive
1 > Host: geodata.nationaalgeoregister.nl
1 > User-Agent: Apache-HttpClient/4.5.11 (Java/13.0.5)

15:21:53.417 [ForkJoinPool-2-worker-1] DEBUG com.intuit.karate - response time in milliseconds: 362.92
1 < 200
1 < Access-Control-Allow-Headers: Content-Type
1 < Access-Control-Allow-Method: GET,POST,OPTIONS
1 < Access-Control-Allow-Origin: *
1 < Content-Length: 10171
1 < Content-Type: text/xml; charset=UTF-8
1 < Date: Mon, 26 Oct 2020 15:21:53 GMT
1 < Server: lighttpd/1.4.53
1 < Strict-Transport-Security: max-age=3600; includeSubDomains; preload

15:21:53.419 [pool-4-thread-2] INFO  com.intuit.karate.Runner - <<pass>> feature 248 of 367: tmp/junit17863174098671850733/Beheer-PDOK/INSPIRE-geharmoniseerde-Beschermde-Gebieden---Cultuur-Historie/view/Beschermde-Gebieden---Cultuurhistorie--INSPIRE-geharmoniseerd--WMS/checkViewUrl.feature
---------------------------------------------------------
feature: tmp/junit17863174098671850733/Beheer-PDOK/INSPIRE-geharmoniseerde-Beschermde-Gebieden---Cultuur-Historie/view/Beschermde-Gebieden---Cultuurhistorie--INSPIRE-geharmoniseerd--WMS/checkViewUrl.feature
report: target/surefire-reports/tmp.junit17863174098671850733.Beheer-PDOK.INSPIRE-geharmoniseerde-Beschermde-Gebieden---Cultuur-Historie.view.Beschermde-Gebieden---Cultuurhistorie--INSPIRE-geharmoniseerd--WMS.checkViewUrl.json
scenarios:  1 | passed:  1 | failed:  0 | time: 0.3722
---------------------------------------------------------
15:21:53.428 [ForkJoinPool-2-worker-1] INFO  com.intuit.karate - karate.env system property was:  
15:21:53.430 [ForkJoinPool-2-worker-1] INFO  com.intuit.karate - [print] {
  "class": "metadata.Service",
  "electronicMailAddress": "[beheerPDOK@kadaster.nl, beheerPDOK@kadaster.nl]",
  "metadataStandardVersion": "Nederlands metadata profiel op ISO 19119 voor services 2.0",
  "operatesOn": "http://nationaalgeoregister.nl/geonetwork/srv/dut/csw?service=CSW&version=2.0.2&request=GetRecordById&outputschema=http://www.isotc211.org/2005/gmd&elementsetname=full&id=28c4780a-1a44-4376-b283-14a50a481729#MD_DataIdentification",
  "organisation": "Beheer PDOK",
  "serviceIdentifierCode": "9c4862c3-0bab-49c3-bc2f-ac5486826766",
  "servicetype": "download",
  "title": "Habitatrichtlijn verspreiding van soorten WFS",
  "url": "https://geodata.nationaalgeoregister.nl/habitatrichtlijnverspreidingsoorten/v2/wfs?request=GetCapabilities"
}

15:21:53.433 [ForkJoinPool-2-worker-1] INFO  com.intuit.karate - [print] testing url:https://geodata.nationaalgeoregister.nl/habitatrichtlijnverspreidingsoorten/v2/wfs?request=GetCapabilities
15:21:53.434 [ForkJoinPool-2-worker-1] DEBUG com.intuit.karate - request:
1 > HEAD https://geodata.nationaalgeoregister.nl/habitatrichtlijnverspreidingsoorten/v2/wfs?request=GetCapabilities
1 > Accept-Encoding: gzip,deflate
1 > Connection: Keep-Alive
1 > Host: geodata.nationaalgeoregister.nl
1 > User-Agent: Apache-HttpClient/4.5.11 (Java/13.0.5)

15:21:53.501 [ForkJoinPool-2-worker-3] DEBUG com.intuit.karate - response time in milliseconds: 393.91
1 < 200
1 < Accept-Ranges: bytes
1 < Access-Control-Allow-Headers: SOAPAction,X-Requested-With,Content-Type,Origin,Authorization,Accept
1 < Access-Control-Allow-Methods: POST, GET, OPTIONS, HEAD
1 < Access-Control-Allow-Origin: *
1 < Access-Control-Max-Age: 1000
1 < Content-Type: application/xml
1 < Date: Mon, 26 Oct 2020 15:21:53 GMT
1 < ETag: "22af-59fdeb7b20bac-gzip"
1 < Last-Modified: Mon, 02 Mar 2020 12:56:37 GMT
1 < Vary: Accept-Encoding
1 < X-Cnection: [close, close]

15:21:53.502 [ForkJoinPool-2-worker-3] ERROR com.intuit.karate - assertion failed: path: $['Content-Length'][0], actual: null, expected: '#notnull', reason: actual json-path does not exist
15:21:53.503 [pool-4-thread-1] INFO  com.intuit.karate.Runner - <<fail>> feature 251 of 367: tmp/junit17863174098671850733/Beheer-PDOK/Luchtfoto-2019-25cm-CIR-open-data/view/Luchtfoto-Beeldmateriaal-/-PDOK-25-cm-Infrarood-WMS/checkViewUrl.feature
---------------------------------------------------------
feature: tmp/junit17863174098671850733/Beheer-PDOK/Luchtfoto-2019-25cm-CIR-open-data/view/Luchtfoto-Beeldmateriaal-/-PDOK-25-cm-Infrarood-WMS/checkViewUrl.feature
report: target/surefire-reports/tmp.junit17863174098671850733.Beheer-PDOK.Luchtfoto-2019-25cm-CIR-open-data.view.Luchtfoto-Beeldmateriaal-.-PDOK-25-cm-Infrarood-WMS.checkViewUrl.json
scenarios:  1 | passed:  0 | failed:  1 | time: 0.3966
---------------------------------------------------------
15:21:53.510 [ForkJoinPool-2-worker-3] INFO  com.intuit.karate - karate.env system property was:  
15:21:53.513 [ForkJoinPool-2-worker-7] DEBUG com.intuit.karate - response time in milliseconds: 410.83
1 < 200
1 < Access-Control-Allow-Headers: SOAPAction,X-Requested-With,Content-Type,Origin,Authorization,Accept
1 < Access-Control-Allow-Methods: POST, GET, OPTIONS, HEAD
1 < Access-Control-Allow-Origin: *
1 < Access-Control-Max-Age: 1000
1 < Content-Length: 73
1 < Content-Type: text/html; charset=UTF-8
1 < Date: Mon, 26 Oct 2020 15:21:53 GMT
1 < Server: lighttpd/1.4.53
1 < X-Cnection: [close, close]

15:21:53.514 [pool-4-thread-4] INFO  com.intuit.karate.Runner - <<pass>> feature 250 of 367: tmp/junit17863174098671850733/Beheer-PDOK/Beschermde-gebieden---Provincies--INSPIRE-geharmoniseerd-/view/Beschermde-gebieden---Provincies--INSPIRE-geharmoniseerd--WMS-V1/checkViewUrl.feature
---------------------------------------------------------
feature: tmp/junit17863174098671850733/Beheer-PDOK/Beschermde-gebieden---Provincies--INSPIRE-geharmoniseerd-/view/Beschermde-gebieden---Provincies--INSPIRE-geharmoniseerd--WMS-V1/checkViewUrl.feature
report: target/surefire-reports/tmp.junit17863174098671850733.Beheer-PDOK.Beschermde-gebieden---Provincies--INSPIRE-geharmoniseerd-.view.Beschermde-gebieden---Provincies--INSPIRE-geharmoniseerd--WMS-V1.checkViewUrl.json
scenarios:  1 | passed:  1 | failed:  0 | time: 0.4128
---------------------------------------------------------
15:21:53.517 [ForkJoinPool-2-worker-7] INFO  com.intuit.karate - karate.env system property was:  
15:21:53.518 [ForkJoinPool-2-worker-7] INFO  com.intuit.karate - [print] {
  "class": "metadata.Service",
  "electronicMailAddress": "[beheerPDOK@kadaster.nl, beheerPDOK@kadaster.nl]",
  "metadataStandardVersion": "Nederlands metadata profiel op ISO 19119 voor services 2.0",
  "operatesOn": "http://nationaalgeoregister.nl/geonetwork/srv/en/csw?service=CSW&version=2.0.2&request=GetRecordById&outputschema=http://www.isotc211.org/2005/gmd&elementsetname=full&id=977e0e94-7aa9-4784-b2da-eaec44adb61b#MD_DataIdentification",
  "organisation": "Beheer PDOK",
  "serviceIdentifierCode": "af4841b5-ce83-4edb-af41-429a21140316",
  "servicetype": "download",
  "title": "Habitatrichtlijn verspreiding van typen WFS",
  "url": "https://geodata.nationaalgeoregister.nl/habitatrichtlijnverspreidingtypen/wfs?request=GetCapabilities"
}

15:21:53.518 [ForkJoinPool-2-worker-7] INFO  com.intuit.karate - [print] testing url:https://geodata.nationaalgeoregister.nl/habitatrichtlijnverspreidingtypen/wfs?request=GetCapabilities
15:21:53.519 [ForkJoinPool-2-worker-7] DEBUG com.intuit.karate - request:
1 > HEAD https://geodata.nationaalgeoregister.nl/habitatrichtlijnverspreidingtypen/wfs?request=GetCapabilities
1 > Accept-Encoding: gzip,deflate
1 > Connection: Keep-Alive
1 > Host: geodata.nationaalgeoregister.nl
1 > User-Agent: Apache-HttpClient/4.5.11 (Java/13.0.5)

15:21:53.522 [ForkJoinPool-2-worker-3] INFO  com.intuit.karate - [print] {
  "class": "metadata.Service",
  "electronicMailAddress": "[beheer@pdok.nl, beheer@pdok.nl]",
  "metadataStandardVersion": "Nederlands metadata profiel op ISO 19119 voor services 2.0",
  "operatesOn": "http://nationaalgeoregister.nl/geonetwork/srv/dut/csw?service=CSW&version=2.0.2&request=GetRecordById&outputschema=http://www.isotc211.org/2005/gmd&elementsetname=full&id=28c4780a-1a44-4376-b283-14a50a481729#MD_DataIdentification",
  "organisation": "Beheer PDOK",
  "serviceIdentifierCode": "1ce74355-763a-481d-b9d7-aaafbf0d7d53",
  "servicetype": "view",
  "title": "Habitatrichtlijn verspreiding van soorten WMS",
  "url": "https://geodata.nationaalgeoregister.nl/habitatrichtlijnverspreidingsoorten/v2/wms?request=GetCapabilities"
}

15:21:53.523 [ForkJoinPool-2-worker-3] INFO  com.intuit.karate - [print] testing url:https://geodata.nationaalgeoregister.nl/habitatrichtlijnverspreidingsoorten/v2/wms?request=GetCapabilities
15:21:53.523 [ForkJoinPool-2-worker-3] DEBUG com.intuit.karate - request:
1 > HEAD https://geodata.nationaalgeoregister.nl/habitatrichtlijnverspreidingsoorten/v2/wms?request=GetCapabilities
1 > Accept-Encoding: gzip,deflate
1 > Connection: Keep-Alive
1 > Host: geodata.nationaalgeoregister.nl
1 > User-Agent: Apache-HttpClient/4.5.11 (Java/13.0.5)

15:21:53.627 [ForkJoinPool-2-worker-5] DEBUG com.intuit.karate - response time in milliseconds: 516.86
1 < 200
1 < Accept-Ranges: bytes
1 < Access-Control-Allow-Headers: SOAPAction,X-Requested-With,Content-Type,Origin,Authorization,Accept
1 < Access-Control-Allow-Methods: POST, GET, OPTIONS, HEAD
1 < Access-Control-Allow-Origin: *
1 < Access-Control-Max-Age: 1000
1 < Content-Length: 11308
1 < Content-Security-Policy: block-all-mixed-content
1 < Content-Type: application/xml
1 < Date: Mon, 26 Oct 2020 15:21:53 GMT
1 < Etag: "6a5a193d3183c09bef2e90757c76cd43-1"
1 < Last-Modified: Wed, 20 Nov 2019 11:50:24 GMT
1 < Server: MinIO/RELEASE.2020-09-21T22-31-59Z
1 < Vary: Origin
1 < X-Amz-Bucket-Region: Amsterdam
1 < X-Amz-Request-Id: 1641940A1CA80CCF
1 < X-Cnection: [close, close]
1 < X-Xss-Protection: 1; mode=block

15:21:53.627 [ForkJoinPool-2-worker-5] ERROR com.intuit.karate - assertion failed: path: $['Content-Type'][0], actual: 'application/xml', expected: 'text/xml', reason: not equal
15:21:53.632 [pool-4-thread-3] INFO  com.intuit.karate.Runner - <<fail>> feature 249 of 367: tmp/junit17863174098671850733/Beheer-PDOK/Beschermde-gebieden---Provincies--INSPIRE-geharmoniseerd-/download/Beschermde-gebieden---Provincies--INSPIRE-geharmoniseerd--ATOM-V1/checkdownloadurl.feature
---------------------------------------------------------
feature: tmp/junit17863174098671850733/Beheer-PDOK/Beschermde-gebieden---Provincies--INSPIRE-geharmoniseerd-/download/Beschermde-gebieden---Provincies--INSPIRE-geharmoniseerd--ATOM-V1/checkdownloadurl.feature
report: target/surefire-reports/tmp.junit17863174098671850733.Beheer-PDOK.Beschermde-gebieden---Provincies--INSPIRE-geharmoniseerd-.download.Beschermde-gebieden---Provincies--INSPIRE-geharmoniseerd--ATOM-V1.checkdownloadurl.json
scenarios:  1 | passed:  0 | failed:  1 | time: 0.5192
---------------------------------------------------------
15:21:53.650 [ForkJoinPool-2-worker-5] INFO  com.intuit.karate - karate.env system property was:  
15:21:53.654 [ForkJoinPool-2-worker-5] INFO  com.intuit.karate - [print] {
  "class": "metadata.Service",
  "electronicMailAddress": "[beheerpdok@kadaster.nl, beheerpdok@kadaster.nl]",
  "metadataStandardVersion": "Nederlands metadata profiel op ISO 19119 voor services 2.0",
  "operatesOn": "http://nationaalgeoregister.nl/geonetwork/srv/dut/csw?service=CSW&version=2.0.2&request=GetRecordById&outputschema=http://www.isotc211.org/2005/gmd&elementsetname=full&id=977e0e94-7aa9-4784-b2da-eaec44adb61b#MD_DataIdentification",
  "organisation": "Beheer PDOK",
  "serviceIdentifierCode": "2b9da196-422e-4b0e-a5ba-ba41ade308e9",
  "servicetype": "view",
  "title": "Habitatrichtlijn verspreiding van habitattypen WMS",
  "url": "https://geodata.nationaalgeoregister.nl/habitatrichtlijnverspreidingtypen/wms?request=GetCapabilities"
}

15:21:53.657 [ForkJoinPool-2-worker-5] INFO  com.intuit.karate - [print] testing url:https://geodata.nationaalgeoregister.nl/habitatrichtlijnverspreidingtypen/wms?request=GetCapabilities
15:21:53.658 [ForkJoinPool-2-worker-5] DEBUG com.intuit.karate - request:
1 > HEAD https://geodata.nationaalgeoregister.nl/habitatrichtlijnverspreidingtypen/wms?request=GetCapabilities
1 > Accept-Encoding: gzip,deflate
1 > Connection: Keep-Alive
1 > Host: geodata.nationaalgeoregister.nl
1 > User-Agent: Apache-HttpClient/4.5.11 (Java/13.0.5)

15:21:53.845 [ForkJoinPool-2-worker-1] DEBUG com.intuit.karate - response time in milliseconds: 407.77
1 < 200
1 < Access-Control-Allow-Headers: SOAPAction,X-Requested-With,Content-Type,Origin,Authorization,Accept
1 < Access-Control-Allow-Methods: POST, GET, OPTIONS, HEAD
1 < Access-Control-Allow-Origin: *
1 < Access-Control-Max-Age: 1000
1 < Content-Length: 73
1 < Content-Type: text/html; charset=UTF-8
1 < Date: Mon, 26 Oct 2020 15:21:53 GMT
1 < Server: lighttpd/1.4.53
1 < X-Cnection: [close, close]

15:21:53.845 [ForkJoinPool-2-worker-1] ERROR com.intuit.karate - assertion failed: path: $['Content-Type'][0], actual: 'text/html; charset=UTF-8', expected: 'text/xml', reason: not equal
15:21:53.849 [pool-4-thread-2] INFO  com.intuit.karate.Runner - <<fail>> feature 252 of 367: tmp/junit17863174098671850733/Beheer-PDOK/Habitatrichtlijn-verspreiding-van-soorten/download/Habitatrichtlijn-verspreiding-van-soorten-WFS/checkdownloadurl.feature
---------------------------------------------------------
feature: tmp/junit17863174098671850733/Beheer-PDOK/Habitatrichtlijn-verspreiding-van-soorten/download/Habitatrichtlijn-verspreiding-van-soorten-WFS/checkdownloadurl.feature
report: target/surefire-reports/tmp.junit17863174098671850733.Beheer-PDOK.Habitatrichtlijn-verspreiding-van-soorten.download.Habitatrichtlijn-verspreiding-van-soorten-WFS.checkdownloadurl.json
scenarios:  1 | passed:  0 | failed:  1 | time: 0.4165
---------------------------------------------------------
15:21:53.855 [ForkJoinPool-2-worker-1] INFO  com.intuit.karate - karate.env system property was:  
15:21:53.856 [ForkJoinPool-2-worker-1] INFO  com.intuit.karate - [print] {
  "class": "metadata.Service",
  "electronicMailAddress": "[beheerPDOK@kadaster.nl, beheerPDOK@kadaster.nl]",
  "metadataStandardVersion": "Nederlands metadata profiel op ISO 19119 voor services 2.0",
  "operatesOn": "http://nationaalgeoregister.nl/geonetwork/srv/en/csw?service=CSW&version=2.0.2&request=GetRecordById&outputschema=http://www.isotc211.org/2005/gmd&elementsetname=full&id=977e0e94-7aa9-4784-b2da-eaec44adb61b#MD_DataIdentification",
  "organisation": "Beheer PDOK",
  "serviceIdentifierCode": "b0119753-5625-4500-9df3-13823ff9868f",
  "servicetype": "view",
  "title": "Habitatrichtlijn verspreiding van typen WMS",
  "url": "https://geodata.nationaalgeoregister.nl/habitatrichtlijnverspreidingtypen/wms?request=GetCapabilities"
}

15:21:53.856 [ForkJoinPool-2-worker-1] INFO  com.intuit.karate - [print] testing url:https://geodata.nationaalgeoregister.nl/habitatrichtlijnverspreidingtypen/wms?request=GetCapabilities
15:21:53.857 [ForkJoinPool-2-worker-1] DEBUG com.intuit.karate - request:
1 > HEAD https://geodata.nationaalgeoregister.nl/habitatrichtlijnverspreidingtypen/wms?request=GetCapabilities
1 > Accept-Encoding: gzip,deflate
1 > Connection: Keep-Alive
1 > Host: geodata.nationaalgeoregister.nl
1 > User-Agent: Apache-HttpClient/4.5.11 (Java/13.0.5)

15:21:53.946 [ForkJoinPool-2-worker-7] DEBUG com.intuit.karate - response time in milliseconds: 427.68
1 < 200
1 < Access-Control-Allow-Headers: SOAPAction,X-Requested-With,Content-Type,Origin,Authorization,Accept
1 < Access-Control-Allow-Methods: POST, GET, OPTIONS, HEAD
1 < Access-Control-Allow-Origin: *
1 < Access-Control-Max-Age: 1000
1 < Content-Length: 73
1 < Content-Type: text/html; charset=UTF-8
1 < Date: Mon, 26 Oct 2020 15:21:53 GMT
1 < Server: lighttpd/1.4.53
1 < X-Cnection: [close, close]

15:21:53.947 [ForkJoinPool-2-worker-7] ERROR com.intuit.karate - assertion failed: path: $['Content-Type'][0], actual: 'text/html; charset=UTF-8', expected: 'text/xml', reason: not equal
15:21:53.948 [pool-4-thread-4] INFO  com.intuit.karate.Runner - <<fail>> feature 254 of 367: tmp/junit17863174098671850733/Beheer-PDOK/Habitatrichtlijn-verspreiding-van-habitattypen/download/Habitatrichtlijn-verspreiding-van-typen-WFS/checkdownloadurl.feature
---------------------------------------------------------
feature: tmp/junit17863174098671850733/Beheer-PDOK/Habitatrichtlijn-verspreiding-van-habitattypen/download/Habitatrichtlijn-verspreiding-van-typen-WFS/checkdownloadurl.feature
report: target/surefire-reports/tmp.junit17863174098671850733.Beheer-PDOK.Habitatrichtlijn-verspreiding-van-habitattypen.download.Habitatrichtlijn-verspreiding-van-typen-WFS.checkdownloadurl.json
scenarios:  1 | passed:  0 | failed:  1 | time: 0.4300
---------------------------------------------------------
15:21:53.957 [ForkJoinPool-2-worker-7] INFO  com.intuit.karate - karate.env system property was:  
15:21:53.958 [ForkJoinPool-2-worker-7] INFO  com.intuit.karate - [print] {
  "class": "metadata.Service",
  "electronicMailAddress": "[beheerPDOK@kadaster.nl, beheerPDOK@kadaster.nl]",
  "metadataStandardVersion": "Nederlands metadata profiel op ISO 19119 voor services 2.0",
  "operatesOn": "http://nationaalgeoregister.nl/geonetwork/srv/dut/csw?service=CSW&version=2.0.2&request=GetRecordById&outputschema=http://www.isotc211.org/2005/gmd&elementsetname=full&id=19165027-a13a-4c19-9013-ec1fd191019d#MD_DataIdentification",
  "organisation": "Beheer PDOK",
  "serviceIdentifierCode": "bc0b75c6-3eef-49de-aca2-8483024903c1",
  "servicetype": "download",
  "title": "Beschermde Gebieden Wetlands (INSPIRE geharmoniseerd) WFS",
  "url": "https://geodata.nationaalgeoregister.nl/inspire/ps-rvo-wl/wfs?request=GetCapabilities"
}

15:21:53.958 [ForkJoinPool-2-worker-7] INFO  com.intuit.karate - [print] testing url:https://geodata.nationaalgeoregister.nl/inspire/ps-rvo-wl/wfs?request=GetCapabilities
15:21:53.959 [ForkJoinPool-2-worker-7] DEBUG com.intuit.karate - request:
1 > HEAD https://geodata.nationaalgeoregister.nl/inspire/ps-rvo-wl/wfs?request=GetCapabilities
1 > Accept-Encoding: gzip,deflate
1 > Connection: Keep-Alive
1 > Host: geodata.nationaalgeoregister.nl
1 > User-Agent: Apache-HttpClient/4.5.11 (Java/13.0.5)

15:21:53.963 [ForkJoinPool-2-worker-3] DEBUG com.intuit.karate - response time in milliseconds: 436.24
1 < 200
1 < Access-Control-Allow-Headers: SOAPAction,X-Requested-With,Content-Type,Origin,Authorization,Accept
1 < Access-Control-Allow-Methods: POST, GET, OPTIONS, HEAD
1 < Access-Control-Allow-Origin: *
1 < Access-Control-Max-Age: 1000
1 < Content-Length: 73
1 < Content-Type: text/html; charset=UTF-8
1 < Date: Mon, 26 Oct 2020 15:21:53 GMT
1 < Server: lighttpd/1.4.53
1 < X-Cnection: [close, close]

15:21:53.965 [pool-4-thread-1] INFO  com.intuit.karate.Runner - <<pass>> feature 253 of 367: tmp/junit17863174098671850733/Beheer-PDOK/Habitatrichtlijn-verspreiding-van-soorten/view/Habitatrichtlijn-verspreiding-van-soorten-WMS/checkViewUrl.feature
---------------------------------------------------------
feature: tmp/junit17863174098671850733/Beheer-PDOK/Habitatrichtlijn-verspreiding-van-soorten/view/Habitatrichtlijn-verspreiding-van-soorten-WMS/checkViewUrl.feature
report: target/surefire-reports/tmp.junit17863174098671850733.Beheer-PDOK.Habitatrichtlijn-verspreiding-van-soorten.view.Habitatrichtlijn-verspreiding-van-soorten-WMS.checkViewUrl.json
scenarios:  1 | passed:  1 | failed:  0 | time: 0.4456
---------------------------------------------------------
15:21:53.967 [ForkJoinPool-2-worker-3] INFO  com.intuit.karate - karate.env system property was:  
15:21:53.968 [ForkJoinPool-2-worker-3] INFO  com.intuit.karate - [print] {
  "class": "metadata.Service",
  "electronicMailAddress": "[beheerPDOK@kadaster.nl, beheerPDOK@kadaster.nl]",
  "metadataStandardVersion": "Nederlands metadata profiel op ISO 19119 voor services 2.0",
  "operatesOn": "https://nationaalgeoregister.nl/geonetwork/srv/dut/csw?service=CSW&version=2.0.2&request=GetRecordById&outputschema=http://www.isotc211.org/2005/gmd&elementsetname=full&id=19165027-a13a-4c19-9013-ec1fd191019d#MD_DataIdentification",
  "organisation": "Beheer PDOK",
  "serviceIdentifierCode": "275b64ab-34c2-41f8-8904-97812c7f716e",
  "servicetype": "view",
  "title": "Beschermde Gebieden Wetlands (INSPIRE geharmoniseerd) WMS",
  "url": "https://geodata.nationaalgeoregister.nl/inspire/ps-rvo-wl/wms?request=GetCapabilities"
}

15:21:53.968 [ForkJoinPool-2-worker-3] INFO  com.intuit.karate - [print] testing url:https://geodata.nationaalgeoregister.nl/inspire/ps-rvo-wl/wms?request=GetCapabilities
15:21:53.968 [ForkJoinPool-2-worker-3] DEBUG com.intuit.karate - request:
1 > HEAD https://geodata.nationaalgeoregister.nl/inspire/ps-rvo-wl/wms?request=GetCapabilities
1 > Accept-Encoding: gzip,deflate
1 > Connection: Keep-Alive
1 > Host: geodata.nationaalgeoregister.nl
1 > User-Agent: Apache-HttpClient/4.5.11 (Java/13.0.5)

15:21:54.311 [ForkJoinPool-2-worker-5] DEBUG com.intuit.karate - response time in milliseconds: 650.79
1 < 200
1 < Access-Control-Allow-Headers: SOAPAction,X-Requested-With,Content-Type,Origin,Authorization,Accept
1 < Access-Control-Allow-Methods: POST, GET, OPTIONS, HEAD
1 < Access-Control-Allow-Origin: *
1 < Access-Control-Max-Age: 1000
1 < Content-Length: 73
1 < Content-Type: text/html; charset=UTF-8
1 < Date: Mon, 26 Oct 2020 15:21:54 GMT
1 < Server: lighttpd/1.4.53
1 < X-Cnection: [close, close]

15:21:54.313 [pool-4-thread-3] INFO  com.intuit.karate.Runner - <<pass>> feature 255 of 367: tmp/junit17863174098671850733/Beheer-PDOK/Habitatrichtlijn-verspreiding-van-habitattypen/view/Habitatrichtlijn-verspreiding-van-habitattypen-WMS/checkViewUrl.feature
15:21:54.313 [ForkJoinPool-2-worker-1] DEBUG com.intuit.karate - response time in milliseconds: 456.20
1 < 200
1 < Access-Control-Allow-Headers: SOAPAction,X-Requested-With,Content-Type,Origin,Authorization,Accept
1 < Access-Control-Allow-Methods: POST, GET, OPTIONS, HEAD
1 < Access-Control-Allow-Origin: *
1 < Access-Control-Max-Age: 1000
1 < Content-Length: 73
1 < Content-Type: text/html; charset=UTF-8
1 < Date: Mon, 26 Oct 2020 15:21:54 GMT
1 < Server: lighttpd/1.4.53
1 < X-Cnection: [close, close]

---------------------------------------------------------
feature: tmp/junit17863174098671850733/Beheer-PDOK/Habitatrichtlijn-verspreiding-van-habitattypen/view/Habitatrichtlijn-verspreiding-van-habitattypen-WMS/checkViewUrl.feature
report: target/surefire-reports/tmp.junit17863174098671850733.Beheer-PDOK.Habitatrichtlijn-verspreiding-van-habitattypen.view.Habitatrichtlijn-verspreiding-van-habitattypen-WMS.checkViewUrl.json
scenarios:  1 | passed:  1 | failed:  0 | time: 0.6575
---------------------------------------------------------
15:21:54.315 [pool-4-thread-2] INFO  com.intuit.karate.Runner - <<pass>> feature 256 of 367: tmp/junit17863174098671850733/Beheer-PDOK/Habitatrichtlijn-verspreiding-van-habitattypen/view/Habitatrichtlijn-verspreiding-van-typen-WMS/checkViewUrl.feature
---------------------------------------------------------
feature: tmp/junit17863174098671850733/Beheer-PDOK/Habitatrichtlijn-verspreiding-van-habitattypen/view/Habitatrichtlijn-verspreiding-van-typen-WMS/checkViewUrl.feature
report: target/surefire-reports/tmp.junit17863174098671850733.Beheer-PDOK.Habitatrichtlijn-verspreiding-van-habitattypen.view.Habitatrichtlijn-verspreiding-van-typen-WMS.checkViewUrl.json
scenarios:  1 | passed:  1 | failed:  0 | time: 0.4583
---------------------------------------------------------
15:21:54.322 [ForkJoinPool-2-worker-1] INFO  com.intuit.karate - karate.env system property was:  
15:21:54.323 [ForkJoinPool-2-worker-1] INFO  com.intuit.karate - [print] {
  "class": "metadata.Service",
  "electronicMailAddress": "[beheerPDOK@kadaster.nl, beheerpdok@kadaster.nl]",
  "metadataStandardVersion": "Nederlands metadata profiel op ISO 19119 voor services 2.0",
  "operatesOn": "[http://nationaalgeoregister.nl/geonetwork/srv/en/csw?service=CSW&version=2.0.2&request=GetRecordById&outputschema=http://www.isotc211.org/2005/gmd&elementsetname=full&id=49ab8bee-b467-486a-96ca-b950443c453a#MD_DataIdentification, http://nationaalgeoregister.nl/geonetwork/srv/en/csw?service=CSW&version=2.0.2&request=GetRecordById&outputschema=http://www.isotc211.org/2005/gmd&elementsetname=full&id=f002bfc5-7d87-46b6-819e-8415422b65c9#MD_DataIdentification, http://nationaalgeoregister.nl/geonetwork/srv/en/csw?service=CSW&version=2.0.2&request=GetRecordById&outputschema=http://www.isotc211.org/2005/gmd&elementsetname=full&id=f0821bfe-5a0a-11e9-8647-d663bd873d93#MD_DataIdentification, http://nationaalgeoregister.nl/geonetwork/srv/en/csw?service=CSW&version=2.0.2&request=GetRecordById&outputschema=http://www.isotc211.org/2005/gmd&elementsetname=full&id=60a2a7c2-d5b3-4ad5-b562-c448695357fb#MD_DataIdentification, http://nationaalgeoregister.nl/geonetwork/srv/en/csw?service=CSW&version=2.0.2&request=GetRecordById&outputschema=http://www.isotc211.org/2005/gmd&elementsetname=full&id=c7d8d77b-8c47-4309-8c58-9b12b086407f#MD_DataIdentification, http://nationaalgeoregister.nl/geonetwork/srv/en/csw?service=CSW&version=2.0.2&request=GetRecordById&outputschema=http://www.isotc211.org/2005/gmd&elementsetname=full&id=ca94a0cb-7561-4a10-a7d6-b840e56c33ff#MD_DataIdentification, http://nationaalgeoregister.nl/geonetwork/srv/en/csw?service=CSW&version=2.0.2&request=GetRecordById&outputschema=http://www.isotc211.org/2005/gmd&elementsetname=full&id=cc408b2d-09a6-4b2b-9aa3-b46bfe2f00a5#MD_DataIdentification, http://nationaalgeoregister.nl/geonetwork/srv/en/csw?service=CSW&version=2.0.2&request=GetRecordById&outputschema=http://www.isotc211.org/2005/gmd&elementsetname=full&id=998ba1dc-f6a6-49a3-a021-51f30d9b1d0e#MD_DataIdentification, https://www.nationaalgeoregister.nl:443/geonetwork/srv/dut/csw?service=CSW&request=GetRecordById&version=2.0.2&outputSchema=http://www.isotc211.org/2005/gmd&elementSetName=full&id=49ab8bee-b467-486a-96ca-b950443c453a#MD_DataIdentification]",
  "organisation": "Beheer PDOK",
  "serviceIdentifierCode": "93c8762c-4cbb-42b0-9b02-89ef902e8880",
  "servicetype": "download",
  "title": "Beschermde gebieden - Provincies (INSPIRE geharmoniseerd) ATOM V1",
  "url": "https://geodata.nationaalgeoregister.nl/provincies/ps/atom/v1/index.xml"
}

15:21:54.323 [ForkJoinPool-2-worker-1] INFO  com.intuit.karate - [print] testing url:https://geodata.nationaalgeoregister.nl/provincies/ps/atom/v1/index.xml
15:21:54.324 [ForkJoinPool-2-worker-1] DEBUG com.intuit.karate - request:
1 > HEAD https://geodata.nationaalgeoregister.nl/provincies/ps/atom/v1/index.xml
1 > Accept-Encoding: gzip,deflate
1 > Connection: Keep-Alive
1 > Host: geodata.nationaalgeoregister.nl
1 > User-Agent: Apache-HttpClient/4.5.11 (Java/13.0.5)

15:21:54.325 [ForkJoinPool-2-worker-5] INFO  com.intuit.karate - karate.env system property was:  
15:21:54.326 [ForkJoinPool-2-worker-5] INFO  com.intuit.karate - [print] {
  "class": "metadata.Service",
  "electronicMailAddress": "[beheerpdok@kadaster.nl, beheerpdok@kadaster.nl]",
  "metadataStandardVersion": "Nederlands metadata profiel op ISO 19119 voor services 2.0",
  "operatesOn": "[http://nationaalgeoregister.nl/geonetwork/srv/en/csw?service=CSW&version=2.0.2&request=GetRecordById&outputschema=http://www.isotc211.org/2005/gmd&elementsetname=full&id=49ab8bee-b467-486a-96ca-b950443c453a#MD_DataIdentification, http://nationaalgeoregister.nl/geonetwork/srv/en/csw?service=CSW&version=2.0.2&request=GetRecordById&outputschema=http://www.isotc211.org/2005/gmd&elementsetname=full&id=f002bfc5-7d87-46b6-819e-8415422b65c9#MD_DataIdentification, http://nationaalgeoregister.nl/geonetwork/srv/en/csw?service=CSW&version=2.0.2&request=GetRecordById&outputschema=http://www.isotc211.org/2005/gmd&elementsetname=full&id=f0821bfe-5a0a-11e9-8647-d663bd873d93#MD_DataIdentification, http://nationaalgeoregister.nl/geonetwork/srv/en/csw?service=CSW&version=2.0.2&request=GetRecordById&outputschema=http://www.isotc211.org/2005/gmd&elementsetname=full&id=60a2a7c2-d5b3-4ad5-b562-c448695357fb#MD_DataIdentification, http://nationaalgeoregister.nl/geonetwork/srv/en/csw?service=CSW&version=2.0.2&request=GetRecordById&outputschema=http://www.isotc211.org/2005/gmd&elementsetname=full&id=c7d8d77b-8c47-4309-8c58-9b12b086407f#MD_DataIdentification, http://nationaalgeoregister.nl/geonetwork/srv/en/csw?service=CSW&version=2.0.2&request=GetRecordById&outputschema=http://www.isotc211.org/2005/gmd&elementsetname=full&id=ca94a0cb-7561-4a10-a7d6-b840e56c33ff#MD_DataIdentification, http://nationaalgeoregister.nl/geonetwork/srv/en/csw?service=CSW&version=2.0.2&request=GetRecordById&outputschema=http://www.isotc211.org/2005/gmd&elementsetname=full&id=cc408b2d-09a6-4b2b-9aa3-b46bfe2f00a5#MD_DataIdentification, http://nationaalgeoregister.nl/geonetwork/srv/en/csw?service=CSW&version=2.0.2&request=GetRecordById&outputschema=http://www.isotc211.org/2005/gmd&elementsetname=full&id=998ba1dc-f6a6-49a3-a021-51f30d9b1d0e#MD_DataIdentification, https://www.nationaalgeoregister.nl:443/geonetwork/srv/dut/csw?service=CSW&request=GetRecordById&version=2.0.2&outputSchema=http://www.isotc211.org/2005/gmd&elementSetName=full&id=49ab8bee-b467-486a-96ca-b950443c453a#MD_DataIdentification]",
  "organisation": "Beheer PDOK",
  "serviceIdentifierCode": "25c69c01-8dfa-406f-bbcb-24feba25dcc6",
  "servicetype": "view",
  "title": "Beschermde gebieden - Provincies (INSPIRE geharmoniseerd) WMS V1",
  "url": "https://geodata.nationaalgeoregister.nl/provincies/ps/wms/v1?SERVICE=WMS&REQUEST=GetCapabilities"
}

15:21:54.326 [ForkJoinPool-2-worker-5] INFO  com.intuit.karate - [print] testing url:https://geodata.nationaalgeoregister.nl/provincies/ps/wms/v1?SERVICE=WMS&REQUEST=GetCapabilities
15:21:54.327 [ForkJoinPool-2-worker-5] DEBUG com.intuit.karate - request:
1 > HEAD https://geodata.nationaalgeoregister.nl/provincies/ps/wms/v1?SERVICE=WMS&REQUEST=GetCapabilities
1 > Accept-Encoding: gzip,deflate
1 > Connection: Keep-Alive
1 > Host: geodata.nationaalgeoregister.nl
1 > User-Agent: Apache-HttpClient/4.5.11 (Java/13.0.5)

15:21:54.367 [ForkJoinPool-2-worker-7] DEBUG com.intuit.karate - response time in milliseconds: 408.15
1 < 200
1 < Accept-Ranges: bytes
1 < Access-Control-Allow-Headers: SOAPAction,X-Requested-With,Content-Type,Origin,Authorization,Accept
1 < Access-Control-Allow-Methods: POST, GET, OPTIONS, HEAD
1 < Access-Control-Allow-Origin: *
1 < Access-Control-Max-Age: 1000
1 < Content-Type: application/xml
1 < Date: Mon, 26 Oct 2020 15:21:54 GMT
1 < ETag: "1abe8-5af58a6516b63-gzip"
1 < Last-Modified: Tue, 15 Sep 2020 11:42:45 GMT
1 < Vary: Accept-Encoding
1 < X-Cnection: [close, close]

15:21:54.367 [ForkJoinPool-2-worker-7] ERROR com.intuit.karate - assertion failed: path: $['Content-Length'][0], actual: null, expected: '#notnull', reason: actual json-path does not exist
15:21:54.369 [pool-4-thread-4] INFO  com.intuit.karate.Runner - <<fail>> feature 257 of 367: tmp/junit17863174098671850733/Beheer-PDOK/Wetlands--RAMSAR---INSPIRE-Geharmoniseerd-/download/Beschermde-Gebieden-Wetlands--INSPIRE-geharmoniseerd--WFS/checkdownloadurl.feature
---------------------------------------------------------
feature: tmp/junit17863174098671850733/Beheer-PDOK/Wetlands--RAMSAR---INSPIRE-Geharmoniseerd-/download/Beschermde-Gebieden-Wetlands--INSPIRE-geharmoniseerd--WFS/checkdownloadurl.feature
report: target/surefire-reports/tmp.junit17863174098671850733.Beheer-PDOK.Wetlands--RAMSAR---INSPIRE-Geharmoniseerd-.download.Beschermde-Gebieden-Wetlands--INSPIRE-geharmoniseerd--WFS.checkdownloadurl.json
scenarios:  1 | passed:  0 | failed:  1 | time: 0.4101
---------------------------------------------------------
15:21:54.373 [ForkJoinPool-2-worker-3] DEBUG com.intuit.karate - response time in milliseconds: 404.50
1 < 200
1 < Access-Control-Allow-Headers: SOAPAction,X-Requested-With,Content-Type,Origin,Authorization,Accept
1 < Access-Control-Allow-Methods: POST, GET, OPTIONS, HEAD
1 < Access-Control-Allow-Origin: *
1 < Access-Control-Max-Age: 1000
1 < Content-Disposition: inline; filename=getcapabilities_1.3.0.xml
1 < Content-Type: text/xml
1 < Date: Mon, 26 Oct 2020 15:21:54 GMT
1 < X-Cnection: [close, close]

15:21:54.373 [ForkJoinPool-2-worker-3] ERROR com.intuit.karate - assertion failed: path: $['Content-Length'][0], actual: null, expected: '#notnull', reason: actual json-path does not exist
15:21:54.374 [ForkJoinPool-2-worker-7] INFO  com.intuit.karate - karate.env system property was:  
15:21:54.374 [pool-4-thread-1] INFO  com.intuit.karate.Runner - <<fail>> feature 258 of 367: tmp/junit17863174098671850733/Beheer-PDOK/Wetlands--RAMSAR---INSPIRE-Geharmoniseerd-/view/Beschermde-Gebieden-Wetlands--INSPIRE-geharmoniseerd--WMS/checkViewUrl.feature
---------------------------------------------------------
feature: tmp/junit17863174098671850733/Beheer-PDOK/Wetlands--RAMSAR---INSPIRE-Geharmoniseerd-/view/Beschermde-Gebieden-Wetlands--INSPIRE-geharmoniseerd--WMS/checkViewUrl.feature
report: target/surefire-reports/tmp.junit17863174098671850733.Beheer-PDOK.Wetlands--RAMSAR---INSPIRE-Geharmoniseerd-.view.Beschermde-Gebieden-Wetlands--INSPIRE-geharmoniseerd--WMS.checkViewUrl.json
scenarios:  1 | passed:  0 | failed:  1 | time: 0.4061
---------------------------------------------------------
15:21:54.377 [ForkJoinPool-2-worker-3] INFO  com.intuit.karate - karate.env system property was:  
15:21:54.378 [ForkJoinPool-2-worker-3] INFO  com.intuit.karate - [print] {
  "class": "metadata.Service",
  "electronicMailAddress": "[beheerPDOK@kadaster.nl, beheerPDOK@kadaster.nl]",
  "metadataStandardVersion": "Nederlands metadata profiel op ISO 19119 voor services 2.0",
  "operatesOn": "[https://www.nationaalgeoregister.nl:443/geonetwork/srv/dut/csw?service=CSW&request=GetRecordById&version=2.0.2&outputSchema=http://www.isotc211.org/2005/gmd&elementSetName=full&id=krm-a905-9d8e-4758-83fa-28b057f185e4#MD_DataIdentification, https://www.nationaalgeoregister.nl:443/geonetwork/srv/dut/csw?service=CSW&request=GetRecordById&version=2.0.2&outputSchema=http://www.isotc211.org/2005/gmd&elementSetName=full&id=krm-a905-9d8e-4758-83fa-28b057f185e3#MD_DataIdentification]",
  "organisation": "Beheer PDOK",
  "serviceIdentifierCode": "4041f923-6b77-4816-bf46-437e85416c31",
  "servicetype": "view",
  "title": "Kaderrichtlijn Mariene Strategie 2018 WMS",
  "url": "https://geodata.nationaalgeoregister.nl/rws/kaderrichtlijnmarienestrategie2018/wms/v1_0?SERVICE=WMS&REQUEST=GetCapabilities"
}

15:21:54.378 [ForkJoinPool-2-worker-3] INFO  com.intuit.karate - [print] testing url:https://geodata.nationaalgeoregister.nl/rws/kaderrichtlijnmarienestrategie2018/wms/v1_0?SERVICE=WMS&REQUEST=GetCapabilities
15:21:54.378 [ForkJoinPool-2-worker-3] DEBUG com.intuit.karate - request:
1 > HEAD https://geodata.nationaalgeoregister.nl/rws/kaderrichtlijnmarienestrategie2018/wms/v1_0?SERVICE=WMS&REQUEST=GetCapabilities
1 > Accept-Encoding: gzip,deflate
1 > Connection: Keep-Alive
1 > Host: geodata.nationaalgeoregister.nl
1 > User-Agent: Apache-HttpClient/4.5.11 (Java/13.0.5)

15:21:54.379 [ForkJoinPool-2-worker-7] INFO  com.intuit.karate - [print] {
  "class": "metadata.Service",
  "electronicMailAddress": "[beheerPDOK@kadaster.nl, beheerPDOK@kadaster.nl]",
  "metadataStandardVersion": "Nederlands metadata profiel op ISO 19119 voor services 2.0",
  "operatesOn": "[https://www.nationaalgeoregister.nl:443/geonetwork/srv/dut/csw?service=CSW&request=GetRecordById&version=2.0.2&outputSchema=http://www.isotc211.org/2005/gmd&elementSetName=full&id=krm-a905-9d8e-4758-83fa-28b057f185e3#MD_DataIdentification, https://www.nationaalgeoregister.nl:443/geonetwork/srv/dut/csw?service=CSW&request=GetRecordById&version=2.0.2&outputSchema=http://www.isotc211.org/2005/gmd&elementSetName=full&id=krm-a905-9d8e-4758-83fa-28b057f185e4#MD_DataIdentification]",
  "organisation": "Beheer PDOK",
  "serviceIdentifierCode": "641a0f48-872b-4470-b130-e3d28e6bfdfb",
  "servicetype": "download",
  "title": "Kaderrichtlijn Mariene Strategie EU2018 ATOM",
  "url": "https://geodata.nationaalgeoregister.nl/rws/kaderrichtlijnmarienestrategie2018/atom/v1_0/index.xml"
}

15:21:54.379 [ForkJoinPool-2-worker-7] INFO  com.intuit.karate - [print] testing url:https://geodata.nationaalgeoregister.nl/rws/kaderrichtlijnmarienestrategie2018/atom/v1_0/index.xml
15:21:54.380 [ForkJoinPool-2-worker-7] DEBUG com.intuit.karate - request:
1 > HEAD https://geodata.nationaalgeoregister.nl/rws/kaderrichtlijnmarienestrategie2018/atom/v1_0/index.xml
1 > Accept-Encoding: gzip,deflate
1 > Connection: Keep-Alive
1 > Host: geodata.nationaalgeoregister.nl
1 > User-Agent: Apache-HttpClient/4.5.11 (Java/13.0.5)

15:21:54.724 [ForkJoinPool-2-worker-1] DEBUG com.intuit.karate - response time in milliseconds: 399.86
1 < 200
1 < Accept-Ranges: bytes
1 < Access-Control-Allow-Headers: SOAPAction,X-Requested-With,Content-Type,Origin,Authorization,Accept
1 < Access-Control-Allow-Methods: POST, GET, OPTIONS, HEAD
1 < Access-Control-Allow-Origin: *
1 < Access-Control-Max-Age: 1000
1 < Content-Length: 11308
1 < Content-Security-Policy: block-all-mixed-content
1 < Content-Type: application/xml
1 < Date: Mon, 26 Oct 2020 15:21:54 GMT
1 < Etag: "6a5a193d3183c09bef2e90757c76cd43-1"
1 < Last-Modified: Wed, 20 Nov 2019 11:50:24 GMT
1 < Server: MinIO/RELEASE.2020-09-21T22-31-59Z
1 < Vary: Origin
1 < X-Amz-Bucket-Region: Amsterdam
1 < X-Amz-Request-Id: 1641940A6462D4A1
1 < X-Cnection: [close, close]
1 < X-Xss-Protection: 1; mode=block

15:21:54.725 [ForkJoinPool-2-worker-1] ERROR com.intuit.karate - assertion failed: path: $['Content-Type'][0], actual: 'application/xml', expected: 'text/xml', reason: not equal
15:21:54.727 [pool-4-thread-3] INFO  com.intuit.karate.Runner - <<fail>> feature 259 of 367: tmp/junit17863174098671850733/Beheer-PDOK/Stiltegebieden/download/Beschermde-gebieden---Provincies--INSPIRE-geharmoniseerd--ATOM-V1/checkdownloadurl.feature
---------------------------------------------------------
feature: tmp/junit17863174098671850733/Beheer-PDOK/Stiltegebieden/download/Beschermde-gebieden---Provincies--INSPIRE-geharmoniseerd--ATOM-V1/checkdownloadurl.feature
report: target/surefire-reports/tmp.junit17863174098671850733.Beheer-PDOK.Stiltegebieden.download.Beschermde-gebieden---Provincies--INSPIRE-geharmoniseerd--ATOM-V1.checkdownloadurl.json
scenarios:  1 | passed:  0 | failed:  1 | time: 0.4024
---------------------------------------------------------
15:21:54.730 [ForkJoinPool-2-worker-5] DEBUG com.intuit.karate - response time in milliseconds: 403.05
1 < 200
1 < Access-Control-Allow-Headers: SOAPAction,X-Requested-With,Content-Type,Origin,Authorization,Accept
1 < Access-Control-Allow-Methods: POST, GET, OPTIONS, HEAD
1 < Access-Control-Allow-Origin: *
1 < Access-Control-Max-Age: 1000
1 < Content-Length: 73
1 < Content-Type: text/html; charset=UTF-8
1 < Date: Mon, 26 Oct 2020 15:21:54 GMT
1 < Server: lighttpd/1.4.53
1 < X-Cnection: [close, close]

15:21:54.731 [pool-4-thread-2] INFO  com.intuit.karate.Runner - <<pass>> feature 260 of 367: tmp/junit17863174098671850733/Beheer-PDOK/Stiltegebieden/view/Beschermde-gebieden---Provincies--INSPIRE-geharmoniseerd--WMS-V1/checkViewUrl.feature
---------------------------------------------------------
feature: tmp/junit17863174098671850733/Beheer-PDOK/Stiltegebieden/view/Beschermde-gebieden---Provincies--INSPIRE-geharmoniseerd--WMS-V1/checkViewUrl.feature
report: target/surefire-reports/tmp.junit17863174098671850733.Beheer-PDOK.Stiltegebieden.view.Beschermde-gebieden---Provincies--INSPIRE-geharmoniseerd--WMS-V1.checkViewUrl.json
scenarios:  1 | passed:  1 | failed:  0 | time: 0.4049
---------------------------------------------------------
15:21:54.733 [ForkJoinPool-2-worker-5] INFO  com.intuit.karate - karate.env system property was:  
15:21:54.734 [ForkJoinPool-2-worker-1] INFO  com.intuit.karate - karate.env system property was:  
15:21:54.734 [ForkJoinPool-2-worker-5] INFO  com.intuit.karate - [print] {
  "class": "metadata.Service",
  "electronicMailAddress": "[beheerPDOK@kadaster.nl, beheerPDOK@kadaster.nl]",
  "metadataStandardVersion": "Nederlands metadata profiel op ISO 19119 voor services 2.0",
  "operatesOn": "[http://nationaalgeoregister.nl/geonetwork/srv/dut/csw?service=CSW&version=2.0.2&request=GetRecordById&outputschema=http://www.isotc211.org/2005/gmd&elementsetname=full&id=29d5310f-dd0d-45ba-abad-b4ffc6b8785f#MD_DataIdentification, http://nationaalgeoregister.nl/geonetwork/srv/dut/csw?service=CSW&version=2.0.2&request=GetRecordById&outputschema=http://www.isotc211.org/2005/gmd&elementsetname=full&id=af0c582f-9e6b-46e6-865a-fc3a2d5289b9#MD_DataIdentification, http://nationaalgeoregister.nl/geonetwork/srv/dut/csw?service=CSW&version=2.0.2&request=GetRecordById&outputschema=http://www.isotc211.org/2005/gmd&elementsetname=full&id=81ff84ec-42a4-4481-840b-12713bbb5d38#MD_DataIdentification, http://nationaalgeoregister.nl/geonetwork/srv/dut/csw?service=CSW&version=2.0.2&request=GetRecordById&outputschema=http://www.isotc211.org/2005/gmd&elementsetname=full&id=3eebf700-5abf-42e4-826c-03cfb497e366#MD_DataIdentification, http://nationaalgeoregister.nl/geonetwork/srv/dut/csw?service=CSW&version=2.0.2&request=GetRecordById&outputschema=http://www.isotc211.org/2005/gmd&elementsetname=full&id=4b282988-cb91-4bbc-b147-f653014917cb#MD_DataIdentification, http://nationaalgeoregister.nl/geonetwork/srv/dut/csw?service=CSW&version=2.0.2&request=GetRecordById&outputschema=http://www.isotc211.org/2005/gmd&elementsetname=full&id=0558a41c-b09a-47fa-b8db-9de6bfe4f494#MD_DataIdentification, http://nationaalgeoregister.nl/geonetwork/srv/dut/csw?service=CSW&version=2.0.2&request=GetRecordById&outputschema=http://www.isotc211.org/2005/gmd&elementsetname=full&id=9d9f1738-aced-47c9-aaa0-c62474a2dcfb#MD_DataIdentification]",
  "organisation": "Beheer PDOK",
  "serviceIdentifierCode": "94f241c2-43a2-42c3-8e9e-71976605aa0e",
  "servicetype": "view",
  "title": "TOP10NL WMS",
  "url": "https://geodata.nationaalgeoregister.nl/top10nlv2/wms?request=GetCapabilities"
}

15:21:54.735 [ForkJoinPool-2-worker-5] INFO  com.intuit.karate - [print] testing url:https://geodata.nationaalgeoregister.nl/top10nlv2/wms?request=GetCapabilities
15:21:54.735 [ForkJoinPool-2-worker-1] INFO  com.intuit.karate - [print] {
  "class": "metadata.Service",
  "electronicMailAddress": "[beheerpdok@kadaster.nl, beheer pdok@kadaster.nl]",
  "metadataStandardVersion": "Nederlands metadata profiel op ISO 19119 voor services 2.0",
  "operatesOn": "[https://www.nationaalgeoregister.nl:443/geonetwork/srv/dut/csw?service=CSW&request=GetRecordById&version=2.0.2&outputSchema=http://www.isotc211.org/2005/gmd&elementSetName=full&id=5a1adb58-0bbe-425d-b0fe-577a6c0a4228#MD_DataIdentification, https://www.nationaalgeoregister.nl:443/geonetwork/srv/dut/csw?service=CSW&request=GetRecordById&version=2.0.2&outputSchema=http://www.isotc211.org/2005/gmd&elementSetName=full&id=71c2b7d2-a1a8-4836-b8d4-7247d331b04d#MD_DataIdentification, https://www.nationaalgeoregister.nl:443/geonetwork/srv/dut/csw?service=CSW&request=GetRecordById&version=2.0.2&outputSchema=http://www.isotc211.org/2005/gmd&elementSetName=full&id=1462bbce-ccd3-4362-83d8-4535ca8f44eb#MD_DataIdentification, https://www.nationaalgeoregister.nl:443/geonetwork/srv/dut/csw?service=CSW&request=GetRecordById&version=2.0.2&outputSchema=http://www.isotc211.org/2005/gmd&elementSetName=full&id=f605a24f-60cd-4c40-94c8-2186aba3ddd0#MD_DataIdentification, https://www.nationaalgeoregister.nl:443/geonetwork/srv/dut/csw?service=CSW&request=GetRecordById&version=2.0.2&outputSchema=http://www.isotc211.org/2005/gmd&elementSetName=full&id=76091be7-358a-4a44-8182-b4139c96c6a4#MD_DataIdentification, https://www.nationaalgeoregister.nl:443/geonetwork/srv/dut/csw?service=CSW&request=GetRecordById&version=2.0.2&outputSchema=http://www.isotc211.org/2005/gmd&elementSetName=full&id=8829e5dd-c861-4639-a6c8-fdbb6e3440d2#MD_DataIdentification, https://www.nationaalgeoregister.nl:443/geonetwork/srv/dut/csw?service=CSW&request=GetRecordById&version=2.0.2&outputSchema=http://www.isotc211.org/2005/gmd&elementSetName=full&id=710c381c-ab2d-45d5-a45d-af2eba811e5f#MD_DataIdentification, https://www.nationaalgeoregister.nl:443/geonetwork/srv/dut/csw?service=CSW&request=GetRecordById&version=2.0.2&outputSchema=http://www.isotc211.org/2005/gmd&elementSetName=full&id=a9b7026e-0a81-4813-93bd-ba49e6f28502#MD_DataIdentification, https://www.nationaalgeoregister.nl:443/geonetwork/srv/dut/csw?service=CSW&request=GetRecordById&version=2.0.2&outputSchema=http://www.isotc211.org/2005/gmd&elementSetName=full&id=2e5f0f60-0f2f-4e17-96af-c913fe305ecb#MD_DataIdentification, https://www.nationaalgeoregister.nl:443/geonetwork/srv/dut/csw?service=CSW&request=GetRecordById&version=2.0.2&outputSchema=http://www.isotc211.org/2005/gmd&elementSetName=full&id=00d8c7c8-98ff-4b06-8f53-b44216e6e75c#MD_DataIdentification, https://www.nationaalgeoregister.nl:443/geonetwork/srv/dut/csw?service=CSW&request=GetRecordById&version=2.0.2&outputSchema=http://www.isotc211.org/2005/gmd&elementSetName=full&id=701d4eb8-8aae-4708-bba5-3edf6987676d#MD_DataIdentification, https://www.nationaalgeoregister.nl:443/geonetwork/srv/dut/csw?service=CSW&request=GetRecordById&version=2.0.2&outputSchema=http://www.isotc211.org/2005/gmd&elementSetName=full&id=17716ed7-ce0d-4bfd-8868-a398e5578a36#MD_DataIdentification, https://www.nationaalgeoregister.nl:443/geonetwork/srv/dut/csw?service=CSW&request=GetRecordById&version=2.0.2&outputSchema=http://www.isotc211.org/2005/gmd&elementSetName=full&id=29d5310f-dd0d-45ba-abad-b4ffc6b8785f#MD_DataIdentification, https://www.nationaalgeoregister.nl:443/geonetwork/srv/dut/csw?service=CSW&request=GetRecordById&version=2.0.2&outputSchema=http://www.isotc211.org/2005/gmd&elementSetName=full&id=831f7bd7-c2ae-4336-bd2f-47ab20d7cdb7#MD_DataIdentification, https://www.nationaalgeoregister.nl:443/geonetwork/srv/dut/csw?service=CSW&request=GetRecordById&version=2.0.2&outputSchema=http://www.isotc211.org/2005/gmd&elementSetName=full&id=0f297898-2640-44c2-bbe9-c0480da83794#MD_DataIdentification, https://www.nationaalgeoregister.nl:443/geonetwork/srv/dut/csw?service=CSW&request=GetRecordById&version=2.0.2&outputSchema=http://www.isotc211.org/2005/gmd&elementSetName=full&id=abaf1e22-55aa-4a11-a855-7ac963e4a82b#MD_DataIdentification, https://www.nationaalgeoregister.nl:443/geonetwork/srv/dut/csw?service=CSW&request=GetRecordById&version=2.0.2&outputSchema=http://www.isotc211.org/2005/gmd&elementSetName=full&id=07d73b60-dfd6-4c54-9c82-9fac70c6c48e#MD_DataIdentification, https://www.nationaalgeoregister.nl:443/geonetwork/srv/dut/csw?service=CSW&request=GetRecordById&version=2.0.2&outputSchema=http://www.isotc211.org/2005/gmd&elementSetName=full&id=d25fe199-2430-48fd-ad57-5b5f79f73cdf#MD_DataIdentification, https://www.nationaalgeoregister.nl:443/geonetwork/srv/dut/csw?service=CSW&request=GetRecordById&version=2.0.2&outputSchema=http://www.isotc211.org/2005/gmd&elementSetName=full&id=e536d943-ecff-4d7a-9500-cc31a263a6af#MD_DataIdentification, https://www.nationaalgeoregister.nl:443/geonetwork/srv/dut/csw?service=CSW&request=GetRecordById&version=2.0.2&outputSchema=http://www.isotc211.org/2005/gmd&elementSetName=full&id=bbece924-9aab-4e00-8392-bce36b8f494e#MD_DataIdentification, https://www.nationaalgeoregister.nl:443/geonetwork/srv/dut/csw?service=CSW&request=GetRecordById&version=2.0.2&outputSchema=http://www.isotc211.org/2005/gmd&elementSetName=full&id=c935f2ab-9b65-4dc4-94a0-73aeb840a941#MD_DataIdentification, https://www.nationaalgeoregister.nl:443/geonetwork/srv/dut/csw?service=CSW&request=GetRecordById&version=2.0.2&outputSchema=http://www.isotc211.org/2005/gmd&elementSetName=full&id=81ff84ec-42a4-4481-840b-12713bbb5d38#MD_DataIdentification, https://www.nationaalgeoregister.nl:443/geonetwork/srv/dut/csw?service=CSW&request=GetRecordById&version=2.0.2&outputSchema=http://www.isotc211.org/2005/gmd&elementSetName=full&id=af0c582f-9e6b-46e6-865a-fc3a2d5289b9#MD_DataIdentification, https://www.nationaalgeoregister.nl:443/geonetwork/srv/dut/csw?service=CSW&request=GetRecordById&version=2.0.2&outputSchema=http://www.isotc211.org/2005/gmd&elementSetName=full&id=3eebf700-5abf-42e4-826c-03cfb497e366#MD_DataIdentification, https://www.nationaalgeoregister.nl:443/geonetwork/srv/dut/csw?service=CSW&request=GetRecordById&version=2.0.2&outputSchema=http://www.isotc211.org/2005/gmd&elementSetName=full&id=9d9f1738-aced-47c9-aaa0-c62474a2dcfb#MD_DataIdentification, https://www.nationaalgeoregister.nl:443/geonetwork/srv/dut/csw?service=CSW&request=GetRecordById&version=2.0.2&outputSchema=http://www.isotc211.org/2005/gmd&elementSetName=full&id=8eee71f9-9365-490d-9484-00263c6fa35c#MD_DataIdentification, https://www.nationaalgeoregister.nl:443/geonetwork/srv/dut/csw?service=CSW&request=GetRecordById&version=2.0.2&outputSchema=http://www.isotc211.org/2005/gmd&elementSetName=full&id=4961d305-fbb5-426a-9ba3-53e1ca5f3b18#MD_DataIdentification, https://www.nationaalgeoregister.nl:443/geonetwork/srv/dut/csw?service=CSW&request=GetRecordById&version=2.0.2&outputSchema=http://www.isotc211.org/2005/gmd&elementSetName=full&id=2af8df10-81ba-434a-8125-34fe8f127cf9#MD_DataIdentification, https://www.nationaalgeoregister.nl:443/geonetwork/srv/dut/csw?service=CSW&request=GetRecordById&version=2.0.2&outputSchema=http://www.isotc211.org/2005/gmd&elementSetName=full&id=6cde2ce7-3ecd-4785-b7b8-d62c3381efe9#MD_DataIdentification, https://www.nationaalgeoregister.nl:443/geonetwork/srv/dut/csw?service=CSW&request=GetRecordById&version=2.0.2&outputSchema=http://www.isotc211.org/2005/gmd&elementSetName=full&id=3229e4d7-4bcd-4b94-819d-8e62de69ce2e#MD_DataIdentification, https://www.nationaalgeoregister.nl:443/geonetwork/srv/dut/csw?service=CSW&request=GetRecordById&version=2.0.2&outputSchema=http://www.isotc211.org/2005/gmd&elementSetName=full&id=5d0dc580-ba7a-4c3b-968b-199efd92d6cf#MD_DataIdentification, https://www.nationaalgeoregister.nl:443/geonetwork/srv/dut/csw?service=CSW&request=GetRecordById&version=2.0.2&outputSchema=http://www.isotc211.org/2005/gmd&elementSetName=full&id=bffcd5d9-02b4-4e7d-991f-a386611cad84#MD_DataIdentification, https://www.nationaalgeoregister.nl:443/geonetwork/srv/dut/csw?service=CSW&request=GetRecordById&version=2.0.2&outputSchema=http://www.isotc211.org/2005/gmd&elementSetName=full&id=effe1ab0-073d-437c-af13-df5c5e07d6cd#MD_DataIdentification]",
  "organisation": "Beheer PDOK",
  "serviceIdentifierCode": "9ff1a13c-d1e0-4150-8523-91cb489ae1a4",
  "servicetype": "download",
  "title": "INSPIRE download service PDOK",
  "url": "https://geodata.nationaalgeoregister.nl/atom/index.xml"
}

15:21:54.735 [ForkJoinPool-2-worker-1] INFO  com.intuit.karate - [print] testing url:https://geodata.nationaalgeoregister.nl/atom/index.xml
15:21:54.736 [ForkJoinPool-2-worker-1] DEBUG com.intuit.karate - request:
1 > HEAD https://geodata.nationaalgeoregister.nl/atom/index.xml
1 > Accept-Encoding: gzip,deflate
1 > Connection: Keep-Alive
1 > Host: geodata.nationaalgeoregister.nl
1 > User-Agent: Apache-HttpClient/4.5.11 (Java/13.0.5)

15:21:54.741 [ForkJoinPool-2-worker-5] DEBUG com.intuit.karate - request:
1 > HEAD https://geodata.nationaalgeoregister.nl/top10nlv2/wms?request=GetCapabilities
1 > Accept-Encoding: gzip,deflate
1 > Connection: Keep-Alive
1 > Host: geodata.nationaalgeoregister.nl
1 > User-Agent: Apache-HttpClient/4.5.11 (Java/13.0.5)

15:21:54.789 [ForkJoinPool-2-worker-3] DEBUG com.intuit.karate - response time in milliseconds: 410.73
1 < 200
1 < Access-Control-Allow-Headers: SOAPAction,X-Requested-With,Content-Type,Origin,Authorization,Accept
1 < Access-Control-Allow-Methods: POST, GET, OPTIONS, HEAD
1 < Access-Control-Allow-Origin: *
1 < Access-Control-Max-Age: 1000
1 < Content-Length: 73
1 < Content-Type: text/html; charset=UTF-8
1 < Date: Mon, 26 Oct 2020 15:21:54 GMT
1 < Server: lighttpd/1.4.53
1 < X-Cnection: [close, close]

15:21:54.791 [pool-4-thread-1] INFO  com.intuit.karate.Runner - <<pass>> feature 262 of 367: tmp/junit17863174098671850733/Beheer-PDOK/Kaderrichtlijn-Mariene-Strategie---Rapportage-eenheden-Nederland-EU2018/view/Kaderrichtlijn-Mariene-Strategie-2018-WMS/checkViewUrl.feature
---------------------------------------------------------
feature: tmp/junit17863174098671850733/Beheer-PDOK/Kaderrichtlijn-Mariene-Strategie---Rapportage-eenheden-Nederland-EU2018/view/Kaderrichtlijn-Mariene-Strategie-2018-WMS/checkViewUrl.feature
report: target/surefire-reports/tmp.junit17863174098671850733.Beheer-PDOK.Kaderrichtlijn-Mariene-Strategie---Rapportage-eenheden-Nederland-EU2018.view.Kaderrichtlijn-Mariene-Strategie-2018-WMS.checkViewUrl.json
scenarios:  1 | passed:  1 | failed:  0 | time: 0.4125
---------------------------------------------------------
15:21:54.793 [ForkJoinPool-2-worker-3] INFO  com.intuit.karate - karate.env system property was:  
15:21:54.794 [ForkJoinPool-2-worker-3] INFO  com.intuit.karate - [print] {
  "class": "metadata.Service",
  "electronicMailAddress": "[beheerpdok@kadaster.nl, beheerpdok@kadaster.nl]",
  "metadataStandardVersion": "Nederlands metadata profiel op ISO 19119 voor services 2.0",
  "operatesOn": "https://www.nationaalgeoregister.nl/geonetwork/srv/dut/csw?SERVICE=CSW&version=2.0.2&REQUEST=GetRecordById&ID=12bb57cd-73e0-41ba-a1e9-6d986b9109d3&OUTPUTSCHEMA=http://www.isotc211.org/2005/gmd&ELEMENTSETNAME=full#MD_DataIdentification",
  "organisation": "Beheer PDOK",
  "serviceIdentifierCode": "54122631-d343-40be-9c28-e44626b37a0e",
  "servicetype": "download",
  "title": "Human Health Statistics Netherlands (INSPIRE geharmoniseerd) ATOM",
  "url": "https://service.pdok.nl/cbs/hh/atom/v1_0/index.xml"
}

15:21:54.794 [ForkJoinPool-2-worker-3] INFO  com.intuit.karate - [print] testing url:https://service.pdok.nl/cbs/hh/atom/v1_0/index.xml
15:21:54.795 [ForkJoinPool-2-worker-3] DEBUG com.intuit.karate - request:
1 > HEAD https://service.pdok.nl/cbs/hh/atom/v1_0/index.xml
1 > Accept-Encoding: gzip,deflate
1 > Connection: Keep-Alive
1 > Host: service.pdok.nl
1 > User-Agent: Apache-HttpClient/4.5.11 (Java/13.0.5)

15:21:54.920 [ForkJoinPool-2-worker-7] DEBUG com.intuit.karate - response time in milliseconds: 539.22
1 < 200
1 < Accept-Ranges: bytes
1 < Access-Control-Allow-Headers: SOAPAction,X-Requested-With,Content-Type,Origin,Authorization,Accept
1 < Access-Control-Allow-Methods: POST, GET, OPTIONS, HEAD
1 < Access-Control-Allow-Origin: *
1 < Access-Control-Max-Age: 1000
1 < Content-Length: 4327
1 < Content-Security-Policy: block-all-mixed-content
1 < Content-Type: text/xml
1 < Date: Mon, 26 Oct 2020 15:21:54 GMT
1 < Etag: "2b808852de163596115b571d04ab8e33-1"
1 < Last-Modified: Tue, 26 Nov 2019 15:47:04 GMT
1 < Server: MinIO/RELEASE.2020-09-21T22-31-59Z
1 < Vary: Origin
1 < X-Amz-Bucket-Region: Amsterdam
1 < X-Amz-Request-Id: 1641940A6A6D669F
1 < X-Cnection: [close, close]
1 < X-Xss-Protection: 1; mode=block

15:21:54.922 [pool-4-thread-4] INFO  com.intuit.karate.Runner - <<pass>> feature 261 of 367: tmp/junit17863174098671850733/Beheer-PDOK/Kaderrichtlijn-Mariene-Strategie---Rapportage-eenheden-Nederland-EU2018/download/Kaderrichtlijn-Mariene-Strategie-EU2018-ATOM/checkdownloadurl.feature
---------------------------------------------------------
feature: tmp/junit17863174098671850733/Beheer-PDOK/Kaderrichtlijn-Mariene-Strategie---Rapportage-eenheden-Nederland-EU2018/download/Kaderrichtlijn-Mariene-Strategie-EU2018-ATOM/checkdownloadurl.feature
report: target/surefire-reports/tmp.junit17863174098671850733.Beheer-PDOK.Kaderrichtlijn-Mariene-Strategie---Rapportage-eenheden-Nederland-EU2018.download.Kaderrichtlijn-Mariene-Strategie-EU2018-ATOM.checkdownloadurl.json
scenarios:  1 | passed:  1 | failed:  0 | time: 0.5454
---------------------------------------------------------
15:21:54.925 [ForkJoinPool-2-worker-7] INFO  com.intuit.karate - karate.env system property was:  
15:21:54.925 [ForkJoinPool-2-worker-7] INFO  com.intuit.karate - [print] {
  "class": "metadata.Service",
  "electronicMailAddress": "[beheerpdok@kadaster.nl, beheerpdok@kadaster.nl]",
  "metadataStandardVersion": "Nederlands metadata profiel op ISO 19119 voor services 2.1.0",
  "operatesOn": "https://www.nationaalgeoregister.nl/geonetwork/srv/dut/csw?service=CSW&request=GetRecordById&version=2.0.2&outputSchema=http://www.isotc211.org/2005/gmd&elementSetName=full&id=12bb57cd-73e0-41ba-a1e9-6d986b9109d3#MD_DataIdentification",
  "organisation": "Beheer PDOK",
  "serviceIdentifierCode": "f0c6fbfe-a172-4223-8af3-58f6a28c881d",
  "servicetype": "view",
  "title": "Human Health Statistics Netherlands (INSPIRE geharmoniseerd) WMS",
  "url": "https://service.pdok.nl/cbs/hh/wms/v1_0?request=GetCapabilities&service=WMS"
}

15:21:54.926 [ForkJoinPool-2-worker-7] INFO  com.intuit.karate - [print] testing url:https://service.pdok.nl/cbs/hh/wms/v1_0?request=GetCapabilities&service=WMS
15:21:54.926 [ForkJoinPool-2-worker-7] DEBUG com.intuit.karate - request:
1 > HEAD https://service.pdok.nl/cbs/hh/wms/v1_0?request=GetCapabilities&service=WMS
1 > Accept-Encoding: gzip,deflate
1 > Connection: Keep-Alive
1 > Host: service.pdok.nl
1 > User-Agent: Apache-HttpClient/4.5.11 (Java/13.0.5)

15:21:55.141 [ForkJoinPool-2-worker-1] DEBUG com.intuit.karate - response time in milliseconds: 404.15
1 < 200
1 < Access-Control-Allow-Headers: SOAPAction,X-Requested-With,Content-Type,Origin,Authorization,Accept
1 < Access-Control-Allow-Methods: POST, GET, OPTIONS, HEAD
1 < Access-Control-Allow-Origin: *
1 < Access-Control-Max-Age: 1000
1 < Content-Length: 59006
1 < Content-Type: text/xml
1 < Date: Mon, 26 Oct 2020 15:21:55 GMT
1 < X-Cnection: [close, close]

15:21:55.145 [pool-4-thread-3] INFO  com.intuit.karate.Runner - <<pass>> feature 263 of 367: tmp/junit17863174098671850733/Beheer-PDOK/Zeegebieden/download/INSPIRE-download-service-PDOK/checkdownloadurl.feature
---------------------------------------------------------
feature: tmp/junit17863174098671850733/Beheer-PDOK/Zeegebieden/download/INSPIRE-download-service-PDOK/checkdownloadurl.feature
report: target/surefire-reports/tmp.junit17863174098671850733.Beheer-PDOK.Zeegebieden.download.INSPIRE-download-service-PDOK.checkdownloadurl.json
scenarios:  1 | passed:  1 | failed:  0 | time: 0.4077
---------------------------------------------------------
15:21:55.148 [ForkJoinPool-2-worker-5] DEBUG com.intuit.karate - response time in milliseconds: 406.46
1 < 200
1 < Accept-Ranges: bytes
1 < Access-Control-Allow-Headers: SOAPAction,X-Requested-With,Content-Type,Origin,Authorization,Accept
1 < Access-Control-Allow-Methods: POST, GET, OPTIONS, HEAD
1 < Access-Control-Allow-Origin: *
1 < Access-Control-Max-Age: 1000
1 < Content-Type: application/xml
1 < Date: Mon, 26 Oct 2020 15:21:55 GMT
1 < ETag: "2b852-5af58a6649d86-gzip"
1 < Last-Modified: Tue, 15 Sep 2020 11:42:47 GMT
1 < Vary: Accept-Encoding
1 < X-Cnection: [close, close]

15:21:55.148 [ForkJoinPool-2-worker-5] ERROR com.intuit.karate - assertion failed: path: $['Content-Length'][0], actual: null, expected: '#notnull', reason: actual json-path does not exist
15:21:55.150 [pool-4-thread-2] INFO  com.intuit.karate.Runner - <<fail>> feature 264 of 367: tmp/junit17863174098671850733/Beheer-PDOK/Zeegebieden/view/TOP10NL-WMS/checkViewUrl.feature
15:21:55.151 [ForkJoinPool-2-worker-5] INFO  com.intuit.karate - karate.env system property was:  
15:21:55.151 [ForkJoinPool-2-worker-5] INFO  com.intuit.karate - [print] {
  "class": "metadata.Service",
  "electronicMailAddress": "[beheerpdok@kadaster.nl, beheerpdok@kadaster.nl]",
  "metadataStandardVersion": "Nederlands metadata profiel op ISO 19119 voor services 2.1.0",
  "operatesOn": "https://www.nationaalgeoregister.nl/geonetwork/srv/dut/csw?service=CSW&request=GetRecordById&version=2.0.2&outputSchema=http://www.isotc211.org/2005/gmd&elementSetName=full&id=12bb57cd-73e0-41ba-a1e9-6d986b9109d3#MD_DataIdentification",
  "organisation": "Beheer PDOK",
  "serviceIdentifierCode": "8129296b-b9c1-489f-990a-df4a879e12b2",
  "servicetype": "other",
  "title": "Human Health Statistics Netherlands (INSPIRE geharmoniseerd) WFS",
  "url": "https://service.pdok.nl/cbs/hh/wfs/v1_0?request=GetCapabilities&service=WFS"
}

15:21:55.152 [ForkJoinPool-2-worker-5] INFO  com.intuit.karate - [print] testing url:https://service.pdok.nl/cbs/hh/wfs/v1_0?request=GetCapabilities&service=WFS
15:21:55.152 [ForkJoinPool-2-worker-5] DEBUG com.intuit.karate - request:
1 > HEAD https://service.pdok.nl/cbs/hh/wfs/v1_0?request=GetCapabilities&service=WFS
1 > Accept-Encoding: gzip,deflate
1 > Connection: Keep-Alive
1 > Host: service.pdok.nl
1 > User-Agent: Apache-HttpClient/4.5.11 (Java/13.0.5)

---------------------------------------------------------
feature: tmp/junit17863174098671850733/Beheer-PDOK/Zeegebieden/view/TOP10NL-WMS/checkViewUrl.feature
report: target/surefire-reports/tmp.junit17863174098671850733.Beheer-PDOK.Zeegebieden.view.TOP10NL-WMS.checkViewUrl.json
scenarios:  1 | passed:  0 | failed:  1 | time: 0.4144
---------------------------------------------------------
15:21:55.155 [ForkJoinPool-2-worker-1] INFO  com.intuit.karate - karate.env system property was:  
15:21:55.156 [ForkJoinPool-2-worker-1] INFO  com.intuit.karate - [print] {
  "class": "metadata.Service",
  "electronicMailAddress": "[beheerpdok@kadaster.nl, beheer pdok@kadaster.nl]",
  "metadataStandardVersion": "Nederlands metadata profiel op ISO 19119 voor services 2.0",
  "operatesOn": "[https://www.nationaalgeoregister.nl:443/geonetwork/srv/dut/csw?service=CSW&request=GetRecordById&version=2.0.2&outputSchema=http://www.isotc211.org/2005/gmd&elementSetName=full&id=5a1adb58-0bbe-425d-b0fe-577a6c0a4228#MD_DataIdentification, https://www.nationaalgeoregister.nl:443/geonetwork/srv/dut/csw?service=CSW&request=GetRecordById&version=2.0.2&outputSchema=http://www.isotc211.org/2005/gmd&elementSetName=full&id=71c2b7d2-a1a8-4836-b8d4-7247d331b04d#MD_DataIdentification, https://www.nationaalgeoregister.nl:443/geonetwork/srv/dut/csw?service=CSW&request=GetRecordById&version=2.0.2&outputSchema=http://www.isotc211.org/2005/gmd&elementSetName=full&id=1462bbce-ccd3-4362-83d8-4535ca8f44eb#MD_DataIdentification, https://www.nationaalgeoregister.nl:443/geonetwork/srv/dut/csw?service=CSW&request=GetRecordById&version=2.0.2&outputSchema=http://www.isotc211.org/2005/gmd&elementSetName=full&id=f605a24f-60cd-4c40-94c8-2186aba3ddd0#MD_DataIdentification, https://www.nationaalgeoregister.nl:443/geonetwork/srv/dut/csw?service=CSW&request=GetRecordById&version=2.0.2&outputSchema=http://www.isotc211.org/2005/gmd&elementSetName=full&id=76091be7-358a-4a44-8182-b4139c96c6a4#MD_DataIdentification, https://www.nationaalgeoregister.nl:443/geonetwork/srv/dut/csw?service=CSW&request=GetRecordById&version=2.0.2&outputSchema=http://www.isotc211.org/2005/gmd&elementSetName=full&id=8829e5dd-c861-4639-a6c8-fdbb6e3440d2#MD_DataIdentification, https://www.nationaalgeoregister.nl:443/geonetwork/srv/dut/csw?service=CSW&request=GetRecordById&version=2.0.2&outputSchema=http://www.isotc211.org/2005/gmd&elementSetName=full&id=710c381c-ab2d-45d5-a45d-af2eba811e5f#MD_DataIdentification, https://www.nationaalgeoregister.nl:443/geonetwork/srv/dut/csw?service=CSW&request=GetRecordById&version=2.0.2&outputSchema=http://www.isotc211.org/2005/gmd&elementSetName=full&id=a9b7026e-0a81-4813-93bd-ba49e6f28502#MD_DataIdentification, https://www.nationaalgeoregister.nl:443/geonetwork/srv/dut/csw?service=CSW&request=GetRecordById&version=2.0.2&outputSchema=http://www.isotc211.org/2005/gmd&elementSetName=full&id=2e5f0f60-0f2f-4e17-96af-c913fe305ecb#MD_DataIdentification, https://www.nationaalgeoregister.nl:443/geonetwork/srv/dut/csw?service=CSW&request=GetRecordById&version=2.0.2&outputSchema=http://www.isotc211.org/2005/gmd&elementSetName=full&id=00d8c7c8-98ff-4b06-8f53-b44216e6e75c#MD_DataIdentification, https://www.nationaalgeoregister.nl:443/geonetwork/srv/dut/csw?service=CSW&request=GetRecordById&version=2.0.2&outputSchema=http://www.isotc211.org/2005/gmd&elementSetName=full&id=701d4eb8-8aae-4708-bba5-3edf6987676d#MD_DataIdentification, https://www.nationaalgeoregister.nl:443/geonetwork/srv/dut/csw?service=CSW&request=GetRecordById&version=2.0.2&outputSchema=http://www.isotc211.org/2005/gmd&elementSetName=full&id=17716ed7-ce0d-4bfd-8868-a398e5578a36#MD_DataIdentification, https://www.nationaalgeoregister.nl:443/geonetwork/srv/dut/csw?service=CSW&request=GetRecordById&version=2.0.2&outputSchema=http://www.isotc211.org/2005/gmd&elementSetName=full&id=29d5310f-dd0d-45ba-abad-b4ffc6b8785f#MD_DataIdentification, https://www.nationaalgeoregister.nl:443/geonetwork/srv/dut/csw?service=CSW&request=GetRecordById&version=2.0.2&outputSchema=http://www.isotc211.org/2005/gmd&elementSetName=full&id=831f7bd7-c2ae-4336-bd2f-47ab20d7cdb7#MD_DataIdentification, https://www.nationaalgeoregister.nl:443/geonetwork/srv/dut/csw?service=CSW&request=GetRecordById&version=2.0.2&outputSchema=http://www.isotc211.org/2005/gmd&elementSetName=full&id=0f297898-2640-44c2-bbe9-c0480da83794#MD_DataIdentification, https://www.nationaalgeoregister.nl:443/geonetwork/srv/dut/csw?service=CSW&request=GetRecordById&version=2.0.2&outputSchema=http://www.isotc211.org/2005/gmd&elementSetName=full&id=abaf1e22-55aa-4a11-a855-7ac963e4a82b#MD_DataIdentification, https://www.nationaalgeoregister.nl:443/geonetwork/srv/dut/csw?service=CSW&request=GetRecordById&version=2.0.2&outputSchema=http://www.isotc211.org/2005/gmd&elementSetName=full&id=07d73b60-dfd6-4c54-9c82-9fac70c6c48e#MD_DataIdentification, https://www.nationaalgeoregister.nl:443/geonetwork/srv/dut/csw?service=CSW&request=GetRecordById&version=2.0.2&outputSchema=http://www.isotc211.org/2005/gmd&elementSetName=full&id=d25fe199-2430-48fd-ad57-5b5f79f73cdf#MD_DataIdentification, https://www.nationaalgeoregister.nl:443/geonetwork/srv/dut/csw?service=CSW&request=GetRecordById&version=2.0.2&outputSchema=http://www.isotc211.org/2005/gmd&elementSetName=full&id=e536d943-ecff-4d7a-9500-cc31a263a6af#MD_DataIdentification, https://www.nationaalgeoregister.nl:443/geonetwork/srv/dut/csw?service=CSW&request=GetRecordById&version=2.0.2&outputSchema=http://www.isotc211.org/2005/gmd&elementSetName=full&id=bbece924-9aab-4e00-8392-bce36b8f494e#MD_DataIdentification, https://www.nationaalgeoregister.nl:443/geonetwork/srv/dut/csw?service=CSW&request=GetRecordById&version=2.0.2&outputSchema=http://www.isotc211.org/2005/gmd&elementSetName=full&id=c935f2ab-9b65-4dc4-94a0-73aeb840a941#MD_DataIdentification, https://www.nationaalgeoregister.nl:443/geonetwork/srv/dut/csw?service=CSW&request=GetRecordById&version=2.0.2&outputSchema=http://www.isotc211.org/2005/gmd&elementSetName=full&id=81ff84ec-42a4-4481-840b-12713bbb5d38#MD_DataIdentification, https://www.nationaalgeoregister.nl:443/geonetwork/srv/dut/csw?service=CSW&request=GetRecordById&version=2.0.2&outputSchema=http://www.isotc211.org/2005/gmd&elementSetName=full&id=af0c582f-9e6b-46e6-865a-fc3a2d5289b9#MD_DataIdentification, https://www.nationaalgeoregister.nl:443/geonetwork/srv/dut/csw?service=CSW&request=GetRecordById&version=2.0.2&outputSchema=http://www.isotc211.org/2005/gmd&elementSetName=full&id=3eebf700-5abf-42e4-826c-03cfb497e366#MD_DataIdentification, https://www.nationaalgeoregister.nl:443/geonetwork/srv/dut/csw?service=CSW&request=GetRecordById&version=2.0.2&outputSchema=http://www.isotc211.org/2005/gmd&elementSetName=full&id=9d9f1738-aced-47c9-aaa0-c62474a2dcfb#MD_DataIdentification, https://www.nationaalgeoregister.nl:443/geonetwork/srv/dut/csw?service=CSW&request=GetRecordById&version=2.0.2&outputSchema=http://www.isotc211.org/2005/gmd&elementSetName=full&id=8eee71f9-9365-490d-9484-00263c6fa35c#MD_DataIdentification, https://www.nationaalgeoregister.nl:443/geonetwork/srv/dut/csw?service=CSW&request=GetRecordById&version=2.0.2&outputSchema=http://www.isotc211.org/2005/gmd&elementSetName=full&id=4961d305-fbb5-426a-9ba3-53e1ca5f3b18#MD_DataIdentification, https://www.nationaalgeoregister.nl:443/geonetwork/srv/dut/csw?service=CSW&request=GetRecordById&version=2.0.2&outputSchema=http://www.isotc211.org/2005/gmd&elementSetName=full&id=2af8df10-81ba-434a-8125-34fe8f127cf9#MD_DataIdentification, https://www.nationaalgeoregister.nl:443/geonetwork/srv/dut/csw?service=CSW&request=GetRecordById&version=2.0.2&outputSchema=http://www.isotc211.org/2005/gmd&elementSetName=full&id=6cde2ce7-3ecd-4785-b7b8-d62c3381efe9#MD_DataIdentification, https://www.nationaalgeoregister.nl:443/geonetwork/srv/dut/csw?service=CSW&request=GetRecordById&version=2.0.2&outputSchema=http://www.isotc211.org/2005/gmd&elementSetName=full&id=3229e4d7-4bcd-4b94-819d-8e62de69ce2e#MD_DataIdentification, https://www.nationaalgeoregister.nl:443/geonetwork/srv/dut/csw?service=CSW&request=GetRecordById&version=2.0.2&outputSchema=http://www.isotc211.org/2005/gmd&elementSetName=full&id=5d0dc580-ba7a-4c3b-968b-199efd92d6cf#MD_DataIdentification, https://www.nationaalgeoregister.nl:443/geonetwork/srv/dut/csw?service=CSW&request=GetRecordById&version=2.0.2&outputSchema=http://www.isotc211.org/2005/gmd&elementSetName=full&id=bffcd5d9-02b4-4e7d-991f-a386611cad84#MD_DataIdentification, https://www.nationaalgeoregister.nl:443/geonetwork/srv/dut/csw?service=CSW&request=GetRecordById&version=2.0.2&outputSchema=http://www.isotc211.org/2005/gmd&elementSetName=full&id=effe1ab0-073d-437c-af13-df5c5e07d6cd#MD_DataIdentification]",
  "organisation": "Beheer PDOK",
  "serviceIdentifierCode": "9ff1a13c-d1e0-4150-8523-91cb489ae1a4",
  "servicetype": "download",
  "title": "INSPIRE download service PDOK",
  "url": "https://geodata.nationaalgeoregister.nl/atom/index.xml"
}

15:21:55.156 [ForkJoinPool-2-worker-1] INFO  com.intuit.karate - [print] testing url:https://geodata.nationaalgeoregister.nl/atom/index.xml
15:21:55.157 [ForkJoinPool-2-worker-1] DEBUG com.intuit.karate - request:
1 > HEAD https://geodata.nationaalgeoregister.nl/atom/index.xml
1 > Accept-Encoding: gzip,deflate
1 > Connection: Keep-Alive
1 > Host: geodata.nationaalgeoregister.nl
1 > User-Agent: Apache-HttpClient/4.5.11 (Java/13.0.5)

15:21:55.161 [ForkJoinPool-2-worker-3] DEBUG com.intuit.karate - response time in milliseconds: 366.40
1 < 200
1 < Accept-Ranges: bytes
1 < Access-Control-Allow-Headers: Content-Type
1 < Access-Control-Allow-Method: GET,OPTIONS,HEAD
1 < Access-Control-Allow-Origin: *
1 < Content-Length: 3250
1 < Content-Type: text/xml
1 < Date: Mon, 26 Oct 2020 15:21:55 GMT
1 < Etag: "2925896830"
1 < Last-Modified: Wed, 21 Oct 2020 23:11:19 GMT
1 < Server: PDOK ATOM SERVER
1 < Strict-Transport-Security: max-age=3600; includeSubDomains; preload

15:21:55.163 [pool-4-thread-1] INFO  com.intuit.karate.Runner - <<pass>> feature 265 of 367: tmp/junit17863174098671850733/Beheer-PDOK/Human-Health-NL-NUTS2/download/Human-Health-Statistics-Netherlands--INSPIRE-geharmoniseerd--ATOM/checkdownloadurl.feature
---------------------------------------------------------
feature: tmp/junit17863174098671850733/Beheer-PDOK/Human-Health-NL-NUTS2/download/Human-Health-Statistics-Netherlands--INSPIRE-geharmoniseerd--ATOM/checkdownloadurl.feature
report: target/surefire-reports/tmp.junit17863174098671850733.Beheer-PDOK.Human-Health-NL-NUTS2.download.Human-Health-Statistics-Netherlands--INSPIRE-geharmoniseerd--ATOM.checkdownloadurl.json
scenarios:  1 | passed:  1 | failed:  0 | time: 0.3682
---------------------------------------------------------
15:21:55.165 [ForkJoinPool-2-worker-3] INFO  com.intuit.karate - karate.env system property was:  
15:21:55.166 [ForkJoinPool-2-worker-3] INFO  com.intuit.karate - [print] {
  "class": "metadata.Service",
  "electronicMailAddress": "[beheerPDOK@kadaster.nl, beheerPDOK@kadaster.nl]",
  "metadataStandardVersion": "Nederlands metadata profiel op ISO 19119 voor services 2.0",
  "operatesOn": "http://nationaalgeoregister.nl/geonetwork/srv/dut/csw?service=CSW&version=2.0.2&request=GetRecordById&outputschema=http://www.isotc211.org/2005/gmd&elementsetname=full&id=6cde2ce7-3ecd-4785-b7b8-d62c3381efe9#MD_DataIdentification",
  "organisation": "Beheer PDOK",
  "serviceIdentifierCode": "6ff5af41-4cb0-406a-a77c-a4cf4223cbc7",
  "servicetype": "download",
  "title": "CBS Wijken en Buurten 2016 WFS",
  "url": "https://geodata.nationaalgeoregister.nl/wijkenbuurten2016/wfs?request=GetCapabilities"
}

15:21:55.166 [ForkJoinPool-2-worker-3] INFO  com.intuit.karate - [print] testing url:https://geodata.nationaalgeoregister.nl/wijkenbuurten2016/wfs?request=GetCapabilities
15:21:55.166 [ForkJoinPool-2-worker-3] DEBUG com.intuit.karate - request:
1 > HEAD https://geodata.nationaalgeoregister.nl/wijkenbuurten2016/wfs?request=GetCapabilities
1 > Accept-Encoding: gzip,deflate
1 > Connection: Keep-Alive
1 > Host: geodata.nationaalgeoregister.nl
1 > User-Agent: Apache-HttpClient/4.5.11 (Java/13.0.5)

15:21:55.286 [ForkJoinPool-2-worker-7] DEBUG com.intuit.karate - response time in milliseconds: 359.78
1 < 200
1 < Access-Control-Allow-Headers: Content-Type
1 < Access-Control-Allow-Method: GET,POST,OPTIONS
1 < Access-Control-Allow-Origin: *
1 < Content-Length: 13067
1 < Content-Type: text/xml; charset=UTF-8
1 < Date: Mon, 26 Oct 2020 15:21:55 GMT
1 < Server: lighttpd/1.4.53
1 < Strict-Transport-Security: max-age=3600; includeSubDomains; preload

15:21:55.288 [pool-4-thread-4] INFO  com.intuit.karate.Runner - <<pass>> feature 266 of 367: tmp/junit17863174098671850733/Beheer-PDOK/Human-Health-NL-NUTS2/view/Human-Health-Statistics-Netherlands--INSPIRE-geharmoniseerd--WMS/checkViewUrl.feature
---------------------------------------------------------
feature: tmp/junit17863174098671850733/Beheer-PDOK/Human-Health-NL-NUTS2/view/Human-Health-Statistics-Netherlands--INSPIRE-geharmoniseerd--WMS/checkViewUrl.feature
report: target/surefire-reports/tmp.junit17863174098671850733.Beheer-PDOK.Human-Health-NL-NUTS2.view.Human-Health-Statistics-Netherlands--INSPIRE-geharmoniseerd--WMS.checkViewUrl.json
scenarios:  1 | passed:  1 | failed:  0 | time: 0.3618
---------------------------------------------------------
15:21:55.291 [ForkJoinPool-2-worker-7] INFO  com.intuit.karate - karate.env system property was:  
15:21:55.292 [ForkJoinPool-2-worker-7] INFO  com.intuit.karate - [print] {
  "class": "metadata.Service",
  "electronicMailAddress": "[beheerPDOK@kadaster.nl, beheerPDOK@kadaster.nl]",
  "metadataStandardVersion": "Nederlands metadata profiel op ISO 19119 voor services 2.0",
  "operatesOn": "http://nationaalgeoregister.nl/geonetwork/srv/dut/csw?service=CSW&version=2.0.2&request=GetRecordById&outputschema=http://www.isotc211.org/2005/gmd&elementsetname=full&id=6cde2ce7-3ecd-4785-b7b8-d62c3381efe9#MD_DataIdentification",
  "organisation": "Beheer PDOK",
  "serviceIdentifierCode": "127125c8-20c2-451a-a1c8-f9aad8ae5c5e",
  "servicetype": "view",
  "title": "CBS Wijken en Buurten 2016 WMS",
  "url": "https://geodata.nationaalgeoregister.nl/wijkenbuurten2016/wms?request=GetCapabilities"
}

15:21:55.294 [ForkJoinPool-2-worker-7] INFO  com.intuit.karate - [print] testing url:https://geodata.nationaalgeoregister.nl/wijkenbuurten2016/wms?request=GetCapabilities
15:21:55.294 [ForkJoinPool-2-worker-7] DEBUG com.intuit.karate - request:
1 > HEAD https://geodata.nationaalgeoregister.nl/wijkenbuurten2016/wms?request=GetCapabilities
1 > Accept-Encoding: gzip,deflate
1 > Connection: Keep-Alive
1 > Host: geodata.nationaalgeoregister.nl
1 > User-Agent: Apache-HttpClient/4.5.11 (Java/13.0.5)

15:21:55.537 [ForkJoinPool-2-worker-5] DEBUG com.intuit.karate - response time in milliseconds: 384.42
1 < 200
1 < Access-Control-Allow-Headers: Content-Type
1 < Access-Control-Allow-Method: GET,POST,OPTIONS
1 < Access-Control-Allow-Origin: *
1 < Content-Length: 16805
1 < Content-Type: text/xml; charset=UTF-8
1 < Date: Mon, 26 Oct 2020 15:21:55 GMT
1 < Server: lighttpd/1.4.53
1 < Strict-Transport-Security: max-age=3600; includeSubDomains; preload

15:21:55.543 [pool-4-thread-3] INFO  com.intuit.karate.Runner - <<pass>> feature 267 of 367: tmp/junit17863174098671850733/Beheer-PDOK/Human-Health-NL-NUTS2/other/Human-Health-Statistics-Netherlands--INSPIRE-geharmoniseerd--WFS/checkOtherUrl.feature
---------------------------------------------------------
feature: tmp/junit17863174098671850733/Beheer-PDOK/Human-Health-NL-NUTS2/other/Human-Health-Statistics-Netherlands--INSPIRE-geharmoniseerd--WFS/checkOtherUrl.feature
report: target/surefire-reports/tmp.junit17863174098671850733.Beheer-PDOK.Human-Health-NL-NUTS2.other.Human-Health-Statistics-Netherlands--INSPIRE-geharmoniseerd--WFS.checkOtherUrl.json
scenarios:  1 | passed:  1 | failed:  0 | time: 0.3903
---------------------------------------------------------
15:21:55.553 [ForkJoinPool-2-worker-5] INFO  com.intuit.karate - karate.env system property was:  
15:21:55.555 [ForkJoinPool-2-worker-5] INFO  com.intuit.karate - [print] {
  "class": "metadata.Service",
  "electronicMailAddress": "[beheerPDOK@kadaster.nl, beheerpdok@kadaster.nl]",
  "metadataStandardVersion": "Nederlands metadata profiel op ISO 19119 voor services 2.0",
  "operatesOn": "[http://nationaalgeoregister.nl/geonetwork/srv/en/csw?service=CSW&version=2.0.2&request=GetRecordById&outputschema=http://www.isotc211.org/2005/gmd&elementsetname=full&id=49ab8bee-b467-486a-96ca-b950443c453a#MD_DataIdentification, http://nationaalgeoregister.nl/geonetwork/srv/en/csw?service=CSW&version=2.0.2&request=GetRecordById&outputschema=http://www.isotc211.org/2005/gmd&elementsetname=full&id=f002bfc5-7d87-46b6-819e-8415422b65c9#MD_DataIdentification, http://nationaalgeoregister.nl/geonetwork/srv/en/csw?service=CSW&version=2.0.2&request=GetRecordById&outputschema=http://www.isotc211.org/2005/gmd&elementsetname=full&id=f0821bfe-5a0a-11e9-8647-d663bd873d93#MD_DataIdentification, http://nationaalgeoregister.nl/geonetwork/srv/en/csw?service=CSW&version=2.0.2&request=GetRecordById&outputschema=http://www.isotc211.org/2005/gmd&elementsetname=full&id=60a2a7c2-d5b3-4ad5-b562-c448695357fb#MD_DataIdentification, http://nationaalgeoregister.nl/geonetwork/srv/en/csw?service=CSW&version=2.0.2&request=GetRecordById&outputschema=http://www.isotc211.org/2005/gmd&elementsetname=full&id=c7d8d77b-8c47-4309-8c58-9b12b086407f#MD_DataIdentification, http://nationaalgeoregister.nl/geonetwork/srv/en/csw?service=CSW&version=2.0.2&request=GetRecordById&outputschema=http://www.isotc211.org/2005/gmd&elementsetname=full&id=ca94a0cb-7561-4a10-a7d6-b840e56c33ff#MD_DataIdentification, http://nationaalgeoregister.nl/geonetwork/srv/en/csw?service=CSW&version=2.0.2&request=GetRecordById&outputschema=http://www.isotc211.org/2005/gmd&elementsetname=full&id=cc408b2d-09a6-4b2b-9aa3-b46bfe2f00a5#MD_DataIdentification, http://nationaalgeoregister.nl/geonetwork/srv/en/csw?service=CSW&version=2.0.2&request=GetRecordById&outputschema=http://www.isotc211.org/2005/gmd&elementsetname=full&id=998ba1dc-f6a6-49a3-a021-51f30d9b1d0e#MD_DataIdentification, https://www.nationaalgeoregister.nl:443/geonetwork/srv/dut/csw?service=CSW&request=GetRecordById&version=2.0.2&outputSchema=http://www.isotc211.org/2005/gmd&elementSetName=full&id=49ab8bee-b467-486a-96ca-b950443c453a#MD_DataIdentification]",
  "organisation": "Beheer PDOK",
  "serviceIdentifierCode": "93c8762c-4cbb-42b0-9b02-89ef902e8880",
  "servicetype": "download",
  "title": "Beschermde gebieden - Provincies (INSPIRE geharmoniseerd) ATOM V1",
  "url": "https://geodata.nationaalgeoregister.nl/provincies/ps/atom/v1/index.xml"
}

15:21:55.555 [ForkJoinPool-2-worker-5] INFO  com.intuit.karate - [print] testing url:https://geodata.nationaalgeoregister.nl/provincies/ps/atom/v1/index.xml
15:21:55.556 [ForkJoinPool-2-worker-5] DEBUG com.intuit.karate - request:
1 > HEAD https://geodata.nationaalgeoregister.nl/provincies/ps/atom/v1/index.xml
1 > Accept-Encoding: gzip,deflate
1 > Connection: Keep-Alive
1 > Host: geodata.nationaalgeoregister.nl
1 > User-Agent: Apache-HttpClient/4.5.11 (Java/13.0.5)

15:21:55.563 [ForkJoinPool-2-worker-1] DEBUG com.intuit.karate - response time in milliseconds: 405.78
1 < 200
1 < Access-Control-Allow-Headers: SOAPAction,X-Requested-With,Content-Type,Origin,Authorization,Accept
1 < Access-Control-Allow-Methods: POST, GET, OPTIONS, HEAD
1 < Access-Control-Allow-Origin: *
1 < Access-Control-Max-Age: 1000
1 < Content-Length: 59006
1 < Content-Type: text/xml
1 < Date: Mon, 26 Oct 2020 15:21:55 GMT
1 < X-Cnection: [close, close]

15:21:55.564 [pool-4-thread-2] INFO  com.intuit.karate.Runner - <<pass>> feature 268 of 367: tmp/junit17863174098671850733/Beheer-PDOK/Wijk--en-Buurtkaart-2016-versie-3/download/INSPIRE-download-service-PDOK/checkdownloadurl.feature
---------------------------------------------------------
feature: tmp/junit17863174098671850733/Beheer-PDOK/Wijk--en-Buurtkaart-2016-versie-3/download/INSPIRE-download-service-PDOK/checkdownloadurl.feature
report: target/surefire-reports/tmp.junit17863174098671850733.Beheer-PDOK.Wijk--en-Buurtkaart-2016-versie-3.download.INSPIRE-download-service-PDOK.checkdownloadurl.json
scenarios:  1 | passed:  1 | failed:  0 | time: 0.4079
---------------------------------------------------------
15:21:55.566 [ForkJoinPool-2-worker-1] INFO  com.intuit.karate - karate.env system property was:  
15:21:55.567 [ForkJoinPool-2-worker-1] INFO  com.intuit.karate - [print] {
  "class": "metadata.Service",
  "electronicMailAddress": "[beheerpdok@kadaster.nl, beheerpdok@kadaster.nl]",
  "metadataStandardVersion": "Nederlands metadata profiel op ISO 19119 voor services 2.0",
  "operatesOn": "[http://nationaalgeoregister.nl/geonetwork/srv/en/csw?service=CSW&version=2.0.2&request=GetRecordById&outputschema=http://www.isotc211.org/2005/gmd&elementsetname=full&id=49ab8bee-b467-486a-96ca-b950443c453a#MD_DataIdentification, http://nationaalgeoregister.nl/geonetwork/srv/en/csw?service=CSW&version=2.0.2&request=GetRecordById&outputschema=http://www.isotc211.org/2005/gmd&elementsetname=full&id=f002bfc5-7d87-46b6-819e-8415422b65c9#MD_DataIdentification, http://nationaalgeoregister.nl/geonetwork/srv/en/csw?service=CSW&version=2.0.2&request=GetRecordById&outputschema=http://www.isotc211.org/2005/gmd&elementsetname=full&id=f0821bfe-5a0a-11e9-8647-d663bd873d93#MD_DataIdentification, http://nationaalgeoregister.nl/geonetwork/srv/en/csw?service=CSW&version=2.0.2&request=GetRecordById&outputschema=http://www.isotc211.org/2005/gmd&elementsetname=full&id=60a2a7c2-d5b3-4ad5-b562-c448695357fb#MD_DataIdentification, http://nationaalgeoregister.nl/geonetwork/srv/en/csw?service=CSW&version=2.0.2&request=GetRecordById&outputschema=http://www.isotc211.org/2005/gmd&elementsetname=full&id=c7d8d77b-8c47-4309-8c58-9b12b086407f#MD_DataIdentification, http://nationaalgeoregister.nl/geonetwork/srv/en/csw?service=CSW&version=2.0.2&request=GetRecordById&outputschema=http://www.isotc211.org/2005/gmd&elementsetname=full&id=ca94a0cb-7561-4a10-a7d6-b840e56c33ff#MD_DataIdentification, http://nationaalgeoregister.nl/geonetwork/srv/en/csw?service=CSW&version=2.0.2&request=GetRecordById&outputschema=http://www.isotc211.org/2005/gmd&elementsetname=full&id=cc408b2d-09a6-4b2b-9aa3-b46bfe2f00a5#MD_DataIdentification, http://nationaalgeoregister.nl/geonetwork/srv/en/csw?service=CSW&version=2.0.2&request=GetRecordById&outputschema=http://www.isotc211.org/2005/gmd&elementsetname=full&id=998ba1dc-f6a6-49a3-a021-51f30d9b1d0e#MD_DataIdentification, https://www.nationaalgeoregister.nl:443/geonetwork/srv/dut/csw?service=CSW&request=GetRecordById&version=2.0.2&outputSchema=http://www.isotc211.org/2005/gmd&elementSetName=full&id=49ab8bee-b467-486a-96ca-b950443c453a#MD_DataIdentification]",
  "organisation": "Beheer PDOK",
  "serviceIdentifierCode": "25c69c01-8dfa-406f-bbcb-24feba25dcc6",
  "servicetype": "view",
  "title": "Beschermde gebieden - Provincies (INSPIRE geharmoniseerd) WMS V1",
  "url": "https://geodata.nationaalgeoregister.nl/provincies/ps/wms/v1?SERVICE=WMS&REQUEST=GetCapabilities"
}

15:21:55.568 [ForkJoinPool-2-worker-1] INFO  com.intuit.karate - [print] testing url:https://geodata.nationaalgeoregister.nl/provincies/ps/wms/v1?SERVICE=WMS&REQUEST=GetCapabilities
15:21:55.568 [ForkJoinPool-2-worker-1] DEBUG com.intuit.karate - request:
1 > HEAD https://geodata.nationaalgeoregister.nl/provincies/ps/wms/v1?SERVICE=WMS&REQUEST=GetCapabilities
1 > Accept-Encoding: gzip,deflate
1 > Connection: Keep-Alive
1 > Host: geodata.nationaalgeoregister.nl
1 > User-Agent: Apache-HttpClient/4.5.11 (Java/13.0.5)

15:21:55.676 [ForkJoinPool-2-worker-3] DEBUG com.intuit.karate - response time in milliseconds: 508.60
1 < 200
1 < Access-Control-Allow-Headers: SOAPAction,X-Requested-With,Content-Type,Origin,Authorization,Accept
1 < Access-Control-Allow-Methods: POST, GET, OPTIONS, HEAD
1 < Access-Control-Allow-Origin: *
1 < Access-Control-Max-Age: 1000
1 < Content-Disposition: inline; filename=geoserver-GetCapabilities.application
1 < Content-Type: application/xml
1 < Date: Mon, 26 Oct 2020 15:21:55 GMT
1 < X-Cnection: [close, close]

15:21:55.676 [ForkJoinPool-2-worker-3] ERROR com.intuit.karate - assertion failed: path: $['Content-Length'][0], actual: null, expected: '#notnull', reason: actual json-path does not exist
15:21:55.678 [pool-4-thread-1] INFO  com.intuit.karate.Runner - <<fail>> feature 269 of 367: tmp/junit17863174098671850733/Beheer-PDOK/Wijk--en-Buurtkaart-2016-versie-3/download/CBS-Wijken-en-Buurten-2016-WFS/checkdownloadurl.feature
---------------------------------------------------------
feature: tmp/junit17863174098671850733/Beheer-PDOK/Wijk--en-Buurtkaart-2016-versie-3/download/CBS-Wijken-en-Buurten-2016-WFS/checkdownloadurl.feature
report: target/surefire-reports/tmp.junit17863174098671850733.Beheer-PDOK.Wijk--en-Buurtkaart-2016-versie-3.download.CBS-Wijken-en-Buurten-2016-WFS.checkdownloadurl.json
scenarios:  1 | passed:  0 | failed:  1 | time: 0.5114
---------------------------------------------------------
15:21:55.681 [ForkJoinPool-2-worker-3] INFO  com.intuit.karate - karate.env system property was:  
15:21:55.682 [ForkJoinPool-2-worker-3] INFO  com.intuit.karate - [print] {
  "class": "metadata.Service",
  "electronicMailAddress": "[beheerPDOK@kadaster.nl, beheerPDOK@kadaster.nl]",
  "metadataStandardVersion": "Nederlands metadata profiel op ISO 19119 voor services 2.0",
  "operatesOn": "http://nationaalgeoregister.nl/geonetwork/srv/dut/csw?service=CSW&version=2.0.2&request=GetRecordById&outputschema=http://www.isotc211.org/2005/gmd&elementsetname=full&id=14657c9b-91e4-4355-8563-2911ad0e78e4#MD_DataIdentification",
  "organisation": "Beheer PDOK",
  "serviceIdentifierCode": "c0a8e0ee-8639-44d4-be07-d7edf9c276c7",
  "servicetype": "download",
  "title": "Vervoersnetwerken - Gemeenschappelijke elementen (INSPIRE geharmoniseerd) WFS",
  "url": "https://geodata.nationaalgeoregister.nl/inspire/tn/wfs?request=GetCapabilities"
}

15:21:55.682 [ForkJoinPool-2-worker-3] INFO  com.intuit.karate - [print] testing url:https://geodata.nationaalgeoregister.nl/inspire/tn/wfs?request=GetCapabilities
15:21:55.683 [ForkJoinPool-2-worker-3] DEBUG com.intuit.karate - request:
1 > HEAD https://geodata.nationaalgeoregister.nl/inspire/tn/wfs?request=GetCapabilities
1 > Accept-Encoding: gzip,deflate
1 > Connection: Keep-Alive
1 > Host: geodata.nationaalgeoregister.nl
1 > User-Agent: Apache-HttpClient/4.5.11 (Java/13.0.5)

15:21:55.857 [ForkJoinPool-2-worker-7] DEBUG com.intuit.karate - response time in milliseconds: 561.94
1 < 200
1 < Access-Control-Allow-Headers: SOAPAction,X-Requested-With,Content-Type,Origin,Authorization,Accept
1 < Access-Control-Allow-Methods: POST, GET, OPTIONS, HEAD
1 < Access-Control-Allow-Origin: *
1 < Access-Control-Max-Age: 1000
1 < Content-Disposition: inline; filename=getcapabilities_1.3.0.xml
1 < Content-Type: text/xml
1 < Date: Mon, 26 Oct 2020 15:21:55 GMT
1 < X-Cnection: [close, close]

15:21:55.857 [ForkJoinPool-2-worker-7] ERROR com.intuit.karate - assertion failed: path: $['Content-Length'][0], actual: null, expected: '#notnull', reason: actual json-path does not exist
15:21:55.858 [pool-4-thread-4] INFO  com.intuit.karate.Runner - <<fail>> feature 270 of 367: tmp/junit17863174098671850733/Beheer-PDOK/Wijk--en-Buurtkaart-2016-versie-3/view/CBS-Wijken-en-Buurten-2016-WMS/checkViewUrl.feature
---------------------------------------------------------
feature: tmp/junit17863174098671850733/Beheer-PDOK/Wijk--en-Buurtkaart-2016-versie-3/view/CBS-Wijken-en-Buurten-2016-WMS/checkViewUrl.feature
report: target/surefire-reports/tmp.junit17863174098671850733.Beheer-PDOK.Wijk--en-Buurtkaart-2016-versie-3.view.CBS-Wijken-en-Buurten-2016-WMS.checkViewUrl.json
scenarios:  1 | passed:  0 | failed:  1 | time: 0.5641
---------------------------------------------------------
15:21:55.861 [ForkJoinPool-2-worker-7] INFO  com.intuit.karate - karate.env system property was:  
15:21:55.862 [ForkJoinPool-2-worker-7] INFO  com.intuit.karate - [print] {
  "class": "metadata.Service",
  "electronicMailAddress": "[beheerPDOK@kadaster.nl, beheerPDOK@kadaster.nl]",
  "metadataStandardVersion": "Nederlands metadata profiel op ISO 19119 voor services 2.0",
  "operatesOn": "https://nationaalgeoregister.nl/geonetwork/srv/dut/csw?service=CSW&version=2.0.2&request=GetRecordById&outputschema=http://www.isotc211.org/2005/gmd&elementsetname=full&id=14657c9b-91e4-4355-8563-2911ad0e78e4#MD_DataIdentification",
  "organisation": "Beheer PDOK",
  "serviceIdentifierCode": "315a465b-e95d-46ea-9d97-8bbee81844cc",
  "servicetype": "view",
  "title": "Vervoersnetwerken - Gemeenschappelijke elementen (INSPIRE geharmoniseerd) WMS",
  "url": "https://geodata.nationaalgeoregister.nl/inspire/tn/wms?request=GetCapabilities"
}

15:21:55.862 [ForkJoinPool-2-worker-7] INFO  com.intuit.karate - [print] testing url:https://geodata.nationaalgeoregister.nl/inspire/tn/wms?request=GetCapabilities
15:21:55.863 [ForkJoinPool-2-worker-7] DEBUG com.intuit.karate - request:
1 > HEAD https://geodata.nationaalgeoregister.nl/inspire/tn/wms?request=GetCapabilities
1 > Accept-Encoding: gzip,deflate
1 > Connection: Keep-Alive
1 > Host: geodata.nationaalgeoregister.nl
1 > User-Agent: Apache-HttpClient/4.5.11 (Java/13.0.5)

15:21:55.962 [ForkJoinPool-2-worker-1] DEBUG com.intuit.karate - response time in milliseconds: 394.34
1 < 200
1 < Access-Control-Allow-Headers: SOAPAction,X-Requested-With,Content-Type,Origin,Authorization,Accept
1 < Access-Control-Allow-Methods: POST, GET, OPTIONS, HEAD
1 < Access-Control-Allow-Origin: *
1 < Access-Control-Max-Age: 1000
1 < Content-Length: 73
1 < Content-Type: text/html; charset=UTF-8
1 < Date: Mon, 26 Oct 2020 15:21:55 GMT
1 < Server: lighttpd/1.4.53
1 < X-Cnection: [close, close]

15:21:55.964 [pool-4-thread-2] INFO  com.intuit.karate.Runner - <<pass>> feature 272 of 367: tmp/junit17863174098671850733/Beheer-PDOK/Wet-Ammoniak-en-Veehouderij-gebieden/view/Beschermde-gebieden---Provincies--INSPIRE-geharmoniseerd--WMS-V1/checkViewUrl.feature
---------------------------------------------------------
feature: tmp/junit17863174098671850733/Beheer-PDOK/Wet-Ammoniak-en-Veehouderij-gebieden/view/Beschermde-gebieden---Provincies--INSPIRE-geharmoniseerd--WMS-V1/checkViewUrl.feature
report: target/surefire-reports/tmp.junit17863174098671850733.Beheer-PDOK.Wet-Ammoniak-en-Veehouderij-gebieden.view.Beschermde-gebieden---Provincies--INSPIRE-geharmoniseerd--WMS-V1.checkViewUrl.json
scenarios:  1 | passed:  1 | failed:  0 | time: 0.3962
---------------------------------------------------------
15:21:55.967 [ForkJoinPool-2-worker-1] INFO  com.intuit.karate - karate.env system property was:  
15:21:55.972 [ForkJoinPool-2-worker-1] INFO  com.intuit.karate - [print] {
  "class": "metadata.Service",
  "electronicMailAddress": "[beheerpdok@kadaster.nl, beheer pdok@kadaster.nl]",
  "metadataStandardVersion": "Nederlands metadata profiel op ISO 19119 voor services 2.0",
  "operatesOn": "[https://www.nationaalgeoregister.nl:443/geonetwork/srv/dut/csw?service=CSW&request=GetRecordById&version=2.0.2&outputSchema=http://www.isotc211.org/2005/gmd&elementSetName=full&id=5a1adb58-0bbe-425d-b0fe-577a6c0a4228#MD_DataIdentification, https://www.nationaalgeoregister.nl:443/geonetwork/srv/dut/csw?service=CSW&request=GetRecordById&version=2.0.2&outputSchema=http://www.isotc211.org/2005/gmd&elementSetName=full&id=71c2b7d2-a1a8-4836-b8d4-7247d331b04d#MD_DataIdentification, https://www.nationaalgeoregister.nl:443/geonetwork/srv/dut/csw?service=CSW&request=GetRecordById&version=2.0.2&outputSchema=http://www.isotc211.org/2005/gmd&elementSetName=full&id=1462bbce-ccd3-4362-83d8-4535ca8f44eb#MD_DataIdentification, https://www.nationaalgeoregister.nl:443/geonetwork/srv/dut/csw?service=CSW&request=GetRecordById&version=2.0.2&outputSchema=http://www.isotc211.org/2005/gmd&elementSetName=full&id=f605a24f-60cd-4c40-94c8-2186aba3ddd0#MD_DataIdentification, https://www.nationaalgeoregister.nl:443/geonetwork/srv/dut/csw?service=CSW&request=GetRecordById&version=2.0.2&outputSchema=http://www.isotc211.org/2005/gmd&elementSetName=full&id=76091be7-358a-4a44-8182-b4139c96c6a4#MD_DataIdentification, https://www.nationaalgeoregister.nl:443/geonetwork/srv/dut/csw?service=CSW&request=GetRecordById&version=2.0.2&outputSchema=http://www.isotc211.org/2005/gmd&elementSetName=full&id=8829e5dd-c861-4639-a6c8-fdbb6e3440d2#MD_DataIdentification, https://www.nationaalgeoregister.nl:443/geonetwork/srv/dut/csw?service=CSW&request=GetRecordById&version=2.0.2&outputSchema=http://www.isotc211.org/2005/gmd&elementSetName=full&id=710c381c-ab2d-45d5-a45d-af2eba811e5f#MD_DataIdentification, https://www.nationaalgeoregister.nl:443/geonetwork/srv/dut/csw?service=CSW&request=GetRecordById&version=2.0.2&outputSchema=http://www.isotc211.org/2005/gmd&elementSetName=full&id=a9b7026e-0a81-4813-93bd-ba49e6f28502#MD_DataIdentification, https://www.nationaalgeoregister.nl:443/geonetwork/srv/dut/csw?service=CSW&request=GetRecordById&version=2.0.2&outputSchema=http://www.isotc211.org/2005/gmd&elementSetName=full&id=2e5f0f60-0f2f-4e17-96af-c913fe305ecb#MD_DataIdentification, https://www.nationaalgeoregister.nl:443/geonetwork/srv/dut/csw?service=CSW&request=GetRecordById&version=2.0.2&outputSchema=http://www.isotc211.org/2005/gmd&elementSetName=full&id=00d8c7c8-98ff-4b06-8f53-b44216e6e75c#MD_DataIdentification, https://www.nationaalgeoregister.nl:443/geonetwork/srv/dut/csw?service=CSW&request=GetRecordById&version=2.0.2&outputSchema=http://www.isotc211.org/2005/gmd&elementSetName=full&id=701d4eb8-8aae-4708-bba5-3edf6987676d#MD_DataIdentification, https://www.nationaalgeoregister.nl:443/geonetwork/srv/dut/csw?service=CSW&request=GetRecordById&version=2.0.2&outputSchema=http://www.isotc211.org/2005/gmd&elementSetName=full&id=17716ed7-ce0d-4bfd-8868-a398e5578a36#MD_DataIdentification, https://www.nationaalgeoregister.nl:443/geonetwork/srv/dut/csw?service=CSW&request=GetRecordById&version=2.0.2&outputSchema=http://www.isotc211.org/2005/gmd&elementSetName=full&id=29d5310f-dd0d-45ba-abad-b4ffc6b8785f#MD_DataIdentification, https://www.nationaalgeoregister.nl:443/geonetwork/srv/dut/csw?service=CSW&request=GetRecordById&version=2.0.2&outputSchema=http://www.isotc211.org/2005/gmd&elementSetName=full&id=831f7bd7-c2ae-4336-bd2f-47ab20d7cdb7#MD_DataIdentification, https://www.nationaalgeoregister.nl:443/geonetwork/srv/dut/csw?service=CSW&request=GetRecordById&version=2.0.2&outputSchema=http://www.isotc211.org/2005/gmd&elementSetName=full&id=0f297898-2640-44c2-bbe9-c0480da83794#MD_DataIdentification, https://www.nationaalgeoregister.nl:443/geonetwork/srv/dut/csw?service=CSW&request=GetRecordById&version=2.0.2&outputSchema=http://www.isotc211.org/2005/gmd&elementSetName=full&id=abaf1e22-55aa-4a11-a855-7ac963e4a82b#MD_DataIdentification, https://www.nationaalgeoregister.nl:443/geonetwork/srv/dut/csw?service=CSW&request=GetRecordById&version=2.0.2&outputSchema=http://www.isotc211.org/2005/gmd&elementSetName=full&id=07d73b60-dfd6-4c54-9c82-9fac70c6c48e#MD_DataIdentification, https://www.nationaalgeoregister.nl:443/geonetwork/srv/dut/csw?service=CSW&request=GetRecordById&version=2.0.2&outputSchema=http://www.isotc211.org/2005/gmd&elementSetName=full&id=d25fe199-2430-48fd-ad57-5b5f79f73cdf#MD_DataIdentification, https://www.nationaalgeoregister.nl:443/geonetwork/srv/dut/csw?service=CSW&request=GetRecordById&version=2.0.2&outputSchema=http://www.isotc211.org/2005/gmd&elementSetName=full&id=e536d943-ecff-4d7a-9500-cc31a263a6af#MD_DataIdentification, https://www.nationaalgeoregister.nl:443/geonetwork/srv/dut/csw?service=CSW&request=GetRecordById&version=2.0.2&outputSchema=http://www.isotc211.org/2005/gmd&elementSetName=full&id=bbece924-9aab-4e00-8392-bce36b8f494e#MD_DataIdentification, https://www.nationaalgeoregister.nl:443/geonetwork/srv/dut/csw?service=CSW&request=GetRecordById&version=2.0.2&outputSchema=http://www.isotc211.org/2005/gmd&elementSetName=full&id=c935f2ab-9b65-4dc4-94a0-73aeb840a941#MD_DataIdentification, https://www.nationaalgeoregister.nl:443/geonetwork/srv/dut/csw?service=CSW&request=GetRecordById&version=2.0.2&outputSchema=http://www.isotc211.org/2005/gmd&elementSetName=full&id=81ff84ec-42a4-4481-840b-12713bbb5d38#MD_DataIdentification, https://www.nationaalgeoregister.nl:443/geonetwork/srv/dut/csw?service=CSW&request=GetRecordById&version=2.0.2&outputSchema=http://www.isotc211.org/2005/gmd&elementSetName=full&id=af0c582f-9e6b-46e6-865a-fc3a2d5289b9#MD_DataIdentification, https://www.nationaalgeoregister.nl:443/geonetwork/srv/dut/csw?service=CSW&request=GetRecordById&version=2.0.2&outputSchema=http://www.isotc211.org/2005/gmd&elementSetName=full&id=3eebf700-5abf-42e4-826c-03cfb497e366#MD_DataIdentification, https://www.nationaalgeoregister.nl:443/geonetwork/srv/dut/csw?service=CSW&request=GetRecordById&version=2.0.2&outputSchema=http://www.isotc211.org/2005/gmd&elementSetName=full&id=9d9f1738-aced-47c9-aaa0-c62474a2dcfb#MD_DataIdentification, https://www.nationaalgeoregister.nl:443/geonetwork/srv/dut/csw?service=CSW&request=GetRecordById&version=2.0.2&outputSchema=http://www.isotc211.org/2005/gmd&elementSetName=full&id=8eee71f9-9365-490d-9484-00263c6fa35c#MD_DataIdentification, https://www.nationaalgeoregister.nl:443/geonetwork/srv/dut/csw?service=CSW&request=GetRecordById&version=2.0.2&outputSchema=http://www.isotc211.org/2005/gmd&elementSetName=full&id=4961d305-fbb5-426a-9ba3-53e1ca5f3b18#MD_DataIdentification, https://www.nationaalgeoregister.nl:443/geonetwork/srv/dut/csw?service=CSW&request=GetRecordById&version=2.0.2&outputSchema=http://www.isotc211.org/2005/gmd&elementSetName=full&id=2af8df10-81ba-434a-8125-34fe8f127cf9#MD_DataIdentification, https://www.nationaalgeoregister.nl:443/geonetwork/srv/dut/csw?service=CSW&request=GetRecordById&version=2.0.2&outputSchema=http://www.isotc211.org/2005/gmd&elementSetName=full&id=6cde2ce7-3ecd-4785-b7b8-d62c3381efe9#MD_DataIdentification, https://www.nationaalgeoregister.nl:443/geonetwork/srv/dut/csw?service=CSW&request=GetRecordById&version=2.0.2&outputSchema=http://www.isotc211.org/2005/gmd&elementSetName=full&id=3229e4d7-4bcd-4b94-819d-8e62de69ce2e#MD_DataIdentification, https://www.nationaalgeoregister.nl:443/geonetwork/srv/dut/csw?service=CSW&request=GetRecordById&version=2.0.2&outputSchema=http://www.isotc211.org/2005/gmd&elementSetName=full&id=5d0dc580-ba7a-4c3b-968b-199efd92d6cf#MD_DataIdentification, https://www.nationaalgeoregister.nl:443/geonetwork/srv/dut/csw?service=CSW&request=GetRecordById&version=2.0.2&outputSchema=http://www.isotc211.org/2005/gmd&elementSetName=full&id=bffcd5d9-02b4-4e7d-991f-a386611cad84#MD_DataIdentification, https://www.nationaalgeoregister.nl:443/geonetwork/srv/dut/csw?service=CSW&request=GetRecordById&version=2.0.2&outputSchema=http://www.isotc211.org/2005/gmd&elementSetName=full&id=effe1ab0-073d-437c-af13-df5c5e07d6cd#MD_DataIdentification]",
  "organisation": "Beheer PDOK",
  "serviceIdentifierCode": "9ff1a13c-d1e0-4150-8523-91cb489ae1a4",
  "servicetype": "download",
  "title": "INSPIRE download service PDOK",
  "url": "https://geodata.nationaalgeoregister.nl/atom/index.xml"
}

15:21:55.973 [ForkJoinPool-2-worker-1] INFO  com.intuit.karate - [print] testing url:https://geodata.nationaalgeoregister.nl/atom/index.xml
15:21:55.973 [ForkJoinPool-2-worker-1] DEBUG com.intuit.karate - request:
1 > HEAD https://geodata.nationaalgeoregister.nl/atom/index.xml
1 > Accept-Encoding: gzip,deflate
1 > Connection: Keep-Alive
1 > Host: geodata.nationaalgeoregister.nl
1 > User-Agent: Apache-HttpClient/4.5.11 (Java/13.0.5)

15:21:56.018 [ForkJoinPool-2-worker-5] DEBUG com.intuit.karate - response time in milliseconds: 461.33
1 < 200
1 < Accept-Ranges: bytes
1 < Access-Control-Allow-Headers: SOAPAction,X-Requested-With,Content-Type,Origin,Authorization,Accept
1 < Access-Control-Allow-Methods: POST, GET, OPTIONS, HEAD
1 < Access-Control-Allow-Origin: *
1 < Access-Control-Max-Age: 1000
1 < Content-Length: 11308
1 < Content-Security-Policy: block-all-mixed-content
1 < Content-Type: application/xml
1 < Date: Mon, 26 Oct 2020 15:21:55 GMT
1 < Etag: "6a5a193d3183c09bef2e90757c76cd43-1"
1 < Last-Modified: Wed, 20 Nov 2019 11:50:24 GMT
1 < Server: MinIO/RELEASE.2020-09-21T22-31-59Z
1 < Vary: Origin
1 < X-Amz-Bucket-Region: Amsterdam
1 < X-Amz-Request-Id: 1641940AB1B5CC85
1 < X-Cnection: [close, close]
1 < X-Xss-Protection: 1; mode=block

15:21:56.019 [ForkJoinPool-2-worker-5] ERROR com.intuit.karate - assertion failed: path: $['Content-Type'][0], actual: 'application/xml', expected: 'text/xml', reason: not equal
15:21:56.020 [pool-4-thread-3] INFO  com.intuit.karate.Runner - <<fail>> feature 271 of 367: tmp/junit17863174098671850733/Beheer-PDOK/Wet-Ammoniak-en-Veehouderij-gebieden/download/Beschermde-gebieden---Provincies--INSPIRE-geharmoniseerd--ATOM-V1/checkdownloadurl.feature
---------------------------------------------------------
feature: tmp/junit17863174098671850733/Beheer-PDOK/Wet-Ammoniak-en-Veehouderij-gebieden/download/Beschermde-gebieden---Provincies--INSPIRE-geharmoniseerd--ATOM-V1/checkdownloadurl.feature
report: target/surefire-reports/tmp.junit17863174098671850733.Beheer-PDOK.Wet-Ammoniak-en-Veehouderij-gebieden.download.Beschermde-gebieden---Provincies--INSPIRE-geharmoniseerd--ATOM-V1.checkdownloadurl.json
scenarios:  1 | passed:  0 | failed:  1 | time: 0.4650
---------------------------------------------------------
15:21:56.022 [ForkJoinPool-2-worker-5] INFO  com.intuit.karate - karate.env system property was:  
15:21:56.023 [ForkJoinPool-2-worker-5] INFO  com.intuit.karate - [print] {
  "class": "metadata.Service",
  "electronicMailAddress": "[beheerPDOK@kadaster.nl, beheerPDOK@kadaster.nl]",
  "metadataStandardVersion": "Nederlands metadata profiel op ISO 19119 voor services 2.0",
  "operatesOn": "[https://www.nationaalgeoregister.nl:443/geonetwork/srv/dut/csw?service=CSW&request=GetRecordById&version=2.0.2&outputSchema=http://www.isotc211.org/2005/gmd&elementSetName=full&id=2e5f0f60-0f2f-4e17-96af-c913fe305ecb#MD_DataIdentification, https://www.nationaalgeoregister.nl:443/geonetwork/srv/dut/csw?service=CSW&request=GetRecordById&version=2.0.2&outputSchema=http://www.isotc211.org/2005/gmd&elementSetName=full&id=8f0497f0-dbd7-4bee-b85a-5fdec484a7ff#MD_DataIdentification, https://www.nationaalgeoregister.nl:443/geonetwork/srv/dut/csw?service=CSW&request=GetRecordById&version=2.0.2&outputSchema=http://www.isotc211.org/2005/gmd&elementSetName=full&id=a9b7026e-0a81-4813-93bd-ba49e6f28502#MD_DataIdentification]",
  "organisation": "Beheer PDOK",
  "serviceIdentifierCode": "f2437a92-ddd3-4777-a1bc-fdf4b4a7fcb8",
  "servicetype": "view",
  "title": "NWB - Wegen (Nationaal Wegen Bestand) WMS",
  "url": "https://geodata.nationaalgeoregister.nl/nwbwegen/wms?request=GetCapabilities"
}

15:21:56.023 [ForkJoinPool-2-worker-5] INFO  com.intuit.karate - [print] testing url:https://geodata.nationaalgeoregister.nl/nwbwegen/wms?request=GetCapabilities
15:21:56.024 [ForkJoinPool-2-worker-5] DEBUG com.intuit.karate - request:
1 > HEAD https://geodata.nationaalgeoregister.nl/nwbwegen/wms?request=GetCapabilities
1 > Accept-Encoding: gzip,deflate
1 > Connection: Keep-Alive
1 > Host: geodata.nationaalgeoregister.nl
1 > User-Agent: Apache-HttpClient/4.5.11 (Java/13.0.5)

15:21:56.098 [ForkJoinPool-2-worker-3] DEBUG com.intuit.karate - response time in milliseconds: 415.61
1 < 200
1 < Accept-Ranges: bytes
1 < Access-Control-Allow-Headers: SOAPAction,X-Requested-With,Content-Type,Origin,Authorization,Accept
1 < Access-Control-Allow-Methods: POST, GET, OPTIONS, HEAD
1 < Access-Control-Allow-Origin: *
1 < Access-Control-Max-Age: 1000
1 < Content-Type: application/xml
1 < Date: Mon, 26 Oct 2020 15:21:56 GMT
1 < ETag: "18e6e-5af58a652a7cd-gzip"
1 < Last-Modified: Tue, 15 Sep 2020 11:42:45 GMT
1 < Vary: Accept-Encoding
1 < X-Cnection: [close, close]

15:21:56.099 [ForkJoinPool-2-worker-3] ERROR com.intuit.karate - assertion failed: path: $['Content-Length'][0], actual: null, expected: '#notnull', reason: actual json-path does not exist
15:21:56.101 [pool-4-thread-1] INFO  com.intuit.karate.Runner - <<fail>> feature 273 of 367: tmp/junit17863174098671850733/Beheer-PDOK/Vervoersnetwerken---Gemeenschappelijke-elementen--INSPIRE-geharmoniseerd-/download/Vervoersnetwerken---Gemeenschappelijke-elementen--INSPIRE-geharmoniseerd--WFS/checkdownloadurl.feature
---------------------------------------------------------
feature: tmp/junit17863174098671850733/Beheer-PDOK/Vervoersnetwerken---Gemeenschappelijke-elementen--INSPIRE-geharmoniseerd-/download/Vervoersnetwerken---Gemeenschappelijke-elementen--INSPIRE-geharmoniseerd--WFS/checkdownloadurl.feature
report: target/surefire-reports/tmp.junit17863174098671850733.Beheer-PDOK.Vervoersnetwerken---Gemeenschappelijke-elementen--INSPIRE-geharmoniseerd-.download.Vervoersnetwerken---Gemeenschappelijke-elementen--INSPIRE-geharmoniseerd--WFS.checkdownloadurl.json
scenarios:  1 | passed:  0 | failed:  1 | time: 0.4177
---------------------------------------------------------
15:21:56.103 [ForkJoinPool-2-worker-3] INFO  com.intuit.karate - karate.env system property was:  
15:21:56.108 [ForkJoinPool-2-worker-3] INFO  com.intuit.karate - [print] {
  "class": "metadata.Service",
  "electronicMailAddress": "[beheerPDOK@kadaster.nl, beheerPDOK@kadaster.nl]",
  "metadataStandardVersion": "Nederlands metadata profiel op ISO 19119 voor services 2.0",
  "operatesOn": "https://www.nationaalgeoregister.nl/geonetwork/srv/dut/csw?service=CSW&request=GetRecordById&version=2.0.2&outputSchema=http://www.isotc211.org/2005/gmd&elementSetName=full&id=a04afee4-47d5-45b7-b7a0-a6f86106af11#MD_DataIdentification",
  "organisation": "Beheer PDOK",
  "serviceIdentifierCode": "e9ba7d7f-6cd1-4271-bce4-56432924b338",
  "servicetype": "download",
  "title": "Mosselzaadinvanginstallaties WFS",
  "url": "https://geodata.nationaalgeoregister.nl/mosselzaadinvanginstallaties/wfs?request=GetCapabilities&service=WFS"
}

15:21:56.110 [ForkJoinPool-2-worker-3] INFO  com.intuit.karate - [print] testing url:https://geodata.nationaalgeoregister.nl/mosselzaadinvanginstallaties/wfs?request=GetCapabilities&service=WFS
15:21:56.111 [ForkJoinPool-2-worker-3] DEBUG com.intuit.karate - request:
1 > HEAD https://geodata.nationaalgeoregister.nl/mosselzaadinvanginstallaties/wfs?request=GetCapabilities&service=WFS
1 > Accept-Encoding: gzip,deflate
1 > Connection: Keep-Alive
1 > Host: geodata.nationaalgeoregister.nl
1 > User-Agent: Apache-HttpClient/4.5.11 (Java/13.0.5)

15:21:56.267 [ForkJoinPool-2-worker-7] DEBUG com.intuit.karate - response time in milliseconds: 404.07
1 < 200
1 < Access-Control-Allow-Headers: SOAPAction,X-Requested-With,Content-Type,Origin,Authorization,Accept
1 < Access-Control-Allow-Methods: POST, GET, OPTIONS, HEAD
1 < Access-Control-Allow-Origin: *
1 < Access-Control-Max-Age: 1000
1 < Content-Disposition: inline; filename=getcapabilities_1.3.0.xml
1 < Content-Type: text/xml
1 < Date: Mon, 26 Oct 2020 15:21:55 GMT
1 < X-Cnection: [close, close]

15:21:56.268 [ForkJoinPool-2-worker-7] ERROR com.intuit.karate - assertion failed: path: $['Content-Length'][0], actual: null, expected: '#notnull', reason: actual json-path does not exist
15:21:56.269 [pool-4-thread-4] INFO  com.intuit.karate.Runner - <<fail>> feature 274 of 367: tmp/junit17863174098671850733/Beheer-PDOK/Vervoersnetwerken---Gemeenschappelijke-elementen--INSPIRE-geharmoniseerd-/view/Vervoersnetwerken---Gemeenschappelijke-elementen--INSPIRE-geharmoniseerd--WMS/checkViewUrl.feature
---------------------------------------------------------
feature: tmp/junit17863174098671850733/Beheer-PDOK/Vervoersnetwerken---Gemeenschappelijke-elementen--INSPIRE-geharmoniseerd-/view/Vervoersnetwerken---Gemeenschappelijke-elementen--INSPIRE-geharmoniseerd--WMS/checkViewUrl.feature
report: target/surefire-reports/tmp.junit17863174098671850733.Beheer-PDOK.Vervoersnetwerken---Gemeenschappelijke-elementen--INSPIRE-geharmoniseerd-.view.Vervoersnetwerken---Gemeenschappelijke-elementen--INSPIRE-geharmoniseerd--WMS.checkViewUrl.json
scenarios:  1 | passed:  0 | failed:  1 | time: 0.4065
---------------------------------------------------------
15:21:56.278 [ForkJoinPool-2-worker-7] INFO  com.intuit.karate - karate.env system property was:  
15:21:56.280 [ForkJoinPool-2-worker-7] INFO  com.intuit.karate - [print] {
  "class": "metadata.Service",
  "electronicMailAddress": "[beheerPDOK@kadaster.nl, beheerPDOK@kadaster.nl]",
  "metadataStandardVersion": "Nederlands metadata profiel op ISO 19119 voor services 2.0",
  "operatesOn": "http://nationaalgeoregister.nl/geonetwork/srv/dut/csw?service=CSW&version=2.0.2&request=GetRecordById&outputschema=http://www.isotc211.org/2005/gmd&elementsetname=full&id=a04afee4-47d5-45b7-b7a0-a6f86106af11#MD_DataIdentification",
  "organisation": "Beheer PDOK",
  "serviceIdentifierCode": "c78a99eb-9ba3-4307-a21b-2a64ad5da039",
  "servicetype": "view",
  "title": "Mosselzaadinvanginstallaties WMS",
  "url": "https://geodata.nationaalgeoregister.nl/mosselzaadinvanginstallaties/wms?request=GetCapabilities"
}

15:21:56.284 [ForkJoinPool-2-worker-7] INFO  com.intuit.karate - [print] testing url:https://geodata.nationaalgeoregister.nl/mosselzaadinvanginstallaties/wms?request=GetCapabilities
15:21:56.285 [ForkJoinPool-2-worker-7] DEBUG com.intuit.karate - request:
1 > HEAD https://geodata.nationaalgeoregister.nl/mosselzaadinvanginstallaties/wms?request=GetCapabilities
1 > Accept-Encoding: gzip,deflate
1 > Connection: Keep-Alive
1 > Host: geodata.nationaalgeoregister.nl
1 > User-Agent: Apache-HttpClient/4.5.11 (Java/13.0.5)

15:21:56.389 [ForkJoinPool-2-worker-1] DEBUG com.intuit.karate - response time in milliseconds: 415.37
1 < 200
1 < Access-Control-Allow-Headers: SOAPAction,X-Requested-With,Content-Type,Origin,Authorization,Accept
1 < Access-Control-Allow-Methods: POST, GET, OPTIONS, HEAD
1 < Access-Control-Allow-Origin: *
1 < Access-Control-Max-Age: 1000
1 < Content-Length: 59006
1 < Content-Type: text/xml
1 < Date: Mon, 26 Oct 2020 15:21:56 GMT
1 < X-Cnection: [close, close]

15:21:56.392 [pool-4-thread-2] INFO  com.intuit.karate.Runner - <<pass>> feature 275 of 367: tmp/junit17863174098671850733/Beheer-PDOK/NWB---Wegen/download/INSPIRE-download-service-PDOK/checkdownloadurl.feature
---------------------------------------------------------
feature: tmp/junit17863174098671850733/Beheer-PDOK/NWB---Wegen/download/INSPIRE-download-service-PDOK/checkdownloadurl.feature
report: target/surefire-reports/tmp.junit17863174098671850733.Beheer-PDOK.NWB---Wegen.download.INSPIRE-download-service-PDOK.checkdownloadurl.json
scenarios:  1 | passed:  1 | failed:  0 | time: 0.4231
---------------------------------------------------------
15:21:56.398 [ForkJoinPool-2-worker-1] INFO  com.intuit.karate - karate.env system property was:  
15:21:56.405 [ForkJoinPool-2-worker-1] INFO  com.intuit.karate - [print] {
  "class": "metadata.Service",
  "electronicMailAddress": "[beheerpdok@kadaster.nl, beheer pdok@kadaster.nl]",
  "metadataStandardVersion": "Nederlands metadata profiel op ISO 19119 voor services 2.0",
  "operatesOn": "[https://www.nationaalgeoregister.nl:443/geonetwork/srv/dut/csw?service=CSW&request=GetRecordById&version=2.0.2&outputSchema=http://www.isotc211.org/2005/gmd&elementSetName=full&id=5a1adb58-0bbe-425d-b0fe-577a6c0a4228#MD_DataIdentification, https://www.nationaalgeoregister.nl:443/geonetwork/srv/dut/csw?service=CSW&request=GetRecordById&version=2.0.2&outputSchema=http://www.isotc211.org/2005/gmd&elementSetName=full&id=71c2b7d2-a1a8-4836-b8d4-7247d331b04d#MD_DataIdentification, https://www.nationaalgeoregister.nl:443/geonetwork/srv/dut/csw?service=CSW&request=GetRecordById&version=2.0.2&outputSchema=http://www.isotc211.org/2005/gmd&elementSetName=full&id=1462bbce-ccd3-4362-83d8-4535ca8f44eb#MD_DataIdentification, https://www.nationaalgeoregister.nl:443/geonetwork/srv/dut/csw?service=CSW&request=GetRecordById&version=2.0.2&outputSchema=http://www.isotc211.org/2005/gmd&elementSetName=full&id=f605a24f-60cd-4c40-94c8-2186aba3ddd0#MD_DataIdentification, https://www.nationaalgeoregister.nl:443/geonetwork/srv/dut/csw?service=CSW&request=GetRecordById&version=2.0.2&outputSchema=http://www.isotc211.org/2005/gmd&elementSetName=full&id=76091be7-358a-4a44-8182-b4139c96c6a4#MD_DataIdentification, https://www.nationaalgeoregister.nl:443/geonetwork/srv/dut/csw?service=CSW&request=GetRecordById&version=2.0.2&outputSchema=http://www.isotc211.org/2005/gmd&elementSetName=full&id=8829e5dd-c861-4639-a6c8-fdbb6e3440d2#MD_DataIdentification, https://www.nationaalgeoregister.nl:443/geonetwork/srv/dut/csw?service=CSW&request=GetRecordById&version=2.0.2&outputSchema=http://www.isotc211.org/2005/gmd&elementSetName=full&id=710c381c-ab2d-45d5-a45d-af2eba811e5f#MD_DataIdentification, https://www.nationaalgeoregister.nl:443/geonetwork/srv/dut/csw?service=CSW&request=GetRecordById&version=2.0.2&outputSchema=http://www.isotc211.org/2005/gmd&elementSetName=full&id=a9b7026e-0a81-4813-93bd-ba49e6f28502#MD_DataIdentification, https://www.nationaalgeoregister.nl:443/geonetwork/srv/dut/csw?service=CSW&request=GetRecordById&version=2.0.2&outputSchema=http://www.isotc211.org/2005/gmd&elementSetName=full&id=2e5f0f60-0f2f-4e17-96af-c913fe305ecb#MD_DataIdentification, https://www.nationaalgeoregister.nl:443/geonetwork/srv/dut/csw?service=CSW&request=GetRecordById&version=2.0.2&outputSchema=http://www.isotc211.org/2005/gmd&elementSetName=full&id=00d8c7c8-98ff-4b06-8f53-b44216e6e75c#MD_DataIdentification, https://www.nationaalgeoregister.nl:443/geonetwork/srv/dut/csw?service=CSW&request=GetRecordById&version=2.0.2&outputSchema=http://www.isotc211.org/2005/gmd&elementSetName=full&id=701d4eb8-8aae-4708-bba5-3edf6987676d#MD_DataIdentification, https://www.nationaalgeoregister.nl:443/geonetwork/srv/dut/csw?service=CSW&request=GetRecordById&version=2.0.2&outputSchema=http://www.isotc211.org/2005/gmd&elementSetName=full&id=17716ed7-ce0d-4bfd-8868-a398e5578a36#MD_DataIdentification, https://www.nationaalgeoregister.nl:443/geonetwork/srv/dut/csw?service=CSW&request=GetRecordById&version=2.0.2&outputSchema=http://www.isotc211.org/2005/gmd&elementSetName=full&id=29d5310f-dd0d-45ba-abad-b4ffc6b8785f#MD_DataIdentification, https://www.nationaalgeoregister.nl:443/geonetwork/srv/dut/csw?service=CSW&request=GetRecordById&version=2.0.2&outputSchema=http://www.isotc211.org/2005/gmd&elementSetName=full&id=831f7bd7-c2ae-4336-bd2f-47ab20d7cdb7#MD_DataIdentification, https://www.nationaalgeoregister.nl:443/geonetwork/srv/dut/csw?service=CSW&request=GetRecordById&version=2.0.2&outputSchema=http://www.isotc211.org/2005/gmd&elementSetName=full&id=0f297898-2640-44c2-bbe9-c0480da83794#MD_DataIdentification, https://www.nationaalgeoregister.nl:443/geonetwork/srv/dut/csw?service=CSW&request=GetRecordById&version=2.0.2&outputSchema=http://www.isotc211.org/2005/gmd&elementSetName=full&id=abaf1e22-55aa-4a11-a855-7ac963e4a82b#MD_DataIdentification, https://www.nationaalgeoregister.nl:443/geonetwork/srv/dut/csw?service=CSW&request=GetRecordById&version=2.0.2&outputSchema=http://www.isotc211.org/2005/gmd&elementSetName=full&id=07d73b60-dfd6-4c54-9c82-9fac70c6c48e#MD_DataIdentification, https://www.nationaalgeoregister.nl:443/geonetwork/srv/dut/csw?service=CSW&request=GetRecordById&version=2.0.2&outputSchema=http://www.isotc211.org/2005/gmd&elementSetName=full&id=d25fe199-2430-48fd-ad57-5b5f79f73cdf#MD_DataIdentification, https://www.nationaalgeoregister.nl:443/geonetwork/srv/dut/csw?service=CSW&request=GetRecordById&version=2.0.2&outputSchema=http://www.isotc211.org/2005/gmd&elementSetName=full&id=e536d943-ecff-4d7a-9500-cc31a263a6af#MD_DataIdentification, https://www.nationaalgeoregister.nl:443/geonetwork/srv/dut/csw?service=CSW&request=GetRecordById&version=2.0.2&outputSchema=http://www.isotc211.org/2005/gmd&elementSetName=full&id=bbece924-9aab-4e00-8392-bce36b8f494e#MD_DataIdentification, https://www.nationaalgeoregister.nl:443/geonetwork/srv/dut/csw?service=CSW&request=GetRecordById&version=2.0.2&outputSchema=http://www.isotc211.org/2005/gmd&elementSetName=full&id=c935f2ab-9b65-4dc4-94a0-73aeb840a941#MD_DataIdentification, https://www.nationaalgeoregister.nl:443/geonetwork/srv/dut/csw?service=CSW&request=GetRecordById&version=2.0.2&outputSchema=http://www.isotc211.org/2005/gmd&elementSetName=full&id=81ff84ec-42a4-4481-840b-12713bbb5d38#MD_DataIdentification, https://www.nationaalgeoregister.nl:443/geonetwork/srv/dut/csw?service=CSW&request=GetRecordById&version=2.0.2&outputSchema=http://www.isotc211.org/2005/gmd&elementSetName=full&id=af0c582f-9e6b-46e6-865a-fc3a2d5289b9#MD_DataIdentification, https://www.nationaalgeoregister.nl:443/geonetwork/srv/dut/csw?service=CSW&request=GetRecordById&version=2.0.2&outputSchema=http://www.isotc211.org/2005/gmd&elementSetName=full&id=3eebf700-5abf-42e4-826c-03cfb497e366#MD_DataIdentification, https://www.nationaalgeoregister.nl:443/geonetwork/srv/dut/csw?service=CSW&request=GetRecordById&version=2.0.2&outputSchema=http://www.isotc211.org/2005/gmd&elementSetName=full&id=9d9f1738-aced-47c9-aaa0-c62474a2dcfb#MD_DataIdentification, https://www.nationaalgeoregister.nl:443/geonetwork/srv/dut/csw?service=CSW&request=GetRecordById&version=2.0.2&outputSchema=http://www.isotc211.org/2005/gmd&elementSetName=full&id=8eee71f9-9365-490d-9484-00263c6fa35c#MD_DataIdentification, https://www.nationaalgeoregister.nl:443/geonetwork/srv/dut/csw?service=CSW&request=GetRecordById&version=2.0.2&outputSchema=http://www.isotc211.org/2005/gmd&elementSetName=full&id=4961d305-fbb5-426a-9ba3-53e1ca5f3b18#MD_DataIdentification, https://www.nationaalgeoregister.nl:443/geonetwork/srv/dut/csw?service=CSW&request=GetRecordById&version=2.0.2&outputSchema=http://www.isotc211.org/2005/gmd&elementSetName=full&id=2af8df10-81ba-434a-8125-34fe8f127cf9#MD_DataIdentification, https://www.nationaalgeoregister.nl:443/geonetwork/srv/dut/csw?service=CSW&request=GetRecordById&version=2.0.2&outputSchema=http://www.isotc211.org/2005/gmd&elementSetName=full&id=6cde2ce7-3ecd-4785-b7b8-d62c3381efe9#MD_DataIdentification, https://www.nationaalgeoregister.nl:443/geonetwork/srv/dut/csw?service=CSW&request=GetRecordById&version=2.0.2&outputSchema=http://www.isotc211.org/2005/gmd&elementSetName=full&id=3229e4d7-4bcd-4b94-819d-8e62de69ce2e#MD_DataIdentification, https://www.nationaalgeoregister.nl:443/geonetwork/srv/dut/csw?service=CSW&request=GetRecordById&version=2.0.2&outputSchema=http://www.isotc211.org/2005/gmd&elementSetName=full&id=5d0dc580-ba7a-4c3b-968b-199efd92d6cf#MD_DataIdentification, https://www.nationaalgeoregister.nl:443/geonetwork/srv/dut/csw?service=CSW&request=GetRecordById&version=2.0.2&outputSchema=http://www.isotc211.org/2005/gmd&elementSetName=full&id=bffcd5d9-02b4-4e7d-991f-a386611cad84#MD_DataIdentification, https://www.nationaalgeoregister.nl:443/geonetwork/srv/dut/csw?service=CSW&request=GetRecordById&version=2.0.2&outputSchema=http://www.isotc211.org/2005/gmd&elementSetName=full&id=effe1ab0-073d-437c-af13-df5c5e07d6cd#MD_DataIdentification]",
  "organisation": "Beheer PDOK",
  "serviceIdentifierCode": "9ff1a13c-d1e0-4150-8523-91cb489ae1a4",
  "servicetype": "download",
  "title": "INSPIRE download service PDOK",
  "url": "https://geodata.nationaalgeoregister.nl/atom/index.xml"
}

15:21:56.409 [ForkJoinPool-2-worker-1] INFO  com.intuit.karate - [print] testing url:https://geodata.nationaalgeoregister.nl/atom/index.xml
15:21:56.410 [ForkJoinPool-2-worker-1] DEBUG com.intuit.karate - request:
1 > HEAD https://geodata.nationaalgeoregister.nl/atom/index.xml
1 > Accept-Encoding: gzip,deflate
1 > Connection: Keep-Alive
1 > Host: geodata.nationaalgeoregister.nl
1 > User-Agent: Apache-HttpClient/4.5.11 (Java/13.0.5)

15:21:56.417 [ForkJoinPool-2-worker-5] DEBUG com.intuit.karate - response time in milliseconds: 393.08
1 < 200
1 < Accept-Ranges: bytes
1 < Access-Control-Allow-Headers: SOAPAction,X-Requested-With,Content-Type,Origin,Authorization,Accept
1 < Access-Control-Allow-Methods: POST, GET, OPTIONS, HEAD
1 < Access-Control-Allow-Origin: *
1 < Access-Control-Max-Age: 1000
1 < Content-Type: application/xml
1 < Date: Mon, 26 Oct 2020 15:21:56 GMT
1 < ETag: "2509-5af58a1acea00-gzip"
1 < Last-Modified: Tue, 15 Sep 2020 11:41:28 GMT
1 < Vary: Accept-Encoding
1 < X-Cnection: [close, close]

15:21:56.417 [ForkJoinPool-2-worker-5] ERROR com.intuit.karate - assertion failed: path: $['Content-Length'][0], actual: null, expected: '#notnull', reason: actual json-path does not exist
15:21:56.419 [pool-4-thread-3] INFO  com.intuit.karate.Runner - <<fail>> feature 276 of 367: tmp/junit17863174098671850733/Beheer-PDOK/NWB---Wegen/view/NWB---Wegen--Nationaal-Wegen-Bestand--WMS/checkViewUrl.feature
---------------------------------------------------------
feature: tmp/junit17863174098671850733/Beheer-PDOK/NWB---Wegen/view/NWB---Wegen--Nationaal-Wegen-Bestand--WMS/checkViewUrl.feature
report: target/surefire-reports/tmp.junit17863174098671850733.Beheer-PDOK.NWB---Wegen.view.NWB---Wegen--Nationaal-Wegen-Bestand--WMS.checkViewUrl.json
scenarios:  1 | passed:  0 | failed:  1 | time: 0.3948
---------------------------------------------------------
15:21:56.421 [ForkJoinPool-2-worker-5] INFO  com.intuit.karate - karate.env system property was:  
15:21:56.422 [ForkJoinPool-2-worker-5] INFO  com.intuit.karate - [print] {
  "class": "metadata.Service",
  "electronicMailAddress": "[beheerPDOK@kadaster.nl, beheerPDOK@kadaster.nl]",
  "metadataStandardVersion": "Nederlands metadata profiel op ISO 19119 voor services 2.0",
  "operatesOn": "[http://nationaalgeoregister.nl/geonetwork/srv/dut/csw?service=CSW&version=2.0.2&request=GetRecordById&outputschema=http://www.isotc211.org/2005/gmd&elementsetname=full&id=29d5310f-dd0d-45ba-abad-b4ffc6b8785f#MD_DataIdentification, http://nationaalgeoregister.nl/geonetwork/srv/dut/csw?service=CSW&version=2.0.2&request=GetRecordById&outputschema=http://www.isotc211.org/2005/gmd&elementsetname=full&id=af0c582f-9e6b-46e6-865a-fc3a2d5289b9#MD_DataIdentification, http://nationaalgeoregister.nl/geonetwork/srv/dut/csw?service=CSW&version=2.0.2&request=GetRecordById&outputschema=http://www.isotc211.org/2005/gmd&elementsetname=full&id=81ff84ec-42a4-4481-840b-12713bbb5d38#MD_DataIdentification, http://nationaalgeoregister.nl/geonetwork/srv/dut/csw?service=CSW&version=2.0.2&request=GetRecordById&outputschema=http://www.isotc211.org/2005/gmd&elementsetname=full&id=3eebf700-5abf-42e4-826c-03cfb497e366#MD_DataIdentification, http://nationaalgeoregister.nl/geonetwork/srv/dut/csw?service=CSW&version=2.0.2&request=GetRecordById&outputschema=http://www.isotc211.org/2005/gmd&elementsetname=full&id=4b282988-cb91-4bbc-b147-f653014917cb#MD_DataIdentification, http://nationaalgeoregister.nl/geonetwork/srv/dut/csw?service=CSW&version=2.0.2&request=GetRecordById&outputschema=http://www.isotc211.org/2005/gmd&elementsetname=full&id=0558a41c-b09a-47fa-b8db-9de6bfe4f494#MD_DataIdentification, http://nationaalgeoregister.nl/geonetwork/srv/dut/csw?service=CSW&version=2.0.2&request=GetRecordById&outputschema=http://www.isotc211.org/2005/gmd&elementsetname=full&id=9d9f1738-aced-47c9-aaa0-c62474a2dcfb#MD_DataIdentification]",
  "organisation": "Beheer PDOK",
  "serviceIdentifierCode": "94f241c2-43a2-42c3-8e9e-71976605aa0e",
  "servicetype": "view",
  "title": "TOP10NL WMS",
  "url": "https://geodata.nationaalgeoregister.nl/top10nlv2/wms?request=GetCapabilities"
}

15:21:56.422 [ForkJoinPool-2-worker-5] INFO  com.intuit.karate - [print] testing url:https://geodata.nationaalgeoregister.nl/top10nlv2/wms?request=GetCapabilities
15:21:56.422 [ForkJoinPool-2-worker-5] DEBUG com.intuit.karate - request:
1 > HEAD https://geodata.nationaalgeoregister.nl/top10nlv2/wms?request=GetCapabilities
1 > Accept-Encoding: gzip,deflate
1 > Connection: Keep-Alive
1 > Host: geodata.nationaalgeoregister.nl
1 > User-Agent: Apache-HttpClient/4.5.11 (Java/13.0.5)

15:21:56.533 [ForkJoinPool-2-worker-3] DEBUG com.intuit.karate - response time in milliseconds: 421.34
1 < 200
1 < Access-Control-Allow-Headers: SOAPAction,X-Requested-With,Content-Type,Origin,Authorization,Accept
1 < Access-Control-Allow-Methods: POST, GET, OPTIONS, HEAD
1 < Access-Control-Allow-Origin: *
1 < Access-Control-Max-Age: 1000
1 < Content-Disposition: inline; filename=geoserver-GetCapabilities.application
1 < Content-Type: application/xml
1 < Date: Mon, 26 Oct 2020 15:21:56 GMT
1 < X-Cnection: [close, close]

15:21:56.533 [ForkJoinPool-2-worker-3] ERROR com.intuit.karate - assertion failed: path: $['Content-Length'][0], actual: null, expected: '#notnull', reason: actual json-path does not exist
15:21:56.534 [pool-4-thread-1] INFO  com.intuit.karate.Runner - <<fail>> feature 277 of 367: tmp/junit17863174098671850733/Beheer-PDOK/Mosselzaadinvanginstallaties/download/Mosselzaadinvanginstallaties-WFS/checkdownloadurl.feature
---------------------------------------------------------
feature: tmp/junit17863174098671850733/Beheer-PDOK/Mosselzaadinvanginstallaties/download/Mosselzaadinvanginstallaties-WFS/checkdownloadurl.feature
report: target/surefire-reports/tmp.junit17863174098671850733.Beheer-PDOK.Mosselzaadinvanginstallaties.download.Mosselzaadinvanginstallaties-WFS.checkdownloadurl.json
scenarios:  1 | passed:  0 | failed:  1 | time: 0.4298
---------------------------------------------------------
15:21:56.542 [ForkJoinPool-2-worker-3] INFO  com.intuit.karate - karate.env system property was:  
15:21:56.543 [ForkJoinPool-2-worker-3] INFO  com.intuit.karate - [print] {
  "class": "metadata.Service",
  "electronicMailAddress": "[beheerpdok@kadaster.nl, beheer pdok@kadaster.nl]",
  "metadataStandardVersion": "Nederlands metadata profiel op ISO 19119 voor services 2.0",
  "operatesOn": "[https://www.nationaalgeoregister.nl:443/geonetwork/srv/dut/csw?service=CSW&request=GetRecordById&version=2.0.2&outputSchema=http://www.isotc211.org/2005/gmd&elementSetName=full&id=5a1adb58-0bbe-425d-b0fe-577a6c0a4228#MD_DataIdentification, https://www.nationaalgeoregister.nl:443/geonetwork/srv/dut/csw?service=CSW&request=GetRecordById&version=2.0.2&outputSchema=http://www.isotc211.org/2005/gmd&elementSetName=full&id=71c2b7d2-a1a8-4836-b8d4-7247d331b04d#MD_DataIdentification, https://www.nationaalgeoregister.nl:443/geonetwork/srv/dut/csw?service=CSW&request=GetRecordById&version=2.0.2&outputSchema=http://www.isotc211.org/2005/gmd&elementSetName=full&id=1462bbce-ccd3-4362-83d8-4535ca8f44eb#MD_DataIdentification, https://www.nationaalgeoregister.nl:443/geonetwork/srv/dut/csw?service=CSW&request=GetRecordById&version=2.0.2&outputSchema=http://www.isotc211.org/2005/gmd&elementSetName=full&id=f605a24f-60cd-4c40-94c8-2186aba3ddd0#MD_DataIdentification, https://www.nationaalgeoregister.nl:443/geonetwork/srv/dut/csw?service=CSW&request=GetRecordById&version=2.0.2&outputSchema=http://www.isotc211.org/2005/gmd&elementSetName=full&id=76091be7-358a-4a44-8182-b4139c96c6a4#MD_DataIdentification, https://www.nationaalgeoregister.nl:443/geonetwork/srv/dut/csw?service=CSW&request=GetRecordById&version=2.0.2&outputSchema=http://www.isotc211.org/2005/gmd&elementSetName=full&id=8829e5dd-c861-4639-a6c8-fdbb6e3440d2#MD_DataIdentification, https://www.nationaalgeoregister.nl:443/geonetwork/srv/dut/csw?service=CSW&request=GetRecordById&version=2.0.2&outputSchema=http://www.isotc211.org/2005/gmd&elementSetName=full&id=710c381c-ab2d-45d5-a45d-af2eba811e5f#MD_DataIdentification, https://www.nationaalgeoregister.nl:443/geonetwork/srv/dut/csw?service=CSW&request=GetRecordById&version=2.0.2&outputSchema=http://www.isotc211.org/2005/gmd&elementSetName=full&id=a9b7026e-0a81-4813-93bd-ba49e6f28502#MD_DataIdentification, https://www.nationaalgeoregister.nl:443/geonetwork/srv/dut/csw?service=CSW&request=GetRecordById&version=2.0.2&outputSchema=http://www.isotc211.org/2005/gmd&elementSetName=full&id=2e5f0f60-0f2f-4e17-96af-c913fe305ecb#MD_DataIdentification, https://www.nationaalgeoregister.nl:443/geonetwork/srv/dut/csw?service=CSW&request=GetRecordById&version=2.0.2&outputSchema=http://www.isotc211.org/2005/gmd&elementSetName=full&id=00d8c7c8-98ff-4b06-8f53-b44216e6e75c#MD_DataIdentification, https://www.nationaalgeoregister.nl:443/geonetwork/srv/dut/csw?service=CSW&request=GetRecordById&version=2.0.2&outputSchema=http://www.isotc211.org/2005/gmd&elementSetName=full&id=701d4eb8-8aae-4708-bba5-3edf6987676d#MD_DataIdentification, https://www.nationaalgeoregister.nl:443/geonetwork/srv/dut/csw?service=CSW&request=GetRecordById&version=2.0.2&outputSchema=http://www.isotc211.org/2005/gmd&elementSetName=full&id=17716ed7-ce0d-4bfd-8868-a398e5578a36#MD_DataIdentification, https://www.nationaalgeoregister.nl:443/geonetwork/srv/dut/csw?service=CSW&request=GetRecordById&version=2.0.2&outputSchema=http://www.isotc211.org/2005/gmd&elementSetName=full&id=29d5310f-dd0d-45ba-abad-b4ffc6b8785f#MD_DataIdentification, https://www.nationaalgeoregister.nl:443/geonetwork/srv/dut/csw?service=CSW&request=GetRecordById&version=2.0.2&outputSchema=http://www.isotc211.org/2005/gmd&elementSetName=full&id=831f7bd7-c2ae-4336-bd2f-47ab20d7cdb7#MD_DataIdentification, https://www.nationaalgeoregister.nl:443/geonetwork/srv/dut/csw?service=CSW&request=GetRecordById&version=2.0.2&outputSchema=http://www.isotc211.org/2005/gmd&elementSetName=full&id=0f297898-2640-44c2-bbe9-c0480da83794#MD_DataIdentification, https://www.nationaalgeoregister.nl:443/geonetwork/srv/dut/csw?service=CSW&request=GetRecordById&version=2.0.2&outputSchema=http://www.isotc211.org/2005/gmd&elementSetName=full&id=abaf1e22-55aa-4a11-a855-7ac963e4a82b#MD_DataIdentification, https://www.nationaalgeoregister.nl:443/geonetwork/srv/dut/csw?service=CSW&request=GetRecordById&version=2.0.2&outputSchema=http://www.isotc211.org/2005/gmd&elementSetName=full&id=07d73b60-dfd6-4c54-9c82-9fac70c6c48e#MD_DataIdentification, https://www.nationaalgeoregister.nl:443/geonetwork/srv/dut/csw?service=CSW&request=GetRecordById&version=2.0.2&outputSchema=http://www.isotc211.org/2005/gmd&elementSetName=full&id=d25fe199-2430-48fd-ad57-5b5f79f73cdf#MD_DataIdentification, https://www.nationaalgeoregister.nl:443/geonetwork/srv/dut/csw?service=CSW&request=GetRecordById&version=2.0.2&outputSchema=http://www.isotc211.org/2005/gmd&elementSetName=full&id=e536d943-ecff-4d7a-9500-cc31a263a6af#MD_DataIdentification, https://www.nationaalgeoregister.nl:443/geonetwork/srv/dut/csw?service=CSW&request=GetRecordById&version=2.0.2&outputSchema=http://www.isotc211.org/2005/gmd&elementSetName=full&id=bbece924-9aab-4e00-8392-bce36b8f494e#MD_DataIdentification, https://www.nationaalgeoregister.nl:443/geonetwork/srv/dut/csw?service=CSW&request=GetRecordById&version=2.0.2&outputSchema=http://www.isotc211.org/2005/gmd&elementSetName=full&id=c935f2ab-9b65-4dc4-94a0-73aeb840a941#MD_DataIdentification, https://www.nationaalgeoregister.nl:443/geonetwork/srv/dut/csw?service=CSW&request=GetRecordById&version=2.0.2&outputSchema=http://www.isotc211.org/2005/gmd&elementSetName=full&id=81ff84ec-42a4-4481-840b-12713bbb5d38#MD_DataIdentification, https://www.nationaalgeoregister.nl:443/geonetwork/srv/dut/csw?service=CSW&request=GetRecordById&version=2.0.2&outputSchema=http://www.isotc211.org/2005/gmd&elementSetName=full&id=af0c582f-9e6b-46e6-865a-fc3a2d5289b9#MD_DataIdentification, https://www.nationaalgeoregister.nl:443/geonetwork/srv/dut/csw?service=CSW&request=GetRecordById&version=2.0.2&outputSchema=http://www.isotc211.org/2005/gmd&elementSetName=full&id=3eebf700-5abf-42e4-826c-03cfb497e366#MD_DataIdentification, https://www.nationaalgeoregister.nl:443/geonetwork/srv/dut/csw?service=CSW&request=GetRecordById&version=2.0.2&outputSchema=http://www.isotc211.org/2005/gmd&elementSetName=full&id=9d9f1738-aced-47c9-aaa0-c62474a2dcfb#MD_DataIdentification, https://www.nationaalgeoregister.nl:443/geonetwork/srv/dut/csw?service=CSW&request=GetRecordById&version=2.0.2&outputSchema=http://www.isotc211.org/2005/gmd&elementSetName=full&id=8eee71f9-9365-490d-9484-00263c6fa35c#MD_DataIdentification, https://www.nationaalgeoregister.nl:443/geonetwork/srv/dut/csw?service=CSW&request=GetRecordById&version=2.0.2&outputSchema=http://www.isotc211.org/2005/gmd&elementSetName=full&id=4961d305-fbb5-426a-9ba3-53e1ca5f3b18#MD_DataIdentification, https://www.nationaalgeoregister.nl:443/geonetwork/srv/dut/csw?service=CSW&request=GetRecordById&version=2.0.2&outputSchema=http://www.isotc211.org/2005/gmd&elementSetName=full&id=2af8df10-81ba-434a-8125-34fe8f127cf9#MD_DataIdentification, https://www.nationaalgeoregister.nl:443/geonetwork/srv/dut/csw?service=CSW&request=GetRecordById&version=2.0.2&outputSchema=http://www.isotc211.org/2005/gmd&elementSetName=full&id=6cde2ce7-3ecd-4785-b7b8-d62c3381efe9#MD_DataIdentification, https://www.nationaalgeoregister.nl:443/geonetwork/srv/dut/csw?service=CSW&request=GetRecordById&version=2.0.2&outputSchema=http://www.isotc211.org/2005/gmd&elementSetName=full&id=3229e4d7-4bcd-4b94-819d-8e62de69ce2e#MD_DataIdentification, https://www.nationaalgeoregister.nl:443/geonetwork/srv/dut/csw?service=CSW&request=GetRecordById&version=2.0.2&outputSchema=http://www.isotc211.org/2005/gmd&elementSetName=full&id=5d0dc580-ba7a-4c3b-968b-199efd92d6cf#MD_DataIdentification, https://www.nationaalgeoregister.nl:443/geonetwork/srv/dut/csw?service=CSW&request=GetRecordById&version=2.0.2&outputSchema=http://www.isotc211.org/2005/gmd&elementSetName=full&id=bffcd5d9-02b4-4e7d-991f-a386611cad84#MD_DataIdentification, https://www.nationaalgeoregister.nl:443/geonetwork/srv/dut/csw?service=CSW&request=GetRecordById&version=2.0.2&outputSchema=http://www.isotc211.org/2005/gmd&elementSetName=full&id=effe1ab0-073d-437c-af13-df5c5e07d6cd#MD_DataIdentification]",
  "organisation": "Beheer PDOK",
  "serviceIdentifierCode": "9ff1a13c-d1e0-4150-8523-91cb489ae1a4",
  "servicetype": "download",
  "title": "INSPIRE download service PDOK",
  "url": "https://geodata.nationaalgeoregister.nl/atom/index.xml"
}

15:21:56.553 [ForkJoinPool-2-worker-3] INFO  com.intuit.karate - [print] testing url:https://geodata.nationaalgeoregister.nl/atom/index.xml
15:21:56.554 [ForkJoinPool-2-worker-3] DEBUG com.intuit.karate - request:
1 > HEAD https://geodata.nationaalgeoregister.nl/atom/index.xml
1 > Accept-Encoding: gzip,deflate
1 > Connection: Keep-Alive
1 > Host: geodata.nationaalgeoregister.nl
1 > User-Agent: Apache-HttpClient/4.5.11 (Java/13.0.5)

15:21:56.735 [ForkJoinPool-2-worker-7] DEBUG com.intuit.karate - response time in milliseconds: 449.11
1 < 200
1 < Access-Control-Allow-Headers: SOAPAction,X-Requested-With,Content-Type,Origin,Authorization,Accept
1 < Access-Control-Allow-Methods: POST, GET, OPTIONS, HEAD
1 < Access-Control-Allow-Origin: *
1 < Access-Control-Max-Age: 1000
1 < Content-Disposition: inline; filename=getcapabilities_1.3.0.xml
1 < Content-Type: text/xml
1 < Date: Mon, 26 Oct 2020 15:21:56 GMT
1 < X-Cnection: [close, close]

15:21:56.735 [ForkJoinPool-2-worker-7] ERROR com.intuit.karate - assertion failed: path: $['Content-Length'][0], actual: null, expected: '#notnull', reason: actual json-path does not exist
15:21:56.737 [pool-4-thread-4] INFO  com.intuit.karate.Runner - <<fail>> feature 278 of 367: tmp/junit17863174098671850733/Beheer-PDOK/Mosselzaadinvanginstallaties/view/Mosselzaadinvanginstallaties-WMS/checkViewUrl.feature
---------------------------------------------------------
feature: tmp/junit17863174098671850733/Beheer-PDOK/Mosselzaadinvanginstallaties/view/Mosselzaadinvanginstallaties-WMS/checkViewUrl.feature
report: target/surefire-reports/tmp.junit17863174098671850733.Beheer-PDOK.Mosselzaadinvanginstallaties.view.Mosselzaadinvanginstallaties-WMS.checkViewUrl.json
scenarios:  1 | passed:  0 | failed:  1 | time: 0.4561
---------------------------------------------------------
15:21:56.740 [ForkJoinPool-2-worker-7] INFO  com.intuit.karate - karate.env system property was:  
15:21:56.741 [ForkJoinPool-2-worker-7] INFO  com.intuit.karate - [print] {
  "class": "metadata.Service",
  "electronicMailAddress": "[beheerPDOK@kadaster.nl, beheerPDOK@kadaster.nl]",
  "metadataStandardVersion": "Nederlands metadata profiel op ISO 19119 voor services 2.0",
  "operatesOn": "http://nationaalgeoregister.nl/geonetwork/srv/dut/csw?service=CSW&version=2.0.2&request=GetRecordById&outputschema=http://www.isotc211.org/2005/gmd&elementsetname=full&id=f605a24f-60cd-4c40-94c8-2186aba3ddd0#MD_DataIdentification",
  "organisation": "Beheer PDOK",
  "serviceIdentifierCode": "f1e26638-3b45-4dd5-9ad0-f7d3654700f1",
  "servicetype": "download",
  "title": "CBS Vierkantstatistieken 500m WFS",
  "url": "https://geodata.nationaalgeoregister.nl/cbsvierkanten500mv2/wfs?request=GetCapabilities"
}

15:21:56.741 [ForkJoinPool-2-worker-7] INFO  com.intuit.karate - [print] testing url:https://geodata.nationaalgeoregister.nl/cbsvierkanten500mv2/wfs?request=GetCapabilities
15:21:56.742 [ForkJoinPool-2-worker-7] DEBUG com.intuit.karate - request:
1 > HEAD https://geodata.nationaalgeoregister.nl/cbsvierkanten500mv2/wfs?request=GetCapabilities
1 > Accept-Encoding: gzip,deflate
1 > Connection: Keep-Alive
1 > Host: geodata.nationaalgeoregister.nl
1 > User-Agent: Apache-HttpClient/4.5.11 (Java/13.0.5)

15:21:56.808 [ForkJoinPool-2-worker-1] DEBUG com.intuit.karate - response time in milliseconds: 398.46
1 < 200
1 < Access-Control-Allow-Headers: SOAPAction,X-Requested-With,Content-Type,Origin,Authorization,Accept
1 < Access-Control-Allow-Methods: POST, GET, OPTIONS, HEAD
1 < Access-Control-Allow-Origin: *
1 < Access-Control-Max-Age: 1000
1 < Content-Length: 59006
1 < Content-Type: text/xml
1 < Date: Mon, 26 Oct 2020 15:21:56 GMT
1 < X-Cnection: [close, close]

15:21:56.810 [pool-4-thread-2] INFO  com.intuit.karate.Runner - <<pass>> feature 279 of 367: tmp/junit17863174098671850733/Beheer-PDOK/Bodemgebruik/download/INSPIRE-download-service-PDOK/checkdownloadurl.feature
---------------------------------------------------------
feature: tmp/junit17863174098671850733/Beheer-PDOK/Bodemgebruik/download/INSPIRE-download-service-PDOK/checkdownloadurl.feature
report: target/surefire-reports/tmp.junit17863174098671850733.Beheer-PDOK.Bodemgebruik.download.INSPIRE-download-service-PDOK.checkdownloadurl.json
scenarios:  1 | passed:  1 | failed:  0 | time: 0.4078
---------------------------------------------------------
15:21:56.811 [ForkJoinPool-2-worker-5] DEBUG com.intuit.karate - response time in milliseconds: 388.12
1 < 200
1 < Accept-Ranges: bytes
1 < Access-Control-Allow-Headers: SOAPAction,X-Requested-With,Content-Type,Origin,Authorization,Accept
1 < Access-Control-Allow-Methods: POST, GET, OPTIONS, HEAD
1 < Access-Control-Allow-Origin: *
1 < Access-Control-Max-Age: 1000
1 < Content-Type: application/xml
1 < Date: Mon, 26 Oct 2020 15:21:56 GMT
1 < ETag: "2b852-5af58a6649d86-gzip"
1 < Last-Modified: Tue, 15 Sep 2020 11:42:47 GMT
1 < Vary: Accept-Encoding
1 < X-Cnection: [close, close]

15:21:56.811 [ForkJoinPool-2-worker-5] ERROR com.intuit.karate - assertion failed: path: $['Content-Length'][0], actual: null, expected: '#notnull', reason: actual json-path does not exist
15:21:56.812 [pool-4-thread-3] INFO  com.intuit.karate.Runner - <<fail>> feature 280 of 367: tmp/junit17863174098671850733/Beheer-PDOK/Bodemgebruik/view/TOP10NL-WMS/checkViewUrl.feature
---------------------------------------------------------
feature: tmp/junit17863174098671850733/Beheer-PDOK/Bodemgebruik/view/TOP10NL-WMS/checkViewUrl.feature
report: target/surefire-reports/tmp.junit17863174098671850733.Beheer-PDOK.Bodemgebruik.view.TOP10NL-WMS.checkViewUrl.json
scenarios:  1 | passed:  0 | failed:  1 | time: 0.3900
---------------------------------------------------------
15:21:56.815 [ForkJoinPool-2-worker-1] INFO  com.intuit.karate - karate.env system property was:  
15:21:56.816 [ForkJoinPool-2-worker-1] INFO  com.intuit.karate - [print] {
  "class": "metadata.Service",
  "electronicMailAddress": "[beheerPDOK@kadaster.nl, beheerPDOK@kadaster.nl]",
  "metadataStandardVersion": "Nederlands metadata profiel op ISO 19119 voor services 2.0",
  "operatesOn": "http://nationaalgeoregister.nl/geonetwork/srv/dut/csw?service=CSW&version=2.0.2&request=GetRecordById&outputschema=http://www.isotc211.org/2005/gmd&elementsetname=full&id=cbeaebc3-815a-48af-a978-0e16892865fc#MD_DataIdentification",
  "organisation": "Beheer PDOK",
  "serviceIdentifierCode": "76854ff3-a853-4405-b9fd-acef66460376",
  "servicetype": "download",
  "title": "Vogelrichtlijn verspreidingsgebied van soorten WFS",
  "url": "https://geodata.nationaalgeoregister.nl/vogelrichtlijnverspreidingsgebiedsoorten/wfs?request=GetCapabilities"
}

15:21:56.816 [ForkJoinPool-2-worker-1] INFO  com.intuit.karate - [print] testing url:https://geodata.nationaalgeoregister.nl/vogelrichtlijnverspreidingsgebiedsoorten/wfs?request=GetCapabilities
15:21:56.817 [ForkJoinPool-2-worker-1] DEBUG com.intuit.karate - request:
1 > HEAD https://geodata.nationaalgeoregister.nl/vogelrichtlijnverspreidingsgebiedsoorten/wfs?request=GetCapabilities
1 > Accept-Encoding: gzip,deflate
1 > Connection: Keep-Alive
1 > Host: geodata.nationaalgeoregister.nl
1 > User-Agent: Apache-HttpClient/4.5.11 (Java/13.0.5)

15:21:56.815 [ForkJoinPool-2-worker-5] INFO  com.intuit.karate - karate.env system property was:  
15:21:56.818 [ForkJoinPool-2-worker-5] INFO  com.intuit.karate - [print] {
  "class": "metadata.Service",
  "electronicMailAddress": "[beheerPDOK@kadaster.nl, beheerPDOK@kadaster.nl]",
  "metadataStandardVersion": "Nederlands metadata profiel op ISO 19119 voor services 2.0",
  "operatesOn": "http://nationaalgeoregister.nl/geonetwork/srv/dut/csw?service=CSW&version=2.0.2&request=GetRecordById&outputschema=http://www.isotc211.org/2005/gmd&elementsetname=full&id=f605a24f-60cd-4c40-94c8-2186aba3ddd0#MD_DataIdentification",
  "organisation": "Beheer PDOK",
  "serviceIdentifierCode": "a2fdecfc-de33-4ce3-b935-4c9ac18c5a36",
  "servicetype": "view",
  "title": "CBS Vierkantstatistieken 500m WMS",
  "url": "https://geodata.nationaalgeoregister.nl/cbsvierkanten500mv2/wms?request=GetCapabilities"
}

15:21:56.818 [ForkJoinPool-2-worker-5] INFO  com.intuit.karate - [print] testing url:https://geodata.nationaalgeoregister.nl/cbsvierkanten500mv2/wms?request=GetCapabilities
15:21:56.819 [ForkJoinPool-2-worker-5] DEBUG com.intuit.karate - request:
1 > HEAD https://geodata.nationaalgeoregister.nl/cbsvierkanten500mv2/wms?request=GetCapabilities
1 > Accept-Encoding: gzip,deflate
1 > Connection: Keep-Alive
1 > Host: geodata.nationaalgeoregister.nl
1 > User-Agent: Apache-HttpClient/4.5.11 (Java/13.0.5)

15:21:56.947 [ForkJoinPool-2-worker-3] DEBUG com.intuit.karate - response time in milliseconds: 393.44
1 < 200
1 < Access-Control-Allow-Headers: SOAPAction,X-Requested-With,Content-Type,Origin,Authorization,Accept
1 < Access-Control-Allow-Methods: POST, GET, OPTIONS, HEAD
1 < Access-Control-Allow-Origin: *
1 < Access-Control-Max-Age: 1000
1 < Content-Length: 59006
1 < Content-Type: text/xml
1 < Date: Mon, 26 Oct 2020 15:21:56 GMT
1 < X-Cnection: [close, close]

15:21:56.951 [pool-4-thread-1] INFO  com.intuit.karate.Runner - <<pass>> feature 281 of 367: tmp/junit17863174098671850733/Beheer-PDOK/CBS-Vierkantstatistieken-500m/download/INSPIRE-download-service-PDOK/checkdownloadurl.feature
---------------------------------------------------------
feature: tmp/junit17863174098671850733/Beheer-PDOK/CBS-Vierkantstatistieken-500m/download/INSPIRE-download-service-PDOK/checkdownloadurl.feature
report: target/surefire-reports/tmp.junit17863174098671850733.Beheer-PDOK.CBS-Vierkantstatistieken-500m.download.INSPIRE-download-service-PDOK.checkdownloadurl.json
scenarios:  1 | passed:  1 | failed:  0 | time: 0.4055
---------------------------------------------------------
15:21:56.954 [ForkJoinPool-2-worker-3] INFO  com.intuit.karate - karate.env system property was:  
15:21:56.956 [ForkJoinPool-2-worker-3] INFO  com.intuit.karate - [print] {
  "class": "metadata.Service",
  "electronicMailAddress": "[beheerPDOK@kadaster.nl, beheerPDOK@kadaster.nl]",
  "metadataStandardVersion": "Nederlands metadata profiel op ISO 19119 voor services 2.0",
  "operatesOn": "https://www.nationaalgeoregister.nl/geonetwork/srv/dut/csw?service=CSW&version=2.0.2&request=GetRecordById&outputschema=http://www.isotc211.org/2005/gmd&elementsetname=full&id=cbeaebc3-815a-48af-a978-0e16892865fc#MD_DataIdentification",
  "organisation": "Beheer PDOK",
  "serviceIdentifierCode": "8e7686c3-f75e-411f-866e-6985267b916b",
  "servicetype": "view",
  "title": "Vogelrichtlijn verspreidingsgebied van soorten WMS",
  "url": "https://geodata.nationaalgeoregister.nl/vogelrichtlijnverspreidingsgebiedsoorten/wms?request=GetCapabilities"
}

15:21:56.958 [ForkJoinPool-2-worker-3] INFO  com.intuit.karate - [print] testing url:https://geodata.nationaalgeoregister.nl/vogelrichtlijnverspreidingsgebiedsoorten/wms?request=GetCapabilities
15:21:56.962 [ForkJoinPool-2-worker-3] DEBUG com.intuit.karate - request:
1 > HEAD https://geodata.nationaalgeoregister.nl/vogelrichtlijnverspreidingsgebiedsoorten/wms?request=GetCapabilities
1 > Accept-Encoding: gzip,deflate
1 > Connection: Keep-Alive
1 > Host: geodata.nationaalgeoregister.nl
1 > User-Agent: Apache-HttpClient/4.5.11 (Java/13.0.5)

15:21:57.182 [ForkJoinPool-2-worker-7] DEBUG com.intuit.karate - response time in milliseconds: 439.26
1 < 200
1 < Access-Control-Allow-Headers: SOAPAction,X-Requested-With,Content-Type,Origin,Authorization,Accept
1 < Access-Control-Allow-Methods: POST, GET, OPTIONS, HEAD
1 < Access-Control-Allow-Origin: *
1 < Access-Control-Max-Age: 1000
1 < Content-Disposition: inline; filename=geoserver-GetCapabilities.application
1 < Content-Type: application/xml
1 < Date: Mon, 26 Oct 2020 15:21:56 GMT
1 < X-Cnection: [close, close]

15:21:57.182 [ForkJoinPool-2-worker-7] ERROR com.intuit.karate - assertion failed: path: $['Content-Length'][0], actual: null, expected: '#notnull', reason: actual json-path does not exist
15:21:57.184 [pool-4-thread-4] INFO  com.intuit.karate.Runner - <<fail>> feature 282 of 367: tmp/junit17863174098671850733/Beheer-PDOK/CBS-Vierkantstatistieken-500m/download/CBS-Vierkantstatistieken-500m-WFS/checkdownloadurl.feature
---------------------------------------------------------
feature: tmp/junit17863174098671850733/Beheer-PDOK/CBS-Vierkantstatistieken-500m/download/CBS-Vierkantstatistieken-500m-WFS/checkdownloadurl.feature
report: target/surefire-reports/tmp.junit17863174098671850733.Beheer-PDOK.CBS-Vierkantstatistieken-500m.download.CBS-Vierkantstatistieken-500m-WFS.checkdownloadurl.json
scenarios:  1 | passed:  0 | failed:  1 | time: 0.4413
---------------------------------------------------------
15:21:57.186 [ForkJoinPool-2-worker-7] INFO  com.intuit.karate - karate.env system property was:  
15:21:57.187 [ForkJoinPool-2-worker-7] INFO  com.intuit.karate - [print] {
  "class": "metadata.Service",
  "electronicMailAddress": "[beheerpdok@kadaster.nl, beheer pdok@kadaster.nl]",
  "metadataStandardVersion": "Nederlands metadata profiel op ISO 19119 voor services 2.0",
  "operatesOn": "[https://www.nationaalgeoregister.nl:443/geonetwork/srv/dut/csw?service=CSW&request=GetRecordById&version=2.0.2&outputSchema=http://www.isotc211.org/2005/gmd&elementSetName=full&id=5a1adb58-0bbe-425d-b0fe-577a6c0a4228#MD_DataIdentification, https://www.nationaalgeoregister.nl:443/geonetwork/srv/dut/csw?service=CSW&request=GetRecordById&version=2.0.2&outputSchema=http://www.isotc211.org/2005/gmd&elementSetName=full&id=71c2b7d2-a1a8-4836-b8d4-7247d331b04d#MD_DataIdentification, https://www.nationaalgeoregister.nl:443/geonetwork/srv/dut/csw?service=CSW&request=GetRecordById&version=2.0.2&outputSchema=http://www.isotc211.org/2005/gmd&elementSetName=full&id=1462bbce-ccd3-4362-83d8-4535ca8f44eb#MD_DataIdentification, https://www.nationaalgeoregister.nl:443/geonetwork/srv/dut/csw?service=CSW&request=GetRecordById&version=2.0.2&outputSchema=http://www.isotc211.org/2005/gmd&elementSetName=full&id=f605a24f-60cd-4c40-94c8-2186aba3ddd0#MD_DataIdentification, https://www.nationaalgeoregister.nl:443/geonetwork/srv/dut/csw?service=CSW&request=GetRecordById&version=2.0.2&outputSchema=http://www.isotc211.org/2005/gmd&elementSetName=full&id=76091be7-358a-4a44-8182-b4139c96c6a4#MD_DataIdentification, https://www.nationaalgeoregister.nl:443/geonetwork/srv/dut/csw?service=CSW&request=GetRecordById&version=2.0.2&outputSchema=http://www.isotc211.org/2005/gmd&elementSetName=full&id=8829e5dd-c861-4639-a6c8-fdbb6e3440d2#MD_DataIdentification, https://www.nationaalgeoregister.nl:443/geonetwork/srv/dut/csw?service=CSW&request=GetRecordById&version=2.0.2&outputSchema=http://www.isotc211.org/2005/gmd&elementSetName=full&id=710c381c-ab2d-45d5-a45d-af2eba811e5f#MD_DataIdentification, https://www.nationaalgeoregister.nl:443/geonetwork/srv/dut/csw?service=CSW&request=GetRecordById&version=2.0.2&outputSchema=http://www.isotc211.org/2005/gmd&elementSetName=full&id=a9b7026e-0a81-4813-93bd-ba49e6f28502#MD_DataIdentification, https://www.nationaalgeoregister.nl:443/geonetwork/srv/dut/csw?service=CSW&request=GetRecordById&version=2.0.2&outputSchema=http://www.isotc211.org/2005/gmd&elementSetName=full&id=2e5f0f60-0f2f-4e17-96af-c913fe305ecb#MD_DataIdentification, https://www.nationaalgeoregister.nl:443/geonetwork/srv/dut/csw?service=CSW&request=GetRecordById&version=2.0.2&outputSchema=http://www.isotc211.org/2005/gmd&elementSetName=full&id=00d8c7c8-98ff-4b06-8f53-b44216e6e75c#MD_DataIdentification, https://www.nationaalgeoregister.nl:443/geonetwork/srv/dut/csw?service=CSW&request=GetRecordById&version=2.0.2&outputSchema=http://www.isotc211.org/2005/gmd&elementSetName=full&id=701d4eb8-8aae-4708-bba5-3edf6987676d#MD_DataIdentification, https://www.nationaalgeoregister.nl:443/geonetwork/srv/dut/csw?service=CSW&request=GetRecordById&version=2.0.2&outputSchema=http://www.isotc211.org/2005/gmd&elementSetName=full&id=17716ed7-ce0d-4bfd-8868-a398e5578a36#MD_DataIdentification, https://www.nationaalgeoregister.nl:443/geonetwork/srv/dut/csw?service=CSW&request=GetRecordById&version=2.0.2&outputSchema=http://www.isotc211.org/2005/gmd&elementSetName=full&id=29d5310f-dd0d-45ba-abad-b4ffc6b8785f#MD_DataIdentification, https://www.nationaalgeoregister.nl:443/geonetwork/srv/dut/csw?service=CSW&request=GetRecordById&version=2.0.2&outputSchema=http://www.isotc211.org/2005/gmd&elementSetName=full&id=831f7bd7-c2ae-4336-bd2f-47ab20d7cdb7#MD_DataIdentification, https://www.nationaalgeoregister.nl:443/geonetwork/srv/dut/csw?service=CSW&request=GetRecordById&version=2.0.2&outputSchema=http://www.isotc211.org/2005/gmd&elementSetName=full&id=0f297898-2640-44c2-bbe9-c0480da83794#MD_DataIdentification, https://www.nationaalgeoregister.nl:443/geonetwork/srv/dut/csw?service=CSW&request=GetRecordById&version=2.0.2&outputSchema=http://www.isotc211.org/2005/gmd&elementSetName=full&id=abaf1e22-55aa-4a11-a855-7ac963e4a82b#MD_DataIdentification, https://www.nationaalgeoregister.nl:443/geonetwork/srv/dut/csw?service=CSW&request=GetRecordById&version=2.0.2&outputSchema=http://www.isotc211.org/2005/gmd&elementSetName=full&id=07d73b60-dfd6-4c54-9c82-9fac70c6c48e#MD_DataIdentification, https://www.nationaalgeoregister.nl:443/geonetwork/srv/dut/csw?service=CSW&request=GetRecordById&version=2.0.2&outputSchema=http://www.isotc211.org/2005/gmd&elementSetName=full&id=d25fe199-2430-48fd-ad57-5b5f79f73cdf#MD_DataIdentification, https://www.nationaalgeoregister.nl:443/geonetwork/srv/dut/csw?service=CSW&request=GetRecordById&version=2.0.2&outputSchema=http://www.isotc211.org/2005/gmd&elementSetName=full&id=e536d943-ecff-4d7a-9500-cc31a263a6af#MD_DataIdentification, https://www.nationaalgeoregister.nl:443/geonetwork/srv/dut/csw?service=CSW&request=GetRecordById&version=2.0.2&outputSchema=http://www.isotc211.org/2005/gmd&elementSetName=full&id=bbece924-9aab-4e00-8392-bce36b8f494e#MD_DataIdentification, https://www.nationaalgeoregister.nl:443/geonetwork/srv/dut/csw?service=CSW&request=GetRecordById&version=2.0.2&outputSchema=http://www.isotc211.org/2005/gmd&elementSetName=full&id=c935f2ab-9b65-4dc4-94a0-73aeb840a941#MD_DataIdentification, https://www.nationaalgeoregister.nl:443/geonetwork/srv/dut/csw?service=CSW&request=GetRecordById&version=2.0.2&outputSchema=http://www.isotc211.org/2005/gmd&elementSetName=full&id=81ff84ec-42a4-4481-840b-12713bbb5d38#MD_DataIdentification, https://www.nationaalgeoregister.nl:443/geonetwork/srv/dut/csw?service=CSW&request=GetRecordById&version=2.0.2&outputSchema=http://www.isotc211.org/2005/gmd&elementSetName=full&id=af0c582f-9e6b-46e6-865a-fc3a2d5289b9#MD_DataIdentification, https://www.nationaalgeoregister.nl:443/geonetwork/srv/dut/csw?service=CSW&request=GetRecordById&version=2.0.2&outputSchema=http://www.isotc211.org/2005/gmd&elementSetName=full&id=3eebf700-5abf-42e4-826c-03cfb497e366#MD_DataIdentification, https://www.nationaalgeoregister.nl:443/geonetwork/srv/dut/csw?service=CSW&request=GetRecordById&version=2.0.2&outputSchema=http://www.isotc211.org/2005/gmd&elementSetName=full&id=9d9f1738-aced-47c9-aaa0-c62474a2dcfb#MD_DataIdentification, https://www.nationaalgeoregister.nl:443/geonetwork/srv/dut/csw?service=CSW&request=GetRecordById&version=2.0.2&outputSchema=http://www.isotc211.org/2005/gmd&elementSetName=full&id=8eee71f9-9365-490d-9484-00263c6fa35c#MD_DataIdentification, https://www.nationaalgeoregister.nl:443/geonetwork/srv/dut/csw?service=CSW&request=GetRecordById&version=2.0.2&outputSchema=http://www.isotc211.org/2005/gmd&elementSetName=full&id=4961d305-fbb5-426a-9ba3-53e1ca5f3b18#MD_DataIdentification, https://www.nationaalgeoregister.nl:443/geonetwork/srv/dut/csw?service=CSW&request=GetRecordById&version=2.0.2&outputSchema=http://www.isotc211.org/2005/gmd&elementSetName=full&id=2af8df10-81ba-434a-8125-34fe8f127cf9#MD_DataIdentification, https://www.nationaalgeoregister.nl:443/geonetwork/srv/dut/csw?service=CSW&request=GetRecordById&version=2.0.2&outputSchema=http://www.isotc211.org/2005/gmd&elementSetName=full&id=6cde2ce7-3ecd-4785-b7b8-d62c3381efe9#MD_DataIdentification, https://www.nationaalgeoregister.nl:443/geonetwork/srv/dut/csw?service=CSW&request=GetRecordById&version=2.0.2&outputSchema=http://www.isotc211.org/2005/gmd&elementSetName=full&id=3229e4d7-4bcd-4b94-819d-8e62de69ce2e#MD_DataIdentification, https://www.nationaalgeoregister.nl:443/geonetwork/srv/dut/csw?service=CSW&request=GetRecordById&version=2.0.2&outputSchema=http://www.isotc211.org/2005/gmd&elementSetName=full&id=5d0dc580-ba7a-4c3b-968b-199efd92d6cf#MD_DataIdentification, https://www.nationaalgeoregister.nl:443/geonetwork/srv/dut/csw?service=CSW&request=GetRecordById&version=2.0.2&outputSchema=http://www.isotc211.org/2005/gmd&elementSetName=full&id=bffcd5d9-02b4-4e7d-991f-a386611cad84#MD_DataIdentification, https://www.nationaalgeoregister.nl:443/geonetwork/srv/dut/csw?service=CSW&request=GetRecordById&version=2.0.2&outputSchema=http://www.isotc211.org/2005/gmd&elementSetName=full&id=effe1ab0-073d-437c-af13-df5c5e07d6cd#MD_DataIdentification]",
  "organisation": "Beheer PDOK",
  "serviceIdentifierCode": "9ff1a13c-d1e0-4150-8523-91cb489ae1a4",
  "servicetype": "download",
  "title": "INSPIRE download service PDOK",
  "url": "https://geodata.nationaalgeoregister.nl/atom/index.xml"
}

15:21:57.195 [ForkJoinPool-2-worker-7] INFO  com.intuit.karate - [print] testing url:https://geodata.nationaalgeoregister.nl/atom/index.xml
15:21:57.195 [ForkJoinPool-2-worker-7] DEBUG com.intuit.karate - request:
1 > HEAD https://geodata.nationaalgeoregister.nl/atom/index.xml
1 > Accept-Encoding: gzip,deflate
1 > Connection: Keep-Alive
1 > Host: geodata.nationaalgeoregister.nl
1 > User-Agent: Apache-HttpClient/4.5.11 (Java/13.0.5)

15:21:57.270 [ForkJoinPool-2-worker-1] DEBUG com.intuit.karate - response time in milliseconds: 451.37
1 < 200
1 < Access-Control-Allow-Headers: SOAPAction,X-Requested-With,Content-Type,Origin,Authorization,Accept
1 < Access-Control-Allow-Methods: POST, GET, OPTIONS, HEAD
1 < Access-Control-Allow-Origin: *
1 < Access-Control-Max-Age: 1000
1 < Content-Length: 73
1 < Content-Type: text/html; charset=UTF-8
1 < Date: Mon, 26 Oct 2020 15:21:57 GMT
1 < Server: lighttpd/1.4.53
1 < X-Cnection: [close, close]

15:21:57.271 [ForkJoinPool-2-worker-1] ERROR com.intuit.karate - assertion failed: path: $['Content-Type'][0], actual: 'text/html; charset=UTF-8', expected: 'text/xml', reason: not equal
15:21:57.273 [pool-4-thread-3] INFO  com.intuit.karate.Runner - <<fail>> feature 284 of 367: tmp/junit17863174098671850733/Beheer-PDOK/Vogelrichtlijn-verspreidingsgebied-van-soorten/download/Vogelrichtlijn-verspreidingsgebied-van-soorten-WFS/checkdownloadurl.feature
---------------------------------------------------------
feature: tmp/junit17863174098671850733/Beheer-PDOK/Vogelrichtlijn-verspreidingsgebied-van-soorten/download/Vogelrichtlijn-verspreidingsgebied-van-soorten-WFS/checkdownloadurl.feature
report: target/surefire-reports/tmp.junit17863174098671850733.Beheer-PDOK.Vogelrichtlijn-verspreidingsgebied-van-soorten.download.Vogelrichtlijn-verspreidingsgebied-van-soorten-WFS.checkdownloadurl.json
scenarios:  1 | passed:  0 | failed:  1 | time: 0.4554
---------------------------------------------------------
15:21:57.276 [ForkJoinPool-2-worker-1] INFO  com.intuit.karate - karate.env system property was:  
15:21:57.277 [ForkJoinPool-2-worker-1] INFO  com.intuit.karate - [print] {
  "class": "metadata.Service",
  "electronicMailAddress": "[beheerPDOK@kadaster.nl, beheerPDOK@kadaster.nl]",
  "metadataStandardVersion": "Nederlands metadata profiel op ISO 19119 voor services 2.0",
  "operatesOn": "[http://nationaalgeoregister.nl/geonetwork/srv/dut/csw?service=CSW&version=2.0.2&request=GetRecordById&outputschema=http://www.isotc211.org/2005/gmd&elementsetname=full&id=29d5310f-dd0d-45ba-abad-b4ffc6b8785f#MD_DataIdentification, http://nationaalgeoregister.nl/geonetwork/srv/dut/csw?service=CSW&version=2.0.2&request=GetRecordById&outputschema=http://www.isotc211.org/2005/gmd&elementsetname=full&id=af0c582f-9e6b-46e6-865a-fc3a2d5289b9#MD_DataIdentification, http://nationaalgeoregister.nl/geonetwork/srv/dut/csw?service=CSW&version=2.0.2&request=GetRecordById&outputschema=http://www.isotc211.org/2005/gmd&elementsetname=full&id=81ff84ec-42a4-4481-840b-12713bbb5d38#MD_DataIdentification, http://nationaalgeoregister.nl/geonetwork/srv/dut/csw?service=CSW&version=2.0.2&request=GetRecordById&outputschema=http://www.isotc211.org/2005/gmd&elementsetname=full&id=3eebf700-5abf-42e4-826c-03cfb497e366#MD_DataIdentification, http://nationaalgeoregister.nl/geonetwork/srv/dut/csw?service=CSW&version=2.0.2&request=GetRecordById&outputschema=http://www.isotc211.org/2005/gmd&elementsetname=full&id=4b282988-cb91-4bbc-b147-f653014917cb#MD_DataIdentification, http://nationaalgeoregister.nl/geonetwork/srv/dut/csw?service=CSW&version=2.0.2&request=GetRecordById&outputschema=http://www.isotc211.org/2005/gmd&elementsetname=full&id=0558a41c-b09a-47fa-b8db-9de6bfe4f494#MD_DataIdentification, http://nationaalgeoregister.nl/geonetwork/srv/dut/csw?service=CSW&version=2.0.2&request=GetRecordById&outputschema=http://www.isotc211.org/2005/gmd&elementsetname=full&id=9d9f1738-aced-47c9-aaa0-c62474a2dcfb#MD_DataIdentification]",
  "organisation": "Beheer PDOK",
  "serviceIdentifierCode": "94f241c2-43a2-42c3-8e9e-71976605aa0e",
  "servicetype": "view",
  "title": "TOP10NL WMS",
  "url": "https://geodata.nationaalgeoregister.nl/top10nlv2/wms?request=GetCapabilities"
}

15:21:57.277 [ForkJoinPool-2-worker-1] INFO  com.intuit.karate - [print] testing url:https://geodata.nationaalgeoregister.nl/top10nlv2/wms?request=GetCapabilities
15:21:57.278 [ForkJoinPool-2-worker-1] DEBUG com.intuit.karate - request:
1 > HEAD https://geodata.nationaalgeoregister.nl/top10nlv2/wms?request=GetCapabilities
1 > Accept-Encoding: gzip,deflate
1 > Connection: Keep-Alive
1 > Host: geodata.nationaalgeoregister.nl
1 > User-Agent: Apache-HttpClient/4.5.11 (Java/13.0.5)

15:21:57.356 [ForkJoinPool-2-worker-5] DEBUG com.intuit.karate - response time in milliseconds: 536.79
1 < 200
1 < Access-Control-Allow-Headers: SOAPAction,X-Requested-With,Content-Type,Origin,Authorization,Accept
1 < Access-Control-Allow-Methods: POST, GET, OPTIONS, HEAD
1 < Access-Control-Allow-Origin: *
1 < Access-Control-Max-Age: 1000
1 < Content-Disposition: inline; filename=getcapabilities_1.3.0.xml
1 < Content-Type: text/xml
1 < Date: Mon, 26 Oct 2020 15:21:57 GMT
1 < X-Cnection: [close, close]

15:21:57.356 [ForkJoinPool-2-worker-5] ERROR com.intuit.karate - assertion failed: path: $['Content-Length'][0], actual: null, expected: '#notnull', reason: actual json-path does not exist
15:21:57.358 [pool-4-thread-2] INFO  com.intuit.karate.Runner - <<fail>> feature 283 of 367: tmp/junit17863174098671850733/Beheer-PDOK/CBS-Vierkantstatistieken-500m/view/CBS-Vierkantstatistieken-500m-WMS/checkViewUrl.feature
---------------------------------------------------------
feature: tmp/junit17863174098671850733/Beheer-PDOK/CBS-Vierkantstatistieken-500m/view/CBS-Vierkantstatistieken-500m-WMS/checkViewUrl.feature
report: target/surefire-reports/tmp.junit17863174098671850733.Beheer-PDOK.CBS-Vierkantstatistieken-500m.view.CBS-Vierkantstatistieken-500m-WMS.checkViewUrl.json
scenarios:  1 | passed:  0 | failed:  1 | time: 0.5386
---------------------------------------------------------
15:21:57.361 [ForkJoinPool-2-worker-5] INFO  com.intuit.karate - karate.env system property was:  
15:21:57.362 [ForkJoinPool-2-worker-5] INFO  com.intuit.karate - [print] {
  "class": "metadata.Service",
  "electronicMailAddress": "[info@dinoloket.nl, info@dinoloket.nl]",
  "metadataStandardVersion": "Nederlands metadata profiel op ISO 19119 voor services 2.0",
  "operatesOn": "http://nationaalgeoregister.nl/geonetwork/srv/dut/inspire?SERVICE=CSW&version=2.0.2&REQUEST=GetRecordById&ID=24de356e-ec4d-4a18-9903-6401d222b77c&OUTPUTSCHEMA=http://www.isotc211.org/2005/gmd&ELEMENTSETNAME=full#MD_DataIdentification",
  "organisation": "TNO Geologische Dienst Nederland",
  "serviceIdentifierCode": "542b330b-d3c6-4617-b97f-693e5cfd1872",
  "servicetype": "download",
  "title": "Vergunningen Mijnbouwwet onder INSPIRE, downloadservice",
  "url": "https://www.broinspireservices.nl/wfs/osamepl-a-v1.0?request=GetCapabilities&service=WFS&version=2.0.0"
}

15:21:57.362 [ForkJoinPool-2-worker-5] INFO  com.intuit.karate - [print] testing url:https://www.broinspireservices.nl/wfs/osamepl-a-v1.0?request=GetCapabilities&service=WFS&version=2.0.0
15:21:57.363 [ForkJoinPool-2-worker-5] DEBUG com.intuit.karate - request:
1 > HEAD https://www.broinspireservices.nl/wfs/osamepl-a-v1.0?request=GetCapabilities&service=WFS&version=2.0.0
1 > Accept-Encoding: gzip,deflate
1 > Connection: Keep-Alive
1 > Host: www.broinspireservices.nl
1 > User-Agent: Apache-HttpClient/4.5.11 (Java/13.0.5)

15:21:57.376 [ForkJoinPool-2-worker-3] DEBUG com.intuit.karate - response time in milliseconds: 414.37
1 < 200
1 < Access-Control-Allow-Headers: SOAPAction,X-Requested-With,Content-Type,Origin,Authorization,Accept
1 < Access-Control-Allow-Methods: POST, GET, OPTIONS, HEAD
1 < Access-Control-Allow-Origin: *
1 < Access-Control-Max-Age: 1000
1 < Content-Length: 73
1 < Content-Type: text/html; charset=UTF-8
1 < Date: Mon, 26 Oct 2020 15:21:57 GMT
1 < Server: lighttpd/1.4.53
1 < X-Cnection: [close, close]

15:21:57.378 [pool-4-thread-1] INFO  com.intuit.karate.Runner - <<pass>> feature 285 of 367: tmp/junit17863174098671850733/Beheer-PDOK/Vogelrichtlijn-verspreidingsgebied-van-soorten/view/Vogelrichtlijn-verspreidingsgebied-van-soorten-WMS/checkViewUrl.feature
---------------------------------------------------------
feature: tmp/junit17863174098671850733/Beheer-PDOK/Vogelrichtlijn-verspreidingsgebied-van-soorten/view/Vogelrichtlijn-verspreidingsgebied-van-soorten-WMS/checkViewUrl.feature
report: target/surefire-reports/tmp.junit17863174098671850733.Beheer-PDOK.Vogelrichtlijn-verspreidingsgebied-van-soorten.view.Vogelrichtlijn-verspreidingsgebied-van-soorten-WMS.checkViewUrl.json
scenarios:  1 | passed:  1 | failed:  0 | time: 0.4218
---------------------------------------------------------
15:21:57.380 [ForkJoinPool-2-worker-3] INFO  com.intuit.karate - karate.env system property was:  
15:21:57.381 [ForkJoinPool-2-worker-3] INFO  com.intuit.karate - [print] {
  "class": "metadata.Service",
  "electronicMailAddress": "[, info@dinoloket.nl]",
  "metadataStandardVersion": "Nederlands metadata profiel op ISO 19119 voor services 2.0",
  "operatesOn": "http://nationaalgeoregister.nl/geonetwork/srv/dut/inspire?SERVICE=CSW&version=2.0.2&REQUEST=GetRecordById&ID=24de356e-ec4d-4a18-9903-6401d222b77c&OUTPUTSCHEMA=http://www.isotc211.org/2005/gmd&ELEMENTSETNAME=full#MD_DataIdentification",
  "organisation": "no organisationName found in dataset record",
  "serviceIdentifierCode": "42da491e-d8b9-47ba-af65-acb15ea8a055",
  "servicetype": "view",
  "title": "Vergunningen Mijnbouwwet onder INSPIRE, viewservice",
  "url": "https://www.broinspireservices.nl/wms/osamepl-a-v1.0?request=GetCapabilities"
}

15:21:57.381 [ForkJoinPool-2-worker-3] INFO  com.intuit.karate - [print] testing url:https://www.broinspireservices.nl/wms/osamepl-a-v1.0?request=GetCapabilities
15:21:57.382 [ForkJoinPool-2-worker-3] DEBUG com.intuit.karate - request:
1 > HEAD https://www.broinspireservices.nl/wms/osamepl-a-v1.0?request=GetCapabilities
1 > Accept-Encoding: gzip,deflate
1 > Connection: Keep-Alive
1 > Host: www.broinspireservices.nl
1 > User-Agent: Apache-HttpClient/4.5.11 (Java/13.0.5)

15:21:57.592 [ForkJoinPool-2-worker-7] DEBUG com.intuit.karate - response time in milliseconds: 396.84
1 < 200
1 < Access-Control-Allow-Headers: SOAPAction,X-Requested-With,Content-Type,Origin,Authorization,Accept
1 < Access-Control-Allow-Methods: POST, GET, OPTIONS, HEAD
1 < Access-Control-Allow-Origin: *
1 < Access-Control-Max-Age: 1000
1 < Content-Length: 59006
1 < Content-Type: text/xml
1 < Date: Mon, 26 Oct 2020 15:21:57 GMT
1 < X-Cnection: [close, close]

15:21:57.596 [pool-4-thread-4] INFO  com.intuit.karate.Runner - <<pass>> feature 286 of 367: tmp/junit17863174098671850733/Beheer-PDOK/Geografische-Namen/download/INSPIRE-download-service-PDOK/checkdownloadurl.feature
---------------------------------------------------------
feature: tmp/junit17863174098671850733/Beheer-PDOK/Geografische-Namen/download/INSPIRE-download-service-PDOK/checkdownloadurl.feature
report: target/surefire-reports/tmp.junit17863174098671850733.Beheer-PDOK.Geografische-Namen.download.INSPIRE-download-service-PDOK.checkdownloadurl.json
scenarios:  1 | passed:  1 | failed:  0 | time: 0.4065
---------------------------------------------------------
15:21:57.600 [ForkJoinPool-2-worker-7] INFO  com.intuit.karate - karate.env system property was:  
15:21:57.601 [ForkJoinPool-2-worker-7] INFO  com.intuit.karate - [print] {
  "class": "metadata.Service",
  "electronicMailAddress": "[datacentrum@knmi.nl, datacentrum@knmi.nl, datacentrum@knmi.nl]",
  "metadataStandardVersion": "Nederlands metadataprofiel op ISO 19119 versie 1.2.1",
  "operatesOn": "[http://data.knmi.nl/inspire/csw?Service=CSW&Request=GetRecordById&Version=2.0.2&id=b59f06c0-dce5-11e3-9c10-901b0e19e163&outputSchema=http://www.isotc211.org/2005/gmd&elementSetName=full, http://data.knmi.nl/inspire/csw?Service=CSW&Request=GetRecordById&Version=2.0.2&id=64c987ec-dce6-11e3-8563-901b0e19e163&outputSchema=http://www.isotc211.org/2005/gmd&elementSetName=full, http://data.knmi.nl/inspire/csw?Service=CSW&Request=GetRecordById&Version=2.0.2&id=daa63e4c-dce6-11e3-991e-901b0e19e163&outputSchema=http://www.isotc211.org/2005/gmd&elementSetName=full, http://data.knmi.nl/inspire/csw?Service=CSW&Request=GetRecordById&Version=2.0.2&id=380aa01e-dce7-11e3-9f07-901b0e19e163&outputSchema=http://www.isotc211.org/2005/gmd&elementSetName=full]",
  "organisation": "Koninklijk Nederlands Meteorologisch Instituut (KNMI)",
  "serviceIdentifierCode": "18e052b6-dce6-11e3-9e6e-901b0e19e163",
  "servicetype": "download",
  "title": "Download Service voor KNMI INSPIRE Annex III datasets",
  "url": "http://data.knmi.nl/inspire/atom?"
}

15:21:57.601 [ForkJoinPool-2-worker-7] INFO  com.intuit.karate - [print] testing url:http://data.knmi.nl/inspire/atom?
15:21:57.601 [ForkJoinPool-2-worker-7] DEBUG com.intuit.karate - request:
1 > HEAD http://data.knmi.nl/inspire/atom?
1 > Accept-Encoding: gzip,deflate
1 > Connection: Keep-Alive
1 > Host: data.knmi.nl
1 > User-Agent: Apache-HttpClient/4.5.11 (Java/13.0.5)

15:21:57.676 [ForkJoinPool-2-worker-1] DEBUG com.intuit.karate - response time in milliseconds: 397.67
1 < 200
1 < Accept-Ranges: bytes
1 < Access-Control-Allow-Headers: SOAPAction,X-Requested-With,Content-Type,Origin,Authorization,Accept
1 < Access-Control-Allow-Methods: POST, GET, OPTIONS, HEAD
1 < Access-Control-Allow-Origin: *
1 < Access-Control-Max-Age: 1000
1 < Content-Type: application/xml
1 < Date: Mon, 26 Oct 2020 15:21:57 GMT
1 < ETag: "2b852-5af58ad5c5979-gzip"
1 < Last-Modified: Tue, 15 Sep 2020 11:44:44 GMT
1 < Vary: Accept-Encoding
1 < X-Cnection: [close, close]

15:21:57.676 [ForkJoinPool-2-worker-1] ERROR com.intuit.karate - assertion failed: path: $['Content-Length'][0], actual: null, expected: '#notnull', reason: actual json-path does not exist
15:21:57.678 [pool-4-thread-3] INFO  com.intuit.karate.Runner - <<fail>> feature 287 of 367: tmp/junit17863174098671850733/Beheer-PDOK/Geografische-Namen/view/TOP10NL-WMS/checkViewUrl.feature
---------------------------------------------------------
feature: tmp/junit17863174098671850733/Beheer-PDOK/Geografische-Namen/view/TOP10NL-WMS/checkViewUrl.feature
report: target/surefire-reports/tmp.junit17863174098671850733.Beheer-PDOK.Geografische-Namen.view.TOP10NL-WMS.checkViewUrl.json
scenarios:  1 | passed:  0 | failed:  1 | time: 0.3998
---------------------------------------------------------
15:21:57.681 [ForkJoinPool-2-worker-1] INFO  com.intuit.karate - karate.env system property was:  
15:21:57.682 [ForkJoinPool-2-worker-1] INFO  com.intuit.karate - [print] {
  "class": "metadata.Service",
  "electronicMailAddress": "[datacentrum@knmi.nl, datacentrum@knmi.nl, datacentrum@knmi.nl]",
  "metadataStandardVersion": "Nederlands metadataprofiel op ISO 19119 versie 1.2.1",
  "operatesOn": "http://data.knmi.nl/inspire/csw?Service=CSW&Request=GetRecordById&Version=2.0.2&id=b59f06c0-dce5-11e3-9c10-901b0e19e163&outputSchema=http://www.isotc211.org/2005/gmd&elementSetName=full",
  "organisation": "Koninklijk Nederlands Meteorologisch Instituut (KNMI)",
  "serviceIdentifierCode": "73914696-dc43-11e3-bdbb-901b0e19e163",
  "servicetype": "view",
  "title": "View service voor aardbevingen in Nederland",
  "url": "http://geoservices.knmi.nl/cgi-bin/inspire/aardbevingen_nederland.cgi?service=wms&"
}

15:21:57.682 [ForkJoinPool-2-worker-1] INFO  com.intuit.karate - [print] testing url:http://geoservices.knmi.nl/cgi-bin/inspire/aardbevingen_nederland.cgi?service=wms&
15:21:57.683 [ForkJoinPool-2-worker-1] DEBUG com.intuit.karate - request:
1 > HEAD http://geoservices.knmi.nl/cgi-bin/inspire/aardbevingen_nederland.cgi?service=wms&
1 > Accept-Encoding: gzip,deflate
1 > Connection: Keep-Alive
1 > Host: geoservices.knmi.nl
1 > User-Agent: Apache-HttpClient/4.5.11 (Java/13.0.5)

15:21:57.760 [ForkJoinPool-2-worker-7] DEBUG com.intuit.karate - response time in milliseconds: 158.17
1 < 301
1 < Connection: keep-alive
1 < Content-Length: 183
1 < Content-Type: text/html
1 < Date: Mon, 26 Oct 2020 15:21:57 GMT
1 < Location: https://data.knmi.nl/inspire/atom?
1 < Server: CloudFront
1 < Via: 1.1 3924198dd88678a1cab97875f32b6f20.cloudfront.net (CloudFront)
1 < X-Amz-Cf-Id: C7VgBJq3CqzwdFVMF6w0ukodFwzff6Ba9VQ6ADzrOxq1uwQNGwNywQ==
1 < X-Amz-Cf-Pop: IAD89-C2
1 < X-Cache: Redirect from cloudfront

15:21:57.760 [ForkJoinPool-2-worker-7] DEBUG com.intuit.karate - request:
2 > HEAD http://data.knmi.nl/inspire/atom?
2 > Accept-Encoding: gzip,deflate
2 > Connection: Keep-Alive
2 > Host: data.knmi.nl
2 > User-Agent: Apache-HttpClient/4.5.11 (Java/13.0.5)

15:21:57.982 [ForkJoinPool-2-worker-5] DEBUG com.intuit.karate - response time in milliseconds: 618.58
1 < 200
1 < Connection: Keep-Alive
1 < Content-Length: 31400
1 < Content-Type: application/xml;charset=utf-8
1 < Date: Mon, 26 Oct 2020 15:21:57 GMT
1 < Keep-Alive: timeout=15, max=100
1 < Server: Apache-Coyote/1.1
1 < Strict-Transport-Security: max-age=31536000; includeSubDomains
1 < Via: 1.1 www.broinspireservices.nl
1 < X-Content-Type-Options: nosniff
1 < X-Frame-Options: SAMEORIGIN

15:21:57.983 [ForkJoinPool-2-worker-5] ERROR com.intuit.karate - assertion failed: path: $['Content-Type'][0], actual: 'application/xml;charset=utf-8', expected: 'text/xml', reason: not equal
15:21:57.986 [pool-4-thread-2] INFO  com.intuit.karate.Runner - <<fail>> feature 288 of 367: tmp/junit17863174098671850733/no-organisationName-found-in-dataset-record--TNO-Geologische-Dienst-Nederland/Vergunningen-Mijnbouwwet-onder-INSPIRE/download/Vergunningen-Mijnbouwwet-onder-INSPIRE--downloadservice/checkdownloadurl.feature
---------------------------------------------------------
feature: tmp/junit17863174098671850733/no-organisationName-found-in-dataset-record--TNO-Geologische-Dienst-Nederland/Vergunningen-Mijnbouwwet-onder-INSPIRE/download/Vergunningen-Mijnbouwwet-onder-INSPIRE--downloadservice/checkdownloadurl.feature
report: target/surefire-reports/tmp.junit17863174098671850733.no-organisationName-found-in-dataset-record--TNO-Geologische-Dienst-Nederland.Vergunningen-Mijnbouwwet-onder-INSPIRE.download.Vergunningen-Mijnbouwwet-onder-INSPIRE--downloadservice.checkdownloadurl.json
scenarios:  1 | passed:  0 | failed:  1 | time: 0.6212
---------------------------------------------------------
15:21:57.988 [ForkJoinPool-2-worker-5] INFO  com.intuit.karate - karate.env system property was:  
15:21:57.989 [ForkJoinPool-2-worker-3] DEBUG com.intuit.karate - response time in milliseconds: 601.03
1 < 200
1 < Connection: Keep-Alive
1 < Content-Length: 13758
1 < Content-Type: application/xml;charset=utf-8
1 < Date: Mon, 26 Oct 2020 15:21:57 GMT
1 < Keep-Alive: timeout=15, max=100
1 < Server: Apache-Coyote/1.1
1 < Strict-Transport-Security: max-age=31536000; includeSubDomains
1 < Via: 1.1 www.broinspireservices.nl
1 < X-Content-Type-Options: nosniff
1 < X-Frame-Options: SAMEORIGIN

15:21:57.990 [pool-4-thread-1] INFO  com.intuit.karate.Runner - <<pass>> feature 289 of 367: tmp/junit17863174098671850733/no-organisationName-found-in-dataset-record--TNO-Geologische-Dienst-Nederland/Vergunningen-Mijnbouwwet-onder-INSPIRE/view/Vergunningen-Mijnbouwwet-onder-INSPIRE--viewservice/checkViewUrl.feature
---------------------------------------------------------
feature: tmp/junit17863174098671850733/no-organisationName-found-in-dataset-record--TNO-Geologische-Dienst-Nederland/Vergunningen-Mijnbouwwet-onder-INSPIRE/view/Vergunningen-Mijnbouwwet-onder-INSPIRE--viewservice/checkViewUrl.feature
report: target/surefire-reports/tmp.junit17863174098671850733.no-organisationName-found-in-dataset-record--TNO-Geologische-Dienst-Nederland.Vergunningen-Mijnbouwwet-onder-INSPIRE.view.Vergunningen-Mijnbouwwet-onder-INSPIRE--viewservice.checkViewUrl.json
scenarios:  1 | passed:  1 | failed:  0 | time: 0.6088
---------------------------------------------------------
15:21:57.993 [ForkJoinPool-2-worker-3] INFO  com.intuit.karate - karate.env system property was:  
15:21:57.994 [ForkJoinPool-2-worker-3] INFO  com.intuit.karate - [print] {
  "class": "metadata.Service",
  "electronicMailAddress": "[datacentrum@knmi.nl, datacentrum@knmi.nl, datacentrum@knmi.nl]",
  "metadataStandardVersion": "Nederlands metadataprofiel op ISO 19119 versie 1.2.1",
  "operatesOn": "http://data.knmi.nl/inspire/csw?Service=CSW&Request=GetRecordById&Version=2.0.2&id=daa63e4c-dce6-11e3-991e-901b0e19e163&outputSchema=http://www.isotc211.org/2005/gmd&elementSetName=full",
  "organisation": "Koninklijk Nederlands Meteorologisch Instituut (KNMI)",
  "serviceIdentifierCode": "bf56537a-dce6-11e3-82c1-901b0e19e163",
  "servicetype": "view",
  "title": "View service voor gecontroleerde klimatologische daggegevens KNMI Nederland",
  "url": "http://geoservices.knmi.nl/cgi-bin/inspire/etmaalgegevensKNMIstations.cgi?service=wms&"
}

15:21:57.995 [ForkJoinPool-2-worker-3] INFO  com.intuit.karate - [print] testing url:http://geoservices.knmi.nl/cgi-bin/inspire/etmaalgegevensKNMIstations.cgi?service=wms&
15:21:57.995 [ForkJoinPool-2-worker-3] DEBUG com.intuit.karate - request:
1 > HEAD http://geoservices.knmi.nl/cgi-bin/inspire/etmaalgegevensKNMIstations.cgi?service=wms&
1 > Accept-Encoding: gzip,deflate
1 > Connection: Keep-Alive
1 > Host: geoservices.knmi.nl
1 > User-Agent: Apache-HttpClient/4.5.11 (Java/13.0.5)

15:21:57.999 [ForkJoinPool-2-worker-5] INFO  com.intuit.karate - [print] {
  "class": "metadata.Service",
  "electronicMailAddress": "[datacentrum@knmi.nl, datacentrum@knmi.nl, datacentrum@knmi.nl]",
  "metadataStandardVersion": "Nederlands metadataprofiel op ISO 19119 versie 1.2.1",
  "operatesOn": "[http://data.knmi.nl/inspire/csw?Service=CSW&Request=GetRecordById&Version=2.0.2&id=b59f06c0-dce5-11e3-9c10-901b0e19e163&outputSchema=http://www.isotc211.org/2005/gmd&elementSetName=full, http://data.knmi.nl/inspire/csw?Service=CSW&Request=GetRecordById&Version=2.0.2&id=64c987ec-dce6-11e3-8563-901b0e19e163&outputSchema=http://www.isotc211.org/2005/gmd&elementSetName=full, http://data.knmi.nl/inspire/csw?Service=CSW&Request=GetRecordById&Version=2.0.2&id=daa63e4c-dce6-11e3-991e-901b0e19e163&outputSchema=http://www.isotc211.org/2005/gmd&elementSetName=full, http://data.knmi.nl/inspire/csw?Service=CSW&Request=GetRecordById&Version=2.0.2&id=380aa01e-dce7-11e3-9f07-901b0e19e163&outputSchema=http://www.isotc211.org/2005/gmd&elementSetName=full]",
  "organisation": "Koninklijk Nederlands Meteorologisch Instituut (KNMI)",
  "serviceIdentifierCode": "18e052b6-dce6-11e3-9e6e-901b0e19e163",
  "servicetype": "download",
  "title": "Download Service voor KNMI INSPIRE Annex III datasets",
  "url": "http://data.knmi.nl/inspire/atom?"
}

15:21:58.002 [ForkJoinPool-2-worker-5] INFO  com.intuit.karate - [print] testing url:http://data.knmi.nl/inspire/atom?
15:21:58.003 [ForkJoinPool-2-worker-5] DEBUG com.intuit.karate - request:
1 > HEAD http://data.knmi.nl/inspire/atom?
1 > Accept-Encoding: gzip,deflate
1 > Connection: Keep-Alive
1 > Host: data.knmi.nl
1 > User-Agent: Apache-HttpClient/4.5.11 (Java/13.0.5)

15:21:58.025 [ForkJoinPool-2-worker-5] DEBUG com.intuit.karate - response time in milliseconds: 19.34
1 < 301
1 < Connection: keep-alive
1 < Content-Length: 183
1 < Content-Type: text/html
1 < Date: Mon, 26 Oct 2020 15:21:58 GMT
1 < Location: https://data.knmi.nl/inspire/atom?
1 < Server: CloudFront
1 < Via: 1.1 e06a155936c216d176543a7a25710ed0.cloudfront.net (CloudFront)
1 < X-Amz-Cf-Id: r_3P2lT1qsJVJvn0UU8Hlmm1C3QsuOW58TTxUaXG7L9LblqrVQP5zw==
1 < X-Amz-Cf-Pop: IAD89-C2
1 < X-Cache: Redirect from cloudfront

15:21:58.027 [ForkJoinPool-2-worker-5] DEBUG com.intuit.karate - request:
2 > HEAD http://data.knmi.nl/inspire/atom?
2 > Accept-Encoding: gzip,deflate
2 > Connection: Keep-Alive
2 > Host: data.knmi.nl
2 > User-Agent: Apache-HttpClient/4.5.11 (Java/13.0.5)

15:21:58.036 [ForkJoinPool-2-worker-1] DEBUG com.intuit.karate - response time in milliseconds: 353.20
1 < 200
1 < Access-Control-Allow-Methods: GET
1 < Access-Control-Allow-Origin: *
1 < Connection: close
1 < Content-Type: text/xml
1 < Date: Mon, 26 Oct 2020 15:21:57 GMT
1 < Server: Apache

15:21:58.036 [ForkJoinPool-2-worker-1] ERROR com.intuit.karate - assertion failed: path: $['Content-Length'][0], actual: null, expected: '#notnull', reason: actual json-path does not exist
15:21:58.037 [pool-4-thread-3] INFO  com.intuit.karate.Runner - <<fail>> feature 291 of 367: tmp/junit17863174098671850733/Koninklijk-Nederlands-Meteorologisch-Instituut--KNMI-/Aardbevingen-Nederland--KNMI-/view/View-service-voor-aardbevingen-in-Nederland/checkViewUrl.feature
---------------------------------------------------------
feature: tmp/junit17863174098671850733/Koninklijk-Nederlands-Meteorologisch-Instituut--KNMI-/Aardbevingen-Nederland--KNMI-/view/View-service-voor-aardbevingen-in-Nederland/checkViewUrl.feature
report: target/surefire-reports/tmp.junit17863174098671850733.Koninklijk-Nederlands-Meteorologisch-Instituut--KNMI-.Aardbevingen-Nederland--KNMI-.view.View-service-voor-aardbevingen-in-Nederland.checkViewUrl.json
scenarios:  1 | passed:  0 | failed:  1 | time: 0.3552
---------------------------------------------------------
15:21:58.040 [ForkJoinPool-2-worker-1] INFO  com.intuit.karate - karate.env system property was:  
15:21:58.041 [ForkJoinPool-2-worker-1] INFO  com.intuit.karate - [print] {
  "class": "metadata.Service",
  "electronicMailAddress": "[datacentrum@knmi.nl, datacentrum@knmi.nl, datacentrum@knmi.nl]",
  "metadataStandardVersion": "Nederlands metadataprofiel op ISO 19119 versie 1.2.1",
  "operatesOn": "[http://data.knmi.nl/inspire/csw?Service=CSW&Request=GetRecordById&Version=2.0.2&id=b59f06c0-dce5-11e3-9c10-901b0e19e163&outputSchema=http://www.isotc211.org/2005/gmd&elementSetName=full, http://data.knmi.nl/inspire/csw?Service=CSW&Request=GetRecordById&Version=2.0.2&id=64c987ec-dce6-11e3-8563-901b0e19e163&outputSchema=http://www.isotc211.org/2005/gmd&elementSetName=full, http://data.knmi.nl/inspire/csw?Service=CSW&Request=GetRecordById&Version=2.0.2&id=daa63e4c-dce6-11e3-991e-901b0e19e163&outputSchema=http://www.isotc211.org/2005/gmd&elementSetName=full, http://data.knmi.nl/inspire/csw?Service=CSW&Request=GetRecordById&Version=2.0.2&id=380aa01e-dce7-11e3-9f07-901b0e19e163&outputSchema=http://www.isotc211.org/2005/gmd&elementSetName=full]",
  "organisation": "Koninklijk Nederlands Meteorologisch Instituut (KNMI)",
  "serviceIdentifierCode": "18e052b6-dce6-11e3-9e6e-901b0e19e163",
  "servicetype": "download",
  "title": "Download Service voor KNMI INSPIRE Annex III datasets",
  "url": "http://data.knmi.nl/inspire/atom?"
}

15:21:58.041 [ForkJoinPool-2-worker-1] INFO  com.intuit.karate - [print] testing url:http://data.knmi.nl/inspire/atom?
15:21:58.041 [ForkJoinPool-2-worker-1] DEBUG com.intuit.karate - request:
1 > HEAD http://data.knmi.nl/inspire/atom?
1 > Accept-Encoding: gzip,deflate
1 > Connection: Keep-Alive
1 > Host: data.knmi.nl
1 > User-Agent: Apache-HttpClient/4.5.11 (Java/13.0.5)

15:21:58.054 [ForkJoinPool-2-worker-1] DEBUG com.intuit.karate - response time in milliseconds: 12.00
1 < 301
1 < Connection: keep-alive
1 < Content-Length: 183
1 < Content-Type: text/html
1 < Date: Mon, 26 Oct 2020 15:21:58 GMT
1 < Location: https://data.knmi.nl/inspire/atom?
1 < Server: CloudFront
1 < Via: 1.1 c8c9787916110356915bbdbddd0a32d6.cloudfront.net (CloudFront)
1 < X-Amz-Cf-Id: oreX7RYZfAPADUwDRguuZhEwA7dpz_7oqWZdnR-3HzzaRwxF5O2npA==
1 < X-Amz-Cf-Pop: IAD89-C2
1 < X-Cache: Redirect from cloudfront

15:21:58.054 [ForkJoinPool-2-worker-1] DEBUG com.intuit.karate - request:
2 > HEAD http://data.knmi.nl/inspire/atom?
2 > Accept-Encoding: gzip,deflate
2 > Connection: Keep-Alive
2 > Host: data.knmi.nl
2 > User-Agent: Apache-HttpClient/4.5.11 (Java/13.0.5)

15:21:58.199 [ForkJoinPool-2-worker-3] DEBUG com.intuit.karate - response time in milliseconds: 203.18
1 < 200
1 < Access-Control-Allow-Methods: GET
1 < Access-Control-Allow-Origin: *
1 < Connection: close
1 < Content-Type: text/xml
1 < Date: Mon, 26 Oct 2020 15:21:58 GMT
1 < Server: Apache

15:21:58.199 [ForkJoinPool-2-worker-3] ERROR com.intuit.karate - assertion failed: path: $['Content-Length'][0], actual: null, expected: '#notnull', reason: actual json-path does not exist
15:21:58.202 [pool-4-thread-1] INFO  com.intuit.karate.Runner - <<fail>> feature 293 of 367: tmp/junit17863174098671850733/Koninklijk-Nederlands-Meteorologisch-Instituut--KNMI-/Gecontroleerde-klimatologische-daggegevens-KNMI-Nederland/view/View-service-voor-gecontroleerde-klimatologische-daggegevens-KNMI-Nederland/checkViewUrl.feature
---------------------------------------------------------
feature: tmp/junit17863174098671850733/Koninklijk-Nederlands-Meteorologisch-Instituut--KNMI-/Gecontroleerde-klimatologische-daggegevens-KNMI-Nederland/view/View-service-voor-gecontroleerde-klimatologische-daggegevens-KNMI-Nederland/checkViewUrl.feature
report: target/surefire-reports/tmp.junit17863174098671850733.Koninklijk-Nederlands-Meteorologisch-Instituut--KNMI-.Gecontroleerde-klimatologische-daggegevens-KNMI-Nederland.view.View-service-voor-gecontroleerde-klimatologische-daggegevens-KNMI-Nederland.checkViewUrl.json
scenarios:  1 | passed:  0 | failed:  1 | time: 0.2056
---------------------------------------------------------
15:21:58.206 [ForkJoinPool-2-worker-3] INFO  com.intuit.karate - karate.env system property was:  
15:21:58.210 [ForkJoinPool-2-worker-3] INFO  com.intuit.karate - [print] {
  "class": "metadata.Service",
  "electronicMailAddress": "[datacentrum@knmi.nl, datacentrum@knmi.nl, datacentrum@knmi.nl]",
  "metadataStandardVersion": "Nederlands metadataprofiel op ISO 19119 versie 1.2.1",
  "operatesOn": "http://data.knmi.nl/inspire/csw?Service=CSW&Request=GetRecordById&Version=2.0.2&id=64c987ec-dce6-11e3-8563-901b0e19e163&outputSchema=http://www.isotc211.org/2005/gmd&elementSetName=full",
  "organisation": "Koninklijk Nederlands Meteorologisch Instituut (KNMI)",
  "serviceIdentifierCode": "1b9259fc-dc35-11e3-961c-901b0e19e163",
  "servicetype": "view",
  "title": "View service voor actuele synoptische weerwaarnemingen KNMI Nederland per 10 minuten",
  "url": "http://geoservices.knmi.nl/cgi-bin/inspire/Actuele10mindataKNMIstations.cgi?service=wms&"
}

15:21:58.213 [ForkJoinPool-2-worker-3] INFO  com.intuit.karate - [print] testing url:http://geoservices.knmi.nl/cgi-bin/inspire/Actuele10mindataKNMIstations.cgi?service=wms&
15:21:58.214 [ForkJoinPool-2-worker-3] DEBUG com.intuit.karate - request:
1 > HEAD http://geoservices.knmi.nl/cgi-bin/inspire/Actuele10mindataKNMIstations.cgi?service=wms&
1 > Accept-Encoding: gzip,deflate
1 > Connection: Keep-Alive
1 > Host: geoservices.knmi.nl
1 > User-Agent: Apache-HttpClient/4.5.11 (Java/13.0.5)

15:21:58.419 [ForkJoinPool-2-worker-3] DEBUG com.intuit.karate - response time in milliseconds: 205.16
1 < 200
1 < Access-Control-Allow-Methods: GET
1 < Access-Control-Allow-Origin: *
1 < Connection: close
1 < Content-Type: text/xml
1 < Date: Mon, 26 Oct 2020 15:21:58 GMT
1 < Server: Apache

15:21:58.421 [ForkJoinPool-2-worker-3] ERROR com.intuit.karate - assertion failed: path: $['Content-Length'][0], actual: null, expected: '#notnull', reason: actual json-path does not exist
15:21:58.422 [pool-4-thread-1] ERROR com.intuit.karate.Runner - <<error>> unable to write report file(s): java.io.FileNotFoundException: target/surefire-reports/tmp.junit17863174098671850733.Koninklijk-Nederlands-Meteorologisch-Instituut--KNMI-.Actuele-synoptische-weerwaarnemingen-KNMI-Nederland-per-10-minuten--24-uur-.view.View-service-voor-actuele-synoptische-weerwaarnemingen-KNMI-Nederland-per-10-minuten.checkViewUrl.json (File name too long)
---------------------------------------------------------
feature: tmp/junit17863174098671850733/Koninklijk-Nederlands-Meteorologisch-Instituut--KNMI-/Actuele-synoptische-weerwaarnemingen-KNMI-Nederland-per-10-minuten--24-uur-/view/View-service-voor-actuele-synoptische-weerwaarnemingen-KNMI-Nederland-per-10-minuten/checkViewUrl.feature
scenarios:  1 | passed:  0 | failed:  1 | time: 0.2122
---------------------------------------------------------
15:21:58.430 [ForkJoinPool-2-worker-3] INFO  com.intuit.karate - karate.env system property was:  
15:21:58.442 [ForkJoinPool-2-worker-3] INFO  com.intuit.karate - [print] {
  "class": "metadata.Service",
  "electronicMailAddress": "[datacentrum@knmi.nl, datacentrum@knmi.nl, datacentrum@knmi.nl]",
  "metadataStandardVersion": "Nederlands metadataprofiel op ISO 19119 versie 1.2.1",
  "operatesOn": "[http://data.knmi.nl/inspire/csw?Service=CSW&Request=GetRecordById&Version=2.0.2&id=b59f06c0-dce5-11e3-9c10-901b0e19e163&outputSchema=http://www.isotc211.org/2005/gmd&elementSetName=full, http://data.knmi.nl/inspire/csw?Service=CSW&Request=GetRecordById&Version=2.0.2&id=64c987ec-dce6-11e3-8563-901b0e19e163&outputSchema=http://www.isotc211.org/2005/gmd&elementSetName=full, http://data.knmi.nl/inspire/csw?Service=CSW&Request=GetRecordById&Version=2.0.2&id=daa63e4c-dce6-11e3-991e-901b0e19e163&outputSchema=http://www.isotc211.org/2005/gmd&elementSetName=full, http://data.knmi.nl/inspire/csw?Service=CSW&Request=GetRecordById&Version=2.0.2&id=380aa01e-dce7-11e3-9f07-901b0e19e163&outputSchema=http://www.isotc211.org/2005/gmd&elementSetName=full]",
  "organisation": "Koninklijk Nederlands Meteorologisch Instituut (KNMI)",
  "serviceIdentifierCode": "18e052b6-dce6-11e3-9e6e-901b0e19e163",
  "servicetype": "download",
  "title": "Download Service voor KNMI INSPIRE Annex III datasets",
  "url": "http://data.knmi.nl/inspire/atom?"
}

15:21:58.445 [ForkJoinPool-2-worker-3] INFO  com.intuit.karate - [print] testing url:http://data.knmi.nl/inspire/atom?
15:21:58.446 [ForkJoinPool-2-worker-3] DEBUG com.intuit.karate - request:
1 > HEAD http://data.knmi.nl/inspire/atom?
1 > Accept-Encoding: gzip,deflate
1 > Connection: Keep-Alive
1 > Host: data.knmi.nl
1 > User-Agent: Apache-HttpClient/4.5.11 (Java/13.0.5)

15:21:58.457 [ForkJoinPool-2-worker-3] DEBUG com.intuit.karate - response time in milliseconds: 11.03
1 < 301
1 < Connection: keep-alive
1 < Content-Length: 183
1 < Content-Type: text/html
1 < Date: Mon, 26 Oct 2020 15:21:58 GMT
1 < Location: https://data.knmi.nl/inspire/atom?
1 < Server: CloudFront
1 < Via: 1.1 ae3759c8dc48487a424a60bd577ad555.cloudfront.net (CloudFront)
1 < X-Amz-Cf-Id: MJ8HpeeedoThENBdAlrbXsZ8rULtALjg0CqrjkVbx34ejoaxr2lKJA==
1 < X-Amz-Cf-Pop: IAD89-C2
1 < X-Cache: Redirect from cloudfront

15:21:58.458 [ForkJoinPool-2-worker-3] DEBUG com.intuit.karate - request:
2 > HEAD http://data.knmi.nl/inspire/atom?
2 > Accept-Encoding: gzip,deflate
2 > Connection: Keep-Alive
2 > Host: data.knmi.nl
2 > User-Agent: Apache-HttpClient/4.5.11 (Java/13.0.5)

15:21:58.510 [ForkJoinPool-2-worker-5] DEBUG com.intuit.karate - response time in milliseconds: 482.72
2 < 200
2 < Connection: keep-alive
2 < Content-Encoding: gzip
2 < Content-Type: text/html
2 < Date: Mon, 26 Oct 2020 15:21:59 GMT
2 < ETag: "ddd3b18581ed17c4371564cf4b46773e"
2 < Last-Modified: Fri, 23 Oct 2020 12:48:21 GMT
2 < Server: AmazonS3
2 < Vary: Accept-Encoding
2 < Via: 1.1 48c70f7a0c91fc5e8cb64d6c71ad9827.cloudfront.net (CloudFront)
2 < X-Amz-Cf-Id: _NB2-AeNXDQFaQrcduCIaSQHoYxo0zwJcu_PQQJ2vFhlNE4GuGYVfw==
2 < X-Amz-Cf-Pop: IAD89-C2
2 < X-Cache: Error from cloudfront
2 < x-amz-server-side-encryption: AES256

15:21:58.510 [ForkJoinPool-2-worker-1] DEBUG com.intuit.karate - response time in milliseconds: 455.77
2 < 200
2 < Connection: keep-alive
2 < Content-Encoding: gzip
2 < Content-Type: text/html
2 < Date: Mon, 26 Oct 2020 15:21:59 GMT
2 < ETag: "ddd3b18581ed17c4371564cf4b46773e"
2 < Last-Modified: Fri, 23 Oct 2020 12:48:21 GMT
2 < Server: AmazonS3
2 < Vary: Accept-Encoding
2 < Via: 1.1 429a03d32042afcc39a25586a483feb8.cloudfront.net (CloudFront)
2 < X-Amz-Cf-Id: 3b_nLOtoBKmEmOOR-Kv10M51WU8l22jkGIofdOx5PI5PrsBaPnzs4g==
2 < X-Amz-Cf-Pop: IAD89-C2
2 < X-Cache: Error from cloudfront
2 < x-amz-server-side-encryption: AES256

15:21:58.510 [ForkJoinPool-2-worker-5] ERROR com.intuit.karate - assertion failed: path: $['Content-Length'][0], actual: null, expected: '#notnull', reason: actual json-path does not exist
15:21:58.510 [ForkJoinPool-2-worker-1] ERROR com.intuit.karate - assertion failed: path: $['Content-Length'][0], actual: null, expected: '#notnull', reason: actual json-path does not exist
15:21:58.511 [ForkJoinPool-2-worker-7] DEBUG com.intuit.karate - response time in milliseconds: 750.24
2 < 200
2 < Connection: keep-alive
2 < Content-Encoding: gzip
2 < Content-Type: text/html
2 < Date: Mon, 26 Oct 2020 15:21:59 GMT
2 < ETag: "ddd3b18581ed17c4371564cf4b46773e"
2 < Last-Modified: Fri, 23 Oct 2020 12:48:21 GMT
2 < Server: AmazonS3
2 < Vary: Accept-Encoding
2 < Via: 1.1 3924198dd88678a1cab97875f32b6f20.cloudfront.net (CloudFront)
2 < X-Amz-Cf-Id: 8gS07yj7re-9y2jUsy0Q2nueDDCqYFrSARbXV83UN4ATi7PnS1WJyQ==
2 < X-Amz-Cf-Pop: IAD89-C2
2 < X-Cache: Error from cloudfront
2 < x-amz-server-side-encryption: AES256

15:21:58.511 [ForkJoinPool-2-worker-7] ERROR com.intuit.karate - assertion failed: path: $['Content-Length'][0], actual: null, expected: '#notnull', reason: actual json-path does not exist
15:21:58.511 [pool-4-thread-3] INFO  com.intuit.karate.Runner - <<fail>> feature 294 of 367: tmp/junit17863174098671850733/Koninklijk-Nederlands-Meteorologisch-Instituut--KNMI-/Actuele-synoptische-weerwaarnemingen-KNMI-Nederland-per-10-minuten--24-uur-/download/Download-Service-voor-KNMI-INSPIRE-Annex-III-datasets/checkdownloadurl.feature
---------------------------------------------------------
feature: tmp/junit17863174098671850733/Koninklijk-Nederlands-Meteorologisch-Instituut--KNMI-/Actuele-synoptische-weerwaarnemingen-KNMI-Nederland-per-10-minuten--24-uur-/download/Download-Service-voor-KNMI-INSPIRE-Annex-III-datasets/checkdownloadurl.feature
report: target/surefire-reports/tmp.junit17863174098671850733.Koninklijk-Nederlands-Meteorologisch-Instituut--KNMI-.Actuele-synoptische-weerwaarnemingen-KNMI-Nederland-per-10-minuten--24-uur-.download.Download-Service-voor-KNMI-INSPIRE-Annex-III-datasets.checkdownloadurl.json
scenarios:  1 | passed:  0 | failed:  1 | time: 0.4700
---------------------------------------------------------
15:21:58.512 [pool-4-thread-2] INFO  com.intuit.karate.Runner - <<fail>> feature 292 of 367: tmp/junit17863174098671850733/Koninklijk-Nederlands-Meteorologisch-Instituut--KNMI-/Gecontroleerde-klimatologische-daggegevens-KNMI-Nederland/download/Download-Service-voor-KNMI-INSPIRE-Annex-III-datasets/checkdownloadurl.feature
---------------------------------------------------------
feature: tmp/junit17863174098671850733/Koninklijk-Nederlands-Meteorologisch-Instituut--KNMI-/Gecontroleerde-klimatologische-daggegevens-KNMI-Nederland/download/Download-Service-voor-KNMI-INSPIRE-Annex-III-datasets/checkdownloadurl.feature
report: target/surefire-reports/tmp.junit17863174098671850733.Koninklijk-Nederlands-Meteorologisch-Instituut--KNMI-.Gecontroleerde-klimatologische-daggegevens-KNMI-Nederland.download.Download-Service-voor-KNMI-INSPIRE-Annex-III-datasets.checkdownloadurl.json
scenarios:  1 | passed:  0 | failed:  1 | time: 0.5214
---------------------------------------------------------
15:21:58.514 [pool-4-thread-4] INFO  com.intuit.karate.Runner - <<fail>> feature 290 of 367: tmp/junit17863174098671850733/Koninklijk-Nederlands-Meteorologisch-Instituut--KNMI-/Aardbevingen-Nederland--KNMI-/download/Download-Service-voor-KNMI-INSPIRE-Annex-III-datasets/checkdownloadurl.feature
---------------------------------------------------------
feature: tmp/junit17863174098671850733/Koninklijk-Nederlands-Meteorologisch-Instituut--KNMI-/Aardbevingen-Nederland--KNMI-/download/Download-Service-voor-KNMI-INSPIRE-Annex-III-datasets/checkdownloadurl.feature
report: target/surefire-reports/tmp.junit17863174098671850733.Koninklijk-Nederlands-Meteorologisch-Instituut--KNMI-.Aardbevingen-Nederland--KNMI-.download.Download-Service-voor-KNMI-INSPIRE-Annex-III-datasets.checkdownloadurl.json
scenarios:  1 | passed:  0 | failed:  1 | time: 0.9110
---------------------------------------------------------
15:21:58.522 [ForkJoinPool-2-worker-7] INFO  com.intuit.karate - karate.env system property was:  
15:21:58.523 [ForkJoinPool-2-worker-1] INFO  com.intuit.karate - karate.env system property was:  
15:21:58.525 [ForkJoinPool-2-worker-5] INFO  com.intuit.karate - karate.env system property was:  
15:21:58.530 [ForkJoinPool-2-worker-5] INFO  com.intuit.karate - [print] {
  "class": "metadata.Service",
  "electronicMailAddress": "[servicedesk-data@rijkswaterstaat.nl, servicedesk-data@rijkswaterstaat.nl, info@wetransform.to]",
  "metadataStandardVersion": "Nederlands metadata profiel op ISO 19119 voor services 2.0",
  "operatesOn": "http://nationaalgeoregister.nl/geonetwork/srv/en/csw?service=csw&VERSION=2.0.2&REQUEST=GetRecordById&OUTPUTSCHEMA=http://www.isotc211.org/2005/gmd&ELEMENTSETNAME=full&ID=wt-f5eb-b09f-4f6d-8397-8878a1b86238#MD_DataIdentification",
  "organisation": "Rijkswaterstaat",
  "serviceIdentifierCode": "wt-f5eb-b09f-4f6d-8397-8878a1t86238",
  "servicetype": "download",
  "title": "Menselijke gezondheid en veiligheid - geluidbelasting rijkswegen 2011 (INSPIRE geharmoniseerd) ATOM",
  "url": "https://haleconnect.com/services/bsp/org.292.42527b86-52a7-4b94-9f83-8e8a9e900f5a/service/atom/id_predefined_dataset"
}

15:21:58.531 [ForkJoinPool-2-worker-5] INFO  com.intuit.karate - [print] testing url:https://haleconnect.com/services/bsp/org.292.42527b86-52a7-4b94-9f83-8e8a9e900f5a/service/atom/id_predefined_dataset
15:21:58.531 [ForkJoinPool-2-worker-5] DEBUG com.intuit.karate - request:
1 > HEAD https://haleconnect.com/services/bsp/org.292.42527b86-52a7-4b94-9f83-8e8a9e900f5a/service/atom/id_predefined_dataset
1 > Accept-Encoding: gzip,deflate
1 > Connection: Keep-Alive
1 > Host: haleconnect.com
1 > User-Agent: Apache-HttpClient/4.5.11 (Java/13.0.5)

15:21:58.530 [ForkJoinPool-2-worker-1] INFO  com.intuit.karate - [print] {
  "class": "metadata.Service",
  "electronicMailAddress": "[servicedesk-data@rijkswaterstaat.nl, servicedesk-data@rijkswaterstaat.nl, info@wetransform.to]",
  "metadataStandardVersion": "Nederlands metadata profiel op ISO 19119 voor services 2.0",
  "operatesOn": "http://nationaalgeoregister.nl/geonetwork/srv/en/csw?service=csw&VERSION=2.0.2&REQUEST=GetRecordById&OUTPUTSCHEMA=http://www.isotc211.org/2005/gmd&ELEMENTSETNAME=full&ID=wt-f5eb-b09f-4f6d-8397-8878a1b86238#MD_DataIdentification",
  "organisation": "Rijkswaterstaat",
  "serviceIdentifierCode": "wt-f5eb-b09f-4f6d-8397-8878a1m86238",
  "servicetype": "view",
  "title": "Menselijke gezondheid en veiligheid - geluidbelasting rijkswegen 2011 (INSPIRE geharmoniseerd) WMS",
  "url": "https://haleconnect.com/ows/services/org.292.42527b86-52a7-4b94-9f83-8e8a9e900f5a_wms?service=WMS&version=1.3.0&request=GetCapabilities"
}

15:21:58.532 [ForkJoinPool-2-worker-1] INFO  com.intuit.karate - [print] testing url:https://haleconnect.com/ows/services/org.292.42527b86-52a7-4b94-9f83-8e8a9e900f5a_wms?service=WMS&version=1.3.0&request=GetCapabilities
15:21:58.532 [ForkJoinPool-2-worker-1] DEBUG com.intuit.karate - request:
1 > HEAD https://haleconnect.com/ows/services/org.292.42527b86-52a7-4b94-9f83-8e8a9e900f5a_wms?service=WMS&version=1.3.0&request=GetCapabilities
1 > Accept-Encoding: gzip,deflate
1 > Connection: Keep-Alive
1 > Host: haleconnect.com
1 > User-Agent: Apache-HttpClient/4.5.11 (Java/13.0.5)

15:21:58.531 [ForkJoinPool-2-worker-7] INFO  com.intuit.karate - [print] {
  "class": "metadata.Service",
  "electronicMailAddress": "[datacentrum@knmi.nl, datacentrum@knmi.nl, datacentrum@knmi.nl]",
  "metadataStandardVersion": "Nederlands metadataprofiel op ISO 19119 versie 1.2.1",
  "operatesOn": "http://data.knmi.nl/inspire/csw?Service=CSW&Request=GetRecordById&Version=2.0.2&id=380aa01e-dce7-11e3-9f07-901b0e19e163&outputSchema=http://www.isotc211.org/2005/gmd&elementSetName=full",
  "organisation": "Koninklijk Nederlands Meteorologisch Instituut (KNMI)",
  "serviceIdentifierCode": "6bd9f72e-dcd2-11e3-ab0a-901b0e19e163",
  "servicetype": "view",
  "title": "View service voor het netwerk van waarneemstations KNMI Nederland",
  "url": "http://geoservices.knmi.nl/cgi-bin/inspire/waarneemstations.cgi?&service=wms&"
}

15:21:58.533 [ForkJoinPool-2-worker-7] INFO  com.intuit.karate - [print] testing url:http://geoservices.knmi.nl/cgi-bin/inspire/waarneemstations.cgi?&service=wms&
15:21:58.534 [ForkJoinPool-2-worker-7] DEBUG com.intuit.karate - request:
1 > HEAD http://geoservices.knmi.nl/cgi-bin/inspire/waarneemstations.cgi?&service=wms&
1 > Accept-Encoding: gzip,deflate
1 > Connection: Keep-Alive
1 > Host: geoservices.knmi.nl
1 > User-Agent: Apache-HttpClient/4.5.11 (Java/13.0.5)

15:21:58.735 [ForkJoinPool-2-worker-7] DEBUG com.intuit.karate - response time in milliseconds: 201.18
1 < 200
1 < Access-Control-Allow-Methods: GET
1 < Access-Control-Allow-Origin: *
1 < Connection: close
1 < Content-Type: text/xml
1 < Date: Mon, 26 Oct 2020 15:21:58 GMT
1 < Server: Apache

15:21:58.736 [ForkJoinPool-2-worker-7] ERROR com.intuit.karate - assertion failed: path: $['Content-Length'][0], actual: null, expected: '#notnull', reason: actual json-path does not exist
15:21:58.738 [pool-4-thread-3] INFO  com.intuit.karate.Runner - <<fail>> feature 297 of 367: tmp/junit17863174098671850733/Koninklijk-Nederlands-Meteorologisch-Instituut--KNMI-/Netwerk-van-KNMI-waarneemstations/view/View-service-voor-het-netwerk-van-waarneemstations-KNMI-Nederland/checkViewUrl.feature
---------------------------------------------------------
feature: tmp/junit17863174098671850733/Koninklijk-Nederlands-Meteorologisch-Instituut--KNMI-/Netwerk-van-KNMI-waarneemstations/view/View-service-voor-het-netwerk-van-waarneemstations-KNMI-Nederland/checkViewUrl.feature
report: target/surefire-reports/tmp.junit17863174098671850733.Koninklijk-Nederlands-Meteorologisch-Instituut--KNMI-.Netwerk-van-KNMI-waarneemstations.view.View-service-voor-het-netwerk-van-waarneemstations-KNMI-Nederland.checkViewUrl.json
scenarios:  1 | passed:  0 | failed:  1 | time: 0.2073
---------------------------------------------------------
15:21:58.742 [ForkJoinPool-2-worker-7] INFO  com.intuit.karate - karate.env system property was:  
15:21:58.743 [ForkJoinPool-2-worker-7] INFO  com.intuit.karate - [print] {
  "class": "metadata.Service",
  "electronicMailAddress": "[servicedesk-data@rijkswaterstaat.nl, servicedesk-data@rijkswaterstaat.nl, info@wetransform.to]",
  "metadataStandardVersion": "Nederlands metadata profiel op ISO 19119 voor services 2.0",
  "operatesOn": "http://nationaalgeoregister.nl/geonetwork/srv/en/csw?SERVICE=csw&VERSION=2.0.2&REQUEST=GetRecordById&OUTPUTSCHEMA=http://www.isotc211.org/2005/gmd&ELEMENTSETNAME=full&ID=wt-f5eb-b09f-4f6d-8397-8878a1b86238#MD_DataIdentification",
  "organisation": "Rijkswaterstaat",
  "serviceIdentifierCode": "wt-f5eb-b09f-4f6d-8397-8878a1f86238",
  "servicetype": "other",
  "title": "Menselijke gezondheid en veiligheid - geluidbelasting rijkswegen 2011 (INSPIRE geharmoniseerd) WFS",
  "url": "https://haleconnect.com/ows/services/org.292.42527b86-52a7-4b94-9f83-8e8a9e900f5a_wfs?service=WFS&version=2.0.0&request=GetCapabilities"
}

15:21:58.743 [ForkJoinPool-2-worker-7] INFO  com.intuit.karate - [print] testing url:https://haleconnect.com/ows/services/org.292.42527b86-52a7-4b94-9f83-8e8a9e900f5a_wfs?service=WFS&version=2.0.0&request=GetCapabilities
15:21:58.744 [ForkJoinPool-2-worker-7] DEBUG com.intuit.karate - request:
1 > HEAD https://haleconnect.com/ows/services/org.292.42527b86-52a7-4b94-9f83-8e8a9e900f5a_wfs?service=WFS&version=2.0.0&request=GetCapabilities
1 > Accept-Encoding: gzip,deflate
1 > Connection: Keep-Alive
1 > Host: haleconnect.com
1 > User-Agent: Apache-HttpClient/4.5.11 (Java/13.0.5)

15:21:58.772 [ForkJoinPool-2-worker-3] DEBUG com.intuit.karate - response time in milliseconds: 314.55
2 < 200
2 < Connection: keep-alive
2 < Content-Encoding: gzip
2 < Content-Type: text/html
2 < Date: Mon, 26 Oct 2020 15:21:59 GMT
2 < ETag: "ddd3b18581ed17c4371564cf4b46773e"
2 < Last-Modified: Fri, 23 Oct 2020 12:48:21 GMT
2 < Server: AmazonS3
2 < Vary: Accept-Encoding
2 < Via: 1.1 c94378b36f8a40d65d0bb1c2edbb9c73.cloudfront.net (CloudFront)
2 < X-Amz-Cf-Id: QoNxWiHB1jPjAoxYr3dkov6Ppxab3MfkGFtG45V2k6jNWfvORjjl8Q==
2 < X-Amz-Cf-Pop: IAD89-C2
2 < X-Cache: Error from cloudfront
2 < x-amz-server-side-encryption: AES256

15:21:58.773 [ForkJoinPool-2-worker-3] ERROR com.intuit.karate - assertion failed: path: $['Content-Length'][0], actual: null, expected: '#notnull', reason: actual json-path does not exist
15:21:58.774 [pool-4-thread-1] INFO  com.intuit.karate.Runner - <<fail>> feature 296 of 367: tmp/junit17863174098671850733/Koninklijk-Nederlands-Meteorologisch-Instituut--KNMI-/Netwerk-van-KNMI-waarneemstations/download/Download-Service-voor-KNMI-INSPIRE-Annex-III-datasets/checkdownloadurl.feature
---------------------------------------------------------
feature: tmp/junit17863174098671850733/Koninklijk-Nederlands-Meteorologisch-Instituut--KNMI-/Netwerk-van-KNMI-waarneemstations/download/Download-Service-voor-KNMI-INSPIRE-Annex-III-datasets/checkdownloadurl.feature
report: target/surefire-reports/tmp.junit17863174098671850733.Koninklijk-Nederlands-Meteorologisch-Instituut--KNMI-.Netwerk-van-KNMI-waarneemstations.download.Download-Service-voor-KNMI-INSPIRE-Annex-III-datasets.checkdownloadurl.json
scenarios:  1 | passed:  0 | failed:  1 | time: 0.3315
---------------------------------------------------------
15:21:58.778 [ForkJoinPool-2-worker-3] INFO  com.intuit.karate - karate.env system property was:  
15:21:58.782 [ForkJoinPool-2-worker-3] INFO  com.intuit.karate - [print] {
  "class": "metadata.Service",
  "electronicMailAddress": "[servicedesk-data@rijkswaterstaat.nl, servicedesk-data@rijkswaterstaat.nl, servicedesk-data@rijkswaterstaat.nl]",
  "metadataStandardVersion": "Nederlands metadata profiel op ISO 19119 voor services 2.0",
  "operatesOn": "http://nationaalgeoregister.nl/geonetwork/srv/en/csw?service=csw&VERSION=2.0.2&REQUEST=GetRecordById&OUTPUTSCHEMA=http://www.isotc211.org/2005/gmd&ELEMENTSETNAME=full&ID=adn73c4a-ef03-4785-b7f6-942e86b385f7#MD_DataIdentification",
  "organisation": "Rijkswaterstaat",
  "serviceIdentifierCode": "adn573b0-bd3b-4d7b-a97d-e65841e6e0b2",
  "servicetype": "download",
  "title": "Bathymetrie Nederland - binnenwateren WCS",
  "url": "https://inspire.caris.nl/geoserver3/rws1/wcs?service=WCS&version=2.0.1&request=GetCapabilities"
}

15:21:58.782 [ForkJoinPool-2-worker-3] INFO  com.intuit.karate - [print] testing url:https://inspire.caris.nl/geoserver3/rws1/wcs?service=WCS&version=2.0.1&request=GetCapabilities
15:21:58.783 [ForkJoinPool-2-worker-3] DEBUG com.intuit.karate - request:
1 > HEAD https://inspire.caris.nl/geoserver3/rws1/wcs?service=WCS&version=2.0.1&request=GetCapabilities
1 > Accept-Encoding: gzip,deflate
1 > Connection: Keep-Alive
1 > Host: inspire.caris.nl
1 > User-Agent: Apache-HttpClient/4.5.11 (Java/13.0.5)

15:21:59.003 [ForkJoinPool-2-worker-1] DEBUG com.intuit.karate - response time in milliseconds: 470.46
1 < 200
1 < Cache-Control: no-cache, no-store
1 < Connection: keep-alive
1 < Content-Encoding: gzip
1 < Content-Type: text/xml;charset=UTF-8
1 < Date: Mon, 26 Oct 2020 15:21:58 GMT
1 < Server: nginx
1 < Strict-Transport-Security: max-age=31536000; includeSubDomains
1 < Vary: Accept-Encoding
1 < X-Content-Type-Options: nosniff
1 < X-Frame-Options: deny
1 < X-XSS-Protection: 1
1 < deegree-version: 3.4.13-kelvin-SNAPSHOT

15:21:59.004 [ForkJoinPool-2-worker-1] ERROR com.intuit.karate - assertion failed: path: $['Content-Length'][0], actual: null, expected: '#notnull', reason: actual json-path does not exist
15:21:59.004 [pool-4-thread-4] ERROR com.intuit.karate.Runner - <<error>> unable to write report file(s): java.io.FileNotFoundException: target/surefire-reports/tmp.junit17863174098671850733.Rijkswaterstaat.Menselijke-gezondheid-en-veiligheid---geluidbelasting-rijkswegen-2011--INSPIRE-geharmoniseerd-.view.Menselijke-gezondheid-en-veiligheid---geluidbelasting-rijkswegen-2011--INSPIRE-geharmoniseerd--WMS.checkViewUrl.json (File name too long)
---------------------------------------------------------
feature: tmp/junit17863174098671850733/Rijkswaterstaat/Menselijke-gezondheid-en-veiligheid---geluidbelasting-rijkswegen-2011--INSPIRE-geharmoniseerd-/view/Menselijke-gezondheid-en-veiligheid---geluidbelasting-rijkswegen-2011--INSPIRE-geharmoniseerd--WMS/checkViewUrl.feature
scenarios:  1 | passed:  0 | failed:  1 | time: 0.4737
---------------------------------------------------------
15:21:59.005 [ForkJoinPool-2-worker-5] DEBUG com.intuit.karate - response time in milliseconds: 473.68
1 < 200
1 < Accept-ranges: bytes
1 < Connection: keep-alive
1 < Content-Type: application/atom+xml; charset=UTF-8
1 < Date: Mon, 26 Oct 2020 15:21:58 GMT
1 < Server: nginx
1 < Strict-Transport-Security: max-age=31536000; includeSubDomains
1 < Vary: Accept-Charset, Accept-Encoding, Accept-Language, Accept
1 < X-Content-Type-Options: nosniff
1 < X-Frame-Options: deny
1 < X-XSS-Protection: 1

15:21:59.005 [ForkJoinPool-2-worker-5] ERROR com.intuit.karate - assertion failed: path: $['Content-Length'][0], actual: null, expected: '#notnull', reason: actual json-path does not exist
15:21:59.007 [ForkJoinPool-2-worker-1] INFO  com.intuit.karate - karate.env system property was:  
15:21:59.008 [ForkJoinPool-2-worker-1] INFO  com.intuit.karate - [print] {
  "class": "metadata.Service",
  "electronicMailAddress": "[servicedesk-data@rijkswaterstaat.nl, servicedesk-data@rijkswaterstaat.nl, servicedesk-data@rijkswaterstaat.nl]",
  "metadataStandardVersion": "Nederlands metadata profiel op ISO 19119 voor services 2.0",
  "operatesOn": "http://nationaalgeoregister.nl/geonetwork/srv/en/csw?SERVICE=csw&VERSION=2.0.2&REQUEST=GetRecordById&ID=adn73c4a-ef03-4785-b7f6-942e86b385f7&OUTPUTSCHEMA=http://www.isotc211.org/2005/gmd&ELEMENTSETNAME=full#MD_DataIdentification",
  "organisation": "Rijkswaterstaat",
  "serviceIdentifierCode": "adn573b0-bd3b-4d7b-a97d-e65841e6e0b4",
  "servicetype": "view",
  "title": "Bathymetrie Nederland - binnenwateren WMS",
  "url": "https://inspire.caris.nl/geoserver3/rws1/wms?service=WMS&version=1.3.0&request=GetCapabilities"
}

15:21:59.008 [pool-4-thread-2] ERROR com.intuit.karate.Runner - <<error>> unable to write report file(s): java.io.FileNotFoundException: target/surefire-reports/tmp.junit17863174098671850733.Rijkswaterstaat.Menselijke-gezondheid-en-veiligheid---geluidbelasting-rijkswegen-2011--INSPIRE-geharmoniseerd-.download.Menselijke-gezondheid-en-veiligheid---geluidbelasting-rijkswegen-2011--INSPIRE-geharmoniseerd--ATOM.checkdownloadurl.json (File name too long)
---------------------------------------------------------
feature: tmp/junit17863174098671850733/Rijkswaterstaat/Menselijke-gezondheid-en-veiligheid---geluidbelasting-rijkswegen-2011--INSPIRE-geharmoniseerd-/download/Menselijke-gezondheid-en-veiligheid---geluidbelasting-rijkswegen-2011--INSPIRE-geharmoniseerd--ATOM/checkdownloadurl.feature
scenarios:  1 | passed:  0 | failed:  1 | time: 0.4765
---------------------------------------------------------
15:21:59.008 [ForkJoinPool-2-worker-1] INFO  com.intuit.karate - [print] testing url:https://inspire.caris.nl/geoserver3/rws1/wms?service=WMS&version=1.3.0&request=GetCapabilities
15:21:59.009 [ForkJoinPool-2-worker-1] DEBUG com.intuit.karate - request:
1 > HEAD https://inspire.caris.nl/geoserver3/rws1/wms?service=WMS&version=1.3.0&request=GetCapabilities
1 > Accept-Encoding: gzip,deflate
1 > Connection: Keep-Alive
1 > Host: inspire.caris.nl
1 > User-Agent: Apache-HttpClient/4.5.11 (Java/13.0.5)

15:21:59.010 [ForkJoinPool-2-worker-5] INFO  com.intuit.karate - karate.env system property was:  
15:21:59.011 [ForkJoinPool-2-worker-5] INFO  com.intuit.karate - [print] {
  "class": "metadata.Service",
  "electronicMailAddress": "[servicedesk-data@rijkswaterstaat.nl, servicedesk-data@rijkswaterstaat.nl, servicedesk-data@rijkswaterstaat.nl]",
  "metadataStandardVersion": "Nederlands metadata profiel op ISO 19119 voor services 2.0",
  "operatesOn": "https://nationaalgeoregister.nl/geonetwork/srv/dut/inspire?SERVICE=CSW&VERSION=2.0.2&REQUEST=GetRecordById&ID=cf69ec50-9849-4afd-853c-ee56211d336d&OUTPUTSCHEMA=http://www.isotc211.org/2005/gmd&ELEMENTSETNAME=full#MD_DataIdentification",
  "organisation": "Rijkswaterstaat",
  "serviceIdentifierCode": "cf69ec50-9849-4afd-853c-ee5621md336d",
  "servicetype": "view",
  "title": "Waterstanden en afvoeren actueel - Rijkswaterstaat - WMS",
  "url": "https://waterwebservices.rijkswaterstaat.nl/services/distributielaagWFS/distributielaag_dbo?service=WMS&version=1.0.0&request=GetCapabilities"
}

15:21:59.011 [ForkJoinPool-2-worker-5] INFO  com.intuit.karate - [print] testing url:https://waterwebservices.rijkswaterstaat.nl/services/distributielaagWFS/distributielaag_dbo?service=WMS&version=1.0.0&request=GetCapabilities
15:21:59.012 [ForkJoinPool-2-worker-5] DEBUG com.intuit.karate - request:
1 > HEAD https://waterwebservices.rijkswaterstaat.nl/services/distributielaagWFS/distributielaag_dbo?service=WMS&version=1.0.0&request=GetCapabilities
1 > Accept-Encoding: gzip,deflate
1 > Connection: Keep-Alive
1 > Host: waterwebservices.rijkswaterstaat.nl
1 > User-Agent: Apache-HttpClient/4.5.11 (Java/13.0.5)

15:21:59.122 [ForkJoinPool-2-worker-3] DEBUG com.intuit.karate - response time in milliseconds: 338.88
1 < 200
1 < Cache-Control: max-age=0, must-revalidate
1 < Connection: keep-alive
1 < Content-Disposition: inline; filename=geoserver-GetCapabilities.application
1 < Content-Encoding: gzip
1 < Content-Type: application/xml
1 < Date: Mon, 26 Oct 2020 15:21:59 GMT
1 < Server: nginx
1 < X-Frame-Options: SAMEORIGIN

15:21:59.122 [ForkJoinPool-2-worker-3] ERROR com.intuit.karate - assertion failed: path: $['Content-Length'][0], actual: null, expected: '#notnull', reason: actual json-path does not exist
15:21:59.124 [pool-4-thread-1] INFO  com.intuit.karate.Runner - <<fail>> feature 301 of 367: tmp/junit17863174098671850733/Rijkswaterstaat/Bathymetrie-Nederland---binnenwateren/download/Bathymetrie-Nederland---binnenwateren-WCS/checkdownloadurl.feature
---------------------------------------------------------
feature: tmp/junit17863174098671850733/Rijkswaterstaat/Bathymetrie-Nederland---binnenwateren/download/Bathymetrie-Nederland---binnenwateren-WCS/checkdownloadurl.feature
report: target/surefire-reports/tmp.junit17863174098671850733.Rijkswaterstaat.Bathymetrie-Nederland---binnenwateren.download.Bathymetrie-Nederland---binnenwateren-WCS.checkdownloadurl.json
scenarios:  1 | passed:  0 | failed:  1 | time: 0.3443
---------------------------------------------------------
15:21:59.128 [ForkJoinPool-2-worker-3] INFO  com.intuit.karate - karate.env system property was:  
15:21:59.131 [ForkJoinPool-2-worker-3] INFO  com.intuit.karate - [print] {
  "class": "metadata.Service",
  "electronicMailAddress": "[servicedesk-data@rijkswaterstaat.nl, servicedesk-data@rijkswaterstaat.nl, servicedesk-data@rijkswaterstaat.nl]",
  "metadataStandardVersion": "Nederlands metadata profiel op ISO 19119 voor services 2.0",
  "operatesOn": "https://nationaalgeoregister.nl/geonetwork/srv/dut/inspire?SERVICE=CSW&VERSION=2.0.2&REQUEST=GetRecordById&ID=cf69ec50-9849-4afd-853c-ee56211d336d&OUTPUTSCHEMA=http://www.isotc211.org/2005/gmd&ELEMENTSETNAME=full#MD_DataIdentification",
  "organisation": "Rijkswaterstaat",
  "serviceIdentifierCode": "cf69ec50-9849-4afd-853c-ee5621fd336d",
  "servicetype": "other",
  "title": "Waterstanden en afvoeren actueel - Rijkswaterstaat - WFS",
  "url": "https://waterwebservices.rijkswaterstaat.nl/services/distributielaagWFS/distributielaag_dbo?service=WFS&version=1.1.0&request=GetCapabilities"
}

15:21:59.132 [ForkJoinPool-2-worker-3] INFO  com.intuit.karate - [print] testing url:https://waterwebservices.rijkswaterstaat.nl/services/distributielaagWFS/distributielaag_dbo?service=WFS&version=1.1.0&request=GetCapabilities
15:21:59.133 [ForkJoinPool-2-worker-3] DEBUG com.intuit.karate - request:
1 > HEAD https://waterwebservices.rijkswaterstaat.nl/services/distributielaagWFS/distributielaag_dbo?service=WFS&version=1.1.0&request=GetCapabilities
1 > Accept-Encoding: gzip,deflate
1 > Connection: Keep-Alive
1 > Host: waterwebservices.rijkswaterstaat.nl
1 > User-Agent: Apache-HttpClient/4.5.11 (Java/13.0.5)

15:21:59.140 [ForkJoinPool-2-worker-7] DEBUG com.intuit.karate - response time in milliseconds: 395.79
1 < 200
1 < Cache-Control: no-cache, no-store
1 < Connection: keep-alive
1 < Content-Encoding: gzip
1 < Content-Type: text/xml;charset=UTF-8
1 < Date: Mon, 26 Oct 2020 15:21:59 GMT
1 < Server: nginx
1 < Strict-Transport-Security: max-age=31536000; includeSubDomains
1 < Vary: Accept-Encoding
1 < X-Content-Type-Options: nosniff
1 < X-Frame-Options: deny
1 < X-XSS-Protection: 1
1 < deegree-version: 3.4.13-kelvin-SNAPSHOT

15:21:59.140 [ForkJoinPool-2-worker-7] ERROR com.intuit.karate - assertion failed: path: $['Content-Length'][0], actual: null, expected: '#notnull', reason: actual json-path does not exist
15:21:59.141 [pool-4-thread-3] ERROR com.intuit.karate.Runner - <<error>> unable to write report file(s): java.io.FileNotFoundException: target/surefire-reports/tmp.junit17863174098671850733.Rijkswaterstaat.Menselijke-gezondheid-en-veiligheid---geluidbelasting-rijkswegen-2011--INSPIRE-geharmoniseerd-.other.Menselijke-gezondheid-en-veiligheid---geluidbelasting-rijkswegen-2011--INSPIRE-geharmoniseerd--WFS.checkOtherUrl.json (File name too long)
---------------------------------------------------------
feature: tmp/junit17863174098671850733/Rijkswaterstaat/Menselijke-gezondheid-en-veiligheid---geluidbelasting-rijkswegen-2011--INSPIRE-geharmoniseerd-/other/Menselijke-gezondheid-en-veiligheid---geluidbelasting-rijkswegen-2011--INSPIRE-geharmoniseerd--WFS/checkOtherUrl.feature
scenarios:  1 | passed:  0 | failed:  1 | time: 0.3976
---------------------------------------------------------
15:21:59.145 [ForkJoinPool-2-worker-7] INFO  com.intuit.karate - karate.env system property was:  
15:21:59.146 [ForkJoinPool-2-worker-7] INFO  com.intuit.karate - [print] {
  "class": "metadata.Service",
  "electronicMailAddress": "[servicedesk-data@rijkswaterstaat.nl, servicedesk-data@rijkswaterstaat.nl, servicedesk-data@rijkswaterstaat.nl]",
  "metadataStandardVersion": "Nederlands metadata profiel op ISO 19119 voor services 2.0",
  "operatesOn": "https://nationaalgeoregister.nl/geonetwork/srv/dut/inspire?SERVICE=CSW&VERSION=2.0.2&REQUEST=GetRecordById&ID=68ebd5c9-0ea1-4f22-9907-ec4c063cd3e2&OUTPUTSCHEMA=http://www.isotc211.org/2005/gmd&ELEMENTSETNAME=full#MD_DataIdentification",
  "organisation": "Rijkswaterstaat",
  "serviceIdentifierCode": "68ebd5c9-0ea1-4f22-9907-ec4c06mcd3e2",
  "servicetype": "view",
  "title": "Landelijk zoet en zoutwatermeetnet - Rijkswaterstaat WMS",
  "url": "https://waterwebservices.rijkswaterstaat.nl/services/distributielaagWFS/distributielaag_dbo?service=WFS&version=1.0.0&request=GetCapabilities"
}

15:21:59.149 [ForkJoinPool-2-worker-7] INFO  com.intuit.karate - [print] testing url:https://waterwebservices.rijkswaterstaat.nl/services/distributielaagWFS/distributielaag_dbo?service=WFS&version=1.0.0&request=GetCapabilities
15:21:59.150 [ForkJoinPool-2-worker-7] DEBUG com.intuit.karate - request:
1 > HEAD https://waterwebservices.rijkswaterstaat.nl/services/distributielaagWFS/distributielaag_dbo?service=WFS&version=1.0.0&request=GetCapabilities
1 > Accept-Encoding: gzip,deflate
1 > Connection: Keep-Alive
1 > Host: waterwebservices.rijkswaterstaat.nl
1 > User-Agent: Apache-HttpClient/4.5.11 (Java/13.0.5)

15:21:59.311 [ForkJoinPool-2-worker-1] DEBUG com.intuit.karate - response time in milliseconds: 302.35
1 < 200
1 < Cache-Control: max-age=0, must-revalidate
1 < Connection: keep-alive
1 < Content-Disposition: inline; filename=getcapabilities_1.3.0.xml
1 < Content-Encoding: gzip
1 < Content-Type: text/xml; charset=utf-8
1 < Date: Mon, 26 Oct 2020 15:21:59 GMT
1 < Server: nginx
1 < X-Frame-Options: SAMEORIGIN

15:21:59.313 [ForkJoinPool-2-worker-1] ERROR com.intuit.karate - assertion failed: path: $['Content-Length'][0], actual: null, expected: '#notnull', reason: actual json-path does not exist
15:21:59.316 [pool-4-thread-4] INFO  com.intuit.karate.Runner - <<fail>> feature 302 of 367: tmp/junit17863174098671850733/Rijkswaterstaat/Bathymetrie-Nederland---binnenwateren/view/Bathymetrie-Nederland---binnenwateren-WMS/checkViewUrl.feature
---------------------------------------------------------
feature: tmp/junit17863174098671850733/Rijkswaterstaat/Bathymetrie-Nederland---binnenwateren/view/Bathymetrie-Nederland---binnenwateren-WMS/checkViewUrl.feature
report: target/surefire-reports/tmp.junit17863174098671850733.Rijkswaterstaat.Bathymetrie-Nederland---binnenwateren.view.Bathymetrie-Nederland---binnenwateren-WMS.checkViewUrl.json
scenarios:  1 | passed:  0 | failed:  1 | time: 0.3069
---------------------------------------------------------
15:21:59.327 [ForkJoinPool-2-worker-1] INFO  com.intuit.karate - karate.env system property was:  
15:21:59.328 [ForkJoinPool-2-worker-1] INFO  com.intuit.karate - [print] {
  "class": "metadata.Service",
  "electronicMailAddress": "[servicedesk-data@rijkswaterstaat.nl, servicedesk-data@rijkswaterstaat.nl, servicedesk-data@rijkswaterstaat.nl]",
  "metadataStandardVersion": "Nederlands metadata profiel op ISO 19119 voor services 2.0",
  "operatesOn": "https://nationaalgeoregister.nl/geonetwork/srv/dut/inspire?SERVICE=CSW&VERSION=2.0.2&REQUEST=GetRecordById&ID=68ebd5c9-0ea1-4f22-9907-ec4c063cd3e2&OUTPUTSCHEMA=http://www.isotc211.org/2005/gmd&ELEMENTSETNAME=full#MD_DataIdentification",
  "organisation": "Rijkswaterstaat",
  "serviceIdentifierCode": "68ebd5c9-0ea1-4f22-9907-ec4c06fcd3e2",
  "servicetype": "other",
  "title": "Landelijk zoet en zoutwatermeetnet - Rijkswaterstaat WFS",
  "url": "https://waterwebservices.rijkswaterstaat.nl/services/distributielaagWFS/distributielaag_dbo?service=WFS&version=2.0.0&request=GetCapabilities"
}

15:21:59.332 [ForkJoinPool-2-worker-1] INFO  com.intuit.karate - [print] testing url:https://waterwebservices.rijkswaterstaat.nl/services/distributielaagWFS/distributielaag_dbo?service=WFS&version=2.0.0&request=GetCapabilities
15:21:59.341 [ForkJoinPool-2-worker-1] DEBUG com.intuit.karate - request:
1 > HEAD https://waterwebservices.rijkswaterstaat.nl/services/distributielaagWFS/distributielaag_dbo?service=WFS&version=2.0.0&request=GetCapabilities
1 > Accept-Encoding: gzip,deflate
1 > Connection: Keep-Alive
1 > Host: waterwebservices.rijkswaterstaat.nl
1 > User-Agent: Apache-HttpClient/4.5.11 (Java/13.0.5)

15:21:59.538 [ForkJoinPool-2-worker-3] DEBUG com.intuit.karate - response time in milliseconds: 405.09
1 < 200
1 < Connection: Keep-Alive
1 < Content-Type: text/html; charset=UTF-8
1 < Date: Mon, 26 Oct 2020 15:21:59 GMT
1 < Keep-Alive: timeout=5, max=2
1 < Server: Apache/2.2.15 (Red Hat)
1 < Strict-Transport-Security: max-age=15552000; includeSubDomains
1 < X-Mapserver: Mapserver 6.2.2

15:21:59.539 [ForkJoinPool-2-worker-3] ERROR com.intuit.karate - assertion failed: path: $['Content-Length'][0], actual: null, expected: '#notnull', reason: actual json-path does not exist
15:21:59.540 [ForkJoinPool-2-worker-5] DEBUG com.intuit.karate - response time in milliseconds: 528.55
1 < 200
1 < Connection: Keep-Alive
1 < Content-Type: text/html; charset=UTF-8
1 < Date: Mon, 26 Oct 2020 15:21:59 GMT
1 < Keep-Alive: timeout=5, max=60
1 < Server: Apache/2.2.15 (Red Hat)
1 < Strict-Transport-Security: max-age=15552000; includeSubDomains
1 < X-Mapserver: Mapserver 6.2.2

15:21:59.541 [ForkJoinPool-2-worker-5] ERROR com.intuit.karate - assertion failed: path: $['Content-Length'][0], actual: null, expected: '#notnull', reason: actual json-path does not exist
15:21:59.541 [pool-4-thread-1] INFO  com.intuit.karate.Runner - <<fail>> feature 304 of 367: tmp/junit17863174098671850733/Rijkswaterstaat/Waterstanden-en-afvoeren-actueel---Rijkswaterstaat/other/Waterstanden-en-afvoeren-actueel---Rijkswaterstaat---WFS/checkOtherUrl.feature
---------------------------------------------------------
feature: tmp/junit17863174098671850733/Rijkswaterstaat/Waterstanden-en-afvoeren-actueel---Rijkswaterstaat/other/Waterstanden-en-afvoeren-actueel---Rijkswaterstaat---WFS/checkOtherUrl.feature
report: target/surefire-reports/tmp.junit17863174098671850733.Rijkswaterstaat.Waterstanden-en-afvoeren-actueel---Rijkswaterstaat.other.Waterstanden-en-afvoeren-actueel---Rijkswaterstaat---WFS.checkOtherUrl.json
scenarios:  1 | passed:  0 | failed:  1 | time: 0.4101
---------------------------------------------------------
15:21:59.542 [pool-4-thread-2] INFO  com.intuit.karate.Runner - <<fail>> feature 303 of 367: tmp/junit17863174098671850733/Rijkswaterstaat/Waterstanden-en-afvoeren-actueel---Rijkswaterstaat/view/Waterstanden-en-afvoeren-actueel---Rijkswaterstaat---WMS/checkViewUrl.feature
---------------------------------------------------------
feature: tmp/junit17863174098671850733/Rijkswaterstaat/Waterstanden-en-afvoeren-actueel---Rijkswaterstaat/view/Waterstanden-en-afvoeren-actueel---Rijkswaterstaat---WMS/checkViewUrl.feature
report: target/surefire-reports/tmp.junit17863174098671850733.Rijkswaterstaat.Waterstanden-en-afvoeren-actueel---Rijkswaterstaat.view.Waterstanden-en-afvoeren-actueel---Rijkswaterstaat---WMS.checkViewUrl.json
scenarios:  1 | passed:  0 | failed:  1 | time: 0.5306
---------------------------------------------------------
15:21:59.544 [ForkJoinPool-2-worker-5] INFO  com.intuit.karate - karate.env system property was:  
15:21:59.550 [ForkJoinPool-2-worker-3] INFO  com.intuit.karate - karate.env system property was:  
15:21:59.551 [ForkJoinPool-2-worker-3] INFO  com.intuit.karate - [print] {
  "class": "metadata.Service",
  "electronicMailAddress": "[servicedesk-data@rijkswaterstaat.nl, servicedesk-data@rijkswaterstaat.nl, info@wetransform.to]",
  "metadataStandardVersion": "Nederlands metadata profiel op ISO 19119 voor services 2.0",
  "operatesOn": "http://nationaalgeoregister.nl/geonetwork/srv/en/csw?service=csw&VERSION=2.0.2&REQUEST=GetRecordById&OUTPUTSCHEMA=http://www.isotc211.org/2005/gmd&ELEMENTSETNAME=full&ID=wt-3730-e750-485a-9c0c-39bf9be72cf9#MD_DataIdentification",
  "organisation": "Rijkswaterstaat",
  "serviceIdentifierCode": "wt-3730-e750-485a-9c0c-39bf9bm72cf9",
  "servicetype": "view",
  "title": "Menselijke gezondheid en veiligheid - geluidbelasting rijkswegen 2006 (INSPIRE geharmoniseerd) WMS",
  "url": "https://haleconnect.com/ows/services/org.292.5458b0b7-4aef-467a-b646-e76d966bcfc1_wms?service=WMS&version=1.3.0&request=GetCapabilities"
}

15:21:59.551 [ForkJoinPool-2-worker-3] INFO  com.intuit.karate - [print] testing url:https://haleconnect.com/ows/services/org.292.5458b0b7-4aef-467a-b646-e76d966bcfc1_wms?service=WMS&version=1.3.0&request=GetCapabilities
15:21:59.553 [ForkJoinPool-2-worker-3] DEBUG com.intuit.karate - request:
1 > HEAD https://haleconnect.com/ows/services/org.292.5458b0b7-4aef-467a-b646-e76d966bcfc1_wms?service=WMS&version=1.3.0&request=GetCapabilities
1 > Accept-Encoding: gzip,deflate
1 > Connection: Keep-Alive
1 > Host: haleconnect.com
1 > User-Agent: Apache-HttpClient/4.5.11 (Java/13.0.5)

15:21:59.553 [ForkJoinPool-2-worker-5] INFO  com.intuit.karate - [print] {
  "class": "metadata.Service",
  "electronicMailAddress": "[servicedesk-data@rijkswaterstaat.nl, servicedesk-data@rijkswaterstaat.nl, info@wetransform.to]",
  "metadataStandardVersion": "Nederlands metadata profiel op ISO 19119 voor services 2.0",
  "operatesOn": "http://nationaalgeoregister.nl/geonetwork/srv/en/csw?service=csw&VERSION=2.0.2&REQUEST=GetRecordById&OUTPUTSCHEMA=http://www.isotc211.org/2005/gmd&ELEMENTSETNAME=full&ID=wt-3730-e750-485a-9c0c-39bf9be72cf9#MD_DataIdentification",
  "organisation": "Rijkswaterstaat",
  "serviceIdentifierCode": "wt-3730-e750-485a-9c0c-39bf9bt72cf9",
  "servicetype": "download",
  "title": "Menselijke gezondheid en veiligheid - geluidbelasting rijkswegen 2006 (INSPIRE geharmoniseerd) ATOM",
  "url": "https://haleconnect.com/services/bsp/org.292.5458b0b7-4aef-467a-b646-e76d966bcfc1/service/atom/id_predefined_dataset"
}

15:21:59.556 [ForkJoinPool-2-worker-5] INFO  com.intuit.karate - [print] testing url:https://haleconnect.com/services/bsp/org.292.5458b0b7-4aef-467a-b646-e76d966bcfc1/service/atom/id_predefined_dataset
15:21:59.557 [ForkJoinPool-2-worker-5] DEBUG com.intuit.karate - request:
1 > HEAD https://haleconnect.com/services/bsp/org.292.5458b0b7-4aef-467a-b646-e76d966bcfc1/service/atom/id_predefined_dataset
1 > Accept-Encoding: gzip,deflate
1 > Connection: Keep-Alive
1 > Host: haleconnect.com
1 > User-Agent: Apache-HttpClient/4.5.11 (Java/13.0.5)

15:21:59.560 [ForkJoinPool-2-worker-7] DEBUG com.intuit.karate - response time in milliseconds: 410.02
1 < 200
1 < Connection: Keep-Alive
1 < Content-Type: text/html; charset=UTF-8
1 < Date: Mon, 26 Oct 2020 15:21:59 GMT
1 < Keep-Alive: timeout=5, max=59
1 < Server: Apache/2.2.15 (Red Hat)
1 < Strict-Transport-Security: max-age=15552000; includeSubDomains
1 < X-Mapserver: Mapserver 6.2.2

15:21:59.560 [ForkJoinPool-2-worker-7] ERROR com.intuit.karate - assertion failed: path: $['Content-Length'][0], actual: null, expected: '#notnull', reason: actual json-path does not exist
15:21:59.561 [pool-4-thread-3] INFO  com.intuit.karate.Runner - <<fail>> feature 305 of 367: tmp/junit17863174098671850733/Rijkswaterstaat/Landelijk-zoet-en-zoutwatermeetnet---Rijkswaterstaat/view/Landelijk-zoet-en-zoutwatermeetnet---Rijkswaterstaat-WMS/checkViewUrl.feature
---------------------------------------------------------
feature: tmp/junit17863174098671850733/Rijkswaterstaat/Landelijk-zoet-en-zoutwatermeetnet---Rijkswaterstaat/view/Landelijk-zoet-en-zoutwatermeetnet---Rijkswaterstaat-WMS/checkViewUrl.feature
report: target/surefire-reports/tmp.junit17863174098671850733.Rijkswaterstaat.Landelijk-zoet-en-zoutwatermeetnet---Rijkswaterstaat.view.Landelijk-zoet-en-zoutwatermeetnet---Rijkswaterstaat-WMS.checkViewUrl.json
scenarios:  1 | passed:  0 | failed:  1 | time: 0.4144
---------------------------------------------------------
15:21:59.563 [ForkJoinPool-2-worker-7] INFO  com.intuit.karate - karate.env system property was:  
15:21:59.564 [ForkJoinPool-2-worker-7] INFO  com.intuit.karate - [print] {
  "class": "metadata.Service",
  "electronicMailAddress": "[servicedesk-data@rijkswaterstaat.nl, servicedesk-data@rijkswaterstaat.nl, info@wetransform.to]",
  "metadataStandardVersion": "Nederlands metadata profiel op ISO 19119 voor services 2.0",
  "operatesOn": "http://nationaalgeoregister.nl/geonetwork/srv/en/csw?SERVICE=csw&VERSION=2.0.2&REQUEST=GetRecordById&OUTPUTSCHEMA=http://www.isotc211.org/2005/gmd&ELEMENTSETNAME=full&ID=wt-3730-e750-485a-9c0c-39bf9be72cf9#MD_DataIdentification",
  "organisation": "Rijkswaterstaat",
  "serviceIdentifierCode": "wt-3730-e750-485a-9c0c-39bf9bf72cf9",
  "servicetype": "other",
  "title": "Menselijke gezondheid en veiligheid - geluidbelasting rijkswegen 2006 (INSPIRE geharmoniseerd) WFS",
  "url": "https://haleconnect.com/ows/services/org.292.5458b0b7-4aef-467a-b646-e76d966bcfc1_wfs?service=WFS&version=2.0.0&request=GetCapabilities"
}

15:21:59.564 [ForkJoinPool-2-worker-7] INFO  com.intuit.karate - [print] testing url:https://haleconnect.com/ows/services/org.292.5458b0b7-4aef-467a-b646-e76d966bcfc1_wfs?service=WFS&version=2.0.0&request=GetCapabilities
15:21:59.565 [ForkJoinPool-2-worker-7] DEBUG com.intuit.karate - request:
1 > HEAD https://haleconnect.com/ows/services/org.292.5458b0b7-4aef-467a-b646-e76d966bcfc1_wfs?service=WFS&version=2.0.0&request=GetCapabilities
1 > Accept-Encoding: gzip,deflate
1 > Connection: Keep-Alive
1 > Host: haleconnect.com
1 > User-Agent: Apache-HttpClient/4.5.11 (Java/13.0.5)

15:21:59.756 [ForkJoinPool-2-worker-1] DEBUG com.intuit.karate - response time in milliseconds: 413.17
1 < 200
1 < Connection: Keep-Alive
1 < Content-Type: text/html; charset=UTF-8
1 < Date: Mon, 26 Oct 2020 15:21:59 GMT
1 < Keep-Alive: timeout=5, max=56
1 < Server: Apache/2.2.15 (Red Hat)
1 < Strict-Transport-Security: max-age=15552000; includeSubDomains
1 < X-Mapserver: Mapserver 6.2.2

15:21:59.756 [ForkJoinPool-2-worker-1] ERROR com.intuit.karate - assertion failed: path: $['Content-Length'][0], actual: null, expected: '#notnull', reason: actual json-path does not exist
15:21:59.757 [pool-4-thread-4] INFO  com.intuit.karate.Runner - <<fail>> feature 306 of 367: tmp/junit17863174098671850733/Rijkswaterstaat/Landelijk-zoet-en-zoutwatermeetnet---Rijkswaterstaat/other/Landelijk-zoet-en-zoutwatermeetnet---Rijkswaterstaat-WFS/checkOtherUrl.feature
---------------------------------------------------------
feature: tmp/junit17863174098671850733/Rijkswaterstaat/Landelijk-zoet-en-zoutwatermeetnet---Rijkswaterstaat/other/Landelijk-zoet-en-zoutwatermeetnet---Rijkswaterstaat-WFS/checkOtherUrl.feature
report: target/surefire-reports/tmp.junit17863174098671850733.Rijkswaterstaat.Landelijk-zoet-en-zoutwatermeetnet---Rijkswaterstaat.other.Landelijk-zoet-en-zoutwatermeetnet---Rijkswaterstaat-WFS.checkOtherUrl.json
scenarios:  1 | passed:  0 | failed:  1 | time: 0.4282
---------------------------------------------------------
15:21:59.760 [ForkJoinPool-2-worker-1] INFO  com.intuit.karate - karate.env system property was:  
15:21:59.761 [ForkJoinPool-2-worker-1] INFO  com.intuit.karate - [print] {
  "class": "metadata.Service",
  "electronicMailAddress": "[servicedesk-data@rijkswaterstaat.nl, servicedesk-data@rijkswaterstaat.nl, servicedesk-data@rijkswaterstaat.nl]",
  "metadataStandardVersion": "Nederlands metadata profiel op ISO 19119 voor services 2.0",
  "operatesOn": "http://www.nationaalgeoregister.nl/geonetwork/srv/dut/inspire?SERVICE=CSW&VERSION=2.0.2&REQUEST=GetRecordById&ID=tbjk534p-wubf-crbp-cj25-d4161160gfim&OUTPUTSCHEMA=http://www.isotc211.org/2005/gmd&ELEMENTSETNAME=full#MD_DataIdentification",
  "organisation": "Rijkswaterstaat",
  "serviceIdentifierCode": "tbjk534p-wubf-crbp-cj25-d41611m0gfim",
  "servicetype": "view",
  "title": "Kaderrichtlijn Mariene Strategie - Bevroren monitoringsdata WMS",
  "url": "https://marineprojects.openearth.nl/geoserver/ihm_krm/wms?service=WMS&version=1.3.0&request=GetCapabilities"
}

15:21:59.761 [ForkJoinPool-2-worker-1] INFO  com.intuit.karate - [print] testing url:https://marineprojects.openearth.nl/geoserver/ihm_krm/wms?service=WMS&version=1.3.0&request=GetCapabilities
15:21:59.763 [ForkJoinPool-2-worker-1] DEBUG com.intuit.karate - request:
1 > HEAD https://marineprojects.openearth.nl/geoserver/ihm_krm/wms?service=WMS&version=1.3.0&request=GetCapabilities
1 > Accept-Encoding: gzip,deflate
1 > Connection: Keep-Alive
1 > Host: marineprojects.openearth.nl
1 > User-Agent: Apache-HttpClient/4.5.11 (Java/13.0.5)

15:21:59.952 [ForkJoinPool-2-worker-3] DEBUG com.intuit.karate - response time in milliseconds: 399.48
1 < 200
1 < Cache-Control: no-cache, no-store
1 < Connection: keep-alive
1 < Content-Encoding: gzip
1 < Content-Type: text/xml;charset=UTF-8
1 < Date: Mon, 26 Oct 2020 15:21:59 GMT
1 < Server: nginx
1 < Strict-Transport-Security: max-age=31536000; includeSubDomains
1 < Vary: Accept-Encoding
1 < X-Content-Type-Options: nosniff
1 < X-Frame-Options: deny
1 < X-XSS-Protection: 1
1 < deegree-version: 3.4.13-kelvin-SNAPSHOT

15:21:59.953 [ForkJoinPool-2-worker-3] ERROR com.intuit.karate - assertion failed: path: $['Content-Length'][0], actual: null, expected: '#notnull', reason: actual json-path does not exist
15:21:59.953 [pool-4-thread-2] ERROR com.intuit.karate.Runner - <<error>> unable to write report file(s): java.io.FileNotFoundException: target/surefire-reports/tmp.junit17863174098671850733.Rijkswaterstaat.Menselijke-gezondheid-en-veiligheid----geluidbelasting-rijkswegen-2006--INSPIRE-geharmoniseerd-.view.Menselijke-gezondheid-en-veiligheid---geluidbelasting-rijkswegen-2006--INSPIRE-geharmoniseerd--WMS.checkViewUrl.json (File name too long)
---------------------------------------------------------
feature: tmp/junit17863174098671850733/Rijkswaterstaat/Menselijke-gezondheid-en-veiligheid----geluidbelasting-rijkswegen-2006--INSPIRE-geharmoniseerd-/view/Menselijke-gezondheid-en-veiligheid---geluidbelasting-rijkswegen-2006--INSPIRE-geharmoniseerd--WMS/checkViewUrl.feature
scenarios:  1 | passed:  0 | failed:  1 | time: 0.4031
---------------------------------------------------------
15:21:59.957 [ForkJoinPool-2-worker-7] DEBUG com.intuit.karate - response time in milliseconds: 391.82
1 < 200
1 < Cache-Control: no-cache, no-store
1 < Connection: keep-alive
1 < Content-Encoding: gzip
1 < Content-Type: text/xml;charset=UTF-8
1 < Date: Mon, 26 Oct 2020 15:21:59 GMT
1 < Server: nginx
1 < Strict-Transport-Security: max-age=31536000; includeSubDomains
1 < Vary: Accept-Encoding
1 < X-Content-Type-Options: nosniff
1 < X-Frame-Options: deny
1 < X-XSS-Protection: 1
1 < deegree-version: 3.4.13-kelvin-SNAPSHOT

15:21:59.957 [ForkJoinPool-2-worker-7] ERROR com.intuit.karate - assertion failed: path: $['Content-Length'][0], actual: null, expected: '#notnull', reason: actual json-path does not exist
15:21:59.957 [pool-4-thread-3] ERROR com.intuit.karate.Runner - <<error>> unable to write report file(s): java.io.FileNotFoundException: target/surefire-reports/tmp.junit17863174098671850733.Rijkswaterstaat.Menselijke-gezondheid-en-veiligheid----geluidbelasting-rijkswegen-2006--INSPIRE-geharmoniseerd-.other.Menselijke-gezondheid-en-veiligheid---geluidbelasting-rijkswegen-2006--INSPIRE-geharmoniseerd--WFS.checkOtherUrl.json (File name too long)
---------------------------------------------------------
feature: tmp/junit17863174098671850733/Rijkswaterstaat/Menselijke-gezondheid-en-veiligheid----geluidbelasting-rijkswegen-2006--INSPIRE-geharmoniseerd-/other/Menselijke-gezondheid-en-veiligheid---geluidbelasting-rijkswegen-2006--INSPIRE-geharmoniseerd--WFS/checkOtherUrl.feature
scenarios:  1 | passed:  0 | failed:  1 | time: 0.3936
---------------------------------------------------------
15:21:59.960 [ForkJoinPool-2-worker-3] INFO  com.intuit.karate - karate.env system property was:  
15:21:59.960 [ForkJoinPool-2-worker-7] INFO  com.intuit.karate - karate.env system property was:  
15:21:59.962 [ForkJoinPool-2-worker-7] INFO  com.intuit.karate - [print] {
  "class": "metadata.Service",
  "electronicMailAddress": "[servicedesk-data@rijkswaterstaat.nl, servicedesk-data@rijkswaterstaat.nl, servicedesk-data@rijkswaterstaat.nl]",
  "metadataStandardVersion": "Nederlands metadata profiel op ISO 19119 voor services 2.0",
  "operatesOn": "http://nationaalgeoregister.nl/geonetwork/srv/en/csw?service=csw&VERSION=2.0.2&REQUEST=GetRecordById&OUTPUTSCHEMA=http://www.isotc211.org/2005/gmd&ELEMENTSETNAME=full&ID=adn73c4a-ef03-4785-b7f6-942e86b385f5#MD_DataIdentification",
  "organisation": "Rijkswaterstaat",
  "serviceIdentifierCode": "adn573b0-bd3b-4d7b-a97d-e65841e6e0b1",
  "servicetype": "download",
  "title": "Bathymetrie Nederland - kust WCS",
  "url": "https://inspire.caris.nl/geoserver3/rws/wcs?service=WCS&version=2.0.1&request=GetCapabilities"
}

15:21:59.962 [ForkJoinPool-2-worker-7] INFO  com.intuit.karate - [print] testing url:https://inspire.caris.nl/geoserver3/rws/wcs?service=WCS&version=2.0.1&request=GetCapabilities
15:21:59.963 [ForkJoinPool-2-worker-7] DEBUG com.intuit.karate - request:
1 > HEAD https://inspire.caris.nl/geoserver3/rws/wcs?service=WCS&version=2.0.1&request=GetCapabilities
1 > Accept-Encoding: gzip,deflate
1 > Connection: Keep-Alive
1 > Host: inspire.caris.nl
1 > User-Agent: Apache-HttpClient/4.5.11 (Java/13.0.5)

15:21:59.963 [ForkJoinPool-2-worker-3] INFO  com.intuit.karate - [print] {
  "class": "metadata.Service",
  "electronicMailAddress": "[servicedesk-data@rijkswaterstaat.nl, servicedesk-data@rijkswaterstaat.nl, servicedesk-data@rijkswaterstaat.nl]",
  "metadataStandardVersion": "Nederlands metadata profiel op ISO 19119 voor services 2.0",
  "operatesOn": "http://www.nationaalgeoregister.nl/geonetwork/srv/dut/inspire?SERVICE=CSW&VERSION=2.0.2&REQUEST=GetRecordById&ID=tbjk534p-wubf-crbp-cj25-d4161160gfim&OUTPUTSCHEMA=http://www.isotc211.org/2005/gmd&ELEMENTSETNAME=full#MD_DataIdentification",
  "organisation": "Rijkswaterstaat",
  "serviceIdentifierCode": "tbjk534p-wubf-crbp-cj25-d41611f0gfim",
  "servicetype": "other",
  "title": "Kaderrichtlijn Mariene Strategie - Bevroren monitoringsdata WFS",
  "url": "https://marineprojects.openearth.nl/geoserver/ihm_krm/wfs?service=WFS&version=2.0.0&request=GetCapabilities"
}

15:21:59.964 [ForkJoinPool-2-worker-3] INFO  com.intuit.karate - [print] testing url:https://marineprojects.openearth.nl/geoserver/ihm_krm/wfs?service=WFS&version=2.0.0&request=GetCapabilities
15:21:59.968 [ForkJoinPool-2-worker-3] DEBUG com.intuit.karate - request:
1 > HEAD https://marineprojects.openearth.nl/geoserver/ihm_krm/wfs?service=WFS&version=2.0.0&request=GetCapabilities
1 > Accept-Encoding: gzip,deflate
1 > Connection: Keep-Alive
1 > Host: marineprojects.openearth.nl
1 > User-Agent: Apache-HttpClient/4.5.11 (Java/13.0.5)

15:21:59.975 [ForkJoinPool-2-worker-5] DEBUG com.intuit.karate - response time in milliseconds: 417.85
1 < 200
1 < Accept-ranges: bytes
1 < Connection: keep-alive
1 < Content-Type: application/atom+xml; charset=UTF-8
1 < Date: Mon, 26 Oct 2020 15:21:59 GMT
1 < Server: nginx
1 < Strict-Transport-Security: max-age=31536000; includeSubDomains
1 < Vary: Accept-Charset, Accept-Encoding, Accept-Language, Accept
1 < X-Content-Type-Options: nosniff
1 < X-Frame-Options: deny
1 < X-XSS-Protection: 1

15:21:59.975 [ForkJoinPool-2-worker-5] ERROR com.intuit.karate - assertion failed: path: $['Content-Length'][0], actual: null, expected: '#notnull', reason: actual json-path does not exist
15:21:59.975 [pool-4-thread-1] ERROR com.intuit.karate.Runner - <<error>> unable to write report file(s): java.io.FileNotFoundException: target/surefire-reports/tmp.junit17863174098671850733.Rijkswaterstaat.Menselijke-gezondheid-en-veiligheid----geluidbelasting-rijkswegen-2006--INSPIRE-geharmoniseerd-.download.Menselijke-gezondheid-en-veiligheid---geluidbelasting-rijkswegen-2006--INSPIRE-geharmoniseerd--ATOM.checkdownloadurl.json (File name too long)
---------------------------------------------------------
feature: tmp/junit17863174098671850733/Rijkswaterstaat/Menselijke-gezondheid-en-veiligheid----geluidbelasting-rijkswegen-2006--INSPIRE-geharmoniseerd-/download/Menselijke-gezondheid-en-veiligheid---geluidbelasting-rijkswegen-2006--INSPIRE-geharmoniseerd--ATOM/checkdownloadurl.feature
scenarios:  1 | passed:  0 | failed:  1 | time: 0.4258
---------------------------------------------------------
15:21:59.978 [ForkJoinPool-2-worker-5] INFO  com.intuit.karate - karate.env system property was:  
15:21:59.978 [ForkJoinPool-2-worker-5] INFO  com.intuit.karate - [print] {
  "class": "metadata.Service",
  "electronicMailAddress": "[servicedesk-data@rijkswaterstaat.nl, servicedesk-data@rijkswaterstaat.nl, servicedesk-data@rijkswaterstaat.nl]",
  "metadataStandardVersion": "Nederlands metadata profiel op ISO 19119 voor services 2.0",
  "operatesOn": "http://nationaalgeoregister.nl/geonetwork/srv/en/csw?service=csw&VERSION=2.0.2&REQUEST=GetRecordById&OUTPUTSCHEMA=http://www.isotc211.org/2005/gmd&ELEMENTSETNAME=full&ID=adn73c4a-ef03-4785-b7f6-942e86b385f5#MD_DataIdentification",
  "organisation": "Rijkswaterstaat",
  "serviceIdentifierCode": "adn573b0-bd3b-4d7b-a97d-e65841e6e0b3",
  "servicetype": "view",
  "title": "Bathymetrie Nederland - kust WMS",
  "url": "https://inspire.caris.nl/geoserver3/rws/wms?service=WMS&version=1.3.0&request=GetCapabilities"
}

15:21:59.979 [ForkJoinPool-2-worker-5] INFO  com.intuit.karate - [print] testing url:https://inspire.caris.nl/geoserver3/rws/wms?service=WMS&version=1.3.0&request=GetCapabilities
15:21:59.979 [ForkJoinPool-2-worker-5] DEBUG com.intuit.karate - request:
1 > HEAD https://inspire.caris.nl/geoserver3/rws/wms?service=WMS&version=1.3.0&request=GetCapabilities
1 > Accept-Encoding: gzip,deflate
1 > Connection: Keep-Alive
1 > Host: inspire.caris.nl
1 > User-Agent: Apache-HttpClient/4.5.11 (Java/13.0.5)

15:22:00.319 [ForkJoinPool-2-worker-7] DEBUG com.intuit.karate - response time in milliseconds: 356.03
1 < 200
1 < Cache-Control: max-age=0, must-revalidate
1 < Connection: keep-alive
1 < Content-Disposition: inline; filename=geoserver-GetCapabilities.application
1 < Content-Encoding: gzip
1 < Content-Type: application/xml
1 < Date: Mon, 26 Oct 2020 15:22:00 GMT
1 < Server: nginx
1 < X-Frame-Options: SAMEORIGIN

15:22:00.320 [ForkJoinPool-2-worker-7] ERROR com.intuit.karate - assertion failed: path: $['Content-Length'][0], actual: null, expected: '#notnull', reason: actual json-path does not exist
15:22:00.321 [pool-4-thread-3] INFO  com.intuit.karate.Runner - <<fail>> feature 312 of 367: tmp/junit17863174098671850733/Rijkswaterstaat/Bathymetrie-Nederland---kust/download/Bathymetrie-Nederland---kust-WCS/checkdownloadurl.feature
---------------------------------------------------------
feature: tmp/junit17863174098671850733/Rijkswaterstaat/Bathymetrie-Nederland---kust/download/Bathymetrie-Nederland---kust-WCS/checkdownloadurl.feature
report: target/surefire-reports/tmp.junit17863174098671850733.Rijkswaterstaat.Bathymetrie-Nederland---kust.download.Bathymetrie-Nederland---kust-WCS.checkdownloadurl.json
scenarios:  1 | passed:  0 | failed:  1 | time: 0.3583
---------------------------------------------------------
15:22:00.322 [ForkJoinPool-2-worker-5] DEBUG com.intuit.karate - response time in milliseconds: 339.93
1 < 200
1 < Cache-Control: max-age=0, must-revalidate
1 < Connection: keep-alive
1 < Content-Disposition: inline; filename=getcapabilities_1.3.0.xml
1 < Content-Encoding: gzip
1 < Content-Type: text/xml; charset=utf-8
1 < Date: Mon, 26 Oct 2020 15:22:00 GMT
1 < Server: nginx
1 < X-Frame-Options: SAMEORIGIN

15:22:00.322 [ForkJoinPool-2-worker-5] ERROR com.intuit.karate - assertion failed: path: $['Content-Length'][0], actual: null, expected: '#notnull', reason: actual json-path does not exist
15:22:00.323 [pool-4-thread-1] INFO  com.intuit.karate.Runner - <<fail>> feature 313 of 367: tmp/junit17863174098671850733/Rijkswaterstaat/Bathymetrie-Nederland---kust/view/Bathymetrie-Nederland---kust-WMS/checkViewUrl.feature
---------------------------------------------------------
feature: tmp/junit17863174098671850733/Rijkswaterstaat/Bathymetrie-Nederland---kust/view/Bathymetrie-Nederland---kust-WMS/checkViewUrl.feature
report: target/surefire-reports/tmp.junit17863174098671850733.Rijkswaterstaat.Bathymetrie-Nederland---kust.view.Bathymetrie-Nederland---kust-WMS.checkViewUrl.json
scenarios:  1 | passed:  0 | failed:  1 | time: 0.3444
---------------------------------------------------------
15:22:00.328 [ForkJoinPool-2-worker-5] INFO  com.intuit.karate - karate.env system property was:  
15:22:00.330 [ForkJoinPool-2-worker-7] INFO  com.intuit.karate - karate.env system property was:  
15:22:00.331 [ForkJoinPool-2-worker-7] INFO  com.intuit.karate - [print] {
  "class": "metadata.Service",
  "electronicMailAddress": "[servicedesk-data@rijkswaterstaat.nl, servicedesk-data@rijkswaterstaat.nl, info@wetransform.to]",
  "metadataStandardVersion": "Nederlands metadata profiel op ISO 19119 voor services 2.0",
  "operatesOn": "http://nationaalgeoregister.nl/geonetwork/srv/en/csw?service=csw&VERSION=2.0.2&REQUEST=GetRecordById&OUTPUTSCHEMA=http://www.isotc211.org/2005/gmd&ELEMENTSETNAME=full&ID=wt-83730-e750-485a-9c0c-39bf9be72cf8#MD_DataIdentification",
  "organisation": "Rijkswaterstaat",
  "serviceIdentifierCode": "wt-83730-e750-485a-9c0c-39bf9bm72cf8",
  "servicetype": "view",
  "title": "Menselijke gezondheid en veiligheid - geluidbelasting rijkswegen 2016 (INSPIRE geharmoniseerd) WMS",
  "url": "https://haleconnect.com/ows/services/org.292.42527b86-52a7-4b94-9f83-8e8a9e900f5a_wms?service=WMS&version=1.3.0&request=GetCapabilities"
}

15:22:00.332 [ForkJoinPool-2-worker-7] INFO  com.intuit.karate - [print] testing url:https://haleconnect.com/ows/services/org.292.42527b86-52a7-4b94-9f83-8e8a9e900f5a_wms?service=WMS&version=1.3.0&request=GetCapabilities
15:22:00.333 [ForkJoinPool-2-worker-7] DEBUG com.intuit.karate - request:
1 > HEAD https://haleconnect.com/ows/services/org.292.42527b86-52a7-4b94-9f83-8e8a9e900f5a_wms?service=WMS&version=1.3.0&request=GetCapabilities
1 > Accept-Encoding: gzip,deflate
1 > Connection: Keep-Alive
1 > Host: haleconnect.com
1 > User-Agent: Apache-HttpClient/4.5.11 (Java/13.0.5)

15:22:00.334 [ForkJoinPool-2-worker-5] INFO  com.intuit.karate - [print] {
  "class": "metadata.Service",
  "electronicMailAddress": "[servicedesk-data@rijkswaterstaat.nl, servicedesk-data@rijkswaterstaat.nl, info@wetransform.to]",
  "metadataStandardVersion": "Nederlands metadata profiel op ISO 19119 voor services 2.0",
  "operatesOn": "http://nationaalgeoregister.nl/geonetwork/srv/en/csw?service=csw&VERSION=2.0.2&REQUEST=GetRecordById&OUTPUTSCHEMA=http://www.isotc211.org/2005/gmd&ELEMENTSETNAME=full&ID=wt-83730-e750-485a-9c0c-39bf9be72cf8#MD_DataIdentification",
  "organisation": "Rijkswaterstaat",
  "serviceIdentifierCode": "wt-83730-e750-485a-9c0c-39bf9bt72cf8",
  "servicetype": "download",
  "title": "Menselijke gezondheid en veiligheid - geluidbelasting rijkswegen 2016 (INSPIRE geharmoniseerd) ATOM",
  "url": "https://haleconnect.com/services/bsp/org.292.504afbe6-0069-411b-b69b-2aae3728f735/service/atom/id_predefined_dataset"
}

15:22:00.337 [ForkJoinPool-2-worker-5] INFO  com.intuit.karate - [print] testing url:https://haleconnect.com/services/bsp/org.292.504afbe6-0069-411b-b69b-2aae3728f735/service/atom/id_predefined_dataset
15:22:00.338 [ForkJoinPool-2-worker-5] DEBUG com.intuit.karate - request:
1 > HEAD https://haleconnect.com/services/bsp/org.292.504afbe6-0069-411b-b69b-2aae3728f735/service/atom/id_predefined_dataset
1 > Accept-Encoding: gzip,deflate
1 > Connection: Keep-Alive
1 > Host: haleconnect.com
1 > User-Agent: Apache-HttpClient/4.5.11 (Java/13.0.5)

15:22:00.734 [ForkJoinPool-2-worker-7] DEBUG com.intuit.karate - response time in milliseconds: 401.16
1 < 200
1 < Cache-Control: no-cache, no-store
1 < Connection: keep-alive
1 < Content-Encoding: gzip
1 < Content-Type: text/xml;charset=UTF-8
1 < Date: Mon, 26 Oct 2020 15:22:00 GMT
1 < Server: nginx
1 < Strict-Transport-Security: max-age=31536000; includeSubDomains
1 < Vary: Accept-Encoding
1 < X-Content-Type-Options: nosniff
1 < X-Frame-Options: deny
1 < X-XSS-Protection: 1
1 < deegree-version: 3.4.13-kelvin-SNAPSHOT

15:22:00.737 [ForkJoinPool-2-worker-7] ERROR com.intuit.karate - assertion failed: path: $['Content-Length'][0], actual: null, expected: '#notnull', reason: actual json-path does not exist
15:22:00.739 [pool-4-thread-1] ERROR com.intuit.karate.Runner - <<error>> unable to write report file(s): java.io.FileNotFoundException: target/surefire-reports/tmp.junit17863174098671850733.Rijkswaterstaat.Menselijke-gezondheid-en-veiligheid---geluidbelasting-rijkswegen-2016--INSPIRE-geharmoniseerd-.view.Menselijke-gezondheid-en-veiligheid---geluidbelasting-rijkswegen-2016--INSPIRE-geharmoniseerd--WMS.checkViewUrl.json (File name too long)
---------------------------------------------------------
feature: tmp/junit17863174098671850733/Rijkswaterstaat/Menselijke-gezondheid-en-veiligheid---geluidbelasting-rijkswegen-2016--INSPIRE-geharmoniseerd-/view/Menselijke-gezondheid-en-veiligheid---geluidbelasting-rijkswegen-2016--INSPIRE-geharmoniseerd--WMS/checkViewUrl.feature
scenarios:  1 | passed:  0 | failed:  1 | time: 0.4046
---------------------------------------------------------
15:22:00.742 [ForkJoinPool-2-worker-5] DEBUG com.intuit.karate - response time in milliseconds: 403.32
1 < 200
1 < Accept-ranges: bytes
1 < Connection: keep-alive
1 < Content-Type: application/atom+xml; charset=UTF-8
1 < Date: Mon, 26 Oct 2020 15:22:00 GMT
1 < Server: nginx
1 < Strict-Transport-Security: max-age=31536000; includeSubDomains
1 < Vary: Accept-Charset, Accept-Encoding, Accept-Language, Accept
1 < X-Content-Type-Options: nosniff
1 < X-Frame-Options: deny
1 < X-XSS-Protection: 1

15:22:00.742 [ForkJoinPool-2-worker-5] ERROR com.intuit.karate - assertion failed: path: $['Content-Length'][0], actual: null, expected: '#notnull', reason: actual json-path does not exist
15:22:00.742 [pool-4-thread-3] ERROR com.intuit.karate.Runner - <<error>> unable to write report file(s): java.io.FileNotFoundException: target/surefire-reports/tmp.junit17863174098671850733.Rijkswaterstaat.Menselijke-gezondheid-en-veiligheid---geluidbelasting-rijkswegen-2016--INSPIRE-geharmoniseerd-.download.Menselijke-gezondheid-en-veiligheid---geluidbelasting-rijkswegen-2016--INSPIRE-geharmoniseerd--ATOM.checkdownloadurl.json (File name too long)
---------------------------------------------------------
feature: tmp/junit17863174098671850733/Rijkswaterstaat/Menselijke-gezondheid-en-veiligheid---geluidbelasting-rijkswegen-2016--INSPIRE-geharmoniseerd-/download/Menselijke-gezondheid-en-veiligheid---geluidbelasting-rijkswegen-2016--INSPIRE-geharmoniseerd--ATOM/checkdownloadurl.feature
scenarios:  1 | passed:  0 | failed:  1 | time: 0.4098
---------------------------------------------------------
15:22:00.747 [ForkJoinPool-2-worker-5] INFO  com.intuit.karate - karate.env system property was:  
15:22:00.751 [ForkJoinPool-2-worker-1] DEBUG com.intuit.karate - response time in milliseconds: 987.43
1 < 501
1 < Connection: close
1 < Content-Length: 22
1 < Content-Type: text/plain
1 < Set-Cookie: KVSELWOJ=0241be14c5-c502-43yDG574ZAhJhL8J1ROYx3bTlytnPU9Lo7dIrCLSBdbe-dzyzKyVxjE21j_tyChYGaaeg; path=/
1 < Strict-Transport-Security: max-age=31536000; includeSubDomains

15:22:00.752 [ForkJoinPool-2-worker-3] DEBUG com.intuit.karate - response time in milliseconds: 782.49
1 < 501
1 < Connection: close
1 < Content-Length: 22
1 < Content-Type: text/plain
1 < Set-Cookie: KVSELWOJ=0241be14c5-c502-431z6TqIA3x6lzDcZbSbnc1_CYJtLct7NulFpgbu2i64BQXhOuM5AWFeGvHcobLM_rSM8; path=/
1 < Strict-Transport-Security: max-age=31536000; includeSubDomains

15:22:00.755 [ForkJoinPool-2-worker-1] ERROR com.intuit.karate - status code was: 501, expected: 200, response time: 987, url: https://marineprojects.openearth.nl/geoserver/ihm_krm/wms?service=WMS&version=1.3.0&request=GetCapabilities, response: 
15:22:00.756 [pool-4-thread-4] INFO  com.intuit.karate.Runner - <<fail>> feature 310 of 367: tmp/junit17863174098671850733/Rijkswaterstaat/Kaderrichtlijn-Mariene-Strategie---Bevroren-monitoringsdata/view/Kaderrichtlijn-Mariene-Strategie---Bevroren-monitoringsdata-WMS/checkViewUrl.feature
---------------------------------------------------------
feature: tmp/junit17863174098671850733/Rijkswaterstaat/Kaderrichtlijn-Mariene-Strategie---Bevroren-monitoringsdata/view/Kaderrichtlijn-Mariene-Strategie---Bevroren-monitoringsdata-WMS/checkViewUrl.feature
report: target/surefire-reports/tmp.junit17863174098671850733.Rijkswaterstaat.Kaderrichtlijn-Mariene-Strategie---Bevroren-monitoringsdata.view.Kaderrichtlijn-Mariene-Strategie---Bevroren-monitoringsdata-WMS.checkViewUrl.json
scenarios:  1 | passed:  0 | failed:  1 | time: 0.9946
---------------------------------------------------------
15:22:00.757 [ForkJoinPool-2-worker-3] ERROR com.intuit.karate - status code was: 501, expected: 200, response time: 782, url: https://marineprojects.openearth.nl/geoserver/ihm_krm/wfs?service=WFS&version=2.0.0&request=GetCapabilities, response: 
15:22:00.758 [ForkJoinPool-2-worker-5] INFO  com.intuit.karate - [print] {
  "class": "metadata.Service",
  "electronicMailAddress": "[servicedesk-data@rijkswaterstaat.nl, servicedesk-data@rijkswaterstaat.nl, info@wetransform.to]",
  "metadataStandardVersion": "Nederlands metadata profiel op ISO 19119 voor services 2.0",
  "operatesOn": "http://nationaalgeoregister.nl/geonetwork/srv/en/csw?SERVICE=csw&VERSION=2.0.2&REQUEST=GetRecordById&ID=wt-83730-e750-485a-9c0c-39bf9be72cf8&OUTPUTSCHEMA=http://www.isotc211.org/2005/gmd&ELEMENTSETNAME=full#MD_DataIdentification",
  "organisation": "Rijkswaterstaat",
  "serviceIdentifierCode": "wt-83730-e750-485a-9c0c-39bf9bf72cf8",
  "servicetype": "other",
  "title": "Menselijke gezondheid en veiligheid - geluidbelasting rijkswegen 2016 (INSPIRE geharmoniseerd) WFS",
  "url": "https://haleconnect.com/ows/services/org.292.42527b86-52a7-4b94-9f83-8e8a9e900f5a_wfs?service=WFS&version=2.0.0&request=GetCapabilities"
}

15:22:00.754 [ForkJoinPool-2-worker-7] INFO  com.intuit.karate - karate.env system property was:  
15:22:00.758 [ForkJoinPool-2-worker-1] INFO  com.intuit.karate - karate.env system property was:  
15:22:00.759 [pool-4-thread-2] INFO  com.intuit.karate.Runner - <<fail>> feature 311 of 367: tmp/junit17863174098671850733/Rijkswaterstaat/Kaderrichtlijn-Mariene-Strategie---Bevroren-monitoringsdata/other/Kaderrichtlijn-Mariene-Strategie---Bevroren-monitoringsdata-WFS/checkOtherUrl.feature
---------------------------------------------------------
feature: tmp/junit17863174098671850733/Rijkswaterstaat/Kaderrichtlijn-Mariene-Strategie---Bevroren-monitoringsdata/other/Kaderrichtlijn-Mariene-Strategie---Bevroren-monitoringsdata-WFS/checkOtherUrl.feature
report: target/surefire-reports/tmp.junit17863174098671850733.Rijkswaterstaat.Kaderrichtlijn-Mariene-Strategie---Bevroren-monitoringsdata.other.Kaderrichtlijn-Mariene-Strategie---Bevroren-monitoringsdata-WFS.checkOtherUrl.json
scenarios:  1 | passed:  0 | failed:  1 | time: 0.7966
---------------------------------------------------------
15:22:00.761 [ForkJoinPool-2-worker-5] INFO  com.intuit.karate - [print] testing url:https://haleconnect.com/ows/services/org.292.42527b86-52a7-4b94-9f83-8e8a9e900f5a_wfs?service=WFS&version=2.0.0&request=GetCapabilities
15:22:00.761 [ForkJoinPool-2-worker-5] DEBUG com.intuit.karate - request:
1 > HEAD https://haleconnect.com/ows/services/org.292.42527b86-52a7-4b94-9f83-8e8a9e900f5a_wfs?service=WFS&version=2.0.0&request=GetCapabilities
1 > Accept-Encoding: gzip,deflate
1 > Connection: Keep-Alive
1 > Host: haleconnect.com
1 > User-Agent: Apache-HttpClient/4.5.11 (Java/13.0.5)

15:22:00.763 [ForkJoinPool-2-worker-7] INFO  com.intuit.karate - [print] {
  "class": "metadata.Service",
  "electronicMailAddress": "[info@dinoloket.nl, info@dinoloket.nl]",
  "metadataStandardVersion": "Nederlands metadata profiel op ISO 19119 voor services 2.0",
  "operatesOn": "http://nationaalgeoregister.nl/geonetwork/srv/dut/inspire?SERVICE=CSW&version=2.0.2&REQUEST=GetRecordById&ID=a7fb2234-f7b4-4a03-b282-f10947f42fb1&OUTPUTSCHEMA=http://www.isotc211.org/2005/gmd&ELEMENTSETNAME=full#MD_DataIdentification",
  "organisation": "TNO Geologische Dienst Nederland",
  "serviceIdentifierCode": "dd414384-0bcb-4188-86e2-2843e12a579e",
  "servicetype": "download",
  "title": "Kaart van de bodemopbouw in Nederland 1:50.000 onder INSPIRE , downloadservice",
  "url": "https://www.broinspireservices.nl/wfs/ossosgm-a-v1.0?request=GetCapabilities&service=WFS&version=2.0.0"
}

15:22:00.763 [ForkJoinPool-2-worker-7] INFO  com.intuit.karate - [print] testing url:https://www.broinspireservices.nl/wfs/ossosgm-a-v1.0?request=GetCapabilities&service=WFS&version=2.0.0
15:22:00.764 [ForkJoinPool-2-worker-7] DEBUG com.intuit.karate - request:
1 > HEAD https://www.broinspireservices.nl/wfs/ossosgm-a-v1.0?request=GetCapabilities&service=WFS&version=2.0.0
1 > Accept-Encoding: gzip,deflate
1 > Connection: Keep-Alive
1 > Host: www.broinspireservices.nl
1 > User-Agent: Apache-HttpClient/4.5.11 (Java/13.0.5)

15:22:00.762 [ForkJoinPool-2-worker-1] INFO  com.intuit.karate - [print] {
  "class": "metadata.Service",
  "electronicMailAddress": "[info@dinoloket.nl, geodesk.cgi@wur.nl]",
  "metadataStandardVersion": "Nederlands metadata profiel op ISO 19119 voor services 2.0",
  "operatesOn": "http://nationaalgeoregister.nl/geonetwork/srv/dut/inspire?SERVICE=CSW&version=2.0.2&REQUEST=GetRecordById&ID=a7fb2234-f7b4-4a03-b282-f10947f42fb1&OUTPUTSCHEMA=http://www.isotc211.org/2005/gmd&ELEMENTSETNAME=full#MD_DataIdentification",
  "organisation": "TNO Geologische Dienst Nederland",
  "serviceIdentifierCode": "7b4a0b26-5885-45cd-a99d-27887cff68e5",
  "servicetype": "view",
  "title": "Kaart van de bodemopbouw in Nederland 1:50.000 onder INSPIRE , viewservice",
  "url": "https://www.broinspireservices.nl/wms/ossosgm-a-v1.0?request=GetCapabilities"
}

15:22:00.763 [ForkJoinPool-2-worker-3] INFO  com.intuit.karate - karate.env system property was:  
15:22:00.764 [ForkJoinPool-2-worker-1] INFO  com.intuit.karate - [print] testing url:https://www.broinspireservices.nl/wms/ossosgm-a-v1.0?request=GetCapabilities
15:22:00.764 [ForkJoinPool-2-worker-1] DEBUG com.intuit.karate - request:
1 > HEAD https://www.broinspireservices.nl/wms/ossosgm-a-v1.0?request=GetCapabilities
1 > Accept-Encoding: gzip,deflate
1 > Connection: Keep-Alive
1 > Host: www.broinspireservices.nl
1 > User-Agent: Apache-HttpClient/4.5.11 (Java/13.0.5)

15:22:00.765 [ForkJoinPool-2-worker-3] INFO  com.intuit.karate - [print] {
  "class": "metadata.Service",
  "electronicMailAddress": "[info@dinoloket.nl, info@dinoloket.nl]",
  "metadataStandardVersion": "Nederlands metadata profiel op ISO 19119 voor services 2.0",
  "operatesOn": "http://nationaalgeoregister.nl/geonetwork/srv/dut/inspire?SERVICE=CSW&version=2.0.2&REQUEST=GetRecordById&ID=6c1cf452-8c62-4046-99ab-640a5e184f9c&OUTPUTSCHEMA=http://www.isotc211.org/2005/gmd&ELEMENTSETNAME=full#MD_DataIdentification",
  "organisation": "TNO Geologische Dienst Nederland",
  "serviceIdentifierCode": "68505be5-45c4-4889-a82a-125043bbdc44",
  "servicetype": "download",
  "title": "Geologisch booronderzoek onder INSPIRE, downloadservice",
  "url": "https://www.broinspireservices.nl/wfs/osgebor-a-v1.0?request=GetCapabilities&service=WFS&version=2.0.0"
}

15:22:00.765 [ForkJoinPool-2-worker-3] INFO  com.intuit.karate - [print] testing url:https://www.broinspireservices.nl/wfs/osgebor-a-v1.0?request=GetCapabilities&service=WFS&version=2.0.0
15:22:00.765 [ForkJoinPool-2-worker-3] DEBUG com.intuit.karate - request:
1 > HEAD https://www.broinspireservices.nl/wfs/osgebor-a-v1.0?request=GetCapabilities&service=WFS&version=2.0.0
1 > Accept-Encoding: gzip,deflate
1 > Connection: Keep-Alive
1 > Host: www.broinspireservices.nl
1 > User-Agent: Apache-HttpClient/4.5.11 (Java/13.0.5)

15:22:01.057 [ForkJoinPool-2-worker-7] DEBUG com.intuit.karate - response time in milliseconds: 293.26
1 < 200
1 < Connection: Keep-Alive
1 < Content-Length: 30526
1 < Content-Type: application/xml;charset=utf-8
1 < Date: Mon, 26 Oct 2020 15:22:01 GMT
1 < Keep-Alive: timeout=15, max=100
1 < Server: Apache-Coyote/1.1
1 < Strict-Transport-Security: max-age=31536000; includeSubDomains
1 < Via: 1.1 www.broinspireservices.nl
1 < X-Content-Type-Options: nosniff
1 < X-Frame-Options: SAMEORIGIN

15:22:01.061 [ForkJoinPool-2-worker-7] ERROR com.intuit.karate - assertion failed: path: $['Content-Type'][0], actual: 'application/xml;charset=utf-8', expected: 'text/xml', reason: not equal
15:22:01.062 [pool-4-thread-3] INFO  com.intuit.karate.Runner - <<fail>> feature 317 of 367: tmp/junit17863174098671850733/TNO-Geologische-Dienst-Nederland/Kaart-van-de-bodemopbouw-in-Nederland-1-50-000-onder-INSPIRE/download/Kaart-van-de-bodemopbouw-in-Nederland-1-50-000-onder-INSPIRE---downloadservice/checkdownloadurl.feature
---------------------------------------------------------
feature: tmp/junit17863174098671850733/TNO-Geologische-Dienst-Nederland/Kaart-van-de-bodemopbouw-in-Nederland-1-50-000-onder-INSPIRE/download/Kaart-van-de-bodemopbouw-in-Nederland-1-50-000-onder-INSPIRE---downloadservice/checkdownloadurl.feature
report: target/surefire-reports/tmp.junit17863174098671850733.TNO-Geologische-Dienst-Nederland.Kaart-van-de-bodemopbouw-in-Nederland-1-50-000-onder-INSPIRE.download.Kaart-van-de-bodemopbouw-in-Nederland-1-50-000-onder-INSPIRE---downloadservice.checkdownloadurl.json
scenarios:  1 | passed:  0 | failed:  1 | time: 0.2987
---------------------------------------------------------
15:22:01.065 [ForkJoinPool-2-worker-7] INFO  com.intuit.karate - karate.env system property was:  
15:22:01.066 [ForkJoinPool-2-worker-7] INFO  com.intuit.karate - [print] {
  "class": "metadata.Service",
  "electronicMailAddress": "[info@dinoloket.nl, info@dinoloket.nl]",
  "metadataStandardVersion": "Nederlands metadata profiel op ISO 19119 voor services 2.0",
  "operatesOn": "http://nationaalgeoregister.nl/geonetwork/srv/dut/inspire?SERVICE=CSW&version=2.0.2&REQUEST=GetRecordById&ID=6c1cf452-8c62-4046-99ab-640a5e184f9c&OUTPUTSCHEMA=http://www.isotc211.org/2005/gmd&ELEMENTSETNAME=full#MD_DataIdentification",
  "organisation": "TNO Geologische Dienst Nederland",
  "serviceIdentifierCode": "1a8d5470-8c5e-477a-ab6b-4893b6d21ab6",
  "servicetype": "view",
  "title": "Geologisch booronderzoek onder INSPIRE, viewservice",
  "url": "https://www.broinspireservices.nl/wms/osgebor-a-v1.0?request=GetCapabilities"
}

15:22:01.066 [ForkJoinPool-2-worker-7] INFO  com.intuit.karate - [print] testing url:https://www.broinspireservices.nl/wms/osgebor-a-v1.0?request=GetCapabilities
15:22:01.067 [ForkJoinPool-2-worker-7] DEBUG com.intuit.karate - request:
1 > HEAD https://www.broinspireservices.nl/wms/osgebor-a-v1.0?request=GetCapabilities
1 > Accept-Encoding: gzip,deflate
1 > Connection: Keep-Alive
1 > Host: www.broinspireservices.nl
1 > User-Agent: Apache-HttpClient/4.5.11 (Java/13.0.5)

15:22:01.139 [ForkJoinPool-2-worker-3] DEBUG com.intuit.karate - response time in milliseconds: 371.08
1 < 200
1 < Connection: Keep-Alive
1 < Content-Length: 31181
1 < Content-Type: application/xml;charset=utf-8
1 < Date: Mon, 26 Oct 2020 15:22:01 GMT
1 < Keep-Alive: timeout=15, max=100
1 < Server: Apache-Coyote/1.1
1 < Strict-Transport-Security: max-age=31536000; includeSubDomains
1 < Via: 1.1 www.broinspireservices.nl
1 < X-Content-Type-Options: nosniff
1 < X-Frame-Options: SAMEORIGIN

15:22:01.139 [ForkJoinPool-2-worker-3] ERROR com.intuit.karate - assertion failed: path: $['Content-Type'][0], actual: 'application/xml;charset=utf-8', expected: 'text/xml', reason: not equal
15:22:01.141 [pool-4-thread-2] INFO  com.intuit.karate.Runner - <<fail>> feature 319 of 367: tmp/junit17863174098671850733/TNO-Geologische-Dienst-Nederland/Geologisch-booronderzoek-onder-INSPIRE/download/Geologisch-booronderzoek-onder-INSPIRE--downloadservice/checkdownloadurl.feature
---------------------------------------------------------
feature: tmp/junit17863174098671850733/TNO-Geologische-Dienst-Nederland/Geologisch-booronderzoek-onder-INSPIRE/download/Geologisch-booronderzoek-onder-INSPIRE--downloadservice/checkdownloadurl.feature
report: target/surefire-reports/tmp.junit17863174098671850733.TNO-Geologische-Dienst-Nederland.Geologisch-booronderzoek-onder-INSPIRE.download.Geologisch-booronderzoek-onder-INSPIRE--downloadservice.checkdownloadurl.json
scenarios:  1 | passed:  0 | failed:  1 | time: 0.3753
---------------------------------------------------------
15:22:01.144 [ForkJoinPool-2-worker-3] INFO  com.intuit.karate - karate.env system property was:  
15:22:01.145 [ForkJoinPool-2-worker-3] INFO  com.intuit.karate - [print] {
  "class": "metadata.Service",
  "electronicMailAddress": "[info@dinoloket.nl, info@dinoloket.nl]",
  "metadataStandardVersion": "Nederlands metadata profiel op ISO 19119 voor services 2.0",
  "operatesOn": "http://nationaalgeoregister.nl/geonetwork/srv/dut/inspire?SERVICE=CSW&version=2.0.2&REQUEST=GetRecordById&ID=e3b0da1e-0664-4025-b3f5-a54d74a26450&OUTPUTSCHEMA=http://www.isotc211.org/2005/gmd&ELEMENTSETNAME=full#MD_DataIdentification",
  "organisation": "TNO Geologische Dienst Nederland",
  "serviceIdentifierCode": "73286af2-d0f4-4a62-9455-86ffa45ef279",
  "servicetype": "download",
  "title": "zoutvelden en zoutproductieputten onder INSPIRE, downloadservice",
  "url": "https://www.broinspireservices.nl/wfs/osmrspd-a-v1.0?request=GetCapabilities&service=WFS&version=2.0.0"
}

15:22:01.145 [ForkJoinPool-2-worker-3] INFO  com.intuit.karate - [print] testing url:https://www.broinspireservices.nl/wfs/osmrspd-a-v1.0?request=GetCapabilities&service=WFS&version=2.0.0
15:22:01.145 [ForkJoinPool-2-worker-3] DEBUG com.intuit.karate - request:
1 > HEAD https://www.broinspireservices.nl/wfs/osmrspd-a-v1.0?request=GetCapabilities&service=WFS&version=2.0.0
1 > Accept-Encoding: gzip,deflate
1 > Connection: Keep-Alive
1 > Host: www.broinspireservices.nl
1 > User-Agent: Apache-HttpClient/4.5.11 (Java/13.0.5)

15:22:01.146 [ForkJoinPool-2-worker-1] DEBUG com.intuit.karate - response time in milliseconds: 381.02
1 < 200
1 < Connection: Keep-Alive
1 < Content-Length: 13619
1 < Content-Type: application/xml;charset=utf-8
1 < Date: Mon, 26 Oct 2020 15:22:01 GMT
1 < Keep-Alive: timeout=15, max=100
1 < Server: Apache-Coyote/1.1
1 < Strict-Transport-Security: max-age=31536000; includeSubDomains
1 < Via: 1.1 www.broinspireservices.nl
1 < X-Content-Type-Options: nosniff
1 < X-Frame-Options: SAMEORIGIN

15:22:01.147 [pool-4-thread-4] INFO  com.intuit.karate.Runner - <<pass>> feature 318 of 367: tmp/junit17863174098671850733/TNO-Geologische-Dienst-Nederland/Kaart-van-de-bodemopbouw-in-Nederland-1-50-000-onder-INSPIRE/view/Kaart-van-de-bodemopbouw-in-Nederland-1-50-000-onder-INSPIRE---viewservice/checkViewUrl.feature
---------------------------------------------------------
feature: tmp/junit17863174098671850733/TNO-Geologische-Dienst-Nederland/Kaart-van-de-bodemopbouw-in-Nederland-1-50-000-onder-INSPIRE/view/Kaart-van-de-bodemopbouw-in-Nederland-1-50-000-onder-INSPIRE---viewservice/checkViewUrl.feature
report: target/surefire-reports/tmp.junit17863174098671850733.TNO-Geologische-Dienst-Nederland.Kaart-van-de-bodemopbouw-in-Nederland-1-50-000-onder-INSPIRE.view.Kaart-van-de-bodemopbouw-in-Nederland-1-50-000-onder-INSPIRE---viewservice.checkViewUrl.json
scenarios:  1 | passed:  1 | failed:  0 | time: 0.3843
---------------------------------------------------------
15:22:01.149 [ForkJoinPool-2-worker-1] INFO  com.intuit.karate - karate.env system property was:  
15:22:01.150 [ForkJoinPool-2-worker-1] INFO  com.intuit.karate - [print] {
  "class": "metadata.Service",
  "electronicMailAddress": "[info@dinoloket.nl, info@dinoloket.nl]",
  "metadataStandardVersion": "Nederlands metadata profiel op ISO 19119 voor services 2.0",
  "operatesOn": "http://nationaalgeoregister.nl/geonetwork/srv/dut/inspire?SERVICE=CSW&version=2.0.2&REQUEST=GetRecordById&ID=e3b0da1e-0664-4025-b3f5-a54d74a26450&OUTPUTSCHEMA=http://www.isotc211.org/2005/gmd&ELEMENTSETNAME=full#MD_DataIdentification",
  "organisation": "TNO Geologische Dienst Nederland",
  "serviceIdentifierCode": "e5ef707f-6458-4567-8d2c-d24fe88ab5e9",
  "servicetype": "view",
  "title": "zoutvelden en zoutproductieputten onder INSPIRE, viewservice",
  "url": "https://www.broinspireservices.nl/wms/osmrspd-a-v1.0?request=GetCapabilities"
}

15:22:01.150 [ForkJoinPool-2-worker-1] INFO  com.intuit.karate - [print] testing url:https://www.broinspireservices.nl/wms/osmrspd-a-v1.0?request=GetCapabilities
15:22:01.150 [ForkJoinPool-2-worker-1] DEBUG com.intuit.karate - request:
1 > HEAD https://www.broinspireservices.nl/wms/osmrspd-a-v1.0?request=GetCapabilities
1 > Accept-Encoding: gzip,deflate
1 > Connection: Keep-Alive
1 > Host: www.broinspireservices.nl
1 > User-Agent: Apache-HttpClient/4.5.11 (Java/13.0.5)

15:22:01.152 [ForkJoinPool-2-worker-5] DEBUG com.intuit.karate - response time in milliseconds: 389.45
1 < 200
1 < Cache-Control: no-cache, no-store
1 < Connection: keep-alive
1 < Content-Encoding: gzip
1 < Content-Type: text/xml;charset=UTF-8
1 < Date: Mon, 26 Oct 2020 15:22:01 GMT
1 < Server: nginx
1 < Strict-Transport-Security: max-age=31536000; includeSubDomains
1 < Vary: Accept-Encoding
1 < X-Content-Type-Options: nosniff
1 < X-Frame-Options: deny
1 < X-XSS-Protection: 1
1 < deegree-version: 3.4.13-kelvin-SNAPSHOT

15:22:01.153 [ForkJoinPool-2-worker-5] ERROR com.intuit.karate - assertion failed: path: $['Content-Length'][0], actual: null, expected: '#notnull', reason: actual json-path does not exist
15:22:01.153 [pool-4-thread-1] ERROR com.intuit.karate.Runner - <<error>> unable to write report file(s): java.io.FileNotFoundException: target/surefire-reports/tmp.junit17863174098671850733.Rijkswaterstaat.Menselijke-gezondheid-en-veiligheid---geluidbelasting-rijkswegen-2016--INSPIRE-geharmoniseerd-.other.Menselijke-gezondheid-en-veiligheid---geluidbelasting-rijkswegen-2016--INSPIRE-geharmoniseerd--WFS.checkOtherUrl.json (File name too long)
---------------------------------------------------------
feature: tmp/junit17863174098671850733/Rijkswaterstaat/Menselijke-gezondheid-en-veiligheid---geluidbelasting-rijkswegen-2016--INSPIRE-geharmoniseerd-/other/Menselijke-gezondheid-en-veiligheid---geluidbelasting-rijkswegen-2016--INSPIRE-geharmoniseerd--WFS/checkOtherUrl.feature
scenarios:  1 | passed:  0 | failed:  1 | time: 0.3975
---------------------------------------------------------
15:22:01.155 [ForkJoinPool-2-worker-5] INFO  com.intuit.karate - karate.env system property was:  
15:22:01.156 [ForkJoinPool-2-worker-5] INFO  com.intuit.karate - [print] {
  "class": "metadata.Service",
  "electronicMailAddress": "[info@dinoloket.nl, geodesk.cgi@wur.nl]",
  "metadataStandardVersion": "Nederlands metadata profiel op ISO 19119 voor services 2.0",
  "operatesOn": "http://nationaalgeoregister.nl/geonetwork/srv/dut/inspire?SERVICE=CSW&version=2.0.2&REQUEST=GetRecordById&ID=9dd9bf30-36e6-45ae-b368-bdef2720bdde&OUTPUTSCHEMA=http://www.isotc211.org/2005/gmd&ELEMENTSETNAME=full#MD_DataIdentification",
  "organisation": "TNO Geologische Dienst Nederland",
  "serviceIdentifierCode": "76342a6d-452e-4e21-b5c0-81ff7b1be90e",
  "servicetype": "download",
  "title": "Bodemkundig boormonsterprofiel onder INSPIRE, downloadservice",
  "url": "https://www.broinspireservices.nl/wfs/ossobor-a-v1.0?request=GetCapabilities&service=WFS&version=2.0.0"
}

15:22:01.156 [ForkJoinPool-2-worker-5] INFO  com.intuit.karate - [print] testing url:https://www.broinspireservices.nl/wfs/ossobor-a-v1.0?request=GetCapabilities&service=WFS&version=2.0.0
15:22:01.156 [ForkJoinPool-2-worker-5] DEBUG com.intuit.karate - request:
1 > HEAD https://www.broinspireservices.nl/wfs/ossobor-a-v1.0?request=GetCapabilities&service=WFS&version=2.0.0
1 > Accept-Encoding: gzip,deflate
1 > Connection: Keep-Alive
1 > Host: www.broinspireservices.nl
1 > User-Agent: Apache-HttpClient/4.5.11 (Java/13.0.5)

15:22:01.361 [ForkJoinPool-2-worker-7] DEBUG com.intuit.karate - response time in milliseconds: 294.07
1 < 200
1 < Connection: Keep-Alive
1 < Content-Length: 13841
1 < Content-Type: application/xml;charset=utf-8
1 < Date: Mon, 26 Oct 2020 15:22:01 GMT
1 < Keep-Alive: timeout=15, max=100
1 < Server: Apache-Coyote/1.1
1 < Strict-Transport-Security: max-age=31536000; includeSubDomains
1 < Via: 1.1 www.broinspireservices.nl
1 < X-Content-Type-Options: nosniff
1 < X-Frame-Options: SAMEORIGIN

15:22:01.363 [pool-4-thread-3] INFO  com.intuit.karate.Runner - <<pass>> feature 320 of 367: tmp/junit17863174098671850733/TNO-Geologische-Dienst-Nederland/Geologisch-booronderzoek-onder-INSPIRE/view/Geologisch-booronderzoek-onder-INSPIRE--viewservice/checkViewUrl.feature
---------------------------------------------------------
feature: tmp/junit17863174098671850733/TNO-Geologische-Dienst-Nederland/Geologisch-booronderzoek-onder-INSPIRE/view/Geologisch-booronderzoek-onder-INSPIRE--viewservice/checkViewUrl.feature
report: target/surefire-reports/tmp.junit17863174098671850733.TNO-Geologische-Dienst-Nederland.Geologisch-booronderzoek-onder-INSPIRE.view.Geologisch-booronderzoek-onder-INSPIRE--viewservice.checkViewUrl.json
scenarios:  1 | passed:  1 | failed:  0 | time: 0.2960
---------------------------------------------------------
15:22:01.365 [ForkJoinPool-2-worker-7] INFO  com.intuit.karate - karate.env system property was:  
15:22:01.366 [ForkJoinPool-2-worker-7] INFO  com.intuit.karate - [print] {
  "class": "metadata.Service",
  "electronicMailAddress": "[info@dinoloket.nl, geodesk.cgi@wur.nl]",
  "metadataStandardVersion": "Nederlands metadata profiel op ISO 19119 voor services 2.0",
  "operatesOn": "http://nationaalgeoregister.nl/geonetwork/srv/dut/inspire?SERVICE=CSW&version=2.0.2&REQUEST=GetRecordById&ID=9dd9bf30-36e6-45ae-b368-bdef2720bdde&OUTPUTSCHEMA=http://www.isotc211.org/2005/gmd&ELEMENTSETNAME=full#MD_DataIdentification",
  "organisation": "TNO Geologische Dienst Nederland",
  "serviceIdentifierCode": "dda53ebc-bee7-4765-8f1f-6ac59b0aec39",
  "servicetype": "view",
  "title": "Bodemkundig boormonsterprofiel onder INSPIRE, viewservice",
  "url": "https://www.broinspireservices.nl/wms/ossobor-a-v1.0?request=GetCapabilities"
}

15:22:01.366 [ForkJoinPool-2-worker-7] INFO  com.intuit.karate - [print] testing url:https://www.broinspireservices.nl/wms/ossobor-a-v1.0?request=GetCapabilities
15:22:01.367 [ForkJoinPool-2-worker-7] DEBUG com.intuit.karate - request:
1 > HEAD https://www.broinspireservices.nl/wms/ossobor-a-v1.0?request=GetCapabilities
1 > Accept-Encoding: gzip,deflate
1 > Connection: Keep-Alive
1 > Host: www.broinspireservices.nl
1 > User-Agent: Apache-HttpClient/4.5.11 (Java/13.0.5)

15:22:01.435 [ForkJoinPool-2-worker-3] DEBUG com.intuit.karate - response time in milliseconds: 289.97
1 < 200
1 < Connection: Keep-Alive
1 < Content-Length: 37418
1 < Content-Type: application/xml;charset=utf-8
1 < Date: Mon, 26 Oct 2020 15:22:01 GMT
1 < Keep-Alive: timeout=15, max=100
1 < Server: Apache-Coyote/1.1
1 < Strict-Transport-Security: max-age=31536000; includeSubDomains
1 < Via: 1.1 www.broinspireservices.nl
1 < X-Content-Type-Options: nosniff
1 < X-Frame-Options: SAMEORIGIN

15:22:01.436 [ForkJoinPool-2-worker-3] ERROR com.intuit.karate - assertion failed: path: $['Content-Type'][0], actual: 'application/xml;charset=utf-8', expected: 'text/xml', reason: not equal
15:22:01.437 [ForkJoinPool-2-worker-1] DEBUG com.intuit.karate - response time in milliseconds: 286.89
1 < 200
1 < Connection: Keep-Alive
1 < Content-Length: 16760
1 < Content-Type: application/xml;charset=utf-8
1 < Date: Mon, 26 Oct 2020 15:22:01 GMT
1 < Keep-Alive: timeout=15, max=100
1 < Server: Apache-Coyote/1.1
1 < Strict-Transport-Security: max-age=31536000; includeSubDomains
1 < Via: 1.1 www.broinspireservices.nl
1 < X-Content-Type-Options: nosniff
1 < X-Frame-Options: SAMEORIGIN

15:22:01.437 [pool-4-thread-2] INFO  com.intuit.karate.Runner - <<fail>> feature 321 of 367: tmp/junit17863174098671850733/TNO-Geologische-Dienst-Nederland/zoutvelden-en-zoutproductieputten-onder-INSPIRE/download/zoutvelden-en-zoutproductieputten-onder-INSPIRE--downloadservice/checkdownloadurl.feature
---------------------------------------------------------
feature: tmp/junit17863174098671850733/TNO-Geologische-Dienst-Nederland/zoutvelden-en-zoutproductieputten-onder-INSPIRE/download/zoutvelden-en-zoutproductieputten-onder-INSPIRE--downloadservice/checkdownloadurl.feature
report: target/surefire-reports/tmp.junit17863174098671850733.TNO-Geologische-Dienst-Nederland.zoutvelden-en-zoutproductieputten-onder-INSPIRE.download.zoutvelden-en-zoutproductieputten-onder-INSPIRE--downloadservice.checkdownloadurl.json
scenarios:  1 | passed:  0 | failed:  1 | time: 0.2920
---------------------------------------------------------
15:22:01.439 [pool-4-thread-4] INFO  com.intuit.karate.Runner - <<pass>> feature 322 of 367: tmp/junit17863174098671850733/TNO-Geologische-Dienst-Nederland/zoutvelden-en-zoutproductieputten-onder-INSPIRE/view/zoutvelden-en-zoutproductieputten-onder-INSPIRE--viewservice/checkViewUrl.feature
---------------------------------------------------------
feature: tmp/junit17863174098671850733/TNO-Geologische-Dienst-Nederland/zoutvelden-en-zoutproductieputten-onder-INSPIRE/view/zoutvelden-en-zoutproductieputten-onder-INSPIRE--viewservice/checkViewUrl.feature
report: target/surefire-reports/tmp.junit17863174098671850733.TNO-Geologische-Dienst-Nederland.zoutvelden-en-zoutproductieputten-onder-INSPIRE.view.zoutvelden-en-zoutproductieputten-onder-INSPIRE--viewservice.checkViewUrl.json
scenarios:  1 | passed:  1 | failed:  0 | time: 0.2885
---------------------------------------------------------
15:22:01.441 [ForkJoinPool-2-worker-3] INFO  com.intuit.karate - karate.env system property was:  
15:22:01.441 [ForkJoinPool-2-worker-1] INFO  com.intuit.karate - karate.env system property was:  
15:22:01.442 [ForkJoinPool-2-worker-1] INFO  com.intuit.karate - [print] {
  "class": "metadata.Service",
  "electronicMailAddress": "[info@dinoloket.nl, info@dinoloket.nl]",
  "metadataStandardVersion": "Nederlands metadata profiel op ISO 19119 voor services 2.0",
  "operatesOn": "http://nationaalgeoregister.nl/geonetwork/srv/dut/inspire?SERVICE=CSW&version=2.0.2&REQUEST=GetRecordById&ID=11a292bd-9022-4a9f-b1bf-02f5c89ad74a&OUTPUTSCHEMA=http://www.isotc211.org/2005/gmd&ELEMENTSETNAME=full#MD_DataIdentification",
  "organisation": "TNO Geologische Dienst Nederland",
  "serviceIdentifierCode": "b7880739-a701-4cc0-bb32-2bba61fa8924",
  "servicetype": "view",
  "title": "Totale potentie aardwarmte uit aquifers, INSPIRE, viewservice",
  "url": "https://www.broinspireservices.nl/arcgis/services/inspire/inspire_awp/MapServer/WMSServer?request=GetCapabilities&service=WMS"
}

15:22:01.442 [ForkJoinPool-2-worker-1] INFO  com.intuit.karate - [print] testing url:https://www.broinspireservices.nl/arcgis/services/inspire/inspire_awp/MapServer/WMSServer?request=GetCapabilities&service=WMS
15:22:01.443 [ForkJoinPool-2-worker-1] DEBUG com.intuit.karate - request:
1 > HEAD https://www.broinspireservices.nl/arcgis/services/inspire/inspire_awp/MapServer/WMSServer?request=GetCapabilities&service=WMS
1 > Accept-Encoding: gzip,deflate
1 > Connection: Keep-Alive
1 > Host: www.broinspireservices.nl
1 > User-Agent: Apache-HttpClient/4.5.11 (Java/13.0.5)

15:22:01.443 [ForkJoinPool-2-worker-3] INFO  com.intuit.karate - [print] {
  "class": "metadata.Service",
  "electronicMailAddress": "[info@dinoloket.nl, info@dinoloket.nl]",
  "metadataStandardVersion": "Nederlands metadata profiel op ISO 19119 voor services 2.0",
  "operatesOn": "http://nationaalgeoregister.nl/geonetwork/srv/dut/inspire?SERVICE=CSW&version=2.0.2&REQUEST=GetRecordById&ID=11a292bd-9022-4a9f-b1bf-02f5c89ad74a&OUTPUTSCHEMA=http://www.isotc211.org/2005/gmd&ELEMENTSETNAME=full#MD_DataIdentification",
  "organisation": "TNO Geologische Dienst Nederland",
  "serviceIdentifierCode": "f5660ac6-8031-4acc-832c-1d1b82b062ba",
  "servicetype": "download",
  "title": "Totale potentie aardwarmte uit aquifers, INSPIRE downloadservice",
  "url": "https://www.broinspireservices.nl/atom/services.atom"
}

15:22:01.443 [ForkJoinPool-2-worker-3] INFO  com.intuit.karate - [print] testing url:https://www.broinspireservices.nl/atom/services.atom
15:22:01.449 [ForkJoinPool-2-worker-5] DEBUG com.intuit.karate - response time in milliseconds: 292.20
1 < 200
1 < Connection: Keep-Alive
1 < Content-Length: 33003
1 < Content-Type: application/xml;charset=utf-8
1 < Date: Mon, 26 Oct 2020 15:22:01 GMT
1 < Keep-Alive: timeout=15, max=100
1 < Server: Apache-Coyote/1.1
1 < Strict-Transport-Security: max-age=31536000; includeSubDomains
1 < Via: 1.1 www.broinspireservices.nl
1 < X-Content-Type-Options: nosniff
1 < X-Frame-Options: SAMEORIGIN

15:22:01.453 [ForkJoinPool-2-worker-5] ERROR com.intuit.karate - assertion failed: path: $['Content-Type'][0], actual: 'application/xml;charset=utf-8', expected: 'text/xml', reason: not equal
15:22:01.454 [pool-4-thread-1] INFO  com.intuit.karate.Runner - <<fail>> feature 323 of 367: tmp/junit17863174098671850733/TNO-Geologische-Dienst-Nederland/Bodemkundig-boormonsterprofiel-onder-INSPIRE/download/Bodemkundig-boormonsterprofiel-onder-INSPIRE--downloadservice/checkdownloadurl.feature
---------------------------------------------------------
feature: tmp/junit17863174098671850733/TNO-Geologische-Dienst-Nederland/Bodemkundig-boormonsterprofiel-onder-INSPIRE/download/Bodemkundig-boormonsterprofiel-onder-INSPIRE--downloadservice/checkdownloadurl.feature
report: target/surefire-reports/tmp.junit17863174098671850733.TNO-Geologische-Dienst-Nederland.Bodemkundig-boormonsterprofiel-onder-INSPIRE.download.Bodemkundig-boormonsterprofiel-onder-INSPIRE--downloadservice.checkdownloadurl.json
scenarios:  1 | passed:  0 | failed:  1 | time: 0.2974
---------------------------------------------------------
15:22:01.456 [ForkJoinPool-2-worker-5] INFO  com.intuit.karate - karate.env system property was:  
15:22:01.456 [ForkJoinPool-2-worker-5] INFO  com.intuit.karate - [print] {
  "class": "metadata.Service",
  "electronicMailAddress": "[info@dinoloket.nl, info@dinoloket.nl]",
  "metadataStandardVersion": "Nederlands metadata profiel op ISO 19119 voor services 2.0",
  "operatesOn": "http://nationaalgeoregister.nl/geonetwork/srv/dut/inspire?SERVICE=CSW&version=2.0.2&REQUEST=GetRecordById&ID=f99e915a-75e5-4c36-97f2-61eff692d85b&OUTPUTSCHEMA=http://www.isotc211.org/2005/gmd&ELEMENTSETNAME=full#MD_DataIdentification",
  "organisation": "TNO Geologische Dienst Nederland",
  "serviceIdentifierCode": "a299a4af-ccd8-4d32-b1fb-ffab77b32e0e",
  "servicetype": "download",
  "title": "Grondwateronderzoek onder INSPIRE, downloadservice",
  "url": "https://www.broinspireservices.nl/wfs/osgegmw-a-v1.0?request=GetCapabilities&service=WFS&version=2.0.0"
}

15:22:01.457 [ForkJoinPool-2-worker-5] INFO  com.intuit.karate - [print] testing url:https://www.broinspireservices.nl/wfs/osgegmw-a-v1.0?request=GetCapabilities&service=WFS&version=2.0.0
15:22:01.457 [ForkJoinPool-2-worker-5] DEBUG com.intuit.karate - request:
1 > HEAD https://www.broinspireservices.nl/wfs/osgegmw-a-v1.0?request=GetCapabilities&service=WFS&version=2.0.0
1 > Accept-Encoding: gzip,deflate
1 > Connection: Keep-Alive
1 > Host: www.broinspireservices.nl
1 > User-Agent: Apache-HttpClient/4.5.11 (Java/13.0.5)

15:22:01.444 [ForkJoinPool-2-worker-3] DEBUG com.intuit.karate - request:
1 > HEAD https://www.broinspireservices.nl/atom/services.atom
1 > Accept-Encoding: gzip,deflate
1 > Connection: Keep-Alive
1 > Host: www.broinspireservices.nl
1 > User-Agent: Apache-HttpClient/4.5.11 (Java/13.0.5)

15:22:01.664 [ForkJoinPool-2-worker-7] DEBUG com.intuit.karate - response time in milliseconds: 297.23
1 < 200
1 < Connection: Keep-Alive
1 < Content-Length: 13220
1 < Content-Type: application/xml;charset=utf-8
1 < Date: Mon, 26 Oct 2020 15:22:01 GMT
1 < Keep-Alive: timeout=15, max=100
1 < Server: Apache-Coyote/1.1
1 < Strict-Transport-Security: max-age=31536000; includeSubDomains
1 < Via: 1.1 www.broinspireservices.nl
1 < X-Content-Type-Options: nosniff
1 < X-Frame-Options: SAMEORIGIN

15:22:01.666 [pool-4-thread-3] INFO  com.intuit.karate.Runner - <<pass>> feature 324 of 367: tmp/junit17863174098671850733/TNO-Geologische-Dienst-Nederland/Bodemkundig-boormonsterprofiel-onder-INSPIRE/view/Bodemkundig-boormonsterprofiel-onder-INSPIRE--viewservice/checkViewUrl.feature
---------------------------------------------------------
feature: tmp/junit17863174098671850733/TNO-Geologische-Dienst-Nederland/Bodemkundig-boormonsterprofiel-onder-INSPIRE/view/Bodemkundig-boormonsterprofiel-onder-INSPIRE--viewservice/checkViewUrl.feature
report: target/surefire-reports/tmp.junit17863174098671850733.TNO-Geologische-Dienst-Nederland.Bodemkundig-boormonsterprofiel-onder-INSPIRE.view.Bodemkundig-boormonsterprofiel-onder-INSPIRE--viewservice.checkViewUrl.json
scenarios:  1 | passed:  1 | failed:  0 | time: 0.2993
---------------------------------------------------------
15:22:01.669 [ForkJoinPool-2-worker-7] INFO  com.intuit.karate - karate.env system property was:  
15:22:01.670 [ForkJoinPool-2-worker-7] INFO  com.intuit.karate - [print] {
  "class": "metadata.Service",
  "electronicMailAddress": "[info@dinoloket.nl, info@dinoloket.nl]",
  "metadataStandardVersion": "Nederlands metadata profiel op ISO 19119 voor services 2.0",
  "operatesOn": "http://nationaalgeoregister.nl/geonetwork/srv/dut/inspire?SERVICE=CSW&version=2.0.2&REQUEST=GetRecordById&ID=f99e915a-75e5-4c36-97f2-61eff692d85b&OUTPUTSCHEMA=http://www.isotc211.org/2005/gmd&ELEMENTSETNAME=full#MD_DataIdentification",
  "organisation": "TNO Geologische Dienst Nederland",
  "serviceIdentifierCode": "d796fd8d-b1e0-465c-a55b-1e9fe885fc3d",
  "servicetype": "view",
  "title": "Grondwateronderzoek onder INSPIRE, viewservice",
  "url": "https://www.broinspireservices.nl/wms/osgegmw-a-v1.0?request=GetCapabilities"
}

15:22:01.670 [ForkJoinPool-2-worker-7] INFO  com.intuit.karate - [print] testing url:https://www.broinspireservices.nl/wms/osgegmw-a-v1.0?request=GetCapabilities
15:22:01.670 [ForkJoinPool-2-worker-7] DEBUG com.intuit.karate - request:
1 > HEAD https://www.broinspireservices.nl/wms/osgegmw-a-v1.0?request=GetCapabilities
1 > Accept-Encoding: gzip,deflate
1 > Connection: Keep-Alive
1 > Host: www.broinspireservices.nl
1 > User-Agent: Apache-HttpClient/4.5.11 (Java/13.0.5)

15:22:01.744 [ForkJoinPool-2-worker-3] DEBUG com.intuit.karate - response time in milliseconds: 286.01
1 < 200
1 < Accept-Ranges: bytes
1 < Connection: Keep-Alive
1 < Content-Length: 7500
1 < Content-Type: application/atom+xml
1 < Date: Mon, 26 Oct 2020 15:22:01 GMT
1 < ETag: W/"7500-1457430976000"
1 < Keep-Alive: timeout=15, max=100
1 < Last-Modified: Tue, 08 Mar 2016 09:56:16 GMT
1 < Server: Apache-Coyote/1.1
1 < Strict-Transport-Security: max-age=31536000; includeSubDomains
1 < Via: 1.1 www.broinspireservices.nl
1 < X-Content-Type-Options: nosniff
1 < X-Frame-Options: SAMEORIGIN

15:22:01.745 [ForkJoinPool-2-worker-3] ERROR com.intuit.karate - assertion failed: path: $['Content-Type'][0], actual: 'application/atom+xml', expected: 'text/xml', reason: not equal
15:22:01.746 [pool-4-thread-2] INFO  com.intuit.karate.Runner - <<fail>> feature 325 of 367: tmp/junit17863174098671850733/TNO-Geologische-Dienst-Nederland/Totale-potentie-aardwarmte-uit-aquifers--INSPIRE/download/Totale-potentie-aardwarmte-uit-aquifers--INSPIRE-downloadservice/checkdownloadurl.feature
---------------------------------------------------------
feature: tmp/junit17863174098671850733/TNO-Geologische-Dienst-Nederland/Totale-potentie-aardwarmte-uit-aquifers--INSPIRE/download/Totale-potentie-aardwarmte-uit-aquifers--INSPIRE-downloadservice/checkdownloadurl.feature
report: target/surefire-reports/tmp.junit17863174098671850733.TNO-Geologische-Dienst-Nederland.Totale-potentie-aardwarmte-uit-aquifers--INSPIRE.download.Totale-potentie-aardwarmte-uit-aquifers--INSPIRE-downloadservice.checkdownloadurl.json
scenarios:  1 | passed:  0 | failed:  1 | time: 0.3023
---------------------------------------------------------
15:22:01.749 [ForkJoinPool-2-worker-1] DEBUG com.intuit.karate - response time in milliseconds: 305.93
1 < 400
1 < Connection: close
1 < Content-Type: text/html;charset=UTF-8
1 < Date: Mon, 26 Oct 2020 15:22:01 GMT
1 < Server: 
1 < Strict-Transport-Security: max-age=31536000; includeSubDomains
1 < Transfer-Encoding: chunked
1 < Via: 1.1 www.broinspireservices.nl
1 < X-Content-Type-Options: nosniff
1 < X-Frame-Options: SAMEORIGIN

15:22:01.749 [ForkJoinPool-2-worker-1] ERROR com.intuit.karate - status code was: 400, expected: 200, response time: 306, url: https://www.broinspireservices.nl/arcgis/services/inspire/inspire_awp/MapServer/WMSServer?request=GetCapabilities&service=WMS, response: 
15:22:01.750 [pool-4-thread-4] INFO  com.intuit.karate.Runner - <<fail>> feature 326 of 367: tmp/junit17863174098671850733/TNO-Geologische-Dienst-Nederland/Totale-potentie-aardwarmte-uit-aquifers--INSPIRE/view/Totale-potentie-aardwarmte-uit-aquifers--INSPIRE--viewservice/checkViewUrl.feature
---------------------------------------------------------
feature: tmp/junit17863174098671850733/TNO-Geologische-Dienst-Nederland/Totale-potentie-aardwarmte-uit-aquifers--INSPIRE/view/Totale-potentie-aardwarmte-uit-aquifers--INSPIRE--viewservice/checkViewUrl.feature
report: target/surefire-reports/tmp.junit17863174098671850733.TNO-Geologische-Dienst-Nederland.Totale-potentie-aardwarmte-uit-aquifers--INSPIRE.view.Totale-potentie-aardwarmte-uit-aquifers--INSPIRE--viewservice.checkViewUrl.json
scenarios:  1 | passed:  0 | failed:  1 | time: 0.3077
---------------------------------------------------------
15:22:01.752 [ForkJoinPool-2-worker-1] INFO  com.intuit.karate - karate.env system property was:  
15:22:01.753 [ForkJoinPool-2-worker-1] INFO  com.intuit.karate - [print] {
  "class": "metadata.Service",
  "electronicMailAddress": "[info@dinoloket.nl, info@dinoloket.nl]",
  "metadataStandardVersion": "Nederlands metadata profiel op ISO 19119 voor services 2.0",
  "operatesOn": "http://nationaalgeoregister.nl/geonetwork/srv/dut/inspire?SERVICE=CSW&version=2.0.2&REQUEST=GetRecordById&ID=6050578f-0010-4bfa-b013-c8617b80ba62&OUTPUTSCHEMA=http://www.isotc211.org/2005/gmd&ELEMENTSETNAME=full#MD_DataIdentification",
  "organisation": "TNO Geologische Dienst Nederland",
  "serviceIdentifierCode": "664862cb-d426-4ee4-97ac-14c12b903b54",
  "servicetype": "view",
  "title": "Grondwatersamenstellinggegevens KRW meetronde 2012 onder INSPIRE, viewservice",
  "url": "https://www.broinspireservices.nl/wms/oshhgqm-a-v1.0?request=GetCapabilities"
}

15:22:01.753 [ForkJoinPool-2-worker-1] INFO  com.intuit.karate - [print] testing url:https://www.broinspireservices.nl/wms/oshhgqm-a-v1.0?request=GetCapabilities
15:22:01.754 [ForkJoinPool-2-worker-1] DEBUG com.intuit.karate - request:
1 > HEAD https://www.broinspireservices.nl/wms/oshhgqm-a-v1.0?request=GetCapabilities
1 > Accept-Encoding: gzip,deflate
1 > Connection: Keep-Alive
1 > Host: www.broinspireservices.nl
1 > User-Agent: Apache-HttpClient/4.5.11 (Java/13.0.5)

15:22:01.754 [ForkJoinPool-2-worker-3] INFO  com.intuit.karate - karate.env system property was:  
15:22:01.755 [ForkJoinPool-2-worker-3] INFO  com.intuit.karate - [print] {
  "class": "metadata.Service",
  "electronicMailAddress": "[info@dinoloket.nl, info@dinoloket.nl]",
  "metadataStandardVersion": "Nederlands metadata profiel op ISO 19119 voor services 2.0",
  "operatesOn": "http://nationaalgeoregister.nl/geonetwork/srv/dut/inspire?SERVICE=CSW&version=2.0.2&REQUEST=GetRecordById&ID=6050578f-0010-4bfa-b013-c8617b80ba62&OUTPUTSCHEMA=http://www.isotc211.org/2005/gmd&ELEMENTSETNAME=full#MD_DataIdentification",
  "organisation": "TNO Geologische Dienst Nederland",
  "serviceIdentifierCode": "5471a93b-cf18-43f5-9ddb-71987857435d",
  "servicetype": "download",
  "title": "Grondwatersamenstellinggegevens KRW meetronde 2012 onder INSPIRE, downloadservice",
  "url": "https://www.broinspireservices.nl/wfs/oshhgqm-a-v1.0?request=GetCapabilities&service=WFS&version=2.0.0"
}

15:22:01.755 [ForkJoinPool-2-worker-3] INFO  com.intuit.karate - [print] testing url:https://www.broinspireservices.nl/wfs/oshhgqm-a-v1.0?request=GetCapabilities&service=WFS&version=2.0.0
15:22:01.757 [ForkJoinPool-2-worker-3] DEBUG com.intuit.karate - request:
1 > HEAD https://www.broinspireservices.nl/wfs/oshhgqm-a-v1.0?request=GetCapabilities&service=WFS&version=2.0.0
1 > Accept-Encoding: gzip,deflate
1 > Connection: Keep-Alive
1 > Host: www.broinspireservices.nl
1 > User-Agent: Apache-HttpClient/4.5.11 (Java/13.0.5)

15:22:01.758 [ForkJoinPool-2-worker-5] DEBUG com.intuit.karate - response time in milliseconds: 300.67
1 < 200
1 < Connection: Keep-Alive
1 < Content-Length: 31344
1 < Content-Type: application/xml;charset=utf-8
1 < Date: Mon, 26 Oct 2020 15:22:01 GMT
1 < Keep-Alive: timeout=15, max=100
1 < Server: Apache-Coyote/1.1
1 < Strict-Transport-Security: max-age=31536000; includeSubDomains
1 < Via: 1.1 www.broinspireservices.nl
1 < X-Content-Type-Options: nosniff
1 < X-Frame-Options: SAMEORIGIN

15:22:01.758 [ForkJoinPool-2-worker-5] ERROR com.intuit.karate - assertion failed: path: $['Content-Type'][0], actual: 'application/xml;charset=utf-8', expected: 'text/xml', reason: not equal
15:22:01.759 [pool-4-thread-1] INFO  com.intuit.karate.Runner - <<fail>> feature 327 of 367: tmp/junit17863174098671850733/TNO-Geologische-Dienst-Nederland/Grondwateronderzoek-onder-INSPIRE/download/Grondwateronderzoek-onder-INSPIRE--downloadservice/checkdownloadurl.feature
---------------------------------------------------------
feature: tmp/junit17863174098671850733/TNO-Geologische-Dienst-Nederland/Grondwateronderzoek-onder-INSPIRE/download/Grondwateronderzoek-onder-INSPIRE--downloadservice/checkdownloadurl.feature
report: target/surefire-reports/tmp.junit17863174098671850733.TNO-Geologische-Dienst-Nederland.Grondwateronderzoek-onder-INSPIRE.download.Grondwateronderzoek-onder-INSPIRE--downloadservice.checkdownloadurl.json
scenarios:  1 | passed:  0 | failed:  1 | time: 0.3024
---------------------------------------------------------
15:22:01.761 [ForkJoinPool-2-worker-5] INFO  com.intuit.karate - karate.env system property was:  
15:22:01.762 [ForkJoinPool-2-worker-5] INFO  com.intuit.karate - [print] {
  "class": "metadata.Service",
  "electronicMailAddress": "[info@dinoloket.nl, info@dinoloket.nl]",
  "metadataStandardVersion": "Nederlands metadata profiel op ISO 19119 voor services 2.0",
  "operatesOn": "http://nationaalgeoregister.nl/geonetwork/srv/dut/inspire?SERVICE=CSW&version=2.0.2&REQUEST=GetRecordById&ID=80630ee7-3a15-4ea0-bdc0-a8aebfa2f204&OUTPUTSCHEMA=http://www.isotc211.org/2005/gmd&ELEMENTSETNAME=full#MD_DataIdentification",
  "organisation": "TNO Geologische Dienst Nederland",
  "serviceIdentifierCode": "77971fa3-f869-4726-969a-482e0b1a8c5d",
  "servicetype": "download",
  "title": "Oppervlaktegeologie, Geologische kaart onder INSPIRE, downloadservice",
  "url": "https://www.broinspireservices.nl/wfs/osgegsm-a-v1.0?request=GetCapabilities&service=WFS&version=2.0.0"
}

15:22:01.762 [ForkJoinPool-2-worker-5] INFO  com.intuit.karate - [print] testing url:https://www.broinspireservices.nl/wfs/osgegsm-a-v1.0?request=GetCapabilities&service=WFS&version=2.0.0
15:22:01.763 [ForkJoinPool-2-worker-5] DEBUG com.intuit.karate - request:
1 > HEAD https://www.broinspireservices.nl/wfs/osgegsm-a-v1.0?request=GetCapabilities&service=WFS&version=2.0.0
1 > Accept-Encoding: gzip,deflate
1 > Connection: Keep-Alive
1 > Host: www.broinspireservices.nl
1 > User-Agent: Apache-HttpClient/4.5.11 (Java/13.0.5)

15:22:01.967 [ForkJoinPool-2-worker-7] DEBUG com.intuit.karate - response time in milliseconds: 296.23
1 < 200
1 < Connection: Keep-Alive
1 < Content-Length: 13874
1 < Content-Type: application/xml;charset=utf-8
1 < Date: Mon, 26 Oct 2020 15:22:01 GMT
1 < Keep-Alive: timeout=15, max=100
1 < Server: Apache-Coyote/1.1
1 < Strict-Transport-Security: max-age=31536000; includeSubDomains
1 < Via: 1.1 www.broinspireservices.nl
1 < X-Content-Type-Options: nosniff
1 < X-Frame-Options: SAMEORIGIN

15:22:01.969 [pool-4-thread-3] INFO  com.intuit.karate.Runner - <<pass>> feature 328 of 367: tmp/junit17863174098671850733/TNO-Geologische-Dienst-Nederland/Grondwateronderzoek-onder-INSPIRE/view/Grondwateronderzoek-onder-INSPIRE--viewservice/checkViewUrl.feature
---------------------------------------------------------
feature: tmp/junit17863174098671850733/TNO-Geologische-Dienst-Nederland/Grondwateronderzoek-onder-INSPIRE/view/Grondwateronderzoek-onder-INSPIRE--viewservice/checkViewUrl.feature
report: target/surefire-reports/tmp.junit17863174098671850733.TNO-Geologische-Dienst-Nederland.Grondwateronderzoek-onder-INSPIRE.view.Grondwateronderzoek-onder-INSPIRE--viewservice.checkViewUrl.json
scenarios:  1 | passed:  1 | failed:  0 | time: 0.2981
---------------------------------------------------------
15:22:01.972 [ForkJoinPool-2-worker-7] INFO  com.intuit.karate - karate.env system property was:  
15:22:01.973 [ForkJoinPool-2-worker-7] INFO  com.intuit.karate - [print] {
  "class": "metadata.Service",
  "electronicMailAddress": "[info@dinoloket.nl, info@dinoloket.nl]",
  "metadataStandardVersion": "Nederlands metadata profiel op ISO 19119 voor services 2.0",
  "operatesOn": "http://nationaalgeoregister.nl/geonetwork/srv/dut/inspire?SERVICE=CSW&version=2.0.2&REQUEST=GetRecordById&ID=80630ee7-3a15-4ea0-bdc0-a8aebfa2f204&OUTPUTSCHEMA=http://www.isotc211.org/2005/gmd&ELEMENTSETNAME=full#MD_DataIdentification",
  "organisation": "TNO Geologische Dienst Nederland",
  "serviceIdentifierCode": "2dd6c9df-bb47-40eb-af39-2d17f09b9bb9",
  "servicetype": "view",
  "title": "Oppervlaktegeologie, Geologische kaart onder INSPIRE, viewservice",
  "url": "https://www.broinspireservices.nl/wms/osgegsm-a-v1.0?request=GetCapabilities"
}

15:22:01.973 [ForkJoinPool-2-worker-7] INFO  com.intuit.karate - [print] testing url:https://www.broinspireservices.nl/wms/osgegsm-a-v1.0?request=GetCapabilities
15:22:01.974 [ForkJoinPool-2-worker-7] DEBUG com.intuit.karate - request:
1 > HEAD https://www.broinspireservices.nl/wms/osgegsm-a-v1.0?request=GetCapabilities
1 > Accept-Encoding: gzip,deflate
1 > Connection: Keep-Alive
1 > Host: www.broinspireservices.nl
1 > User-Agent: Apache-HttpClient/4.5.11 (Java/13.0.5)

15:22:02.046 [ForkJoinPool-2-worker-1] DEBUG com.intuit.karate - response time in milliseconds: 292.53
1 < 200
1 < Connection: Keep-Alive
1 < Content-Length: 15393
1 < Content-Type: application/xml;charset=utf-8
1 < Date: Mon, 26 Oct 2020 15:22:01 GMT
1 < Keep-Alive: timeout=15, max=100
1 < Server: Apache-Coyote/1.1
1 < Strict-Transport-Security: max-age=31536000; includeSubDomains
1 < Via: 1.1 www.broinspireservices.nl
1 < X-Content-Type-Options: nosniff
1 < X-Frame-Options: SAMEORIGIN

15:22:02.048 [pool-4-thread-4] INFO  com.intuit.karate.Runner - <<pass>> feature 330 of 367: tmp/junit17863174098671850733/TNO-Geologische-Dienst-Nederland/Grondwatersamenstellinggegevens-KRW-meetronde-2012-onder-INSPIRE/view/Grondwatersamenstellinggegevens-KRW-meetronde-2012-onder-INSPIRE--viewservice/checkViewUrl.feature
---------------------------------------------------------
feature: tmp/junit17863174098671850733/TNO-Geologische-Dienst-Nederland/Grondwatersamenstellinggegevens-KRW-meetronde-2012-onder-INSPIRE/view/Grondwatersamenstellinggegevens-KRW-meetronde-2012-onder-INSPIRE--viewservice/checkViewUrl.feature
report: target/surefire-reports/tmp.junit17863174098671850733.TNO-Geologische-Dienst-Nederland.Grondwatersamenstellinggegevens-KRW-meetronde-2012-onder-INSPIRE.view.Grondwatersamenstellinggegevens-KRW-meetronde-2012-onder-INSPIRE--viewservice.checkViewUrl.json
scenarios:  1 | passed:  1 | failed:  0 | time: 0.2944
---------------------------------------------------------
15:22:02.051 [ForkJoinPool-2-worker-1] INFO  com.intuit.karate - karate.env system property was:  
15:22:02.052 [ForkJoinPool-2-worker-1] INFO  com.intuit.karate - [print] {
  "class": "metadata.Service",
  "electronicMailAddress": "[info@dinoloket.nl, info@dinoloket.nl]",
  "metadataStandardVersion": "Nederlands metadata profiel op ISO 19119 voor services 2.1.0",
  "operatesOn": "http://nationaalgeoregister.nl/geonetwork/srv/dut/inspire?SERVICE=CSW&version=2.0.2&REQUEST=GetRecordById&ID=b61a773c-ecad-4e60-93e9-0a4caac0b52f&OUTPUTSCHEMA=http://www.isotc211.org/2005/gmd&ELEMENTSETNAME=full#MD_DataIdentification",
  "organisation": "TNO Geologische Dienst Nederland",
  "serviceIdentifierCode": "fa3ecd49-4571-4eb3-84f3-2865f42934b2",
  "servicetype": "download",
  "title": "Olie- en gasvelden onder INSPIRE, downloadservice",
  "url": "https://www.broinspireservices.nl/wfs/oserhca-a-v1.0?request=GetCapabilities&service=WFS&version=2.0.0"
}

15:22:02.052 [ForkJoinPool-2-worker-1] INFO  com.intuit.karate - [print] testing url:https://www.broinspireservices.nl/wfs/oserhca-a-v1.0?request=GetCapabilities&service=WFS&version=2.0.0
15:22:02.052 [ForkJoinPool-2-worker-1] DEBUG com.intuit.karate - request:
1 > HEAD https://www.broinspireservices.nl/wfs/oserhca-a-v1.0?request=GetCapabilities&service=WFS&version=2.0.0
1 > Accept-Encoding: gzip,deflate
1 > Connection: Keep-Alive
1 > Host: www.broinspireservices.nl
1 > User-Agent: Apache-HttpClient/4.5.11 (Java/13.0.5)

15:22:02.105 [ForkJoinPool-2-worker-5] DEBUG com.intuit.karate - response time in milliseconds: 341.72
1 < 200
1 < Connection: Keep-Alive
1 < Content-Length: 30524
1 < Content-Type: application/xml;charset=utf-8
1 < Date: Mon, 26 Oct 2020 15:22:02 GMT
1 < Keep-Alive: timeout=15, max=100
1 < Server: Apache-Coyote/1.1
1 < Strict-Transport-Security: max-age=31536000; includeSubDomains
1 < Via: 1.1 www.broinspireservices.nl
1 < X-Content-Type-Options: nosniff
1 < X-Frame-Options: SAMEORIGIN

15:22:02.105 [ForkJoinPool-2-worker-5] ERROR com.intuit.karate - assertion failed: path: $['Content-Type'][0], actual: 'application/xml;charset=utf-8', expected: 'text/xml', reason: not equal
15:22:02.107 [pool-4-thread-1] INFO  com.intuit.karate.Runner - <<fail>> feature 331 of 367: tmp/junit17863174098671850733/TNO-Geologische-Dienst-Nederland/Oppervlaktegeologie--Geologische-kaart-onder-INSPIRE/download/Oppervlaktegeologie--Geologische-kaart-onder-INSPIRE--downloadservice/checkdownloadurl.feature
---------------------------------------------------------
feature: tmp/junit17863174098671850733/TNO-Geologische-Dienst-Nederland/Oppervlaktegeologie--Geologische-kaart-onder-INSPIRE/download/Oppervlaktegeologie--Geologische-kaart-onder-INSPIRE--downloadservice/checkdownloadurl.feature
report: target/surefire-reports/tmp.junit17863174098671850733.TNO-Geologische-Dienst-Nederland.Oppervlaktegeologie--Geologische-kaart-onder-INSPIRE.download.Oppervlaktegeologie--Geologische-kaart-onder-INSPIRE--downloadservice.checkdownloadurl.json
scenarios:  1 | passed:  0 | failed:  1 | time: 0.3438
---------------------------------------------------------
15:22:02.108 [ForkJoinPool-2-worker-3] DEBUG com.intuit.karate - response time in milliseconds: 351.33
1 < 200
1 < Connection: Keep-Alive
1 < Content-Length: 31719
1 < Content-Type: application/xml;charset=utf-8
1 < Date: Mon, 26 Oct 2020 15:22:02 GMT
1 < Keep-Alive: timeout=15, max=100
1 < Server: Apache-Coyote/1.1
1 < Strict-Transport-Security: max-age=31536000; includeSubDomains
1 < Via: 1.1 www.broinspireservices.nl
1 < X-Content-Type-Options: nosniff
1 < X-Frame-Options: SAMEORIGIN

15:22:02.109 [ForkJoinPool-2-worker-3] ERROR com.intuit.karate - assertion failed: path: $['Content-Type'][0], actual: 'application/xml;charset=utf-8', expected: 'text/xml', reason: not equal
15:22:02.111 [ForkJoinPool-2-worker-3] INFO  com.intuit.karate - karate.env system property was:  
15:22:02.111 [ForkJoinPool-2-worker-3] INFO  com.intuit.karate - [print] {
  "class": "metadata.Service",
  "electronicMailAddress": "[info@dinoloket.nl, info@dinoloket.nl]",
  "metadataStandardVersion": "Nederlands metadata profiel op ISO 19119 voor services 2.1.0",
  "operatesOn": "http://nationaalgeoregister.nl/geonetwork/srv/dut/inspire?SERVICE=CSW&version=2.0.2&REQUEST=GetRecordById&ID=b61a773c-ecad-4e60-93e9-0a4caac0b52f&OUTPUTSCHEMA=http://www.isotc211.org/2005/gmd&ELEMENTSETNAME=full#MD_DataIdentification",
  "organisation": "TNO Geologische Dienst Nederland",
  "serviceIdentifierCode": "82fa284e-8218-40e4-a593-c2f8a832c3d5",
  "servicetype": "view",
  "title": "Olie- en gasvelden onder INSPIRE, viewservice",
  "url": "https://www.broinspireservices.nl/wms/oserhca-a-v1.0?request=GetCapabilities"
}

15:22:02.112 [ForkJoinPool-2-worker-3] INFO  com.intuit.karate - [print] testing url:https://www.broinspireservices.nl/wms/oserhca-a-v1.0?request=GetCapabilities
15:22:02.114 [pool-4-thread-2] INFO  com.intuit.karate.Runner - <<fail>> feature 329 of 367: tmp/junit17863174098671850733/TNO-Geologische-Dienst-Nederland/Grondwatersamenstellinggegevens-KRW-meetronde-2012-onder-INSPIRE/download/Grondwatersamenstellinggegevens-KRW-meetronde-2012-onder-INSPIRE--downloadservice/checkdownloadurl.feature
---------------------------------------------------------
feature: tmp/junit17863174098671850733/TNO-Geologische-Dienst-Nederland/Grondwatersamenstellinggegevens-KRW-meetronde-2012-onder-INSPIRE/download/Grondwatersamenstellinggegevens-KRW-meetronde-2012-onder-INSPIRE--downloadservice/checkdownloadurl.feature
report: target/surefire-reports/tmp.junit17863174098671850733.TNO-Geologische-Dienst-Nederland.Grondwatersamenstellinggegevens-KRW-meetronde-2012-onder-INSPIRE.download.Grondwatersamenstellinggegevens-KRW-meetronde-2012-onder-INSPIRE--downloadservice.checkdownloadurl.json
scenarios:  1 | passed:  0 | failed:  1 | time: 0.3541
---------------------------------------------------------
15:22:02.117 [ForkJoinPool-2-worker-5] INFO  com.intuit.karate - karate.env system property was:  
15:22:02.117 [ForkJoinPool-2-worker-5] INFO  com.intuit.karate - [print] {
  "class": "metadata.Service",
  "electronicMailAddress": "[beheerPDOK@kadaster.nl, beheerPDOK@kadaster.nl]",
  "metadataStandardVersion": "Nederlands metadata profiel op ISO 19119 voor services 2.0",
  "operatesOn": "https://nationaalgeoregister.nl/geonetwork/srv/dut/csw?service=CSW&version=2.0.2&request=GetRecordById&outputschema=http://www.isotc211.org/2005/gmd&elementsetname=full&id=eu-2c7040b-c448-451b-bf15-f2416ecaadd1#MD_DataIdentification",
  "organisation": "Beheer PDOK",
  "serviceIdentifierCode": "a84f9836-9111-4e45-a311-3dab39019e15",
  "servicetype": "download",
  "title": "Vervoersnetwerken Waterwegen RWS (INSPIRE geharmoniseerd) WFS",
  "url": "https://geodata.nationaalgeoregister.nl/nl/rws/tn-w/wfs?request=GetCapabilities"
}

15:22:02.118 [ForkJoinPool-2-worker-5] INFO  com.intuit.karate - [print] testing url:https://geodata.nationaalgeoregister.nl/nl/rws/tn-w/wfs?request=GetCapabilities
15:22:02.118 [ForkJoinPool-2-worker-5] DEBUG com.intuit.karate - request:
1 > HEAD https://geodata.nationaalgeoregister.nl/nl/rws/tn-w/wfs?request=GetCapabilities
1 > Accept-Encoding: gzip,deflate
1 > Connection: Keep-Alive
1 > Host: geodata.nationaalgeoregister.nl
1 > User-Agent: Apache-HttpClient/4.5.11 (Java/13.0.5)

15:22:02.120 [ForkJoinPool-2-worker-3] DEBUG com.intuit.karate - request:
1 > HEAD https://www.broinspireservices.nl/wms/oserhca-a-v1.0?request=GetCapabilities
1 > Accept-Encoding: gzip,deflate
1 > Connection: Keep-Alive
1 > Host: www.broinspireservices.nl
1 > User-Agent: Apache-HttpClient/4.5.11 (Java/13.0.5)

15:22:02.267 [ForkJoinPool-2-worker-7] DEBUG com.intuit.karate - response time in milliseconds: 293.13
1 < 200
1 < Connection: Keep-Alive
1 < Content-Length: 14578
1 < Content-Type: application/xml;charset=utf-8
1 < Date: Mon, 26 Oct 2020 15:22:02 GMT
1 < Keep-Alive: timeout=15, max=100
1 < Server: Apache-Coyote/1.1
1 < Strict-Transport-Security: max-age=31536000; includeSubDomains
1 < Via: 1.1 www.broinspireservices.nl
1 < X-Content-Type-Options: nosniff
1 < X-Frame-Options: SAMEORIGIN

15:22:02.269 [pool-4-thread-3] INFO  com.intuit.karate.Runner - <<pass>> feature 332 of 367: tmp/junit17863174098671850733/TNO-Geologische-Dienst-Nederland/Oppervlaktegeologie--Geologische-kaart-onder-INSPIRE/view/Oppervlaktegeologie--Geologische-kaart-onder-INSPIRE--viewservice/checkViewUrl.feature
---------------------------------------------------------
feature: tmp/junit17863174098671850733/TNO-Geologische-Dienst-Nederland/Oppervlaktegeologie--Geologische-kaart-onder-INSPIRE/view/Oppervlaktegeologie--Geologische-kaart-onder-INSPIRE--viewservice/checkViewUrl.feature
report: target/surefire-reports/tmp.junit17863174098671850733.TNO-Geologische-Dienst-Nederland.Oppervlaktegeologie--Geologische-kaart-onder-INSPIRE.view.Oppervlaktegeologie--Geologische-kaart-onder-INSPIRE--viewservice.checkViewUrl.json
scenarios:  1 | passed:  1 | failed:  0 | time: 0.2952
---------------------------------------------------------
15:22:02.273 [ForkJoinPool-2-worker-7] INFO  com.intuit.karate - karate.env system property was:  
15:22:02.274 [ForkJoinPool-2-worker-7] INFO  com.intuit.karate - [print] {
  "class": "metadata.Service",
  "electronicMailAddress": "[servicedesk-data@rijkswaterstaat.nl, servicedesk-data@rijkswaterstaat.nl, info@wetransform.to]",
  "metadataStandardVersion": "Nederlands metadata profiel op ISO 19119 voor services 2.0",
  "operatesOn": "http://nationaalgeoregister.nl/geonetwork/srv/en/csw?service=csw&VERSION=2.0.2&REQUEST=GetRecordById&OUTPUTSCHEMA=http://www.isotc211.org/2005/gmd&ELEMENTSETNAME=full&ID=eu-2c7040b-c448-451b-bf15-f2416ecaadd1#MD_DataIdentification",
  "organisation": "Rijkswaterstaat",
  "serviceIdentifierCode": "tn-2c7040b-c448-451b-bf15-f2416etaadd1",
  "servicetype": "download",
  "title": "Vervoersnetwerken - Waterwegen (INSPIRE geharmoniseerd) - WT ATOM",
  "url": "https://haleconnect.com/services/bsp/org.292.2885ef73-e044-4da4-b9b6-8a461a5353aa/service/atom/id_predefined_dataset"
}

15:22:02.274 [ForkJoinPool-2-worker-7] INFO  com.intuit.karate - [print] testing url:https://haleconnect.com/services/bsp/org.292.2885ef73-e044-4da4-b9b6-8a461a5353aa/service/atom/id_predefined_dataset
15:22:02.274 [ForkJoinPool-2-worker-7] DEBUG com.intuit.karate - request:
1 > HEAD https://haleconnect.com/services/bsp/org.292.2885ef73-e044-4da4-b9b6-8a461a5353aa/service/atom/id_predefined_dataset
1 > Accept-Encoding: gzip,deflate
1 > Connection: Keep-Alive
1 > Host: haleconnect.com
1 > User-Agent: Apache-HttpClient/4.5.11 (Java/13.0.5)

15:22:02.344 [ForkJoinPool-2-worker-1] DEBUG com.intuit.karate - response time in milliseconds: 291.27
1 < 200
1 < Connection: Keep-Alive
1 < Content-Length: 31273
1 < Content-Type: application/xml;charset=utf-8
1 < Date: Mon, 26 Oct 2020 15:22:02 GMT
1 < Keep-Alive: timeout=15, max=100
1 < Server: Apache-Coyote/1.1
1 < Strict-Transport-Security: max-age=31536000; includeSubDomains
1 < Via: 1.1 www.broinspireservices.nl
1 < X-Content-Type-Options: nosniff
1 < X-Frame-Options: SAMEORIGIN

15:22:02.344 [ForkJoinPool-2-worker-1] ERROR com.intuit.karate - assertion failed: path: $['Content-Type'][0], actual: 'application/xml;charset=utf-8', expected: 'text/xml', reason: not equal
15:22:02.345 [pool-4-thread-4] INFO  com.intuit.karate.Runner - <<fail>> feature 333 of 367: tmp/junit17863174098671850733/TNO-Geologische-Dienst-Nederland/Olie--en-gasvelden-onder-INSPIRE/download/Olie--en-gasvelden-onder-INSPIRE--downloadservice/checkdownloadurl.feature
---------------------------------------------------------
feature: tmp/junit17863174098671850733/TNO-Geologische-Dienst-Nederland/Olie--en-gasvelden-onder-INSPIRE/download/Olie--en-gasvelden-onder-INSPIRE--downloadservice/checkdownloadurl.feature
report: target/surefire-reports/tmp.junit17863174098671850733.TNO-Geologische-Dienst-Nederland.Olie--en-gasvelden-onder-INSPIRE.download.Olie--en-gasvelden-onder-INSPIRE--downloadservice.checkdownloadurl.json
scenarios:  1 | passed:  0 | failed:  1 | time: 0.2931
---------------------------------------------------------
15:22:02.348 [ForkJoinPool-2-worker-1] INFO  com.intuit.karate - karate.env system property was:  
15:22:02.349 [ForkJoinPool-2-worker-1] INFO  com.intuit.karate - [print] {
  "class": "metadata.Service",
  "electronicMailAddress": "[beheerPDOK@kadaster.nl, beheerPDOK@kadaster.nl]",
  "metadataStandardVersion": "Nederlands metadata profiel op ISO 19119 voor services 2.0",
  "operatesOn": "https://nationaalgeoregister.nl/geonetwork/srv/dut/csw?service=CSW&version=2.0.2&request=GetRecordById&outputschema=http://www.isotc211.org/2005/gmd&elementsetname=full&id=eu-2c7040b-c448-451b-bf15-f2416ecaadd1#MD_DataIdentification",
  "organisation": "Beheer PDOK",
  "serviceIdentifierCode": "627b50bf-2e33-4beb-a314-ff8c0fe8912e",
  "servicetype": "view",
  "title": "Vervoersnetwerken Waterwegen RWS (INSPIRE geharmoniseerd) WMS",
  "url": "https://geodata.nationaalgeoregister.nl/nl/rws/tn-w/wms?request=GetCapabilities"
}

15:22:02.351 [ForkJoinPool-2-worker-1] INFO  com.intuit.karate - [print] testing url:https://geodata.nationaalgeoregister.nl/nl/rws/tn-w/wms?request=GetCapabilities
15:22:02.351 [ForkJoinPool-2-worker-1] DEBUG com.intuit.karate - request:
1 > HEAD https://geodata.nationaalgeoregister.nl/nl/rws/tn-w/wms?request=GetCapabilities
1 > Accept-Encoding: gzip,deflate
1 > Connection: Keep-Alive
1 > Host: geodata.nationaalgeoregister.nl
1 > User-Agent: Apache-HttpClient/4.5.11 (Java/13.0.5)

15:22:02.411 [ForkJoinPool-2-worker-3] DEBUG com.intuit.karate - response time in milliseconds: 290.88
1 < 200
1 < Connection: Keep-Alive
1 < Content-Length: 13714
1 < Content-Type: application/xml;charset=utf-8
1 < Date: Mon, 26 Oct 2020 15:22:02 GMT
1 < Keep-Alive: timeout=15, max=100
1 < Server: Apache-Coyote/1.1
1 < Strict-Transport-Security: max-age=31536000; includeSubDomains
1 < Via: 1.1 www.broinspireservices.nl
1 < X-Content-Type-Options: nosniff
1 < X-Frame-Options: SAMEORIGIN

15:22:02.413 [pool-4-thread-1] INFO  com.intuit.karate.Runner - <<pass>> feature 334 of 367: tmp/junit17863174098671850733/TNO-Geologische-Dienst-Nederland/Olie--en-gasvelden-onder-INSPIRE/view/Olie--en-gasvelden-onder-INSPIRE--viewservice/checkViewUrl.feature
---------------------------------------------------------
feature: tmp/junit17863174098671850733/TNO-Geologische-Dienst-Nederland/Olie--en-gasvelden-onder-INSPIRE/view/Olie--en-gasvelden-onder-INSPIRE--viewservice/checkViewUrl.feature
report: target/surefire-reports/tmp.junit17863174098671850733.TNO-Geologische-Dienst-Nederland.Olie--en-gasvelden-onder-INSPIRE.view.Olie--en-gasvelden-onder-INSPIRE--viewservice.checkViewUrl.json
scenarios:  1 | passed:  1 | failed:  0 | time: 0.3004
---------------------------------------------------------
15:22:02.416 [ForkJoinPool-2-worker-3] INFO  com.intuit.karate - karate.env system property was:  
15:22:02.417 [ForkJoinPool-2-worker-3] INFO  com.intuit.karate - [print] {
  "class": "metadata.Service",
  "electronicMailAddress": "[servicedesk-data@rijkswaterstaat.nl, servicedesk-data@rijkswaterstaat.nl, info@wetransform.to]",
  "metadataStandardVersion": "Nederlands metadata profiel op ISO 19119 voor services 2.0",
  "operatesOn": "http://nationaalgeoregister.nl/geonetwork/srv/en/csw?service=csw&VERSION=2.0.2&REQUEST=GetRecordById&OUTPUTSCHEMA=http://www.isotc211.org/2005/gmd&ELEMENTSETNAME=full&ID=eu-2c7040b-c448-451b-bf15-f2416ecaadd1#MD_DataIdentification",
  "organisation": "Rijkswaterstaat",
  "serviceIdentifierCode": "tn-2c7040b-c448-451b-bf15-f2416emaadd1",
  "servicetype": "view",
  "title": "Vervoersnetwerken - Waterwegen (INSPIRE geharmoniseerd) - WT WMS",
  "url": "https://haleconnect.com/ows/services/org.292.2885ef73-e044-4da4-b9b6-8a461a5353aa_wms?service=WMS&version=1.3.0&request=GetCapabilities"
}

15:22:02.417 [ForkJoinPool-2-worker-3] INFO  com.intuit.karate - [print] testing url:https://haleconnect.com/ows/services/org.292.2885ef73-e044-4da4-b9b6-8a461a5353aa_wms?service=WMS&version=1.3.0&request=GetCapabilities
15:22:02.418 [ForkJoinPool-2-worker-3] DEBUG com.intuit.karate - request:
1 > HEAD https://haleconnect.com/ows/services/org.292.2885ef73-e044-4da4-b9b6-8a461a5353aa_wms?service=WMS&version=1.3.0&request=GetCapabilities
1 > Accept-Encoding: gzip,deflate
1 > Connection: Keep-Alive
1 > Host: haleconnect.com
1 > User-Agent: Apache-HttpClient/4.5.11 (Java/13.0.5)

15:22:02.512 [ForkJoinPool-2-worker-5] DEBUG com.intuit.karate - response time in milliseconds: 394.08
1 < 200
1 < Accept-Ranges: bytes
1 < Access-Control-Allow-Headers: SOAPAction,X-Requested-With,Content-Type,Origin,Authorization,Accept
1 < Access-Control-Allow-Methods: POST, GET, OPTIONS, HEAD
1 < Access-Control-Allow-Origin: *
1 < Access-Control-Max-Age: 1000
1 < Content-Type: application/xml
1 < Date: Mon, 26 Oct 2020 15:22:02 GMT
1 < ETag: "19397-5af58a6558dff-gzip"
1 < Last-Modified: Tue, 15 Sep 2020 11:42:46 GMT
1 < Vary: Accept-Encoding
1 < X-Cnection: [close, close]

15:22:02.525 [ForkJoinPool-2-worker-5] ERROR com.intuit.karate - assertion failed: path: $['Content-Length'][0], actual: null, expected: '#notnull', reason: actual json-path does not exist
15:22:02.525 [pool-4-thread-2] ERROR com.intuit.karate.Runner - <<error>> unable to write report file(s): java.io.FileNotFoundException: target/surefire-reports/tmp.junit17863174098671850733.Beheer-PDOK--Rijkswaterstaat--Rijkswaterstaat--Rijkswaterstaat--Beheer-PDOK.Vervoersnetwerken---Waterwegen--INSPIRE-geharmoniseerd----WT.download.Vervoersnetwerken-Waterwegen-RWS--INSPIRE-geharmoniseerd--WFS.checkdownloadurl.json (File name too long)
---------------------------------------------------------
feature: tmp/junit17863174098671850733/Beheer-PDOK--Rijkswaterstaat--Rijkswaterstaat--Rijkswaterstaat--Beheer-PDOK/Vervoersnetwerken---Waterwegen--INSPIRE-geharmoniseerd----WT/download/Vervoersnetwerken-Waterwegen-RWS--INSPIRE-geharmoniseerd--WFS/checkdownloadurl.feature
scenarios:  1 | passed:  0 | failed:  1 | time: 0.4075
---------------------------------------------------------
15:22:02.531 [ForkJoinPool-2-worker-5] INFO  com.intuit.karate - karate.env system property was:  
15:22:02.532 [ForkJoinPool-2-worker-5] INFO  com.intuit.karate - [print] {
  "class": "metadata.Service",
  "electronicMailAddress": "[servicedesk-data@rijkswaterstaat.nl, servicedesk-data@rijkswaterstaat.nl, info@wetransform.to]",
  "metadataStandardVersion": "Nederlands metadata profiel op ISO 19119 voor services 2.0",
  "operatesOn": "http://nationaalgeoregister.nl/geonetwork/srv/en/csw?service=csw&VERSION=2.0.2&REQUEST=GetRecordById&OUTPUTSCHEMA=http://www.isotc211.org/2005/gmd&ELEMENTSETNAME=full&ID=eu-2c7040b-c448-451b-bf15-f2416ecaadd1#MD_DataIdentification",
  "organisation": "Rijkswaterstaat",
  "serviceIdentifierCode": "tn-2c7040b-c448-451b-bf15-f2416efaadd1",
  "servicetype": "other",
  "title": "Vervoersnetwerken - Waterwegen (INSPIRE geharmoniseerd) - WT WFS",
  "url": "https://haleconnect.com/ows/services/org.292.2885ef73-e044-4da4-b9b6-8a461a5353aa_wfs?service=WFS&version=2.0.0&request=GetCapabilities"
}

15:22:02.532 [ForkJoinPool-2-worker-5] INFO  com.intuit.karate - [print] testing url:https://haleconnect.com/ows/services/org.292.2885ef73-e044-4da4-b9b6-8a461a5353aa_wfs?service=WFS&version=2.0.0&request=GetCapabilities
15:22:02.532 [ForkJoinPool-2-worker-5] DEBUG com.intuit.karate - request:
1 > HEAD https://haleconnect.com/ows/services/org.292.2885ef73-e044-4da4-b9b6-8a461a5353aa_wfs?service=WFS&version=2.0.0&request=GetCapabilities
1 > Accept-Encoding: gzip,deflate
1 > Connection: Keep-Alive
1 > Host: haleconnect.com
1 > User-Agent: Apache-HttpClient/4.5.11 (Java/13.0.5)

15:22:02.688 [ForkJoinPool-2-worker-7] DEBUG com.intuit.karate - response time in milliseconds: 413.56
1 < 200
1 < Accept-ranges: bytes
1 < Connection: keep-alive
1 < Content-Type: application/atom+xml; charset=UTF-8
1 < Date: Mon, 26 Oct 2020 15:22:02 GMT
1 < Server: nginx
1 < Strict-Transport-Security: max-age=31536000; includeSubDomains
1 < Vary: Accept-Charset, Accept-Encoding, Accept-Language, Accept
1 < X-Content-Type-Options: nosniff
1 < X-Frame-Options: deny
1 < X-XSS-Protection: 1

15:22:02.689 [ForkJoinPool-2-worker-7] ERROR com.intuit.karate - assertion failed: path: $['Content-Length'][0], actual: null, expected: '#notnull', reason: actual json-path does not exist
15:22:02.689 [pool-4-thread-3] ERROR com.intuit.karate.Runner - <<error>> unable to write report file(s): java.io.FileNotFoundException: target/surefire-reports/tmp.junit17863174098671850733.Beheer-PDOK--Rijkswaterstaat--Rijkswaterstaat--Rijkswaterstaat--Beheer-PDOK.Vervoersnetwerken---Waterwegen--INSPIRE-geharmoniseerd----WT.download.Vervoersnetwerken---Waterwegen--INSPIRE-geharmoniseerd----WT-ATOM.checkdownloadurl.json (File name too long)
---------------------------------------------------------
feature: tmp/junit17863174098671850733/Beheer-PDOK--Rijkswaterstaat--Rijkswaterstaat--Rijkswaterstaat--Beheer-PDOK/Vervoersnetwerken---Waterwegen--INSPIRE-geharmoniseerd----WT/download/Vervoersnetwerken---Waterwegen--INSPIRE-geharmoniseerd----WT-ATOM/checkdownloadurl.feature
scenarios:  1 | passed:  0 | failed:  1 | time: 0.4159
---------------------------------------------------------
15:22:02.695 [ForkJoinPool-2-worker-7] INFO  com.intuit.karate - karate.env system property was:  
15:22:02.698 [ForkJoinPool-2-worker-7] INFO  com.intuit.karate - [print] {
  "class": "metadata.Service",
  "electronicMailAddress": "[servicedesk@ihw.nl, servicedesk@ihw.nl]",
  "metadataStandardVersion": "Nederlandse metadata profiel op ISO 19119 voor services 1.2",
  "operatesOn": "[http://www.nationaalgeoregister.nl/geonetwork/srv/nl/csw?Service=CSW&Request=GetRecordById&Version=2.0.2&id=110f9ec6-4464-462e-9765-83d90cefbeab&outputSchema=http://www.isotc211.org/2005/gmd&elementSetName=full, http://www.nationaalgeoregister.nl/geonetwork/srv/nl/csw?Service=CSW&Request=GetRecordById&Version=2.0.2&id=891ddc2d-8949-4a45-be96-c65b87c41f13&outputSchema=http://www.isotc211.org/2005/gmd&elementSetName=full]",
  "organisation": "Informatiehuis Water",
  "serviceIdentifierCode": "ef2a7962-8bb4-483f-ca52-85123f579",
  "servicetype": "download",
  "title": "Meetlocaties Waterkwaliteit, KRW waterlichamen en stroomgebied districten - Atom feed",
  "url": "http://data.waterkwaliteitsportaal.nl/inspire/ds/nl.xml"
}

15:22:02.698 [ForkJoinPool-2-worker-7] INFO  com.intuit.karate - [print] testing url:http://data.waterkwaliteitsportaal.nl/inspire/ds/nl.xml
15:22:02.699 [ForkJoinPool-2-worker-7] DEBUG com.intuit.karate - request:
1 > HEAD http://data.waterkwaliteitsportaal.nl/inspire/ds/nl.xml
1 > Accept-Encoding: gzip,deflate
1 > Connection: Keep-Alive
1 > Host: data.waterkwaliteitsportaal.nl
1 > User-Agent: Apache-HttpClient/4.5.11 (Java/13.0.5)

15:22:02.787 [ForkJoinPool-2-worker-1] DEBUG com.intuit.karate - response time in milliseconds: 435.28
1 < 200
1 < Access-Control-Allow-Headers: SOAPAction,X-Requested-With,Content-Type,Origin,Authorization,Accept
1 < Access-Control-Allow-Methods: POST, GET, OPTIONS, HEAD
1 < Access-Control-Allow-Origin: *
1 < Access-Control-Max-Age: 1000
1 < Content-Disposition: inline; filename=getcapabilities_1.3.0.xml
1 < Content-Type: text/xml
1 < Date: Mon, 26 Oct 2020 15:22:02 GMT
1 < X-Cnection: [close, close]

15:22:02.788 [ForkJoinPool-2-worker-1] ERROR com.intuit.karate - assertion failed: path: $['Content-Length'][0], actual: null, expected: '#notnull', reason: actual json-path does not exist
15:22:02.789 [pool-4-thread-4] INFO  com.intuit.karate.Runner - <<fail>> feature 337 of 367: tmp/junit17863174098671850733/Beheer-PDOK--Rijkswaterstaat--Rijkswaterstaat--Rijkswaterstaat--Beheer-PDOK/Vervoersnetwerken---Waterwegen--INSPIRE-geharmoniseerd----WT/view/Vervoersnetwerken-Waterwegen-RWS--INSPIRE-geharmoniseerd--WMS/checkViewUrl.feature
---------------------------------------------------------
feature: tmp/junit17863174098671850733/Beheer-PDOK--Rijkswaterstaat--Rijkswaterstaat--Rijkswaterstaat--Beheer-PDOK/Vervoersnetwerken---Waterwegen--INSPIRE-geharmoniseerd----WT/view/Vervoersnetwerken-Waterwegen-RWS--INSPIRE-geharmoniseerd--WMS/checkViewUrl.feature
report: target/surefire-reports/tmp.junit17863174098671850733.Beheer-PDOK--Rijkswaterstaat--Rijkswaterstaat--Rijkswaterstaat--Beheer-PDOK.Vervoersnetwerken---Waterwegen--INSPIRE-geharmoniseerd----WT.view.Vervoersnetwerken-Waterwegen-RWS--INSPIRE-geharmoniseerd--WMS.checkViewUrl.json
scenarios:  1 | passed:  0 | failed:  1 | time: 0.4392
---------------------------------------------------------
15:22:02.792 [ForkJoinPool-2-worker-1] INFO  com.intuit.karate - karate.env system property was:  
15:22:02.792 [ForkJoinPool-2-worker-1] INFO  com.intuit.karate - [print] {
  "class": "metadata.Service",
  "electronicMailAddress": "[servicedesk@ihw.nl, servicedesk@ihw.nl]",
  "metadataStandardVersion": "Nederlandse metadata profiel op ISO 19119 voor services 1.2",
  "operatesOn": "http://www.nationaalgeoregister.nl/geonetwork/srv/nl/csw?Service=CSW&Request=GetRecordById&Version=2.0.2&id=891ddc2d-8949-4a45-be96-c65b87c41f13&outputSchema=http://www.isotc211.org/2005/gmd&elementSetName=full",
  "organisation": "Informatiehuis Water",
  "serviceIdentifierCode": "539ec652-482d-4806-a830-0458cf8be477",
  "servicetype": "view",
  "title": "Meetlocaties waterkwaliteit - WMS",
  "url": "http://data.waterkwaliteitsportaal.nl/inspire/vs/EF"
}

15:22:02.793 [ForkJoinPool-2-worker-1] INFO  com.intuit.karate - [print] testing url:http://data.waterkwaliteitsportaal.nl/inspire/vs/EF
15:22:02.793 [ForkJoinPool-2-worker-1] DEBUG com.intuit.karate - request:
1 > HEAD http://data.waterkwaliteitsportaal.nl/inspire/vs/EF
1 > Accept-Encoding: gzip,deflate
1 > Connection: Keep-Alive
1 > Host: data.waterkwaliteitsportaal.nl
1 > User-Agent: Apache-HttpClient/4.5.11 (Java/13.0.5)

15:22:02.867 [ForkJoinPool-2-worker-3] DEBUG com.intuit.karate - response time in milliseconds: 449.65
1 < 200
1 < Cache-Control: no-cache, no-store
1 < Connection: keep-alive
1 < Content-Encoding: gzip
1 < Content-Type: text/xml;charset=UTF-8
1 < Date: Mon, 26 Oct 2020 15:22:02 GMT
1 < Server: nginx
1 < Strict-Transport-Security: max-age=31536000; includeSubDomains
1 < Vary: Accept-Encoding
1 < X-Content-Type-Options: nosniff
1 < X-Frame-Options: deny
1 < X-XSS-Protection: 1
1 < deegree-version: 3.4.13-kelvin-SNAPSHOT

15:22:02.868 [ForkJoinPool-2-worker-3] ERROR com.intuit.karate - assertion failed: path: $['Content-Length'][0], actual: null, expected: '#notnull', reason: actual json-path does not exist
15:22:02.870 [pool-4-thread-1] INFO  com.intuit.karate.Runner - <<fail>> feature 338 of 367: tmp/junit17863174098671850733/Beheer-PDOK--Rijkswaterstaat--Rijkswaterstaat--Rijkswaterstaat--Beheer-PDOK/Vervoersnetwerken---Waterwegen--INSPIRE-geharmoniseerd----WT/view/Vervoersnetwerken---Waterwegen--INSPIRE-geharmoniseerd----WT-WMS/checkViewUrl.feature
---------------------------------------------------------
feature: tmp/junit17863174098671850733/Beheer-PDOK--Rijkswaterstaat--Rijkswaterstaat--Rijkswaterstaat--Beheer-PDOK/Vervoersnetwerken---Waterwegen--INSPIRE-geharmoniseerd----WT/view/Vervoersnetwerken---Waterwegen--INSPIRE-geharmoniseerd----WT-WMS/checkViewUrl.feature
report: target/surefire-reports/tmp.junit17863174098671850733.Beheer-PDOK--Rijkswaterstaat--Rijkswaterstaat--Rijkswaterstaat--Beheer-PDOK.Vervoersnetwerken---Waterwegen--INSPIRE-geharmoniseerd----WT.view.Vervoersnetwerken---Waterwegen--INSPIRE-geharmoniseerd----WT-WMS.checkViewUrl.json
scenarios:  1 | passed:  0 | failed:  1 | time: 0.4514
---------------------------------------------------------
15:22:02.874 [ForkJoinPool-2-worker-3] INFO  com.intuit.karate - karate.env system property was:  
15:22:02.875 [ForkJoinPool-2-worker-3] INFO  com.intuit.karate - [print] {
  "class": "metadata.Service",
  "electronicMailAddress": "[servicedesk@ihw.nl, servicedesk@ihw.nl]",
  "metadataStandardVersion": "Nederlandse metadata profiel op ISO 19119 voor services 1.2",
  "operatesOn": "[http://www.nationaalgeoregister.nl/geonetwork/srv/nl/csw?Service=CSW&Request=GetRecordById&Version=2.0.2&id=110f9ec6-4464-462e-9765-83d90cefbeab&outputSchema=http://www.isotc211.org/2005/gmd&elementSetName=full, http://www.nationaalgeoregister.nl/geonetwork/srv/nl/csw?Service=CSW&Request=GetRecordById&Version=2.0.2&id=891ddc2d-8949-4a45-be96-c65b87c41f13&outputSchema=http://www.isotc211.org/2005/gmd&elementSetName=full]",
  "organisation": "Informatiehuis Water",
  "serviceIdentifierCode": "ef2a7962-8bb4-483f-ca52-85123f579",
  "servicetype": "download",
  "title": "Meetlocaties Waterkwaliteit, KRW waterlichamen en stroomgebied districten - Atom feed",
  "url": "http://data.waterkwaliteitsportaal.nl/inspire/ds/nl.xml"
}

15:22:02.876 [ForkJoinPool-2-worker-3] INFO  com.intuit.karate - [print] testing url:http://data.waterkwaliteitsportaal.nl/inspire/ds/nl.xml
15:22:02.877 [ForkJoinPool-2-worker-3] DEBUG com.intuit.karate - request:
1 > HEAD http://data.waterkwaliteitsportaal.nl/inspire/ds/nl.xml
1 > Accept-Encoding: gzip,deflate
1 > Connection: Keep-Alive
1 > Host: data.waterkwaliteitsportaal.nl
1 > User-Agent: Apache-HttpClient/4.5.11 (Java/13.0.5)

15:22:02.924 [ForkJoinPool-2-worker-5] DEBUG com.intuit.karate - response time in milliseconds: 390.92
1 < 200
1 < Cache-Control: no-cache, no-store
1 < Connection: keep-alive
1 < Content-Encoding: gzip
1 < Content-Type: text/xml;charset=UTF-8
1 < Date: Mon, 26 Oct 2020 15:22:02 GMT
1 < Server: nginx
1 < Strict-Transport-Security: max-age=31536000; includeSubDomains
1 < Vary: Accept-Encoding
1 < X-Content-Type-Options: nosniff
1 < X-Frame-Options: deny
1 < X-XSS-Protection: 1
1 < deegree-version: 3.4.13-kelvin-SNAPSHOT

15:22:02.924 [ForkJoinPool-2-worker-5] ERROR com.intuit.karate - assertion failed: path: $['Content-Length'][0], actual: null, expected: '#notnull', reason: actual json-path does not exist
15:22:02.924 [pool-4-thread-2] ERROR com.intuit.karate.Runner - <<error>> unable to write report file(s): java.io.FileNotFoundException: target/surefire-reports/tmp.junit17863174098671850733.Beheer-PDOK--Rijkswaterstaat--Rijkswaterstaat--Rijkswaterstaat--Beheer-PDOK.Vervoersnetwerken---Waterwegen--INSPIRE-geharmoniseerd----WT.other.Vervoersnetwerken---Waterwegen--INSPIRE-geharmoniseerd----WT-WFS.checkOtherUrl.json (File name too long)
---------------------------------------------------------
feature: tmp/junit17863174098671850733/Beheer-PDOK--Rijkswaterstaat--Rijkswaterstaat--Rijkswaterstaat--Beheer-PDOK/Vervoersnetwerken---Waterwegen--INSPIRE-geharmoniseerd----WT/other/Vervoersnetwerken---Waterwegen--INSPIRE-geharmoniseerd----WT-WFS/checkOtherUrl.feature
scenarios:  1 | passed:  0 | failed:  1 | time: 0.3929
---------------------------------------------------------
15:22:02.927 [ForkJoinPool-2-worker-5] INFO  com.intuit.karate - karate.env system property was:  
15:22:02.927 [ForkJoinPool-2-worker-5] INFO  com.intuit.karate - [print] {
  "class": "metadata.Service",
  "electronicMailAddress": "[servicedesk@ihw.nl, servicedesk@ihw.nl]",
  "metadataStandardVersion": "Nederlandse metadata profiel op ISO 19119 voor services 1.2",
  "operatesOn": "http://www.nationaalgeoregister.nl/geonetwork/srv/nl/csw?Service=CSW&Request=GetRecordById&Version=2.0.2&id=110f9ec6-4464-462e-9765-83d90cefbeab&outputSchema=http://www.isotc211.org/2005/gmd&elementSetName=full",
  "organisation": "Informatiehuis Water",
  "serviceIdentifierCode": "6d86c14f-cccf-41e9-a58e-ead9d52ae35d",
  "servicetype": "view",
  "title": "KRW Waterlichamen en stroomgebieden - WMS",
  "url": "http://data.waterkwaliteitsportaal.nl/inspire/vs/AM"
}

15:22:02.928 [ForkJoinPool-2-worker-5] INFO  com.intuit.karate - [print] testing url:http://data.waterkwaliteitsportaal.nl/inspire/vs/AM
15:22:02.932 [ForkJoinPool-2-worker-5] DEBUG com.intuit.karate - request:
1 > HEAD http://data.waterkwaliteitsportaal.nl/inspire/vs/AM
1 > Accept-Encoding: gzip,deflate
1 > Connection: Keep-Alive
1 > Host: data.waterkwaliteitsportaal.nl
1 > User-Agent: Apache-HttpClient/4.5.11 (Java/13.0.5)

15:22:03.016 [ForkJoinPool-2-worker-1] DEBUG com.intuit.karate - response time in milliseconds: 222.15
1 < 301
1 < Cache-Control: no-cache, no-store, must-revalidate
1 < Content-Length: 202
1 < Content-Type: text/html; charset=utf-8
1 < Date: Mon, 26 Oct 2020 15:21:54 GMT
1 < Expires: -1
1 < Location: http://idsrv.waterkwaliteitsportaal.nl/cgi-bin/mapserv.exe?MAP=wkp/Inspire_WMS/EF.map
1 < Pragma: no-cache
1 < Server: Microsoft-IIS/8.5
1 < X-AspNet-Version: 4.0.30319
1 < X-AspNetMvc-Version: 5.2
1 < X-Powered-By: ASP.NET

15:22:03.016 [ForkJoinPool-2-worker-7] DEBUG com.intuit.karate - response time in milliseconds: 316.30
1 < 200
1 < Cache-Control: no-cache, no-store, must-revalidate
1 < Content-Length: 6074
1 < Content-Type: text/xml; charset=utf-8
1 < Date: Mon, 26 Oct 2020 15:21:54 GMT
1 < Expires: -1
1 < Pragma: no-cache
1 < Server: Microsoft-IIS/8.5
1 < X-AspNet-Version: 4.0.30319
1 < X-AspNetMvc-Version: 5.2
1 < X-Powered-By: ASP.NET

15:22:03.016 [ForkJoinPool-2-worker-1] DEBUG com.intuit.karate - request:
2 > HEAD http://data.waterkwaliteitsportaal.nl/inspire/vs/EF
2 > Accept-Encoding: gzip,deflate
2 > Connection: Keep-Alive
2 > Host: idsrv.waterkwaliteitsportaal.nl
2 > User-Agent: Apache-HttpClient/4.5.11 (Java/13.0.5)

15:22:03.016 [ForkJoinPool-2-worker-7] ERROR com.intuit.karate - assertion failed: path: $['Content-Type'][0], actual: 'text/xml; charset=utf-8', expected: 'text/xml', reason: not equal
15:22:03.018 [pool-4-thread-3] INFO  com.intuit.karate.Runner - <<fail>> feature 340 of 367: tmp/junit17863174098671850733/Informatiehuis-Water/Kaderrichtlijn-Water---Monitoringlocaties-Nederland-EU2015/download/Meetlocaties-Waterkwaliteit--KRW-waterlichamen-en-stroomgebied-districten---Atom-feed/checkdownloadurl.feature
---------------------------------------------------------
feature: tmp/junit17863174098671850733/Informatiehuis-Water/Kaderrichtlijn-Water---Monitoringlocaties-Nederland-EU2015/download/Meetlocaties-Waterkwaliteit--KRW-waterlichamen-en-stroomgebied-districten---Atom-feed/checkdownloadurl.feature
report: target/surefire-reports/tmp.junit17863174098671850733.Informatiehuis-Water.Kaderrichtlijn-Water---Monitoringlocaties-Nederland-EU2015.download.Meetlocaties-Waterkwaliteit--KRW-waterlichamen-en-stroomgebied-districten---Atom-feed.checkdownloadurl.json
scenarios:  1 | passed:  0 | failed:  1 | time: 0.3209
---------------------------------------------------------
15:22:03.026 [ForkJoinPool-2-worker-7] INFO  com.intuit.karate - karate.env system property was:  
15:22:03.030 [ForkJoinPool-2-worker-7] INFO  com.intuit.karate - [print] {
  "class": "metadata.Service",
  "electronicMailAddress": "[inspire@gbo-provincies.nl, inspire@gbo-provincies.nl]",
  "metadataStandardVersion": "Nederlands metadata profiel op ISO 19119 voor services 2.0",
  "operatesOn": "[http://www.nationaalgeoregister.nl/geonetwork/srv/nl/csw?Service=CSW&Request=GetRecordById&Version=2.0.2&id=8e986f37-74d7-4b6c-8026-87c960456423&outputSchema=http://www.isotc211.org/2005/gmd&elementSetName=full#MD_DataIdentification, http://www.nationaalgeoregister.nl/geonetwork/srv/nl/csw?Service=CSW&Request=GetRecordById&Version=2.0.2&id=afc450bd-65b3-4e59-b0fb-619869bf6ada&outputSchema=http://www.isotc211.org/2005/gmd&elementSetName=full#MD_DataIdentification]",
  "organisation": "Interprovinciaal Overleg",
  "serviceIdentifierCode": "3094a1c4-3dd6-4e8e-9929-4a63dd66992e",
  "servicetype": "download",
  "title": "INSPIRE Download service voor Faciliteiten voor productie en industrie",
  "url": "http://services.inspire-provincies.nl/ProductionAndIndustrialFacilities/services/download_PF?request=GetCapabilities"
}

15:22:03.030 [ForkJoinPool-2-worker-7] INFO  com.intuit.karate - [print] testing url:http://services.inspire-provincies.nl/ProductionAndIndustrialFacilities/services/download_PF?request=GetCapabilities
15:22:03.035 [ForkJoinPool-2-worker-7] DEBUG com.intuit.karate - request:
1 > HEAD http://services.inspire-provincies.nl/ProductionAndIndustrialFacilities/services/download_PF?request=GetCapabilities
1 > Accept-Encoding: gzip,deflate
1 > Connection: Keep-Alive
1 > Host: services.inspire-provincies.nl
1 > User-Agent: Apache-HttpClient/4.5.11 (Java/13.0.5)

15:22:03.058 [ForkJoinPool-2-worker-3] DEBUG com.intuit.karate - response time in milliseconds: 181.03
1 < 200
1 < Cache-Control: no-cache, no-store, must-revalidate
1 < Content-Length: 6074
1 < Content-Type: text/xml; charset=utf-8
1 < Date: Mon, 26 Oct 2020 15:21:54 GMT
1 < Expires: -1
1 < Pragma: no-cache
1 < Server: Microsoft-IIS/8.5
1 < X-AspNet-Version: 4.0.30319
1 < X-AspNetMvc-Version: 5.2
1 < X-Powered-By: ASP.NET

15:22:03.058 [ForkJoinPool-2-worker-3] ERROR com.intuit.karate - assertion failed: path: $['Content-Type'][0], actual: 'text/xml; charset=utf-8', expected: 'text/xml', reason: not equal
15:22:03.060 [pool-4-thread-1] INFO  com.intuit.karate.Runner - <<fail>> feature 342 of 367: tmp/junit17863174098671850733/Informatiehuis-Water/Kaderrichtlijn-Water---Stroomgebieddistricten-Nederland-EU2015/download/Meetlocaties-Waterkwaliteit--KRW-waterlichamen-en-stroomgebied-districten---Atom-feed/checkdownloadurl.feature
---------------------------------------------------------
feature: tmp/junit17863174098671850733/Informatiehuis-Water/Kaderrichtlijn-Water---Stroomgebieddistricten-Nederland-EU2015/download/Meetlocaties-Waterkwaliteit--KRW-waterlichamen-en-stroomgebied-districten---Atom-feed/checkdownloadurl.feature
report: target/surefire-reports/tmp.junit17863174098671850733.Informatiehuis-Water.Kaderrichtlijn-Water---Stroomgebieddistricten-Nederland-EU2015.download.Meetlocaties-Waterkwaliteit--KRW-waterlichamen-en-stroomgebied-districten---Atom-feed.checkdownloadurl.json
scenarios:  1 | passed:  0 | failed:  1 | time: 0.1844
---------------------------------------------------------
15:22:03.062 [ForkJoinPool-2-worker-3] INFO  com.intuit.karate - karate.env system property was:  
15:22:03.063 [ForkJoinPool-2-worker-3] INFO  com.intuit.karate - [print] {
  "class": "metadata.Service",
  "electronicMailAddress": "[inspire@gbo-provincies.nl, inspire@gbo-provincies.nl]",
  "metadataStandardVersion": "Nederlands metadata profiel op ISO 19119 voor services 2.0",
  "operatesOn": "[http://www.nationaalgeoregister.nl/geonetwork/srv/nl/csw?Service=CSW&Request=GetRecordById&Version=2.0.2&id=8e986f37-74d7-4b6c-8026-87c960456423&outputSchema=http://www.isotc211.org/2005/gmd&elementSetName=full#MD_DataIdentification, http://www.nationaalgeoregister.nl/geonetwork/srv/nl/csw?Service=CSW&Request=GetRecordById&Version=2.0.2&id=afc450bd-65b3-4e59-b0fb-619869bf6ada&outputSchema=http://www.isotc211.org/2005/gmd&elementSetName=full#MD_DataIdentification]",
  "organisation": "Interprovinciaal Overleg",
  "serviceIdentifierCode": "a88b4ed1-49c1-4f91-991e-dc1cc7c575f7",
  "servicetype": "view",
  "title": "INSPIRE View service voor Faciliteiten voor productie en industrie",
  "url": "http://services.inspire-provincies.nl/ProductionAndIndustrialFacilities/services/view_PF?request=GetCapabilities"
}

15:22:03.063 [ForkJoinPool-2-worker-3] INFO  com.intuit.karate - [print] testing url:http://services.inspire-provincies.nl/ProductionAndIndustrialFacilities/services/view_PF?request=GetCapabilities
15:22:03.064 [ForkJoinPool-2-worker-3] DEBUG com.intuit.karate - request:
1 > HEAD http://services.inspire-provincies.nl/ProductionAndIndustrialFacilities/services/view_PF?request=GetCapabilities
1 > Accept-Encoding: gzip,deflate
1 > Connection: Keep-Alive
1 > Host: services.inspire-provincies.nl
1 > User-Agent: Apache-HttpClient/4.5.11 (Java/13.0.5)

15:22:03.112 [ForkJoinPool-2-worker-5] DEBUG com.intuit.karate - response time in milliseconds: 180.10
1 < 301
1 < Cache-Control: no-cache, no-store, must-revalidate
1 < Content-Length: 202
1 < Content-Type: text/html; charset=utf-8
1 < Date: Mon, 26 Oct 2020 15:21:54 GMT
1 < Expires: -1
1 < Location: http://idsrv.waterkwaliteitsportaal.nl/cgi-bin/mapserv.exe?MAP=wkp/Inspire_WMS/AM.map
1 < Pragma: no-cache
1 < Server: Microsoft-IIS/8.5
1 < X-AspNet-Version: 4.0.30319
1 < X-AspNetMvc-Version: 5.2
1 < X-Powered-By: ASP.NET

15:22:03.113 [ForkJoinPool-2-worker-5] DEBUG com.intuit.karate - request:
2 > HEAD http://data.waterkwaliteitsportaal.nl/inspire/vs/AM
2 > Accept-Encoding: gzip,deflate
2 > Connection: Keep-Alive
2 > Host: idsrv.waterkwaliteitsportaal.nl
2 > User-Agent: Apache-HttpClient/4.5.11 (Java/13.0.5)

15:22:03.345 [ForkJoinPool-2-worker-7] DEBUG com.intuit.karate - response time in milliseconds: 309.20
1 < 400
1 < Connection: close
1 < Content-Type: application/xml;charset=UTF-8
1 < Date: Mon, 26 Oct 2020 15:22:03 GMT
1 < Server: Apache/2.4.6 (Red Hat Enterprise Linux) OpenSSL/1.0.2k-fips

15:22:03.345 [ForkJoinPool-2-worker-7] ERROR com.intuit.karate - status code was: 400, expected: 200, response time: 309, url: http://services.inspire-provincies.nl/ProductionAndIndustrialFacilities/services/download_PF?request=GetCapabilities, response: 
15:22:03.347 [pool-4-thread-3] INFO  com.intuit.karate.Runner - <<fail>> feature 344 of 367: tmp/junit17863174098671850733/Interprovinciaal-Overleg/Landelijk-grondwaterregister---Faciliteiten-voor-productie-en-industrie/download/INSPIRE-Download-service-voor-Faciliteiten-voor-productie-en-industrie/checkdownloadurl.feature
---------------------------------------------------------
feature: tmp/junit17863174098671850733/Interprovinciaal-Overleg/Landelijk-grondwaterregister---Faciliteiten-voor-productie-en-industrie/download/INSPIRE-Download-service-voor-Faciliteiten-voor-productie-en-industrie/checkdownloadurl.feature
report: target/surefire-reports/tmp.junit17863174098671850733.Interprovinciaal-Overleg.Landelijk-grondwaterregister---Faciliteiten-voor-productie-en-industrie.download.INSPIRE-Download-service-voor-Faciliteiten-voor-productie-en-industrie.checkdownloadurl.json
scenarios:  1 | passed:  0 | failed:  1 | time: 0.3161
---------------------------------------------------------
15:22:03.353 [ForkJoinPool-2-worker-7] INFO  com.intuit.karate - karate.env system property was:  
15:22:03.355 [ForkJoinPool-2-worker-7] INFO  com.intuit.karate - [print] {
  "class": "metadata.Service",
  "electronicMailAddress": "[inspire@gbo-provincies.nl, inspire@gbo-provincies.nl]",
  "metadataStandardVersion": "Nederlands metadata profiel op ISO 19119 voor services 2.0",
  "operatesOn": "[http://www.nationaalgeoregister.nl/geonetwork/srv/nl/csw?Service=CSW&Request=GetRecordById&Version=2.0.2&id=c829abeb-bfac-4224-8332-e7a9a89e692e&outputSchema=http://www.isotc211.org/2005/gmd&elementSetName=full#MD_DataIdentification, http://www.nationaalgeoregister.nl/geonetwork/srv/nl/csw?Service=CSW&Request=GetRecordById&Version=2.0.2&id=fe45c540-e37d-11e4-b571-0800200c9a66&outputSchema=http://www.isotc211.org/2005/gmd&elementSetName=full#MD_DataIdentification]",
  "organisation": "Interprovinciaal Overleg",
  "serviceIdentifierCode": "ebd6ea46-ee7b-432f-83c4-058c889a790d",
  "servicetype": "download",
  "title": "INSPIRE Download service voor Milieubewakingsvoorzieningen",
  "url": "http://services.inspire-provincies.nl/EnvironmentalMonitoringFacilities/services/download_EF?request=GetCapabilities"
}

15:22:03.355 [ForkJoinPool-2-worker-7] INFO  com.intuit.karate - [print] testing url:http://services.inspire-provincies.nl/EnvironmentalMonitoringFacilities/services/download_EF?request=GetCapabilities
15:22:03.356 [ForkJoinPool-2-worker-7] DEBUG com.intuit.karate - request:
1 > HEAD http://services.inspire-provincies.nl/EnvironmentalMonitoringFacilities/services/download_EF?request=GetCapabilities
1 > Accept-Encoding: gzip,deflate
1 > Connection: Keep-Alive
1 > Host: services.inspire-provincies.nl
1 > User-Agent: Apache-HttpClient/4.5.11 (Java/13.0.5)

15:22:03.403 [ForkJoinPool-2-worker-3] DEBUG com.intuit.karate - response time in milliseconds: 339.80
1 < 200
1 < Cache-Control: no-cache, no-store
1 < Connection: Keep-Alive
1 < Content-Type: text/xml;charset=UTF-8
1 < Date: Mon, 26 Oct 2020 15:22:03 GMT
1 < Keep-Alive: timeout=5, max=100
1 < Server: Apache/2.4.6 (Red Hat Enterprise Linux) OpenSSL/1.0.2k-fips
1 < deegree-version: unknown

15:22:03.404 [ForkJoinPool-2-worker-3] ERROR com.intuit.karate - assertion failed: path: $['Content-Length'][0], actual: null, expected: '#notnull', reason: actual json-path does not exist
15:22:03.405 [pool-4-thread-1] INFO  com.intuit.karate.Runner - <<fail>> feature 345 of 367: tmp/junit17863174098671850733/Interprovinciaal-Overleg/Landelijk-grondwaterregister---Faciliteiten-voor-productie-en-industrie/view/INSPIRE-View-service-voor-Faciliteiten-voor-productie-en-industrie/checkViewUrl.feature
---------------------------------------------------------
feature: tmp/junit17863174098671850733/Interprovinciaal-Overleg/Landelijk-grondwaterregister---Faciliteiten-voor-productie-en-industrie/view/INSPIRE-View-service-voor-Faciliteiten-voor-productie-en-industrie/checkViewUrl.feature
report: target/surefire-reports/tmp.junit17863174098671850733.Interprovinciaal-Overleg.Landelijk-grondwaterregister---Faciliteiten-voor-productie-en-industrie.view.INSPIRE-View-service-voor-Faciliteiten-voor-productie-en-industrie.checkViewUrl.json
scenarios:  1 | passed:  0 | failed:  1 | time: 0.3418
---------------------------------------------------------
15:22:03.408 [ForkJoinPool-2-worker-3] INFO  com.intuit.karate - karate.env system property was:  
15:22:03.408 [ForkJoinPool-2-worker-3] INFO  com.intuit.karate - [print] {
  "class": "metadata.Service",
  "electronicMailAddress": "[inspire@gbo-provincies.nl, inspire@gbo-provincies.nl]",
  "metadataStandardVersion": "Nederlands metadata profiel op ISO 19119 voor services 2.0",
  "operatesOn": "[http://www.nationaalgeoregister.nl/geonetwork/srv/nl/csw?Service=CSW&Request=GetRecordById&Version=2.0.2&id=c829abeb-bfac-4224-8332-e7a9a89e692e&outputSchema=http://www.isotc211.org/2005/gmd&elementSetName=full#MD_DataIdentification, http://www.nationaalgeoregister.nl/geonetwork/srv/nl/csw?Service=CSW&Request=GetRecordById&Version=2.0.2&id=fe45c540-e37d-11e4-b571-0800200c9a66&outputSchema=http://www.isotc211.org/2005/gmd&elementSetName=full#MD_DataIdentification]",
  "organisation": "Interprovinciaal Overleg",
  "serviceIdentifierCode": "ea4cb6a2-f637-413a-91cc-d58473c2f138",
  "servicetype": "view",
  "title": "INSPIRE View service voor Milieubewakingsvoorzieningen",
  "url": "http://services.inspire-provincies.nl/EnvironmentalMonitoringFacilities/services/view_EF?request=GetCapabilities"
}

15:22:03.409 [ForkJoinPool-2-worker-3] INFO  com.intuit.karate - [print] testing url:http://services.inspire-provincies.nl/EnvironmentalMonitoringFacilities/services/view_EF?request=GetCapabilities
15:22:03.409 [ForkJoinPool-2-worker-3] DEBUG com.intuit.karate - request:
1 > HEAD http://services.inspire-provincies.nl/EnvironmentalMonitoringFacilities/services/view_EF?request=GetCapabilities
1 > Accept-Encoding: gzip,deflate
1 > Connection: Keep-Alive
1 > Host: services.inspire-provincies.nl
1 > User-Agent: Apache-HttpClient/4.5.11 (Java/13.0.5)

15:22:03.410 [ForkJoinPool-2-worker-5] DEBUG com.intuit.karate - response time in milliseconds: 296.85
2 < 200
2 < Connection: close
2 < Content-Length: 73
2 < Content-Type: text/html
2 < Date: Mon, 26 Oct 2020 15:22:03 GMT
2 < Server: Microsoft-IIS/8.5
2 < X-Powered-By: ASP.NET

15:22:03.411 [ForkJoinPool-2-worker-1] DEBUG com.intuit.karate - response time in milliseconds: 394.17
2 < 200
2 < Connection: close
2 < Content-Length: 73
2 < Content-Type: text/html
2 < Date: Mon, 26 Oct 2020 15:22:03 GMT
2 < Server: Microsoft-IIS/8.5
2 < X-Powered-By: ASP.NET

15:22:03.412 [pool-4-thread-2] INFO  com.intuit.karate.Runner - <<pass>> feature 343 of 367: tmp/junit17863174098671850733/Informatiehuis-Water/Kaderrichtlijn-Water---Stroomgebieddistricten-Nederland-EU2015/view/KRW-Waterlichamen-en-stroomgebieden---WMS/checkViewUrl.feature
---------------------------------------------------------
feature: tmp/junit17863174098671850733/Informatiehuis-Water/Kaderrichtlijn-Water---Stroomgebieddistricten-Nederland-EU2015/view/KRW-Waterlichamen-en-stroomgebieden---WMS/checkViewUrl.feature
report: target/surefire-reports/tmp.junit17863174098671850733.Informatiehuis-Water.Kaderrichtlijn-Water---Stroomgebieddistricten-Nederland-EU2015.view.KRW-Waterlichamen-en-stroomgebieden---WMS.checkViewUrl.json
scenarios:  1 | passed:  1 | failed:  0 | time: 0.4834
---------------------------------------------------------
15:22:03.413 [pool-4-thread-4] INFO  com.intuit.karate.Runner - <<pass>> feature 341 of 367: tmp/junit17863174098671850733/Informatiehuis-Water/Kaderrichtlijn-Water---Monitoringlocaties-Nederland-EU2015/view/Meetlocaties-waterkwaliteit---WMS/checkViewUrl.feature
---------------------------------------------------------
feature: tmp/junit17863174098671850733/Informatiehuis-Water/Kaderrichtlijn-Water---Monitoringlocaties-Nederland-EU2015/view/Meetlocaties-waterkwaliteit---WMS/checkViewUrl.feature
report: target/surefire-reports/tmp.junit17863174098671850733.Informatiehuis-Water.Kaderrichtlijn-Water---Monitoringlocaties-Nederland-EU2015.view.Meetlocaties-waterkwaliteit---WMS.checkViewUrl.json
scenarios:  1 | passed:  1 | failed:  0 | time: 0.6189
---------------------------------------------------------
15:22:03.415 [ForkJoinPool-2-worker-1] INFO  com.intuit.karate - karate.env system property was:  
15:22:03.416 [ForkJoinPool-2-worker-1] INFO  com.intuit.karate - [print] {
  "class": "metadata.Service",
  "electronicMailAddress": "[inspire@gbo-provincies.nl, inspire@gbo-provincies.nl]",
  "metadataStandardVersion": "Nederlands metadata profiel op ISO 19119 voor services 2.0",
  "operatesOn": "[http://www.nationaalgeoregister.nl/geonetwork/srv/nl/csw?Service=CSW&Request=GetRecordById&Version=2.0.2&id=88f76a94-ee4d-4e0c-9fde-91b692403e39&outputSchema=http://www.isotc211.org/2005/gmd&elementSetName=full#MD_DataIdentification, http://www.nationaalgeoregister.nl/geonetwork/srv/nl/csw?Service=CSW&Request=GetRecordById&Version=2.0.2&id=08af1182-91fe-4d21-aa21-ee002953c3cc&outputSchema=http://www.isotc211.org/2005/gmd&elementSetName=full#MD_DataIdentification, http://www.nationaalgeoregister.nl/geonetwork/srv/nl/csw?Service=CSW&Request=GetRecordById&Version=2.0.2&id=d91126e0-e37b-11e4-b571-0800200c9a66&outputSchema=http://www.isotc211.org/2005/gmd&elementSetName=full#MD_DataIdentification, http://www.nationaalgeoregister.nl/geonetwork/srv/nl/csw?Service=CSW&Request=GetRecordById&Version=2.0.2&id=667ebfb0-e37c-11e4-b571-0800200c9a66&outputSchema=http://www.isotc211.org/2005/gmd&elementSetName=full#MD_DataIdentification]",
  "organisation": "Interprovinciaal Overleg",
  "serviceIdentifierCode": "00e8746f-5031-413e-8343-9203c8ea82ee",
  "servicetype": "download",
  "title": "INSPIRE Download service voor Gebieden met natuurrisico's",
  "url": "http://services.inspire-provincies.nl/NaturalRiskZones/services/download_NZ?request=GetCapabilities"
}

15:22:03.416 [ForkJoinPool-2-worker-1] INFO  com.intuit.karate - [print] testing url:http://services.inspire-provincies.nl/NaturalRiskZones/services/download_NZ?request=GetCapabilities
15:22:03.416 [ForkJoinPool-2-worker-1] DEBUG com.intuit.karate - request:
1 > HEAD http://services.inspire-provincies.nl/NaturalRiskZones/services/download_NZ?request=GetCapabilities
1 > Accept-Encoding: gzip,deflate
1 > Connection: Keep-Alive
1 > Host: services.inspire-provincies.nl
1 > User-Agent: Apache-HttpClient/4.5.11 (Java/13.0.5)

15:22:03.418 [ForkJoinPool-2-worker-5] INFO  com.intuit.karate - karate.env system property was:  
15:22:03.419 [ForkJoinPool-2-worker-5] INFO  com.intuit.karate - [print] {
  "class": "metadata.Service",
  "electronicMailAddress": "[inspire@gbo-provincies.nl, inspire@gbo-provincies.nl]",
  "metadataStandardVersion": "Nederlands metadata profiel op ISO 19119 voor services 2.0",
  "operatesOn": "[http://www.nationaalgeoregister.nl/geonetwork/srv/nl/csw?Service=CSW&Request=GetRecordById&Version=2.0.2&id=88f76a94-ee4d-4e0c-9fde-91b692403e39&outputSchema=http://www.isotc211.org/2005/gmd&elementSetName=full#MD_DataIdentification, http://www.nationaalgeoregister.nl/geonetwork/srv/nl/csw?Service=CSW&Request=GetRecordById&Version=2.0.2&id=08af1182-91fe-4d21-aa21-ee002953c3cc&outputSchema=http://www.isotc211.org/2005/gmd&elementSetName=full#MD_DataIdentification, http://www.nationaalgeoregister.nl/geonetwork/srv/nl/csw?Service=CSW&Request=GetRecordById&Version=2.0.2&id=d91126e0-e37b-11e4-b571-0800200c9a66&outputSchema=http://www.isotc211.org/2005/gmd&elementSetName=full#MD_DataIdentification, http://www.nationaalgeoregister.nl/geonetwork/srv/nl/csw?Service=CSW&Request=GetRecordById&Version=2.0.2&id=667ebfb0-e37c-11e4-b571-0800200c9a66&outputSchema=http://www.isotc211.org/2005/gmd&elementSetName=full#MD_DataIdentification]",
  "organisation": "Interprovinciaal Overleg",
  "serviceIdentifierCode": "22bedc12-e9cb-4419-8e51-dfb375d46d01",
  "servicetype": "view",
  "title": "INSPIRE View service voor Gebieden met natuurrisico's",
  "url": "http://services.inspire-provincies.nl/NaturalRiskZones/services/view_NZ?request=GetCapabilities"
}

15:22:03.419 [ForkJoinPool-2-worker-5] INFO  com.intuit.karate - [print] testing url:http://services.inspire-provincies.nl/NaturalRiskZones/services/view_NZ?request=GetCapabilities
15:22:03.420 [ForkJoinPool-2-worker-5] DEBUG com.intuit.karate - request:
1 > HEAD http://services.inspire-provincies.nl/NaturalRiskZones/services/view_NZ?request=GetCapabilities
1 > Accept-Encoding: gzip,deflate
1 > Connection: Keep-Alive
1 > Host: services.inspire-provincies.nl
1 > User-Agent: Apache-HttpClient/4.5.11 (Java/13.0.5)

15:22:03.544 [ForkJoinPool-2-worker-7] DEBUG com.intuit.karate - response time in milliseconds: 188.60
1 < 400
1 < Connection: close
1 < Content-Type: application/xml;charset=UTF-8
1 < Date: Mon, 26 Oct 2020 15:22:03 GMT
1 < Server: Apache/2.4.6 (Red Hat Enterprise Linux) OpenSSL/1.0.2k-fips

15:22:03.545 [ForkJoinPool-2-worker-7] ERROR com.intuit.karate - status code was: 400, expected: 200, response time: 189, url: http://services.inspire-provincies.nl/EnvironmentalMonitoringFacilities/services/download_EF?request=GetCapabilities, response: 
15:22:03.546 [pool-4-thread-3] INFO  com.intuit.karate.Runner - <<fail>> feature 346 of 367: tmp/junit17863174098671850733/Interprovinciaal-Overleg/Zwemwaterlocaties-en-zwemwaterkwaliteit---monsterpunten/download/INSPIRE-Download-service-voor-Milieubewakingsvoorzieningen/checkdownloadurl.feature
---------------------------------------------------------
feature: tmp/junit17863174098671850733/Interprovinciaal-Overleg/Zwemwaterlocaties-en-zwemwaterkwaliteit---monsterpunten/download/INSPIRE-Download-service-voor-Milieubewakingsvoorzieningen/checkdownloadurl.feature
report: target/surefire-reports/tmp.junit17863174098671850733.Interprovinciaal-Overleg.Zwemwaterlocaties-en-zwemwaterkwaliteit---monsterpunten.download.INSPIRE-Download-service-voor-Milieubewakingsvoorzieningen.checkdownloadurl.json
scenarios:  1 | passed:  0 | failed:  1 | time: 0.1910
---------------------------------------------------------
15:22:03.556 [ForkJoinPool-2-worker-7] INFO  com.intuit.karate - karate.env system property was:  
15:22:03.557 [ForkJoinPool-2-worker-7] INFO  com.intuit.karate - [print] {
  "class": "metadata.Service",
  "electronicMailAddress": "[beheerpdok@kadaster.nl, beheer pdok@kadaster.nl]",
  "metadataStandardVersion": "Nederlands metadata profiel op ISO 19119 voor services 2.0",
  "operatesOn": "[https://www.nationaalgeoregister.nl:443/geonetwork/srv/dut/csw?service=CSW&request=GetRecordById&version=2.0.2&outputSchema=http://www.isotc211.org/2005/gmd&elementSetName=full&id=5a1adb58-0bbe-425d-b0fe-577a6c0a4228#MD_DataIdentification, https://www.nationaalgeoregister.nl:443/geonetwork/srv/dut/csw?service=CSW&request=GetRecordById&version=2.0.2&outputSchema=http://www.isotc211.org/2005/gmd&elementSetName=full&id=71c2b7d2-a1a8-4836-b8d4-7247d331b04d#MD_DataIdentification, https://www.nationaalgeoregister.nl:443/geonetwork/srv/dut/csw?service=CSW&request=GetRecordById&version=2.0.2&outputSchema=http://www.isotc211.org/2005/gmd&elementSetName=full&id=1462bbce-ccd3-4362-83d8-4535ca8f44eb#MD_DataIdentification, https://www.nationaalgeoregister.nl:443/geonetwork/srv/dut/csw?service=CSW&request=GetRecordById&version=2.0.2&outputSchema=http://www.isotc211.org/2005/gmd&elementSetName=full&id=f605a24f-60cd-4c40-94c8-2186aba3ddd0#MD_DataIdentification, https://www.nationaalgeoregister.nl:443/geonetwork/srv/dut/csw?service=CSW&request=GetRecordById&version=2.0.2&outputSchema=http://www.isotc211.org/2005/gmd&elementSetName=full&id=76091be7-358a-4a44-8182-b4139c96c6a4#MD_DataIdentification, https://www.nationaalgeoregister.nl:443/geonetwork/srv/dut/csw?service=CSW&request=GetRecordById&version=2.0.2&outputSchema=http://www.isotc211.org/2005/gmd&elementSetName=full&id=8829e5dd-c861-4639-a6c8-fdbb6e3440d2#MD_DataIdentification, https://www.nationaalgeoregister.nl:443/geonetwork/srv/dut/csw?service=CSW&request=GetRecordById&version=2.0.2&outputSchema=http://www.isotc211.org/2005/gmd&elementSetName=full&id=710c381c-ab2d-45d5-a45d-af2eba811e5f#MD_DataIdentification, https://www.nationaalgeoregister.nl:443/geonetwork/srv/dut/csw?service=CSW&request=GetRecordById&version=2.0.2&outputSchema=http://www.isotc211.org/2005/gmd&elementSetName=full&id=a9b7026e-0a81-4813-93bd-ba49e6f28502#MD_DataIdentification, https://www.nationaalgeoregister.nl:443/geonetwork/srv/dut/csw?service=CSW&request=GetRecordById&version=2.0.2&outputSchema=http://www.isotc211.org/2005/gmd&elementSetName=full&id=2e5f0f60-0f2f-4e17-96af-c913fe305ecb#MD_DataIdentification, https://www.nationaalgeoregister.nl:443/geonetwork/srv/dut/csw?service=CSW&request=GetRecordById&version=2.0.2&outputSchema=http://www.isotc211.org/2005/gmd&elementSetName=full&id=00d8c7c8-98ff-4b06-8f53-b44216e6e75c#MD_DataIdentification, https://www.nationaalgeoregister.nl:443/geonetwork/srv/dut/csw?service=CSW&request=GetRecordById&version=2.0.2&outputSchema=http://www.isotc211.org/2005/gmd&elementSetName=full&id=701d4eb8-8aae-4708-bba5-3edf6987676d#MD_DataIdentification, https://www.nationaalgeoregister.nl:443/geonetwork/srv/dut/csw?service=CSW&request=GetRecordById&version=2.0.2&outputSchema=http://www.isotc211.org/2005/gmd&elementSetName=full&id=17716ed7-ce0d-4bfd-8868-a398e5578a36#MD_DataIdentification, https://www.nationaalgeoregister.nl:443/geonetwork/srv/dut/csw?service=CSW&request=GetRecordById&version=2.0.2&outputSchema=http://www.isotc211.org/2005/gmd&elementSetName=full&id=29d5310f-dd0d-45ba-abad-b4ffc6b8785f#MD_DataIdentification, https://www.nationaalgeoregister.nl:443/geonetwork/srv/dut/csw?service=CSW&request=GetRecordById&version=2.0.2&outputSchema=http://www.isotc211.org/2005/gmd&elementSetName=full&id=831f7bd7-c2ae-4336-bd2f-47ab20d7cdb7#MD_DataIdentification, https://www.nationaalgeoregister.nl:443/geonetwork/srv/dut/csw?service=CSW&request=GetRecordById&version=2.0.2&outputSchema=http://www.isotc211.org/2005/gmd&elementSetName=full&id=0f297898-2640-44c2-bbe9-c0480da83794#MD_DataIdentification, https://www.nationaalgeoregister.nl:443/geonetwork/srv/dut/csw?service=CSW&request=GetRecordById&version=2.0.2&outputSchema=http://www.isotc211.org/2005/gmd&elementSetName=full&id=abaf1e22-55aa-4a11-a855-7ac963e4a82b#MD_DataIdentification, https://www.nationaalgeoregister.nl:443/geonetwork/srv/dut/csw?service=CSW&request=GetRecordById&version=2.0.2&outputSchema=http://www.isotc211.org/2005/gmd&elementSetName=full&id=07d73b60-dfd6-4c54-9c82-9fac70c6c48e#MD_DataIdentification, https://www.nationaalgeoregister.nl:443/geonetwork/srv/dut/csw?service=CSW&request=GetRecordById&version=2.0.2&outputSchema=http://www.isotc211.org/2005/gmd&elementSetName=full&id=d25fe199-2430-48fd-ad57-5b5f79f73cdf#MD_DataIdentification, https://www.nationaalgeoregister.nl:443/geonetwork/srv/dut/csw?service=CSW&request=GetRecordById&version=2.0.2&outputSchema=http://www.isotc211.org/2005/gmd&elementSetName=full&id=e536d943-ecff-4d7a-9500-cc31a263a6af#MD_DataIdentification, https://www.nationaalgeoregister.nl:443/geonetwork/srv/dut/csw?service=CSW&request=GetRecordById&version=2.0.2&outputSchema=http://www.isotc211.org/2005/gmd&elementSetName=full&id=bbece924-9aab-4e00-8392-bce36b8f494e#MD_DataIdentification, https://www.nationaalgeoregister.nl:443/geonetwork/srv/dut/csw?service=CSW&request=GetRecordById&version=2.0.2&outputSchema=http://www.isotc211.org/2005/gmd&elementSetName=full&id=c935f2ab-9b65-4dc4-94a0-73aeb840a941#MD_DataIdentification, https://www.nationaalgeoregister.nl:443/geonetwork/srv/dut/csw?service=CSW&request=GetRecordById&version=2.0.2&outputSchema=http://www.isotc211.org/2005/gmd&elementSetName=full&id=81ff84ec-42a4-4481-840b-12713bbb5d38#MD_DataIdentification, https://www.nationaalgeoregister.nl:443/geonetwork/srv/dut/csw?service=CSW&request=GetRecordById&version=2.0.2&outputSchema=http://www.isotc211.org/2005/gmd&elementSetName=full&id=af0c582f-9e6b-46e6-865a-fc3a2d5289b9#MD_DataIdentification, https://www.nationaalgeoregister.nl:443/geonetwork/srv/dut/csw?service=CSW&request=GetRecordById&version=2.0.2&outputSchema=http://www.isotc211.org/2005/gmd&elementSetName=full&id=3eebf700-5abf-42e4-826c-03cfb497e366#MD_DataIdentification, https://www.nationaalgeoregister.nl:443/geonetwork/srv/dut/csw?service=CSW&request=GetRecordById&version=2.0.2&outputSchema=http://www.isotc211.org/2005/gmd&elementSetName=full&id=9d9f1738-aced-47c9-aaa0-c62474a2dcfb#MD_DataIdentification, https://www.nationaalgeoregister.nl:443/geonetwork/srv/dut/csw?service=CSW&request=GetRecordById&version=2.0.2&outputSchema=http://www.isotc211.org/2005/gmd&elementSetName=full&id=8eee71f9-9365-490d-9484-00263c6fa35c#MD_DataIdentification, https://www.nationaalgeoregister.nl:443/geonetwork/srv/dut/csw?service=CSW&request=GetRecordById&version=2.0.2&outputSchema=http://www.isotc211.org/2005/gmd&elementSetName=full&id=4961d305-fbb5-426a-9ba3-53e1ca5f3b18#MD_DataIdentification, https://www.nationaalgeoregister.nl:443/geonetwork/srv/dut/csw?service=CSW&request=GetRecordById&version=2.0.2&outputSchema=http://www.isotc211.org/2005/gmd&elementSetName=full&id=2af8df10-81ba-434a-8125-34fe8f127cf9#MD_DataIdentification, https://www.nationaalgeoregister.nl:443/geonetwork/srv/dut/csw?service=CSW&request=GetRecordById&version=2.0.2&outputSchema=http://www.isotc211.org/2005/gmd&elementSetName=full&id=6cde2ce7-3ecd-4785-b7b8-d62c3381efe9#MD_DataIdentification, https://www.nationaalgeoregister.nl:443/geonetwork/srv/dut/csw?service=CSW&request=GetRecordById&version=2.0.2&outputSchema=http://www.isotc211.org/2005/gmd&elementSetName=full&id=3229e4d7-4bcd-4b94-819d-8e62de69ce2e#MD_DataIdentification, https://www.nationaalgeoregister.nl:443/geonetwork/srv/dut/csw?service=CSW&request=GetRecordById&version=2.0.2&outputSchema=http://www.isotc211.org/2005/gmd&elementSetName=full&id=5d0dc580-ba7a-4c3b-968b-199efd92d6cf#MD_DataIdentification, https://www.nationaalgeoregister.nl:443/geonetwork/srv/dut/csw?service=CSW&request=GetRecordById&version=2.0.2&outputSchema=http://www.isotc211.org/2005/gmd&elementSetName=full&id=bffcd5d9-02b4-4e7d-991f-a386611cad84#MD_DataIdentification, https://www.nationaalgeoregister.nl:443/geonetwork/srv/dut/csw?service=CSW&request=GetRecordById&version=2.0.2&outputSchema=http://www.isotc211.org/2005/gmd&elementSetName=full&id=effe1ab0-073d-437c-af13-df5c5e07d6cd#MD_DataIdentification]",
  "organisation": "Beheer PDOK",
  "serviceIdentifierCode": "9ff1a13c-d1e0-4150-8523-91cb489ae1a4",
  "servicetype": "download",
  "title": "INSPIRE download service PDOK",
  "url": "https://geodata.nationaalgeoregister.nl/atom/index.xml"
}

15:22:03.557 [ForkJoinPool-2-worker-7] INFO  com.intuit.karate - [print] testing url:https://geodata.nationaalgeoregister.nl/atom/index.xml
15:22:03.558 [ForkJoinPool-2-worker-7] DEBUG com.intuit.karate - request:
1 > HEAD https://geodata.nationaalgeoregister.nl/atom/index.xml
1 > Accept-Encoding: gzip,deflate
1 > Connection: Keep-Alive
1 > Host: geodata.nationaalgeoregister.nl
1 > User-Agent: Apache-HttpClient/4.5.11 (Java/13.0.5)

15:22:03.600 [ForkJoinPool-2-worker-1] DEBUG com.intuit.karate - response time in milliseconds: 183.29
1 < 400
1 < Connection: close
1 < Content-Type: application/xml;charset=UTF-8
1 < Date: Mon, 26 Oct 2020 15:22:03 GMT
1 < Server: Apache/2.4.6 (Red Hat Enterprise Linux) OpenSSL/1.0.2k-fips

15:22:03.600 [ForkJoinPool-2-worker-1] ERROR com.intuit.karate - status code was: 400, expected: 200, response time: 183, url: http://services.inspire-provincies.nl/NaturalRiskZones/services/download_NZ?request=GetCapabilities, response: 
15:22:03.602 [pool-4-thread-2] INFO  com.intuit.karate.Runner - <<fail>> feature 348 of 367: tmp/junit17863174098671850733/Interprovinciaal-Overleg/Natuurbranden/download/INSPIRE-Download-service-voor-Gebieden-met-natuurrisico-s/checkdownloadurl.feature
---------------------------------------------------------
feature: tmp/junit17863174098671850733/Interprovinciaal-Overleg/Natuurbranden/download/INSPIRE-Download-service-voor-Gebieden-met-natuurrisico-s/checkdownloadurl.feature
report: target/surefire-reports/tmp.junit17863174098671850733.Interprovinciaal-Overleg.Natuurbranden.download.INSPIRE-Download-service-voor-Gebieden-met-natuurrisico-s.checkdownloadurl.json
scenarios:  1 | passed:  0 | failed:  1 | time: 0.1849
---------------------------------------------------------
15:22:03.605 [ForkJoinPool-2-worker-1] INFO  com.intuit.karate - karate.env system property was:  
15:22:03.606 [ForkJoinPool-2-worker-1] INFO  com.intuit.karate - [print] {
  "class": "metadata.Service",
  "electronicMailAddress": "[beheerPDOK@kadaster.nl, beheerPDOK@kadaster.nl]",
  "metadataStandardVersion": "Nederlands metadata profiel op ISO 19119 voor services 2.0",
  "operatesOn": "http://nationaalgeoregister.nl/geonetwork/srv/dut/csw?service=CSW&version=2.0.2&request=GetRecordById&outputschema=http://www.isotc211.org/2005/gmd&elementsetname=full&id=1462bbce-ccd3-4362-83d8-4535ca8f44eb#MD_DataIdentification",
  "organisation": "PDOK",
  "serviceIdentifierCode": "a5437cb4-98ef-4c8e-a5ed-000e7a82b774",
  "servicetype": "download",
  "title": "CBS Vierkantstatistieken 100m WFS",
  "url": "https://geodata.nationaalgeoregister.nl/cbsvierkanten100mv2/wfs?request=GetCapabilities"
}

15:22:03.607 [ForkJoinPool-2-worker-1] INFO  com.intuit.karate - [print] testing url:https://geodata.nationaalgeoregister.nl/cbsvierkanten100mv2/wfs?request=GetCapabilities
15:22:03.607 [ForkJoinPool-2-worker-1] DEBUG com.intuit.karate - request:
1 > HEAD https://geodata.nationaalgeoregister.nl/cbsvierkanten100mv2/wfs?request=GetCapabilities
1 > Accept-Encoding: gzip,deflate
1 > Connection: Keep-Alive
1 > Host: geodata.nationaalgeoregister.nl
1 > User-Agent: Apache-HttpClient/4.5.11 (Java/13.0.5)

15:22:03.629 [ForkJoinPool-2-worker-3] DEBUG com.intuit.karate - response time in milliseconds: 220.21
1 < 200
1 < Cache-Control: no-cache, no-store
1 < Connection: Keep-Alive
1 < Content-Type: text/xml;charset=UTF-8
1 < Date: Mon, 26 Oct 2020 15:22:03 GMT
1 < Keep-Alive: timeout=5, max=100
1 < Server: Apache/2.4.6 (Red Hat Enterprise Linux) OpenSSL/1.0.2k-fips
1 < deegree-version: unknown

15:22:03.630 [ForkJoinPool-2-worker-3] ERROR com.intuit.karate - assertion failed: path: $['Content-Length'][0], actual: null, expected: '#notnull', reason: actual json-path does not exist
15:22:03.631 [pool-4-thread-1] INFO  com.intuit.karate.Runner - <<fail>> feature 347 of 367: tmp/junit17863174098671850733/Interprovinciaal-Overleg/Zwemwaterlocaties-en-zwemwaterkwaliteit---monsterpunten/view/INSPIRE-View-service-voor-Milieubewakingsvoorzieningen/checkViewUrl.feature
---------------------------------------------------------
feature: tmp/junit17863174098671850733/Interprovinciaal-Overleg/Zwemwaterlocaties-en-zwemwaterkwaliteit---monsterpunten/view/INSPIRE-View-service-voor-Milieubewakingsvoorzieningen/checkViewUrl.feature
report: target/surefire-reports/tmp.junit17863174098671850733.Interprovinciaal-Overleg.Zwemwaterlocaties-en-zwemwaterkwaliteit---monsterpunten.view.INSPIRE-View-service-voor-Milieubewakingsvoorzieningen.checkViewUrl.json
scenarios:  1 | passed:  0 | failed:  1 | time: 0.2220
---------------------------------------------------------
15:22:03.633 [ForkJoinPool-2-worker-3] INFO  com.intuit.karate - karate.env system property was:  
15:22:03.636 [ForkJoinPool-2-worker-3] INFO  com.intuit.karate - [print] {
  "class": "metadata.Service",
  "electronicMailAddress": "[beheerPDOK@kadaster.nl, beheerPDOK@kadaster.nl]",
  "metadataStandardVersion": "Nederlands metadata profiel op ISO 19119 voor services 2.0",
  "operatesOn": "http://nationaalgeoregister.nl/geonetwork/srv/dut/csw?service=CSW&version=2.0.2&request=GetRecordById&outputschema=http://www.isotc211.org/2005/gmd&elementsetname=full&id=1462bbce-ccd3-4362-83d8-4535ca8f44eb#MD_DataIdentification",
  "organisation": "Beheer PDOK",
  "serviceIdentifierCode": "abf1f9f0-1b85-40e8-86ec-86bee6003b4e",
  "servicetype": "view",
  "title": "CBS Vierkantstatistieken 100m WMS",
  "url": "https://geodata.nationaalgeoregister.nl/cbsvierkanten100mv2/wms/?request=GetCapabilities"
}

15:22:03.636 [ForkJoinPool-2-worker-3] INFO  com.intuit.karate - [print] testing url:https://geodata.nationaalgeoregister.nl/cbsvierkanten100mv2/wms/?request=GetCapabilities
15:22:03.636 [ForkJoinPool-2-worker-3] DEBUG com.intuit.karate - request:
1 > HEAD https://geodata.nationaalgeoregister.nl/cbsvierkanten100mv2/wms/?request=GetCapabilities
1 > Accept-Encoding: gzip,deflate
1 > Connection: Keep-Alive
1 > Host: geodata.nationaalgeoregister.nl
1 > User-Agent: Apache-HttpClient/4.5.11 (Java/13.0.5)

15:22:03.645 [ForkJoinPool-2-worker-5] DEBUG com.intuit.karate - response time in milliseconds: 225.38
1 < 200
1 < Cache-Control: no-cache, no-store
1 < Connection: Keep-Alive
1 < Content-Type: text/xml;charset=UTF-8
1 < Date: Mon, 26 Oct 2020 15:22:03 GMT
1 < Keep-Alive: timeout=5, max=100
1 < Server: Apache/2.4.6 (Red Hat Enterprise Linux) OpenSSL/1.0.2k-fips
1 < deegree-version: unknown

15:22:03.645 [ForkJoinPool-2-worker-5] ERROR com.intuit.karate - assertion failed: path: $['Content-Length'][0], actual: null, expected: '#notnull', reason: actual json-path does not exist
15:22:03.647 [pool-4-thread-4] INFO  com.intuit.karate.Runner - <<fail>> feature 349 of 367: tmp/junit17863174098671850733/Interprovinciaal-Overleg/Natuurbranden/view/INSPIRE-View-service-voor-Gebieden-met-natuurrisico-s/checkViewUrl.feature
---------------------------------------------------------
feature: tmp/junit17863174098671850733/Interprovinciaal-Overleg/Natuurbranden/view/INSPIRE-View-service-voor-Gebieden-met-natuurrisico-s/checkViewUrl.feature
report: target/surefire-reports/tmp.junit17863174098671850733.Interprovinciaal-Overleg.Natuurbranden.view.INSPIRE-View-service-voor-Gebieden-met-natuurrisico-s.checkViewUrl.json
scenarios:  1 | passed:  0 | failed:  1 | time: 0.2270
---------------------------------------------------------
15:22:03.649 [ForkJoinPool-2-worker-5] INFO  com.intuit.karate - karate.env system property was:  
15:22:03.652 [ForkJoinPool-2-worker-5] INFO  com.intuit.karate - [print] {
  "class": "metadata.Service",
  "electronicMailAddress": "[beheerpdok@kadaster.nl, beheer pdok@kadaster.nl]",
  "metadataStandardVersion": "Nederlands metadata profiel op ISO 19119 voor services 2.0",
  "operatesOn": "[https://www.nationaalgeoregister.nl:443/geonetwork/srv/dut/csw?service=CSW&request=GetRecordById&version=2.0.2&outputSchema=http://www.isotc211.org/2005/gmd&elementSetName=full&id=5a1adb58-0bbe-425d-b0fe-577a6c0a4228#MD_DataIdentification, https://www.nationaalgeoregister.nl:443/geonetwork/srv/dut/csw?service=CSW&request=GetRecordById&version=2.0.2&outputSchema=http://www.isotc211.org/2005/gmd&elementSetName=full&id=71c2b7d2-a1a8-4836-b8d4-7247d331b04d#MD_DataIdentification, https://www.nationaalgeoregister.nl:443/geonetwork/srv/dut/csw?service=CSW&request=GetRecordById&version=2.0.2&outputSchema=http://www.isotc211.org/2005/gmd&elementSetName=full&id=1462bbce-ccd3-4362-83d8-4535ca8f44eb#MD_DataIdentification, https://www.nationaalgeoregister.nl:443/geonetwork/srv/dut/csw?service=CSW&request=GetRecordById&version=2.0.2&outputSchema=http://www.isotc211.org/2005/gmd&elementSetName=full&id=f605a24f-60cd-4c40-94c8-2186aba3ddd0#MD_DataIdentification, https://www.nationaalgeoregister.nl:443/geonetwork/srv/dut/csw?service=CSW&request=GetRecordById&version=2.0.2&outputSchema=http://www.isotc211.org/2005/gmd&elementSetName=full&id=76091be7-358a-4a44-8182-b4139c96c6a4#MD_DataIdentification, https://www.nationaalgeoregister.nl:443/geonetwork/srv/dut/csw?service=CSW&request=GetRecordById&version=2.0.2&outputSchema=http://www.isotc211.org/2005/gmd&elementSetName=full&id=8829e5dd-c861-4639-a6c8-fdbb6e3440d2#MD_DataIdentification, https://www.nationaalgeoregister.nl:443/geonetwork/srv/dut/csw?service=CSW&request=GetRecordById&version=2.0.2&outputSchema=http://www.isotc211.org/2005/gmd&elementSetName=full&id=710c381c-ab2d-45d5-a45d-af2eba811e5f#MD_DataIdentification, https://www.nationaalgeoregister.nl:443/geonetwork/srv/dut/csw?service=CSW&request=GetRecordById&version=2.0.2&outputSchema=http://www.isotc211.org/2005/gmd&elementSetName=full&id=a9b7026e-0a81-4813-93bd-ba49e6f28502#MD_DataIdentification, https://www.nationaalgeoregister.nl:443/geonetwork/srv/dut/csw?service=CSW&request=GetRecordById&version=2.0.2&outputSchema=http://www.isotc211.org/2005/gmd&elementSetName=full&id=2e5f0f60-0f2f-4e17-96af-c913fe305ecb#MD_DataIdentification, https://www.nationaalgeoregister.nl:443/geonetwork/srv/dut/csw?service=CSW&request=GetRecordById&version=2.0.2&outputSchema=http://www.isotc211.org/2005/gmd&elementSetName=full&id=00d8c7c8-98ff-4b06-8f53-b44216e6e75c#MD_DataIdentification, https://www.nationaalgeoregister.nl:443/geonetwork/srv/dut/csw?service=CSW&request=GetRecordById&version=2.0.2&outputSchema=http://www.isotc211.org/2005/gmd&elementSetName=full&id=701d4eb8-8aae-4708-bba5-3edf6987676d#MD_DataIdentification, https://www.nationaalgeoregister.nl:443/geonetwork/srv/dut/csw?service=CSW&request=GetRecordById&version=2.0.2&outputSchema=http://www.isotc211.org/2005/gmd&elementSetName=full&id=17716ed7-ce0d-4bfd-8868-a398e5578a36#MD_DataIdentification, https://www.nationaalgeoregister.nl:443/geonetwork/srv/dut/csw?service=CSW&request=GetRecordById&version=2.0.2&outputSchema=http://www.isotc211.org/2005/gmd&elementSetName=full&id=29d5310f-dd0d-45ba-abad-b4ffc6b8785f#MD_DataIdentification, https://www.nationaalgeoregister.nl:443/geonetwork/srv/dut/csw?service=CSW&request=GetRecordById&version=2.0.2&outputSchema=http://www.isotc211.org/2005/gmd&elementSetName=full&id=831f7bd7-c2ae-4336-bd2f-47ab20d7cdb7#MD_DataIdentification, https://www.nationaalgeoregister.nl:443/geonetwork/srv/dut/csw?service=CSW&request=GetRecordById&version=2.0.2&outputSchema=http://www.isotc211.org/2005/gmd&elementSetName=full&id=0f297898-2640-44c2-bbe9-c0480da83794#MD_DataIdentification, https://www.nationaalgeoregister.nl:443/geonetwork/srv/dut/csw?service=CSW&request=GetRecordById&version=2.0.2&outputSchema=http://www.isotc211.org/2005/gmd&elementSetName=full&id=abaf1e22-55aa-4a11-a855-7ac963e4a82b#MD_DataIdentification, https://www.nationaalgeoregister.nl:443/geonetwork/srv/dut/csw?service=CSW&request=GetRecordById&version=2.0.2&outputSchema=http://www.isotc211.org/2005/gmd&elementSetName=full&id=07d73b60-dfd6-4c54-9c82-9fac70c6c48e#MD_DataIdentification, https://www.nationaalgeoregister.nl:443/geonetwork/srv/dut/csw?service=CSW&request=GetRecordById&version=2.0.2&outputSchema=http://www.isotc211.org/2005/gmd&elementSetName=full&id=d25fe199-2430-48fd-ad57-5b5f79f73cdf#MD_DataIdentification, https://www.nationaalgeoregister.nl:443/geonetwork/srv/dut/csw?service=CSW&request=GetRecordById&version=2.0.2&outputSchema=http://www.isotc211.org/2005/gmd&elementSetName=full&id=e536d943-ecff-4d7a-9500-cc31a263a6af#MD_DataIdentification, https://www.nationaalgeoregister.nl:443/geonetwork/srv/dut/csw?service=CSW&request=GetRecordById&version=2.0.2&outputSchema=http://www.isotc211.org/2005/gmd&elementSetName=full&id=bbece924-9aab-4e00-8392-bce36b8f494e#MD_DataIdentification, https://www.nationaalgeoregister.nl:443/geonetwork/srv/dut/csw?service=CSW&request=GetRecordById&version=2.0.2&outputSchema=http://www.isotc211.org/2005/gmd&elementSetName=full&id=c935f2ab-9b65-4dc4-94a0-73aeb840a941#MD_DataIdentification, https://www.nationaalgeoregister.nl:443/geonetwork/srv/dut/csw?service=CSW&request=GetRecordById&version=2.0.2&outputSchema=http://www.isotc211.org/2005/gmd&elementSetName=full&id=81ff84ec-42a4-4481-840b-12713bbb5d38#MD_DataIdentification, https://www.nationaalgeoregister.nl:443/geonetwork/srv/dut/csw?service=CSW&request=GetRecordById&version=2.0.2&outputSchema=http://www.isotc211.org/2005/gmd&elementSetName=full&id=af0c582f-9e6b-46e6-865a-fc3a2d5289b9#MD_DataIdentification, https://www.nationaalgeoregister.nl:443/geonetwork/srv/dut/csw?service=CSW&request=GetRecordById&version=2.0.2&outputSchema=http://www.isotc211.org/2005/gmd&elementSetName=full&id=3eebf700-5abf-42e4-826c-03cfb497e366#MD_DataIdentification, https://www.nationaalgeoregister.nl:443/geonetwork/srv/dut/csw?service=CSW&request=GetRecordById&version=2.0.2&outputSchema=http://www.isotc211.org/2005/gmd&elementSetName=full&id=9d9f1738-aced-47c9-aaa0-c62474a2dcfb#MD_DataIdentification, https://www.nationaalgeoregister.nl:443/geonetwork/srv/dut/csw?service=CSW&request=GetRecordById&version=2.0.2&outputSchema=http://www.isotc211.org/2005/gmd&elementSetName=full&id=8eee71f9-9365-490d-9484-00263c6fa35c#MD_DataIdentification, https://www.nationaalgeoregister.nl:443/geonetwork/srv/dut/csw?service=CSW&request=GetRecordById&version=2.0.2&outputSchema=http://www.isotc211.org/2005/gmd&elementSetName=full&id=4961d305-fbb5-426a-9ba3-53e1ca5f3b18#MD_DataIdentification, https://www.nationaalgeoregister.nl:443/geonetwork/srv/dut/csw?service=CSW&request=GetRecordById&version=2.0.2&outputSchema=http://www.isotc211.org/2005/gmd&elementSetName=full&id=2af8df10-81ba-434a-8125-34fe8f127cf9#MD_DataIdentification, https://www.nationaalgeoregister.nl:443/geonetwork/srv/dut/csw?service=CSW&request=GetRecordById&version=2.0.2&outputSchema=http://www.isotc211.org/2005/gmd&elementSetName=full&id=6cde2ce7-3ecd-4785-b7b8-d62c3381efe9#MD_DataIdentification, https://www.nationaalgeoregister.nl:443/geonetwork/srv/dut/csw?service=CSW&request=GetRecordById&version=2.0.2&outputSchema=http://www.isotc211.org/2005/gmd&elementSetName=full&id=3229e4d7-4bcd-4b94-819d-8e62de69ce2e#MD_DataIdentification, https://www.nationaalgeoregister.nl:443/geonetwork/srv/dut/csw?service=CSW&request=GetRecordById&version=2.0.2&outputSchema=http://www.isotc211.org/2005/gmd&elementSetName=full&id=5d0dc580-ba7a-4c3b-968b-199efd92d6cf#MD_DataIdentification, https://www.nationaalgeoregister.nl:443/geonetwork/srv/dut/csw?service=CSW&request=GetRecordById&version=2.0.2&outputSchema=http://www.isotc211.org/2005/gmd&elementSetName=full&id=bffcd5d9-02b4-4e7d-991f-a386611cad84#MD_DataIdentification, https://www.nationaalgeoregister.nl:443/geonetwork/srv/dut/csw?service=CSW&request=GetRecordById&version=2.0.2&outputSchema=http://www.isotc211.org/2005/gmd&elementSetName=full&id=effe1ab0-073d-437c-af13-df5c5e07d6cd#MD_DataIdentification]",
  "organisation": "Beheer PDOK",
  "serviceIdentifierCode": "9ff1a13c-d1e0-4150-8523-91cb489ae1a4",
  "servicetype": "download",
  "title": "INSPIRE download service PDOK",
  "url": "https://geodata.nationaalgeoregister.nl/atom/index.xml"
}

15:22:03.652 [ForkJoinPool-2-worker-5] INFO  com.intuit.karate - [print] testing url:https://geodata.nationaalgeoregister.nl/atom/index.xml
15:22:03.653 [ForkJoinPool-2-worker-5] DEBUG com.intuit.karate - request:
1 > HEAD https://geodata.nationaalgeoregister.nl/atom/index.xml
1 > Accept-Encoding: gzip,deflate
1 > Connection: Keep-Alive
1 > Host: geodata.nationaalgeoregister.nl
1 > User-Agent: Apache-HttpClient/4.5.11 (Java/13.0.5)

15:22:03.956 [ForkJoinPool-2-worker-7] DEBUG com.intuit.karate - response time in milliseconds: 398.71
1 < 200
1 < Access-Control-Allow-Headers: SOAPAction,X-Requested-With,Content-Type,Origin,Authorization,Accept
1 < Access-Control-Allow-Methods: POST, GET, OPTIONS, HEAD
1 < Access-Control-Allow-Origin: *
1 < Access-Control-Max-Age: 1000
1 < Content-Length: 59006
1 < Content-Type: text/xml
1 < Date: Mon, 26 Oct 2020 15:22:03 GMT
1 < X-Cnection: [close, close]

15:22:03.959 [pool-4-thread-3] INFO  com.intuit.karate.Runner - <<pass>> feature 350 of 367: tmp/junit17863174098671850733/PDOK--Beheer-PDOK--Beheer-PDOK/CBS-Vierkantstatistieken-100m/download/INSPIRE-download-service-PDOK/checkdownloadurl.feature
---------------------------------------------------------
feature: tmp/junit17863174098671850733/PDOK--Beheer-PDOK--Beheer-PDOK/CBS-Vierkantstatistieken-100m/download/INSPIRE-download-service-PDOK/checkdownloadurl.feature
report: target/surefire-reports/tmp.junit17863174098671850733.PDOK--Beheer-PDOK--Beheer-PDOK.CBS-Vierkantstatistieken-100m.download.INSPIRE-download-service-PDOK.checkdownloadurl.json
scenarios:  1 | passed:  1 | failed:  0 | time: 0.4017
---------------------------------------------------------
15:22:03.962 [ForkJoinPool-2-worker-7] INFO  com.intuit.karate - karate.env system property was:  
15:22:03.963 [ForkJoinPool-2-worker-7] INFO  com.intuit.karate - [print] {
  "class": "metadata.Service",
  "electronicMailAddress": "[beheerPDOK@kadaster.nl, beheerPDOK@kadaster.nl]",
  "metadataStandardVersion": "Nederlands metadata profiel op ISO 19119 voor services 2.0",
  "operatesOn": "http://nationaalgeoregister.nl/geonetwork/srv/dut/csw?service=CSW&version=2.0.2&request=GetRecordById&outputschema=http://www.isotc211.org/2005/gmd&elementsetname=full&id=effe1ab0-073d-437c-af13-df5c5e07d6cd#MD_DataIdentification",
  "organisation": "PDOK",
  "serviceIdentifierCode": "d94b1eca-8a7d-4dc4-b979-36257878758f",
  "servicetype": "download",
  "title": "CBS Gebiedsindelingen WFS",
  "url": "https://geodata.nationaalgeoregister.nl/cbsgebiedsindelingen/wfs?request=GetCapabilities"
}

15:22:03.963 [ForkJoinPool-2-worker-7] INFO  com.intuit.karate - [print] testing url:https://geodata.nationaalgeoregister.nl/cbsgebiedsindelingen/wfs?request=GetCapabilities
15:22:03.967 [ForkJoinPool-2-worker-7] DEBUG com.intuit.karate - request:
1 > HEAD https://geodata.nationaalgeoregister.nl/cbsgebiedsindelingen/wfs?request=GetCapabilities
1 > Accept-Encoding: gzip,deflate
1 > Connection: Keep-Alive
1 > Host: geodata.nationaalgeoregister.nl
1 > User-Agent: Apache-HttpClient/4.5.11 (Java/13.0.5)

15:22:04.064 [ForkJoinPool-2-worker-5] DEBUG com.intuit.karate - response time in milliseconds: 411.07
1 < 200
1 < Access-Control-Allow-Headers: SOAPAction,X-Requested-With,Content-Type,Origin,Authorization,Accept
1 < Access-Control-Allow-Methods: POST, GET, OPTIONS, HEAD
1 < Access-Control-Allow-Origin: *
1 < Access-Control-Max-Age: 1000
1 < Content-Length: 59006
1 < Content-Type: text/xml
1 < Date: Mon, 26 Oct 2020 15:22:03 GMT
1 < X-Cnection: [close, close]

15:22:04.066 [pool-4-thread-4] INFO  com.intuit.karate.Runner - <<pass>> feature 353 of 367: tmp/junit17863174098671850733/PDOK--Beheer-PDOK--Beheer-PDOK/CBS-gebiedsindelingen/download/INSPIRE-download-service-PDOK/checkdownloadurl.feature
---------------------------------------------------------
feature: tmp/junit17863174098671850733/PDOK--Beheer-PDOK--Beheer-PDOK/CBS-gebiedsindelingen/download/INSPIRE-download-service-PDOK/checkdownloadurl.feature
report: target/surefire-reports/tmp.junit17863174098671850733.PDOK--Beheer-PDOK--Beheer-PDOK.CBS-gebiedsindelingen.download.INSPIRE-download-service-PDOK.checkdownloadurl.json
scenarios:  1 | passed:  1 | failed:  0 | time: 0.4153
---------------------------------------------------------
15:22:04.068 [ForkJoinPool-2-worker-5] INFO  com.intuit.karate - karate.env system property was:  
15:22:04.079 [ForkJoinPool-2-worker-1] DEBUG com.intuit.karate - response time in milliseconds: 471.12
1 < 200
1 < Access-Control-Allow-Headers: SOAPAction,X-Requested-With,Content-Type,Origin,Authorization,Accept
1 < Access-Control-Allow-Methods: POST, GET, OPTIONS, HEAD
1 < Access-Control-Allow-Origin: *
1 < Access-Control-Max-Age: 1000
1 < Content-Disposition: inline; filename=geoserver-GetCapabilities.application
1 < Content-Type: application/xml
1 < Date: Mon, 26 Oct 2020 15:22:03 GMT
1 < X-Cnection: [close, close]

15:22:04.079 [ForkJoinPool-2-worker-5] INFO  com.intuit.karate - [print] {
  "class": "metadata.Service",
  "electronicMailAddress": "[beheerPDOK@kadaster.nl, beheerPDOK@kadaster.nl]",
  "metadataStandardVersion": "Nederlands metadata profiel op ISO 19119 voor services 2.0",
  "operatesOn": "http://nationaalgeoregister.nl/geonetwork/srv/dut/csw?service=CSW&version=2.0.2&request=GetRecordById&outputschema=http://www.isotc211.org/2005/gmd&elementsetname=full&id=effe1ab0-073d-437c-af13-df5c5e07d6cd#MD_DataIdentification",
  "organisation": "Beheer PDOK",
  "serviceIdentifierCode": "488c1e6d-363e-4476-b2ff-17756ac9b35f",
  "servicetype": "view",
  "title": "CBS Gebiedsindelingen WMS",
  "url": "https://geodata.nationaalgeoregister.nl/cbsgebiedsindelingen/wms?request=GetCapabilities"
}

15:22:04.079 [ForkJoinPool-2-worker-5] INFO  com.intuit.karate - [print] testing url:https://geodata.nationaalgeoregister.nl/cbsgebiedsindelingen/wms?request=GetCapabilities
15:22:04.079 [ForkJoinPool-2-worker-1] ERROR com.intuit.karate - assertion failed: path: $['Content-Length'][0], actual: null, expected: '#notnull', reason: actual json-path does not exist
15:22:04.080 [ForkJoinPool-2-worker-5] DEBUG com.intuit.karate - request:
1 > HEAD https://geodata.nationaalgeoregister.nl/cbsgebiedsindelingen/wms?request=GetCapabilities
1 > Accept-Encoding: gzip,deflate
1 > Connection: Keep-Alive
1 > Host: geodata.nationaalgeoregister.nl
1 > User-Agent: Apache-HttpClient/4.5.11 (Java/13.0.5)

15:22:04.083 [pool-4-thread-2] INFO  com.intuit.karate.Runner - <<fail>> feature 351 of 367: tmp/junit17863174098671850733/PDOK--Beheer-PDOK--Beheer-PDOK/CBS-Vierkantstatistieken-100m/download/CBS-Vierkantstatistieken-100m-WFS/checkdownloadurl.feature
---------------------------------------------------------
feature: tmp/junit17863174098671850733/PDOK--Beheer-PDOK--Beheer-PDOK/CBS-Vierkantstatistieken-100m/download/CBS-Vierkantstatistieken-100m-WFS/checkdownloadurl.feature
report: target/surefire-reports/tmp.junit17863174098671850733.PDOK--Beheer-PDOK--Beheer-PDOK.CBS-Vierkantstatistieken-100m.download.CBS-Vierkantstatistieken-100m-WFS.checkdownloadurl.json
scenarios:  1 | passed:  0 | failed:  1 | time: 0.4736
---------------------------------------------------------
15:22:04.092 [ForkJoinPool-2-worker-1] INFO  com.intuit.karate - karate.env system property was:  
15:22:04.093 [ForkJoinPool-2-worker-1] INFO  com.intuit.karate - [print] {
  "class": "metadata.Service",
  "electronicMailAddress": "[ontheffingen@rdw.nl, ontheffingen@rdw.nl]",
  "metadataStandardVersion": "Nederlands metadata profiel op ISO 19119 voor services 2.0",
  "operatesOn": "https://www.nationaalgeoregister.nl:443/geonetwork/srv/dut/csw?service=CSW&request=GetRecordById&version=2.0.2&outputSchema=http://www.isotc211.org/2005/gmd&elementSetName=full&id=fe2f9091-1962-4073-9e3b-3e4aeed488a5#MD_DataIdentification",
  "organisation": "RDW",
  "serviceIdentifierCode": "b85d4a0a-c0f7-42f4-9316-b214d205ca38",
  "servicetype": "download",
  "title": "Beperkingen voor voertuigen (INSPIRE download-service)",
  "url": "http://inspire.rdw.nl/www/download/rdw-inspire.xml"
}

15:22:04.094 [ForkJoinPool-2-worker-1] INFO  com.intuit.karate - [print] testing url:http://inspire.rdw.nl/www/download/rdw-inspire.xml
15:22:04.095 [ForkJoinPool-2-worker-1] DEBUG com.intuit.karate - request:
1 > HEAD http://inspire.rdw.nl/www/download/rdw-inspire.xml
1 > Accept-Encoding: gzip,deflate
1 > Connection: Keep-Alive
1 > Host: inspire.rdw.nl
1 > User-Agent: Apache-HttpClient/4.5.11 (Java/13.0.5)

15:22:04.200 [ForkJoinPool-2-worker-3] DEBUG com.intuit.karate - response time in milliseconds: 561.43
1 < 200
1 < Access-Control-Allow-Headers: SOAPAction,X-Requested-With,Content-Type,Origin,Authorization,Accept
1 < Access-Control-Allow-Methods: POST, GET, OPTIONS, HEAD
1 < Access-Control-Allow-Origin: *
1 < Access-Control-Max-Age: 1000
1 < Content-Disposition: inline; filename=getcapabilities_1.3.0.xml
1 < Content-Type: text/xml
1 < Date: Mon, 26 Oct 2020 15:22:03 GMT
1 < X-Cnection: [close, close]

15:22:04.201 [ForkJoinPool-2-worker-3] ERROR com.intuit.karate - assertion failed: path: $['Content-Length'][0], actual: null, expected: '#notnull', reason: actual json-path does not exist
15:22:04.202 [pool-4-thread-1] INFO  com.intuit.karate.Runner - <<fail>> feature 352 of 367: tmp/junit17863174098671850733/PDOK--Beheer-PDOK--Beheer-PDOK/CBS-Vierkantstatistieken-100m/view/CBS-Vierkantstatistieken-100m-WMS/checkViewUrl.feature
---------------------------------------------------------
feature: tmp/junit17863174098671850733/PDOK--Beheer-PDOK--Beheer-PDOK/CBS-Vierkantstatistieken-100m/view/CBS-Vierkantstatistieken-100m-WMS/checkViewUrl.feature
report: target/surefire-reports/tmp.junit17863174098671850733.PDOK--Beheer-PDOK--Beheer-PDOK.CBS-Vierkantstatistieken-100m.view.CBS-Vierkantstatistieken-100m-WMS.checkViewUrl.json
scenarios:  1 | passed:  0 | failed:  1 | time: 0.5657
---------------------------------------------------------
15:22:04.205 [ForkJoinPool-2-worker-3] INFO  com.intuit.karate - karate.env system property was:  
15:22:04.206 [ForkJoinPool-2-worker-3] INFO  com.intuit.karate - [print] {
  "class": "metadata.Service",
  "electronicMailAddress": "[info@cultureelerfgoed.nl, info@cultureelerfgoed.nl]",
  "metadataStandardVersion": "Nederlandse metadata profiel op ISO 19119 voor services 1.2",
  "operatesOn": "[http://www.nationaalgeoregister.nl/geonetwork/srv/nl/csw?Service=CSW&Request=GetRecordById&Version=2.0.2&id=6f84efeb-fc1d-4565-a721-80735ea57dbd&outputSchema=http://www.isotc211.org/2005/gmd&elementSetName=full, http://www.nationaalgeoregister.nl/geonetwork/srv/nl/csw?Service=CSW&Request=GetRecordById&Version=2.0.2&id=dfe5b146-354f-4bc7-99b1-6713817afac9&outputSchema=http://www.isotc211.org/2005/gmd&elementSetName=full, http://www.nationaalgeoregister.nl/geonetwork/srv/nl/csw?Service=CSW&Request=GetRecordById&Version=2.0.2&id=4e2ef670-cddd-11dd-ad8b-0800200c9a66&outputSchema=http://www.isotc211.org/2005/gmd&elementSetName=full, http://www.nationaalgeoregister.nl/geonetwork/srv/nl/csw?Service=CSW&Request=GetRecordById&Version=2.0.2&id=88a3c1ae-902e-4efa-8663-ddd836101929&outputSchema=http://www.isotc211.org/2005/gmd&elementSetName=full]",
  "organisation": "Rijksdienst voor het Cultureel Erfgoed",
  "serviceIdentifierCode": "ef2a7962-8bb4-483f-ac78-851b619f357f",
  "servicetype": "download",
  "title": "INSPIRE Download service Beschermde gebieden",
  "url": "http://services.rce.geovoorziening.nl/www/download/nl.xml"
}

15:22:04.207 [ForkJoinPool-2-worker-3] INFO  com.intuit.karate - [print] testing url:http://services.rce.geovoorziening.nl/www/download/nl.xml
15:22:04.208 [ForkJoinPool-2-worker-3] DEBUG com.intuit.karate - request:
1 > HEAD http://services.rce.geovoorziening.nl/www/download/nl.xml
1 > Accept-Encoding: gzip,deflate
1 > Connection: Keep-Alive
1 > Host: services.rce.geovoorziening.nl
1 > User-Agent: Apache-HttpClient/4.5.11 (Java/13.0.5)

15:22:04.403 [ForkJoinPool-2-worker-7] DEBUG com.intuit.karate - response time in milliseconds: 436.14
1 < 200
1 < Access-Control-Allow-Headers: SOAPAction,X-Requested-With,Content-Type,Origin,Authorization,Accept
1 < Access-Control-Allow-Methods: POST, GET, OPTIONS, HEAD
1 < Access-Control-Allow-Origin: *
1 < Access-Control-Max-Age: 1000
1 < Content-Disposition: inline; filename=geoserver-GetCapabilities.application
1 < Content-Type: application/xml
1 < Date: Mon, 26 Oct 2020 15:22:03 GMT
1 < X-Cnection: [close, close]

15:22:04.403 [ForkJoinPool-2-worker-7] ERROR com.intuit.karate - assertion failed: path: $['Content-Length'][0], actual: null, expected: '#notnull', reason: actual json-path does not exist
15:22:04.405 [pool-4-thread-3] INFO  com.intuit.karate.Runner - <<fail>> feature 354 of 367: tmp/junit17863174098671850733/PDOK--Beheer-PDOK--Beheer-PDOK/CBS-gebiedsindelingen/download/CBS-Gebiedsindelingen-WFS/checkdownloadurl.feature
---------------------------------------------------------
feature: tmp/junit17863174098671850733/PDOK--Beheer-PDOK--Beheer-PDOK/CBS-gebiedsindelingen/download/CBS-Gebiedsindelingen-WFS/checkdownloadurl.feature
report: target/surefire-reports/tmp.junit17863174098671850733.PDOK--Beheer-PDOK--Beheer-PDOK.CBS-gebiedsindelingen.download.CBS-Gebiedsindelingen-WFS.checkdownloadurl.json
scenarios:  1 | passed:  0 | failed:  1 | time: 0.4409
---------------------------------------------------------
15:22:04.408 [ForkJoinPool-2-worker-7] INFO  com.intuit.karate - karate.env system property was:  
15:22:04.409 [ForkJoinPool-2-worker-7] INFO  com.intuit.karate - [print] {
  "class": "metadata.Service",
  "electronicMailAddress": "[info@cultureelerfgoed.nl, info@cultureelerfgoed.nl]",
  "metadataStandardVersion": "Nederlands metadata profiel op ISO 19119 versie 1.2.1",
  "operatesOn": "[http://www.nationaalgeoregister.nl/geonetwork/srv/nl/csw?Service=CSW&Request=GetRecordById&Version=2.0.2&id=6f84efeb-fc1d-4565-a721-80735ea57dbd&outputSchema=http://www.isotc211.org/2005/gmd&elementSetName=full, http://www.nationaalgeoregister.nl/geonetwork/srv/nl/csw?Service=CSW&Request=GetRecordById&Version=2.0.2&id=dfe5b146-354f-4bc7-99b1-6713817afac9&outputSchema=http://www.isotc211.org/2005/gmd&elementSetName=full, http://www.nationaalgeoregister.nl/geonetwork/srv/nl/csw?Service=CSW&Request=GetRecordById&Version=2.0.2&id=4e2ef670-cddd-11dd-ad8b-0800200c9a66&outputSchema=http://www.isotc211.org/2005/gmd&elementSetName=full, http://www.nationaalgeoregister.nl/geonetwork/srv/nl/csw?Service=CSW&Request=GetRecordById&Version=2.0.2&id=88a3c1ae-902e-4efa-8663-ddd836101929&outputSchema=http://www.isotc211.org/2005/gmd&elementSetName=full]",
  "organisation": "Rijksdienst voor het Cultureel Erfgoed",
  "serviceIdentifierCode": "49ff0584-a173-4098-824c-119edf8447f7",
  "servicetype": "view",
  "title": "INSPIRE View service Beschermde gebieden",
  "url": "http://services.rce.geovoorziening.nl/rce/wms?"
}

15:22:04.409 [ForkJoinPool-2-worker-7] INFO  com.intuit.karate - [print] testing url:http://services.rce.geovoorziening.nl/rce/wms?
15:22:04.410 [ForkJoinPool-2-worker-7] DEBUG com.intuit.karate - request:
1 > HEAD http://services.rce.geovoorziening.nl/rce/wms?
1 > Accept-Encoding: gzip,deflate
1 > Connection: Keep-Alive
1 > Host: services.rce.geovoorziening.nl
1 > User-Agent: Apache-HttpClient/4.5.11 (Java/13.0.5)

15:22:04.450 [ForkJoinPool-2-worker-1] DEBUG com.intuit.karate - response time in milliseconds: 354.15
1 < 200
1 < Accept-Ranges: bytes
1 < Connection: keep-alive
1 < Content-Length: 3198
1 < Content-Type: text/xml
1 < Date: Mon, 26 Oct 2020 15:22:04 GMT
1 < ETag: "5f961fe9-c7e"
1 < Last-Modified: Mon, 26 Oct 2020 01:01:29 GMT
1 < Referrer-Policy: no-referrer
1 < Server: nginx
1 < Strict-Transport-Security: max-age=31536000; includeSubDomains; preload
1 < X-XSS-Protection: 1; mode=block

15:22:04.453 [pool-4-thread-2] INFO  com.intuit.karate.Runner - <<pass>> feature 356 of 367: tmp/junit17863174098671850733/RDW/Beperkingen-voor-voertuigen--INSPIRE-geharmoniseerde-data-/download/Beperkingen-voor-voertuigen--INSPIRE-download-service-/checkdownloadurl.feature
---------------------------------------------------------
feature: tmp/junit17863174098671850733/RDW/Beperkingen-voor-voertuigen--INSPIRE-geharmoniseerde-data-/download/Beperkingen-voor-voertuigen--INSPIRE-download-service-/checkdownloadurl.feature
report: target/surefire-reports/tmp.junit17863174098671850733.RDW.Beperkingen-voor-voertuigen--INSPIRE-geharmoniseerde-data-.download.Beperkingen-voor-voertuigen--INSPIRE-download-service-.checkdownloadurl.json
scenarios:  1 | passed:  1 | failed:  0 | time: 0.3578
---------------------------------------------------------
15:22:04.456 [ForkJoinPool-2-worker-1] INFO  com.intuit.karate - karate.env system property was:  
15:22:04.457 [ForkJoinPool-2-worker-1] INFO  com.intuit.karate - [print] {
  "class": "metadata.Service",
  "electronicMailAddress": "[info@cultureelerfgoed.nl, info@cultureelerfgoed.nl]",
  "metadataStandardVersion": "Nederlandse metadata profiel op ISO 19119 voor services 1.2",
  "operatesOn": "[http://www.nationaalgeoregister.nl/geonetwork/srv/nl/csw?Service=CSW&Request=GetRecordById&Version=2.0.2&id=6f84efeb-fc1d-4565-a721-80735ea57dbd&outputSchema=http://www.isotc211.org/2005/gmd&elementSetName=full, http://www.nationaalgeoregister.nl/geonetwork/srv/nl/csw?Service=CSW&Request=GetRecordById&Version=2.0.2&id=dfe5b146-354f-4bc7-99b1-6713817afac9&outputSchema=http://www.isotc211.org/2005/gmd&elementSetName=full, http://www.nationaalgeoregister.nl/geonetwork/srv/nl/csw?Service=CSW&Request=GetRecordById&Version=2.0.2&id=4e2ef670-cddd-11dd-ad8b-0800200c9a66&outputSchema=http://www.isotc211.org/2005/gmd&elementSetName=full, http://www.nationaalgeoregister.nl/geonetwork/srv/nl/csw?Service=CSW&Request=GetRecordById&Version=2.0.2&id=88a3c1ae-902e-4efa-8663-ddd836101929&outputSchema=http://www.isotc211.org/2005/gmd&elementSetName=full]",
  "organisation": "Rijksdienst voor het Cultureel Erfgoed",
  "serviceIdentifierCode": "ef2a7962-8bb4-483f-ac78-851b619f357f",
  "servicetype": "download",
  "title": "INSPIRE Download service Beschermde gebieden",
  "url": "http://services.rce.geovoorziening.nl/www/download/nl.xml"
}

15:22:04.461 [ForkJoinPool-2-worker-1] INFO  com.intuit.karate - [print] testing url:http://services.rce.geovoorziening.nl/www/download/nl.xml
15:22:04.463 [ForkJoinPool-2-worker-1] DEBUG com.intuit.karate - request:
1 > HEAD http://services.rce.geovoorziening.nl/www/download/nl.xml
1 > Accept-Encoding: gzip,deflate
1 > Connection: Keep-Alive
1 > Host: services.rce.geovoorziening.nl
1 > User-Agent: Apache-HttpClient/4.5.11 (Java/13.0.5)

15:22:04.540 [ForkJoinPool-2-worker-5] DEBUG com.intuit.karate - response time in milliseconds: 459.80
1 < 200
1 < Accept-Ranges: bytes
1 < Access-Control-Allow-Headers: SOAPAction,X-Requested-With,Content-Type,Origin,Authorization,Accept
1 < Access-Control-Allow-Methods: POST, GET, OPTIONS, HEAD
1 < Access-Control-Allow-Origin: *
1 < Access-Control-Max-Age: 1000
1 < Content-Type: application/xml
1 < Date: Mon, 26 Oct 2020 15:22:04 GMT
1 < ETag: "380a0d-5af58a64b8f5e-gzip"
1 < Last-Modified: Tue, 15 Sep 2020 11:42:45 GMT
1 < Vary: Accept-Encoding
1 < X-Cnection: [close, close]

15:22:04.540 [ForkJoinPool-2-worker-5] ERROR com.intuit.karate - assertion failed: path: $['Content-Length'][0], actual: null, expected: '#notnull', reason: actual json-path does not exist
15:22:04.541 [pool-4-thread-4] INFO  com.intuit.karate.Runner - <<fail>> feature 355 of 367: tmp/junit17863174098671850733/PDOK--Beheer-PDOK--Beheer-PDOK/CBS-gebiedsindelingen/view/CBS-Gebiedsindelingen-WMS/checkViewUrl.feature
---------------------------------------------------------
feature: tmp/junit17863174098671850733/PDOK--Beheer-PDOK--Beheer-PDOK/CBS-gebiedsindelingen/view/CBS-Gebiedsindelingen-WMS/checkViewUrl.feature
report: target/surefire-reports/tmp.junit17863174098671850733.PDOK--Beheer-PDOK--Beheer-PDOK.CBS-gebiedsindelingen.view.CBS-Gebiedsindelingen-WMS.checkViewUrl.json
scenarios:  1 | passed:  0 | failed:  1 | time: 0.4712
---------------------------------------------------------
15:22:04.564 [ForkJoinPool-2-worker-5] INFO  com.intuit.karate - karate.env system property was:  
15:22:04.565 [ForkJoinPool-2-worker-5] INFO  com.intuit.karate - [print] {
  "class": "metadata.Service",
  "electronicMailAddress": "[info@cultureelerfgoed.nl, info@cultureelerfgoed.nl]",
  "metadataStandardVersion": "Nederlands metadata profiel op ISO 19119 versie 1.2.1",
  "operatesOn": "[http://www.nationaalgeoregister.nl/geonetwork/srv/nl/csw?Service=CSW&Request=GetRecordById&Version=2.0.2&id=6f84efeb-fc1d-4565-a721-80735ea57dbd&outputSchema=http://www.isotc211.org/2005/gmd&elementSetName=full, http://www.nationaalgeoregister.nl/geonetwork/srv/nl/csw?Service=CSW&Request=GetRecordById&Version=2.0.2&id=dfe5b146-354f-4bc7-99b1-6713817afac9&outputSchema=http://www.isotc211.org/2005/gmd&elementSetName=full, http://www.nationaalgeoregister.nl/geonetwork/srv/nl/csw?Service=CSW&Request=GetRecordById&Version=2.0.2&id=4e2ef670-cddd-11dd-ad8b-0800200c9a66&outputSchema=http://www.isotc211.org/2005/gmd&elementSetName=full, http://www.nationaalgeoregister.nl/geonetwork/srv/nl/csw?Service=CSW&Request=GetRecordById&Version=2.0.2&id=88a3c1ae-902e-4efa-8663-ddd836101929&outputSchema=http://www.isotc211.org/2005/gmd&elementSetName=full]",
  "organisation": "Rijksdienst voor het Cultureel Erfgoed",
  "serviceIdentifierCode": "49ff0584-a173-4098-824c-119edf8447f7",
  "servicetype": "view",
  "title": "INSPIRE View service Beschermde gebieden",
  "url": "http://services.rce.geovoorziening.nl/rce/wms?"
}

15:22:04.567 [ForkJoinPool-2-worker-5] INFO  com.intuit.karate - [print] testing url:http://services.rce.geovoorziening.nl/rce/wms?
15:22:04.567 [ForkJoinPool-2-worker-5] DEBUG com.intuit.karate - request:
1 > HEAD http://services.rce.geovoorziening.nl/rce/wms?
1 > Accept-Encoding: gzip,deflate
1 > Connection: Keep-Alive
1 > Host: services.rce.geovoorziening.nl
1 > User-Agent: Apache-HttpClient/4.5.11 (Java/13.0.5)

15:22:04.710 [ForkJoinPool-2-worker-3] DEBUG com.intuit.karate - response time in milliseconds: 498.64
1 < 200
1 < Connection: close
1 < Content-Length: 0
1 < Content-Type: application/xml;charset=UTF-8
1 < Date: Mon, 26 Oct 2020 15:22:04 GMT
1 < Last-Modified: Fri, 3 Mar 2017 09:25:09 GMT
1 < Server: Apache-Coyote/1.1

15:22:04.710 [ForkJoinPool-2-worker-1] DEBUG com.intuit.karate - response time in milliseconds: 246.73
1 < 200
1 < Connection: close
1 < Content-Length: 0
1 < Content-Type: application/xml;charset=UTF-8
1 < Date: Mon, 26 Oct 2020 15:22:04 GMT
1 < Last-Modified: Fri, 3 Mar 2017 09:25:09 GMT
1 < Server: Apache-Coyote/1.1

15:22:04.710 [ForkJoinPool-2-worker-3] ERROR com.intuit.karate - assertion failed: path: $['Content-Type'][0], actual: 'application/xml;charset=UTF-8', expected: 'text/xml', reason: not equal
15:22:04.711 [ForkJoinPool-2-worker-1] ERROR com.intuit.karate - assertion failed: path: $['Content-Type'][0], actual: 'application/xml;charset=UTF-8', expected: 'text/xml', reason: not equal
15:22:04.712 [pool-4-thread-1] INFO  com.intuit.karate.Runner - <<fail>> feature 357 of 367: tmp/junit17863174098671850733/Rijksdienst-voor-het-Cultureel-Erfgoed/Werelderfgoed/download/INSPIRE-Download-service-Beschermde-gebieden/checkdownloadurl.feature
15:22:04.712 [pool-4-thread-2] INFO  com.intuit.karate.Runner - <<fail>> feature 359 of 367: tmp/junit17863174098671850733/Rijksdienst-voor-het-Cultureel-Erfgoed/Stads--en-Dorpsgezichten/download/INSPIRE-Download-service-Beschermde-gebieden/checkdownloadurl.feature
---------------------------------------------------------
feature: tmp/junit17863174098671850733/Rijksdienst-voor-het-Cultureel-Erfgoed/Werelderfgoed/download/INSPIRE-Download-service-Beschermde-gebieden/checkdownloadurl.feature
report: target/surefire-reports/tmp.junit17863174098671850733.Rijksdienst-voor-het-Cultureel-Erfgoed.Werelderfgoed.download.INSPIRE-Download-service-Beschermde-gebieden.checkdownloadurl.json
scenarios:  1 | passed:  0 | failed:  1 | time: 0.5052
---------------------------------------------------------
---------------------------------------------------------
feature: tmp/junit17863174098671850733/Rijksdienst-voor-het-Cultureel-Erfgoed/Stads--en-Dorpsgezichten/download/INSPIRE-Download-service-Beschermde-gebieden/checkdownloadurl.feature
report: target/surefire-reports/tmp.junit17863174098671850733.Rijksdienst-voor-het-Cultureel-Erfgoed.Stads--en-Dorpsgezichten.download.INSPIRE-Download-service-Beschermde-gebieden.checkdownloadurl.json
scenarios:  1 | passed:  0 | failed:  1 | time: 0.2543
---------------------------------------------------------
15:22:04.713 [ForkJoinPool-2-worker-7] DEBUG com.intuit.karate - response time in milliseconds: 302.64
1 < 200
1 < Connection: close
1 < Content-Length: 0
1 < Content-Type: application/xml
1 < Date: Mon, 26 Oct 2020 15:22:04 GMT
1 < Server: Apache-Coyote/1.1

15:22:04.713 [ForkJoinPool-2-worker-7] ERROR com.intuit.karate - assertion failed: assert evaluated to false: filesize > 50
15:22:04.714 [ForkJoinPool-2-worker-1] INFO  com.intuit.karate - karate.env system property was:  
15:22:04.715 [pool-4-thread-3] INFO  com.intuit.karate.Runner - <<fail>> feature 358 of 367: tmp/junit17863174098671850733/Rijksdienst-voor-het-Cultureel-Erfgoed/Werelderfgoed/view/INSPIRE-View-service-Beschermde-gebieden/checkViewUrl.feature
---------------------------------------------------------
feature: tmp/junit17863174098671850733/Rijksdienst-voor-het-Cultureel-Erfgoed/Werelderfgoed/view/INSPIRE-View-service-Beschermde-gebieden/checkViewUrl.feature
report: target/surefire-reports/tmp.junit17863174098671850733.Rijksdienst-voor-het-Cultureel-Erfgoed.Werelderfgoed.view.INSPIRE-View-service-Beschermde-gebieden.checkViewUrl.json
scenarios:  1 | passed:  0 | failed:  1 | time: 0.3046
---------------------------------------------------------
15:22:04.715 [ForkJoinPool-2-worker-7] INFO  com.intuit.karate - karate.env system property was:  
15:22:04.716 [ForkJoinPool-2-worker-7] INFO  com.intuit.karate - [print] {
  "class": "metadata.Service",
  "electronicMailAddress": "[info@cultureelerfgoed.nl, info@cultureelerfgoed.nl]",
  "metadataStandardVersion": "Nederlandse metadata profiel op ISO 19119 voor services 1.2",
  "operatesOn": "[http://www.nationaalgeoregister.nl/geonetwork/srv/nl/csw?Service=CSW&Request=GetRecordById&Version=2.0.2&id=6f84efeb-fc1d-4565-a721-80735ea57dbd&outputSchema=http://www.isotc211.org/2005/gmd&elementSetName=full, http://www.nationaalgeoregister.nl/geonetwork/srv/nl/csw?Service=CSW&Request=GetRecordById&Version=2.0.2&id=dfe5b146-354f-4bc7-99b1-6713817afac9&outputSchema=http://www.isotc211.org/2005/gmd&elementSetName=full, http://www.nationaalgeoregister.nl/geonetwork/srv/nl/csw?Service=CSW&Request=GetRecordById&Version=2.0.2&id=4e2ef670-cddd-11dd-ad8b-0800200c9a66&outputSchema=http://www.isotc211.org/2005/gmd&elementSetName=full, http://www.nationaalgeoregister.nl/geonetwork/srv/nl/csw?Service=CSW&Request=GetRecordById&Version=2.0.2&id=88a3c1ae-902e-4efa-8663-ddd836101929&outputSchema=http://www.isotc211.org/2005/gmd&elementSetName=full]",
  "organisation": "Rijksdienst voor het Cultureel Erfgoed",
  "serviceIdentifierCode": "ef2a7962-8bb4-483f-ac78-851b619f357f",
  "servicetype": "download",
  "title": "INSPIRE Download service Beschermde gebieden",
  "url": "http://services.rce.geovoorziening.nl/www/download/nl.xml"
}

15:22:04.716 [ForkJoinPool-2-worker-7] INFO  com.intuit.karate - [print] testing url:http://services.rce.geovoorziening.nl/www/download/nl.xml
15:22:04.717 [ForkJoinPool-2-worker-1] INFO  com.intuit.karate - [print] {
  "class": "metadata.Service",
  "electronicMailAddress": "[info@cultureelerfgoed.nl, info@cultureelerfgoed.nl]",
  "metadataStandardVersion": "Nederlands metadata profiel op ISO 19119 versie 1.2.1",
  "operatesOn": "[http://www.nationaalgeoregister.nl/geonetwork/srv/nl/csw?Service=CSW&Request=GetRecordById&Version=2.0.2&id=6f84efeb-fc1d-4565-a721-80735ea57dbd&outputSchema=http://www.isotc211.org/2005/gmd&elementSetName=full, http://www.nationaalgeoregister.nl/geonetwork/srv/nl/csw?Service=CSW&Request=GetRecordById&Version=2.0.2&id=dfe5b146-354f-4bc7-99b1-6713817afac9&outputSchema=http://www.isotc211.org/2005/gmd&elementSetName=full, http://www.nationaalgeoregister.nl/geonetwork/srv/nl/csw?Service=CSW&Request=GetRecordById&Version=2.0.2&id=4e2ef670-cddd-11dd-ad8b-0800200c9a66&outputSchema=http://www.isotc211.org/2005/gmd&elementSetName=full, http://www.nationaalgeoregister.nl/geonetwork/srv/nl/csw?Service=CSW&Request=GetRecordById&Version=2.0.2&id=88a3c1ae-902e-4efa-8663-ddd836101929&outputSchema=http://www.isotc211.org/2005/gmd&elementSetName=full]",
  "organisation": "Rijksdienst voor het Cultureel Erfgoed",
  "serviceIdentifierCode": "49ff0584-a173-4098-824c-119edf8447f7",
  "servicetype": "view",
  "title": "INSPIRE View service Beschermde gebieden",
  "url": "http://services.rce.geovoorziening.nl/rce/wms?"
}

15:22:04.717 [ForkJoinPool-2-worker-1] INFO  com.intuit.karate - [print] testing url:http://services.rce.geovoorziening.nl/rce/wms?
15:22:04.718 [ForkJoinPool-2-worker-3] INFO  com.intuit.karate - karate.env system property was:  
15:22:04.718 [ForkJoinPool-2-worker-1] DEBUG com.intuit.karate - request:
1 > HEAD http://services.rce.geovoorziening.nl/rce/wms?
1 > Accept-Encoding: gzip,deflate
1 > Connection: Keep-Alive
1 > Host: services.rce.geovoorziening.nl
1 > User-Agent: Apache-HttpClient/4.5.11 (Java/13.0.5)

15:22:04.719 [ForkJoinPool-2-worker-3] INFO  com.intuit.karate - [print] {
  "class": "metadata.Service",
  "electronicMailAddress": "[beheerPDOK@kadaster.nl, beheerPDOK@kadaster.nl]",
  "metadataStandardVersion": "Nederlands metadata profiel op ISO 19119 voor services 2.0",
  "operatesOn": "https://nationaalgeoregister.nl/geonetwork/srv/dut/csw?service=CSW&version=2.0.2&request=GetRecordById&outputschema=http://www.isotc211.org/2005/gmd&elementsetname=full&id=eu-f297898-2640-44c2-bbe9-c0480da83794#MD_DataIdentification",
  "organisation": "Beheer PDOK",
  "serviceIdentifierCode": "d467c2cc-4026-b80a-d4e1a9d2bf79",
  "servicetype": "download",
  "title": "Hydrografie - Netwerk RWS (INSPIRE geharmoniseerd) WFS",
  "url": "https://geodata.nationaalgeoregister.nl/nl/rws/hy-n/wfs?request=GetCapabilities&service=WFS"
}

15:22:04.719 [ForkJoinPool-2-worker-3] INFO  com.intuit.karate - [print] testing url:https://geodata.nationaalgeoregister.nl/nl/rws/hy-n/wfs?request=GetCapabilities&service=WFS
15:22:04.719 [ForkJoinPool-2-worker-7] DEBUG com.intuit.karate - request:
1 > HEAD http://services.rce.geovoorziening.nl/www/download/nl.xml
1 > Accept-Encoding: gzip,deflate
1 > Connection: Keep-Alive
1 > Host: services.rce.geovoorziening.nl
1 > User-Agent: Apache-HttpClient/4.5.11 (Java/13.0.5)

15:22:04.719 [ForkJoinPool-2-worker-3] DEBUG com.intuit.karate - request:
1 > HEAD https://geodata.nationaalgeoregister.nl/nl/rws/hy-n/wfs?request=GetCapabilities&service=WFS
1 > Accept-Encoding: gzip,deflate
1 > Connection: Keep-Alive
1 > Host: geodata.nationaalgeoregister.nl
1 > User-Agent: Apache-HttpClient/4.5.11 (Java/13.0.5)

15:22:04.750 [ForkJoinPool-2-worker-5] DEBUG com.intuit.karate - response time in milliseconds: 182.81
1 < 200
1 < Connection: close
1 < Content-Length: 0
1 < Content-Type: application/xml
1 < Date: Mon, 26 Oct 2020 15:22:04 GMT
1 < Server: Apache-Coyote/1.1

15:22:04.751 [ForkJoinPool-2-worker-5] ERROR com.intuit.karate - assertion failed: assert evaluated to false: filesize > 50
15:22:04.752 [pool-4-thread-4] INFO  com.intuit.karate.Runner - <<fail>> feature 360 of 367: tmp/junit17863174098671850733/Rijksdienst-voor-het-Cultureel-Erfgoed/Stads--en-Dorpsgezichten/view/INSPIRE-View-service-Beschermde-gebieden/checkViewUrl.feature
---------------------------------------------------------
feature: tmp/junit17863174098671850733/Rijksdienst-voor-het-Cultureel-Erfgoed/Stads--en-Dorpsgezichten/view/INSPIRE-View-service-Beschermde-gebieden/checkViewUrl.feature
report: target/surefire-reports/tmp.junit17863174098671850733.Rijksdienst-voor-het-Cultureel-Erfgoed.Stads--en-Dorpsgezichten.view.INSPIRE-View-service-Beschermde-gebieden.checkViewUrl.json
scenarios:  1 | passed:  0 | failed:  1 | time: 0.1862
---------------------------------------------------------
15:22:04.754 [ForkJoinPool-2-worker-5] INFO  com.intuit.karate - karate.env system property was:  
15:22:04.754 [ForkJoinPool-2-worker-5] INFO  com.intuit.karate - [print] {
  "class": "metadata.Service",
  "electronicMailAddress": "[servicedesk-data@rijkswaterstaat.nl, servicedesk-data@rijkswaterstaat.nl, info@wetransform.to]",
  "metadataStandardVersion": "Nederlands metadata profiel op ISO 19119 voor services 2.0",
  "operatesOn": "http://nationaalgeoregister.nl/geonetwork/srv/en/csw?service=csw&VERSION=2.0.2&REQUEST=GetRecordById&OUTPUTSCHEMA=http://www.isotc211.org/2005/gmd&ELEMENTSETNAME=full&ID=eu-f297898-2640-44c2-bbe9-c0480da83794#MD_DataIdentification",
  "organisation": "Rijkswaterstaat",
  "serviceIdentifierCode": "wt-f297898-2640-44c2-bbe9-c0480dt83794",
  "servicetype": "download",
  "title": "Hydrografie - Netwerk (INSPIRE geharmoniseerd) - WT ATOM",
  "url": "https://haleconnect.com/services/bsp/org.292.c3955762-73a3-4c16-a15c-f3869487a1e3/service/atom/id_predefined_dataset"
}

15:22:04.754 [ForkJoinPool-2-worker-5] INFO  com.intuit.karate - [print] testing url:https://haleconnect.com/services/bsp/org.292.c3955762-73a3-4c16-a15c-f3869487a1e3/service/atom/id_predefined_dataset
15:22:04.756 [ForkJoinPool-2-worker-5] DEBUG com.intuit.karate - request:
1 > HEAD https://haleconnect.com/services/bsp/org.292.c3955762-73a3-4c16-a15c-f3869487a1e3/service/atom/id_predefined_dataset
1 > Accept-Encoding: gzip,deflate
1 > Connection: Keep-Alive
1 > Host: haleconnect.com
1 > User-Agent: Apache-HttpClient/4.5.11 (Java/13.0.5)

15:22:04.900 [ForkJoinPool-2-worker-7] DEBUG com.intuit.karate - response time in milliseconds: 180.37
1 < 200
1 < Connection: close
1 < Content-Length: 0
1 < Content-Type: application/xml;charset=UTF-8
1 < Date: Mon, 26 Oct 2020 15:22:04 GMT
1 < Last-Modified: Fri, 3 Mar 2017 09:25:09 GMT
1 < Server: Apache-Coyote/1.1

15:22:04.900 [ForkJoinPool-2-worker-7] ERROR com.intuit.karate - assertion failed: path: $['Content-Type'][0], actual: 'application/xml;charset=UTF-8', expected: 'text/xml', reason: not equal
15:22:04.901 [ForkJoinPool-2-worker-1] DEBUG com.intuit.karate - response time in milliseconds: 182.59
1 < 200
1 < Connection: close
1 < Content-Length: 0
1 < Content-Type: application/xml
1 < Date: Mon, 26 Oct 2020 15:22:04 GMT
1 < Server: Apache-Coyote/1.1

15:22:04.902 [ForkJoinPool-2-worker-1] ERROR com.intuit.karate - assertion failed: assert evaluated to false: filesize > 50
15:22:04.902 [pool-4-thread-1] INFO  com.intuit.karate.Runner - <<fail>> feature 361 of 367: tmp/junit17863174098671850733/Rijksdienst-voor-het-Cultureel-Erfgoed/Rijksmonumenten--verouderd-/download/INSPIRE-Download-service-Beschermde-gebieden/checkdownloadurl.feature
---------------------------------------------------------
feature: tmp/junit17863174098671850733/Rijksdienst-voor-het-Cultureel-Erfgoed/Rijksmonumenten--verouderd-/download/INSPIRE-Download-service-Beschermde-gebieden/checkdownloadurl.feature
report: target/surefire-reports/tmp.junit17863174098671850733.Rijksdienst-voor-het-Cultureel-Erfgoed.Rijksmonumenten--verouderd-.download.INSPIRE-Download-service-Beschermde-gebieden.checkdownloadurl.json
scenarios:  1 | passed:  0 | failed:  1 | time: 0.1846
---------------------------------------------------------
15:22:04.903 [pool-4-thread-2] INFO  com.intuit.karate.Runner - <<fail>> feature 362 of 367: tmp/junit17863174098671850733/Rijksdienst-voor-het-Cultureel-Erfgoed/Rijksmonumenten--verouderd-/view/INSPIRE-View-service-Beschermde-gebieden/checkViewUrl.feature
---------------------------------------------------------
feature: tmp/junit17863174098671850733/Rijksdienst-voor-het-Cultureel-Erfgoed/Rijksmonumenten--verouderd-/view/INSPIRE-View-service-Beschermde-gebieden/checkViewUrl.feature
report: target/surefire-reports/tmp.junit17863174098671850733.Rijksdienst-voor-het-Cultureel-Erfgoed.Rijksmonumenten--verouderd-.view.INSPIRE-View-service-Beschermde-gebieden.checkViewUrl.json
scenarios:  1 | passed:  0 | failed:  1 | time: 0.1854
---------------------------------------------------------
15:22:04.907 [ForkJoinPool-2-worker-1] INFO  com.intuit.karate - karate.env system property was:  
15:22:04.909 [ForkJoinPool-2-worker-7] INFO  com.intuit.karate - karate.env system property was:  
15:22:04.911 [ForkJoinPool-2-worker-1] INFO  com.intuit.karate - [print] {
  "class": "metadata.Service",
  "electronicMailAddress": "[beheerPDOK@kadaster.nl, beheerPDOK@kadaster.nl]",
  "metadataStandardVersion": "Nederlands metadata profiel op ISO 19119 voor services 2.0",
  "operatesOn": "https://nationaalgeoregister.nl/geonetwork/srv/dut/csw?service=CSW&version=2.0.2&request=GetRecordById&outputschema=http://www.isotc211.org/2005/gmd&elementsetname=full&id=eu-f297898-2640-44c2-bbe9-c0480da83794#MD_DataIdentification",
  "organisation": "Beheer PDOK",
  "serviceIdentifierCode": "68722979-8d6c-4ee4-a81a-8381d2588fe5",
  "servicetype": "view",
  "title": "Hydrografie - Netwerk RWS (INSPIRE geharmoniseerd) WMS",
  "url": "https://geodata.nationaalgeoregister.nl/nl/rws/hy-n/wms?request=GetCapabilities"
}

15:22:04.912 [ForkJoinPool-2-worker-1] INFO  com.intuit.karate - [print] testing url:https://geodata.nationaalgeoregister.nl/nl/rws/hy-n/wms?request=GetCapabilities
15:22:04.912 [ForkJoinPool-2-worker-1] DEBUG com.intuit.karate - request:
1 > HEAD https://geodata.nationaalgeoregister.nl/nl/rws/hy-n/wms?request=GetCapabilities
1 > Accept-Encoding: gzip,deflate
1 > Connection: Keep-Alive
1 > Host: geodata.nationaalgeoregister.nl
1 > User-Agent: Apache-HttpClient/4.5.11 (Java/13.0.5)

15:22:04.911 [ForkJoinPool-2-worker-7] INFO  com.intuit.karate - [print] {
  "class": "metadata.Service",
  "electronicMailAddress": "[servicedesk-data@rijkswaterstaat.nl, servicedesk-data@rijkswaterstaat.nl, info@wetransform.to]",
  "metadataStandardVersion": "Nederlands metadata profiel op ISO 19119 voor services 2.0",
  "operatesOn": "http://nationaalgeoregister.nl/geonetwork/srv/en/csw?service=csw&VERSION=2.0.2&REQUEST=GetRecordById&OUTPUTSCHEMA=http://www.isotc211.org/2005/gmd&ELEMENTSETNAME=full&ID=eu-f297898-2640-44c2-bbe9-c0480da83794#MD_DataIdentification",
  "organisation": "Rijkswaterstaat",
  "serviceIdentifierCode": "wt-f297898-2640-44c2-bbe9-c0480dm83794",
  "servicetype": "view",
  "title": "Hydrografie - Netwerk (INSPIRE geharmoniseerd) - WT WMS",
  "url": "https://haleconnect.com/ows/services/org.292.c3955762-73a3-4c16-a15c-f3869487a1e3_wms?service=WMS&version=1.3.0&request=GetCapabilities"
}

15:22:04.913 [ForkJoinPool-2-worker-7] INFO  com.intuit.karate - [print] testing url:https://haleconnect.com/ows/services/org.292.c3955762-73a3-4c16-a15c-f3869487a1e3_wms?service=WMS&version=1.3.0&request=GetCapabilities
15:22:04.913 [ForkJoinPool-2-worker-7] DEBUG com.intuit.karate - request:
1 > HEAD https://haleconnect.com/ows/services/org.292.c3955762-73a3-4c16-a15c-f3869487a1e3_wms?service=WMS&version=1.3.0&request=GetCapabilities
1 > Accept-Encoding: gzip,deflate
1 > Connection: Keep-Alive
1 > Host: haleconnect.com
1 > User-Agent: Apache-HttpClient/4.5.11 (Java/13.0.5)

15:22:05.112 [ForkJoinPool-2-worker-3] DEBUG com.intuit.karate - response time in milliseconds: 392.61
1 < 200
1 < Accept-Ranges: bytes
1 < Access-Control-Allow-Headers: SOAPAction,X-Requested-With,Content-Type,Origin,Authorization,Accept
1 < Access-Control-Allow-Methods: POST, GET, OPTIONS, HEAD
1 < Access-Control-Allow-Origin: *
1 < Access-Control-Max-Age: 1000
1 < Content-Type: application/xml
1 < Date: Mon, 26 Oct 2020 15:22:05 GMT
1 < ETag: "1867c-5af58a654ab6f-gzip"
1 < Last-Modified: Tue, 15 Sep 2020 11:42:46 GMT
1 < Vary: Accept-Encoding
1 < X-Cnection: [close, close]

15:22:05.113 [ForkJoinPool-2-worker-3] ERROR com.intuit.karate - assertion failed: path: $['Content-Length'][0], actual: null, expected: '#notnull', reason: actual json-path does not exist
15:22:05.114 [pool-4-thread-3] INFO  com.intuit.karate.Runner - <<fail>> feature 363 of 367: tmp/junit17863174098671850733/Beheer-PDOK--Rijkswaterstaat--Rijkswaterstaat--Beheer-PDOK--Rijkswaterstaat/Hydrografie---Netwerk--INSPIRE-geharmoniseerd----WT/download/Hydrografie---Netwerk-RWS--INSPIRE-geharmoniseerd--WFS/checkdownloadurl.feature
---------------------------------------------------------
feature: tmp/junit17863174098671850733/Beheer-PDOK--Rijkswaterstaat--Rijkswaterstaat--Beheer-PDOK--Rijkswaterstaat/Hydrografie---Netwerk--INSPIRE-geharmoniseerd----WT/download/Hydrografie---Netwerk-RWS--INSPIRE-geharmoniseerd--WFS/checkdownloadurl.feature
report: target/surefire-reports/tmp.junit17863174098671850733.Beheer-PDOK--Rijkswaterstaat--Rijkswaterstaat--Beheer-PDOK--Rijkswaterstaat.Hydrografie---Netwerk--INSPIRE-geharmoniseerd----WT.download.Hydrografie---Netwerk-RWS--INSPIRE-geharmoniseerd--WFS.checkdownloadurl.json
scenarios:  1 | passed:  0 | failed:  1 | time: 0.3944
---------------------------------------------------------
15:22:05.120 [ForkJoinPool-2-worker-3] INFO  com.intuit.karate - karate.env system property was:  
15:22:05.122 [ForkJoinPool-2-worker-3] INFO  com.intuit.karate - [print] {
  "class": "metadata.Service",
  "electronicMailAddress": "[servicedesk-data@rijkswaterstaat.nl, servicedesk-data@rijkswaterstaat.nl, info@wetransform.to]",
  "metadataStandardVersion": "Nederlands metadata profiel op ISO 19119 voor services 2.0",
  "operatesOn": "http://nationaalgeoregister.nl/geonetwork/srv/en/csw?service=csw&VERSION=2.0.2&REQUEST=GetRecordById&OUTPUTSCHEMA=http://www.isotc211.org/2005/gmd&ELEMENTSETNAME=full&ID=eu-f297898-2640-44c2-bbe9-c0480da83794#MD_DataIdentification",
  "organisation": "Rijkswaterstaat",
  "serviceIdentifierCode": "wt-f297898-2640-44c2-bbe9-c0480df83794",
  "servicetype": "other",
  "title": "Hydrografie - Netwerk (INSPIRE geharmoniseerd) - WT WFS",
  "url": "https://haleconnect.com/ows/services/org.292.c3955762-73a3-4c16-a15c-f3869487a1e3_wfs?service=WFS&version=2.0.0&request=GetCapabilities"
}

15:22:05.125 [ForkJoinPool-2-worker-3] INFO  com.intuit.karate - [print] testing url:https://haleconnect.com/ows/services/org.292.c3955762-73a3-4c16-a15c-f3869487a1e3_wfs?service=WFS&version=2.0.0&request=GetCapabilities
15:22:05.125 [ForkJoinPool-2-worker-3] DEBUG com.intuit.karate - request:
1 > HEAD https://haleconnect.com/ows/services/org.292.c3955762-73a3-4c16-a15c-f3869487a1e3_wfs?service=WFS&version=2.0.0&request=GetCapabilities
1 > Accept-Encoding: gzip,deflate
1 > Connection: Keep-Alive
1 > Host: haleconnect.com
1 > User-Agent: Apache-HttpClient/4.5.11 (Java/13.0.5)

15:22:05.163 [ForkJoinPool-2-worker-5] DEBUG com.intuit.karate - response time in milliseconds: 406.49
1 < 200
1 < Accept-ranges: bytes
1 < Connection: keep-alive
1 < Content-Type: application/atom+xml; charset=UTF-8
1 < Date: Mon, 26 Oct 2020 15:22:05 GMT
1 < Server: nginx
1 < Strict-Transport-Security: max-age=31536000; includeSubDomains
1 < Vary: Accept-Charset, Accept-Encoding, Accept-Language, Accept
1 < X-Content-Type-Options: nosniff
1 < X-Frame-Options: deny
1 < X-XSS-Protection: 1

15:22:05.163 [ForkJoinPool-2-worker-5] ERROR com.intuit.karate - assertion failed: path: $['Content-Length'][0], actual: null, expected: '#notnull', reason: actual json-path does not exist
15:22:05.164 [pool-4-thread-4] INFO  com.intuit.karate.Runner - <<fail>> feature 364 of 367: tmp/junit17863174098671850733/Beheer-PDOK--Rijkswaterstaat--Rijkswaterstaat--Beheer-PDOK--Rijkswaterstaat/Hydrografie---Netwerk--INSPIRE-geharmoniseerd----WT/download/Hydrografie---Netwerk--INSPIRE-geharmoniseerd----WT-ATOM/checkdownloadurl.feature
---------------------------------------------------------
feature: tmp/junit17863174098671850733/Beheer-PDOK--Rijkswaterstaat--Rijkswaterstaat--Beheer-PDOK--Rijkswaterstaat/Hydrografie---Netwerk--INSPIRE-geharmoniseerd----WT/download/Hydrografie---Netwerk--INSPIRE-geharmoniseerd----WT-ATOM/checkdownloadurl.feature
report: target/surefire-reports/tmp.junit17863174098671850733.Beheer-PDOK--Rijkswaterstaat--Rijkswaterstaat--Beheer-PDOK--Rijkswaterstaat.Hydrografie---Netwerk--INSPIRE-geharmoniseerd----WT.download.Hydrografie---Netwerk--INSPIRE-geharmoniseerd----WT-ATOM.checkdownloadurl.json
scenarios:  1 | passed:  0 | failed:  1 | time: 0.4091
---------------------------------------------------------
15:22:05.321 [ForkJoinPool-2-worker-1] DEBUG com.intuit.karate - response time in milliseconds: 409.05
1 < 200
1 < Access-Control-Allow-Headers: SOAPAction,X-Requested-With,Content-Type,Origin,Authorization,Accept
1 < Access-Control-Allow-Methods: POST, GET, OPTIONS, HEAD
1 < Access-Control-Allow-Origin: *
1 < Access-Control-Max-Age: 1000
1 < Content-Disposition: inline; filename=getcapabilities_1.3.0.xml
1 < Content-Type: text/xml
1 < Date: Mon, 26 Oct 2020 15:22:05 GMT
1 < X-Cnection: [close, close]

15:22:05.322 [ForkJoinPool-2-worker-1] ERROR com.intuit.karate - assertion failed: path: $['Content-Length'][0], actual: null, expected: '#notnull', reason: actual json-path does not exist
15:22:05.322 [ForkJoinPool-2-worker-7] DEBUG com.intuit.karate - response time in milliseconds: 408.82
1 < 200
1 < Cache-Control: no-cache, no-store
1 < Connection: keep-alive
1 < Content-Encoding: gzip
1 < Content-Type: text/xml;charset=UTF-8
1 < Date: Mon, 26 Oct 2020 15:22:05 GMT
1 < Server: nginx
1 < Strict-Transport-Security: max-age=31536000; includeSubDomains
1 < Vary: Accept-Encoding
1 < X-Content-Type-Options: nosniff
1 < X-Frame-Options: deny
1 < X-XSS-Protection: 1
1 < deegree-version: 3.4.13-kelvin-SNAPSHOT

15:22:05.322 [ForkJoinPool-2-worker-7] ERROR com.intuit.karate - assertion failed: path: $['Content-Length'][0], actual: null, expected: '#notnull', reason: actual json-path does not exist
15:22:05.323 [pool-4-thread-1] INFO  com.intuit.karate.Runner - <<fail>> feature 365 of 367: tmp/junit17863174098671850733/Beheer-PDOK--Rijkswaterstaat--Rijkswaterstaat--Beheer-PDOK--Rijkswaterstaat/Hydrografie---Netwerk--INSPIRE-geharmoniseerd----WT/view/Hydrografie---Netwerk-RWS--INSPIRE-geharmoniseerd--WMS/checkViewUrl.feature
---------------------------------------------------------
feature: tmp/junit17863174098671850733/Beheer-PDOK--Rijkswaterstaat--Rijkswaterstaat--Beheer-PDOK--Rijkswaterstaat/Hydrografie---Netwerk--INSPIRE-geharmoniseerd----WT/view/Hydrografie---Netwerk-RWS--INSPIRE-geharmoniseerd--WMS/checkViewUrl.feature
report: target/surefire-reports/tmp.junit17863174098671850733.Beheer-PDOK--Rijkswaterstaat--Rijkswaterstaat--Beheer-PDOK--Rijkswaterstaat.Hydrografie---Netwerk--INSPIRE-geharmoniseerd----WT.view.Hydrografie---Netwerk-RWS--INSPIRE-geharmoniseerd--WMS.checkViewUrl.json
scenarios:  1 | passed:  0 | failed:  1 | time: 0.4120
---------------------------------------------------------
15:22:05.323 [pool-4-thread-2] INFO  com.intuit.karate.Runner - <<fail>> feature 366 of 367: tmp/junit17863174098671850733/Beheer-PDOK--Rijkswaterstaat--Rijkswaterstaat--Beheer-PDOK--Rijkswaterstaat/Hydrografie---Netwerk--INSPIRE-geharmoniseerd----WT/view/Hydrografie---Netwerk--INSPIRE-geharmoniseerd----WT-WMS/checkViewUrl.feature
---------------------------------------------------------
feature: tmp/junit17863174098671850733/Beheer-PDOK--Rijkswaterstaat--Rijkswaterstaat--Beheer-PDOK--Rijkswaterstaat/Hydrografie---Netwerk--INSPIRE-geharmoniseerd----WT/view/Hydrografie---Netwerk--INSPIRE-geharmoniseerd----WT-WMS/checkViewUrl.feature
report: target/surefire-reports/tmp.junit17863174098671850733.Beheer-PDOK--Rijkswaterstaat--Rijkswaterstaat--Beheer-PDOK--Rijkswaterstaat.Hydrografie---Netwerk--INSPIRE-geharmoniseerd----WT.view.Hydrografie---Netwerk--INSPIRE-geharmoniseerd----WT-WMS.checkViewUrl.json
scenarios:  1 | passed:  0 | failed:  1 | time: 0.4123
---------------------------------------------------------
15:22:05.514 [ForkJoinPool-2-worker-3] DEBUG com.intuit.karate - response time in milliseconds: 387.84
1 < 200
1 < Cache-Control: no-cache, no-store
1 < Connection: keep-alive
1 < Content-Encoding: gzip
1 < Content-Type: text/xml;charset=UTF-8
1 < Date: Mon, 26 Oct 2020 15:22:05 GMT
1 < Server: nginx
1 < Strict-Transport-Security: max-age=31536000; includeSubDomains
1 < Vary: Accept-Encoding
1 < X-Content-Type-Options: nosniff
1 < X-Frame-Options: deny
1 < X-XSS-Protection: 1
1 < deegree-version: 3.4.13-kelvin-SNAPSHOT

15:22:05.514 [ForkJoinPool-2-worker-3] ERROR com.intuit.karate - assertion failed: path: $['Content-Length'][0], actual: null, expected: '#notnull', reason: actual json-path does not exist
15:22:05.516 [pool-4-thread-3] INFO  com.intuit.karate.Runner - <<fail>> feature 367 of 367: tmp/junit17863174098671850733/Beheer-PDOK--Rijkswaterstaat--Rijkswaterstaat--Beheer-PDOK--Rijkswaterstaat/Hydrografie---Netwerk--INSPIRE-geharmoniseerd----WT/other/Hydrografie---Netwerk--INSPIRE-geharmoniseerd----WT-WFS/checkOtherUrl.feature
---------------------------------------------------------
feature: tmp/junit17863174098671850733/Beheer-PDOK--Rijkswaterstaat--Rijkswaterstaat--Beheer-PDOK--Rijkswaterstaat/Hydrografie---Netwerk--INSPIRE-geharmoniseerd----WT/other/Hydrografie---Netwerk--INSPIRE-geharmoniseerd----WT-WFS/checkOtherUrl.feature
report: target/surefire-reports/tmp.junit17863174098671850733.Beheer-PDOK--Rijkswaterstaat--Rijkswaterstaat--Beheer-PDOK--Rijkswaterstaat.Hydrografie---Netwerk--INSPIRE-geharmoniseerd----WT.other.Hydrografie---Netwerk--INSPIRE-geharmoniseerd----WT-WFS.checkOtherUrl.json
scenarios:  1 | passed:  0 | failed:  1 | time: 0.3930
---------------------------------------------------------
Karate version: 0.9.5
======================================================
elapsed:  38.95 | threads:    4 | thread time: 150.38 
features:   367 | ignored:    0 | efficiency: 0.97
scenarios:  367 | passed:   105 | failed: 262
======================================================
failed features:
tmp.junit17863174098671850733.Rijksinstituut-voor-Volksgezondheid-en-Milieu.Zones-en-agglomeraties--Richtlijn-Luchtkwaliteit--2013.download.Zones-en-agglomeraties--Richtlijn-Luchtkwaliteit--2013--WFS-.checkdownloadurl: checkdownloadurl.feature:16 - path: $['Content-Length'][0], actual: null, expected: '#notnull', reason: actual json-path does not exist
tmp.junit17863174098671850733.Rijksinstituut-voor-Volksgezondheid-en-Milieu.Zones-en-agglomeraties--Richtlijn-Luchtkwaliteit--2013.view.Zones-en-agglomeraties--Richtlijn-Luchtkwaliteit--2013--WMS-.checkViewUrl: checkViewUrl.feature:16 - path: $['Content-Length'][0], actual: null, expected: '#notnull', reason: actual json-path does not exist
tmp.junit17863174098671850733.Rijksinstituut-voor-Volksgezondheid-en-Milieu.Afgevoerde-hoeveelheid-afval-in-2015-vanuit-de-industrie.download.Afgevoerde-hoeveelheid-afval-in-2015-vanuit-de-industrie--WFS-.checkdownloadurl: checkdownloadurl.feature:16 - path: $['Content-Length'][0], actual: null, expected: '#notnull', reason: actual json-path does not exist
tmp.junit17863174098671850733.Rijksinstituut-voor-Volksgezondheid-en-Milieu.Afgevoerde-hoeveelheid-afval-in-2015-vanuit-de-industrie.view.Afgevoerde-hoeveelheid-afval-in-2015-vanuit-de-industrie--WMS-.checkViewUrl: checkViewUrl.feature:16 - path: $['Content-Length'][0], actual: null, expected: '#notnull', reason: actual json-path does not exist
tmp.junit17863174098671850733.Rijksinstituut-voor-Volksgezondheid-en-Milieu.Kwaliteit-van-drinkwater-in-Nederland--2012-.download.Kwaliteit-van-drinkwater-in-Nederland--2012---WFS-.checkdownloadurl: checkdownloadurl.feature:16 - path: $['Content-Length'][0], actual: null, expected: '#notnull', reason: actual json-path does not exist
tmp.junit17863174098671850733.Rijksinstituut-voor-Volksgezondheid-en-Milieu.Kwaliteit-van-drinkwater-in-Nederland--2012-.view.Kwaliteit-van-drinkwater-in-Nederland--2012---WMS-.checkViewUrl: checkViewUrl.feature:16 - path: $['Content-Length'][0], actual: null, expected: '#notnull', reason: actual json-path does not exist
tmp.junit17863174098671850733.Rijksinstituut-voor-Volksgezondheid-en-Milieu.Natuurlijke-alfa-activiteitsconcentratie-in-lucht-Nationaal-Meetnet-Radioactiviteit-2011.download.Natuurlijke-alfa-activiteitsconcentratie-in-lucht-Nationaal-Meetnet-Radioactiviteit-2011--WFS-.checkdownloadurl: checkdownloadurl.feature:16 - path: $['Content-Length'][0], actual: null, expected: '#notnull', reason: actual json-path does not exist
tmp.junit17863174098671850733.Rijksinstituut-voor-Volksgezondheid-en-Milieu.Natuurlijke-alfa-activiteitsconcentratie-in-lucht-Nationaal-Meetnet-Radioactiviteit-2011.view.Natuurlijke-alfa-activiteitsconcentratie-in-lucht-Nationaal-Meetnet-Radioactiviteit-2011--WMS-.checkViewUrl: checkViewUrl.feature:16 - path: $['Content-Length'][0], actual: null, expected: '#notnull', reason: actual json-path does not exist
tmp.junit17863174098671850733.Rijksinstituut-voor-Volksgezondheid-en-Milieu.LCP-emissies--Richtlijn-Industri-le-emissies--2016.download.LCP-emissies--Richtlijn-Industri-le-emissies--2016--WFS-.checkdownloadurl: checkdownloadurl.feature:16 - path: $['Content-Length'][0], actual: null, expected: '#notnull', reason: actual json-path does not exist
tmp.junit17863174098671850733.Rijksinstituut-voor-Volksgezondheid-en-Milieu.LCP-emissies--Richtlijn-Industri-le-emissies--2016.view.LCP-emissies--Richtlijn-Industri-le-emissies--2016--WMS-.checkViewUrl: checkViewUrl.feature:16 - path: $['Content-Length'][0], actual: null, expected: '#notnull', reason: actual json-path does not exist
tmp.junit17863174098671850733.Rijksinstituut-voor-Volksgezondheid-en-Milieu.Monitoring-stations--Nitraatrichtlijn--ondiepe-filters.download.Monitoring-stations--Nitraatrichtlijn--ondiepe-filters--WFS-.checkdownloadurl: checkdownloadurl.feature:16 - path: $['Content-Length'][0], actual: null, expected: '#notnull', reason: actual json-path does not exist
tmp.junit17863174098671850733.Rijksinstituut-voor-Volksgezondheid-en-Milieu.Monitoring-stations--Nitraatrichtlijn--ondiepe-filters.view.Monitoring-stations--Nitraatrichtlijn--ondiepe-filters--WMS-.checkViewUrl: checkViewUrl.feature:16 - path: $['Content-Length'][0], actual: null, expected: '#notnull', reason: actual json-path does not exist
tmp.junit17863174098671850733.Rijksinstituut-voor-Volksgezondheid-en-Milieu.Gemeten-Stikstofmonoxide-concentraties-in-buitenlucht-.download.Meetwaarden-van-Luchtkwaliteitsstations-in-Nederland-.checkdownloadurl: checkdownloadurl.feature:15 - status code was: 400, expected: 200, response time: 275, url: https://inspire.rivm.nl/sos/eaq/service?service=AQD&version=1.0.0&request=GetCapabilities, response: 
tmp.junit17863174098671850733.Rijksinstituut-voor-Volksgezondheid-en-Milieu.Emissies-naar-het-riool-in-2011-vanuit-de-industrie.download.Emissies-naar-het-riool-in-2011-vanuit-de-industrie--WFS-.checkdownloadurl: checkdownloadurl.feature:16 - path: $['Content-Length'][0], actual: null, expected: '#notnull', reason: actual json-path does not exist
tmp.junit17863174098671850733.Rijksinstituut-voor-Volksgezondheid-en-Milieu.Emissies-naar-het-riool-in-2011-vanuit-de-industrie.view.Emissies-naar-het-riool-in-2011-vanuit-de-industrie--WMS-.checkViewUrl: checkViewUrl.feature:16 - path: $['Content-Length'][0], actual: null, expected: '#notnull', reason: actual json-path does not exist
tmp.junit17863174098671850733.Rijksinstituut-voor-Volksgezondheid-en-Milieu.Gemeten-Ozon-concentraties-in-buitenlucht-.download.Meetwaarden-van-Luchtkwaliteitsstations-in-Nederland-.checkdownloadurl: checkdownloadurl.feature:15 - status code was: 400, expected: 200, response time: 276, url: https://inspire.rivm.nl/sos/eaq/service?service=AQD&version=1.0.0&request=GetCapabilities, response: 
tmp.junit17863174098671850733.Rijksinstituut-voor-Volksgezondheid-en-Milieu.Gemeten-Stikstofdioxide-concentraties-in-buitenlucht-.download.Meetwaarden-van-Luchtkwaliteitsstations-in-Nederland-.checkdownloadurl: checkdownloadurl.feature:15 - status code was: 400, expected: 200, response time: 287, url: https://inspire.rivm.nl/sos/eaq/service?service=AQD&version=1.0.0&request=GetCapabilities, response: 
tmp.junit17863174098671850733.Rijksinstituut-voor-Volksgezondheid-en-Milieu.Afgevoerde-hoeveelheid-afval-in-2011-vanuit-de-industrie.download.Afgevoerde-hoeveelheid-afval-in-2011-vanuit-de-industrie--WFS-.checkdownloadurl: checkdownloadurl.feature:16 - path: $['Content-Length'][0], actual: null, expected: '#notnull', reason: actual json-path does not exist
tmp.junit17863174098671850733.Rijksinstituut-voor-Volksgezondheid-en-Milieu.Afgevoerde-hoeveelheid-afval-in-2011-vanuit-de-industrie.view.Afgevoerde-hoeveelheid-afval-in-2011-vanuit-de-industrie--WMS-.checkViewUrl: checkViewUrl.feature:16 - path: $['Content-Length'][0], actual: null, expected: '#notnull', reason: actual json-path does not exist
tmp.junit17863174098671850733.Rijksinstituut-voor-Volksgezondheid-en-Milieu.Emissies-naar-lucht-en-water-in-2015-vanuit-de-industrie.download.Emissies-naar-lucht-en-water-in-2015-vanuit-de-industrie--WFS-.checkdownloadurl: checkdownloadurl.feature:16 - path: $['Content-Length'][0], actual: null, expected: '#notnull', reason: actual json-path does not exist
tmp.junit17863174098671850733.Rijksinstituut-voor-Volksgezondheid-en-Milieu.Emissies-naar-lucht-en-water-in-2015-vanuit-de-industrie.view.Emissies-naar-lucht-en-water-in-2015-vanuit-de-industrie--WMS-.checkViewUrl: checkViewUrl.feature:16 - path: $['Content-Length'][0], actual: null, expected: '#notnull', reason: actual json-path does not exist
tmp.junit17863174098671850733.Rijksinstituut-voor-Volksgezondheid-en-Milieu.Gemeten-Zwaveldioxide-concentraties-in-buitenlucht-.download.Meetwaarden-van-Luchtkwaliteitsstations-in-Nederland-.checkdownloadurl: checkdownloadurl.feature:15 - status code was: 400, expected: 200, response time: 278, url: https://inspire.rivm.nl/sos/eaq/service?service=AQD&version=1.0.0&request=GetCapabilities, response: 
tmp.junit17863174098671850733.Rijksinstituut-voor-Volksgezondheid-en-Milieu.Emissies-naar-lucht-en-water-in-2011-vanuit-de-industrie.download.Emissies-naar-lucht-en-water-in-2011-vanuit-de-industrie--WFS-.checkdownloadurl: checkdownloadurl.feature:16 - path: $['Content-Length'][0], actual: null, expected: '#notnull', reason: actual json-path does not exist
tmp.junit17863174098671850733.Rijksinstituut-voor-Volksgezondheid-en-Milieu.Emissies-naar-lucht-en-water-in-2011-vanuit-de-industrie.view.Emissies-naar-lucht-en-water-in-2011-vanuit-de-industrie--WMS-.checkViewUrl: checkViewUrl.feature:16 - path: $['Content-Length'][0], actual: null, expected: '#notnull', reason: actual json-path does not exist
tmp.junit17863174098671850733.Rijksinstituut-voor-Volksgezondheid-en-Milieu.Emissies-naar-het-riool-in-2015-vanuit-de-industrie.download.Emissies-naar-het-riool-in-2015-vanuit-de-industrie--WFS-.checkdownloadurl: checkdownloadurl.feature:16 - path: $['Content-Length'][0], actual: null, expected: '#notnull', reason: actual json-path does not exist
tmp.junit17863174098671850733.Rijksinstituut-voor-Volksgezondheid-en-Milieu.Emissies-naar-het-riool-in-2015-vanuit-de-industrie.view.Emissies-naar-het-riool-in-2015-vanuit-de-industrie--WMS-.checkViewUrl: checkViewUrl.feature:16 - path: $['Content-Length'][0], actual: null, expected: '#notnull', reason: actual json-path does not exist
tmp.junit17863174098671850733.Rijksinstituut-voor-Volksgezondheid-en-Milieu.Gemeten-Koolstofmonoxide-concentraties-in-buitenlucht-.download.Meetwaarden-van-Luchtkwaliteitsstations-in-Nederland-.checkdownloadurl: checkdownloadurl.feature:15 - status code was: 400, expected: 200, response time: 271, url: https://inspire.rivm.nl/sos/eaq/service?service=AQD&version=1.0.0&request=GetCapabilities, response: 
tmp.junit17863174098671850733.Rijksinstituut-voor-Volksgezondheid-en-Milieu.Monitoring-stations--Nitraatrichtlijn--diepe-filters.download.Monitoring-stations--Nitraatrichtlijn--diepe-filters--WFS-.checkdownloadurl: checkdownloadurl.feature:16 - path: $['Content-Length'][0], actual: null, expected: '#notnull', reason: actual json-path does not exist
tmp.junit17863174098671850733.Rijksinstituut-voor-Volksgezondheid-en-Milieu.Monitoring-stations--Nitraatrichtlijn--diepe-filters.view.Monitoring-stations--Nitraatrichtlijn--diepe-filters--WMS-.checkViewUrl: checkViewUrl.feature:16 - path: $['Content-Length'][0], actual: null, expected: '#notnull', reason: actual json-path does not exist
tmp.junit17863174098671850733.Rijksinstituut-voor-Volksgezondheid-en-Milieu.Gemeten-Ammoniak-concentraties-in-buitenlucht-.download.Meetwaarden-van-Luchtkwaliteitsstations-in-Nederland-.checkdownloadurl: checkdownloadurl.feature:15 - status code was: 400, expected: 200, response time: 273, url: https://inspire.rivm.nl/sos/eaq/service?service=AQD&version=1.0.0&request=GetCapabilities, response: 
tmp.junit17863174098671850733.Rijksinstituut-voor-Volksgezondheid-en-Milieu.Ziekenhuizen-in-Nederland--september-2013-.download.Ziekenhuizen-in-Nederland--september-2013---WFS-.checkdownloadurl: checkdownloadurl.feature:16 - path: $['Content-Length'][0], actual: null, expected: '#notnull', reason: actual json-path does not exist
tmp.junit17863174098671850733.Rijksinstituut-voor-Volksgezondheid-en-Milieu.Ziekenhuizen-in-Nederland--september-2013-.view.Ziekenhuizen-in-Nederland--september-2013---WMS-.checkViewUrl: checkViewUrl.feature:16 - path: $['Content-Length'][0], actual: null, expected: '#notnull', reason: actual json-path does not exist
tmp.junit17863174098671850733.Rijksinstituut-voor-Volksgezondheid-en-Milieu.Omgevingsdosisequivalenttempo-Nationaal-Meetnet-Radioactiviteit-2011.download.Omgevingsdosisequivalenttempo-Nationaal-Meetnet-Radioactiviteit-2011--WFS-.checkdownloadurl: checkdownloadurl.feature:16 - path: $['Content-Length'][0], actual: null, expected: '#notnull', reason: actual json-path does not exist
tmp.junit17863174098671850733.Rijksinstituut-voor-Volksgezondheid-en-Milieu.Omgevingsdosisequivalenttempo-Nationaal-Meetnet-Radioactiviteit-2011.view.Omgevingsdosisequivalenttempo-Nationaal-Meetnet-Radioactiviteit-2011--WMS-.checkViewUrl: checkViewUrl.feature:16 - path: $['Content-Length'][0], actual: null, expected: '#notnull', reason: actual json-path does not exist
tmp.junit17863174098671850733.Rijksinstituut-voor-Volksgezondheid-en-Milieu.Gemeten-Fijn-stof-concentraties-in-buitenlucht-.download.Meetwaarden-van-Luchtkwaliteitsstations-in-Nederland-.checkdownloadurl: checkdownloadurl.feature:15 - status code was: 400, expected: 200, response time: 274, url: https://inspire.rivm.nl/sos/eaq/service?service=AQD&version=1.0.0&request=GetCapabilities, response: 
tmp.junit17863174098671850733.Rijksinstituut-voor-Volksgezondheid-en-Milieu.Gemeten-fijnere-fractie-van-Fijn-stof-concentraties-in-buitenlucht-.download.Meetwaarden-van-Luchtkwaliteitsstations-in-Nederland-.checkdownloadurl: checkdownloadurl.feature:15 - status code was: 400, expected: 200, response time: 276, url: https://inspire.rivm.nl/sos/eaq/service?service=AQD&version=1.0.0&request=GetCapabilities, response: 
tmp.junit17863174098671850733.Rijksinstituut-voor-Volksgezondheid-en-Milieu.Jaarcijfers-Landelijk-Meetnet-Luchtkwaliteit-2012.download.Jaarcijfers-Landelijk-Meetnet-Luchtkwaliteit-2012--WFS-.checkdownloadurl: checkdownloadurl.feature:16 - path: $['Content-Length'][0], actual: null, expected: '#notnull', reason: actual json-path does not exist
tmp.junit17863174098671850733.Rijksinstituut-voor-Volksgezondheid-en-Milieu.Jaarcijfers-Landelijk-Meetnet-Luchtkwaliteit-2012.view.Jaarcijfers-Landelijk-Meetnet-Luchtkwaliteit-2012--WMS-.checkViewUrl: checkViewUrl.feature:16 - path: $['Content-Length'][0], actual: null, expected: '#notnull', reason: actual json-path does not exist
tmp.junit17863174098671850733.Ministerie-van-Defensie--Koninklijke-Marine--Dienst-der-Hydrografie.Maritieme-grenzen---Noordzee.download.Maritieme-grenzen---Noordzee---ATOM.checkdownloadurl: checkdownloadurl.feature:17 - path: $['Content-Type'][0], actual: 'application/gml+xml', expected: 'text/xml', reason: not equal
tmp.junit17863174098671850733.Ministerie-van-Defensie--Koninklijke-Marine--Dienst-der-Hydrografie.Maritieme-grenzen---Noordzee.download.Maritieme-grenzen---Noordzee---Downloadservice.checkdownloadurl: checkdownloadurl.feature:16 - path: $['Content-Length'][0], actual: null, expected: '#notnull', reason: actual json-path does not exist
tmp.junit17863174098671850733.Ministerie-van-Defensie--Koninklijke-Marine--Dienst-der-Hydrografie.Maritieme-grenzen---Noordzee.view.Maritieme-grenzen---Noordzee---Viewservice.checkViewUrl: checkViewUrl.feature:16 - path: $['Content-Length'][0], actual: null, expected: '#notnull', reason: actual json-path does not exist
tmp.junit17863174098671850733.Ministerie-van-Defensie--Koninklijke-Marine--Dienst-der-Hydrografie.Territoriale-Zee-volgens-UNCLOS---Noordzee.download.Territoriale-Zee-volgens-UNCLOS---Noordzee---ATOM.checkdownloadurl: checkdownloadurl.feature:17 - path: $['Content-Type'][0], actual: 'application/atom+xml', expected: 'text/xml', reason: not equal
tmp.junit17863174098671850733.Ministerie-van-Defensie--Koninklijke-Marine--Dienst-der-Hydrografie.Aansluitende-zone-volgens-UNCLOS---Noordzee.download.Aansluitende-Zone-volgens-UNCLOS---Noordzee---ATOM.checkdownloadurl: checkdownloadurl.feature:17 - path: $['Content-Type'][0], actual: 'application/atom+xml', expected: 'text/xml', reason: not equal
tmp.junit17863174098671850733.Ministerie-van-Defensie--Koninklijke-Marine--Dienst-der-Hydrografie.Aansluitende-zone-volgens-UNCLOS---Noordzee.view.Aansluitende-Zone-volgens-UNCLOS---Noordzee---Viewservice.checkViewUrl: checkViewUrl.feature:16 - path: $['Content-Length'][0], actual: null, expected: '#notnull', reason: actual json-path does not exist
tmp.junit17863174098671850733.Ministerie-van-Defensie--Koninklijke-Marine--Dienst-der-Hydrografie.Geografische-Namen--Nat----Nederland.view.Geografische-Namen--Nat----Nederland---Viewservice.checkViewUrl: checkViewUrl.feature:16 - path: $['Content-Length'][0], actual: null, expected: '#notnull', reason: actual json-path does not exist
tmp.junit17863174098671850733.Ministerie-van-Defensie--Koninklijke-Marine--Dienst-der-Hydrografie.Amplitude-van-het-getij-op-de-Noordzee.view.Amplitude-van-het-getij-op-de-Noordzee-Viewservice.checkViewUrl: checkViewUrl.feature:15 - status code was: 503, expected: 200, response time: 315, url: https://inspire.caris.nl/server/services/ows/view/map/amplitude-getij_IVS?request=GetCapabilities&service=WMS&version=1.3.0, response: 
tmp.junit17863174098671850733.Ministerie-van-Defensie--Koninklijke-Marine--Dienst-der-Hydrografie.Amplitude-van-het-getij-op-de-Noordzee.view.Amplitude-van-het-getij-op-de-Noordzee-Downloadservice.checkViewUrl: checkViewUrl.feature:15 - status code was: 503, expected: 200, response time: 309, url: https://inspire.caris.nl/server/services/ows/download/feature/amplitude-getij_IDS?request=GetCapabilities&service=WFS&version=2.0.0, response: 
tmp.junit17863174098671850733.Ministerie-van-Defensie--Koninklijke-Marine--Dienst-der-Hydrografie.Maritieme-grenzen---basislijn-Noordzee.download.Maritieme-grenzen---Basislijn-Noordzee---ATOM.checkdownloadurl: checkdownloadurl.feature:17 - path: $['Content-Type'][0], actual: 'application/atom+xml', expected: 'text/xml', reason: not equal
tmp.junit17863174098671850733.Ministerie-van-Defensie--Koninklijke-Marine--Dienst-der-Hydrografie.Maritieme-grenzen---basislijn-Noordzee.view.Maritieme-grenzen---basislijn-Noordzee---Viewservice.checkViewUrl: checkViewUrl.feature:16 - path: $['Content-Length'][0], actual: null, expected: '#notnull', reason: actual json-path does not exist
tmp.junit17863174098671850733.Ministerie-van-Defensie--Koninklijke-Marine--Dienst-der-Hydrografie.Blokindeling-van-het-Nederlands-Continentaal-Plat-volgens-de-Mijnbouwwet-en-Grensgebied-volgens-de-Aanvullende-Overeenkomst-bij-het-Eems-Dollardverdrag.download.Blokindeling-van-het-Nederlands-Continentaal-Plat-Downloadservice-volgens-de-Mijnbouwwet-en-Grensgebied-volgens-de-Aanvullende-Overeenkomst-bij-het-Eems-Dollardverdrag.checkdownloadurl: checkdownloadurl.feature:16 - path: $['Content-Length'][0], actual: null, expected: '#notnull', reason: actual json-path does not exist
tmp.junit17863174098671850733.Ministerie-van-Defensie--Koninklijke-Marine--Dienst-der-Hydrografie.Blokindeling-van-het-Nederlands-Continentaal-Plat-volgens-de-Mijnbouwwet-en-Grensgebied-volgens-de-Aanvullende-Overeenkomst-bij-het-Eems-Dollardverdrag.view.Blokindeling-van-het-Nederlands-Continentaal-Plat-Viewservice-volgens-de-Mijnbouwwet-en-Grensgebied-volgens-de-Aanvullende-Overeenkomst-bij-het-Eems-Dollardverdrag.checkViewUrl: checkViewUrl.feature:16 - path: $['Content-Length'][0], actual: null, expected: '#notnull', reason: actual json-path does not exist
tmp.junit17863174098671850733.Ministerie-van-Defensie--Koninklijke-Marine--Dienst-der-Hydrografie.Nederlands-deel-PSSA-Waddenzee.download.Nederlands-deel-PSSA-Waddenzee-Downloadservice.checkdownloadurl: checkdownloadurl.feature:16 - path: $['Content-Length'][0], actual: null, expected: '#notnull', reason: actual json-path does not exist
tmp.junit17863174098671850733.Ministerie-van-Defensie--Koninklijke-Marine--Dienst-der-Hydrografie.Nederlands-deel-PSSA-Waddenzee.view.Nederlands-deel-PSSA-Waddenzee-Viewservice.checkViewUrl: checkViewUrl.feature:16 - path: $['Content-Length'][0], actual: null, expected: '#notnull', reason: actual json-path does not exist
tmp.junit17863174098671850733.Ministerie-van-Defensie--Koninklijke-Marine--Dienst-der-Hydrografie.Eemsmonding-volgens-het-Eems-Dollardverdrag.download.Eemsmonding-volgens-het-Eems-Dollardverdrag-Downloadservice.checkdownloadurl: checkdownloadurl.feature:16 - path: $['Content-Length'][0], actual: null, expected: '#notnull', reason: actual json-path does not exist
tmp.junit17863174098671850733.Ministerie-van-Defensie--Koninklijke-Marine--Dienst-der-Hydrografie.Eemsmonding-volgens-het-Eems-Dollardverdrag.view.Eemsmonding-volgens-het-Eems-Dollardverdrag-Viewservice.checkViewUrl: checkViewUrl.feature:16 - path: $['Content-Length'][0], actual: null, expected: '#notnull', reason: actual json-path does not exist
tmp.junit17863174098671850733.Ministerie-van-Defensie--Koninklijke-Marine--Dienst-der-Hydrografie.Bathymetrie-Nederlands-deel-van-de-Noordzee-dieper-dan-10-m-LAT.download.Bathymetrie-Nederlands-deel-van-de-Noordzee-dieper-dan-10-m-LAT--Downloadservice.checkdownloadurl: checkdownloadurl.feature:16 - path: $['Content-Length'][0], actual: null, expected: '#notnull', reason: actual json-path does not exist
tmp.junit17863174098671850733.Ministerie-van-Defensie--Koninklijke-Marine--Dienst-der-Hydrografie.Zones-volgens-EU-Gemeenschappelijk-Visserijbeleid-tot-3M-en-6M.download.Zones-volgens-EU-Gemeenschappelijk-Visserijbeleid-tot-3M-en-6M---Downloadservice.checkdownloadurl: checkdownloadurl.feature:16 - path: $['Content-Length'][0], actual: null, expected: '#notnull', reason: actual json-path does not exist
tmp.junit17863174098671850733.Ministerie-van-Defensie--Koninklijke-Marine--Dienst-der-Hydrografie.Zones-volgens-EU-Gemeenschappelijk-Visserijbeleid-tot-3M-en-6M.view.Zones-volgens-EU-Gemeenschappelijk-Visserijbeleid-tot-3M-en-6M---Viewservice.checkViewUrl: checkViewUrl.feature:16 - path: $['Content-Length'][0], actual: null, expected: '#notnull', reason: actual json-path does not exist
tmp.junit17863174098671850733.Ministerie-van-Defensie--Koninklijke-Marine--Dienst-der-Hydrografie.EEZ-volgens-UNCLOS---Noordzee.download.EEZ-volgens-UNCLOS---Noordzee---ATOM.checkdownloadurl: checkdownloadurl.feature:17 - path: $['Content-Type'][0], actual: 'application/atom+xml', expected: 'text/xml', reason: not equal
tmp.junit17863174098671850733.Ministerie-van-Defensie--Koninklijke-Marine--Dienst-der-Hydrografie.EEZ-volgens-UNCLOS---Noordzee.view.EEZ-volgens-UNCLOS---Noordzee---Viewservice.checkViewUrl: checkViewUrl.feature:16 - path: $['Content-Length'][0], actual: null, expected: '#notnull', reason: actual json-path does not exist
tmp.junit17863174098671850733.Beheer-PDOK.Richtlijn-Stedelijk-Afvalwater---rioolwaterzuiveringsinstallaties-Nederland-EU2015.download.Richtlijn-Stedelijk-Afvalwater-EU2015-WFS.checkdownloadurl: checkdownloadurl.feature:17 - path: $['Content-Type'][0], actual: 'text/html; charset=UTF-8', expected: 'text/xml', reason: not equal
tmp.junit17863174098671850733.Beheer-PDOK.Richtlijn-Stedelijk-Afvalwater---rioolwaterzuiveringsinstallaties-Nederland-EU2015.download.Richtlijn-Stedelijk-Afvalwater-EU2015-ATOM.checkdownloadurl: checkdownloadurl.feature:17 - path: $['Content-Type'][0], actual: 'application/xml', expected: 'text/xml', reason: not equal
tmp.junit17863174098671850733.Beheer-PDOK.Richtlijn-Stedelijk-Afvalwater---lozingspunten-Nederland-EU2015.download.Richtlijn-Stedelijk-Afvalwater-EU2015-WFS.checkdownloadurl: checkdownloadurl.feature:17 - path: $['Content-Type'][0], actual: 'text/html; charset=UTF-8', expected: 'text/xml', reason: not equal
tmp.junit17863174098671850733.Beheer-PDOK.Richtlijn-Stedelijk-Afvalwater---lozingspunten-Nederland-EU2015.download.Richtlijn-Stedelijk-Afvalwater-EU2015-ATOM.checkdownloadurl: checkdownloadurl.feature:17 - path: $['Content-Type'][0], actual: 'application/xml', expected: 'text/xml', reason: not equal
tmp.junit17863174098671850733.Beheer-PDOK.Windsnelheden-op-100m-hoogte--m.s-.download.Windsnelheden-100m-hoogte-WFS.checkdownloadurl: checkdownloadurl.feature:16 - path: $['Content-Length'][0], actual: null, expected: '#notnull', reason: actual json-path does not exist
tmp.junit17863174098671850733.Beheer-PDOK.Windsnelheden-op-100m-hoogte--m.s-.view.Windsnelheden-100m-hoogte-WMS.checkViewUrl: checkViewUrl.feature:16 - path: $['Content-Length'][0], actual: null, expected: '#notnull', reason: actual json-path does not exist
tmp.junit17863174098671850733.Beheer-PDOK.Zeegebieden--INSPIRE-geharmoniseerd-.download.Zeegebieden--INSPIRE-geharmoniseerd--WFS.checkdownloadurl: checkdownloadurl.feature:16 - path: $['Content-Length'][0], actual: null, expected: '#notnull', reason: actual json-path does not exist
tmp.junit17863174098671850733.Beheer-PDOK.Zeegebieden--INSPIRE-geharmoniseerd-.view.Zeegebieden--INSPIRE-geharmoniseerd--WMS.checkViewUrl: checkViewUrl.feature:16 - path: $['Content-Length'][0], actual: null, expected: '#notnull', reason: actual json-path does not exist
tmp.junit17863174098671850733.Beheer-PDOK.BAG.download.BAG-WFS.checkdownloadurl: checkdownloadurl.feature:17 - path: $['Content-Type'][0], actual: 'text/html; charset=UTF-8', expected: 'text/xml', reason: not equal
tmp.junit17863174098671850733.Beheer-PDOK.Vervoersnetwerken---Luchttransport--INSPIRE-geharmoniseerd-.download.Vervoersnetwerken---Luchttransport--INSPIRE-geharmoniseerd--WFS.checkdownloadurl: checkdownloadurl.feature:16 - path: $['Content-Length'][0], actual: null, expected: '#notnull', reason: actual json-path does not exist
tmp.junit17863174098671850733.Beheer-PDOK.Vervoersnetwerken---Luchttransport--INSPIRE-geharmoniseerd-.view.Vervoersnetwerken---Luchttransport--INSPIRE-geharmoniseerd--WMS.checkViewUrl: checkViewUrl.feature:16 - path: $['Content-Length'][0], actual: null, expected: '#notnull', reason: actual json-path does not exist
tmp.junit17863174098671850733.Beheer-PDOK.Vervoersnetwerken---Wegen--INSPIRE-geharmoniseerd-.download.Vervoersnetwerken---Wegen--INSPIRE-geharmoniseerd----Kadaster-WFS.checkdownloadurl: checkdownloadurl.feature:16 - path: $['Content-Length'][0], actual: null, expected: '#notnull', reason: actual json-path does not exist
tmp.junit17863174098671850733.Beheer-PDOK.Vervoersnetwerken---Wegen--INSPIRE-geharmoniseerd-.view.Vervoersnetwerken---Wegen--INSPIRE-geharmoniseerd----Kadaster-WMS.checkViewUrl: checkViewUrl.feature:16 - path: $['Content-Length'][0], actual: null, expected: '#notnull', reason: actual json-path does not exist
tmp.junit17863174098671850733.Beheer-PDOK.Provinciale-monumenten.download.Beschermde-gebieden---Provincies--INSPIRE-geharmoniseerd--ATOM-V1.checkdownloadurl: checkdownloadurl.feature:17 - path: $['Content-Type'][0], actual: 'application/xml', expected: 'text/xml', reason: not equal
tmp.junit17863174098671850733.Beheer-PDOK.Land-Use-2015.download.Statistics-Netherlands-Land-Use-2015-WFS--BBG-2015-INSPIRE-geharmoniseerd-.checkdownloadurl: checkdownloadurl.feature:16 - path: $['Content-Length'][0], actual: null, expected: '#notnull', reason: actual json-path does not exist
tmp.junit17863174098671850733.Beheer-PDOK.Land-Use-2015.view.Statistics-Netherlands-Land-Use-2015-WMS--BBG-2015-INSPIRE-geharmoniseerd-.checkViewUrl: checkViewUrl.feature:16 - path: $['Content-Length'][0], actual: null, expected: '#notnull', reason: actual json-path does not exist
tmp.junit17863174098671850733.Beheer-PDOK.Geluidbelasting-rijkswegen-in-Nederland-2016--24-uurs-gemiddelde-.download.Geluidskaarten-Rijkswegen-WFS.checkdownloadurl: checkdownloadurl.feature:17 - path: $['Content-Type'][0], actual: 'text/html; charset=UTF-8', expected: 'text/xml', reason: not equal
tmp.junit17863174098671850733.Beheer-PDOK.Geluidbelasting-rijkswegen-in-Nederland-2016--24-uurs-gemiddelde-.view.Geluidskaarten-Rijkswegen-WMS.checkViewUrl: checkViewUrl.feature:16 - path: $['Content-Length'][0], actual: null, expected: '#notnull', reason: actual json-path does not exist
tmp.junit17863174098671850733.Beheer-PDOK.Nationale-Parken--INSPIRE-Geharmoniseerd-.download.Beschermde-Gebieden-Nationale-Parken--INSPIRE-geharmoniseerd--WFS.checkdownloadurl: checkdownloadurl.feature:16 - path: $['Content-Length'][0], actual: null, expected: '#notnull', reason: actual json-path does not exist
tmp.junit17863174098671850733.Beheer-PDOK.Nationale-Parken--INSPIRE-Geharmoniseerd-.view.Beschermde-Gebieden-Nationale-Parken--INSPIRE-geharmoniseerd--WMS.checkViewUrl: checkViewUrl.feature:16 - path: $['Content-Length'][0], actual: null, expected: '#notnull', reason: actual json-path does not exist
tmp.junit17863174098671850733.Beheer-PDOK.Geluidkaart-hoofdspoornet-2016--Lnight-.download.Geluidblootstelling-van-het-hoofdspoorwegennet-Lnight-WFS.checkdownloadurl: checkdownloadurl.feature:17 - path: $['Content-Type'][0], actual: 'text/html; charset=UTF-8', expected: 'text/xml', reason: not equal
tmp.junit17863174098671850733.Beheer-PDOK.Nationaal-Hydrologisch-Instrumentarium--NHI----netwerkschematisatie.download.Nationaal-Hydrologisch-Instrumentarium--NHI--netwerkschematisaties-WFS.checkdownloadurl: checkdownloadurl.feature:16 - path: $['Content-Length'][0], actual: null, expected: '#notnull', reason: actual json-path does not exist
tmp.junit17863174098671850733.Beheer-PDOK.Nationaal-Hydrologisch-Instrumentarium--NHI----netwerkschematisatie.view.Nationaal-Hydrologisch-Instrumentarium--NHI--netwerkschematisaties-WMS.checkViewUrl: checkViewUrl.feature:16 - path: $['Content-Length'][0], actual: null, expected: '#notnull', reason: actual json-path does not exist
tmp.junit17863174098671850733.Beheer-PDOK.Statistical-Units-Vector.download.CBS-Gebiedsindelingen--INSPIRE-geharmoniseerd--WFS.checkdownloadurl: checkdownloadurl.feature:16 - path: $['Content-Length'][0], actual: null, expected: '#notnull', reason: actual json-path does not exist
tmp.junit17863174098671850733.Beheer-PDOK.Statistical-Units-Vector.view.CBS-Gebiedsindelingen--INSPIRE-geharmoniseerd--WMS.checkViewUrl: checkViewUrl.feature:16 - path: $['Content-Length'][0], actual: null, expected: '#notnull', reason: actual json-path does not exist
tmp.junit17863174098671850733.Beheer-PDOK.Habitatrichtlijn-verspreidingsgebied-van-soorten.download.Habitatrichtlijn-verspreidingsgebied-van-soorten-WFS.checkdownloadurl: checkdownloadurl.feature:17 - path: $['Content-Type'][0], actual: 'text/html; charset=UTF-8', expected: 'text/xml', reason: not equal
tmp.junit17863174098671850733.Beheer-PDOK.Wijk--en-Buurtkaart-2019-versie-2.download.CBS-Wijken-en-Buurten-2019-versie-1-WFS.checkdownloadurl: checkdownloadurl.feature:16 - path: $['Content-Length'][0], actual: null, expected: '#notnull', reason: actual json-path does not exist
tmp.junit17863174098671850733.Beheer-PDOK.Wijk--en-Buurtkaart-2019-versie-2.view.CBS-Wijken-en-Buurten-2019-versie-1-WMS.checkViewUrl: checkViewUrl.feature:16 - path: $['Content-Length'][0], actual: null, expected: '#notnull', reason: actual json-path does not exist
tmp.junit17863174098671850733.Beheer-PDOK.Ligging-industrie-en-CO2-emissies.download.Potentiekaart-restwarmte-WFS.checkdownloadurl: checkdownloadurl.feature:16 - path: $['Content-Length'][0], actual: null, expected: '#notnull', reason: actual json-path does not exist
tmp.junit17863174098671850733.Beheer-PDOK.Ligging-industrie-en-CO2-emissies.view.Potentiekaart-restwarmte-WMS.checkViewUrl: checkViewUrl.feature:16 - path: $['Content-Length'][0], actual: null, expected: '#notnull', reason: actual json-path does not exist
tmp.junit17863174098671850733.Beheer-PDOK.Luchtfoto-2018-25cm-CIR-open-data.view.Luchtfoto-Beeldmateriaal-.-PDOK-25-cm-Infrarood-WMS.checkViewUrl: checkViewUrl.feature:16 - path: $['Content-Length'][0], actual: null, expected: '#notnull', reason: actual json-path does not exist
tmp.junit17863174098671850733.Beheer-PDOK.Kaderrichtlijn-Water---Stroomgebieddistricten-Nederland-2019-vlakken.download.Kaderrichtlijn-Water-actueel-ATOM.checkdownloadurl: checkdownloadurl.feature:17 - path: $['Content-Type'][0], actual: 'application/xml', expected: 'text/xml', reason: not equal
tmp.junit17863174098671850733.Beheer-PDOK.Luchtfoto-2016-25cm-CIR-open-data.view.Luchtfoto-Beeldmateriaal-.-PDOK-25-cm-Infrarood-WMS.checkViewUrl: checkViewUrl.feature:16 - path: $['Content-Length'][0], actual: null, expected: '#notnull', reason: actual json-path does not exist
tmp.junit17863174098671850733.Beheer-PDOK.Publiekrechtelijke-beperkingen.view.Publiekrechtelijke-Beperking-WMS.checkViewUrl: checkViewUrl.feature:16 - path: $['Content-Length'][0], actual: null, expected: '#notnull', reason: actual json-path does not exist
tmp.junit17863174098671850733.Beheer-PDOK.Vervoersnetwerken.view.TOP10NL-WMS.checkViewUrl: checkViewUrl.feature:16 - path: $['Content-Length'][0], actual: null, expected: '#notnull', reason: actual json-path does not exist
tmp.junit17863174098671850733.Beheer-PDOK.Overheidsdiensten.view.Overheidsdiensten-WMS.checkViewUrl: checkViewUrl.feature:16 - path: $['Content-Length'][0], actual: null, expected: '#notnull', reason: actual json-path does not exist
tmp.junit17863174098671850733.Beheer-PDOK.Hydrografie---Physical-Waters--INSPIRE-geharmoniseerd-.download.Hydrografie---Physical-Waters--INSPIRE-geharmoniseerd--WFS.checkdownloadurl: checkdownloadurl.feature:16 - path: $['Content-Length'][0], actual: null, expected: '#notnull', reason: actual json-path does not exist
tmp.junit17863174098671850733.Beheer-PDOK.Hydrografie---Physical-Waters--INSPIRE-geharmoniseerd-.view.Hydrografie---Physical-Waters--INSPIRE-geharmoniseerd--WMS.checkViewUrl: checkViewUrl.feature:16 - path: $['Content-Length'][0], actual: null, expected: '#notnull', reason: actual json-path does not exist
tmp.junit17863174098671850733.Beheer-PDOK.Habitatrichtlijn-verspreidingsgebied-van-habitattypen.download.Habitatrichtlijn-verspreidingsgebied-van-habitattypen-WFS.checkdownloadurl: checkdownloadurl.feature:17 - path: $['Content-Type'][0], actual: 'text/html; charset=UTF-8', expected: 'text/xml', reason: not equal
tmp.junit17863174098671850733.Beheer-PDOK.Geluidbelasting-rijkswegen-in-Nederland-2011--24-uurs-gemiddelde-.download.Geluidskaarten-Rijkswegen-WFS.checkdownloadurl: checkdownloadurl.feature:17 - path: $['Content-Type'][0], actual: 'text/html; charset=UTF-8', expected: 'text/xml', reason: not equal
tmp.junit17863174098671850733.Beheer-PDOK.Geluidbelasting-rijkswegen-in-Nederland-2011--24-uurs-gemiddelde-.view.Geluidskaarten-Rijkswegen-WMS.checkViewUrl: checkViewUrl.feature:16 - path: $['Content-Length'][0], actual: null, expected: '#notnull', reason: actual json-path does not exist
tmp.junit17863174098671850733.Beheer-PDOK.Geluidkaart-Schiphol-2016--Lnight-.download.Geluidskaarten-Schiphol-2016-lnight-WFS.checkdownloadurl: checkdownloadurl.feature:17 - path: $['Content-Type'][0], actual: 'text/html; charset=UTF-8', expected: 'text/xml', reason: not equal
tmp.junit17863174098671850733.Beheer-PDOK.Wijk--en-Buurtkaart-2018-versie-3.download.CBS-Wijken-en-Buurten-2018-versie-1-WFS.checkdownloadurl: checkdownloadurl.feature:16 - path: $['Content-Length'][0], actual: null, expected: '#notnull', reason: actual json-path does not exist
tmp.junit17863174098671850733.Beheer-PDOK.Wijk--en-Buurtkaart-2018-versie-3.view.CBS-Wijken-en-Buurten-2018-versie-1-WMS.checkViewUrl: checkViewUrl.feature:16 - path: $['Content-Length'][0], actual: null, expected: '#notnull', reason: actual json-path does not exist
tmp.junit17863174098671850733.Beheer-PDOK.Vervoersnetwerken---Kabelbanen--INSPIRE-geharmoniseerd-.download.Vervoersnetwerken---Kabelbanen--INSPIRE-geharmoniseerd--WFS.checkdownloadurl: checkdownloadurl.feature:16 - path: $['Content-Length'][0], actual: null, expected: '#notnull', reason: actual json-path does not exist
tmp.junit17863174098671850733.Beheer-PDOK.Vervoersnetwerken---Kabelbanen--INSPIRE-geharmoniseerd-.view.Vervoersnetwerken---Kabelbanen--INSPIRE-geharmoniseerd--WMS.checkViewUrl: checkViewUrl.feature:16 - path: $['Content-Length'][0], actual: null, expected: '#notnull', reason: actual json-path does not exist
tmp.junit17863174098671850733.Beheer-PDOK.Geluidkaart-hoofdspoornet-2016--Lden-.download.Geluidblootstelling-van-het-hoofdspoorwegennet-Lden-WFS.checkdownloadurl: checkdownloadurl.feature:17 - path: $['Content-Type'][0], actual: 'text/html; charset=UTF-8', expected: 'text/xml', reason: not equal
tmp.junit17863174098671850733.Beheer-PDOK.Potentieel-koude-en-warmte-uit-open-en-gesloten-WKO-systemen--GJ.ha-jaar-.download.Potentieel-koude-en-warmte-uit-open-en-gesloten-WKO-systemen--GJ.ha-jaar--WFS.checkdownloadurl: checkdownloadurl.feature:16 - path: $['Content-Length'][0], actual: null, expected: '#notnull', reason: actual json-path does not exist
tmp.junit17863174098671850733.Beheer-PDOK.Potentieel-koude-en-warmte-uit-open-en-gesloten-WKO-systemen--GJ.ha-jaar-.view.Potentieel-koude-en-warmte-uit-open-en-gesloten-WKO-systemen--GJ.ha-jaar--WMS.checkViewUrl: checkViewUrl.feature:16 - path: $['Content-Length'][0], actual: null, expected: '#notnull', reason: actual json-path does not exist
tmp.junit17863174098671850733.Beheer-PDOK.Kaderrichtlijn-Water---Deelstroomgebieden-Nederland-2019-vlakken.download.Kaderrichtlijn-Water-actueel-ATOM.checkdownloadurl: checkdownloadurl.feature:17 - path: $['Content-Type'][0], actual: 'application/xml', expected: 'text/xml', reason: not equal
tmp.junit17863174098671850733.Beheer-PDOK.Administratieve-Eenheden.download.Bestuurlijke-Grenzen-WFS.checkdownloadurl: checkdownloadurl.feature:16 - path: $['Content-Length'][0], actual: null, expected: '#notnull', reason: actual json-path does not exist
tmp.junit17863174098671850733.Beheer-PDOK.Administratieve-Eenheden.view.Bestuurlijke-grenzen-WMS.checkViewUrl: checkViewUrl.feature:16 - path: $['Content-Length'][0], actual: null, expected: '#notnull', reason: actual json-path does not exist
tmp.junit17863174098671850733.Beheer-PDOK.Gebouwen--INSPIRE-geharmoniseerd-.download.Gebouwen--INSPIRE-geharmoniseerd--WFS.checkdownloadurl: checkdownloadurl.feature:16 - path: $['Content-Length'][0], actual: null, expected: '#notnull', reason: actual json-path does not exist
tmp.junit17863174098671850733.Beheer-PDOK.Gebouwen--INSPIRE-geharmoniseerd-.view.Gebouwen--INSPIRE-geharmoniseerd--WMS.checkViewUrl: checkViewUrl.feature:16 - path: $['Content-Length'][0], actual: null, expected: '#notnull', reason: actual json-path does not exist
tmp.junit17863174098671850733.Beheer-PDOK.Kadastrale-kaart-v4.download.Kadastrale-Kaart-v4-WFS.checkdownloadurl: checkdownloadurl.feature:17 - path: $['Content-Type'][0], actual: 'text/xml; charset=UTF-8', expected: 'text/xml', reason: not equal
tmp.junit17863174098671850733.Beheer-PDOK.Natuurnetwerk-Nederland.download.Beschermde-gebieden---Provincies--INSPIRE-geharmoniseerd--ATOM-V1.checkdownloadurl: checkdownloadurl.feature:17 - path: $['Content-Type'][0], actual: 'application/xml', expected: 'text/xml', reason: not equal
tmp.junit17863174098671850733.Beheer-PDOK.Kadastrale-Percelen--INSPIRE-geharmoniseerd-.download.Kadastrale-Percelen--INSPIRE-geharmoniseerd--WFS.checkdownloadurl: checkdownloadurl.feature:16 - path: $['Content-Length'][0], actual: null, expected: '#notnull', reason: actual json-path does not exist
tmp.junit17863174098671850733.Beheer-PDOK.Kadastrale-Percelen--INSPIRE-geharmoniseerd-.view.Kadastrale-Percelen--INSPIRE-geharmoniseerd--WMS.checkViewUrl: checkViewUrl.feature:15 - status code was: 404, expected: 200, response time: 424, url: https://geodata.nationaalgeoregister.nl/inspire/cp/wms?request=GetCapabilities, response: 
tmp.junit17863174098671850733.Beheer-PDOK.CBS-Provincies-2012.download.CBS-Provincies-WFS.checkdownloadurl: checkdownloadurl.feature:16 - path: $['Content-Length'][0], actual: null, expected: '#notnull', reason: actual json-path does not exist
tmp.junit17863174098671850733.Beheer-PDOK.CBS-Provincies-2012.view.CBS-Provincies-WMS.checkViewUrl: checkViewUrl.feature:16 - path: $['Content-Length'][0], actual: null, expected: '#notnull', reason: actual json-path does not exist
tmp.junit17863174098671850733.Beheer-PDOK.Aardkundige-waarden.download.Beschermde-gebieden---Provincies--INSPIRE-geharmoniseerd--ATOM-V1.checkdownloadurl: checkdownloadurl.feature:17 - path: $['Content-Type'][0], actual: 'application/xml', expected: 'text/xml', reason: not equal
tmp.junit17863174098671850733.Beheer-PDOK.RDinfo.download.RD-info-WFS.checkdownloadurl: checkdownloadurl.feature:17 - path: $['Content-Type'][0], actual: 'text/html; charset=UTF-8', expected: 'text/xml', reason: not equal
tmp.junit17863174098671850733.Beheer-PDOK.Bestand-Bodemgebruik-2015.download.CBS-Bestand-Bodemgebruik-2015-WFS.checkdownloadurl: checkdownloadurl.feature:17 - path: $['Content-Type'][0], actual: 'text/html; charset=UTF-8', expected: 'text/xml', reason: not equal
tmp.junit17863174098671850733.Beheer-PDOK.Bestand-Bodemgebruik-2015.download.CBS-Bestand-Bodemgebruik-2015-ATOM.checkdownloadurl: checkdownloadurl.feature:19 - assert evaluated to false: filesize > 2000
tmp.junit17863174098671850733.Beheer-PDOK.Nationaal-Beschermde-Gebieden--CDDA---INSPIRE-geharmoniseerd-.download.Beschermde-gebieden---CDDA--INSPIRE-geharmoniseerd--WFS.checkdownloadurl: checkdownloadurl.feature:16 - path: $['Content-Length'][0], actual: null, expected: '#notnull', reason: actual json-path does not exist
tmp.junit17863174098671850733.Beheer-PDOK.Nationaal-Beschermde-Gebieden--CDDA---INSPIRE-geharmoniseerd-.view.Beschermde-gebieden---CDDA--INSPIRE-geharmoniseerd--WMS.checkViewUrl: checkViewUrl.feature:16 - path: $['Content-Length'][0], actual: null, expected: '#notnull', reason: actual json-path does not exist
tmp.junit17863174098671850733.Beheer-PDOK.Vervoersnetwerken---Waterwegen--INSPIRE-geharmoniseerd-.download.Vervoersnetwerken---Waterwegen--INSPIRE-geharmoniseerd--WFS.checkdownloadurl: checkdownloadurl.feature:16 - path: $['Content-Length'][0], actual: null, expected: '#notnull', reason: actual json-path does not exist
tmp.junit17863174098671850733.Beheer-PDOK.Vervoersnetwerken---Waterwegen--INSPIRE-geharmoniseerd-.view.Vervoersnetwerken---Waterwegen--INSPIRE-geharmoniseerd--WMS.checkViewUrl: checkViewUrl.feature:16 - path: $['Content-Length'][0], actual: null, expected: '#notnull', reason: actual json-path does not exist
tmp.junit17863174098671850733.Beheer-PDOK.Kaderrichtlijn-Water---Register-Beschermd-Gebied---Schelpdierwater-2008.download.Schelpdierwater-WFS.checkdownloadurl: checkdownloadurl.feature:17 - path: $['Content-Type'][0], actual: 'text/html; charset=UTF-8', expected: 'text/xml', reason: not equal
tmp.junit17863174098671850733.Beheer-PDOK.Hydrografie.view.TOP10NL-WMS.checkViewUrl: checkViewUrl.feature:16 - path: $['Content-Length'][0], actual: null, expected: '#notnull', reason: actual json-path does not exist
tmp.junit17863174098671850733.Beheer-PDOK.Adressen.download.Adressen-V2-WFS.checkdownloadurl: checkdownloadurl.feature:17 - path: $['Content-Type'][0], actual: 'text/html; charset=UTF-8', expected: 'text/xml', reason: not equal
tmp.junit17863174098671850733.Beheer-PDOK.Luchtfoto-2017-25cm-CIR-open-data.view.Luchtfoto-Beeldmateriaal-.-PDOK-25-cm-Infrarood-WMS.checkViewUrl: checkViewUrl.feature:16 - path: $['Content-Length'][0], actual: null, expected: '#notnull', reason: actual json-path does not exist
tmp.junit17863174098671850733.Beheer-PDOK.Actueel-Hoogtebestand-Nederland-2--AHN2-.download.Actueel-Hoogtebestand-Nederland-2--AHN2--WCS.checkdownloadurl: checkdownloadurl.feature:17 - path: $['Content-Type'][0], actual: 'text/html; charset=UTF-8', expected: 'text/xml', reason: not equal
tmp.junit17863174098671850733.Beheer-PDOK.Actueel-Hoogtebestand-Nederland-2--AHN2-.view.Actueel-Hoogtebestand-Nederland-2--AHN2--WMS.checkViewUrl: checkViewUrl.feature:16 - path: $['Content-Length'][0], actual: null, expected: '#notnull', reason: actual json-path does not exist
tmp.junit17863174098671850733.Beheer-PDOK.Statistical-Units-Grid.download.Statistical-Units-Grid--INSPIRE-geharmoniseerd--WFS.checkdownloadurl: checkdownloadurl.feature:16 - path: $['Content-Length'][0], actual: null, expected: '#notnull', reason: actual json-path does not exist
tmp.junit17863174098671850733.Beheer-PDOK.Statistical-Units-Grid.view.Statistical-Units-Grid--INSPIRE-geharmoniseerd--WMS.checkViewUrl: checkViewUrl.feature:16 - path: $['Content-Length'][0], actual: null, expected: '#notnull', reason: actual json-path does not exist
tmp.junit17863174098671850733.Beheer-PDOK.Vervoersnetwerken---Spoorwegen--INSPIRE-geharmoniseerd-.download.Vervoersnetwerken---spoorwegen--INSPIRE-geharmoniseerd--WFS.checkdownloadurl: checkdownloadurl.feature:16 - path: $['Content-Length'][0], actual: null, expected: '#notnull', reason: actual json-path does not exist
tmp.junit17863174098671850733.Beheer-PDOK.Vervoersnetwerken---Spoorwegen--INSPIRE-geharmoniseerd-.view.Vervoersnetwerken---spoorwegen--INSPIRE-geharmoniseerd--WMS.checkViewUrl: checkViewUrl.feature:16 - path: $['Content-Length'][0], actual: null, expected: '#notnull', reason: actual json-path does not exist
tmp.junit17863174098671850733.Beheer-PDOK.Richtlijn-Stedelijk-Afvalwater---agglomeraties-Nederland-EU2015.download.Richtlijn-Stedelijk-Afvalwater-EU2015-WFS.checkdownloadurl: checkdownloadurl.feature:17 - path: $['Content-Type'][0], actual: 'text/html; charset=UTF-8', expected: 'text/xml', reason: not equal
tmp.junit17863174098671850733.Beheer-PDOK.Richtlijn-Stedelijk-Afvalwater---agglomeraties-Nederland-EU2015.download.Richtlijn-Stedelijk-Afvalwater-EU2015-ATOM.checkdownloadurl: checkdownloadurl.feature:17 - path: $['Content-Type'][0], actual: 'application/xml', expected: 'text/xml', reason: not equal
tmp.junit17863174098671850733.Beheer-PDOK.TOP10NL.view.TOP10NL-WMS.checkViewUrl: checkViewUrl.feature:16 - path: $['Content-Length'][0], actual: null, expected: '#notnull', reason: actual json-path does not exist
tmp.junit17863174098671850733.Beheer-PDOK.Geluidbelasting-rijkswegen-in-Nederland-2006--nacht-gemiddelde-.download.Geluidskaarten-Rijkswegen-WFS.checkdownloadurl: checkdownloadurl.feature:17 - path: $['Content-Type'][0], actual: 'text/html; charset=UTF-8', expected: 'text/xml', reason: not equal
tmp.junit17863174098671850733.Beheer-PDOK.Geluidbelasting-rijkswegen-in-Nederland-2006--nacht-gemiddelde-.view.Geluidskaarten-Rijkswegen-WMS.checkViewUrl: checkViewUrl.feature:16 - path: $['Content-Length'][0], actual: null, expected: '#notnull', reason: actual json-path does not exist
tmp.junit17863174098671850733.Beheer-PDOK.Mossel--en-oesterhabitats--AS-IS-.download.Mossel--en-oesterhabitats-WFS.checkdownloadurl: checkdownloadurl.feature:16 - path: $['Content-Length'][0], actual: null, expected: '#notnull', reason: actual json-path does not exist
tmp.junit17863174098671850733.Beheer-PDOK.Mossel--en-oesterhabitats--AS-IS-.view.Mossel--en-oesterhabitats-WMS.checkViewUrl: checkViewUrl.feature:16 - path: $['Content-Length'][0], actual: null, expected: '#notnull', reason: actual json-path does not exist
tmp.junit17863174098671850733.Beheer-PDOK.Geluidkaart-Schiphol-2016--Lden-.download.Geluidskaarten-Schiphol-2016-lden-WFS.checkdownloadurl: checkdownloadurl.feature:17 - path: $['Content-Type'][0], actual: 'text/html; charset=UTF-8', expected: 'text/xml', reason: not equal
tmp.junit17863174098671850733.Beheer-PDOK.Geluidbelasting-rijkswegen-in-Nederland-2011--nacht-gemiddelde-.download.Geluidskaarten-Rijkswegen-WFS.checkdownloadurl: checkdownloadurl.feature:17 - path: $['Content-Type'][0], actual: 'text/html; charset=UTF-8', expected: 'text/xml', reason: not equal
tmp.junit17863174098671850733.Beheer-PDOK.Geluidbelasting-rijkswegen-in-Nederland-2011--nacht-gemiddelde-.view.Geluidskaarten-Rijkswegen-WMS.checkViewUrl: checkViewUrl.feature:16 - path: $['Content-Length'][0], actual: null, expected: '#notnull', reason: actual json-path does not exist
tmp.junit17863174098671850733.Beheer-PDOK.Geluidbelasting-rijkswegen-in-Nederland-2006--24-uurs-gemiddelde-.download.Geluidskaarten-Rijkswegen-WFS.checkdownloadurl: checkdownloadurl.feature:17 - path: $['Content-Type'][0], actual: 'text/html; charset=UTF-8', expected: 'text/xml', reason: not equal
tmp.junit17863174098671850733.Beheer-PDOK.Geluidbelasting-rijkswegen-in-Nederland-2006--24-uurs-gemiddelde-.view.Geluidskaarten-Rijkswegen-WMS.checkViewUrl: checkViewUrl.feature:16 - path: $['Content-Length'][0], actual: null, expected: '#notnull', reason: actual json-path does not exist
tmp.junit17863174098671850733.Beheer-PDOK.Vaarwegmarkeringen-Nederland.download.Noordzee-Vaarwegmarkeringen-WFS.checkdownloadurl: checkdownloadurl.feature:17 - path: $['Content-Type'][0], actual: 'text/html; charset=UTF-8', expected: 'text/xml', reason: not equal
tmp.junit17863174098671850733.Beheer-PDOK.Natura-2000--INSPIRE-geharmoniseerd-.download.Natura2000--INSPIRE-geharmoniseerd--WFS.checkdownloadurl: checkdownloadurl.feature:16 - path: $['Content-Length'][0], actual: null, expected: '#notnull', reason: actual json-path does not exist
tmp.junit17863174098671850733.Beheer-PDOK.Natura-2000--INSPIRE-geharmoniseerd-.view.Natura2000--INSPIRE-geharmoniseerd--WMS.checkViewUrl: checkViewUrl.feature:16 - path: $['Content-Length'][0], actual: null, expected: '#notnull', reason: actual json-path does not exist
tmp.junit17863174098671850733.Beheer-PDOK.NB-wetgebieden-buiten-Natura-2000.download.Beschermde-gebieden---Provincies--INSPIRE-geharmoniseerd--ATOM-V1.checkdownloadurl: checkdownloadurl.feature:17 - path: $['Content-Type'][0], actual: 'application/xml', expected: 'text/xml', reason: not equal
tmp.junit17863174098671850733.Beheer-PDOK.Administratieve-Eenheden--INSPIRE-geharmoniseerd-.download.Administratieve-Eenheden--INSPIRE-geharmoniseerd--WFS.checkdownloadurl: checkdownloadurl.feature:16 - path: $['Content-Length'][0], actual: null, expected: '#notnull', reason: actual json-path does not exist
tmp.junit17863174098671850733.Beheer-PDOK.Administratieve-Eenheden--INSPIRE-geharmoniseerd-.view.Administratieve-Eenheden--INSPIRE-geharmoniseerd--WMS.checkViewUrl: checkViewUrl.feature:16 - path: $['Content-Length'][0], actual: null, expected: '#notnull', reason: actual json-path does not exist
tmp.junit17863174098671850733.Beheer-PDOK.Vogelrichtlijn-verspreiding-van-soorten.download.Vogelrichtlijn-verspreiding-van-soorten-WFS.checkdownloadurl: checkdownloadurl.feature:17 - path: $['Content-Type'][0], actual: 'text/html; charset=UTF-8', expected: 'text/xml', reason: not equal
tmp.junit17863174098671850733.Beheer-PDOK.Schelpdierpercelen.download.Schelpdierenpercelen-WFS.checkdownloadurl: checkdownloadurl.feature:16 - path: $['Content-Length'][0], actual: null, expected: '#notnull', reason: actual json-path does not exist
tmp.junit17863174098671850733.Beheer-PDOK.Schelpdierpercelen.view.Schelpdierenpercelen-WMS.checkViewUrl: checkViewUrl.feature:16 - path: $['Content-Length'][0], actual: null, expected: '#notnull', reason: actual json-path does not exist
tmp.junit17863174098671850733.Beheer-PDOK.Adressen--INSPIRE-geharmoniseerd-.download.Adressen--INSPIRE-geharmoniseerd--WFS.checkdownloadurl: checkdownloadurl.feature:16 - path: $['Content-Length'][0], actual: null, expected: '#notnull', reason: actual json-path does not exist
tmp.junit17863174098671850733.Beheer-PDOK.Adressen--INSPIRE-geharmoniseerd-.view.Adressen--INSPIRE-geharmoniseerd--WMS.checkViewUrl: checkViewUrl.feature:16 - path: $['Content-Length'][0], actual: null, expected: '#notnull', reason: actual json-path does not exist
tmp.junit17863174098671850733.Beheer-PDOK.Nationale-Landschappen.download.Beschermde-gebieden---Provincies--INSPIRE-geharmoniseerd--ATOM-V1.checkdownloadurl: checkdownloadurl.feature:17 - path: $['Content-Type'][0], actual: 'application/xml', expected: 'text/xml', reason: not equal
tmp.junit17863174098671850733.Beheer-PDOK.Geluidbelasting-rijkswegen-in-Nederland-2016--nacht-gemiddelde-.download.Geluidskaarten-Rijkswegen-WFS.checkdownloadurl: checkdownloadurl.feature:17 - path: $['Content-Type'][0], actual: 'text/html; charset=UTF-8', expected: 'text/xml', reason: not equal
tmp.junit17863174098671850733.Beheer-PDOK.Geluidbelasting-rijkswegen-in-Nederland-2016--nacht-gemiddelde-.view.Geluidskaarten-Rijkswegen-WMS.checkViewUrl: checkViewUrl.feature:16 - path: $['Content-Length'][0], actual: null, expected: '#notnull', reason: actual json-path does not exist
tmp.junit17863174098671850733.Beheer-PDOK.Actueel-Hoogtebestand-Nederland-1--AHN1-.download.Actueel-Hoogtebestand-Nederland-1--AHN1--WCS.checkdownloadurl: checkdownloadurl.feature:17 - path: $['Content-Type'][0], actual: 'text/html; charset=UTF-8', expected: 'text/xml', reason: not equal
tmp.junit17863174098671850733.Beheer-PDOK.Actueel-Hoogtebestand-Nederland-1--AHN1-.view.Actueel-Hoogtebestand-Nederland-1--AHN1--WMS.checkViewUrl: checkViewUrl.feature:16 - path: $['Content-Length'][0], actual: null, expected: '#notnull', reason: actual json-path does not exist
tmp.junit17863174098671850733.Beheer-PDOK.Wijk--en-Buurtkaart-2017-versie-3.download.CBS-Wijken-en-Buurten-2017-WFS.checkdownloadurl: checkdownloadurl.feature:16 - path: $['Content-Length'][0], actual: null, expected: '#notnull', reason: actual json-path does not exist
tmp.junit17863174098671850733.Beheer-PDOK.Wijk--en-Buurtkaart-2017-versie-3.view.CBS-Wijken-en-Buurten-2017-WMS.checkViewUrl: checkViewUrl.feature:16 - path: $['Content-Length'][0], actual: null, expected: '#notnull', reason: actual json-path does not exist
tmp.junit17863174098671850733.Beheer-PDOK.Ruimtelijke-plannen-Wro--Ruimtelijkeplannen-nl.view.Ruimtelijke-plannen-WMS.checkViewUrl: checkViewUrl.feature:16 - path: $['Content-Length'][0], actual: null, expected: '#notnull', reason: actual json-path does not exist
tmp.junit17863174098671850733.Beheer-PDOK.Vervoersnetwerken---Wegen--INSPIRE-geharmoniseerd----RWS.download.Vervoersnetwerken-Wegen-RWS--INSPIRE-geharmoniseerd--WFS.checkdownloadurl: checkdownloadurl.feature:16 - path: $['Content-Length'][0], actual: null, expected: '#notnull', reason: actual json-path does not exist
tmp.junit17863174098671850733.Beheer-PDOK.Vervoersnetwerken---Wegen--INSPIRE-geharmoniseerd----RWS.download.Inspire-nl-vervoersnetwerken---gemeenschappelijk-elementen-WFS.checkdownloadurl: checkdownloadurl.feature:15 - status code was: 400, expected: 200, response time: 421, url: https://geodata.nationaalgeoregister.nl/nl/rws/tn-cte/wfs?, response: 
tmp.junit17863174098671850733.Beheer-PDOK.Vervoersnetwerken---Wegen--INSPIRE-geharmoniseerd----RWS.view.Vervoersnetwerken-Wegen-RWS--INSPIRE-geharmoniseerd--WMS.checkViewUrl: checkViewUrl.feature:16 - path: $['Content-Length'][0], actual: null, expected: '#notnull', reason: actual json-path does not exist
tmp.junit17863174098671850733.Beheer-PDOK.Geografische-Namen--INSPIRE-geharmoniseerd-.download.Geografische-Namen--INSPIRE-geharmoniseerd--WFS.checkdownloadurl: checkdownloadurl.feature:16 - path: $['Content-Length'][0], actual: null, expected: '#notnull', reason: actual json-path does not exist
tmp.junit17863174098671850733.Beheer-PDOK.Geografische-Namen--INSPIRE-geharmoniseerd-.view.Geografische-Namen--INSPIRE-geharmoniseerd--WMS.checkViewUrl: checkViewUrl.feature:16 - path: $['Content-Length'][0], actual: null, expected: '#notnull', reason: actual json-path does not exist
tmp.junit17863174098671850733.Beheer-PDOK.INSPIRE-geharmoniseerde-Beschermde-Gebieden---Cultuur-Historie.download.Beschermde-Gebieden---Cultuurhistorie--INSPIRE-geharmoniseerd--WFS.checkdownloadurl: checkdownloadurl.feature:17 - path: $['Content-Type'][0], actual: 'text/xml; charset=UTF-8', expected: 'text/xml', reason: not equal
tmp.junit17863174098671850733.Beheer-PDOK.Beschermde-gebieden---Provincies--INSPIRE-geharmoniseerd-.download.Beschermde-gebieden---Provincies--INSPIRE-geharmoniseerd--ATOM-V1.checkdownloadurl: checkdownloadurl.feature:17 - path: $['Content-Type'][0], actual: 'application/xml', expected: 'text/xml', reason: not equal
tmp.junit17863174098671850733.Beheer-PDOK.Luchtfoto-2019-25cm-CIR-open-data.view.Luchtfoto-Beeldmateriaal-.-PDOK-25-cm-Infrarood-WMS.checkViewUrl: checkViewUrl.feature:16 - path: $['Content-Length'][0], actual: null, expected: '#notnull', reason: actual json-path does not exist
tmp.junit17863174098671850733.Beheer-PDOK.Habitatrichtlijn-verspreiding-van-soorten.download.Habitatrichtlijn-verspreiding-van-soorten-WFS.checkdownloadurl: checkdownloadurl.feature:17 - path: $['Content-Type'][0], actual: 'text/html; charset=UTF-8', expected: 'text/xml', reason: not equal
tmp.junit17863174098671850733.Beheer-PDOK.Habitatrichtlijn-verspreiding-van-habitattypen.download.Habitatrichtlijn-verspreiding-van-typen-WFS.checkdownloadurl: checkdownloadurl.feature:17 - path: $['Content-Type'][0], actual: 'text/html; charset=UTF-8', expected: 'text/xml', reason: not equal
tmp.junit17863174098671850733.Beheer-PDOK.Wetlands--RAMSAR---INSPIRE-Geharmoniseerd-.download.Beschermde-Gebieden-Wetlands--INSPIRE-geharmoniseerd--WFS.checkdownloadurl: checkdownloadurl.feature:16 - path: $['Content-Length'][0], actual: null, expected: '#notnull', reason: actual json-path does not exist
tmp.junit17863174098671850733.Beheer-PDOK.Wetlands--RAMSAR---INSPIRE-Geharmoniseerd-.view.Beschermde-Gebieden-Wetlands--INSPIRE-geharmoniseerd--WMS.checkViewUrl: checkViewUrl.feature:16 - path: $['Content-Length'][0], actual: null, expected: '#notnull', reason: actual json-path does not exist
tmp.junit17863174098671850733.Beheer-PDOK.Stiltegebieden.download.Beschermde-gebieden---Provincies--INSPIRE-geharmoniseerd--ATOM-V1.checkdownloadurl: checkdownloadurl.feature:17 - path: $['Content-Type'][0], actual: 'application/xml', expected: 'text/xml', reason: not equal
tmp.junit17863174098671850733.Beheer-PDOK.Zeegebieden.view.TOP10NL-WMS.checkViewUrl: checkViewUrl.feature:16 - path: $['Content-Length'][0], actual: null, expected: '#notnull', reason: actual json-path does not exist
tmp.junit17863174098671850733.Beheer-PDOK.Wijk--en-Buurtkaart-2016-versie-3.download.CBS-Wijken-en-Buurten-2016-WFS.checkdownloadurl: checkdownloadurl.feature:16 - path: $['Content-Length'][0], actual: null, expected: '#notnull', reason: actual json-path does not exist
tmp.junit17863174098671850733.Beheer-PDOK.Wijk--en-Buurtkaart-2016-versie-3.view.CBS-Wijken-en-Buurten-2016-WMS.checkViewUrl: checkViewUrl.feature:16 - path: $['Content-Length'][0], actual: null, expected: '#notnull', reason: actual json-path does not exist
tmp.junit17863174098671850733.Beheer-PDOK.Wet-Ammoniak-en-Veehouderij-gebieden.download.Beschermde-gebieden---Provincies--INSPIRE-geharmoniseerd--ATOM-V1.checkdownloadurl: checkdownloadurl.feature:17 - path: $['Content-Type'][0], actual: 'application/xml', expected: 'text/xml', reason: not equal
tmp.junit17863174098671850733.Beheer-PDOK.Vervoersnetwerken---Gemeenschappelijke-elementen--INSPIRE-geharmoniseerd-.download.Vervoersnetwerken---Gemeenschappelijke-elementen--INSPIRE-geharmoniseerd--WFS.checkdownloadurl: checkdownloadurl.feature:16 - path: $['Content-Length'][0], actual: null, expected: '#notnull', reason: actual json-path does not exist
tmp.junit17863174098671850733.Beheer-PDOK.Vervoersnetwerken---Gemeenschappelijke-elementen--INSPIRE-geharmoniseerd-.view.Vervoersnetwerken---Gemeenschappelijke-elementen--INSPIRE-geharmoniseerd--WMS.checkViewUrl: checkViewUrl.feature:16 - path: $['Content-Length'][0], actual: null, expected: '#notnull', reason: actual json-path does not exist
tmp.junit17863174098671850733.Beheer-PDOK.NWB---Wegen.view.NWB---Wegen--Nationaal-Wegen-Bestand--WMS.checkViewUrl: checkViewUrl.feature:16 - path: $['Content-Length'][0], actual: null, expected: '#notnull', reason: actual json-path does not exist
tmp.junit17863174098671850733.Beheer-PDOK.Mosselzaadinvanginstallaties.download.Mosselzaadinvanginstallaties-WFS.checkdownloadurl: checkdownloadurl.feature:16 - path: $['Content-Length'][0], actual: null, expected: '#notnull', reason: actual json-path does not exist
tmp.junit17863174098671850733.Beheer-PDOK.Mosselzaadinvanginstallaties.view.Mosselzaadinvanginstallaties-WMS.checkViewUrl: checkViewUrl.feature:16 - path: $['Content-Length'][0], actual: null, expected: '#notnull', reason: actual json-path does not exist
tmp.junit17863174098671850733.Beheer-PDOK.Bodemgebruik.view.TOP10NL-WMS.checkViewUrl: checkViewUrl.feature:16 - path: $['Content-Length'][0], actual: null, expected: '#notnull', reason: actual json-path does not exist
tmp.junit17863174098671850733.Beheer-PDOK.CBS-Vierkantstatistieken-500m.download.CBS-Vierkantstatistieken-500m-WFS.checkdownloadurl: checkdownloadurl.feature:16 - path: $['Content-Length'][0], actual: null, expected: '#notnull', reason: actual json-path does not exist
tmp.junit17863174098671850733.Beheer-PDOK.CBS-Vierkantstatistieken-500m.view.CBS-Vierkantstatistieken-500m-WMS.checkViewUrl: checkViewUrl.feature:16 - path: $['Content-Length'][0], actual: null, expected: '#notnull', reason: actual json-path does not exist
tmp.junit17863174098671850733.Beheer-PDOK.Vogelrichtlijn-verspreidingsgebied-van-soorten.download.Vogelrichtlijn-verspreidingsgebied-van-soorten-WFS.checkdownloadurl: checkdownloadurl.feature:17 - path: $['Content-Type'][0], actual: 'text/html; charset=UTF-8', expected: 'text/xml', reason: not equal
tmp.junit17863174098671850733.Beheer-PDOK.Geografische-Namen.view.TOP10NL-WMS.checkViewUrl: checkViewUrl.feature:16 - path: $['Content-Length'][0], actual: null, expected: '#notnull', reason: actual json-path does not exist
tmp.junit17863174098671850733.no-organisationName-found-in-dataset-record--TNO-Geologische-Dienst-Nederland.Vergunningen-Mijnbouwwet-onder-INSPIRE.download.Vergunningen-Mijnbouwwet-onder-INSPIRE--downloadservice.checkdownloadurl: checkdownloadurl.feature:17 - path: $['Content-Type'][0], actual: 'application/xml;charset=utf-8', expected: 'text/xml', reason: not equal
tmp.junit17863174098671850733.Koninklijk-Nederlands-Meteorologisch-Instituut--KNMI-.Aardbevingen-Nederland--KNMI-.download.Download-Service-voor-KNMI-INSPIRE-Annex-III-datasets.checkdownloadurl: checkdownloadurl.feature:16 - path: $['Content-Length'][0], actual: null, expected: '#notnull', reason: actual json-path does not exist
tmp.junit17863174098671850733.Koninklijk-Nederlands-Meteorologisch-Instituut--KNMI-.Aardbevingen-Nederland--KNMI-.view.View-service-voor-aardbevingen-in-Nederland.checkViewUrl: checkViewUrl.feature:16 - path: $['Content-Length'][0], actual: null, expected: '#notnull', reason: actual json-path does not exist
tmp.junit17863174098671850733.Koninklijk-Nederlands-Meteorologisch-Instituut--KNMI-.Gecontroleerde-klimatologische-daggegevens-KNMI-Nederland.download.Download-Service-voor-KNMI-INSPIRE-Annex-III-datasets.checkdownloadurl: checkdownloadurl.feature:16 - path: $['Content-Length'][0], actual: null, expected: '#notnull', reason: actual json-path does not exist
tmp.junit17863174098671850733.Koninklijk-Nederlands-Meteorologisch-Instituut--KNMI-.Gecontroleerde-klimatologische-daggegevens-KNMI-Nederland.view.View-service-voor-gecontroleerde-klimatologische-daggegevens-KNMI-Nederland.checkViewUrl: checkViewUrl.feature:16 - path: $['Content-Length'][0], actual: null, expected: '#notnull', reason: actual json-path does not exist
tmp.junit17863174098671850733.Koninklijk-Nederlands-Meteorologisch-Instituut--KNMI-.Actuele-synoptische-weerwaarnemingen-KNMI-Nederland-per-10-minuten--24-uur-.download.Download-Service-voor-KNMI-INSPIRE-Annex-III-datasets.checkdownloadurl: checkdownloadurl.feature:16 - path: $['Content-Length'][0], actual: null, expected: '#notnull', reason: actual json-path does not exist
tmp.junit17863174098671850733.Koninklijk-Nederlands-Meteorologisch-Instituut--KNMI-.Actuele-synoptische-weerwaarnemingen-KNMI-Nederland-per-10-minuten--24-uur-.view.View-service-voor-actuele-synoptische-weerwaarnemingen-KNMI-Nederland-per-10-minuten.checkViewUrl: checkViewUrl.feature:16 - path: $['Content-Length'][0], actual: null, expected: '#notnull', reason: actual json-path does not exist
tmp.junit17863174098671850733.Koninklijk-Nederlands-Meteorologisch-Instituut--KNMI-.Netwerk-van-KNMI-waarneemstations.download.Download-Service-voor-KNMI-INSPIRE-Annex-III-datasets.checkdownloadurl: checkdownloadurl.feature:16 - path: $['Content-Length'][0], actual: null, expected: '#notnull', reason: actual json-path does not exist
tmp.junit17863174098671850733.Koninklijk-Nederlands-Meteorologisch-Instituut--KNMI-.Netwerk-van-KNMI-waarneemstations.view.View-service-voor-het-netwerk-van-waarneemstations-KNMI-Nederland.checkViewUrl: checkViewUrl.feature:16 - path: $['Content-Length'][0], actual: null, expected: '#notnull', reason: actual json-path does not exist
tmp.junit17863174098671850733.Rijkswaterstaat.Menselijke-gezondheid-en-veiligheid---geluidbelasting-rijkswegen-2011--INSPIRE-geharmoniseerd-.download.Menselijke-gezondheid-en-veiligheid---geluidbelasting-rijkswegen-2011--INSPIRE-geharmoniseerd--ATOM.checkdownloadurl: checkdownloadurl.feature:16 - path: $['Content-Length'][0], actual: null, expected: '#notnull', reason: actual json-path does not exist
tmp.junit17863174098671850733.Rijkswaterstaat.Menselijke-gezondheid-en-veiligheid---geluidbelasting-rijkswegen-2011--INSPIRE-geharmoniseerd-.view.Menselijke-gezondheid-en-veiligheid---geluidbelasting-rijkswegen-2011--INSPIRE-geharmoniseerd--WMS.checkViewUrl: checkViewUrl.feature:16 - path: $['Content-Length'][0], actual: null, expected: '#notnull', reason: actual json-path does not exist
tmp.junit17863174098671850733.Rijkswaterstaat.Menselijke-gezondheid-en-veiligheid---geluidbelasting-rijkswegen-2011--INSPIRE-geharmoniseerd-.other.Menselijke-gezondheid-en-veiligheid---geluidbelasting-rijkswegen-2011--INSPIRE-geharmoniseerd--WFS.checkOtherUrl: checkOtherUrl.feature:16 - path: $['Content-Length'][0], actual: null, expected: '#notnull', reason: actual json-path does not exist
tmp.junit17863174098671850733.Rijkswaterstaat.Bathymetrie-Nederland---binnenwateren.download.Bathymetrie-Nederland---binnenwateren-WCS.checkdownloadurl: checkdownloadurl.feature:16 - path: $['Content-Length'][0], actual: null, expected: '#notnull', reason: actual json-path does not exist
tmp.junit17863174098671850733.Rijkswaterstaat.Bathymetrie-Nederland---binnenwateren.view.Bathymetrie-Nederland---binnenwateren-WMS.checkViewUrl: checkViewUrl.feature:16 - path: $['Content-Length'][0], actual: null, expected: '#notnull', reason: actual json-path does not exist
tmp.junit17863174098671850733.Rijkswaterstaat.Waterstanden-en-afvoeren-actueel---Rijkswaterstaat.view.Waterstanden-en-afvoeren-actueel---Rijkswaterstaat---WMS.checkViewUrl: checkViewUrl.feature:16 - path: $['Content-Length'][0], actual: null, expected: '#notnull', reason: actual json-path does not exist
tmp.junit17863174098671850733.Rijkswaterstaat.Waterstanden-en-afvoeren-actueel---Rijkswaterstaat.other.Waterstanden-en-afvoeren-actueel---Rijkswaterstaat---WFS.checkOtherUrl: checkOtherUrl.feature:16 - path: $['Content-Length'][0], actual: null, expected: '#notnull', reason: actual json-path does not exist
tmp.junit17863174098671850733.Rijkswaterstaat.Landelijk-zoet-en-zoutwatermeetnet---Rijkswaterstaat.view.Landelijk-zoet-en-zoutwatermeetnet---Rijkswaterstaat-WMS.checkViewUrl: checkViewUrl.feature:16 - path: $['Content-Length'][0], actual: null, expected: '#notnull', reason: actual json-path does not exist
tmp.junit17863174098671850733.Rijkswaterstaat.Landelijk-zoet-en-zoutwatermeetnet---Rijkswaterstaat.other.Landelijk-zoet-en-zoutwatermeetnet---Rijkswaterstaat-WFS.checkOtherUrl: checkOtherUrl.feature:16 - path: $['Content-Length'][0], actual: null, expected: '#notnull', reason: actual json-path does not exist
tmp.junit17863174098671850733.Rijkswaterstaat.Menselijke-gezondheid-en-veiligheid----geluidbelasting-rijkswegen-2006--INSPIRE-geharmoniseerd-.download.Menselijke-gezondheid-en-veiligheid---geluidbelasting-rijkswegen-2006--INSPIRE-geharmoniseerd--ATOM.checkdownloadurl: checkdownloadurl.feature:16 - path: $['Content-Length'][0], actual: null, expected: '#notnull', reason: actual json-path does not exist
tmp.junit17863174098671850733.Rijkswaterstaat.Menselijke-gezondheid-en-veiligheid----geluidbelasting-rijkswegen-2006--INSPIRE-geharmoniseerd-.view.Menselijke-gezondheid-en-veiligheid---geluidbelasting-rijkswegen-2006--INSPIRE-geharmoniseerd--WMS.checkViewUrl: checkViewUrl.feature:16 - path: $['Content-Length'][0], actual: null, expected: '#notnull', reason: actual json-path does not exist
tmp.junit17863174098671850733.Rijkswaterstaat.Menselijke-gezondheid-en-veiligheid----geluidbelasting-rijkswegen-2006--INSPIRE-geharmoniseerd-.other.Menselijke-gezondheid-en-veiligheid---geluidbelasting-rijkswegen-2006--INSPIRE-geharmoniseerd--WFS.checkOtherUrl: checkOtherUrl.feature:16 - path: $['Content-Length'][0], actual: null, expected: '#notnull', reason: actual json-path does not exist
tmp.junit17863174098671850733.Rijkswaterstaat.Kaderrichtlijn-Mariene-Strategie---Bevroren-monitoringsdata.view.Kaderrichtlijn-Mariene-Strategie---Bevroren-monitoringsdata-WMS.checkViewUrl: checkViewUrl.feature:15 - status code was: 501, expected: 200, response time: 987, url: https://marineprojects.openearth.nl/geoserver/ihm_krm/wms?service=WMS&version=1.3.0&request=GetCapabilities, response: 
tmp.junit17863174098671850733.Rijkswaterstaat.Kaderrichtlijn-Mariene-Strategie---Bevroren-monitoringsdata.other.Kaderrichtlijn-Mariene-Strategie---Bevroren-monitoringsdata-WFS.checkOtherUrl: checkOtherUrl.feature:15 - status code was: 501, expected: 200, response time: 782, url: https://marineprojects.openearth.nl/geoserver/ihm_krm/wfs?service=WFS&version=2.0.0&request=GetCapabilities, response: 
tmp.junit17863174098671850733.Rijkswaterstaat.Bathymetrie-Nederland---kust.download.Bathymetrie-Nederland---kust-WCS.checkdownloadurl: checkdownloadurl.feature:16 - path: $['Content-Length'][0], actual: null, expected: '#notnull', reason: actual json-path does not exist
tmp.junit17863174098671850733.Rijkswaterstaat.Bathymetrie-Nederland---kust.view.Bathymetrie-Nederland---kust-WMS.checkViewUrl: checkViewUrl.feature:16 - path: $['Content-Length'][0], actual: null, expected: '#notnull', reason: actual json-path does not exist
tmp.junit17863174098671850733.Rijkswaterstaat.Menselijke-gezondheid-en-veiligheid---geluidbelasting-rijkswegen-2016--INSPIRE-geharmoniseerd-.download.Menselijke-gezondheid-en-veiligheid---geluidbelasting-rijkswegen-2016--INSPIRE-geharmoniseerd--ATOM.checkdownloadurl: checkdownloadurl.feature:16 - path: $['Content-Length'][0], actual: null, expected: '#notnull', reason: actual json-path does not exist
tmp.junit17863174098671850733.Rijkswaterstaat.Menselijke-gezondheid-en-veiligheid---geluidbelasting-rijkswegen-2016--INSPIRE-geharmoniseerd-.view.Menselijke-gezondheid-en-veiligheid---geluidbelasting-rijkswegen-2016--INSPIRE-geharmoniseerd--WMS.checkViewUrl: checkViewUrl.feature:16 - path: $['Content-Length'][0], actual: null, expected: '#notnull', reason: actual json-path does not exist
tmp.junit17863174098671850733.Rijkswaterstaat.Menselijke-gezondheid-en-veiligheid---geluidbelasting-rijkswegen-2016--INSPIRE-geharmoniseerd-.other.Menselijke-gezondheid-en-veiligheid---geluidbelasting-rijkswegen-2016--INSPIRE-geharmoniseerd--WFS.checkOtherUrl: checkOtherUrl.feature:16 - path: $['Content-Length'][0], actual: null, expected: '#notnull', reason: actual json-path does not exist
tmp.junit17863174098671850733.TNO-Geologische-Dienst-Nederland.Kaart-van-de-bodemopbouw-in-Nederland-1-50-000-onder-INSPIRE.download.Kaart-van-de-bodemopbouw-in-Nederland-1-50-000-onder-INSPIRE---downloadservice.checkdownloadurl: checkdownloadurl.feature:17 - path: $['Content-Type'][0], actual: 'application/xml;charset=utf-8', expected: 'text/xml', reason: not equal
tmp.junit17863174098671850733.TNO-Geologische-Dienst-Nederland.Geologisch-booronderzoek-onder-INSPIRE.download.Geologisch-booronderzoek-onder-INSPIRE--downloadservice.checkdownloadurl: checkdownloadurl.feature:17 - path: $['Content-Type'][0], actual: 'application/xml;charset=utf-8', expected: 'text/xml', reason: not equal
tmp.junit17863174098671850733.TNO-Geologische-Dienst-Nederland.zoutvelden-en-zoutproductieputten-onder-INSPIRE.download.zoutvelden-en-zoutproductieputten-onder-INSPIRE--downloadservice.checkdownloadurl: checkdownloadurl.feature:17 - path: $['Content-Type'][0], actual: 'application/xml;charset=utf-8', expected: 'text/xml', reason: not equal
tmp.junit17863174098671850733.TNO-Geologische-Dienst-Nederland.Bodemkundig-boormonsterprofiel-onder-INSPIRE.download.Bodemkundig-boormonsterprofiel-onder-INSPIRE--downloadservice.checkdownloadurl: checkdownloadurl.feature:17 - path: $['Content-Type'][0], actual: 'application/xml;charset=utf-8', expected: 'text/xml', reason: not equal
tmp.junit17863174098671850733.TNO-Geologische-Dienst-Nederland.Totale-potentie-aardwarmte-uit-aquifers--INSPIRE.download.Totale-potentie-aardwarmte-uit-aquifers--INSPIRE-downloadservice.checkdownloadurl: checkdownloadurl.feature:17 - path: $['Content-Type'][0], actual: 'application/atom+xml', expected: 'text/xml', reason: not equal
tmp.junit17863174098671850733.TNO-Geologische-Dienst-Nederland.Totale-potentie-aardwarmte-uit-aquifers--INSPIRE.view.Totale-potentie-aardwarmte-uit-aquifers--INSPIRE--viewservice.checkViewUrl: checkViewUrl.feature:15 - status code was: 400, expected: 200, response time: 306, url: https://www.broinspireservices.nl/arcgis/services/inspire/inspire_awp/MapServer/WMSServer?request=GetCapabilities&service=WMS, response: 
tmp.junit17863174098671850733.TNO-Geologische-Dienst-Nederland.Grondwateronderzoek-onder-INSPIRE.download.Grondwateronderzoek-onder-INSPIRE--downloadservice.checkdownloadurl: checkdownloadurl.feature:17 - path: $['Content-Type'][0], actual: 'application/xml;charset=utf-8', expected: 'text/xml', reason: not equal
tmp.junit17863174098671850733.TNO-Geologische-Dienst-Nederland.Grondwatersamenstellinggegevens-KRW-meetronde-2012-onder-INSPIRE.download.Grondwatersamenstellinggegevens-KRW-meetronde-2012-onder-INSPIRE--downloadservice.checkdownloadurl: checkdownloadurl.feature:17 - path: $['Content-Type'][0], actual: 'application/xml;charset=utf-8', expected: 'text/xml', reason: not equal
tmp.junit17863174098671850733.TNO-Geologische-Dienst-Nederland.Oppervlaktegeologie--Geologische-kaart-onder-INSPIRE.download.Oppervlaktegeologie--Geologische-kaart-onder-INSPIRE--downloadservice.checkdownloadurl: checkdownloadurl.feature:17 - path: $['Content-Type'][0], actual: 'application/xml;charset=utf-8', expected: 'text/xml', reason: not equal
tmp.junit17863174098671850733.TNO-Geologische-Dienst-Nederland.Olie--en-gasvelden-onder-INSPIRE.download.Olie--en-gasvelden-onder-INSPIRE--downloadservice.checkdownloadurl: checkdownloadurl.feature:17 - path: $['Content-Type'][0], actual: 'application/xml;charset=utf-8', expected: 'text/xml', reason: not equal
tmp.junit17863174098671850733.Beheer-PDOK--Rijkswaterstaat--Rijkswaterstaat--Rijkswaterstaat--Beheer-PDOK.Vervoersnetwerken---Waterwegen--INSPIRE-geharmoniseerd----WT.download.Vervoersnetwerken-Waterwegen-RWS--INSPIRE-geharmoniseerd--WFS.checkdownloadurl: checkdownloadurl.feature:16 - path: $['Content-Length'][0], actual: null, expected: '#notnull', reason: actual json-path does not exist
tmp.junit17863174098671850733.Beheer-PDOK--Rijkswaterstaat--Rijkswaterstaat--Rijkswaterstaat--Beheer-PDOK.Vervoersnetwerken---Waterwegen--INSPIRE-geharmoniseerd----WT.download.Vervoersnetwerken---Waterwegen--INSPIRE-geharmoniseerd----WT-ATOM.checkdownloadurl: checkdownloadurl.feature:16 - path: $['Content-Length'][0], actual: null, expected: '#notnull', reason: actual json-path does not exist
tmp.junit17863174098671850733.Beheer-PDOK--Rijkswaterstaat--Rijkswaterstaat--Rijkswaterstaat--Beheer-PDOK.Vervoersnetwerken---Waterwegen--INSPIRE-geharmoniseerd----WT.view.Vervoersnetwerken-Waterwegen-RWS--INSPIRE-geharmoniseerd--WMS.checkViewUrl: checkViewUrl.feature:16 - path: $['Content-Length'][0], actual: null, expected: '#notnull', reason: actual json-path does not exist
tmp.junit17863174098671850733.Beheer-PDOK--Rijkswaterstaat--Rijkswaterstaat--Rijkswaterstaat--Beheer-PDOK.Vervoersnetwerken---Waterwegen--INSPIRE-geharmoniseerd----WT.view.Vervoersnetwerken---Waterwegen--INSPIRE-geharmoniseerd----WT-WMS.checkViewUrl: checkViewUrl.feature:16 - path: $['Content-Length'][0], actual: null, expected: '#notnull', reason: actual json-path does not exist
tmp.junit17863174098671850733.Beheer-PDOK--Rijkswaterstaat--Rijkswaterstaat--Rijkswaterstaat--Beheer-PDOK.Vervoersnetwerken---Waterwegen--INSPIRE-geharmoniseerd----WT.other.Vervoersnetwerken---Waterwegen--INSPIRE-geharmoniseerd----WT-WFS.checkOtherUrl: checkOtherUrl.feature:16 - path: $['Content-Length'][0], actual: null, expected: '#notnull', reason: actual json-path does not exist
tmp.junit17863174098671850733.Informatiehuis-Water.Kaderrichtlijn-Water---Monitoringlocaties-Nederland-EU2015.download.Meetlocaties-Waterkwaliteit--KRW-waterlichamen-en-stroomgebied-districten---Atom-feed.checkdownloadurl: checkdownloadurl.feature:17 - path: $['Content-Type'][0], actual: 'text/xml; charset=utf-8', expected: 'text/xml', reason: not equal
tmp.junit17863174098671850733.Informatiehuis-Water.Kaderrichtlijn-Water---Stroomgebieddistricten-Nederland-EU2015.download.Meetlocaties-Waterkwaliteit--KRW-waterlichamen-en-stroomgebied-districten---Atom-feed.checkdownloadurl: checkdownloadurl.feature:17 - path: $['Content-Type'][0], actual: 'text/xml; charset=utf-8', expected: 'text/xml', reason: not equal
tmp.junit17863174098671850733.Interprovinciaal-Overleg.Landelijk-grondwaterregister---Faciliteiten-voor-productie-en-industrie.download.INSPIRE-Download-service-voor-Faciliteiten-voor-productie-en-industrie.checkdownloadurl: checkdownloadurl.feature:15 - status code was: 400, expected: 200, response time: 309, url: http://services.inspire-provincies.nl/ProductionAndIndustrialFacilities/services/download_PF?request=GetCapabilities, response: 
tmp.junit17863174098671850733.Interprovinciaal-Overleg.Landelijk-grondwaterregister---Faciliteiten-voor-productie-en-industrie.view.INSPIRE-View-service-voor-Faciliteiten-voor-productie-en-industrie.checkViewUrl: checkViewUrl.feature:16 - path: $['Content-Length'][0], actual: null, expected: '#notnull', reason: actual json-path does not exist
tmp.junit17863174098671850733.Interprovinciaal-Overleg.Zwemwaterlocaties-en-zwemwaterkwaliteit---monsterpunten.download.INSPIRE-Download-service-voor-Milieubewakingsvoorzieningen.checkdownloadurl: checkdownloadurl.feature:15 - status code was: 400, expected: 200, response time: 189, url: http://services.inspire-provincies.nl/EnvironmentalMonitoringFacilities/services/download_EF?request=GetCapabilities, response: 
tmp.junit17863174098671850733.Interprovinciaal-Overleg.Zwemwaterlocaties-en-zwemwaterkwaliteit---monsterpunten.view.INSPIRE-View-service-voor-Milieubewakingsvoorzieningen.checkViewUrl: checkViewUrl.feature:16 - path: $['Content-Length'][0], actual: null, expected: '#notnull', reason: actual json-path does not exist
tmp.junit17863174098671850733.Interprovinciaal-Overleg.Natuurbranden.download.INSPIRE-Download-service-voor-Gebieden-met-natuurrisico-s.checkdownloadurl: checkdownloadurl.feature:15 - status code was: 400, expected: 200, response time: 183, url: http://services.inspire-provincies.nl/NaturalRiskZones/services/download_NZ?request=GetCapabilities, response: 
tmp.junit17863174098671850733.Interprovinciaal-Overleg.Natuurbranden.view.INSPIRE-View-service-voor-Gebieden-met-natuurrisico-s.checkViewUrl: checkViewUrl.feature:16 - path: $['Content-Length'][0], actual: null, expected: '#notnull', reason: actual json-path does not exist
tmp.junit17863174098671850733.PDOK--Beheer-PDOK--Beheer-PDOK.CBS-Vierkantstatistieken-100m.download.CBS-Vierkantstatistieken-100m-WFS.checkdownloadurl: checkdownloadurl.feature:16 - path: $['Content-Length'][0], actual: null, expected: '#notnull', reason: actual json-path does not exist
tmp.junit17863174098671850733.PDOK--Beheer-PDOK--Beheer-PDOK.CBS-Vierkantstatistieken-100m.view.CBS-Vierkantstatistieken-100m-WMS.checkViewUrl: checkViewUrl.feature:16 - path: $['Content-Length'][0], actual: null, expected: '#notnull', reason: actual json-path does not exist
tmp.junit17863174098671850733.PDOK--Beheer-PDOK--Beheer-PDOK.CBS-gebiedsindelingen.download.CBS-Gebiedsindelingen-WFS.checkdownloadurl: checkdownloadurl.feature:16 - path: $['Content-Length'][0], actual: null, expected: '#notnull', reason: actual json-path does not exist
tmp.junit17863174098671850733.PDOK--Beheer-PDOK--Beheer-PDOK.CBS-gebiedsindelingen.view.CBS-Gebiedsindelingen-WMS.checkViewUrl: checkViewUrl.feature:16 - path: $['Content-Length'][0], actual: null, expected: '#notnull', reason: actual json-path does not exist
tmp.junit17863174098671850733.Rijksdienst-voor-het-Cultureel-Erfgoed.Werelderfgoed.download.INSPIRE-Download-service-Beschermde-gebieden.checkdownloadurl: checkdownloadurl.feature:17 - path: $['Content-Type'][0], actual: 'application/xml;charset=UTF-8', expected: 'text/xml', reason: not equal
tmp.junit17863174098671850733.Rijksdienst-voor-het-Cultureel-Erfgoed.Werelderfgoed.view.INSPIRE-View-service-Beschermde-gebieden.checkViewUrl: checkViewUrl.feature:18 - assert evaluated to false: filesize > 50
tmp.junit17863174098671850733.Rijksdienst-voor-het-Cultureel-Erfgoed.Stads--en-Dorpsgezichten.download.INSPIRE-Download-service-Beschermde-gebieden.checkdownloadurl: checkdownloadurl.feature:17 - path: $['Content-Type'][0], actual: 'application/xml;charset=UTF-8', expected: 'text/xml', reason: not equal
tmp.junit17863174098671850733.Rijksdienst-voor-het-Cultureel-Erfgoed.Stads--en-Dorpsgezichten.view.INSPIRE-View-service-Beschermde-gebieden.checkViewUrl: checkViewUrl.feature:18 - assert evaluated to false: filesize > 50
tmp.junit17863174098671850733.Rijksdienst-voor-het-Cultureel-Erfgoed.Rijksmonumenten--verouderd-.download.INSPIRE-Download-service-Beschermde-gebieden.checkdownloadurl: checkdownloadurl.feature:17 - path: $['Content-Type'][0], actual: 'application/xml;charset=UTF-8', expected: 'text/xml', reason: not equal
tmp.junit17863174098671850733.Rijksdienst-voor-het-Cultureel-Erfgoed.Rijksmonumenten--verouderd-.view.INSPIRE-View-service-Beschermde-gebieden.checkViewUrl: checkViewUrl.feature:18 - assert evaluated to false: filesize > 50
tmp.junit17863174098671850733.Beheer-PDOK--Rijkswaterstaat--Rijkswaterstaat--Beheer-PDOK--Rijkswaterstaat.Hydrografie---Netwerk--INSPIRE-geharmoniseerd----WT.download.Hydrografie---Netwerk-RWS--INSPIRE-geharmoniseerd--WFS.checkdownloadurl: checkdownloadurl.feature:16 - path: $['Content-Length'][0], actual: null, expected: '#notnull', reason: actual json-path does not exist
tmp.junit17863174098671850733.Beheer-PDOK--Rijkswaterstaat--Rijkswaterstaat--Beheer-PDOK--Rijkswaterstaat.Hydrografie---Netwerk--INSPIRE-geharmoniseerd----WT.download.Hydrografie---Netwerk--INSPIRE-geharmoniseerd----WT-ATOM.checkdownloadurl: checkdownloadurl.feature:16 - path: $['Content-Length'][0], actual: null, expected: '#notnull', reason: actual json-path does not exist
tmp.junit17863174098671850733.Beheer-PDOK--Rijkswaterstaat--Rijkswaterstaat--Beheer-PDOK--Rijkswaterstaat.Hydrografie---Netwerk--INSPIRE-geharmoniseerd----WT.view.Hydrografie---Netwerk-RWS--INSPIRE-geharmoniseerd--WMS.checkViewUrl: checkViewUrl.feature:16 - path: $['Content-Length'][0], actual: null, expected: '#notnull', reason: actual json-path does not exist
tmp.junit17863174098671850733.Beheer-PDOK--Rijkswaterstaat--Rijkswaterstaat--Beheer-PDOK--Rijkswaterstaat.Hydrografie---Netwerk--INSPIRE-geharmoniseerd----WT.view.Hydrografie---Netwerk--INSPIRE-geharmoniseerd----WT-WMS.checkViewUrl: checkViewUrl.feature:16 - path: $['Content-Length'][0], actual: null, expected: '#notnull', reason: actual json-path does not exist
tmp.junit17863174098671850733.Beheer-PDOK--Rijkswaterstaat--Rijkswaterstaat--Beheer-PDOK--Rijkswaterstaat.Hydrografie---Netwerk--INSPIRE-geharmoniseerd----WT.other.Hydrografie---Netwerk--INSPIRE-geharmoniseerd----WT-WFS.checkOtherUrl: checkOtherUrl.feature:16 - path: $['Content-Length'][0], actual: null, expected: '#notnull', reason: actual json-path does not exist

]]></system-out>
  </testcase>
</testsuite>